ARM GAS  C:\Users\dulan\AppData\Local\Temp\cc1yQeub.s 			page 1


   1              		.syntax unified
   2              		.cpu cortex-m3
   3              		.fpu softvfp
   4              		.eabi_attribute 20, 1
   5              		.eabi_attribute 21, 1
   6              		.eabi_attribute 23, 3
   7              		.eabi_attribute 24, 1
   8              		.eabi_attribute 25, 1
   9              		.eabi_attribute 26, 1
  10              		.eabi_attribute 30, 1
  11              		.eabi_attribute 34, 1
  12              		.eabi_attribute 18, 4
  13              		.thumb
  14              		.syntax unified
  15              		.file	"main.c"
  16              		.text
  17              	.Ltext0:
  18              		.cfi_sections	.debug_frame
  19              		.section	.text.isr_2_handler,"ax",%progbits
  20              		.align	2
  21              		.global	isr_2_handler
  22              		.thumb
  23              		.thumb_func
  24              		.type	isr_2_handler, %function
  25              	isr_2_handler:
  26              	.LFB65:
  27              		.file 1 "main.c"
   1:main.c        **** /* ========================================
   2:main.c        ****  *
   3:main.c        ****  * Copyright YOUR COMPANY, THE YEAR
   4:main.c        ****  * All Rights Reserved
   5:main.c        ****  * UNPUBLISHED, LICENSED SOFTWARE.
   6:main.c        ****  *
   7:main.c        ****  * CONFIDENTIAL AND PROPRIETARY INFORMATION
   8:main.c        ****  * WHICH IS THE PROPERTY OF your company.
   9:main.c        ****  *
  10:main.c        ****  * ========================================
  11:main.c        **** */
  12:main.c        **** /* ========================================
  13:main.c        ****  * Fully working code: 
  14:main.c        ****  * PWM      : 
  15:main.c        ****  * Encoder  : 
  16:main.c        ****  * ADC      :
  17:main.c        ****  * USB      : port displays speed and position.
  18:main.c        ****  * CMD: "PW xx"
  19:main.c        ****  * Copyright Univ of Auckland, 2016
  20:main.c        ****  * All Rights Reserved
  21:main.c        ****  * UNPUBLISHED, LICENSED SOFTWARE.
  22:main.c        ****  *
  23:main.c        ****  * CONFIDENTIAL AND PROPRIETARY INFORMATION
  24:main.c        ****  * WHICH IS THE PROPERTY OF Univ of Auckland.
  25:main.c        ****  *
  26:main.c        ****  * ========================================
  27:main.c        **** */
  28:main.c        **** #include <stdio.h>
  29:main.c        **** #include <string.h>
  30:main.c        **** #include <stdlib.h>
ARM GAS  C:\Users\dulan\AppData\Local\Temp\cc1yQeub.s 			page 2


  31:main.c        **** #include <project.h>
  32:main.c        **** #include <stdbool.h>
  33:main.c        **** #include <math.h>
  34:main.c        **** #include "project.h"
  35:main.c        **** #include <cytypes.h> // Include the appropriate header for your platform
  36:main.c        **** 
  37:main.c        **** //distance calculation paras
  38:main.c        **** int32 encoderCounts_M1 = 0;  
  39:main.c        **** int32 encoderCounts_M2 = 0;  
  40:main.c        **** int32 CPR = 228;  // Adjusted for 4x resolution(228/4)
  41:main.c        **** float wheelCircumference_cm = (M_PI*64.46)/10;// wheel circumference wheelDiameter_mm = 64.46)
  42:main.c        **** double timeInterval_s = 10.924;  // Effective time interval( (timer period )2.731*4)
  43:main.c        **** float32  distance_M1 = 0;
  44:main.c        **** float32  distance_M2 = 0;
  45:main.c        **** float32  current_distance_M1 = 0;
  46:main.c        **** float32  current_distance_M2 = 0;
  47:main.c        **** float32 target_diatance = 0;//cm
  48:main.c        **** float32 speed_M1 = 0;
  49:main.c        **** float32 speed_M2 = 0;
  50:main.c        **** int32 encoder_value_sum_M1 = 0;
  51:main.c        **** int32 encoder_value_sum_M2 = 0;
  52:main.c        **** uint8 counter = 1;
  53:main.c        **** 
  54:main.c        **** // Define states for the state machine
  55:main.c        **** typedef enum {
  56:main.c        ****     GO_STRAIGHT,
  57:main.c        ****     TURN_LEFT,
  58:main.c        ****     TURN_RIGHT,
  59:main.c        ****     RIGHT_ADJUST,
  60:main.c        ****     LEFT_ADJUST,
  61:main.c        ****     STOP,
  62:main.c        **** } RobotState;
  63:main.c        **** 
  64:main.c        **** RobotState current_state = STOP;// intialse state
  65:main.c        **** 
  66:main.c        **** uint32 count = 0;
  67:main.c        **** uint32 turn_counter = 0;
  68:main.c        **** bool left_on=false;
  69:main.c        **** bool right_on;
  70:main.c        **** bool middle_on;
  71:main.c        **** bool turn_complete;
  72:main.c        **** 
  73:main.c        **** uint8 comp0_sum;
  74:main.c        **** uint8 comp1_sum;
  75:main.c        **** uint8 comp2_sum;
  76:main.c        **** uint8 comp3_sum;
  77:main.c        **** 
  78:main.c        **** uint8 PWM_R;
  79:main.c        **** uint8 PWM_L;
  80:main.c        **** 
  81:main.c        **** 
  82:main.c        **** CY_ISR(isr_3_handler) {
  83:main.c        ****     if (counter < 20){
  84:main.c        ****         counter++;
  85:main.c        ****     }else{
  86:main.c        ****         counter = 1;
  87:main.c        ****         // Encoder counts (negative due to counterclockwise rotation)
ARM GAS  C:\Users\dulan\AppData\Local\Temp\cc1yQeub.s 			page 3


  88:main.c        ****         encoderCounts_M1 = abs(QuadDec_M1_GetCounter());//QuadDec_M1_GetCounter();
  89:main.c        ****         encoderCounts_M2 = abs(QuadDec_M2_GetCounter());
  90:main.c        ****         
  91:main.c        ****         // sum of encodercounts
  92:main.c        ****         encoder_value_sum_M1 += encoderCounts_M1;
  93:main.c        ****         encoder_value_sum_M2 += encoderCounts_M2;
  94:main.c        ****         
  95:main.c        ****         // distance calculations 
  96:main.c        ****         distance_M1 = (encoder_value_sum_M1/CPR) * wheelCircumference_cm;
  97:main.c        ****         distance_M2 = (encoder_value_sum_M2/CPR) * wheelCircumference_cm;
  98:main.c        **** 
  99:main.c        ****         //reset the encoder counters 
 100:main.c        ****         QuadDec_M1_SetCounter(0);
 101:main.c        ****         QuadDec_M2_SetCounter(0);     
 102:main.c        ****     }
 103:main.c        ****         Timer_1_ReadStatusRegister();
 104:main.c        **** }
 105:main.c        **** 
 106:main.c        **** 
 107:main.c        **** CY_ISR(isr_2_handler) {
  28              		.loc 1 107 0
  29              		.cfi_startproc
  30              		@ args = 0, pretend = 0, frame = 0
  31              		@ frame_needed = 0, uses_anonymous_args = 0
  32              		@ link register save eliminated.
 108:main.c        ****     //every 1ms 
 109:main.c        ****     if(left_on==true){
  33              		.loc 1 109 0
  34 0000 0E4B     		ldr	r3, .L4
  35 0002 1B78     		ldrb	r3, [r3]	@ zero_extendqisi2
  36 0004 C3B1     		cbz	r3, .L1
 110:main.c        ****         if(turn_counter==0){
  37              		.loc 1 110 0
  38 0006 0D4B     		ldr	r3, .L4
  39 0008 5B68     		ldr	r3, [r3, #4]
  40 000a 2BB9     		cbnz	r3, .L3
 111:main.c        ****             PWM_L=50;
  41              		.loc 1 111 0
  42 000c 3221     		movs	r1, #50
  43 000e 0C4A     		ldr	r2, .L4+4
  44 0010 1170     		strb	r1, [r2]
 112:main.c        ****             PWM_R=80; 
  45              		.loc 1 112 0
  46 0012 5021     		movs	r1, #80
  47 0014 0B4A     		ldr	r2, .L4+8
  48 0016 1170     		strb	r1, [r2]
  49              	.L3:
 113:main.c        ****            // LED_1_Write(1);
 114:main.c        ****         }
 115:main.c        ****         turn_counter++;
  50              		.loc 1 115 0
  51 0018 0133     		adds	r3, r3, #1
  52 001a 084A     		ldr	r2, .L4
  53 001c 5360     		str	r3, [r2, #4]
 116:main.c        ****         if(turn_counter==650){
  54              		.loc 1 116 0
  55 001e 40F28A22 		movw	r2, #650
ARM GAS  C:\Users\dulan\AppData\Local\Temp\cc1yQeub.s 			page 4


  56 0022 9342     		cmp	r3, r2
  57 0024 08D1     		bne	.L1
 117:main.c        ****             left_on=false;
  58              		.loc 1 117 0
  59 0026 054B     		ldr	r3, .L4
  60 0028 0022     		movs	r2, #0
  61 002a 1A70     		strb	r2, [r3]
 118:main.c        ****             PWM_L=50;
  62              		.loc 1 118 0
  63 002c 3221     		movs	r1, #50
  64 002e 0448     		ldr	r0, .L4+4
  65 0030 0170     		strb	r1, [r0]
 119:main.c        ****             PWM_R=50;
  66              		.loc 1 119 0
  67 0032 0448     		ldr	r0, .L4+8
  68 0034 0170     		strb	r1, [r0]
 120:main.c        ****             turn_counter=0;
  69              		.loc 1 120 0
  70 0036 5A60     		str	r2, [r3, #4]
  71              	.L1:
  72 0038 7047     		bx	lr
  73              	.L5:
  74 003a 00BF     		.align	2
  75              	.L4:
  76 003c 00000000 		.word	.LANCHOR0
  77 0040 00000000 		.word	PWM_L
  78 0044 00000000 		.word	PWM_R
  79              		.cfi_endproc
  80              	.LFE65:
  81              		.size	isr_2_handler, .-isr_2_handler
  82              		.global	__aeabi_i2f
  83              		.global	__aeabi_fmul
  84              		.section	.text.isr_3_handler,"ax",%progbits
  85              		.align	2
  86              		.global	isr_3_handler
  87              		.thumb
  88              		.thumb_func
  89              		.type	isr_3_handler, %function
  90              	isr_3_handler:
  91              	.LFB64:
  82:main.c        ****     if (counter < 20){
  92              		.loc 1 82 0
  93              		.cfi_startproc
  94              		@ args = 0, pretend = 0, frame = 0
  95              		@ frame_needed = 0, uses_anonymous_args = 0
  96 0000 F8B5     		push	{r3, r4, r5, r6, r7, lr}
  97              		.cfi_def_cfa_offset 24
  98              		.cfi_offset 3, -24
  99              		.cfi_offset 4, -20
 100              		.cfi_offset 5, -16
 101              		.cfi_offset 6, -12
 102              		.cfi_offset 7, -8
 103              		.cfi_offset 14, -4
  83:main.c        ****         counter++;
 104              		.loc 1 83 0
 105 0002 1D4B     		ldr	r3, .L10
 106 0004 1B78     		ldrb	r3, [r3]	@ zero_extendqisi2
ARM GAS  C:\Users\dulan\AppData\Local\Temp\cc1yQeub.s 			page 5


 107 0006 132B     		cmp	r3, #19
 108 0008 03D8     		bhi	.L7
  84:main.c        ****     }else{
 109              		.loc 1 84 0
 110 000a 0133     		adds	r3, r3, #1
 111 000c 1A4A     		ldr	r2, .L10
 112 000e 1370     		strb	r3, [r2]
 113 0010 2EE0     		b	.L8
 114              	.L7:
  86:main.c        ****         // Encoder counts (negative due to counterclockwise rotation)
 115              		.loc 1 86 0
 116 0012 194E     		ldr	r6, .L10
 117 0014 0123     		movs	r3, #1
 118 0016 3370     		strb	r3, [r6]
  88:main.c        ****         encoderCounts_M2 = abs(QuadDec_M2_GetCounter());
 119              		.loc 1 88 0
 120 0018 FFF7FEFF 		bl	QuadDec_M1_GetCounter
 121              	.LVL0:
 122 001c 0028     		cmp	r0, #0
 123 001e B8BF     		it	lt
 124 0020 4042     		rsblt	r0, r0, #0
 125 0022 164C     		ldr	r4, .L10+4
 126 0024 A060     		str	r0, [r4, #8]
  89:main.c        ****         
 127              		.loc 1 89 0
 128 0026 FFF7FEFF 		bl	QuadDec_M2_GetCounter
 129              	.LVL1:
 130 002a 0028     		cmp	r0, #0
 131 002c B8BF     		it	lt
 132 002e 4042     		rsblt	r0, r0, #0
 133 0030 E060     		str	r0, [r4, #12]
  92:main.c        ****         encoder_value_sum_M2 += encoderCounts_M2;
 134              		.loc 1 92 0
 135 0032 2269     		ldr	r2, [r4, #16]
 136 0034 A368     		ldr	r3, [r4, #8]
 137 0036 1A44     		add	r2, r2, r3
 138 0038 2261     		str	r2, [r4, #16]
  93:main.c        ****         
 139              		.loc 1 93 0
 140 003a 6369     		ldr	r3, [r4, #20]
 141 003c C518     		adds	r5, r0, r3
 142 003e 6561     		str	r5, [r4, #20]
  96:main.c        ****         distance_M2 = (encoder_value_sum_M2/CPR) * wheelCircumference_cm;
 143              		.loc 1 96 0
 144 0040 7768     		ldr	r7, [r6, #4]
 145 0042 B668     		ldr	r6, [r6, #8]	@ float
 146 0044 92FBF7F0 		sdiv	r0, r2, r7
 147 0048 FFF7FEFF 		bl	__aeabi_i2f
 148              	.LVL2:
 149 004c 3146     		mov	r1, r6
 150 004e FFF7FEFF 		bl	__aeabi_fmul
 151              	.LVL3:
 152 0052 A061     		str	r0, [r4, #24]	@ float
  97:main.c        **** 
 153              		.loc 1 97 0
 154 0054 95FBF7F0 		sdiv	r0, r5, r7
 155 0058 FFF7FEFF 		bl	__aeabi_i2f
ARM GAS  C:\Users\dulan\AppData\Local\Temp\cc1yQeub.s 			page 6


 156              	.LVL4:
 157 005c 3146     		mov	r1, r6
 158 005e FFF7FEFF 		bl	__aeabi_fmul
 159              	.LVL5:
 160 0062 E061     		str	r0, [r4, #28]	@ float
 100:main.c        ****         QuadDec_M2_SetCounter(0);     
 161              		.loc 1 100 0
 162 0064 0020     		movs	r0, #0
 163 0066 FFF7FEFF 		bl	QuadDec_M1_SetCounter
 164              	.LVL6:
 101:main.c        ****     }
 165              		.loc 1 101 0
 166 006a 0020     		movs	r0, #0
 167 006c FFF7FEFF 		bl	QuadDec_M2_SetCounter
 168              	.LVL7:
 169              	.L8:
 103:main.c        **** }
 170              		.loc 1 103 0
 171 0070 FFF7FEFF 		bl	Timer_1_ReadStatusRegister
 172              	.LVL8:
 173 0074 F8BD     		pop	{r3, r4, r5, r6, r7, pc}
 174              	.L11:
 175 0076 00BF     		.align	2
 176              	.L10:
 177 0078 00000000 		.word	.LANCHOR1
 178 007c 00000000 		.word	.LANCHOR0
 179              		.cfi_endproc
 180              	.LFE64:
 181              		.size	isr_3_handler, .-isr_3_handler
 182              		.section	.text.isr_1_handler,"ax",%progbits
 183              		.align	2
 184              		.global	isr_1_handler
 185              		.thumb
 186              		.thumb_func
 187              		.type	isr_1_handler, %function
 188              	isr_1_handler:
 189              	.LFB66:
 121:main.c        ****             //LED_1_Write(0);
 122:main.c        ****         }
 123:main.c        ****         
 124:main.c        ****     }
 125:main.c        **** }
 126:main.c        **** 
 127:main.c        **** 
 128:main.c        **** CY_ISR(isr_1_handler) {
 190              		.loc 1 128 0
 191              		.cfi_startproc
 192              		@ args = 0, pretend = 0, frame = 0
 193              		@ frame_needed = 0, uses_anonymous_args = 0
 194 0000 08B5     		push	{r3, lr}
 195              		.cfi_def_cfa_offset 8
 196              		.cfi_offset 3, -8
 197              		.cfi_offset 14, -4
 129:main.c        ****     //every 1ms 
 130:main.c        ****     
 131:main.c        ****     //sum up comp values every 1ms
 132:main.c        ****     comp0_sum+=Comp_0_GetCompare();
ARM GAS  C:\Users\dulan\AppData\Local\Temp\cc1yQeub.s 			page 7


 198              		.loc 1 132 0
 199 0002 FFF7FEFF 		bl	Comp_0_GetCompare
 200              	.LVL9:
 201 0006 164A     		ldr	r2, .L15
 202 0008 1378     		ldrb	r3, [r2]	@ zero_extendqisi2
 203 000a 1844     		add	r0, r0, r3
 204 000c 1070     		strb	r0, [r2]
 133:main.c        ****     comp1_sum+=Comp_1_GetCompare();
 205              		.loc 1 133 0
 206 000e FFF7FEFF 		bl	Comp_1_GetCompare
 207              	.LVL10:
 208 0012 144A     		ldr	r2, .L15+4
 209 0014 1378     		ldrb	r3, [r2]	@ zero_extendqisi2
 210 0016 1844     		add	r0, r0, r3
 211 0018 1070     		strb	r0, [r2]
 134:main.c        ****     comp2_sum+=Comp_2_GetCompare();
 212              		.loc 1 134 0
 213 001a FFF7FEFF 		bl	Comp_2_GetCompare
 214              	.LVL11:
 215 001e 124A     		ldr	r2, .L15+8
 216 0020 1378     		ldrb	r3, [r2]	@ zero_extendqisi2
 217 0022 1844     		add	r0, r0, r3
 218 0024 1070     		strb	r0, [r2]
 135:main.c        ****     comp3_sum+=Comp_3_GetCompare();
 219              		.loc 1 135 0
 220 0026 FFF7FEFF 		bl	Comp_3_GetCompare
 221              	.LVL12:
 222 002a 104A     		ldr	r2, .L15+12
 223 002c 1378     		ldrb	r3, [r2]	@ zero_extendqisi2
 224 002e 1844     		add	r0, r0, r3
 225 0030 1070     		strb	r0, [r2]
 136:main.c        ****     
 137:main.c        ****     
 138:main.c        ****     if(count==8){
 226              		.loc 1 138 0
 227 0032 0F4B     		ldr	r3, .L15+16
 228 0034 1B6A     		ldr	r3, [r3, #32]
 229 0036 082B     		cmp	r3, #8
 230 0038 0AD1     		bne	.L13
 139:main.c        ****         //reset to check again every 8ms
 140:main.c        ****         comp0_sum=0;
 231              		.loc 1 140 0
 232 003a 0023     		movs	r3, #0
 233 003c 084A     		ldr	r2, .L15
 234 003e 1370     		strb	r3, [r2]
 141:main.c        ****         comp1_sum=0;
 235              		.loc 1 141 0
 236 0040 084A     		ldr	r2, .L15+4
 237 0042 1370     		strb	r3, [r2]
 142:main.c        ****         comp2_sum=0;
 238              		.loc 1 142 0
 239 0044 084A     		ldr	r2, .L15+8
 240 0046 1370     		strb	r3, [r2]
 143:main.c        ****         comp3_sum=0;
 241              		.loc 1 143 0
 242 0048 084A     		ldr	r2, .L15+12
 243 004a 1370     		strb	r3, [r2]
ARM GAS  C:\Users\dulan\AppData\Local\Temp\cc1yQeub.s 			page 8


 144:main.c        ****         count=0;
 244              		.loc 1 144 0
 245 004c 084A     		ldr	r2, .L15+16
 246 004e 1362     		str	r3, [r2, #32]
 247              	.L13:
 145:main.c        ****     }
 146:main.c        ****    
 147:main.c        **** 
 148:main.c        ****     count++;
 248              		.loc 1 148 0
 249 0050 074A     		ldr	r2, .L15+16
 250 0052 136A     		ldr	r3, [r2, #32]
 251 0054 0133     		adds	r3, r3, #1
 252 0056 1362     		str	r3, [r2, #32]
 149:main.c        ****     Timer_1_ReadStatusRegister();
 253              		.loc 1 149 0
 254 0058 FFF7FEFF 		bl	Timer_1_ReadStatusRegister
 255              	.LVL13:
 256 005c 08BD     		pop	{r3, pc}
 257              	.L16:
 258 005e 00BF     		.align	2
 259              	.L15:
 260 0060 00000000 		.word	comp0_sum
 261 0064 00000000 		.word	comp1_sum
 262 0068 00000000 		.word	comp2_sum
 263 006c 00000000 		.word	comp3_sum
 264 0070 00000000 		.word	.LANCHOR0
 265              		.cfi_endproc
 266              	.LFE66:
 267              		.size	isr_1_handler, .-isr_1_handler
 268              		.section	.text.stop,"ax",%progbits
 269              		.align	2
 270              		.global	stop
 271              		.thumb
 272              		.thumb_func
 273              		.type	stop, %function
 274              	stop:
 275              	.LFB67:
 150:main.c        **** }
 151:main.c        **** 
 152:main.c        **** void stop(){
 276              		.loc 1 152 0
 277              		.cfi_startproc
 278              		@ args = 0, pretend = 0, frame = 0
 279              		@ frame_needed = 0, uses_anonymous_args = 0
 280              		@ link register save eliminated.
 153:main.c        ****     PWM_R=50;
 281              		.loc 1 153 0
 282 0000 3223     		movs	r3, #50
 283 0002 024A     		ldr	r2, .L18
 284 0004 1370     		strb	r3, [r2]
 154:main.c        ****     PWM_L=50;
 285              		.loc 1 154 0
 286 0006 024A     		ldr	r2, .L18+4
 287 0008 1370     		strb	r3, [r2]
 288 000a 7047     		bx	lr
 289              	.L19:
ARM GAS  C:\Users\dulan\AppData\Local\Temp\cc1yQeub.s 			page 9


 290              		.align	2
 291              	.L18:
 292 000c 00000000 		.word	PWM_R
 293 0010 00000000 		.word	PWM_L
 294              		.cfi_endproc
 295              	.LFE67:
 296              		.size	stop, .-stop
 297              		.section	.text.turnLeft,"ax",%progbits
 298              		.align	2
 299              		.global	turnLeft
 300              		.thumb
 301              		.thumb_func
 302              		.type	turnLeft, %function
 303              	turnLeft:
 304              	.LFB68:
 155:main.c        **** }
 156:main.c        **** void turnLeft(){
 305              		.loc 1 156 0
 306              		.cfi_startproc
 307              		@ args = 0, pretend = 0, frame = 0
 308              		@ frame_needed = 0, uses_anonymous_args = 0
 309              		@ link register save eliminated.
 157:main.c        ****     
 158:main.c        ****     if(turn_complete){
 310              		.loc 1 158 0
 311 0000 034B     		ldr	r3, .L22
 312 0002 1B78     		ldrb	r3, [r3]	@ zero_extendqisi2
 313 0004 13B1     		cbz	r3, .L20
 159:main.c        ****        left_on=false;
 314              		.loc 1 159 0
 315 0006 0022     		movs	r2, #0
 316 0008 024B     		ldr	r3, .L22+4
 317 000a 1A70     		strb	r2, [r3]
 318              	.L20:
 319 000c 7047     		bx	lr
 320              	.L23:
 321 000e 00BF     		.align	2
 322              	.L22:
 323 0010 00000000 		.word	turn_complete
 324 0014 00000000 		.word	.LANCHOR0
 325              		.cfi_endproc
 326              	.LFE68:
 327              		.size	turnLeft, .-turnLeft
 328              		.section	.text.goStraight,"ax",%progbits
 329              		.align	2
 330              		.global	goStraight
 331              		.thumb
 332              		.thumb_func
 333              		.type	goStraight, %function
 334              	goStraight:
 335              	.LFB69:
 160:main.c        ****     }
 161:main.c        ****     
 162:main.c        **** }
 163:main.c        **** 
 164:main.c        **** void goStraight(){
 336              		.loc 1 164 0
ARM GAS  C:\Users\dulan\AppData\Local\Temp\cc1yQeub.s 			page 10


 337              		.cfi_startproc
 338              		@ args = 0, pretend = 0, frame = 0
 339              		@ frame_needed = 0, uses_anonymous_args = 0
 340              		@ link register save eliminated.
 165:main.c        ****     //comp0==>middle left comp1==>middle right
 166:main.c        ****     if(comp0_sum>0 && comp1_sum==0){//s_ML out of line
 341              		.loc 1 166 0
 342 0000 0F4B     		ldr	r3, .L28
 343 0002 1B78     		ldrb	r3, [r3]	@ zero_extendqisi2
 344 0004 3BB1     		cbz	r3, .L25
 345              		.loc 1 166 0 is_stmt 0 discriminator 1
 346 0006 0F4A     		ldr	r2, .L28+4
 347 0008 1278     		ldrb	r2, [r2]	@ zero_extendqisi2
 348 000a 22B9     		cbnz	r2, .L25
 167:main.c        ****         PWM_L=PWM_L+1;
 349              		.loc 1 167 0 is_stmt 1
 350 000c 0E4A     		ldr	r2, .L28+8
 351 000e 1378     		ldrb	r3, [r2]	@ zero_extendqisi2
 352 0010 0133     		adds	r3, r3, #1
 353 0012 1370     		strb	r3, [r2]
 354 0014 7047     		bx	lr
 355              	.L25:
 168:main.c        ****     }else if(comp0_sum==0 && comp1_sum>0){//s_MR out of line
 356              		.loc 1 168 0
 357 0016 3BB9     		cbnz	r3, .L27
 358              		.loc 1 168 0 is_stmt 0 discriminator 1
 359 0018 0A4A     		ldr	r2, .L28+4
 360 001a 1278     		ldrb	r2, [r2]	@ zero_extendqisi2
 361 001c 22B1     		cbz	r2, .L27
 169:main.c        ****         PWM_R=PWM_R+1;
 362              		.loc 1 169 0 is_stmt 1
 363 001e 0B4A     		ldr	r2, .L28+12
 364 0020 1378     		ldrb	r3, [r2]	@ zero_extendqisi2
 365 0022 0133     		adds	r3, r3, #1
 366 0024 1370     		strb	r3, [r2]
 367 0026 7047     		bx	lr
 368              	.L27:
 170:main.c        ****         
 171:main.c        ****     }else if(comp1_sum==0 && comp0_sum==0){
 369              		.loc 1 171 0
 370 0028 064A     		ldr	r2, .L28+4
 371 002a 1278     		ldrb	r2, [r2]	@ zero_extendqisi2
 372 002c 32B9     		cbnz	r2, .L24
 373              		.loc 1 171 0 is_stmt 0 discriminator 1
 374 002e 2BB9     		cbnz	r3, .L24
 172:main.c        ****         PWM_R=70;
 375              		.loc 1 172 0 is_stmt 1
 376 0030 4622     		movs	r2, #70
 377 0032 064B     		ldr	r3, .L28+12
 378 0034 1A70     		strb	r2, [r3]
 173:main.c        ****         PWM_L=71;
 379              		.loc 1 173 0
 380 0036 4722     		movs	r2, #71
 381 0038 034B     		ldr	r3, .L28+8
 382 003a 1A70     		strb	r2, [r3]
 383              	.L24:
 384 003c 7047     		bx	lr
ARM GAS  C:\Users\dulan\AppData\Local\Temp\cc1yQeub.s 			page 11


 385              	.L29:
 386 003e 00BF     		.align	2
 387              	.L28:
 388 0040 00000000 		.word	comp0_sum
 389 0044 00000000 		.word	comp1_sum
 390 0048 00000000 		.word	PWM_L
 391 004c 00000000 		.word	PWM_R
 392              		.cfi_endproc
 393              	.LFE69:
 394              		.size	goStraight, .-goStraight
 395              		.section	.text.go_distance,"ax",%progbits
 396              		.align	2
 397              		.global	go_distance
 398              		.thumb
 399              		.thumb_func
 400              		.type	go_distance, %function
 401              	go_distance:
 402              	.LFB70:
 174:main.c        ****     }
 175:main.c        ****      
 176:main.c        **** }
 177:main.c        **** void go_distance(float32 distance){
 403              		.loc 1 177 0
 404              		.cfi_startproc
 405              		@ args = 0, pretend = 0, frame = 0
 406              		@ frame_needed = 0, uses_anonymous_args = 0
 407              		@ link register save eliminated.
 408              	.LVL14:
 178:main.c        ****     distance_M1=0;
 409              		.loc 1 178 0
 410 0000 024B     		ldr	r3, .L31
 411 0002 0022     		movs	r2, #0
 412 0004 9A61     		str	r2, [r3, #24]	@ float
 179:main.c        ****     target_diatance=distance;
 413              		.loc 1 179 0
 414 0006 5862     		str	r0, [r3, #36]	@ float
 415 0008 7047     		bx	lr
 416              	.L32:
 417 000a 00BF     		.align	2
 418              	.L31:
 419 000c 00000000 		.word	.LANCHOR0
 420              		.cfi_endproc
 421              	.LFE70:
 422              		.size	go_distance, .-go_distance
 423              		.global	__aeabi_fcmpge
 424              		.global	__aeabi_fcmpeq
 425              		.section	.text.main,"ax",%progbits
 426              		.align	2
 427              		.global	main
 428              		.thumb
 429              		.thumb_func
 430              		.type	main, %function
 431              	main:
 432              	.LFB71:
 180:main.c        **** }
 181:main.c        **** 
 182:main.c        **** 
ARM GAS  C:\Users\dulan\AppData\Local\Temp\cc1yQeub.s 			page 12


 183:main.c        **** 
 184:main.c        **** 
 185:main.c        **** int main(void)
 186:main.c        **** {
 433              		.loc 1 186 0
 434              		.cfi_startproc
 435              		@ Volatile: function does not return.
 436              		@ args = 0, pretend = 0, frame = 0
 437              		@ frame_needed = 0, uses_anonymous_args = 0
 438 0000 08B5     		push	{r3, lr}
 439              		.cfi_def_cfa_offset 8
 440              		.cfi_offset 3, -8
 441              		.cfi_offset 14, -4
 187:main.c        ****     CyGlobalIntEnable; /* Enable global interrupts. */
 442              		.loc 1 187 0
 443              		.syntax unified
 444              	@ 187 "main.c" 1
 445 0002 62B6     		CPSIE   i
 446              	@ 0 "" 2
 188:main.c        **** 
 189:main.c        ****     /* Place your initialization/startup code here (e.g. MyInst_Start()) */
 190:main.c        ****     Timer_1_Start();
 447              		.loc 1 190 0
 448              		.thumb
 449              		.syntax unified
 450 0004 FFF7FEFF 		bl	Timer_1_Start
 451              	.LVL15:
 191:main.c        ****     
 192:main.c        ****     isr_1_StartEx(isr_1_handler);
 452              		.loc 1 192 0
 453 0008 3C48     		ldr	r0, .L47
 454 000a FFF7FEFF 		bl	isr_1_StartEx
 455              	.LVL16:
 193:main.c        ****     isr_3_StartEx(isr_3_handler);
 456              		.loc 1 193 0
 457 000e 3C48     		ldr	r0, .L47+4
 458 0010 FFF7FEFF 		bl	isr_3_StartEx
 459              	.LVL17:
 194:main.c        ****     isr_2_StartEx(isr_2_handler);
 460              		.loc 1 194 0
 461 0014 3B48     		ldr	r0, .L47+8
 462 0016 FFF7FEFF 		bl	isr_2_StartEx
 463              	.LVL18:
 195:main.c        ****     
 196:main.c        ****     //start comparators
 197:main.c        ****     Comp_0_Start();
 464              		.loc 1 197 0
 465 001a FFF7FEFF 		bl	Comp_0_Start
 466              	.LVL19:
 198:main.c        ****     Comp_1_Start();
 467              		.loc 1 198 0
 468 001e FFF7FEFF 		bl	Comp_1_Start
 469              	.LVL20:
 199:main.c        ****     Comp_2_Start();
 470              		.loc 1 199 0
 471 0022 FFF7FEFF 		bl	Comp_2_Start
 472              	.LVL21:
ARM GAS  C:\Users\dulan\AppData\Local\Temp\cc1yQeub.s 			page 13


 200:main.c        ****     Comp_3_Start();
 473              		.loc 1 200 0
 474 0026 FFF7FEFF 		bl	Comp_3_Start
 475              	.LVL22:
 201:main.c        ****     
 202:main.c        ****     /*Start PWM Clk*/
 203:main.c        ****     Clock_PWM_Start(); 
 476              		.loc 1 203 0
 477 002a FFF7FEFF 		bl	Clock_PWM_Start
 478              	.LVL23:
 204:main.c        ****     //Start PWM
 205:main.c        ****     PWM_1_Start();
 479              		.loc 1 205 0
 480 002e FFF7FEFF 		bl	PWM_1_Start
 481              	.LVL24:
 206:main.c        ****     PWM_2_Start();
 482              		.loc 1 206 0
 483 0032 FFF7FEFF 		bl	PWM_2_Start
 484              	.LVL25:
 207:main.c        ****     
 208:main.c        ****     // write comparision int for MC33926 duty cycle must me larger than 10% and less than 90%
 209:main.c        **** 
 210:main.c        ****     
 211:main.c        ****     PWM_1_WritePeriod(100);
 485              		.loc 1 211 0
 486 0036 6420     		movs	r0, #100
 487 0038 FFF7FEFF 		bl	PWM_1_WritePeriod
 488              	.LVL26:
 212:main.c        ****     PWM_2_WritePeriod(100);
 489              		.loc 1 212 0
 490 003c 6420     		movs	r0, #100
 491 003e FFF7FEFF 		bl	PWM_2_WritePeriod
 492              	.LVL27:
 213:main.c        ****     
 214:main.c        ****     QuadDec_M1_Start();
 493              		.loc 1 214 0
 494 0042 FFF7FEFF 		bl	QuadDec_M1_Start
 495              	.LVL28:
 215:main.c        ****     QuadDec_M2_Start();
 496              		.loc 1 215 0
 497 0046 FFF7FEFF 		bl	QuadDec_M2_Start
 498              	.LVL29:
 216:main.c        ****     
 217:main.c        ****     go_distance(00);
 499              		.loc 1 217 0
 500 004a 0020     		movs	r0, #0
 501 004c FFF7FEFF 		bl	go_distance
 502              	.LVL30:
 503              	.L43:
 218:main.c        ****     
 219:main.c        ****     for(;;)
 220:main.c        ****     {
 221:main.c        ****           //comp0 and comp1 =0  => straight
 222:main.c        ****            //comp2=0 => left
 223:main.c        ****            //comp3=0 => right
 224:main.c        **** //           /* Place your application code here. */
 225:main.c        **** //         if(comp1_sum==0 && comp0_sum==0){
ARM GAS  C:\Users\dulan\AppData\Local\Temp\cc1yQeub.s 			page 14


 226:main.c        **** //                current_state = GO_STRAIGHT;
 227:main.c        **** //        }else if(comp2_sum == 0) {
 228:main.c        **** //                current_state = TURN_LEFT;
 229:main.c        **** //        }else if(comp3_sum==0){
 230:main.c        **** //                current_state = TURN_RIGHT;
 231:main.c        **** //        }else if(comp0_sum>0 && comp1_sum>0 && comp2_sum>0 && comp3_sum>0){
 232:main.c        **** //                current_state = STOP;
 233:main.c        **** //        }
 234:main.c        **** //        else if(comp0_sum>0 && comp1_sum==0){//s_ML out of line
 235:main.c        **** //                current_state = LEFT_ADJUST;
 236:main.c        **** //        }else if(comp0_sum==0 && comp1_sum>0){//s_MR out of line
 237:main.c        **** //                current_state = RIGHT_ADJUST;
 238:main.c        **** //        }
 239:main.c        **** //     
 240:main.c        **** //        switch (current_state) {
 241:main.c        **** //            case GO_STRAIGHT:
 242:main.c        **** //                PWM_R=70;
 243:main.c        **** //                PWM_L=71; 
 244:main.c        **** //                break;
 245:main.c        **** //            case TURN_LEFT:
 246:main.c        **** //                PWM_L=20; 
 247:main.c        **** //                PWM_R=70;
 248:main.c        **** //                CyDelay(200);
 249:main.c        **** //                break;    
 250:main.c        **** //            case TURN_RIGHT:
 251:main.c        **** //                PWM_L=70;
 252:main.c        **** //                PWM_R=20; 
 253:main.c        **** //                CyDelay(200);
 254:main.c        **** //                break;  
 255:main.c        **** //            case STOP:
 256:main.c        **** //                PWM_R=50;
 257:main.c        **** //                PWM_L=50; 
 258:main.c        **** //                break;
 259:main.c        **** //            case LEFT_ADJUST:
 260:main.c        **** //                PWM_L=PWM_L+1; 
 261:main.c        **** //                break; 
 262:main.c        **** //            case RIGHT_ADJUST:
 263:main.c        **** //                PWM_R=PWM_R+1;
 264:main.c        **** //                break; 
 265:main.c        **** //        }
 266:main.c        ****         
 267:main.c        ****             if(comp2_sum==0){
 504              		.loc 1 267 0
 505 0050 2D4B     		ldr	r3, .L47+12
 506 0052 1B78     		ldrb	r3, [r3]	@ zero_extendqisi2
 507 0054 33B9     		cbnz	r3, .L34
 268:main.c        ****                 //left_on=true;
 269:main.c        ****                 PWM_R=71;
 508              		.loc 1 269 0
 509 0056 4722     		movs	r2, #71
 510 0058 2C4B     		ldr	r3, .L47+16
 511 005a 1A70     		strb	r2, [r3]
 270:main.c        ****                 PWM_L=10;  
 512              		.loc 1 270 0
 513 005c 0A22     		movs	r2, #10
 514 005e 2C4B     		ldr	r3, .L47+20
 515 0060 1A70     		strb	r2, [r3]
ARM GAS  C:\Users\dulan\AppData\Local\Temp\cc1yQeub.s 			page 15


 516 0062 30E0     		b	.L35
 517              	.L34:
 271:main.c        ****             }else if(comp3_sum==0){
 518              		.loc 1 271 0
 519 0064 2B4A     		ldr	r2, .L47+24
 520 0066 1278     		ldrb	r2, [r2]	@ zero_extendqisi2
 521 0068 2AB9     		cbnz	r2, .L36
 272:main.c        ****                 PWM_R=0;
 522              		.loc 1 272 0
 523 006a 284B     		ldr	r3, .L47+16
 524 006c 1A70     		strb	r2, [r3]
 273:main.c        ****                 PWM_L=86;  
 525              		.loc 1 273 0
 526 006e 5622     		movs	r2, #86
 527 0070 274B     		ldr	r3, .L47+20
 528 0072 1A70     		strb	r2, [r3]
 529 0074 27E0     		b	.L35
 530              	.L36:
 274:main.c        ****             }else if(comp0_sum>0 && comp1_sum==0){//s_ML out of line
 531              		.loc 1 274 0
 532 0076 2849     		ldr	r1, .L47+28
 533 0078 0978     		ldrb	r1, [r1]	@ zero_extendqisi2
 534 007a 39B1     		cbz	r1, .L37
 535              		.loc 1 274 0 is_stmt 0 discriminator 1
 536 007c 2748     		ldr	r0, .L47+32
 537 007e 0078     		ldrb	r0, [r0]	@ zero_extendqisi2
 538 0080 20B9     		cbnz	r0, .L37
 275:main.c        ****                 PWM_L=PWM_L+1;
 539              		.loc 1 275 0 is_stmt 1
 540 0082 234A     		ldr	r2, .L47+20
 541 0084 1378     		ldrb	r3, [r2]	@ zero_extendqisi2
 542 0086 0133     		adds	r3, r3, #1
 543 0088 1370     		strb	r3, [r2]
 544 008a 1CE0     		b	.L35
 545              	.L37:
 276:main.c        ****             }else if(comp0_sum==0 && comp1_sum>0){//s_MR out of line
 546              		.loc 1 276 0
 547 008c 39B9     		cbnz	r1, .L38
 548              		.loc 1 276 0 is_stmt 0 discriminator 1
 549 008e 2348     		ldr	r0, .L47+32
 550 0090 0078     		ldrb	r0, [r0]	@ zero_extendqisi2
 551 0092 20B1     		cbz	r0, .L38
 277:main.c        ****                 PWM_R=PWM_R+1;    
 552              		.loc 1 277 0 is_stmt 1
 553 0094 1D4A     		ldr	r2, .L47+16
 554 0096 1378     		ldrb	r3, [r2]	@ zero_extendqisi2
 555 0098 0133     		adds	r3, r3, #1
 556 009a 1370     		strb	r3, [r2]
 557 009c 13E0     		b	.L35
 558              	.L38:
 278:main.c        ****             }else if(comp1_sum==0 && comp0_sum==0){//both sensors on the line
 559              		.loc 1 278 0
 560 009e 1F48     		ldr	r0, .L47+32
 561 00a0 0078     		ldrb	r0, [r0]	@ zero_extendqisi2
 562 00a2 38B9     		cbnz	r0, .L39
 563              		.loc 1 278 0 is_stmt 0 discriminator 1
 564 00a4 31B9     		cbnz	r1, .L39
ARM GAS  C:\Users\dulan\AppData\Local\Temp\cc1yQeub.s 			page 16


 279:main.c        ****                 PWM_R=70;
 565              		.loc 1 279 0 is_stmt 1
 566 00a6 4622     		movs	r2, #70
 567 00a8 184B     		ldr	r3, .L47+16
 568 00aa 1A70     		strb	r2, [r3]
 280:main.c        ****                 PWM_L=71;
 569              		.loc 1 280 0
 570 00ac 4722     		movs	r2, #71
 571 00ae 184B     		ldr	r3, .L47+20
 572 00b0 1A70     		strb	r2, [r3]
 573 00b2 08E0     		b	.L35
 574              	.L39:
 281:main.c        ****             }else if(comp0_sum>0 && comp1_sum>0 && comp2_sum>0 && comp3_sum>0){
 575              		.loc 1 281 0
 576 00b4 39B1     		cbz	r1, .L35
 577              		.loc 1 281 0 is_stmt 0 discriminator 1
 578 00b6 30B1     		cbz	r0, .L35
 579              		.loc 1 281 0 discriminator 2
 580 00b8 2BB1     		cbz	r3, .L35
 581              		.loc 1 281 0 discriminator 3
 582 00ba 22B1     		cbz	r2, .L35
 282:main.c        ****                 PWM_R=50;
 583              		.loc 1 282 0 is_stmt 1
 584 00bc 3223     		movs	r3, #50
 585 00be 134A     		ldr	r2, .L47+16
 586 00c0 1370     		strb	r3, [r2]
 283:main.c        ****                 PWM_L=50;
 587              		.loc 1 283 0
 588 00c2 134A     		ldr	r2, .L47+20
 589 00c4 1370     		strb	r3, [r2]
 590              	.L35:
 284:main.c        ****             }
 285:main.c        ****         
 286:main.c        **** 
 287:main.c        ****             if(distance_M1>=target_diatance && target_diatance!=0){
 591              		.loc 1 287 0
 592 00c6 164B     		ldr	r3, .L47+36
 593 00c8 5C6A     		ldr	r4, [r3, #36]	@ float
 594 00ca 2146     		mov	r1, r4
 595 00cc 9869     		ldr	r0, [r3, #24]	@ float
 596 00ce FFF7FEFF 		bl	__aeabi_fcmpge
 597              	.LVL31:
 598 00d2 48B1     		cbz	r0, .L40
 599              		.loc 1 287 0 is_stmt 0 discriminator 1
 600 00d4 0021     		movs	r1, #0
 601 00d6 2046     		mov	r0, r4
 602 00d8 FFF7FEFF 		bl	__aeabi_fcmpeq
 603              	.LVL32:
 604 00dc 20B9     		cbnz	r0, .L40
 288:main.c        ****                 LED_1_Write(1);
 605              		.loc 1 288 0 is_stmt 1
 606 00de 0120     		movs	r0, #1
 607 00e0 FFF7FEFF 		bl	LED_1_Write
 608              	.LVL33:
 289:main.c        ****                 stop();
 609              		.loc 1 289 0
 610 00e4 FFF7FEFF 		bl	stop
ARM GAS  C:\Users\dulan\AppData\Local\Temp\cc1yQeub.s 			page 17


 611              	.LVL34:
 612              	.L40:
 290:main.c        ****             }
 291:main.c        **** 
 292:main.c        ****         //PWM1 right wheel
 293:main.c        ****           PWM_1_WriteCompare(PWM_R);
 613              		.loc 1 293 0
 614 00e8 084B     		ldr	r3, .L47+16
 615 00ea 1878     		ldrb	r0, [r3]	@ zero_extendqisi2
 616 00ec FFF7FEFF 		bl	PWM_1_WriteCompare
 617              	.LVL35:
 294:main.c        ****         //PWM2 corresponds to left wheel
 295:main.c        ****           PWM_2_WriteCompare(PWM_L);
 618              		.loc 1 295 0
 619 00f0 074B     		ldr	r3, .L47+20
 620 00f2 1878     		ldrb	r0, [r3]	@ zero_extendqisi2
 621 00f4 FFF7FEFF 		bl	PWM_2_WriteCompare
 622              	.LVL36:
 296:main.c        ****               
 297:main.c        **** 
 298:main.c        ****     }
 623              		.loc 1 298 0
 624 00f8 AAE7     		b	.L43
 625              	.L48:
 626 00fa 00BF     		.align	2
 627              	.L47:
 628 00fc 00000000 		.word	isr_1_handler
 629 0100 00000000 		.word	isr_3_handler
 630 0104 00000000 		.word	isr_2_handler
 631 0108 00000000 		.word	comp2_sum
 632 010c 00000000 		.word	PWM_R
 633 0110 00000000 		.word	PWM_L
 634 0114 00000000 		.word	comp3_sum
 635 0118 00000000 		.word	comp0_sum
 636 011c 00000000 		.word	comp1_sum
 637 0120 00000000 		.word	.LANCHOR0
 638              		.cfi_endproc
 639              	.LFE71:
 640              		.size	main, .-main
 641              		.comm	PWM_L,1,1
 642              		.comm	PWM_R,1,1
 643              		.comm	comp3_sum,1,1
 644              		.comm	comp2_sum,1,1
 645              		.comm	comp1_sum,1,1
 646              		.comm	comp0_sum,1,1
 647              		.comm	turn_complete,1,1
 648              		.comm	middle_on,1,1
 649              		.comm	right_on,1,1
 650              		.global	left_on
 651              		.global	turn_counter
 652              		.global	count
 653              		.global	current_state
 654              		.global	counter
 655              		.global	encoder_value_sum_M2
 656              		.global	encoder_value_sum_M1
 657              		.global	speed_M2
 658              		.global	speed_M1
ARM GAS  C:\Users\dulan\AppData\Local\Temp\cc1yQeub.s 			page 18


 659              		.global	target_diatance
 660              		.global	current_distance_M2
 661              		.global	current_distance_M1
 662              		.global	distance_M2
 663              		.global	distance_M1
 664              		.global	timeInterval_s
 665              		.global	wheelCircumference_cm
 666              		.global	CPR
 667              		.global	encoderCounts_M2
 668              		.global	encoderCounts_M1
 669              		.data
 670              		.align	3
 671              		.set	.LANCHOR1,. + 0
 672              		.type	counter, %object
 673              		.size	counter, 1
 674              	counter:
 675 0000 01       		.byte	1
 676 0001 000000   		.space	3
 677              		.type	CPR, %object
 678              		.size	CPR, 4
 679              	CPR:
 680 0004 E4000000 		.word	228
 681              		.type	wheelCircumference_cm, %object
 682              		.size	wheelCircumference_cm, 4
 683              	wheelCircumference_cm:
 684 0008 7201A241 		.word	1101136242
 685              		.type	current_state, %object
 686              		.size	current_state, 1
 687              	current_state:
 688 000c 05       		.byte	5
 689 000d 000000   		.space	3
 690              		.type	timeInterval_s, %object
 691              		.size	timeInterval_s, 8
 692              	timeInterval_s:
 693 0010 0C022B87 		.word	-2027224564
 694 0014 16D92540 		.word	1076222230
 695              		.bss
 696              		.align	2
 697              		.set	.LANCHOR0,. + 0
 698              		.type	left_on, %object
 699              		.size	left_on, 1
 700              	left_on:
 701 0000 00       		.space	1
 702 0001 000000   		.space	3
 703              		.type	turn_counter, %object
 704              		.size	turn_counter, 4
 705              	turn_counter:
 706 0004 00000000 		.space	4
 707              		.type	encoderCounts_M1, %object
 708              		.size	encoderCounts_M1, 4
 709              	encoderCounts_M1:
 710 0008 00000000 		.space	4
 711              		.type	encoderCounts_M2, %object
 712              		.size	encoderCounts_M2, 4
 713              	encoderCounts_M2:
 714 000c 00000000 		.space	4
 715              		.type	encoder_value_sum_M1, %object
ARM GAS  C:\Users\dulan\AppData\Local\Temp\cc1yQeub.s 			page 19


 716              		.size	encoder_value_sum_M1, 4
 717              	encoder_value_sum_M1:
 718 0010 00000000 		.space	4
 719              		.type	encoder_value_sum_M2, %object
 720              		.size	encoder_value_sum_M2, 4
 721              	encoder_value_sum_M2:
 722 0014 00000000 		.space	4
 723              		.type	distance_M1, %object
 724              		.size	distance_M1, 4
 725              	distance_M1:
 726 0018 00000000 		.space	4
 727              		.type	distance_M2, %object
 728              		.size	distance_M2, 4
 729              	distance_M2:
 730 001c 00000000 		.space	4
 731              		.type	count, %object
 732              		.size	count, 4
 733              	count:
 734 0020 00000000 		.space	4
 735              		.type	target_diatance, %object
 736              		.size	target_diatance, 4
 737              	target_diatance:
 738 0024 00000000 		.space	4
 739              		.type	speed_M2, %object
 740              		.size	speed_M2, 4
 741              	speed_M2:
 742 0028 00000000 		.space	4
 743              		.type	speed_M1, %object
 744              		.size	speed_M1, 4
 745              	speed_M1:
 746 002c 00000000 		.space	4
 747              		.type	current_distance_M2, %object
 748              		.size	current_distance_M2, 4
 749              	current_distance_M2:
 750 0030 00000000 		.space	4
 751              		.type	current_distance_M1, %object
 752              		.size	current_distance_M1, 4
 753              	current_distance_M1:
 754 0034 00000000 		.space	4
 755              		.text
 756              	.Letext0:
 757              		.file 2 "c:\\program files (x86)\\cypress\\psoc creator\\4.4\\psoc creator\\import\\gnu\\arm\\5.4.
 758              		.file 3 "c:\\program files (x86)\\cypress\\psoc creator\\4.4\\psoc creator\\import\\gnu\\arm\\5.4.
 759              		.file 4 "Generated_Source\\PSoC5/cytypes.h"
 760              		.file 5 "Generated_Source\\PSoC5/core_cm3.h"
 761              		.file 6 "Generated_Source\\PSoC5/QuadDec_M1.h"
 762              		.file 7 "Generated_Source\\PSoC5/QuadDec_M2.h"
 763              		.file 8 "Generated_Source\\PSoC5/Timer_1.h"
 764              		.file 9 "Generated_Source\\PSoC5/Comp_0.h"
 765              		.file 10 "Generated_Source\\PSoC5/Comp_1.h"
 766              		.file 11 "Generated_Source\\PSoC5/Comp_2.h"
 767              		.file 12 "Generated_Source\\PSoC5/Comp_3.h"
 768              		.file 13 "Generated_Source\\PSoC5/isr_1.h"
 769              		.file 14 "Generated_Source\\PSoC5/isr_3.h"
 770              		.file 15 "Generated_Source\\PSoC5/isr_2.h"
 771              		.file 16 "Generated_Source\\PSoC5/Clock_PWM.h"
 772              		.file 17 "Generated_Source\\PSoC5/PWM_1.h"
ARM GAS  C:\Users\dulan\AppData\Local\Temp\cc1yQeub.s 			page 20


 773              		.file 18 "Generated_Source\\PSoC5/PWM_2.h"
 774              		.file 19 "Generated_Source\\PSoC5/LED_1.h"
 775              		.section	.debug_info,"",%progbits
 776              	.Ldebug_info0:
 777 0000 43060000 		.4byte	0x643
 778 0004 0400     		.2byte	0x4
 779 0006 00000000 		.4byte	.Ldebug_abbrev0
 780 000a 04       		.byte	0x4
 781 000b 01       		.uleb128 0x1
 782 000c F9040000 		.4byte	.LASF89
 783 0010 0C       		.byte	0xc
 784 0011 34040000 		.4byte	.LASF90
 785 0015 10000000 		.4byte	.LASF91
 786 0019 00000000 		.4byte	.Ldebug_ranges0+0
 787 001d 00000000 		.4byte	0
 788 0021 00000000 		.4byte	.Ldebug_line0
 789 0025 02       		.uleb128 0x2
 790 0026 01       		.byte	0x1
 791 0027 06       		.byte	0x6
 792 0028 F5020000 		.4byte	.LASF0
 793 002c 02       		.uleb128 0x2
 794 002d 01       		.byte	0x1
 795 002e 08       		.byte	0x8
 796 002f 98020000 		.4byte	.LASF1
 797 0033 02       		.uleb128 0x2
 798 0034 02       		.byte	0x2
 799 0035 05       		.byte	0x5
 800 0036 3E010000 		.4byte	.LASF2
 801 003a 02       		.uleb128 0x2
 802 003b 02       		.byte	0x2
 803 003c 07       		.byte	0x7
 804 003d 62030000 		.4byte	.LASF3
 805 0041 03       		.uleb128 0x3
 806 0042 9E040000 		.4byte	.LASF12
 807 0046 02       		.byte	0x2
 808 0047 3F       		.byte	0x3f
 809 0048 4C000000 		.4byte	0x4c
 810 004c 02       		.uleb128 0x2
 811 004d 04       		.byte	0x4
 812 004e 05       		.byte	0x5
 813 004f 4B020000 		.4byte	.LASF4
 814 0053 02       		.uleb128 0x2
 815 0054 04       		.byte	0x4
 816 0055 07       		.byte	0x7
 817 0056 3B040000 		.4byte	.LASF5
 818 005a 02       		.uleb128 0x2
 819 005b 08       		.byte	0x8
 820 005c 05       		.byte	0x5
 821 005d 0A020000 		.4byte	.LASF6
 822 0061 02       		.uleb128 0x2
 823 0062 08       		.byte	0x8
 824 0063 07       		.byte	0x7
 825 0064 01030000 		.4byte	.LASF7
 826 0068 04       		.uleb128 0x4
 827 0069 04       		.byte	0x4
 828 006a 05       		.byte	0x5
 829 006b 696E7400 		.ascii	"int\000"
ARM GAS  C:\Users\dulan\AppData\Local\Temp\cc1yQeub.s 			page 21


 830 006f 02       		.uleb128 0x2
 831 0070 04       		.byte	0x4
 832 0071 07       		.byte	0x7
 833 0072 18030000 		.4byte	.LASF8
 834 0076 02       		.uleb128 0x2
 835 0077 08       		.byte	0x8
 836 0078 04       		.byte	0x4
 837 0079 C0020000 		.4byte	.LASF9
 838 007d 02       		.uleb128 0x2
 839 007e 04       		.byte	0x4
 840 007f 07       		.byte	0x7
 841 0080 F1000000 		.4byte	.LASF10
 842 0084 02       		.uleb128 0x2
 843 0085 01       		.byte	0x1
 844 0086 08       		.byte	0x8
 845 0087 46020000 		.4byte	.LASF11
 846 008b 03       		.uleb128 0x3
 847 008c E4030000 		.4byte	.LASF13
 848 0090 03       		.byte	0x3
 849 0091 2C       		.byte	0x2c
 850 0092 41000000 		.4byte	0x41
 851 0096 05       		.uleb128 0x5
 852 0097 92010000 		.4byte	.LASF14
 853 009b 04       		.byte	0x4
 854 009c E901     		.2byte	0x1e9
 855 009e 2C000000 		.4byte	0x2c
 856 00a2 05       		.uleb128 0x5
 857 00a3 2D040000 		.4byte	.LASF15
 858 00a7 04       		.byte	0x4
 859 00a8 EB01     		.2byte	0x1eb
 860 00aa 53000000 		.4byte	0x53
 861 00ae 05       		.uleb128 0x5
 862 00af 4D040000 		.4byte	.LASF16
 863 00b3 04       		.byte	0x4
 864 00b4 EE01     		.2byte	0x1ee
 865 00b6 4C000000 		.4byte	0x4c
 866 00ba 05       		.uleb128 0x5
 867 00bb C3000000 		.4byte	.LASF17
 868 00bf 04       		.byte	0x4
 869 00c0 EF01     		.2byte	0x1ef
 870 00c2 C6000000 		.4byte	0xc6
 871 00c6 02       		.uleb128 0x2
 872 00c7 04       		.byte	0x4
 873 00c8 04       		.byte	0x4
 874 00c9 DF010000 		.4byte	.LASF18
 875 00cd 02       		.uleb128 0x2
 876 00ce 08       		.byte	0x8
 877 00cf 04       		.byte	0x4
 878 00d0 53040000 		.4byte	.LASF19
 879 00d4 06       		.uleb128 0x6
 880 00d5 01       		.byte	0x1
 881 00d6 2C000000 		.4byte	0x2c
 882 00da 01       		.byte	0x1
 883 00db 37       		.byte	0x37
 884 00dc 05010000 		.4byte	0x105
 885 00e0 07       		.uleb128 0x7
 886 00e1 81000000 		.4byte	.LASF20
ARM GAS  C:\Users\dulan\AppData\Local\Temp\cc1yQeub.s 			page 22


 887 00e5 00       		.byte	0
 888 00e6 07       		.uleb128 0x7
 889 00e7 3C020000 		.4byte	.LASF21
 890 00eb 01       		.byte	0x1
 891 00ec 07       		.uleb128 0x7
 892 00ed 62020000 		.4byte	.LASF22
 893 00f1 02       		.byte	0x2
 894 00f2 07       		.uleb128 0x7
 895 00f3 78040000 		.4byte	.LASF23
 896 00f7 03       		.byte	0x3
 897 00f8 07       		.uleb128 0x7
 898 00f9 22010000 		.4byte	.LASF24
 899 00fd 04       		.byte	0x4
 900 00fe 07       		.uleb128 0x7
 901 00ff BA040000 		.4byte	.LASF25
 902 0103 05       		.byte	0x5
 903 0104 00       		.byte	0
 904 0105 03       		.uleb128 0x3
 905 0106 48010000 		.4byte	.LASF26
 906 010a 01       		.byte	0x1
 907 010b 3E       		.byte	0x3e
 908 010c D4000000 		.4byte	0xd4
 909 0110 08       		.uleb128 0x8
 910 0111 2E020000 		.4byte	.LASF92
 911 0115 01       		.byte	0x1
 912 0116 6B       		.byte	0x6b
 913 0117 00000000 		.4byte	.LFB65
 914 011b 48000000 		.4byte	.LFE65-.LFB65
 915 011f 01       		.uleb128 0x1
 916 0120 9C       		.byte	0x9c
 917 0121 09       		.uleb128 0x9
 918 0122 54020000 		.4byte	.LASF27
 919 0126 01       		.byte	0x1
 920 0127 52       		.byte	0x52
 921 0128 00000000 		.4byte	.LFB64
 922 012c 80000000 		.4byte	.LFE64-.LFB64
 923 0130 01       		.uleb128 0x1
 924 0131 9C       		.byte	0x9c
 925 0132 78010000 		.4byte	0x178
 926 0136 0A       		.uleb128 0xa
 927 0137 1C000000 		.4byte	.LVL0
 928 013b 1D050000 		.4byte	0x51d
 929 013f 0A       		.uleb128 0xa
 930 0140 2A000000 		.4byte	.LVL1
 931 0144 28050000 		.4byte	0x528
 932 0148 0B       		.uleb128 0xb
 933 0149 6A000000 		.4byte	.LVL6
 934 014d 33050000 		.4byte	0x533
 935 0151 5B010000 		.4byte	0x15b
 936 0155 0C       		.uleb128 0xc
 937 0156 01       		.uleb128 0x1
 938 0157 50       		.byte	0x50
 939 0158 01       		.uleb128 0x1
 940 0159 30       		.byte	0x30
 941 015a 00       		.byte	0
 942 015b 0B       		.uleb128 0xb
 943 015c 70000000 		.4byte	.LVL7
ARM GAS  C:\Users\dulan\AppData\Local\Temp\cc1yQeub.s 			page 23


 944 0160 3E050000 		.4byte	0x53e
 945 0164 6E010000 		.4byte	0x16e
 946 0168 0C       		.uleb128 0xc
 947 0169 01       		.uleb128 0x1
 948 016a 50       		.byte	0x50
 949 016b 01       		.uleb128 0x1
 950 016c 30       		.byte	0x30
 951 016d 00       		.byte	0
 952 016e 0A       		.uleb128 0xa
 953 016f 74000000 		.4byte	.LVL8
 954 0173 49050000 		.4byte	0x549
 955 0177 00       		.byte	0
 956 0178 0D       		.uleb128 0xd
 957 0179 3C030000 		.4byte	.LASF28
 958 017d 01       		.byte	0x1
 959 017e 80       		.byte	0x80
 960 017f 00000000 		.4byte	.LFB66
 961 0183 74000000 		.4byte	.LFE66-.LFB66
 962 0187 01       		.uleb128 0x1
 963 0188 9C       		.byte	0x9c
 964 0189 BB010000 		.4byte	0x1bb
 965 018d 0A       		.uleb128 0xa
 966 018e 06000000 		.4byte	.LVL9
 967 0192 54050000 		.4byte	0x554
 968 0196 0A       		.uleb128 0xa
 969 0197 12000000 		.4byte	.LVL10
 970 019b 5F050000 		.4byte	0x55f
 971 019f 0A       		.uleb128 0xa
 972 01a0 1E000000 		.4byte	.LVL11
 973 01a4 6A050000 		.4byte	0x56a
 974 01a8 0A       		.uleb128 0xa
 975 01a9 2A000000 		.4byte	.LVL12
 976 01ad 75050000 		.4byte	0x575
 977 01b1 0A       		.uleb128 0xa
 978 01b2 5C000000 		.4byte	.LVL13
 979 01b6 49050000 		.4byte	0x549
 980 01ba 00       		.byte	0
 981 01bb 0E       		.uleb128 0xe
 982 01bc B3030000 		.4byte	.LASF29
 983 01c0 01       		.byte	0x1
 984 01c1 98       		.byte	0x98
 985 01c2 00000000 		.4byte	.LFB67
 986 01c6 14000000 		.4byte	.LFE67-.LFB67
 987 01ca 01       		.uleb128 0x1
 988 01cb 9C       		.byte	0x9c
 989 01cc 0E       		.uleb128 0xe
 990 01cd EC020000 		.4byte	.LASF30
 991 01d1 01       		.byte	0x1
 992 01d2 9C       		.byte	0x9c
 993 01d3 00000000 		.4byte	.LFB68
 994 01d7 18000000 		.4byte	.LFE68-.LFB68
 995 01db 01       		.uleb128 0x1
 996 01dc 9C       		.byte	0x9c
 997 01dd 0E       		.uleb128 0xe
 998 01de AB010000 		.4byte	.LASF31
 999 01e2 01       		.byte	0x1
 1000 01e3 A4       		.byte	0xa4
ARM GAS  C:\Users\dulan\AppData\Local\Temp\cc1yQeub.s 			page 24


 1001 01e4 00000000 		.4byte	.LFB69
 1002 01e8 50000000 		.4byte	.LFE69-.LFB69
 1003 01ec 01       		.uleb128 0x1
 1004 01ed 9C       		.byte	0x9c
 1005 01ee 0D       		.uleb128 0xd
 1006 01ef 4A030000 		.4byte	.LASF32
 1007 01f3 01       		.byte	0x1
 1008 01f4 B1       		.byte	0xb1
 1009 01f5 00000000 		.4byte	.LFB70
 1010 01f9 10000000 		.4byte	.LFE70-.LFB70
 1011 01fd 01       		.uleb128 0x1
 1012 01fe 9C       		.byte	0x9c
 1013 01ff 11020000 		.4byte	0x211
 1014 0203 0F       		.uleb128 0xf
 1015 0204 C5030000 		.4byte	.LASF93
 1016 0208 01       		.byte	0x1
 1017 0209 B1       		.byte	0xb1
 1018 020a BA000000 		.4byte	0xba
 1019 020e 01       		.uleb128 0x1
 1020 020f 50       		.byte	0x50
 1021 0210 00       		.byte	0
 1022 0211 10       		.uleb128 0x10
 1023 0212 FA000000 		.4byte	.LASF94
 1024 0216 01       		.byte	0x1
 1025 0217 B9       		.byte	0xb9
 1026 0218 68000000 		.4byte	0x68
 1027 021c 00000000 		.4byte	.LFB71
 1028 0220 24010000 		.4byte	.LFE71-.LFB71
 1029 0224 01       		.uleb128 0x1
 1030 0225 9C       		.byte	0x9c
 1031 0226 29030000 		.4byte	0x329
 1032 022a 0A       		.uleb128 0xa
 1033 022b 08000000 		.4byte	.LVL15
 1034 022f 80050000 		.4byte	0x580
 1035 0233 0B       		.uleb128 0xb
 1036 0234 0E000000 		.4byte	.LVL16
 1037 0238 8B050000 		.4byte	0x58b
 1038 023c 4A020000 		.4byte	0x24a
 1039 0240 0C       		.uleb128 0xc
 1040 0241 01       		.uleb128 0x1
 1041 0242 50       		.byte	0x50
 1042 0243 05       		.uleb128 0x5
 1043 0244 03       		.byte	0x3
 1044 0245 00000000 		.4byte	isr_1_handler
 1045 0249 00       		.byte	0
 1046 024a 0B       		.uleb128 0xb
 1047 024b 14000000 		.4byte	.LVL17
 1048 024f 96050000 		.4byte	0x596
 1049 0253 61020000 		.4byte	0x261
 1050 0257 0C       		.uleb128 0xc
 1051 0258 01       		.uleb128 0x1
 1052 0259 50       		.byte	0x50
 1053 025a 05       		.uleb128 0x5
 1054 025b 03       		.byte	0x3
 1055 025c 00000000 		.4byte	isr_3_handler
 1056 0260 00       		.byte	0
 1057 0261 0B       		.uleb128 0xb
ARM GAS  C:\Users\dulan\AppData\Local\Temp\cc1yQeub.s 			page 25


 1058 0262 1A000000 		.4byte	.LVL18
 1059 0266 A1050000 		.4byte	0x5a1
 1060 026a 78020000 		.4byte	0x278
 1061 026e 0C       		.uleb128 0xc
 1062 026f 01       		.uleb128 0x1
 1063 0270 50       		.byte	0x50
 1064 0271 05       		.uleb128 0x5
 1065 0272 03       		.byte	0x3
 1066 0273 00000000 		.4byte	isr_2_handler
 1067 0277 00       		.byte	0
 1068 0278 0A       		.uleb128 0xa
 1069 0279 1E000000 		.4byte	.LVL19
 1070 027d AC050000 		.4byte	0x5ac
 1071 0281 0A       		.uleb128 0xa
 1072 0282 22000000 		.4byte	.LVL20
 1073 0286 B7050000 		.4byte	0x5b7
 1074 028a 0A       		.uleb128 0xa
 1075 028b 26000000 		.4byte	.LVL21
 1076 028f C2050000 		.4byte	0x5c2
 1077 0293 0A       		.uleb128 0xa
 1078 0294 2A000000 		.4byte	.LVL22
 1079 0298 CD050000 		.4byte	0x5cd
 1080 029c 0A       		.uleb128 0xa
 1081 029d 2E000000 		.4byte	.LVL23
 1082 02a1 D8050000 		.4byte	0x5d8
 1083 02a5 0A       		.uleb128 0xa
 1084 02a6 32000000 		.4byte	.LVL24
 1085 02aa E3050000 		.4byte	0x5e3
 1086 02ae 0A       		.uleb128 0xa
 1087 02af 36000000 		.4byte	.LVL25
 1088 02b3 EE050000 		.4byte	0x5ee
 1089 02b7 0B       		.uleb128 0xb
 1090 02b8 3C000000 		.4byte	.LVL26
 1091 02bc F9050000 		.4byte	0x5f9
 1092 02c0 CB020000 		.4byte	0x2cb
 1093 02c4 0C       		.uleb128 0xc
 1094 02c5 01       		.uleb128 0x1
 1095 02c6 50       		.byte	0x50
 1096 02c7 02       		.uleb128 0x2
 1097 02c8 08       		.byte	0x8
 1098 02c9 64       		.byte	0x64
 1099 02ca 00       		.byte	0
 1100 02cb 0B       		.uleb128 0xb
 1101 02cc 42000000 		.4byte	.LVL27
 1102 02d0 04060000 		.4byte	0x604
 1103 02d4 DF020000 		.4byte	0x2df
 1104 02d8 0C       		.uleb128 0xc
 1105 02d9 01       		.uleb128 0x1
 1106 02da 50       		.byte	0x50
 1107 02db 02       		.uleb128 0x2
 1108 02dc 08       		.byte	0x8
 1109 02dd 64       		.byte	0x64
 1110 02de 00       		.byte	0
 1111 02df 0A       		.uleb128 0xa
 1112 02e0 46000000 		.4byte	.LVL28
 1113 02e4 0F060000 		.4byte	0x60f
 1114 02e8 0A       		.uleb128 0xa
ARM GAS  C:\Users\dulan\AppData\Local\Temp\cc1yQeub.s 			page 26


 1115 02e9 4A000000 		.4byte	.LVL29
 1116 02ed 1A060000 		.4byte	0x61a
 1117 02f1 0A       		.uleb128 0xa
 1118 02f2 50000000 		.4byte	.LVL30
 1119 02f6 EE010000 		.4byte	0x1ee
 1120 02fa 0B       		.uleb128 0xb
 1121 02fb E4000000 		.4byte	.LVL33
 1122 02ff 25060000 		.4byte	0x625
 1123 0303 0D030000 		.4byte	0x30d
 1124 0307 0C       		.uleb128 0xc
 1125 0308 01       		.uleb128 0x1
 1126 0309 50       		.byte	0x50
 1127 030a 01       		.uleb128 0x1
 1128 030b 31       		.byte	0x31
 1129 030c 00       		.byte	0
 1130 030d 0A       		.uleb128 0xa
 1131 030e E8000000 		.4byte	.LVL34
 1132 0312 BB010000 		.4byte	0x1bb
 1133 0316 0A       		.uleb128 0xa
 1134 0317 F0000000 		.4byte	.LVL35
 1135 031b 30060000 		.4byte	0x630
 1136 031f 0A       		.uleb128 0xa
 1137 0320 F8000000 		.4byte	.LVL36
 1138 0324 3B060000 		.4byte	0x63b
 1139 0328 00       		.byte	0
 1140 0329 11       		.uleb128 0x11
 1141 032a 6B040000 		.4byte	.LASF33
 1142 032e 05       		.byte	0x5
 1143 032f 1207     		.2byte	0x712
 1144 0331 35030000 		.4byte	0x335
 1145 0335 12       		.uleb128 0x12
 1146 0336 8B000000 		.4byte	0x8b
 1147 033a 13       		.uleb128 0x13
 1148 033b 73020000 		.4byte	.LASF34
 1149 033f 01       		.byte	0x1
 1150 0340 26       		.byte	0x26
 1151 0341 AE000000 		.4byte	0xae
 1152 0345 05       		.uleb128 0x5
 1153 0346 03       		.byte	0x3
 1154 0347 00000000 		.4byte	encoderCounts_M1
 1155 034b 13       		.uleb128 0x13
 1156 034c 81010000 		.4byte	.LASF35
 1157 0350 01       		.byte	0x1
 1158 0351 27       		.byte	0x27
 1159 0352 AE000000 		.4byte	0xae
 1160 0356 05       		.uleb128 0x5
 1161 0357 03       		.byte	0x3
 1162 0358 00000000 		.4byte	encoderCounts_M2
 1163 035c 14       		.uleb128 0x14
 1164 035d 43505200 		.ascii	"CPR\000"
 1165 0361 01       		.byte	0x1
 1166 0362 28       		.byte	0x28
 1167 0363 AE000000 		.4byte	0xae
 1168 0367 05       		.uleb128 0x5
 1169 0368 03       		.byte	0x3
 1170 0369 00000000 		.4byte	CPR
 1171 036d 13       		.uleb128 0x13
ARM GAS  C:\Users\dulan\AppData\Local\Temp\cc1yQeub.s 			page 27


 1172 036e FF000000 		.4byte	.LASF36
 1173 0372 01       		.byte	0x1
 1174 0373 29       		.byte	0x29
 1175 0374 C6000000 		.4byte	0xc6
 1176 0378 05       		.uleb128 0x5
 1177 0379 03       		.byte	0x3
 1178 037a 00000000 		.4byte	wheelCircumference_cm
 1179 037e 13       		.uleb128 0x13
 1180 037f EC030000 		.4byte	.LASF37
 1181 0383 01       		.byte	0x1
 1182 0384 2A       		.byte	0x2a
 1183 0385 CD000000 		.4byte	0xcd
 1184 0389 05       		.uleb128 0x5
 1185 038a 03       		.byte	0x3
 1186 038b 00000000 		.4byte	timeInterval_s
 1187 038f 13       		.uleb128 0x13
 1188 0390 B4020000 		.4byte	.LASF38
 1189 0394 01       		.byte	0x1
 1190 0395 2B       		.byte	0x2b
 1191 0396 BA000000 		.4byte	0xba
 1192 039a 05       		.uleb128 0x5
 1193 039b 03       		.byte	0x3
 1194 039c 00000000 		.4byte	distance_M1
 1195 03a0 13       		.uleb128 0x13
 1196 03a1 01040000 		.4byte	.LASF39
 1197 03a5 01       		.byte	0x1
 1198 03a6 2C       		.byte	0x2c
 1199 03a7 BA000000 		.4byte	0xba
 1200 03ab 05       		.uleb128 0x5
 1201 03ac 03       		.byte	0x3
 1202 03ad 00000000 		.4byte	distance_M2
 1203 03b1 13       		.uleb128 0x13
 1204 03b2 8B030000 		.4byte	.LASF40
 1205 03b6 01       		.byte	0x1
 1206 03b7 2D       		.byte	0x2d
 1207 03b8 BA000000 		.4byte	0xba
 1208 03bc 05       		.uleb128 0x5
 1209 03bd 03       		.byte	0x3
 1210 03be 00000000 		.4byte	current_distance_M1
 1211 03c2 13       		.uleb128 0x13
 1212 03c3 9F030000 		.4byte	.LASF41
 1213 03c7 01       		.byte	0x1
 1214 03c8 2E       		.byte	0x2e
 1215 03c9 BA000000 		.4byte	0xba
 1216 03cd 05       		.uleb128 0x5
 1217 03ce 03       		.byte	0x3
 1218 03cf 00000000 		.4byte	current_distance_M2
 1219 03d3 13       		.uleb128 0x13
 1220 03d4 00000000 		.4byte	.LASF42
 1221 03d8 01       		.byte	0x1
 1222 03d9 2F       		.byte	0x2f
 1223 03da BA000000 		.4byte	0xba
 1224 03de 05       		.uleb128 0x5
 1225 03df 03       		.byte	0x3
 1226 03e0 00000000 		.4byte	target_diatance
 1227 03e4 13       		.uleb128 0x13
 1228 03e5 A2010000 		.4byte	.LASF43
ARM GAS  C:\Users\dulan\AppData\Local\Temp\cc1yQeub.s 			page 28


 1229 03e9 01       		.byte	0x1
 1230 03ea 30       		.byte	0x30
 1231 03eb BA000000 		.4byte	0xba
 1232 03ef 05       		.uleb128 0x5
 1233 03f0 03       		.byte	0x3
 1234 03f1 00000000 		.4byte	speed_M1
 1235 03f5 13       		.uleb128 0x13
 1236 03f6 BF040000 		.4byte	.LASF44
 1237 03fa 01       		.byte	0x1
 1238 03fb 31       		.byte	0x31
 1239 03fc BA000000 		.4byte	0xba
 1240 0400 05       		.uleb128 0x5
 1241 0401 03       		.byte	0x3
 1242 0402 00000000 		.4byte	speed_M2
 1243 0406 13       		.uleb128 0x13
 1244 0407 8D000000 		.4byte	.LASF45
 1245 040b 01       		.byte	0x1
 1246 040c 32       		.byte	0x32
 1247 040d AE000000 		.4byte	0xae
 1248 0411 05       		.uleb128 0x5
 1249 0412 03       		.byte	0x3
 1250 0413 00000000 		.4byte	encoder_value_sum_M1
 1251 0417 13       		.uleb128 0x13
 1252 0418 A2000000 		.4byte	.LASF46
 1253 041c 01       		.byte	0x1
 1254 041d 33       		.byte	0x33
 1255 041e AE000000 		.4byte	0xae
 1256 0422 05       		.uleb128 0x5
 1257 0423 03       		.byte	0x3
 1258 0424 00000000 		.4byte	encoder_value_sum_M2
 1259 0428 13       		.uleb128 0x13
 1260 0429 DA020000 		.4byte	.LASF47
 1261 042d 01       		.byte	0x1
 1262 042e 34       		.byte	0x34
 1263 042f 96000000 		.4byte	0x96
 1264 0433 05       		.uleb128 0x5
 1265 0434 03       		.byte	0x3
 1266 0435 00000000 		.4byte	counter
 1267 0439 13       		.uleb128 0x13
 1268 043a CB000000 		.4byte	.LASF48
 1269 043e 01       		.byte	0x1
 1270 043f 40       		.byte	0x40
 1271 0440 05010000 		.4byte	0x105
 1272 0444 05       		.uleb128 0x5
 1273 0445 03       		.byte	0x3
 1274 0446 00000000 		.4byte	current_state
 1275 044a 13       		.uleb128 0x13
 1276 044b 98040000 		.4byte	.LASF49
 1277 044f 01       		.byte	0x1
 1278 0450 42       		.byte	0x42
 1279 0451 A2000000 		.4byte	0xa2
 1280 0455 05       		.uleb128 0x5
 1281 0456 03       		.byte	0x3
 1282 0457 00000000 		.4byte	count
 1283 045b 13       		.uleb128 0x13
 1284 045c DA040000 		.4byte	.LASF50
 1285 0460 01       		.byte	0x1
ARM GAS  C:\Users\dulan\AppData\Local\Temp\cc1yQeub.s 			page 29


 1286 0461 43       		.byte	0x43
 1287 0462 A2000000 		.4byte	0xa2
 1288 0466 05       		.uleb128 0x5
 1289 0467 03       		.byte	0x3
 1290 0468 00000000 		.4byte	turn_counter
 1291 046c 13       		.uleb128 0x13
 1292 046d E5010000 		.4byte	.LASF51
 1293 0471 01       		.byte	0x1
 1294 0472 44       		.byte	0x44
 1295 0473 7D040000 		.4byte	0x47d
 1296 0477 05       		.uleb128 0x5
 1297 0478 03       		.byte	0x3
 1298 0479 00000000 		.4byte	left_on
 1299 047d 02       		.uleb128 0x2
 1300 047e 01       		.byte	0x1
 1301 047f 02       		.byte	0x2
 1302 0480 FB030000 		.4byte	.LASF52
 1303 0484 13       		.uleb128 0x13
 1304 0485 78010000 		.4byte	.LASF53
 1305 0489 01       		.byte	0x1
 1306 048a 45       		.byte	0x45
 1307 048b 7D040000 		.4byte	0x47d
 1308 048f 05       		.uleb128 0x5
 1309 0490 03       		.byte	0x3
 1310 0491 00000000 		.4byte	right_on
 1311 0495 13       		.uleb128 0x13
 1312 0496 98010000 		.4byte	.LASF54
 1313 049a 01       		.byte	0x1
 1314 049b 46       		.byte	0x46
 1315 049c 7D040000 		.4byte	0x47d
 1316 04a0 05       		.uleb128 0x5
 1317 04a1 03       		.byte	0x3
 1318 04a2 00000000 		.4byte	middle_on
 1319 04a6 13       		.uleb128 0x13
 1320 04a7 E3000000 		.4byte	.LASF55
 1321 04ab 01       		.byte	0x1
 1322 04ac 47       		.byte	0x47
 1323 04ad 7D040000 		.4byte	0x47d
 1324 04b1 05       		.uleb128 0x5
 1325 04b2 03       		.byte	0x3
 1326 04b3 00000000 		.4byte	turn_complete
 1327 04b7 13       		.uleb128 0x13
 1328 04b8 E2020000 		.4byte	.LASF56
 1329 04bc 01       		.byte	0x1
 1330 04bd 49       		.byte	0x49
 1331 04be 96000000 		.4byte	0x96
 1332 04c2 05       		.uleb128 0x5
 1333 04c3 03       		.byte	0x3
 1334 04c4 00000000 		.4byte	comp0_sum
 1335 04c8 13       		.uleb128 0x13
 1336 04c9 D9000000 		.4byte	.LASF57
 1337 04cd 01       		.byte	0x1
 1338 04ce 4A       		.byte	0x4a
 1339 04cf 96000000 		.4byte	0x96
 1340 04d3 05       		.uleb128 0x5
 1341 04d4 03       		.byte	0x3
 1342 04d5 00000000 		.4byte	comp1_sum
ARM GAS  C:\Users\dulan\AppData\Local\Temp\cc1yQeub.s 			page 30


 1343 04d9 13       		.uleb128 0x13
 1344 04da 53010000 		.4byte	.LASF58
 1345 04de 01       		.byte	0x1
 1346 04df 4B       		.byte	0x4b
 1347 04e0 96000000 		.4byte	0x96
 1348 04e4 05       		.uleb128 0x5
 1349 04e5 03       		.byte	0x3
 1350 04e6 00000000 		.4byte	comp2_sum
 1351 04ea 13       		.uleb128 0x13
 1352 04eb 32030000 		.4byte	.LASF59
 1353 04ef 01       		.byte	0x1
 1354 04f0 4C       		.byte	0x4c
 1355 04f1 96000000 		.4byte	0x96
 1356 04f5 05       		.uleb128 0x5
 1357 04f6 03       		.byte	0x3
 1358 04f7 00000000 		.4byte	comp3_sum
 1359 04fb 13       		.uleb128 0x13
 1360 04fc 92020000 		.4byte	.LASF60
 1361 0500 01       		.byte	0x1
 1362 0501 4E       		.byte	0x4e
 1363 0502 96000000 		.4byte	0x96
 1364 0506 05       		.uleb128 0x5
 1365 0507 03       		.byte	0x3
 1366 0508 00000000 		.4byte	PWM_R
 1367 050c 13       		.uleb128 0x13
 1368 050d 6D020000 		.4byte	.LASF61
 1369 0511 01       		.byte	0x1
 1370 0512 4F       		.byte	0x4f
 1371 0513 96000000 		.4byte	0x96
 1372 0517 05       		.uleb128 0x5
 1373 0518 03       		.byte	0x3
 1374 0519 00000000 		.4byte	PWM_L
 1375 051d 15       		.uleb128 0x15
 1376 051e B6010000 		.4byte	.LASF62
 1377 0522 B6010000 		.4byte	.LASF62
 1378 0526 06       		.byte	0x6
 1379 0527 4E       		.byte	0x4e
 1380 0528 15       		.uleb128 0x15
 1381 0529 18020000 		.4byte	.LASF63
 1382 052d 18020000 		.4byte	.LASF63
 1383 0531 07       		.byte	0x7
 1384 0532 4E       		.byte	0x4e
 1385 0533 15       		.uleb128 0x15
 1386 0534 75030000 		.4byte	.LASF64
 1387 0538 75030000 		.4byte	.LASF64
 1388 053c 06       		.byte	0x6
 1389 053d 4F       		.byte	0x4f
 1390 053e 15       		.uleb128 0x15
 1391 053f CE030000 		.4byte	.LASF65
 1392 0543 CE030000 		.4byte	.LASF65
 1393 0547 07       		.byte	0x7
 1394 0548 4F       		.byte	0x4f
 1395 0549 15       		.uleb128 0x15
 1396 054a 5D010000 		.4byte	.LASF66
 1397 054e 5D010000 		.4byte	.LASF66
 1398 0552 08       		.byte	0x8
 1399 0553 5E       		.byte	0x5e
ARM GAS  C:\Users\dulan\AppData\Local\Temp\cc1yQeub.s 			page 31


 1400 0554 15       		.uleb128 0x15
 1401 0555 A8040000 		.4byte	.LASF67
 1402 0559 A8040000 		.4byte	.LASF67
 1403 055d 09       		.byte	0x9
 1404 055e 42       		.byte	0x42
 1405 055f 15       		.uleb128 0x15
 1406 0560 C8040000 		.4byte	.LASF68
 1407 0564 C8040000 		.4byte	.LASF68
 1408 0568 0A       		.byte	0xa
 1409 0569 42       		.byte	0x42
 1410 056a 15       		.uleb128 0x15
 1411 056b E7040000 		.4byte	.LASF69
 1412 056f E7040000 		.4byte	.LASF69
 1413 0573 0B       		.byte	0xb
 1414 0574 42       		.byte	0x42
 1415 0575 15       		.uleb128 0x15
 1416 0576 87050000 		.4byte	.LASF70
 1417 057a 87050000 		.4byte	.LASF70
 1418 057e 0C       		.byte	0xc
 1419 057f 42       		.byte	0x42
 1420 0580 15       		.uleb128 0x15
 1421 0581 0D040000 		.4byte	.LASF71
 1422 0585 0D040000 		.4byte	.LASF71
 1423 0589 08       		.byte	0x8
 1424 058a 5A       		.byte	0x5a
 1425 058b 15       		.uleb128 0x15
 1426 058c 84020000 		.4byte	.LASF72
 1427 0590 84020000 		.4byte	.LASF72
 1428 0594 0D       		.byte	0xd
 1429 0595 18       		.byte	0x18
 1430 0596 15       		.uleb128 0x15
 1431 0597 CC020000 		.4byte	.LASF73
 1432 059b CC020000 		.4byte	.LASF73
 1433 059f 0E       		.byte	0xe
 1434 05a0 18       		.byte	0x18
 1435 05a1 15       		.uleb128 0x15
 1436 05a2 A6020000 		.4byte	.LASF74
 1437 05a6 A6020000 		.4byte	.LASF74
 1438 05aa 0F       		.byte	0xf
 1439 05ab 18       		.byte	0x18
 1440 05ac 15       		.uleb128 0x15
 1441 05ad 25030000 		.4byte	.LASF75
 1442 05b1 25030000 		.4byte	.LASF75
 1443 05b5 09       		.byte	0x9
 1444 05b6 3F       		.byte	0x3f
 1445 05b7 15       		.uleb128 0x15
 1446 05b8 AB050000 		.4byte	.LASF76
 1447 05bc AB050000 		.4byte	.LASF76
 1448 05c0 0A       		.byte	0xa
 1449 05c1 3F       		.byte	0x3f
 1450 05c2 15       		.uleb128 0x15
 1451 05c3 B8030000 		.4byte	.LASF77
 1452 05c7 B8030000 		.4byte	.LASF77
 1453 05cb 0B       		.byte	0xb
 1454 05cc 3F       		.byte	0x3f
 1455 05cd 15       		.uleb128 0x15
 1456 05ce 15010000 		.4byte	.LASF78
ARM GAS  C:\Users\dulan\AppData\Local\Temp\cc1yQeub.s 			page 32


 1457 05d2 15010000 		.4byte	.LASF78
 1458 05d6 0C       		.byte	0xc
 1459 05d7 3F       		.byte	0x3f
 1460 05d8 15       		.uleb128 0x15
 1461 05d9 2E010000 		.4byte	.LASF79
 1462 05dd 2E010000 		.4byte	.LASF79
 1463 05e1 10       		.byte	0x10
 1464 05e2 27       		.byte	0x27
 1465 05e3 15       		.uleb128 0x15
 1466 05e4 B7000000 		.4byte	.LASF80
 1467 05e8 B7000000 		.4byte	.LASF80
 1468 05ec 11       		.byte	0x11
 1469 05ed 92       		.byte	0x92
 1470 05ee 15       		.uleb128 0x15
 1471 05ef 56030000 		.4byte	.LASF81
 1472 05f3 56030000 		.4byte	.LASF81
 1473 05f7 12       		.byte	0x12
 1474 05f8 92       		.byte	0x92
 1475 05f9 15       		.uleb128 0x15
 1476 05fa 1B040000 		.4byte	.LASF82
 1477 05fe 1B040000 		.4byte	.LASF82
 1478 0602 11       		.byte	0x11
 1479 0603 BE       		.byte	0xbe
 1480 0604 15       		.uleb128 0x15
 1481 0605 99050000 		.4byte	.LASF83
 1482 0609 99050000 		.4byte	.LASF83
 1483 060d 12       		.byte	0x12
 1484 060e BE       		.byte	0xbe
 1485 060f 15       		.uleb128 0x15
 1486 0610 5A040000 		.4byte	.LASF84
 1487 0614 5A040000 		.4byte	.LASF84
 1488 0618 06       		.byte	0x6
 1489 0619 48       		.byte	0x48
 1490 061a 15       		.uleb128 0x15
 1491 061b ED010000 		.4byte	.LASF85
 1492 061f ED010000 		.4byte	.LASF85
 1493 0623 07       		.byte	0x7
 1494 0624 48       		.byte	0x48
 1495 0625 15       		.uleb128 0x15
 1496 0626 FE010000 		.4byte	.LASF86
 1497 062a FE010000 		.4byte	.LASF86
 1498 062e 13       		.byte	0x13
 1499 062f 26       		.byte	0x26
 1500 0630 15       		.uleb128 0x15
 1501 0631 85040000 		.4byte	.LASF87
 1502 0635 85040000 		.4byte	.LASF87
 1503 0639 11       		.byte	0x11
 1504 063a C3       		.byte	0xc3
 1505 063b 15       		.uleb128 0x15
 1506 063c CC010000 		.4byte	.LASF88
 1507 0640 CC010000 		.4byte	.LASF88
 1508 0644 12       		.byte	0x12
 1509 0645 C3       		.byte	0xc3
 1510 0646 00       		.byte	0
 1511              		.section	.debug_abbrev,"",%progbits
 1512              	.Ldebug_abbrev0:
 1513 0000 01       		.uleb128 0x1
ARM GAS  C:\Users\dulan\AppData\Local\Temp\cc1yQeub.s 			page 33


 1514 0001 11       		.uleb128 0x11
 1515 0002 01       		.byte	0x1
 1516 0003 25       		.uleb128 0x25
 1517 0004 0E       		.uleb128 0xe
 1518 0005 13       		.uleb128 0x13
 1519 0006 0B       		.uleb128 0xb
 1520 0007 03       		.uleb128 0x3
 1521 0008 0E       		.uleb128 0xe
 1522 0009 1B       		.uleb128 0x1b
 1523 000a 0E       		.uleb128 0xe
 1524 000b 55       		.uleb128 0x55
 1525 000c 17       		.uleb128 0x17
 1526 000d 11       		.uleb128 0x11
 1527 000e 01       		.uleb128 0x1
 1528 000f 10       		.uleb128 0x10
 1529 0010 17       		.uleb128 0x17
 1530 0011 00       		.byte	0
 1531 0012 00       		.byte	0
 1532 0013 02       		.uleb128 0x2
 1533 0014 24       		.uleb128 0x24
 1534 0015 00       		.byte	0
 1535 0016 0B       		.uleb128 0xb
 1536 0017 0B       		.uleb128 0xb
 1537 0018 3E       		.uleb128 0x3e
 1538 0019 0B       		.uleb128 0xb
 1539 001a 03       		.uleb128 0x3
 1540 001b 0E       		.uleb128 0xe
 1541 001c 00       		.byte	0
 1542 001d 00       		.byte	0
 1543 001e 03       		.uleb128 0x3
 1544 001f 16       		.uleb128 0x16
 1545 0020 00       		.byte	0
 1546 0021 03       		.uleb128 0x3
 1547 0022 0E       		.uleb128 0xe
 1548 0023 3A       		.uleb128 0x3a
 1549 0024 0B       		.uleb128 0xb
 1550 0025 3B       		.uleb128 0x3b
 1551 0026 0B       		.uleb128 0xb
 1552 0027 49       		.uleb128 0x49
 1553 0028 13       		.uleb128 0x13
 1554 0029 00       		.byte	0
 1555 002a 00       		.byte	0
 1556 002b 04       		.uleb128 0x4
 1557 002c 24       		.uleb128 0x24
 1558 002d 00       		.byte	0
 1559 002e 0B       		.uleb128 0xb
 1560 002f 0B       		.uleb128 0xb
 1561 0030 3E       		.uleb128 0x3e
 1562 0031 0B       		.uleb128 0xb
 1563 0032 03       		.uleb128 0x3
 1564 0033 08       		.uleb128 0x8
 1565 0034 00       		.byte	0
 1566 0035 00       		.byte	0
 1567 0036 05       		.uleb128 0x5
 1568 0037 16       		.uleb128 0x16
 1569 0038 00       		.byte	0
 1570 0039 03       		.uleb128 0x3
ARM GAS  C:\Users\dulan\AppData\Local\Temp\cc1yQeub.s 			page 34


 1571 003a 0E       		.uleb128 0xe
 1572 003b 3A       		.uleb128 0x3a
 1573 003c 0B       		.uleb128 0xb
 1574 003d 3B       		.uleb128 0x3b
 1575 003e 05       		.uleb128 0x5
 1576 003f 49       		.uleb128 0x49
 1577 0040 13       		.uleb128 0x13
 1578 0041 00       		.byte	0
 1579 0042 00       		.byte	0
 1580 0043 06       		.uleb128 0x6
 1581 0044 04       		.uleb128 0x4
 1582 0045 01       		.byte	0x1
 1583 0046 0B       		.uleb128 0xb
 1584 0047 0B       		.uleb128 0xb
 1585 0048 49       		.uleb128 0x49
 1586 0049 13       		.uleb128 0x13
 1587 004a 3A       		.uleb128 0x3a
 1588 004b 0B       		.uleb128 0xb
 1589 004c 3B       		.uleb128 0x3b
 1590 004d 0B       		.uleb128 0xb
 1591 004e 01       		.uleb128 0x1
 1592 004f 13       		.uleb128 0x13
 1593 0050 00       		.byte	0
 1594 0051 00       		.byte	0
 1595 0052 07       		.uleb128 0x7
 1596 0053 28       		.uleb128 0x28
 1597 0054 00       		.byte	0
 1598 0055 03       		.uleb128 0x3
 1599 0056 0E       		.uleb128 0xe
 1600 0057 1C       		.uleb128 0x1c
 1601 0058 0B       		.uleb128 0xb
 1602 0059 00       		.byte	0
 1603 005a 00       		.byte	0
 1604 005b 08       		.uleb128 0x8
 1605 005c 2E       		.uleb128 0x2e
 1606 005d 00       		.byte	0
 1607 005e 3F       		.uleb128 0x3f
 1608 005f 19       		.uleb128 0x19
 1609 0060 03       		.uleb128 0x3
 1610 0061 0E       		.uleb128 0xe
 1611 0062 3A       		.uleb128 0x3a
 1612 0063 0B       		.uleb128 0xb
 1613 0064 3B       		.uleb128 0x3b
 1614 0065 0B       		.uleb128 0xb
 1615 0066 27       		.uleb128 0x27
 1616 0067 19       		.uleb128 0x19
 1617 0068 11       		.uleb128 0x11
 1618 0069 01       		.uleb128 0x1
 1619 006a 12       		.uleb128 0x12
 1620 006b 06       		.uleb128 0x6
 1621 006c 40       		.uleb128 0x40
 1622 006d 18       		.uleb128 0x18
 1623 006e 9742     		.uleb128 0x2117
 1624 0070 19       		.uleb128 0x19
 1625 0071 00       		.byte	0
 1626 0072 00       		.byte	0
 1627 0073 09       		.uleb128 0x9
ARM GAS  C:\Users\dulan\AppData\Local\Temp\cc1yQeub.s 			page 35


 1628 0074 2E       		.uleb128 0x2e
 1629 0075 01       		.byte	0x1
 1630 0076 3F       		.uleb128 0x3f
 1631 0077 19       		.uleb128 0x19
 1632 0078 03       		.uleb128 0x3
 1633 0079 0E       		.uleb128 0xe
 1634 007a 3A       		.uleb128 0x3a
 1635 007b 0B       		.uleb128 0xb
 1636 007c 3B       		.uleb128 0x3b
 1637 007d 0B       		.uleb128 0xb
 1638 007e 27       		.uleb128 0x27
 1639 007f 19       		.uleb128 0x19
 1640 0080 11       		.uleb128 0x11
 1641 0081 01       		.uleb128 0x1
 1642 0082 12       		.uleb128 0x12
 1643 0083 06       		.uleb128 0x6
 1644 0084 40       		.uleb128 0x40
 1645 0085 18       		.uleb128 0x18
 1646 0086 9642     		.uleb128 0x2116
 1647 0088 19       		.uleb128 0x19
 1648 0089 01       		.uleb128 0x1
 1649 008a 13       		.uleb128 0x13
 1650 008b 00       		.byte	0
 1651 008c 00       		.byte	0
 1652 008d 0A       		.uleb128 0xa
 1653 008e 898201   		.uleb128 0x4109
 1654 0091 00       		.byte	0
 1655 0092 11       		.uleb128 0x11
 1656 0093 01       		.uleb128 0x1
 1657 0094 31       		.uleb128 0x31
 1658 0095 13       		.uleb128 0x13
 1659 0096 00       		.byte	0
 1660 0097 00       		.byte	0
 1661 0098 0B       		.uleb128 0xb
 1662 0099 898201   		.uleb128 0x4109
 1663 009c 01       		.byte	0x1
 1664 009d 11       		.uleb128 0x11
 1665 009e 01       		.uleb128 0x1
 1666 009f 31       		.uleb128 0x31
 1667 00a0 13       		.uleb128 0x13
 1668 00a1 01       		.uleb128 0x1
 1669 00a2 13       		.uleb128 0x13
 1670 00a3 00       		.byte	0
 1671 00a4 00       		.byte	0
 1672 00a5 0C       		.uleb128 0xc
 1673 00a6 8A8201   		.uleb128 0x410a
 1674 00a9 00       		.byte	0
 1675 00aa 02       		.uleb128 0x2
 1676 00ab 18       		.uleb128 0x18
 1677 00ac 9142     		.uleb128 0x2111
 1678 00ae 18       		.uleb128 0x18
 1679 00af 00       		.byte	0
 1680 00b0 00       		.byte	0
 1681 00b1 0D       		.uleb128 0xd
 1682 00b2 2E       		.uleb128 0x2e
 1683 00b3 01       		.byte	0x1
 1684 00b4 3F       		.uleb128 0x3f
ARM GAS  C:\Users\dulan\AppData\Local\Temp\cc1yQeub.s 			page 36


 1685 00b5 19       		.uleb128 0x19
 1686 00b6 03       		.uleb128 0x3
 1687 00b7 0E       		.uleb128 0xe
 1688 00b8 3A       		.uleb128 0x3a
 1689 00b9 0B       		.uleb128 0xb
 1690 00ba 3B       		.uleb128 0x3b
 1691 00bb 0B       		.uleb128 0xb
 1692 00bc 27       		.uleb128 0x27
 1693 00bd 19       		.uleb128 0x19
 1694 00be 11       		.uleb128 0x11
 1695 00bf 01       		.uleb128 0x1
 1696 00c0 12       		.uleb128 0x12
 1697 00c1 06       		.uleb128 0x6
 1698 00c2 40       		.uleb128 0x40
 1699 00c3 18       		.uleb128 0x18
 1700 00c4 9742     		.uleb128 0x2117
 1701 00c6 19       		.uleb128 0x19
 1702 00c7 01       		.uleb128 0x1
 1703 00c8 13       		.uleb128 0x13
 1704 00c9 00       		.byte	0
 1705 00ca 00       		.byte	0
 1706 00cb 0E       		.uleb128 0xe
 1707 00cc 2E       		.uleb128 0x2e
 1708 00cd 00       		.byte	0
 1709 00ce 3F       		.uleb128 0x3f
 1710 00cf 19       		.uleb128 0x19
 1711 00d0 03       		.uleb128 0x3
 1712 00d1 0E       		.uleb128 0xe
 1713 00d2 3A       		.uleb128 0x3a
 1714 00d3 0B       		.uleb128 0xb
 1715 00d4 3B       		.uleb128 0x3b
 1716 00d5 0B       		.uleb128 0xb
 1717 00d6 11       		.uleb128 0x11
 1718 00d7 01       		.uleb128 0x1
 1719 00d8 12       		.uleb128 0x12
 1720 00d9 06       		.uleb128 0x6
 1721 00da 40       		.uleb128 0x40
 1722 00db 18       		.uleb128 0x18
 1723 00dc 9742     		.uleb128 0x2117
 1724 00de 19       		.uleb128 0x19
 1725 00df 00       		.byte	0
 1726 00e0 00       		.byte	0
 1727 00e1 0F       		.uleb128 0xf
 1728 00e2 05       		.uleb128 0x5
 1729 00e3 00       		.byte	0
 1730 00e4 03       		.uleb128 0x3
 1731 00e5 0E       		.uleb128 0xe
 1732 00e6 3A       		.uleb128 0x3a
 1733 00e7 0B       		.uleb128 0xb
 1734 00e8 3B       		.uleb128 0x3b
 1735 00e9 0B       		.uleb128 0xb
 1736 00ea 49       		.uleb128 0x49
 1737 00eb 13       		.uleb128 0x13
 1738 00ec 02       		.uleb128 0x2
 1739 00ed 18       		.uleb128 0x18
 1740 00ee 00       		.byte	0
 1741 00ef 00       		.byte	0
ARM GAS  C:\Users\dulan\AppData\Local\Temp\cc1yQeub.s 			page 37


 1742 00f0 10       		.uleb128 0x10
 1743 00f1 2E       		.uleb128 0x2e
 1744 00f2 01       		.byte	0x1
 1745 00f3 3F       		.uleb128 0x3f
 1746 00f4 19       		.uleb128 0x19
 1747 00f5 03       		.uleb128 0x3
 1748 00f6 0E       		.uleb128 0xe
 1749 00f7 3A       		.uleb128 0x3a
 1750 00f8 0B       		.uleb128 0xb
 1751 00f9 3B       		.uleb128 0x3b
 1752 00fa 0B       		.uleb128 0xb
 1753 00fb 27       		.uleb128 0x27
 1754 00fc 19       		.uleb128 0x19
 1755 00fd 49       		.uleb128 0x49
 1756 00fe 13       		.uleb128 0x13
 1757 00ff 8701     		.uleb128 0x87
 1758 0101 19       		.uleb128 0x19
 1759 0102 11       		.uleb128 0x11
 1760 0103 01       		.uleb128 0x1
 1761 0104 12       		.uleb128 0x12
 1762 0105 06       		.uleb128 0x6
 1763 0106 40       		.uleb128 0x40
 1764 0107 18       		.uleb128 0x18
 1765 0108 9642     		.uleb128 0x2116
 1766 010a 19       		.uleb128 0x19
 1767 010b 01       		.uleb128 0x1
 1768 010c 13       		.uleb128 0x13
 1769 010d 00       		.byte	0
 1770 010e 00       		.byte	0
 1771 010f 11       		.uleb128 0x11
 1772 0110 34       		.uleb128 0x34
 1773 0111 00       		.byte	0
 1774 0112 03       		.uleb128 0x3
 1775 0113 0E       		.uleb128 0xe
 1776 0114 3A       		.uleb128 0x3a
 1777 0115 0B       		.uleb128 0xb
 1778 0116 3B       		.uleb128 0x3b
 1779 0117 05       		.uleb128 0x5
 1780 0118 49       		.uleb128 0x49
 1781 0119 13       		.uleb128 0x13
 1782 011a 3F       		.uleb128 0x3f
 1783 011b 19       		.uleb128 0x19
 1784 011c 3C       		.uleb128 0x3c
 1785 011d 19       		.uleb128 0x19
 1786 011e 00       		.byte	0
 1787 011f 00       		.byte	0
 1788 0120 12       		.uleb128 0x12
 1789 0121 35       		.uleb128 0x35
 1790 0122 00       		.byte	0
 1791 0123 49       		.uleb128 0x49
 1792 0124 13       		.uleb128 0x13
 1793 0125 00       		.byte	0
 1794 0126 00       		.byte	0
 1795 0127 13       		.uleb128 0x13
 1796 0128 34       		.uleb128 0x34
 1797 0129 00       		.byte	0
 1798 012a 03       		.uleb128 0x3
ARM GAS  C:\Users\dulan\AppData\Local\Temp\cc1yQeub.s 			page 38


 1799 012b 0E       		.uleb128 0xe
 1800 012c 3A       		.uleb128 0x3a
 1801 012d 0B       		.uleb128 0xb
 1802 012e 3B       		.uleb128 0x3b
 1803 012f 0B       		.uleb128 0xb
 1804 0130 49       		.uleb128 0x49
 1805 0131 13       		.uleb128 0x13
 1806 0132 3F       		.uleb128 0x3f
 1807 0133 19       		.uleb128 0x19
 1808 0134 02       		.uleb128 0x2
 1809 0135 18       		.uleb128 0x18
 1810 0136 00       		.byte	0
 1811 0137 00       		.byte	0
 1812 0138 14       		.uleb128 0x14
 1813 0139 34       		.uleb128 0x34
 1814 013a 00       		.byte	0
 1815 013b 03       		.uleb128 0x3
 1816 013c 08       		.uleb128 0x8
 1817 013d 3A       		.uleb128 0x3a
 1818 013e 0B       		.uleb128 0xb
 1819 013f 3B       		.uleb128 0x3b
 1820 0140 0B       		.uleb128 0xb
 1821 0141 49       		.uleb128 0x49
 1822 0142 13       		.uleb128 0x13
 1823 0143 3F       		.uleb128 0x3f
 1824 0144 19       		.uleb128 0x19
 1825 0145 02       		.uleb128 0x2
 1826 0146 18       		.uleb128 0x18
 1827 0147 00       		.byte	0
 1828 0148 00       		.byte	0
 1829 0149 15       		.uleb128 0x15
 1830 014a 2E       		.uleb128 0x2e
 1831 014b 00       		.byte	0
 1832 014c 3F       		.uleb128 0x3f
 1833 014d 19       		.uleb128 0x19
 1834 014e 3C       		.uleb128 0x3c
 1835 014f 19       		.uleb128 0x19
 1836 0150 6E       		.uleb128 0x6e
 1837 0151 0E       		.uleb128 0xe
 1838 0152 03       		.uleb128 0x3
 1839 0153 0E       		.uleb128 0xe
 1840 0154 3A       		.uleb128 0x3a
 1841 0155 0B       		.uleb128 0xb
 1842 0156 3B       		.uleb128 0x3b
 1843 0157 0B       		.uleb128 0xb
 1844 0158 00       		.byte	0
 1845 0159 00       		.byte	0
 1846 015a 00       		.byte	0
 1847              		.section	.debug_aranges,"",%progbits
 1848 0000 54000000 		.4byte	0x54
 1849 0004 0200     		.2byte	0x2
 1850 0006 00000000 		.4byte	.Ldebug_info0
 1851 000a 04       		.byte	0x4
 1852 000b 00       		.byte	0
 1853 000c 0000     		.2byte	0
 1854 000e 0000     		.2byte	0
 1855 0010 00000000 		.4byte	.LFB65
ARM GAS  C:\Users\dulan\AppData\Local\Temp\cc1yQeub.s 			page 39


 1856 0014 48000000 		.4byte	.LFE65-.LFB65
 1857 0018 00000000 		.4byte	.LFB64
 1858 001c 80000000 		.4byte	.LFE64-.LFB64
 1859 0020 00000000 		.4byte	.LFB66
 1860 0024 74000000 		.4byte	.LFE66-.LFB66
 1861 0028 00000000 		.4byte	.LFB67
 1862 002c 14000000 		.4byte	.LFE67-.LFB67
 1863 0030 00000000 		.4byte	.LFB68
 1864 0034 18000000 		.4byte	.LFE68-.LFB68
 1865 0038 00000000 		.4byte	.LFB69
 1866 003c 50000000 		.4byte	.LFE69-.LFB69
 1867 0040 00000000 		.4byte	.LFB70
 1868 0044 10000000 		.4byte	.LFE70-.LFB70
 1869 0048 00000000 		.4byte	.LFB71
 1870 004c 24010000 		.4byte	.LFE71-.LFB71
 1871 0050 00000000 		.4byte	0
 1872 0054 00000000 		.4byte	0
 1873              		.section	.debug_ranges,"",%progbits
 1874              	.Ldebug_ranges0:
 1875 0000 00000000 		.4byte	.LFB65
 1876 0004 48000000 		.4byte	.LFE65
 1877 0008 00000000 		.4byte	.LFB64
 1878 000c 80000000 		.4byte	.LFE64
 1879 0010 00000000 		.4byte	.LFB66
 1880 0014 74000000 		.4byte	.LFE66
 1881 0018 00000000 		.4byte	.LFB67
 1882 001c 14000000 		.4byte	.LFE67
 1883 0020 00000000 		.4byte	.LFB68
 1884 0024 18000000 		.4byte	.LFE68
 1885 0028 00000000 		.4byte	.LFB69
 1886 002c 50000000 		.4byte	.LFE69
 1887 0030 00000000 		.4byte	.LFB70
 1888 0034 10000000 		.4byte	.LFE70
 1889 0038 00000000 		.4byte	.LFB71
 1890 003c 24010000 		.4byte	.LFE71
 1891 0040 00000000 		.4byte	0
 1892 0044 00000000 		.4byte	0
 1893              		.section	.debug_line,"",%progbits
 1894              	.Ldebug_line0:
 1895 0000 1A030000 		.section	.debug_str,"MS",%progbits,1
 1895      0200FA01 
 1895      00000201 
 1895      FB0E0D00 
 1895      01010101 
 1896              	.LASF42:
 1897 0000 74617267 		.ascii	"target_diatance\000"
 1897      65745F64 
 1897      69617461 
 1897      6E636500 
 1898              	.LASF91:
 1899 0010 433A5C55 		.ascii	"C:\\Users\\dulan\\OneDrive\\Desktop\\ENGGEN\\2023_s"
 1899      73657273 
 1899      5C64756C 
 1899      616E5C4F 
 1899      6E654472 
 1900 003d 656D325C 		.ascii	"em2\\301\\COMPSYS301\\Dulanya\\final\\CS301_15.cyds"
 1900      3330315C 
ARM GAS  C:\Users\dulan\AppData\Local\Temp\cc1yQeub.s 			page 40


 1900      434F4D50 
 1900      53595333 
 1900      30315C44 
 1901 006b 6E5C4164 		.ascii	"n\\Additional_HD.cydsn\000"
 1901      64697469 
 1901      6F6E616C 
 1901      5F48442E 
 1901      63796473 
 1902              	.LASF20:
 1903 0081 474F5F53 		.ascii	"GO_STRAIGHT\000"
 1903      54524149 
 1903      47485400 
 1904              	.LASF45:
 1905 008d 656E636F 		.ascii	"encoder_value_sum_M1\000"
 1905      6465725F 
 1905      76616C75 
 1905      655F7375 
 1905      6D5F4D31 
 1906              	.LASF46:
 1907 00a2 656E636F 		.ascii	"encoder_value_sum_M2\000"
 1907      6465725F 
 1907      76616C75 
 1907      655F7375 
 1907      6D5F4D32 
 1908              	.LASF80:
 1909 00b7 50574D5F 		.ascii	"PWM_1_Start\000"
 1909      315F5374 
 1909      61727400 
 1910              	.LASF17:
 1911 00c3 666C6F61 		.ascii	"float32\000"
 1911      74333200 
 1912              	.LASF48:
 1913 00cb 63757272 		.ascii	"current_state\000"
 1913      656E745F 
 1913      73746174 
 1913      6500
 1914              	.LASF57:
 1915 00d9 636F6D70 		.ascii	"comp1_sum\000"
 1915      315F7375 
 1915      6D00
 1916              	.LASF55:
 1917 00e3 7475726E 		.ascii	"turn_complete\000"
 1917      5F636F6D 
 1917      706C6574 
 1917      6500
 1918              	.LASF10:
 1919 00f1 73697A65 		.ascii	"sizetype\000"
 1919      74797065 
 1919      00
 1920              	.LASF94:
 1921 00fa 6D61696E 		.ascii	"main\000"
 1921      00
 1922              	.LASF36:
 1923 00ff 77686565 		.ascii	"wheelCircumference_cm\000"
 1923      6C436972 
 1923      63756D66 
 1923      6572656E 
ARM GAS  C:\Users\dulan\AppData\Local\Temp\cc1yQeub.s 			page 41


 1923      63655F63 
 1924              	.LASF78:
 1925 0115 436F6D70 		.ascii	"Comp_3_Start\000"
 1925      5F335F53 
 1925      74617274 
 1925      00
 1926              	.LASF24:
 1927 0122 4C454654 		.ascii	"LEFT_ADJUST\000"
 1927      5F41444A 
 1927      55535400 
 1928              	.LASF79:
 1929 012e 436C6F63 		.ascii	"Clock_PWM_Start\000"
 1929      6B5F5057 
 1929      4D5F5374 
 1929      61727400 
 1930              	.LASF2:
 1931 013e 73686F72 		.ascii	"short int\000"
 1931      7420696E 
 1931      7400
 1932              	.LASF26:
 1933 0148 526F626F 		.ascii	"RobotState\000"
 1933      74537461 
 1933      746500
 1934              	.LASF58:
 1935 0153 636F6D70 		.ascii	"comp2_sum\000"
 1935      325F7375 
 1935      6D00
 1936              	.LASF66:
 1937 015d 54696D65 		.ascii	"Timer_1_ReadStatusRegister\000"
 1937      725F315F 
 1937      52656164 
 1937      53746174 
 1937      75735265 
 1938              	.LASF53:
 1939 0178 72696768 		.ascii	"right_on\000"
 1939      745F6F6E 
 1939      00
 1940              	.LASF35:
 1941 0181 656E636F 		.ascii	"encoderCounts_M2\000"
 1941      64657243 
 1941      6F756E74 
 1941      735F4D32 
 1941      00
 1942              	.LASF14:
 1943 0192 75696E74 		.ascii	"uint8\000"
 1943      3800
 1944              	.LASF54:
 1945 0198 6D696464 		.ascii	"middle_on\000"
 1945      6C655F6F 
 1945      6E00
 1946              	.LASF43:
 1947 01a2 73706565 		.ascii	"speed_M1\000"
 1947      645F4D31 
 1947      00
 1948              	.LASF31:
 1949 01ab 676F5374 		.ascii	"goStraight\000"
 1949      72616967 
ARM GAS  C:\Users\dulan\AppData\Local\Temp\cc1yQeub.s 			page 42


 1949      687400
 1950              	.LASF62:
 1951 01b6 51756164 		.ascii	"QuadDec_M1_GetCounter\000"
 1951      4465635F 
 1951      4D315F47 
 1951      6574436F 
 1951      756E7465 
 1952              	.LASF88:
 1953 01cc 50574D5F 		.ascii	"PWM_2_WriteCompare\000"
 1953      325F5772 
 1953      69746543 
 1953      6F6D7061 
 1953      726500
 1954              	.LASF18:
 1955 01df 666C6F61 		.ascii	"float\000"
 1955      7400
 1956              	.LASF51:
 1957 01e5 6C656674 		.ascii	"left_on\000"
 1957      5F6F6E00 
 1958              	.LASF85:
 1959 01ed 51756164 		.ascii	"QuadDec_M2_Start\000"
 1959      4465635F 
 1959      4D325F53 
 1959      74617274 
 1959      00
 1960              	.LASF86:
 1961 01fe 4C45445F 		.ascii	"LED_1_Write\000"
 1961      315F5772 
 1961      69746500 
 1962              	.LASF6:
 1963 020a 6C6F6E67 		.ascii	"long long int\000"
 1963      206C6F6E 
 1963      6720696E 
 1963      7400
 1964              	.LASF63:
 1965 0218 51756164 		.ascii	"QuadDec_M2_GetCounter\000"
 1965      4465635F 
 1965      4D325F47 
 1965      6574436F 
 1965      756E7465 
 1966              	.LASF92:
 1967 022e 6973725F 		.ascii	"isr_2_handler\000"
 1967      325F6861 
 1967      6E646C65 
 1967      7200
 1968              	.LASF21:
 1969 023c 5455524E 		.ascii	"TURN_LEFT\000"
 1969      5F4C4546 
 1969      5400
 1970              	.LASF11:
 1971 0246 63686172 		.ascii	"char\000"
 1971      00
 1972              	.LASF4:
 1973 024b 6C6F6E67 		.ascii	"long int\000"
 1973      20696E74 
 1973      00
 1974              	.LASF27:
ARM GAS  C:\Users\dulan\AppData\Local\Temp\cc1yQeub.s 			page 43


 1975 0254 6973725F 		.ascii	"isr_3_handler\000"
 1975      335F6861 
 1975      6E646C65 
 1975      7200
 1976              	.LASF22:
 1977 0262 5455524E 		.ascii	"TURN_RIGHT\000"
 1977      5F524947 
 1977      485400
 1978              	.LASF61:
 1979 026d 50574D5F 		.ascii	"PWM_L\000"
 1979      4C00
 1980              	.LASF34:
 1981 0273 656E636F 		.ascii	"encoderCounts_M1\000"
 1981      64657243 
 1981      6F756E74 
 1981      735F4D31 
 1981      00
 1982              	.LASF72:
 1983 0284 6973725F 		.ascii	"isr_1_StartEx\000"
 1983      315F5374 
 1983      61727445 
 1983      7800
 1984              	.LASF60:
 1985 0292 50574D5F 		.ascii	"PWM_R\000"
 1985      5200
 1986              	.LASF1:
 1987 0298 756E7369 		.ascii	"unsigned char\000"
 1987      676E6564 
 1987      20636861 
 1987      7200
 1988              	.LASF74:
 1989 02a6 6973725F 		.ascii	"isr_2_StartEx\000"
 1989      325F5374 
 1989      61727445 
 1989      7800
 1990              	.LASF38:
 1991 02b4 64697374 		.ascii	"distance_M1\000"
 1991      616E6365 
 1991      5F4D3100 
 1992              	.LASF9:
 1993 02c0 6C6F6E67 		.ascii	"long double\000"
 1993      20646F75 
 1993      626C6500 
 1994              	.LASF73:
 1995 02cc 6973725F 		.ascii	"isr_3_StartEx\000"
 1995      335F5374 
 1995      61727445 
 1995      7800
 1996              	.LASF47:
 1997 02da 636F756E 		.ascii	"counter\000"
 1997      74657200 
 1998              	.LASF56:
 1999 02e2 636F6D70 		.ascii	"comp0_sum\000"
 1999      305F7375 
 1999      6D00
 2000              	.LASF30:
 2001 02ec 7475726E 		.ascii	"turnLeft\000"
ARM GAS  C:\Users\dulan\AppData\Local\Temp\cc1yQeub.s 			page 44


 2001      4C656674 
 2001      00
 2002              	.LASF0:
 2003 02f5 7369676E 		.ascii	"signed char\000"
 2003      65642063 
 2003      68617200 
 2004              	.LASF7:
 2005 0301 6C6F6E67 		.ascii	"long long unsigned int\000"
 2005      206C6F6E 
 2005      6720756E 
 2005      7369676E 
 2005      65642069 
 2006              	.LASF8:
 2007 0318 756E7369 		.ascii	"unsigned int\000"
 2007      676E6564 
 2007      20696E74 
 2007      00
 2008              	.LASF75:
 2009 0325 436F6D70 		.ascii	"Comp_0_Start\000"
 2009      5F305F53 
 2009      74617274 
 2009      00
 2010              	.LASF59:
 2011 0332 636F6D70 		.ascii	"comp3_sum\000"
 2011      335F7375 
 2011      6D00
 2012              	.LASF28:
 2013 033c 6973725F 		.ascii	"isr_1_handler\000"
 2013      315F6861 
 2013      6E646C65 
 2013      7200
 2014              	.LASF32:
 2015 034a 676F5F64 		.ascii	"go_distance\000"
 2015      69737461 
 2015      6E636500 
 2016              	.LASF81:
 2017 0356 50574D5F 		.ascii	"PWM_2_Start\000"
 2017      325F5374 
 2017      61727400 
 2018              	.LASF3:
 2019 0362 73686F72 		.ascii	"short unsigned int\000"
 2019      7420756E 
 2019      7369676E 
 2019      65642069 
 2019      6E7400
 2020              	.LASF64:
 2021 0375 51756164 		.ascii	"QuadDec_M1_SetCounter\000"
 2021      4465635F 
 2021      4D315F53 
 2021      6574436F 
 2021      756E7465 
 2022              	.LASF40:
 2023 038b 63757272 		.ascii	"current_distance_M1\000"
 2023      656E745F 
 2023      64697374 
 2023      616E6365 
 2023      5F4D3100 
ARM GAS  C:\Users\dulan\AppData\Local\Temp\cc1yQeub.s 			page 45


 2024              	.LASF41:
 2025 039f 63757272 		.ascii	"current_distance_M2\000"
 2025      656E745F 
 2025      64697374 
 2025      616E6365 
 2025      5F4D3200 
 2026              	.LASF29:
 2027 03b3 73746F70 		.ascii	"stop\000"
 2027      00
 2028              	.LASF77:
 2029 03b8 436F6D70 		.ascii	"Comp_2_Start\000"
 2029      5F325F53 
 2029      74617274 
 2029      00
 2030              	.LASF93:
 2031 03c5 64697374 		.ascii	"distance\000"
 2031      616E6365 
 2031      00
 2032              	.LASF65:
 2033 03ce 51756164 		.ascii	"QuadDec_M2_SetCounter\000"
 2033      4465635F 
 2033      4D325F53 
 2033      6574436F 
 2033      756E7465 
 2034              	.LASF13:
 2035 03e4 696E7433 		.ascii	"int32_t\000"
 2035      325F7400 
 2036              	.LASF37:
 2037 03ec 74696D65 		.ascii	"timeInterval_s\000"
 2037      496E7465 
 2037      7276616C 
 2037      5F7300
 2038              	.LASF52:
 2039 03fb 5F426F6F 		.ascii	"_Bool\000"
 2039      6C00
 2040              	.LASF39:
 2041 0401 64697374 		.ascii	"distance_M2\000"
 2041      616E6365 
 2041      5F4D3200 
 2042              	.LASF71:
 2043 040d 54696D65 		.ascii	"Timer_1_Start\000"
 2043      725F315F 
 2043      53746172 
 2043      7400
 2044              	.LASF82:
 2045 041b 50574D5F 		.ascii	"PWM_1_WritePeriod\000"
 2045      315F5772 
 2045      69746550 
 2045      6572696F 
 2045      6400
 2046              	.LASF15:
 2047 042d 75696E74 		.ascii	"uint32\000"
 2047      333200
 2048              	.LASF90:
 2049 0434 6D61696E 		.ascii	"main.c\000"
 2049      2E6300
 2050              	.LASF5:
ARM GAS  C:\Users\dulan\AppData\Local\Temp\cc1yQeub.s 			page 46


 2051 043b 6C6F6E67 		.ascii	"long unsigned int\000"
 2051      20756E73 
 2051      69676E65 
 2051      6420696E 
 2051      7400
 2052              	.LASF16:
 2053 044d 696E7433 		.ascii	"int32\000"
 2053      3200
 2054              	.LASF19:
 2055 0453 646F7562 		.ascii	"double\000"
 2055      6C6500
 2056              	.LASF84:
 2057 045a 51756164 		.ascii	"QuadDec_M1_Start\000"
 2057      4465635F 
 2057      4D315F53 
 2057      74617274 
 2057      00
 2058              	.LASF33:
 2059 046b 49544D5F 		.ascii	"ITM_RxBuffer\000"
 2059      52784275 
 2059      66666572 
 2059      00
 2060              	.LASF23:
 2061 0478 52494748 		.ascii	"RIGHT_ADJUST\000"
 2061      545F4144 
 2061      4A555354 
 2061      00
 2062              	.LASF87:
 2063 0485 50574D5F 		.ascii	"PWM_1_WriteCompare\000"
 2063      315F5772 
 2063      69746543 
 2063      6F6D7061 
 2063      726500
 2064              	.LASF49:
 2065 0498 636F756E 		.ascii	"count\000"
 2065      7400
 2066              	.LASF12:
 2067 049e 5F5F696E 		.ascii	"__int32_t\000"
 2067      7433325F 
 2067      7400
 2068              	.LASF67:
 2069 04a8 436F6D70 		.ascii	"Comp_0_GetCompare\000"
 2069      5F305F47 
 2069      6574436F 
 2069      6D706172 
 2069      6500
 2070              	.LASF25:
 2071 04ba 53544F50 		.ascii	"STOP\000"
 2071      00
 2072              	.LASF44:
 2073 04bf 73706565 		.ascii	"speed_M2\000"
 2073      645F4D32 
 2073      00
 2074              	.LASF68:
 2075 04c8 436F6D70 		.ascii	"Comp_1_GetCompare\000"
 2075      5F315F47 
 2075      6574436F 
ARM GAS  C:\Users\dulan\AppData\Local\Temp\cc1yQeub.s 			page 47


 2075      6D706172 
 2075      6500
 2076              	.LASF50:
 2077 04da 7475726E 		.ascii	"turn_counter\000"
 2077      5F636F75 
 2077      6E746572 
 2077      00
 2078              	.LASF69:
 2079 04e7 436F6D70 		.ascii	"Comp_2_GetCompare\000"
 2079      5F325F47 
 2079      6574436F 
 2079      6D706172 
 2079      6500
 2080              	.LASF89:
 2081 04f9 474E5520 		.ascii	"GNU C11 5.4.1 20160609 (release) [ARM/embedded-5-br"
 2081      43313120 
 2081      352E342E 
 2081      31203230 
 2081      31363036 
 2082 052c 616E6368 		.ascii	"anch revision 237715] -mcpu=cortex-m3 -mthumb -g -O"
 2082      20726576 
 2082      6973696F 
 2082      6E203233 
 2082      37373135 
 2083 055f 67202D66 		.ascii	"g -ffunction-sections -ffat-lto-objects\000"
 2083      66756E63 
 2083      74696F6E 
 2083      2D736563 
 2083      74696F6E 
 2084              	.LASF70:
 2085 0587 436F6D70 		.ascii	"Comp_3_GetCompare\000"
 2085      5F335F47 
 2085      6574436F 
 2085      6D706172 
 2085      6500
 2086              	.LASF83:
 2087 0599 50574D5F 		.ascii	"PWM_2_WritePeriod\000"
 2087      325F5772 
 2087      69746550 
 2087      6572696F 
 2087      6400
 2088              	.LASF76:
 2089 05ab 436F6D70 		.ascii	"Comp_1_Start\000"
 2089      5F315F53 
 2089      74617274 
 2089      00
 2090              		.ident	"GCC: (GNU Tools for ARM Embedded Processors) 5.4.1 20160609 (release) [ARM/embedded-5-bran
