Added Pin To Net: NetName=D1A Pin=J18-1
Added Pin To Net: NetName=D1A Pin=P12-2
Added Net: Name=D1A
Added Pin To Net: NetName=D1B Pin=J13-3
Added Pin To Net: NetName=D1B Pin=P15-1
Added Net: Name=D1B
Added Pin To Net: NetName=D2A Pin=J18-7
Added Pin To Net: NetName=D2A Pin=P12-3
Added Net: Name=D2A
Added Pin To Net: NetName=D2B Pin=J13-9
Added Pin To Net: NetName=D2B Pin=P15-2
Added Net: Name=D2B
Added Pin To Net: NetName=Enable Pin=J18-6
Added Pin To Net: NetName=Enable Pin=P1-7
Added Net: Name=Enable
Added Pin To Net: NetName=ENB Pin=J13-8
Added Pin To Net: NetName=ENB Pin=P15-5
Added Net: Name=ENB
Added Pin To Net: NetName=ENCDA-1 Pin=J18-9
Added Pin To Net: NetName=ENCDA-1 Pin=P12-6
Added Net: Name=ENCDA-1
Added Pin To Net: NetName=ENCDA-2 Pin=J18-10
Added Pin To Net: NetName=ENCDA-2 Pin=P12-7
Added Net: Name=ENCDA-2
Added Pin To Net: NetName=ENCDB-1 Pin=P3-7
Added Pin To Net: NetName=ENCDB-1 Pin=P15-7
Added Net: Name=ENCDB-1
Added Pin To Net: NetName=ENCDB-2 Pin=P3-8
Added Pin To Net: NetName=ENCDB-2 Pin=P15-8
Added Net: Name=ENCDB-2
Added Pin To Net: NetName=IN1A Pin=J18-3
Added Pin To Net: NetName=IN1A Pin=P1-8
Added Net: Name=IN1A
Added Pin To Net: NetName=IN1B Pin=J13-5
Added Pin To Net: NetName=IN1B Pin=P15-3
Added Net: Name=IN1B
Added Pin To Net: NetName=IN2A Pin=J18-2
Added Pin To Net: NetName=IN2A Pin=P12-1
Added Net: Name=IN2A
Added Pin To Net: NetName=IN2B Pin=J13-4
Added Pin To Net: NetName=IN2B Pin=P15-4
Added Net: Name=IN2B
