Change Component Comment : Designator=D1 Old Comment=LED_S New Comment=LED
Change Component Comment : Designator=D2 Old Comment=LED_S New Comment=LED
Change Component Comment : Designator=D3 Old Comment=LED_S New Comment=LED
Added Component: Designator=C1(CCAP-5P0)
Add component (AddParameter): Name = "Value"; Value = ""; VariantName = "[No Variations]"
Added Component: Designator=C2(CCAP-5P0)
Add component (AddParameter): Name = "Value"; Value = ""; VariantName = "[No Variations]"
Added Component: Designator=C3(CCAP-5P0)
Add component (AddParameter): Name = "Value"; Value = ""; VariantName = "[No Variations]"
Added Component: Designator=C4(CCAP-5P0)
Add component (AddParameter): Name = "Value"; Value = ""; VariantName = "[No Variations]"
Added Component: Designator=Q1(VEMT3700)
Added Component: Designator=Q2(VEMT3700)
Added Component: Designator=Q3(VEMT3700)
Added Component: Designator=Q4(VEMT3700)
Added Component: Designator=R1(AXIAL0.4)
Added Component: Designator=R2(AXIAL0.4)
Added Component: Designator=R3(AXIAL0.4)
Added Component: Designator=R4(AXIAL0.4)
Added Component: Designator=R5(AXIAL0.4)
Added Component: Designator=R6(AXIAL0.4)
Added Component: Designator=R7(AXIAL0.4)
Added Component: Designator=R8(AXIAL0.4)
Added Component: Designator=R9(AXIAL0.4)
Added Component: Designator=R10(AXIAL0.4)
Added Component: Designator=R11(AXIAL0.4)
Added Component: Designator=U1(DIP-14)
Add component (AddParameter): Name = "Amplifier Type"; Value = "General Purpose"; VariantName = "[No Variations]"
Add component (AddParameter): Name = "Base Part Number"; Value = "LM324"; VariantName = "[No Variations]"
Add component (AddParameter): Name = "Category"; Value = "Integrated Circuits (ICs)"; VariantName = "[No Variations]"
Add component (AddParameter): Name = "ComponentLink1Description"; Value = "https://www.fairchildsemi.com/datasheets/LM/LM2902.pdf"; VariantName = "[No Variations]"
Add component (AddParameter): Name = "ComponentLink1URL"; Value = "https://www.fairchildsemi.com/datasheets/LM/LM2902.pdf"; VariantName = "[No Variations]"
Add component (AddParameter): Name = "Current - Supply"; Value = "1mA"; VariantName = "[No Variations]"
Add component (AddParameter): Name = "Manufacturer"; Value = "ON Semiconductor"; VariantName = "[No Variations]"
Add component (AddParameter): Name = "Manufacturer Part Number"; Value = "LM324N"; VariantName = "[No Variations]"
Add component (AddParameter): Name = "Mounting Type"; Value = "Through Hole"; VariantName = "[No Variations]"
Add component (AddParameter): Name = "Operating Temperature"; Value = "0°C ~ 70°C"; VariantName = "[No Variations]"
Add component (AddParameter): Name = "Output Type"; Value = "-"; VariantName = "[No Variations]"
Add component (AddParameter): Name = "Package / Case"; Value = "14-DIP (0.300", 7.62mm)"; VariantName = "[No Variations]"
Add component (AddParameter): Name = "Packaging"; Value = "Tube"; VariantName = "[No Variations]"
Add component (AddParameter): Name = "Part Status"; Value = "Active"; VariantName = "[No Variations]"
Add component (AddParameter): Name = "Pricing 1"; Value = "1=0.9, 10=0.775, 100=0.5789, 500=0.45482, 1000=0.35145 (NZD)"; VariantName = "[No Variations]"
Add component (AddParameter): Name = "RoHS"; Value = "RoHS Compliant"; VariantName = "[No Variations]"
Add component (AddParameter): Name = "Slew Rate"; Value = "-"; VariantName = "[No Variations]"
Add component (AddParameter): Name = "Stock 1"; Value = "2900"; VariantName = "[No Variations]"
Add component (AddParameter): Name = "Supplier 1"; Value = "Digi-Key"; VariantName = "[No Variations]"
Add component (AddParameter): Name = "Supplier Device Package"; Value = "14-DIP"; VariantName = "[No Variations]"
Add component (AddParameter): Name = "Supplier Part Number 1"; Value = "LM324NFS-ND"; VariantName = "[No Variations]"
Add component (AddParameter): Name = "Voltage - Supply, Single/Dual (±)"; Value = "3 V ~ 32 V, ±1.5 V ~ 16 V"; VariantName = "[No Variations]"
Added Pin To Net: NetName=GND Pin=+5V-3
Added Pin To Net: NetName=GND Pin=+5V-4
Added Pin To Net: NetName=GND Pin=5V-3
Added Pin To Net: NetName=GND Pin=5V-4
Added Pin To Net: NetName=NetC2_1 Pin=C2-1
Added Pin To Net: NetName=NetC2_2 Pin=C2-2
Added Pin To Net: NetName=NetC3_1 Pin=C3-1
Added Pin To Net: NetName=NetD1_A Pin=D1-A
Added Pin To Net: NetName=GND Pin=D1-K
Added Pin To Net: NetName=NetD2_A Pin=D2-A
Added Pin To Net: NetName=GND Pin=D2-K
Added Pin To Net: NetName=NetD3_A Pin=D3-A
Added Pin To Net: NetName=GND Pin=D3-K
Added Pin To Net: NetName=GND Pin=Q1-2
Added Pin To Net: NetName=NetC2_1 Pin=Q2-1
Added Pin To Net: NetName=GND Pin=Q2-2
Added Pin To Net: NetName=NetC3_1 Pin=Q3-1
Added Pin To Net: NetName=GND Pin=Q3-2
Added Pin To Net: NetName=GND Pin=Q4-2
Added Pin To Net: NetName=GND Pin=R2-1
Added Pin To Net: NetName=NetC2_1 Pin=R3-1
Added Pin To Net: NetName=GND Pin=R4-1
Added Pin To Net: NetName=NetC2_2 Pin=R4-2
Added Pin To Net: NetName=NetC3_1 Pin=R5-1
Added Pin To Net: NetName=GND Pin=R6-1
Added Pin To Net: NetName=GND Pin=R8-1
Added Pin To Net: NetName=NetD1_A Pin=R9-1
Added Pin To Net: NetName=NetD2_A Pin=R10-1
Added Pin To Net: NetName=NetD3_A Pin=R11-2
Added Pin To Net: NetName=NetC2_2 Pin=U1-5
Added Pin To Net: NetName=GND Pin=U1-11
Added Pin To Net: NetName=+5V Pin=5V-1
Added Pin To Net: NetName=+5V Pin=5V-2
Added Pin To Net: NetName=+5V Pin=+5V-1
Added Pin To Net: NetName=+5V Pin=+5V-2
Added Pin To Net: NetName=+5V Pin=R1-2
Added Pin To Net: NetName=+5V Pin=R3-2
Added Pin To Net: NetName=+5V Pin=R5-2
Added Pin To Net: NetName=+5V Pin=R7-2
Added Pin To Net: NetName=+5V Pin=U1-4
Added Net: Name=+5V
Added Pin To Net: NetName=LED1 Pin=P2-3
Added Pin To Net: NetName=LED1 Pin=R9-2
Added Net: Name=LED1
Added Pin To Net: NetName=LED2 Pin=P2-2
Added Pin To Net: NetName=LED2 Pin=R10-2
Added Net: Name=LED2
Added Pin To Net: NetName=LED3 Pin=P2-1
Added Pin To Net: NetName=LED3 Pin=R11-1
Added Net: Name=LED3
Added Pin To Net: NetName=NetC1_1 Pin=C1-1
Added Pin To Net: NetName=NetC1_1 Pin=Q1-1
Added Pin To Net: NetName=NetC1_1 Pin=R1-1
Added Net: Name=NetC1_1
Added Pin To Net: NetName=NetC1_2 Pin=C1-2
Added Pin To Net: NetName=NetC1_2 Pin=R2-2
Added Pin To Net: NetName=NetC1_2 Pin=U1-3
Added Net: Name=NetC1_2
Added Pin To Net: NetName=NetC3_2 Pin=C3-2
Added Pin To Net: NetName=NetC3_2 Pin=R6-2
Added Pin To Net: NetName=NetC3_2 Pin=U1-10
Added Net: Name=NetC3_2
Added Pin To Net: NetName=NetC4_1 Pin=C4-1
Added Pin To Net: NetName=NetC4_1 Pin=Q4-1
Added Pin To Net: NetName=NetC4_1 Pin=R7-1
Added Net: Name=NetC4_1
Added Pin To Net: NetName=NetC4_2 Pin=C4-2
Added Pin To Net: NetName=NetC4_2 Pin=R8-2
Added Pin To Net: NetName=NetC4_2 Pin=U1-12
Added Net: Name=NetC4_2
Added Pin To Net: NetName=Vout1 Pin=P3-1
Added Pin To Net: NetName=Vout1 Pin=U1-1
Added Pin To Net: NetName=Vout1 Pin=U1-2
Added Net: Name=Vout1
Added Pin To Net: NetName=Vout2 Pin=P3-2
Added Pin To Net: NetName=Vout2 Pin=U1-6
Added Pin To Net: NetName=Vout2 Pin=U1-7
Added Net: Name=Vout2
Added Pin To Net: NetName=Vout3 Pin=P3-3
Added Pin To Net: NetName=Vout3 Pin=U1-8
Added Pin To Net: NetName=Vout3 Pin=U1-9
Added Net: Name=Vout3
Added Pin To Net: NetName=Vout4 Pin=P3-4
Added Pin To Net: NetName=Vout4 Pin=U1-13
Added Pin To Net: NetName=Vout4 Pin=U1-14
Added Net: Name=Vout4
Change Class Name : Old Net Name=Sensor and Marker New Net Name=cs301_Team_15
Added Member To Class: ClassName=cs301_Team_15 Member=Component +5V 5V
Added Member To Class: ClassName=cs301_Team_15 Member=Component 5V
Added Member To Class: ClassName=cs301_Team_15 Member=Component C1 100n
Added Member To Class: ClassName=cs301_Team_15 Member=Component C2 100n
Added Member To Class: ClassName=cs301_Team_15 Member=Component C3 100n
Added Member To Class: ClassName=cs301_Team_15 Member=Component C4 100n
Added Member To Class: ClassName=cs301_Team_15 Member=Component J13 CON10
Added Member To Class: ClassName=cs301_Team_15 Member=Component J18 CON10
Added Member To Class: ClassName=cs301_Team_15 Member=Component P0
Added Member To Class: ClassName=cs301_Team_15 Member=Component P1
Added Member To Class: ClassName=cs301_Team_15 Member=Component P2
Added Member To Class: ClassName=cs301_Team_15 Member=Component P3
Added Member To Class: ClassName=cs301_Team_15 Member=Component P12
Added Member To Class: ClassName=cs301_Team_15 Member=Component P15
Added Member To Class: ClassName=cs301_Team_15 Member=Component Q1 VEMT3700
Added Member To Class: ClassName=cs301_Team_15 Member=Component Q2 VEMT3700
Added Member To Class: ClassName=cs301_Team_15 Member=Component Q3 VEMT3700
Added Member To Class: ClassName=cs301_Team_15 Member=Component Q4 VEMT3700
Added Member To Class: ClassName=cs301_Team_15 Member=Component R1 51K
Added Member To Class: ClassName=cs301_Team_15 Member=Component R2 33K
Added Member To Class: ClassName=cs301_Team_15 Member=Component R3 51K
Added Member To Class: ClassName=cs301_Team_15 Member=Component R4 33K
Added Member To Class: ClassName=cs301_Team_15 Member=Component R5 51K
Added Member To Class: ClassName=cs301_Team_15 Member=Component R6 33K
Added Member To Class: ClassName=cs301_Team_15 Member=Component R7 51K
Added Member To Class: ClassName=cs301_Team_15 Member=Component R8 33K
Added Member To Class: ClassName=cs301_Team_15 Member=Component R9 150
Added Member To Class: ClassName=cs301_Team_15 Member=Component R10 150
Added Member To Class: ClassName=cs301_Team_15 Member=Component R11 150
Added Member To Class: ClassName=cs301_Team_15 Member=Component U1 LM324
