ARM GAS  C:\Users\dulan\AppData\Local\Temp\ccMCpsCt.s 			page 1


   1              		.syntax unified
   2              		.cpu cortex-m3
   3              		.fpu softvfp
   4              		.eabi_attribute 20, 1
   5              		.eabi_attribute 21, 1
   6              		.eabi_attribute 23, 3
   7              		.eabi_attribute 24, 1
   8              		.eabi_attribute 25, 1
   9              		.eabi_attribute 26, 1
  10              		.eabi_attribute 30, 1
  11              		.eabi_attribute 34, 1
  12              		.eabi_attribute 18, 4
  13              		.thumb
  14              		.syntax unified
  15              		.file	"cymetadata.c"
  16              		.text
  17              	.Ltext0:
  18              		.cfi_sections	.debug_frame
  19              		.global	cy_metadata
  20              		.global	cy_meta_flashprotect
  21              		.global	cy_meta_wonvl
  22              		.global	cy_meta_custnvl
  23              		.global	cy_meta_configecc
  24              		.section	.cyconfigecc,"a",%progbits
  25              		.align	2
  26              		.type	cy_meta_configecc, %object
  27              		.size	cy_meta_configecc, 2176
  28              	cy_meta_configecc:
  29 0000 07       		.byte	7
  30 0001 4F       		.byte	79
  31 0002 00       		.byte	0
  32 0003 40       		.byte	64
  33 0004 06       		.byte	6
  34 0005 52       		.byte	82
  35 0006 00       		.byte	0
  36 0007 40       		.byte	64
  37 0008 03       		.byte	3
  38 0009 64       		.byte	100
  39 000a 00       		.byte	0
  40 000b 40       		.byte	64
  41 000c 03       		.byte	3
  42 000d 65       		.byte	101
  43 000e 00       		.byte	0
  44 000f 40       		.byte	64
  45 0010 33       		.byte	51
  46 0011 00       		.byte	0
  47 0012 01       		.byte	1
  48 0013 40       		.byte	64
  49 0014 29       		.byte	41
  50 0015 01       		.byte	1
  51 0016 01       		.byte	1
  52 0017 40       		.byte	64
  53 0018 4A       		.byte	74
  54 0019 02       		.byte	2
  55 001a 01       		.byte	1
  56 001b 40       		.byte	64
  57 001c 38       		.byte	56
ARM GAS  C:\Users\dulan\AppData\Local\Temp\ccMCpsCt.s 			page 2


  58 001d 03       		.byte	3
  59 001e 01       		.byte	1
  60 001f 40       		.byte	64
  61 0020 52       		.byte	82
  62 0021 04       		.byte	4
  63 0022 01       		.byte	1
  64 0023 40       		.byte	64
  65 0024 49       		.byte	73
  66 0025 05       		.byte	5
  67 0026 01       		.byte	1
  68 0027 40       		.byte	64
  69 0028 46       		.byte	70
  70 0029 06       		.byte	6
  71 002a 01       		.byte	1
  72 002b 40       		.byte	64
  73 002c 45       		.byte	69
  74 002d 07       		.byte	7
  75 002e 01       		.byte	1
  76 002f 40       		.byte	64
  77 0030 04       		.byte	4
  78 0031 09       		.byte	9
  79 0032 01       		.byte	1
  80 0033 40       		.byte	64
  81 0034 04       		.byte	4
  82 0035 0A       		.byte	10
  83 0036 01       		.byte	1
  84 0037 40       		.byte	64
  85 0038 03       		.byte	3
  86 0039 0B       		.byte	11
  87 003a 01       		.byte	1
  88 003b 40       		.byte	64
  89 003c 01       		.byte	1
  90 003d 0D       		.byte	13
  91 003e 01       		.byte	1
  92 003f 40       		.byte	64
  93 0040 01       		.byte	1
  94 0041 0F       		.byte	15
  95 0042 01       		.byte	1
  96 0043 40       		.byte	64
  97 0044 63       		.byte	99
  98 0045 14       		.byte	20
  99 0046 01       		.byte	1
 100 0047 40       		.byte	64
 101 0048 46       		.byte	70
 102 0049 15       		.byte	21
 103 004a 01       		.byte	1
 104 004b 40       		.byte	64
 105 004c 49       		.byte	73
 106 004d 16       		.byte	22
 107 004e 01       		.byte	1
 108 004f 40       		.byte	64
 109 0050 45       		.byte	69
 110 0051 17       		.byte	23
 111 0052 01       		.byte	1
 112 0053 40       		.byte	64
 113 0054 01       		.byte	1
 114 0055 19       		.byte	25
ARM GAS  C:\Users\dulan\AppData\Local\Temp\ccMCpsCt.s 			page 3


 115 0056 01       		.byte	1
 116 0057 40       		.byte	64
 117 0058 04       		.byte	4
 118 0059 40       		.byte	64
 119 005a 01       		.byte	1
 120 005b 40       		.byte	64
 121 005c 0A       		.byte	10
 122 005d 41       		.byte	65
 123 005e 01       		.byte	1
 124 005f 40       		.byte	64
 125 0060 0F       		.byte	15
 126 0061 42       		.byte	66
 127 0062 01       		.byte	1
 128 0063 40       		.byte	64
 129 0064 15       		.byte	21
 130 0065 43       		.byte	67
 131 0066 01       		.byte	1
 132 0067 40       		.byte	64
 133 0068 08       		.byte	8
 134 0069 44       		.byte	68
 135 006a 01       		.byte	1
 136 006b 40       		.byte	64
 137 006c 07       		.byte	7
 138 006d 45       		.byte	69
 139 006e 01       		.byte	1
 140 006f 40       		.byte	64
 141 0070 0B       		.byte	11
 142 0071 46       		.byte	70
 143 0072 01       		.byte	1
 144 0073 40       		.byte	64
 145 0074 05       		.byte	5
 146 0075 47       		.byte	71
 147 0076 01       		.byte	1
 148 0077 40       		.byte	64
 149 0078 0E       		.byte	14
 150 0079 48       		.byte	72
 151 007a 01       		.byte	1
 152 007b 40       		.byte	64
 153 007c 0E       		.byte	14
 154 007d 49       		.byte	73
 155 007e 01       		.byte	1
 156 007f 40       		.byte	64
 157 0080 0B       		.byte	11
 158 0081 4C       		.byte	76
 159 0082 01       		.byte	1
 160 0083 40       		.byte	64
 161 0084 03       		.byte	3
 162 0085 4D       		.byte	77
 163 0086 01       		.byte	1
 164 0087 40       		.byte	64
 165 0088 07       		.byte	7
 166 0089 50       		.byte	80
 167 008a 01       		.byte	1
 168 008b 40       		.byte	64
 169 008c 01       		.byte	1
 170 008d 51       		.byte	81
 171 008e 01       		.byte	1
ARM GAS  C:\Users\dulan\AppData\Local\Temp\ccMCpsCt.s 			page 4


 172 008f 40       		.byte	64
 173 0090 01       		.byte	1
 174 0091 30       		.byte	48
 175 0092 0A       		.byte	10
 176 0093 4B       		.byte	75
 177 0094 0D       		.byte	13
 178 0095 30       		.byte	48
 179 0096 16       		.byte	22
 180 0097 4B       		.byte	75
 181 0098 19       		.byte	25
 182 0099 20       		.byte	32
 183 009a 22       		.byte	34
 184 009b 4B       		.byte	75
 185 009c 2E       		.byte	46
 186 009d 4B       		.byte	75
 187 009e 08       		.byte	8
 188 009f C0       		.byte	-64
 189 00a0 09       		.byte	9
 190 00a1 80       		.byte	-128
 191 00a2 60       		.byte	96
 192 00a3 15       		.byte	21
 193 00a4 61       		.byte	97
 194 00a5 09       		.byte	9
 195 00a6 78       		.byte	120
 196 00a7 63       		.byte	99
 197 00a8 79       		.byte	121
 198 00a9 25       		.byte	37
 199 00aa 71       		.byte	113
 200 00ab 03       		.byte	3
 201 00ac 84       		.byte	-124
 202 00ad 6F       		.byte	111
 203 00ae 87       		.byte	-121
 204 00af 0F       		.byte	15
 205 00b0 75       		.byte	117
 206 00b1 03       		.byte	3
 207 00b2 85       		.byte	-123
 208 00b3 6F       		.byte	111
 209 00b4 87       		.byte	-121
 210 00b5 0F       		.byte	15
 211 00b6 03       		.byte	3
 212 00b7 04       		.byte	4
 213 00b8 09       		.byte	9
 214 00b9 02       		.byte	2
 215 00ba 0B       		.byte	11
 216 00bb 01       		.byte	1
 217 00bc 16       		.byte	22
 218 00bd 02       		.byte	2
 219 00be 1D       		.byte	29
 220 00bf 01       		.byte	1
 221 00c0 1E       		.byte	30
 222 00c1 01       		.byte	1
 223 00c2 1F       		.byte	31
 224 00c3 02       		.byte	2
 225 00c4 25       		.byte	37
 226 00c5 01       		.byte	1
 227 00c6 27       		.byte	39
 228 00c7 02       		.byte	2
ARM GAS  C:\Users\dulan\AppData\Local\Temp\ccMCpsCt.s 			page 5


 229 00c8 29       		.byte	41
 230 00c9 01       		.byte	1
 231 00ca 2B       		.byte	43
 232 00cb 02       		.byte	2
 233 00cc 32       		.byte	50
 234 00cd 01       		.byte	1
 235 00ce 33       		.byte	51
 236 00cf 03       		.byte	3
 237 00d0 34       		.byte	52
 238 00d1 02       		.byte	2
 239 00d2 37       		.byte	55
 240 00d3 04       		.byte	4
 241 00d4 3B       		.byte	59
 242 00d5 08       		.byte	8
 243 00d6 56       		.byte	86
 244 00d7 08       		.byte	8
 245 00d8 58       		.byte	88
 246 00d9 04       		.byte	4
 247 00da 59       		.byte	89
 248 00db 04       		.byte	4
 249 00dc 5B       		.byte	91
 250 00dd 04       		.byte	4
 251 00de 5C       		.byte	92
 252 00df 11       		.byte	17
 253 00e0 5D       		.byte	93
 254 00e1 90       		.byte	-112
 255 00e2 5F       		.byte	95
 256 00e3 01       		.byte	1
 257 00e4 81       		.byte	-127
 258 00e5 02       		.byte	2
 259 00e6 87       		.byte	-121
 260 00e7 04       		.byte	4
 261 00e8 8C       		.byte	-116
 262 00e9 01       		.byte	1
 263 00ea 8E       		.byte	-114
 264 00eb 02       		.byte	2
 265 00ec 94       		.byte	-108
 266 00ed 01       		.byte	1
 267 00ee 96       		.byte	-106
 268 00ef 0A       		.byte	10
 269 00f0 98       		.byte	-104
 270 00f1 01       		.byte	1
 271 00f2 9A       		.byte	-102
 272 00f3 06       		.byte	6
 273 00f4 9C       		.byte	-100
 274 00f5 02       		.byte	2
 275 00f6 9E       		.byte	-98
 276 00f7 01       		.byte	1
 277 00f8 A2       		.byte	-94
 278 00f9 10       		.byte	16
 279 00fa AD       		.byte	-83
 280 00fb 01       		.byte	1
 281 00fc B0       		.byte	-80
 282 00fd 04       		.byte	4
 283 00fe B1       		.byte	-79
 284 00ff 02       		.byte	2
 285 0100 B2       		.byte	-78
ARM GAS  C:\Users\dulan\AppData\Local\Temp\ccMCpsCt.s 			page 6


 286 0101 10       		.byte	16
 287 0102 B4       		.byte	-76
 288 0103 08       		.byte	8
 289 0104 B5       		.byte	-75
 290 0105 04       		.byte	4
 291 0106 B6       		.byte	-74
 292 0107 03       		.byte	3
 293 0108 B7       		.byte	-73
 294 0109 01       		.byte	1
 295 010a BA       		.byte	-70
 296 010b 80       		.byte	-128
 297 010c BF       		.byte	-65
 298 010d 41       		.byte	65
 299 010e D6       		.byte	-42
 300 010f 08       		.byte	8
 301 0110 D8       		.byte	-40
 302 0111 04       		.byte	4
 303 0112 D9       		.byte	-39
 304 0113 04       		.byte	4
 305 0114 DB       		.byte	-37
 306 0115 04       		.byte	4
 307 0116 DC       		.byte	-36
 308 0117 11       		.byte	17
 309 0118 DD       		.byte	-35
 310 0119 90       		.byte	-112
 311 011a DF       		.byte	-33
 312 011b 01       		.byte	1
 313 011c 04       		.byte	4
 314 011d 40       		.byte	64
 315 011e 0A       		.byte	10
 316 011f 10       		.byte	16
 317 0120 0B       		.byte	11
 318 0121 01       		.byte	1
 319 0122 0E       		.byte	14
 320 0123 2A       		.byte	42
 321 0124 16       		.byte	22
 322 0125 80       		.byte	-128
 323 0126 19       		.byte	25
 324 0127 14       		.byte	20
 325 0128 1A       		.byte	26
 326 0129 10       		.byte	16
 327 012a 1C       		.byte	28
 328 012b 40       		.byte	64
 329 012c 1E       		.byte	30
 330 012d 2A       		.byte	42
 331 012e 1F       		.byte	31
 332 012f 40       		.byte	64
 333 0130 22       		.byte	34
 334 0131 40       		.byte	64
 335 0132 23       		.byte	35
 336 0133 11       		.byte	17
 337 0134 27       		.byte	39
 338 0135 89       		.byte	-119
 339 0136 29       		.byte	41
 340 0137 14       		.byte	20
 341 0138 2C       		.byte	44
 342 0139 02       		.byte	2
ARM GAS  C:\Users\dulan\AppData\Local\Temp\ccMCpsCt.s 			page 7


 343 013a 32       		.byte	50
 344 013b 40       		.byte	64
 345 013c 38       		.byte	56
 346 013d 01       		.byte	1
 347 013e 3B       		.byte	59
 348 013f 10       		.byte	16
 349 0140 3E       		.byte	62
 350 0141 02       		.byte	2
 351 0142 3F       		.byte	63
 352 0143 04       		.byte	4
 353 0144 58       		.byte	88
 354 0145 80       		.byte	-128
 355 0146 5D       		.byte	93
 356 0147 10       		.byte	16
 357 0148 5F       		.byte	95
 358 0149 40       		.byte	64
 359 014a 60       		.byte	96
 360 014b 01       		.byte	1
 361 014c 66       		.byte	102
 362 014d 80       		.byte	-128
 363 014e 67       		.byte	103
 364 014f 04       		.byte	4
 365 0150 6A       		.byte	106
 366 0151 40       		.byte	64
 367 0152 6B       		.byte	107
 368 0153 04       		.byte	4
 369 0154 6C       		.byte	108
 370 0155 04       		.byte	4
 371 0156 6D       		.byte	109
 372 0157 40       		.byte	64
 373 0158 8B       		.byte	-117
 374 0159 01       		.byte	1
 375 015a 8C       		.byte	-116
 376 015b 04       		.byte	4
 377 015c C0       		.byte	-64
 378 015d 80       		.byte	-128
 379 015e C2       		.byte	-62
 380 015f E5       		.byte	-27
 381 0160 C4       		.byte	-60
 382 0161 10       		.byte	16
 383 0162 CA       		.byte	-54
 384 0163 16       		.byte	22
 385 0164 CC       		.byte	-52
 386 0165 08       		.byte	8
 387 0166 CE       		.byte	-50
 388 0167 C5       		.byte	-59
 389 0168 D6       		.byte	-42
 390 0169 38       		.byte	56
 391 016a D8       		.byte	-40
 392 016b 38       		.byte	56
 393 016c E6       		.byte	-26
 394 016d 20       		.byte	32
 395 016e 0D       		.byte	13
 396 016f 04       		.byte	4
 397 0170 0F       		.byte	15
 398 0171 02       		.byte	2
 399 0172 15       		.byte	21
ARM GAS  C:\Users\dulan\AppData\Local\Temp\ccMCpsCt.s 			page 8


 400 0173 02       		.byte	2
 401 0174 17       		.byte	23
 402 0175 04       		.byte	4
 403 0176 19       		.byte	25
 404 0177 02       		.byte	2
 405 0178 1B       		.byte	27
 406 0179 04       		.byte	4
 407 017a 21       		.byte	33
 408 017b 02       		.byte	2
 409 017c 23       		.byte	35
 410 017d 05       		.byte	5
 411 017e 26       		.byte	38
 412 017f 01       		.byte	1
 413 0180 33       		.byte	51
 414 0181 01       		.byte	1
 415 0182 36       		.byte	54
 416 0183 01       		.byte	1
 417 0184 37       		.byte	55
 418 0185 06       		.byte	6
 419 0186 3B       		.byte	59
 420 0187 80       		.byte	-128
 421 0188 58       		.byte	88
 422 0189 04       		.byte	4
 423 018a 59       		.byte	89
 424 018b 04       		.byte	4
 425 018c 5C       		.byte	92
 426 018d 11       		.byte	17
 427 018e 5F       		.byte	95
 428 018f 01       		.byte	1
 429 0190 81       		.byte	-127
 430 0191 04       		.byte	4
 431 0192 84       		.byte	-124
 432 0193 06       		.byte	6
 433 0194 85       		.byte	-123
 434 0195 04       		.byte	4
 435 0196 8A       		.byte	-118
 436 0197 08       		.byte	8
 437 0198 8C       		.byte	-116
 438 0199 08       		.byte	8
 439 019a 8F       		.byte	-113
 440 019b 10       		.byte	16
 441 019c 91       		.byte	-111
 442 019d 01       		.byte	1
 443 019e 93       		.byte	-109
 444 019f 0A       		.byte	10
 445 01a0 96       		.byte	-106
 446 01a1 08       		.byte	8
 447 01a2 99       		.byte	-103
 448 01a3 01       		.byte	1
 449 01a4 9B       		.byte	-101
 450 01a5 02       		.byte	2
 451 01a6 9D       		.byte	-99
 452 01a7 02       		.byte	2
 453 01a8 9F       		.byte	-97
 454 01a9 01       		.byte	1
 455 01aa A0       		.byte	-96
 456 01ab 06       		.byte	6
ARM GAS  C:\Users\dulan\AppData\Local\Temp\ccMCpsCt.s 			page 9


 457 01ac A6       		.byte	-90
 458 01ad 01       		.byte	1
 459 01ae A8       		.byte	-88
 460 01af 02       		.byte	2
 461 01b0 AB       		.byte	-85
 462 01b1 04       		.byte	4
 463 01b2 AD       		.byte	-83
 464 01b3 01       		.byte	1
 465 01b4 AF       		.byte	-81
 466 01b5 02       		.byte	2
 467 01b6 B0       		.byte	-80
 468 01b7 01       		.byte	1
 469 01b8 B1       		.byte	-79
 470 01b9 10       		.byte	16
 471 01ba B2       		.byte	-78
 472 01bb 04       		.byte	4
 473 01bc B3       		.byte	-77
 474 01bd 04       		.byte	4
 475 01be B4       		.byte	-76
 476 01bf 02       		.byte	2
 477 01c0 B5       		.byte	-75
 478 01c1 08       		.byte	8
 479 01c2 B6       		.byte	-74
 480 01c3 08       		.byte	8
 481 01c4 B7       		.byte	-73
 482 01c5 03       		.byte	3
 483 01c6 B8       		.byte	-72
 484 01c7 28       		.byte	40
 485 01c8 BB       		.byte	-69
 486 01c9 80       		.byte	-128
 487 01ca BE       		.byte	-66
 488 01cb 50       		.byte	80
 489 01cc BF       		.byte	-65
 490 01cd 04       		.byte	4
 491 01ce C0       		.byte	-64
 492 01cf 62       		.byte	98
 493 01d0 C1       		.byte	-63
 494 01d1 03       		.byte	3
 495 01d2 C9       		.byte	-55
 496 01d3 FF       		.byte	-1
 497 01d4 CA       		.byte	-54
 498 01d5 FF       		.byte	-1
 499 01d6 CB       		.byte	-53
 500 01d7 FF       		.byte	-1
 501 01d8 CD       		.byte	-51
 502 01d9 A0       		.byte	-96
 503 01da CF       		.byte	-49
 504 01db 01       		.byte	1
 505 01dc D0       		.byte	-48
 506 01dd 18       		.byte	24
 507 01de D6       		.byte	-42
 508 01df 08       		.byte	8
 509 01e0 D8       		.byte	-40
 510 01e1 04       		.byte	4
 511 01e2 D9       		.byte	-39
 512 01e3 04       		.byte	4
 513 01e4 DA       		.byte	-38
ARM GAS  C:\Users\dulan\AppData\Local\Temp\ccMCpsCt.s 			page 10


 514 01e5 04       		.byte	4
 515 01e6 DB       		.byte	-37
 516 01e7 04       		.byte	4
 517 01e8 DC       		.byte	-36
 518 01e9 11       		.byte	17
 519 01ea DD       		.byte	-35
 520 01eb 91       		.byte	-111
 521 01ec DF       		.byte	-33
 522 01ed 01       		.byte	1
 523 01ee E0       		.byte	-32
 524 01ef 40       		.byte	64
 525 01f0 E2       		.byte	-30
 526 01f1 80       		.byte	-128
 527 01f2 E4       		.byte	-28
 528 01f3 40       		.byte	64
 529 01f4 E5       		.byte	-27
 530 01f5 40       		.byte	64
 531 01f6 E6       		.byte	-26
 532 01f7 80       		.byte	-128
 533 01f8 E8       		.byte	-24
 534 01f9 40       		.byte	64
 535 01fa EA       		.byte	-22
 536 01fb 80       		.byte	-128
 537 01fc EC       		.byte	-20
 538 01fd 40       		.byte	64
 539 01fe ED       		.byte	-19
 540 01ff 20       		.byte	32
 541 0200 EE       		.byte	-18
 542 0201 80       		.byte	-128
 543 0202 01       		.byte	1
 544 0203 08       		.byte	8
 545 0204 02       		.byte	2
 546 0205 02       		.byte	2
 547 0206 03       		.byte	3
 548 0207 08       		.byte	8
 549 0208 0A       		.byte	10
 550 0209 10       		.byte	16
 551 020a 10       		.byte	16
 552 020b 80       		.byte	-128
 553 020c 12       		.byte	18
 554 020d 28       		.byte	40
 555 020e 17       		.byte	23
 556 020f 08       		.byte	8
 557 0210 18       		.byte	24
 558 0211 04       		.byte	4
 559 0212 19       		.byte	25
 560 0213 80       		.byte	-128
 561 0214 1B       		.byte	27
 562 0215 0D       		.byte	13
 563 0216 1F       		.byte	31
 564 0217 80       		.byte	-128
 565 0218 20       		.byte	32
 566 0219 02       		.byte	2
 567 021a 22       		.byte	34
 568 021b 71       		.byte	113
 569 021c 23       		.byte	35
 570 021d 20       		.byte	32
ARM GAS  C:\Users\dulan\AppData\Local\Temp\ccMCpsCt.s 			page 11


 571 021e 25       		.byte	37
 572 021f 40       		.byte	64
 573 0220 27       		.byte	39
 574 0221 10       		.byte	16
 575 0222 2B       		.byte	43
 576 0223 05       		.byte	5
 577 0224 2F       		.byte	47
 578 0225 80       		.byte	-128
 579 0226 32       		.byte	50
 580 0227 51       		.byte	81
 581 0228 37       		.byte	55
 582 0229 18       		.byte	24
 583 022a 39       		.byte	57
 584 022b 0A       		.byte	10
 585 022c 3A       		.byte	58
 586 022d 40       		.byte	64
 587 022e 3D       		.byte	61
 588 022f 80       		.byte	-128
 589 0230 40       		.byte	64
 590 0231 04       		.byte	4
 591 0232 41       		.byte	65
 592 0233 04       		.byte	4
 593 0234 42       		.byte	66
 594 0235 10       		.byte	16
 595 0236 49       		.byte	73
 596 0237 20       		.byte	32
 597 0238 58       		.byte	88
 598 0239 40       		.byte	64
 599 023a 62       		.byte	98
 600 023b 40       		.byte	64
 601 023c 80       		.byte	-128
 602 023d 02       		.byte	2
 603 023e 8E       		.byte	-114
 604 023f 40       		.byte	64
 605 0240 91       		.byte	-111
 606 0241 40       		.byte	64
 607 0242 92       		.byte	-110
 608 0243 40       		.byte	64
 609 0244 93       		.byte	-109
 610 0245 90       		.byte	-112
 611 0246 95       		.byte	-107
 612 0247 10       		.byte	16
 613 0248 97       		.byte	-105
 614 0249 40       		.byte	64
 615 024a 98       		.byte	-104
 616 024b 40       		.byte	64
 617 024c 9B       		.byte	-101
 618 024d 08       		.byte	8
 619 024e 9C       		.byte	-100
 620 024f 80       		.byte	-128
 621 0250 9E       		.byte	-98
 622 0251 02       		.byte	2
 623 0252 A4       		.byte	-92
 624 0253 02       		.byte	2
 625 0254 B0       		.byte	-80
 626 0255 40       		.byte	64
 627 0256 B3       		.byte	-77
ARM GAS  C:\Users\dulan\AppData\Local\Temp\ccMCpsCt.s 			page 12


 628 0257 80       		.byte	-128
 629 0258 B7       		.byte	-73
 630 0259 04       		.byte	4
 631 025a C0       		.byte	-64
 632 025b 07       		.byte	7
 633 025c C2       		.byte	-62
 634 025d 04       		.byte	4
 635 025e C4       		.byte	-60
 636 025f 2E       		.byte	46
 637 0260 CA       		.byte	-54
 638 0261 8C       		.byte	-116
 639 0262 CC       		.byte	-52
 640 0263 6D       		.byte	109
 641 0264 CE       		.byte	-50
 642 0265 1B       		.byte	27
 643 0266 D0       		.byte	-48
 644 0267 06       		.byte	6
 645 0268 D2       		.byte	-46
 646 0269 04       		.byte	4
 647 026a D6       		.byte	-42
 648 026b 08       		.byte	8
 649 026c D8       		.byte	-40
 650 026d 08       		.byte	8
 651 026e E6       		.byte	-26
 652 026f 40       		.byte	64
 653 0270 EE       		.byte	-18
 654 0271 30       		.byte	48
 655 0272 04       		.byte	4
 656 0273 14       		.byte	20
 657 0274 06       		.byte	6
 658 0275 0A       		.byte	10
 659 0276 08       		.byte	8
 660 0277 20       		.byte	32
 661 0278 0E       		.byte	14
 662 0279 01       		.byte	1
 663 027a 10       		.byte	16
 664 027b 06       		.byte	6
 665 027c 12       		.byte	18
 666 027d 18       		.byte	24
 667 027e 13       		.byte	19
 668 027f 02       		.byte	2
 669 0280 14       		.byte	20
 670 0281 0A       		.byte	10
 671 0282 16       		.byte	22
 672 0283 14       		.byte	20
 673 0284 18       		.byte	24
 674 0285 18       		.byte	24
 675 0286 1A       		.byte	26
 676 0287 06       		.byte	6
 677 0288 1F       		.byte	31
 678 0289 01       		.byte	1
 679 028a 22       		.byte	34
 680 028b 20       		.byte	32
 681 028c 24       		.byte	36
 682 028d 1E       		.byte	30
 683 028e 28       		.byte	40
 684 028f 0E       		.byte	14
ARM GAS  C:\Users\dulan\AppData\Local\Temp\ccMCpsCt.s 			page 13


 685 0290 2C       		.byte	44
 686 0291 01       		.byte	1
 687 0292 30       		.byte	48
 688 0293 01       		.byte	1
 689 0294 31       		.byte	49
 690 0295 02       		.byte	2
 691 0296 32       		.byte	50
 692 0297 20       		.byte	32
 693 0298 33       		.byte	51
 694 0299 01       		.byte	1
 695 029a 34       		.byte	52
 696 029b 1E       		.byte	30
 697 029c 3E       		.byte	62
 698 029d 05       		.byte	5
 699 029e 40       		.byte	64
 700 029f 62       		.byte	98
 701 02a0 41       		.byte	65
 702 02a1 03       		.byte	3
 703 02a2 45       		.byte	69
 704 02a3 42       		.byte	66
 705 02a4 46       		.byte	70
 706 02a5 C3       		.byte	-61
 707 02a6 47       		.byte	71
 708 02a7 0E       		.byte	14
 709 02a8 48       		.byte	72
 710 02a9 1F       		.byte	31
 711 02aa 49       		.byte	73
 712 02ab FF       		.byte	-1
 713 02ac 4A       		.byte	74
 714 02ad FF       		.byte	-1
 715 02ae 4B       		.byte	75
 716 02af FF       		.byte	-1
 717 02b0 4D       		.byte	77
 718 02b1 AF       		.byte	-81
 719 02b2 4E       		.byte	78
 720 02b3 07       		.byte	7
 721 02b4 4F       		.byte	79
 722 02b5 01       		.byte	1
 723 02b6 50       		.byte	80
 724 02b7 18       		.byte	24
 725 02b8 54       		.byte	84
 726 02b9 0F       		.byte	15
 727 02ba 58       		.byte	88
 728 02bb 04       		.byte	4
 729 02bc 59       		.byte	89
 730 02bd 04       		.byte	4
 731 02be 5A       		.byte	90
 732 02bf 04       		.byte	4
 733 02c0 5B       		.byte	91
 734 02c1 04       		.byte	4
 735 02c2 5C       		.byte	92
 736 02c3 11       		.byte	17
 737 02c4 5D       		.byte	93
 738 02c5 11       		.byte	17
 739 02c6 5F       		.byte	95
 740 02c7 05       		.byte	5
 741 02c8 60       		.byte	96
ARM GAS  C:\Users\dulan\AppData\Local\Temp\ccMCpsCt.s 			page 14


 742 02c9 40       		.byte	64
 743 02ca 62       		.byte	98
 744 02cb 80       		.byte	-128
 745 02cc 64       		.byte	100
 746 02cd 40       		.byte	64
 747 02ce 65       		.byte	101
 748 02cf 40       		.byte	64
 749 02d0 66       		.byte	102
 750 02d1 80       		.byte	-128
 751 02d2 68       		.byte	104
 752 02d3 40       		.byte	64
 753 02d4 6A       		.byte	106
 754 02d5 80       		.byte	-128
 755 02d6 6C       		.byte	108
 756 02d7 40       		.byte	64
 757 02d8 6D       		.byte	109
 758 02d9 20       		.byte	32
 759 02da 6E       		.byte	110
 760 02db 80       		.byte	-128
 761 02dc 84       		.byte	-124
 762 02dd 07       		.byte	7
 763 02de 85       		.byte	-123
 764 02df 9E       		.byte	-98
 765 02e0 87       		.byte	-121
 766 02e1 60       		.byte	96
 767 02e2 89       		.byte	-119
 768 02e3 30       		.byte	48
 769 02e4 8A       		.byte	-118
 770 02e5 07       		.byte	7
 771 02e6 8B       		.byte	-117
 772 02e7 C9       		.byte	-55
 773 02e8 94       		.byte	-108
 774 02e9 04       		.byte	4
 775 02ea 95       		.byte	-107
 776 02eb 73       		.byte	115
 777 02ec 98       		.byte	-104
 778 02ed 07       		.byte	7
 779 02ee 9B       		.byte	-101
 780 02ef 0F       		.byte	15
 781 02f0 9C       		.byte	-100
 782 02f1 01       		.byte	1
 783 02f2 9E       		.byte	-98
 784 02f3 02       		.byte	2
 785 02f4 A1       		.byte	-95
 786 02f5 94       		.byte	-108
 787 02f6 A3       		.byte	-93
 788 02f7 60       		.byte	96
 789 02f8 A4       		.byte	-92
 790 02f9 01       		.byte	1
 791 02fa A5       		.byte	-91
 792 02fb FD       		.byte	-3
 793 02fc A6       		.byte	-90
 794 02fd 02       		.byte	2
 795 02fe A7       		.byte	-89
 796 02ff 02       		.byte	2
 797 0300 A9       		.byte	-87
 798 0301 CF       		.byte	-49
ARM GAS  C:\Users\dulan\AppData\Local\Temp\ccMCpsCt.s 			page 15


 799 0302 AA       		.byte	-86
 800 0303 04       		.byte	4
 801 0304 AB       		.byte	-85
 802 0305 30       		.byte	48
 803 0306 AE       		.byte	-82
 804 0307 08       		.byte	8
 805 0308 B1       		.byte	-79
 806 0309 FF       		.byte	-1
 807 030a B2       		.byte	-78
 808 030b 0F       		.byte	15
 809 030c BF       		.byte	-65
 810 030d 01       		.byte	1
 811 030e D8       		.byte	-40
 812 030f 04       		.byte	4
 813 0310 D9       		.byte	-39
 814 0311 04       		.byte	4
 815 0312 DC       		.byte	-36
 816 0313 01       		.byte	1
 817 0314 DF       		.byte	-33
 818 0315 01       		.byte	1
 819 0316 00       		.byte	0
 820 0317 A8       		.byte	-88
 821 0318 04       		.byte	4
 822 0319 08       		.byte	8
 823 031a 07       		.byte	7
 824 031b 04       		.byte	4
 825 031c 0B       		.byte	11
 826 031d 98       		.byte	-104
 827 031e 0E       		.byte	14
 828 031f 09       		.byte	9
 829 0320 0F       		.byte	15
 830 0321 10       		.byte	16
 831 0322 10       		.byte	16
 832 0323 A0       		.byte	-96
 833 0324 12       		.byte	18
 834 0325 0A       		.byte	10
 835 0326 15       		.byte	21
 836 0327 14       		.byte	20
 837 0328 17       		.byte	23
 838 0329 40       		.byte	64
 839 032a 18       		.byte	24
 840 032b 08       		.byte	8
 841 032c 19       		.byte	25
 842 032d 04       		.byte	4
 843 032e 1A       		.byte	26
 844 032f 44       		.byte	68
 845 0330 1E       		.byte	30
 846 0331 30       		.byte	48
 847 0332 20       		.byte	32
 848 0333 20       		.byte	32
 849 0334 21       		.byte	33
 850 0335 01       		.byte	1
 851 0336 22       		.byte	34
 852 0337 02       		.byte	2
 853 0338 27       		.byte	39
 854 0339 40       		.byte	64
 855 033a 2C       		.byte	44
ARM GAS  C:\Users\dulan\AppData\Local\Temp\ccMCpsCt.s 			page 16


 856 033b 20       		.byte	32
 857 033c 2D       		.byte	45
 858 033d 10       		.byte	16
 859 033e 2E       		.byte	46
 860 033f 05       		.byte	5
 861 0340 2F       		.byte	47
 862 0341 4C       		.byte	76
 863 0342 30       		.byte	48
 864 0343 80       		.byte	-128
 865 0344 31       		.byte	49
 866 0345 01       		.byte	1
 867 0346 36       		.byte	54
 868 0347 1C       		.byte	28
 869 0348 3C       		.byte	60
 870 0349 08       		.byte	8
 871 034a 3D       		.byte	61
 872 034b 04       		.byte	4
 873 034c 3F       		.byte	63
 874 034d 10       		.byte	16
 875 034e 40       		.byte	64
 876 034f 04       		.byte	4
 877 0350 42       		.byte	66
 878 0351 10       		.byte	16
 879 0352 43       		.byte	67
 880 0353 04       		.byte	4
 881 0354 48       		.byte	72
 882 0355 40       		.byte	64
 883 0356 49       		.byte	73
 884 0357 29       		.byte	41
 885 0358 50       		.byte	80
 886 0359 80       		.byte	-128
 887 035a 51       		.byte	81
 888 035b 08       		.byte	8
 889 035c 52       		.byte	82
 890 035d 10       		.byte	16
 891 035e 58       		.byte	88
 892 035f 10       		.byte	16
 893 0360 59       		.byte	89
 894 0361 06       		.byte	6
 895 0362 5A       		.byte	90
 896 0363 40       		.byte	64
 897 0364 61       		.byte	97
 898 0365 08       		.byte	8
 899 0366 62       		.byte	98
 900 0367 10       		.byte	16
 901 0368 64       		.byte	100
 902 0369 10       		.byte	16
 903 036a 65       		.byte	101
 904 036b 08       		.byte	8
 905 036c 7A       		.byte	122
 906 036d 08       		.byte	8
 907 036e 90       		.byte	-112
 908 036f 04       		.byte	4
 909 0370 91       		.byte	-111
 910 0371 40       		.byte	64
 911 0372 93       		.byte	-109
 912 0373 90       		.byte	-112
ARM GAS  C:\Users\dulan\AppData\Local\Temp\ccMCpsCt.s 			page 17


 913 0374 95       		.byte	-107
 914 0375 02       		.byte	2
 915 0376 96       		.byte	-106
 916 0377 10       		.byte	16
 917 0378 97       		.byte	-105
 918 0379 40       		.byte	64
 919 037a 99       		.byte	-103
 920 037b 80       		.byte	-128
 921 037c 9B       		.byte	-101
 922 037d 20       		.byte	32
 923 037e 9C       		.byte	-100
 924 037f 80       		.byte	-128
 925 0380 9D       		.byte	-99
 926 0381 28       		.byte	40
 927 0382 9E       		.byte	-98
 928 0383 02       		.byte	2
 929 0384 A0       		.byte	-96
 930 0385 01       		.byte	1
 931 0386 A1       		.byte	-95
 932 0387 40       		.byte	64
 933 0388 A4       		.byte	-92
 934 0389 80       		.byte	-128
 935 038a A6       		.byte	-90
 936 038b 0A       		.byte	10
 937 038c AD       		.byte	-83
 938 038d 10       		.byte	16
 939 038e C0       		.byte	-64
 940 038f 67       		.byte	103
 941 0390 C2       		.byte	-62
 942 0391 EE       		.byte	-18
 943 0392 C4       		.byte	-60
 944 0393 EF       		.byte	-17
 945 0394 CA       		.byte	-54
 946 0395 E0       		.byte	-32
 947 0396 CC       		.byte	-52
 948 0397 69       		.byte	105
 949 0398 CE       		.byte	-50
 950 0399 60       		.byte	96
 951 039a D0       		.byte	-48
 952 039b 06       		.byte	6
 953 039c D2       		.byte	-46
 954 039d 04       		.byte	4
 955 039e D6       		.byte	-42
 956 039f 0F       		.byte	15
 957 03a0 D8       		.byte	-40
 958 03a1 06       		.byte	6
 959 03a2 DE       		.byte	-34
 960 03a3 04       		.byte	4
 961 03a4 E2       		.byte	-30
 962 03a5 08       		.byte	8
 963 03a6 EE       		.byte	-18
 964 03a7 08       		.byte	8
 965 03a8 01       		.byte	1
 966 03a9 08       		.byte	8
 967 03aa 02       		.byte	2
 968 03ab 0F       		.byte	15
 969 03ac 03       		.byte	3
ARM GAS  C:\Users\dulan\AppData\Local\Temp\ccMCpsCt.s 			page 18


 970 03ad 10       		.byte	16
 971 03ae 04       		.byte	4
 972 03af 0B       		.byte	11
 973 03b0 05       		.byte	5
 974 03b1 3B       		.byte	59
 975 03b2 06       		.byte	6
 976 03b3 04       		.byte	4
 977 03b4 08       		.byte	8
 978 03b5 0C       		.byte	12
 979 03b6 0A       		.byte	10
 980 03b7 01       		.byte	1
 981 03b8 0D       		.byte	13
 982 03b9 20       		.byte	32
 983 03ba 14       		.byte	20
 984 03bb 08       		.byte	8
 985 03bc 15       		.byte	21
 986 03bd 06       		.byte	6
 987 03be 16       		.byte	22
 988 03bf 01       		.byte	1
 989 03c0 17       		.byte	23
 990 03c1 20       		.byte	32
 991 03c2 18       		.byte	24
 992 03c3 0C       		.byte	12
 993 03c4 1A       		.byte	26
 994 03c5 02       		.byte	2
 995 03c6 1B       		.byte	27
 996 03c7 40       		.byte	64
 997 03c8 1F       		.byte	31
 998 03c9 38       		.byte	56
 999 03ca 21       		.byte	33
 1000 03cb 0E       		.byte	14
 1001 03cc 23       		.byte	35
 1002 03cd 10       		.byte	16
 1003 03ce 25       		.byte	37
 1004 03cf 3D       		.byte	61
 1005 03d0 26       		.byte	38
 1006 03d1 10       		.byte	16
 1007 03d2 28       		.byte	40
 1008 03d3 07       		.byte	7
 1009 03d4 30       		.byte	48
 1010 03d5 10       		.byte	16
 1011 03d6 31       		.byte	49
 1012 03d7 78       		.byte	120
 1013 03d8 32       		.byte	50
 1014 03d9 0F       		.byte	15
 1015 03da 33       		.byte	51
 1016 03db 07       		.byte	7
 1017 03dc 39       		.byte	57
 1018 03dd 08       		.byte	8
 1019 03de 58       		.byte	88
 1020 03df 04       		.byte	4
 1021 03e0 59       		.byte	89
 1022 03e1 04       		.byte	4
 1023 03e2 5C       		.byte	92
 1024 03e3 11       		.byte	17
 1025 03e4 5F       		.byte	95
 1026 03e5 01       		.byte	1
ARM GAS  C:\Users\dulan\AppData\Local\Temp\ccMCpsCt.s 			page 19


 1027 03e6 82       		.byte	-126
 1028 03e7 18       		.byte	24
 1029 03e8 85       		.byte	-123
 1030 03e9 FE       		.byte	-2
 1031 03ea 86       		.byte	-122
 1032 03eb 04       		.byte	4
 1033 03ec 87       		.byte	-121
 1034 03ed 01       		.byte	1
 1035 03ee 88       		.byte	-120
 1036 03ef 01       		.byte	1
 1037 03f0 89       		.byte	-119
 1038 03f1 96       		.byte	-106
 1039 03f2 8B       		.byte	-117
 1040 03f3 68       		.byte	104
 1041 03f4 8D       		.byte	-115
 1042 03f5 0E       		.byte	14
 1043 03f6 8F       		.byte	-113
 1044 03f7 F0       		.byte	-16
 1045 03f8 90       		.byte	-112
 1046 03f9 01       		.byte	1
 1047 03fa 94       		.byte	-108
 1048 03fb 08       		.byte	8
 1049 03fc 95       		.byte	-107
 1050 03fd 7F       		.byte	127
 1051 03fe 98       		.byte	-104
 1052 03ff 01       		.byte	1
 1053 0400 99       		.byte	-103
 1054 0401 C5       		.byte	-59
 1055 0402 9B       		.byte	-101
 1056 0403 3A       		.byte	58
 1057 0404 9C       		.byte	-100
 1058 0405 04       		.byte	4
 1059 0406 A2       		.byte	-94
 1060 0407 02       		.byte	2
 1061 0408 A3       		.byte	-93
 1062 0409 01       		.byte	1
 1063 040a A4       		.byte	-92
 1064 040b 01       		.byte	1
 1065 040c A9       		.byte	-87
 1066 040d A3       		.byte	-93
 1067 040e AA       		.byte	-86
 1068 040f 01       		.byte	1
 1069 0410 AB       		.byte	-85
 1070 0411 5C       		.byte	92
 1071 0412 AE       		.byte	-82
 1072 0413 08       		.byte	8
 1073 0414 B0       		.byte	-80
 1074 0415 04       		.byte	4
 1075 0416 B2       		.byte	-78
 1076 0417 10       		.byte	16
 1077 0418 B4       		.byte	-76
 1078 0419 08       		.byte	8
 1079 041a B6       		.byte	-74
 1080 041b 03       		.byte	3
 1081 041c B7       		.byte	-73
 1082 041d FF       		.byte	-1
 1083 041e BE       		.byte	-66
ARM GAS  C:\Users\dulan\AppData\Local\Temp\ccMCpsCt.s 			page 20


 1084 041f 11       		.byte	17
 1085 0420 BF       		.byte	-65
 1086 0421 40       		.byte	64
 1087 0422 D2       		.byte	-46
 1088 0423 80       		.byte	-128
 1089 0424 D4       		.byte	-44
 1090 0425 0F       		.byte	15
 1091 0426 D6       		.byte	-42
 1092 0427 04       		.byte	4
 1093 0428 D8       		.byte	-40
 1094 0429 04       		.byte	4
 1095 042a D9       		.byte	-39
 1096 042b 04       		.byte	4
 1097 042c DB       		.byte	-37
 1098 042d 04       		.byte	4
 1099 042e DC       		.byte	-36
 1100 042f 01       		.byte	1
 1101 0430 DD       		.byte	-35
 1102 0431 10       		.byte	16
 1103 0432 DF       		.byte	-33
 1104 0433 01       		.byte	1
 1105 0434 01       		.byte	1
 1106 0435 08       		.byte	8
 1107 0436 02       		.byte	2
 1108 0437 14       		.byte	20
 1109 0438 03       		.byte	3
 1110 0439 80       		.byte	-128
 1111 043a 04       		.byte	4
 1112 043b 08       		.byte	8
 1113 043c 05       		.byte	5
 1114 043d 10       		.byte	16
 1115 043e 06       		.byte	6
 1116 043f 80       		.byte	-128
 1117 0440 0A       		.byte	10
 1118 0441 10       		.byte	16
 1119 0442 0B       		.byte	11
 1120 0443 8E       		.byte	-114
 1121 0444 0F       		.byte	15
 1122 0445 14       		.byte	20
 1123 0446 10       		.byte	16
 1124 0447 12       		.byte	18
 1125 0448 12       		.byte	18
 1126 0449 80       		.byte	-128
 1127 044a 13       		.byte	19
 1128 044b 10       		.byte	16
 1129 044c 14       		.byte	20
 1130 044d 04       		.byte	4
 1131 044e 16       		.byte	22
 1132 044f 10       		.byte	16
 1133 0450 19       		.byte	25
 1134 0451 22       		.byte	34
 1135 0452 1A       		.byte	26
 1136 0453 10       		.byte	16
 1137 0454 1B       		.byte	27
 1138 0455 80       		.byte	-128
 1139 0456 1F       		.byte	31
 1140 0457 0D       		.byte	13
ARM GAS  C:\Users\dulan\AppData\Local\Temp\ccMCpsCt.s 			page 21


 1141 0458 22       		.byte	34
 1142 0459 80       		.byte	-128
 1143 045a 25       		.byte	37
 1144 045b 0C       		.byte	12
 1145 045c 27       		.byte	39
 1146 045d 40       		.byte	64
 1147 045e 2B       		.byte	43
 1148 045f 88       		.byte	-120
 1149 0460 2E       		.byte	46
 1150 0461 01       		.byte	1
 1151 0462 2F       		.byte	47
 1152 0463 20       		.byte	32
 1153 0464 30       		.byte	48
 1154 0465 14       		.byte	20
 1155 0466 31       		.byte	49
 1156 0467 30       		.byte	48
 1157 0468 32       		.byte	50
 1158 0469 08       		.byte	8
 1159 046a 35       		.byte	53
 1160 046b 04       		.byte	4
 1161 046c 37       		.byte	55
 1162 046d 50       		.byte	80
 1163 046e 38       		.byte	56
 1164 046f 08       		.byte	8
 1165 0470 3A       		.byte	58
 1166 0471 84       		.byte	-124
 1167 0472 3B       		.byte	59
 1168 0473 90       		.byte	-112
 1169 0474 3C       		.byte	60
 1170 0475 02       		.byte	2
 1171 0476 3D       		.byte	61
 1172 0477 88       		.byte	-120
 1173 0478 58       		.byte	88
 1174 0479 04       		.byte	4
 1175 047a 59       		.byte	89
 1176 047b 80       		.byte	-128
 1177 047c 5B       		.byte	91
 1178 047d 22       		.byte	34
 1179 047e 63       		.byte	99
 1180 047f 80       		.byte	-128
 1181 0480 70       		.byte	112
 1182 0481 02       		.byte	2
 1183 0482 80       		.byte	-128
 1184 0483 04       		.byte	4
 1185 0484 83       		.byte	-125
 1186 0485 42       		.byte	66
 1187 0486 86       		.byte	-122
 1188 0487 02       		.byte	2
 1189 0488 8B       		.byte	-117
 1190 0489 40       		.byte	64
 1191 048a 90       		.byte	-112
 1192 048b 08       		.byte	8
 1193 048c 91       		.byte	-111
 1194 048d 40       		.byte	64
 1195 048e 93       		.byte	-109
 1196 048f 90       		.byte	-112
 1197 0490 97       		.byte	-105
ARM GAS  C:\Users\dulan\AppData\Local\Temp\ccMCpsCt.s 			page 22


 1198 0491 40       		.byte	64
 1199 0492 99       		.byte	-103
 1200 0493 88       		.byte	-120
 1201 0494 9B       		.byte	-101
 1202 0495 20       		.byte	32
 1203 0496 9D       		.byte	-99
 1204 0497 22       		.byte	34
 1205 0498 9E       		.byte	-98
 1206 0499 02       		.byte	2
 1207 049a A0       		.byte	-96
 1208 049b 01       		.byte	1
 1209 049c A1       		.byte	-95
 1210 049d 40       		.byte	64
 1211 049e A4       		.byte	-92
 1212 049f 04       		.byte	4
 1213 04a0 A6       		.byte	-90
 1214 04a1 08       		.byte	8
 1215 04a2 A7       		.byte	-89
 1216 04a3 08       		.byte	8
 1217 04a4 A8       		.byte	-88
 1218 04a5 80       		.byte	-128
 1219 04a6 C0       		.byte	-64
 1220 04a7 7E       		.byte	126
 1221 04a8 C2       		.byte	-62
 1222 04a9 6F       		.byte	111
 1223 04aa C4       		.byte	-60
 1224 04ab 6F       		.byte	111
 1225 04ac CA       		.byte	-54
 1226 04ad C5       		.byte	-59
 1227 04ae CC       		.byte	-52
 1228 04af 76       		.byte	118
 1229 04b0 CE       		.byte	-50
 1230 04b1 DE       		.byte	-34
 1231 04b2 D6       		.byte	-42
 1232 04b3 0F       		.byte	15
 1233 04b4 D8       		.byte	-40
 1234 04b5 01       		.byte	1
 1235 04b6 E0       		.byte	-32
 1236 04b7 20       		.byte	32
 1237 04b8 E4       		.byte	-28
 1238 04b9 08       		.byte	8
 1239 04ba EA       		.byte	-22
 1240 04bb 04       		.byte	4
 1241 04bc EE       		.byte	-18
 1242 04bd 0E       		.byte	14
 1243 04be AB       		.byte	-85
 1244 04bf 20       		.byte	32
 1245 04c0 AF       		.byte	-81
 1246 04c1 28       		.byte	40
 1247 04c2 E4       		.byte	-28
 1248 04c3 08       		.byte	8
 1249 04c4 EA       		.byte	-22
 1250 04c5 04       		.byte	4
 1251 04c6 B8       		.byte	-72
 1252 04c7 A8       		.byte	-88
 1253 04c8 BE       		.byte	-66
 1254 04c9 54       		.byte	84
ARM GAS  C:\Users\dulan\AppData\Local\Temp\ccMCpsCt.s 			page 23


 1255 04ca D8       		.byte	-40
 1256 04cb 04       		.byte	4
 1257 04cc DF       		.byte	-33
 1258 04cd 01       		.byte	1
 1259 04ce 1F       		.byte	31
 1260 04cf 68       		.byte	104
 1261 04d0 87       		.byte	-121
 1262 04d1 40       		.byte	64
 1263 04d2 EE       		.byte	-18
 1264 04d3 08       		.byte	8
 1265 04d4 EA       		.byte	-22
 1266 04d5 80       		.byte	-128
 1267 04d6 E0       		.byte	-32
 1268 04d7 10       		.byte	16
 1269 04d8 01       		.byte	1
 1270 04d9 06       		.byte	6
 1271 04da 03       		.byte	3
 1272 04db 01       		.byte	1
 1273 04dc 04       		.byte	4
 1274 04dd 01       		.byte	1
 1275 04de 0E       		.byte	14
 1276 04df 02       		.byte	2
 1277 04e0 15       		.byte	21
 1278 04e1 02       		.byte	2
 1279 04e2 18       		.byte	24
 1280 04e3 02       		.byte	2
 1281 04e4 1D       		.byte	29
 1282 04e5 06       		.byte	6
 1283 04e6 1E       		.byte	30
 1284 04e7 05       		.byte	5
 1285 04e8 30       		.byte	48
 1286 04e9 01       		.byte	1
 1287 04ea 31       		.byte	49
 1288 04eb 04       		.byte	4
 1289 04ec 32       		.byte	50
 1290 04ed 04       		.byte	4
 1291 04ee 33       		.byte	51
 1292 04ef 02       		.byte	2
 1293 04f0 35       		.byte	53
 1294 04f1 01       		.byte	1
 1295 04f2 36       		.byte	54
 1296 04f3 02       		.byte	2
 1297 04f4 39       		.byte	57
 1298 04f5 0A       		.byte	10
 1299 04f6 3E       		.byte	62
 1300 04f7 41       		.byte	65
 1301 04f8 3F       		.byte	63
 1302 04f9 04       		.byte	4
 1303 04fa 40       		.byte	64
 1304 04fb 43       		.byte	67
 1305 04fc 41       		.byte	65
 1306 04fd 01       		.byte	1
 1307 04fe 49       		.byte	73
 1308 04ff FF       		.byte	-1
 1309 0500 4A       		.byte	74
 1310 0501 FF       		.byte	-1
 1311 0502 4B       		.byte	75
ARM GAS  C:\Users\dulan\AppData\Local\Temp\ccMCpsCt.s 			page 24


 1312 0503 FF       		.byte	-1
 1313 0504 4D       		.byte	77
 1314 0505 A0       		.byte	-96
 1315 0506 4F       		.byte	79
 1316 0507 01       		.byte	1
 1317 0508 50       		.byte	80
 1318 0509 18       		.byte	24
 1319 050a 58       		.byte	88
 1320 050b 04       		.byte	4
 1321 050c 59       		.byte	89
 1322 050d 04       		.byte	4
 1323 050e 5A       		.byte	90
 1324 050f 04       		.byte	4
 1325 0510 5C       		.byte	92
 1326 0511 11       		.byte	17
 1327 0512 5D       		.byte	93
 1328 0513 01       		.byte	1
 1329 0514 5F       		.byte	95
 1330 0515 01       		.byte	1
 1331 0516 60       		.byte	96
 1332 0517 40       		.byte	64
 1333 0518 62       		.byte	98
 1334 0519 80       		.byte	-128
 1335 051a 64       		.byte	100
 1336 051b 40       		.byte	64
 1337 051c 65       		.byte	101
 1338 051d 40       		.byte	64
 1339 051e 66       		.byte	102
 1340 051f 80       		.byte	-128
 1341 0520 68       		.byte	104
 1342 0521 40       		.byte	64
 1343 0522 6A       		.byte	106
 1344 0523 80       		.byte	-128
 1345 0524 6C       		.byte	108
 1346 0525 40       		.byte	64
 1347 0526 6D       		.byte	109
 1348 0527 20       		.byte	32
 1349 0528 6E       		.byte	110
 1350 0529 80       		.byte	-128
 1351 052a 81       		.byte	-127
 1352 052b 94       		.byte	-108
 1353 052c 83       		.byte	-125
 1354 052d 60       		.byte	96
 1355 052e 84       		.byte	-124
 1356 052f CC       		.byte	-52
 1357 0530 86       		.byte	-122
 1358 0531 23       		.byte	35
 1359 0532 8C       		.byte	-116
 1360 0533 85       		.byte	-123
 1361 0534 8D       		.byte	-115
 1362 0535 30       		.byte	48
 1363 0536 8E       		.byte	-114
 1364 0537 1A       		.byte	26
 1365 0538 8F       		.byte	-113
 1366 0539 C9       		.byte	-55
 1367 053a 94       		.byte	-108
 1368 053b 77       		.byte	119
ARM GAS  C:\Users\dulan\AppData\Local\Temp\ccMCpsCt.s 			page 25


 1369 053c 95       		.byte	-107
 1370 053d 73       		.byte	115
 1371 053e 98       		.byte	-104
 1372 053f BF       		.byte	-65
 1373 0540 9A       		.byte	-102
 1374 0541 40       		.byte	64
 1375 0542 9C       		.byte	-100
 1376 0543 03       		.byte	3
 1377 0544 9E       		.byte	-98
 1378 0545 FC       		.byte	-4
 1379 0546 9F       		.byte	-97
 1380 0547 0F       		.byte	15
 1381 0548 A0       		.byte	-96
 1382 0549 CA       		.byte	-54
 1383 054a A1       		.byte	-95
 1384 054b 9E       		.byte	-98
 1385 054c A2       		.byte	-94
 1386 054d 15       		.byte	21
 1387 054e A3       		.byte	-93
 1388 054f 60       		.byte	96
 1389 0550 A5       		.byte	-91
 1390 0551 FD       		.byte	-3
 1391 0552 A7       		.byte	-89
 1392 0553 02       		.byte	2
 1393 0554 A9       		.byte	-87
 1394 0555 CF       		.byte	-49
 1395 0556 AB       		.byte	-85
 1396 0557 30       		.byte	48
 1397 0558 B2       		.byte	-78
 1398 0559 F0       		.byte	-16
 1399 055a B3       		.byte	-77
 1400 055b FF       		.byte	-1
 1401 055c B4       		.byte	-76
 1402 055d 0F       		.byte	15
 1403 055e BF       		.byte	-65
 1404 055f 04       		.byte	4
 1405 0560 C0       		.byte	-64
 1406 0561 42       		.byte	66
 1407 0562 C1       		.byte	-63
 1408 0563 01       		.byte	1
 1409 0564 C5       		.byte	-59
 1410 0565 4C       		.byte	76
 1411 0566 C6       		.byte	-58
 1412 0567 03       		.byte	3
 1413 0568 C7       		.byte	-57
 1414 0569 2E       		.byte	46
 1415 056a C8       		.byte	-56
 1416 056b 37       		.byte	55
 1417 056c C9       		.byte	-55
 1418 056d FF       		.byte	-1
 1419 056e CA       		.byte	-54
 1420 056f FF       		.byte	-1
 1421 0570 CB       		.byte	-53
 1422 0571 FF       		.byte	-1
 1423 0572 CD       		.byte	-51
 1424 0573 AF       		.byte	-81
 1425 0574 CE       		.byte	-50
ARM GAS  C:\Users\dulan\AppData\Local\Temp\ccMCpsCt.s 			page 26


 1426 0575 07       		.byte	7
 1427 0576 CF       		.byte	-49
 1428 0577 01       		.byte	1
 1429 0578 D0       		.byte	-48
 1430 0579 18       		.byte	24
 1431 057a D4       		.byte	-44
 1432 057b 0F       		.byte	15
 1433 057c D8       		.byte	-40
 1434 057d 04       		.byte	4
 1435 057e D9       		.byte	-39
 1436 057f 04       		.byte	4
 1437 0580 DA       		.byte	-38
 1438 0581 04       		.byte	4
 1439 0582 DB       		.byte	-37
 1440 0583 04       		.byte	4
 1441 0584 DC       		.byte	-36
 1442 0585 01       		.byte	1
 1443 0586 DD       		.byte	-35
 1444 0587 11       		.byte	17
 1445 0588 DF       		.byte	-33
 1446 0589 05       		.byte	5
 1447 058a E0       		.byte	-32
 1448 058b 40       		.byte	64
 1449 058c E2       		.byte	-30
 1450 058d 80       		.byte	-128
 1451 058e E4       		.byte	-28
 1452 058f 40       		.byte	64
 1453 0590 E5       		.byte	-27
 1454 0591 40       		.byte	64
 1455 0592 E6       		.byte	-26
 1456 0593 80       		.byte	-128
 1457 0594 E8       		.byte	-24
 1458 0595 40       		.byte	64
 1459 0596 EA       		.byte	-22
 1460 0597 80       		.byte	-128
 1461 0598 EC       		.byte	-20
 1462 0599 40       		.byte	64
 1463 059a ED       		.byte	-19
 1464 059b 20       		.byte	32
 1465 059c EE       		.byte	-18
 1466 059d 80       		.byte	-128
 1467 059e 01       		.byte	1
 1468 059f 08       		.byte	8
 1469 05a0 02       		.byte	2
 1470 05a1 01       		.byte	1
 1471 05a2 04       		.byte	4
 1472 05a3 40       		.byte	64
 1473 05a4 05       		.byte	5
 1474 05a5 04       		.byte	4
 1475 05a6 09       		.byte	9
 1476 05a7 20       		.byte	32
 1477 05a8 0B       		.byte	11
 1478 05a9 01       		.byte	1
 1479 05aa 0D       		.byte	13
 1480 05ab 08       		.byte	8
 1481 05ac 0E       		.byte	14
 1482 05ad 04       		.byte	4
ARM GAS  C:\Users\dulan\AppData\Local\Temp\ccMCpsCt.s 			page 27


 1483 05ae 0F       		.byte	15
 1484 05af 02       		.byte	2
 1485 05b0 15       		.byte	21
 1486 05b1 01       		.byte	1
 1487 05b2 18       		.byte	24
 1488 05b3 01       		.byte	1
 1489 05b4 19       		.byte	25
 1490 05b5 08       		.byte	8
 1491 05b6 1A       		.byte	26
 1492 05b7 40       		.byte	64
 1493 05b8 1D       		.byte	29
 1494 05b9 04       		.byte	4
 1495 05ba 1E       		.byte	30
 1496 05bb 04       		.byte	4
 1497 05bc 1F       		.byte	31
 1498 05bd 28       		.byte	40
 1499 05be 21       		.byte	33
 1500 05bf 25       		.byte	37
 1501 05c0 23       		.byte	35
 1502 05c1 20       		.byte	32
 1503 05c2 27       		.byte	39
 1504 05c3 10       		.byte	16
 1505 05c4 2D       		.byte	45
 1506 05c5 01       		.byte	1
 1507 05c6 2E       		.byte	46
 1508 05c7 01       		.byte	1
 1509 05c8 2F       		.byte	47
 1510 05c9 28       		.byte	40
 1511 05ca 31       		.byte	49
 1512 05cb 88       		.byte	-120
 1513 05cc 33       		.byte	51
 1514 05cd 04       		.byte	4
 1515 05ce 37       		.byte	55
 1516 05cf 44       		.byte	68
 1517 05d0 3A       		.byte	58
 1518 05d1 01       		.byte	1
 1519 05d2 3C       		.byte	60
 1520 05d3 42       		.byte	66
 1521 05d4 3D       		.byte	61
 1522 05d5 80       		.byte	-128
 1523 05d6 3F       		.byte	63
 1524 05d7 02       		.byte	2
 1525 05d8 41       		.byte	65
 1526 05d9 04       		.byte	4
 1527 05da 42       		.byte	66
 1528 05db 80       		.byte	-128
 1529 05dc 43       		.byte	67
 1530 05dd 42       		.byte	66
 1531 05de 46       		.byte	70
 1532 05df 80       		.byte	-128
 1533 05e0 47       		.byte	71
 1534 05e1 60       		.byte	96
 1535 05e2 4F       		.byte	79
 1536 05e3 05       		.byte	5
 1537 05e4 55       		.byte	85
 1538 05e5 81       		.byte	-127
 1539 05e6 56       		.byte	86
ARM GAS  C:\Users\dulan\AppData\Local\Temp\ccMCpsCt.s 			page 28


 1540 05e7 09       		.byte	9
 1541 05e8 5C       		.byte	92
 1542 05e9 05       		.byte	5
 1543 05ea 5D       		.byte	93
 1544 05eb 20       		.byte	32
 1545 05ec 5E       		.byte	94
 1546 05ed 40       		.byte	64
 1547 05ee 66       		.byte	102
 1548 05ef 08       		.byte	8
 1549 05f0 67       		.byte	103
 1550 05f1 04       		.byte	4
 1551 05f2 6E       		.byte	110
 1552 05f3 10       		.byte	16
 1553 05f4 6F       		.byte	111
 1554 05f5 01       		.byte	1
 1555 05f6 7D       		.byte	125
 1556 05f7 08       		.byte	8
 1557 05f8 81       		.byte	-127
 1558 05f9 21       		.byte	33
 1559 05fa 87       		.byte	-121
 1560 05fb 01       		.byte	1
 1561 05fc 8E       		.byte	-114
 1562 05fd 10       		.byte	16
 1563 05fe 90       		.byte	-112
 1564 05ff 04       		.byte	4
 1565 0600 92       		.byte	-110
 1566 0601 01       		.byte	1
 1567 0602 95       		.byte	-107
 1568 0603 02       		.byte	2
 1569 0604 9B       		.byte	-101
 1570 0605 40       		.byte	64
 1571 0606 9D       		.byte	-99
 1572 0607 0C       		.byte	12
 1573 0608 9F       		.byte	-97
 1574 0609 10       		.byte	16
 1575 060a A0       		.byte	-96
 1576 060b 01       		.byte	1
 1577 060c A1       		.byte	-95
 1578 060d 4C       		.byte	76
 1579 060e A3       		.byte	-93
 1580 060f 02       		.byte	2
 1581 0610 A5       		.byte	-91
 1582 0611 80       		.byte	-128
 1583 0612 A7       		.byte	-89
 1584 0613 20       		.byte	32
 1585 0614 C0       		.byte	-64
 1586 0615 A5       		.byte	-91
 1587 0616 C2       		.byte	-62
 1588 0617 E3       		.byte	-29
 1589 0618 C4       		.byte	-60
 1590 0619 10       		.byte	16
 1591 061a CA       		.byte	-54
 1592 061b E0       		.byte	-32
 1593 061c CC       		.byte	-52
 1594 061d 5A       		.byte	90
 1595 061e CE       		.byte	-50
 1596 061f 91       		.byte	-111
ARM GAS  C:\Users\dulan\AppData\Local\Temp\ccMCpsCt.s 			page 29


 1597 0620 D0       		.byte	-48
 1598 0621 BB       		.byte	-69
 1599 0622 D6       		.byte	-42
 1600 0623 F0       		.byte	-16
 1601 0624 D8       		.byte	-40
 1602 0625 60       		.byte	96
 1603 0626 DE       		.byte	-34
 1604 0627 40       		.byte	64
 1605 0628 E6       		.byte	-26
 1606 0629 10       		.byte	16
 1607 062a 01       		.byte	1
 1608 062b 0E       		.byte	14
 1609 062c 02       		.byte	2
 1610 062d 1D       		.byte	29
 1611 062e 03       		.byte	3
 1612 062f F0       		.byte	-16
 1613 0630 04       		.byte	4
 1614 0631 11       		.byte	17
 1615 0632 05       		.byte	5
 1616 0633 7F       		.byte	127
 1617 0634 06       		.byte	6
 1618 0635 04       		.byte	4
 1619 0636 0C       		.byte	12
 1620 0637 11       		.byte	17
 1621 0638 0D       		.byte	13
 1622 0639 96       		.byte	-106
 1623 063a 0E       		.byte	14
 1624 063b 08       		.byte	8
 1625 063c 0F       		.byte	15
 1626 063d 68       		.byte	104
 1627 063e 10       		.byte	16
 1628 063f 20       		.byte	32
 1629 0640 14       		.byte	20
 1630 0641 1C       		.byte	28
 1631 0642 15       		.byte	21
 1632 0643 A3       		.byte	-93
 1633 0644 17       		.byte	23
 1634 0645 5C       		.byte	92
 1635 0646 1E       		.byte	30
 1636 0647 60       		.byte	96
 1637 0648 20       		.byte	32
 1638 0649 01       		.byte	1
 1639 064a 21       		.byte	33
 1640 064b C5       		.byte	-59
 1641 064c 22       		.byte	34
 1642 064d 04       		.byte	4
 1643 064e 23       		.byte	35
 1644 064f 3A       		.byte	58
 1645 0650 24       		.byte	36
 1646 0651 0D       		.byte	13
 1647 0652 25       		.byte	37
 1648 0653 FE       		.byte	-2
 1649 0654 26       		.byte	38
 1650 0655 10       		.byte	16
 1651 0656 27       		.byte	39
 1652 0657 01       		.byte	1
 1653 0658 2A       		.byte	42
ARM GAS  C:\Users\dulan\AppData\Local\Temp\ccMCpsCt.s 			page 30


 1654 0659 02       		.byte	2
 1655 065a 2B       		.byte	43
 1656 065b 01       		.byte	1
 1657 065c 30       		.byte	48
 1658 065d 40       		.byte	64
 1659 065e 32       		.byte	50
 1660 065f 03       		.byte	3
 1661 0660 33       		.byte	51
 1662 0661 FF       		.byte	-1
 1663 0662 34       		.byte	52
 1664 0663 20       		.byte	32
 1665 0664 36       		.byte	54
 1666 0665 1D       		.byte	29
 1667 0666 3E       		.byte	62
 1668 0667 10       		.byte	16
 1669 0668 3F       		.byte	63
 1670 0669 04       		.byte	4
 1671 066a 58       		.byte	88
 1672 066b 04       		.byte	4
 1673 066c 59       		.byte	89
 1674 066d 04       		.byte	4
 1675 066e 5C       		.byte	92
 1676 066f 01       		.byte	1
 1677 0670 5F       		.byte	95
 1678 0671 01       		.byte	1
 1679 0672 83       		.byte	-125
 1680 0673 80       		.byte	-128
 1681 0674 84       		.byte	-124
 1682 0675 01       		.byte	1
 1683 0676 85       		.byte	-123
 1684 0677 5B       		.byte	91
 1685 0678 87       		.byte	-121
 1686 0679 04       		.byte	4
 1687 067a 8B       		.byte	-117
 1688 067b 0F       		.byte	15
 1689 067c 8D       		.byte	-115
 1690 067d 08       		.byte	8
 1691 067e 8E       		.byte	-114
 1692 067f 01       		.byte	1
 1693 0680 8F       		.byte	-113
 1694 0681 01       		.byte	1
 1695 0682 95       		.byte	-107
 1696 0683 37       		.byte	55
 1697 0684 99       		.byte	-103
 1698 0685 6C       		.byte	108
 1699 0686 9A       		.byte	-102
 1700 0687 06       		.byte	6
 1701 0688 9B       		.byte	-101
 1702 0689 02       		.byte	2
 1703 068a 9C       		.byte	-100
 1704 068b 02       		.byte	2
 1705 068c 9F       		.byte	-97
 1706 068d 80       		.byte	-128
 1707 068e A0       		.byte	-96
 1708 068f 01       		.byte	1
 1709 0690 A5       		.byte	-91
 1710 0691 80       		.byte	-128
ARM GAS  C:\Users\dulan\AppData\Local\Temp\ccMCpsCt.s 			page 31


 1711 0692 A9       		.byte	-87
 1712 0693 6C       		.byte	108
 1713 0694 AB       		.byte	-85
 1714 0695 01       		.byte	1
 1715 0696 AE       		.byte	-82
 1716 0697 02       		.byte	2
 1717 0698 B0       		.byte	-80
 1718 0699 02       		.byte	2
 1719 069a B3       		.byte	-77
 1720 069b 70       		.byte	112
 1721 069c B4       		.byte	-76
 1722 069d 01       		.byte	1
 1723 069e B5       		.byte	-75
 1724 069f 0F       		.byte	15
 1725 06a0 B6       		.byte	-74
 1726 06a1 04       		.byte	4
 1727 06a2 B7       		.byte	-73
 1728 06a3 80       		.byte	-128
 1729 06a4 B9       		.byte	-71
 1730 06a5 08       		.byte	8
 1731 06a6 BE       		.byte	-66
 1732 06a7 11       		.byte	17
 1733 06a8 BF       		.byte	-65
 1734 06a9 40       		.byte	64
 1735 06aa D2       		.byte	-46
 1736 06ab 80       		.byte	-128
 1737 06ac D4       		.byte	-44
 1738 06ad 0F       		.byte	15
 1739 06ae D6       		.byte	-42
 1740 06af 04       		.byte	4
 1741 06b0 D8       		.byte	-40
 1742 06b1 04       		.byte	4
 1743 06b2 D9       		.byte	-39
 1744 06b3 04       		.byte	4
 1745 06b4 DB       		.byte	-37
 1746 06b5 04       		.byte	4
 1747 06b6 DC       		.byte	-36
 1748 06b7 11       		.byte	17
 1749 06b8 DD       		.byte	-35
 1750 06b9 10       		.byte	16
 1751 06ba DF       		.byte	-33
 1752 06bb 01       		.byte	1
 1753 06bc 01       		.byte	1
 1754 06bd 08       		.byte	8
 1755 06be 02       		.byte	2
 1756 06bf 01       		.byte	1
 1757 06c0 05       		.byte	5
 1758 06c1 04       		.byte	4
 1759 06c2 06       		.byte	6
 1760 06c3 82       		.byte	-126
 1761 06c4 0A       		.byte	10
 1762 06c5 02       		.byte	2
 1763 06c6 0B       		.byte	11
 1764 06c7 08       		.byte	8
 1765 06c8 0D       		.byte	13
 1766 06c9 8A       		.byte	-118
 1767 06ca 10       		.byte	16
ARM GAS  C:\Users\dulan\AppData\Local\Temp\ccMCpsCt.s 			page 32


 1768 06cb 42       		.byte	66
 1769 06cc 15       		.byte	21
 1770 06cd 05       		.byte	5
 1771 06ce 17       		.byte	23
 1772 06cf 20       		.byte	32
 1773 06d0 19       		.byte	25
 1774 06d1 10       		.byte	16
 1775 06d2 1A       		.byte	26
 1776 06d3 02       		.byte	2
 1777 06d4 1B       		.byte	27
 1778 06d5 02       		.byte	2
 1779 06d6 1C       		.byte	28
 1780 06d7 04       		.byte	4
 1781 06d8 1D       		.byte	29
 1782 06d9 02       		.byte	2
 1783 06da 1E       		.byte	30
 1784 06db 01       		.byte	1
 1785 06dc 1F       		.byte	31
 1786 06dd 04       		.byte	4
 1787 06de 20       		.byte	32
 1788 06df 08       		.byte	8
 1789 06e0 21       		.byte	33
 1790 06e1 20       		.byte	32
 1791 06e2 22       		.byte	34
 1792 06e3 48       		.byte	72
 1793 06e4 27       		.byte	39
 1794 06e5 20       		.byte	32
 1795 06e6 29       		.byte	41
 1796 06e7 08       		.byte	8
 1797 06e8 2B       		.byte	43
 1798 06e9 08       		.byte	8
 1799 06ea 2D       		.byte	45
 1800 06eb 04       		.byte	4
 1801 06ec 2E       		.byte	46
 1802 06ed 03       		.byte	3
 1803 06ee 2F       		.byte	47
 1804 06ef 24       		.byte	36
 1805 06f0 30       		.byte	48
 1806 06f1 40       		.byte	64
 1807 06f2 31       		.byte	49
 1808 06f3 20       		.byte	32
 1809 06f4 32       		.byte	50
 1810 06f5 08       		.byte	8
 1811 06f6 33       		.byte	51
 1812 06f7 40       		.byte	64
 1813 06f8 35       		.byte	53
 1814 06f9 04       		.byte	4
 1815 06fa 38       		.byte	56
 1816 06fb 08       		.byte	8
 1817 06fc 39       		.byte	57
 1818 06fd 02       		.byte	2
 1819 06fe 3A       		.byte	58
 1820 06ff 01       		.byte	1
 1821 0700 3B       		.byte	59
 1822 0701 90       		.byte	-112
 1823 0702 3C       		.byte	60
 1824 0703 02       		.byte	2
ARM GAS  C:\Users\dulan\AppData\Local\Temp\ccMCpsCt.s 			page 33


 1825 0704 3D       		.byte	61
 1826 0705 89       		.byte	-119
 1827 0706 3E       		.byte	62
 1828 0707 84       		.byte	-124
 1829 0708 59       		.byte	89
 1830 0709 12       		.byte	18
 1831 070a 5A       		.byte	90
 1832 070b 84       		.byte	-124
 1833 070c 63       		.byte	99
 1834 070d 80       		.byte	-128
 1835 070e 70       		.byte	112
 1836 070f 02       		.byte	2
 1837 0710 85       		.byte	-123
 1838 0711 02       		.byte	2
 1839 0712 87       		.byte	-121
 1840 0713 20       		.byte	32
 1841 0714 8D       		.byte	-115
 1842 0715 40       		.byte	64
 1843 0716 8F       		.byte	-113
 1844 0717 40       		.byte	64
 1845 0718 90       		.byte	-112
 1846 0719 08       		.byte	8
 1847 071a 91       		.byte	-111
 1848 071b 40       		.byte	64
 1849 071c 93       		.byte	-109
 1850 071d 90       		.byte	-112
 1851 071e 96       		.byte	-106
 1852 071f 01       		.byte	1
 1853 0720 9B       		.byte	-101
 1854 0721 40       		.byte	64
 1855 0722 9D       		.byte	-99
 1856 0723 04       		.byte	4
 1857 0724 9F       		.byte	-97
 1858 0725 10       		.byte	16
 1859 0726 A0       		.byte	-96
 1860 0727 01       		.byte	1
 1861 0728 A1       		.byte	-95
 1862 0729 4C       		.byte	76
 1863 072a A3       		.byte	-93
 1864 072b 08       		.byte	8
 1865 072c A4       		.byte	-92
 1866 072d 04       		.byte	4
 1867 072e A5       		.byte	-91
 1868 072f 20       		.byte	32
 1869 0730 A6       		.byte	-90
 1870 0731 08       		.byte	8
 1871 0732 A7       		.byte	-89
 1872 0733 20       		.byte	32
 1873 0734 C0       		.byte	-64
 1874 0735 B5       		.byte	-75
 1875 0736 C2       		.byte	-62
 1876 0737 B3       		.byte	-77
 1877 0738 C4       		.byte	-60
 1878 0739 79       		.byte	121
 1879 073a CA       		.byte	-54
 1880 073b E6       		.byte	-26
 1881 073c CC       		.byte	-52
ARM GAS  C:\Users\dulan\AppData\Local\Temp\ccMCpsCt.s 			page 34


 1882 073d 4E       		.byte	78
 1883 073e CE       		.byte	-50
 1884 073f DF       		.byte	-33
 1885 0740 D6       		.byte	-42
 1886 0741 0F       		.byte	15
 1887 0742 D8       		.byte	-40
 1888 0743 01       		.byte	1
 1889 0744 E6       		.byte	-26
 1890 0745 40       		.byte	64
 1891 0746 E0       		.byte	-32
 1892 0747 40       		.byte	64
 1893 0748 31       		.byte	49
 1894 0749 20       		.byte	32
 1895 074a 37       		.byte	55
 1896 074b 10       		.byte	16
 1897 074c 8A       		.byte	-118
 1898 074d 10       		.byte	16
 1899 074e CC       		.byte	-52
 1900 074f 30       		.byte	48
 1901 0750 82       		.byte	-126
 1902 0751 40       		.byte	64
 1903 0752 8C       		.byte	-116
 1904 0753 02       		.byte	2
 1905 0754 9A       		.byte	-102
 1906 0755 10       		.byte	16
 1907 0756 9B       		.byte	-101
 1908 0757 20       		.byte	32
 1909 0758 9F       		.byte	-97
 1910 0759 10       		.byte	16
 1911 075a A0       		.byte	-96
 1912 075b 08       		.byte	8
 1913 075c A5       		.byte	-91
 1914 075d 20       		.byte	32
 1915 075e B0       		.byte	-80
 1916 075f 08       		.byte	8
 1917 0760 B7       		.byte	-73
 1918 0761 20       		.byte	32
 1919 0762 E0       		.byte	-32
 1920 0763 20       		.byte	32
 1921 0764 52       		.byte	82
 1922 0765 08       		.byte	8
 1923 0766 54       		.byte	84
 1924 0767 08       		.byte	8
 1925 0768 63       		.byte	99
 1926 0769 42       		.byte	66
 1927 076a 67       		.byte	103
 1928 076b 82       		.byte	-126
 1929 076c 87       		.byte	-121
 1930 076d 40       		.byte	64
 1931 076e 96       		.byte	-106
 1932 076f 40       		.byte	64
 1933 0770 9A       		.byte	-102
 1934 0771 10       		.byte	16
 1935 0772 9B       		.byte	-101
 1936 0773 20       		.byte	32
 1937 0774 9F       		.byte	-97
 1938 0775 10       		.byte	16
ARM GAS  C:\Users\dulan\AppData\Local\Temp\ccMCpsCt.s 			page 35


 1939 0776 A0       		.byte	-96
 1940 0777 0A       		.byte	10
 1941 0778 A5       		.byte	-91
 1942 0779 20       		.byte	32
 1943 077a D4       		.byte	-44
 1944 077b 60       		.byte	96
 1945 077c D6       		.byte	-42
 1946 077d C0       		.byte	-64
 1947 077e D8       		.byte	-40
 1948 077f C0       		.byte	-64
 1949 0780 E2       		.byte	-30
 1950 0781 10       		.byte	16
 1951 0782 1B       		.byte	27
 1952 0783 01       		.byte	1
 1953 0784 1E       		.byte	30
 1954 0785 40       		.byte	64
 1955 0786 83       		.byte	-125
 1956 0787 10       		.byte	16
 1957 0788 87       		.byte	-121
 1958 0789 01       		.byte	1
 1959 078a 88       		.byte	-120
 1960 078b 80       		.byte	-128
 1961 078c 96       		.byte	-106
 1962 078d 40       		.byte	64
 1963 078e 9A       		.byte	-102
 1964 078f 10       		.byte	16
 1965 0790 9B       		.byte	-101
 1966 0791 20       		.byte	32
 1967 0792 9F       		.byte	-97
 1968 0793 10       		.byte	16
 1969 0794 A0       		.byte	-96
 1970 0795 02       		.byte	2
 1971 0796 A5       		.byte	-91
 1972 0797 20       		.byte	32
 1973 0798 A6       		.byte	-90
 1974 0799 01       		.byte	1
 1975 079a AA       		.byte	-86
 1976 079b 09       		.byte	9
 1977 079c AB       		.byte	-85
 1978 079d 01       		.byte	1
 1979 079e AF       		.byte	-81
 1980 079f 41       		.byte	65
 1981 07a0 C6       		.byte	-58
 1982 07a1 30       		.byte	48
 1983 07a2 E2       		.byte	-30
 1984 07a3 20       		.byte	32
 1985 07a4 E4       		.byte	-28
 1986 07a5 10       		.byte	16
 1987 07a6 EA       		.byte	-22
 1988 07a7 20       		.byte	32
 1989 07a8 EC       		.byte	-20
 1990 07a9 80       		.byte	-128
 1991 07aa EE       		.byte	-18
 1992 07ab 70       		.byte	112
 1993 07ac 14       		.byte	20
 1994 07ad 40       		.byte	64
 1995 07ae 2A       		.byte	42
ARM GAS  C:\Users\dulan\AppData\Local\Temp\ccMCpsCt.s 			page 36


 1996 07af 10       		.byte	16
 1997 07b0 7C       		.byte	124
 1998 07b1 40       		.byte	64
 1999 07b2 8C       		.byte	-116
 2000 07b3 04       		.byte	4
 2001 07b4 C4       		.byte	-60
 2002 07b5 04       		.byte	4
 2003 07b6 CA       		.byte	-54
 2004 07b7 08       		.byte	8
 2005 07b8 DE       		.byte	-34
 2006 07b9 04       		.byte	4
 2007 07ba E0       		.byte	-32
 2008 07bb 08       		.byte	8
 2009 07bc 13       		.byte	19
 2010 07bd 08       		.byte	8
 2011 07be 90       		.byte	-112
 2012 07bf 08       		.byte	8
 2013 07c0 94       		.byte	-108
 2014 07c1 40       		.byte	64
 2015 07c2 9A       		.byte	-102
 2016 07c3 10       		.byte	16
 2017 07c4 B0       		.byte	-80
 2018 07c5 40       		.byte	64
 2019 07c6 C4       		.byte	-60
 2020 07c7 08       		.byte	8
 2021 07c8 EA       		.byte	-22
 2022 07c9 01       		.byte	1
 2023 07ca 00       		.byte	0
 2024 07cb 40       		.byte	64
 2025 07cc 50       		.byte	80
 2026 07cd 04       		.byte	4
 2027 07ce 56       		.byte	86
 2028 07cf 10       		.byte	16
 2029 07d0 90       		.byte	-112
 2030 07d1 08       		.byte	8
 2031 07d2 94       		.byte	-108
 2032 07d3 40       		.byte	64
 2033 07d4 9A       		.byte	-102
 2034 07d5 10       		.byte	16
 2035 07d6 9B       		.byte	-101
 2036 07d7 08       		.byte	8
 2037 07d8 9C       		.byte	-100
 2038 07d9 40       		.byte	64
 2039 07da AC       		.byte	-84
 2040 07db 40       		.byte	64
 2041 07dc C0       		.byte	-64
 2042 07dd 02       		.byte	2
 2043 07de D4       		.byte	-44
 2044 07df 06       		.byte	6
 2045 07e0 00       		.byte	0
 2046 07e1 02       		.byte	2
 2047 07e2 87       		.byte	-121
 2048 07e3 04       		.byte	4
 2049 07e4 9C       		.byte	-100
 2050 07e5 40       		.byte	64
 2051 07e6 AB       		.byte	-85
 2052 07e7 08       		.byte	8
ARM GAS  C:\Users\dulan\AppData\Local\Temp\ccMCpsCt.s 			page 37


 2053 07e8 C0       		.byte	-64
 2054 07e9 08       		.byte	8
 2055 07ea 52       		.byte	82
 2056 07eb 10       		.byte	16
 2057 07ec 56       		.byte	86
 2058 07ed 80       		.byte	-128
 2059 07ee 5A       		.byte	90
 2060 07ef 40       		.byte	64
 2061 07f0 5F       		.byte	95
 2062 07f1 20       		.byte	32
 2063 07f2 8D       		.byte	-115
 2064 07f3 20       		.byte	32
 2065 07f4 92       		.byte	-110
 2066 07f5 40       		.byte	64
 2067 07f6 9A       		.byte	-102
 2068 07f7 10       		.byte	16
 2069 07f8 9B       		.byte	-101
 2070 07f9 20       		.byte	32
 2071 07fa 9C       		.byte	-100
 2072 07fb 80       		.byte	-128
 2073 07fc A0       		.byte	-96
 2074 07fd 02       		.byte	2
 2075 07fe A5       		.byte	-91
 2076 07ff 20       		.byte	32
 2077 0800 A6       		.byte	-90
 2078 0801 01       		.byte	1
 2079 0802 D4       		.byte	-44
 2080 0803 E0       		.byte	-32
 2081 0804 D6       		.byte	-42
 2082 0805 20       		.byte	32
 2083 0806 08       		.byte	8
 2084 0807 80       		.byte	-128
 2085 0808 0E       		.byte	14
 2086 0809 02       		.byte	2
 2087 080a 70       		.byte	112
 2088 080b 02       		.byte	2
 2089 080c 77       		.byte	119
 2090 080d 80       		.byte	-128
 2091 080e 87       		.byte	-121
 2092 080f 80       		.byte	-128
 2093 0810 8E       		.byte	-114
 2094 0811 80       		.byte	-128
 2095 0812 9C       		.byte	-100
 2096 0813 80       		.byte	-128
 2097 0814 9E       		.byte	-98
 2098 0815 80       		.byte	-128
 2099 0816 A0       		.byte	-96
 2100 0817 02       		.byte	2
 2101 0818 A6       		.byte	-90
 2102 0819 01       		.byte	1
 2103 081a C2       		.byte	-62
 2104 081b C0       		.byte	-64
 2105 081c DC       		.byte	-36
 2106 081d 80       		.byte	-128
 2107 081e DE       		.byte	-34
 2108 081f 20       		.byte	32
 2109 0820 E2       		.byte	-30
ARM GAS  C:\Users\dulan\AppData\Local\Temp\ccMCpsCt.s 			page 38


 2110 0821 40       		.byte	64
 2111 0822 5D       		.byte	93
 2112 0823 08       		.byte	8
 2113 0824 67       		.byte	103
 2114 0825 08       		.byte	8
 2115 0826 74       		.byte	116
 2116 0827 01       		.byte	1
 2117 0828 8D       		.byte	-115
 2118 0829 08       		.byte	8
 2119 082a 93       		.byte	-109
 2120 082b 08       		.byte	8
 2121 082c 9C       		.byte	-100
 2122 082d 40       		.byte	64
 2123 082e A0       		.byte	-96
 2124 082f 01       		.byte	1
 2125 0830 D6       		.byte	-42
 2126 0831 01       		.byte	1
 2127 0832 D8       		.byte	-40
 2128 0833 01       		.byte	1
 2129 0834 DE       		.byte	-34
 2130 0835 04       		.byte	4
 2131 0836 E0       		.byte	-32
 2132 0837 02       		.byte	2
 2133 0838 10       		.byte	16
 2134 0839 40       		.byte	64
 2135 083a 9C       		.byte	-100
 2136 083b 40       		.byte	64
 2137 083c C4       		.byte	-60
 2138 083d 08       		.byte	8
 2139 083e 00       		.byte	0
 2140 083f 02       		.byte	2
 2141 0840 01       		.byte	1
 2142 0841 01       		.byte	1
 2143 0842 08       		.byte	8
 2144 0843 02       		.byte	2
 2145 0844 09       		.byte	9
 2146 0845 01       		.byte	1
 2147 0846 0A       		.byte	10
 2148 0847 02       		.byte	2
 2149 0848 10       		.byte	16
 2150 0849 02       		.byte	2
 2151 084a 1A       		.byte	26
 2152 084b 02       		.byte	2
 2153 084c 00       		.byte	0
 2154 084d 0F       		.byte	15
 2155 084e 00       		.byte	0
 2156 084f 00       		.byte	0
 2157 0850 60       		.byte	96
 2158 0851 1F       		.byte	31
 2159 0852 1F       		.byte	31
 2160 0853 00       		.byte	0
 2161 0854 1F       		.byte	31
 2162 0855 00       		.byte	0
 2163 0856 00       		.byte	0
 2164 0857 00       		.byte	0
 2165 0858 00       		.byte	0
 2166 0859 00       		.byte	0
ARM GAS  C:\Users\dulan\AppData\Local\Temp\ccMCpsCt.s 			page 39


 2167 085a 40       		.byte	64
 2168 085b 3F       		.byte	63
 2169 085c 3F       		.byte	63
 2170 085d 00       		.byte	0
 2171 085e 7F       		.byte	127
 2172 085f 00       		.byte	0
 2173 0860 00       		.byte	0
 2174 0861 00       		.byte	0
 2175 0862 00       		.byte	0
 2176 0863 00       		.byte	0
 2177 0864 00       		.byte	0
 2178 0865 CB       		.byte	-53
 2179 0866 CB       		.byte	-53
 2180 0867 00       		.byte	0
 2181 0868 C0       		.byte	-64
 2182 0869 00       		.byte	0
 2183 086a 00       		.byte	0
 2184 086b 00       		.byte	0
 2185 086c 00       		.byte	0
 2186 086d 07       		.byte	7
 2187 086e 07       		.byte	7
 2188 086f 00       		.byte	0
 2189 0870 00       		.byte	0
 2190 0871 00       		.byte	0
 2191 0872 00       		.byte	0
 2192 0873 00       		.byte	0
 2193 0874 C0       		.byte	-64
 2194 0875 00       		.byte	0
 2195 0876 00       		.byte	0
 2196 0877 00       		.byte	0
 2197 0878 00       		.byte	0
 2198 0879 00       		.byte	0
 2199 087a 0F       		.byte	15
 2200 087b 00       		.byte	0
 2201 087c 2F       		.byte	47
 2202 087d 00       		.byte	0
 2203 087e 1C       		.byte	28
 2204 087f 01       		.byte	1
 2205              		.section	.cywolatch,"a",%progbits
 2206              		.align	2
 2207              		.type	cy_meta_wonvl, %object
 2208              		.size	cy_meta_wonvl, 4
 2209              	cy_meta_wonvl:
 2210 0000 BC       		.byte	-68
 2211 0001 90       		.byte	-112
 2212 0002 AC       		.byte	-84
 2213 0003 AF       		.byte	-81
 2214              		.section	.cycustnvl,"a",%progbits
 2215              		.align	2
 2216              		.type	cy_meta_custnvl, %object
 2217              		.size	cy_meta_custnvl, 4
 2218              	cy_meta_custnvl:
 2219 0000 00       		.byte	0
 2220 0001 00       		.byte	0
 2221 0002 40       		.byte	64
 2222 0003 05       		.byte	5
 2223              		.section	.cymeta,"a",%progbits
ARM GAS  C:\Users\dulan\AppData\Local\Temp\ccMCpsCt.s 			page 40


 2224              		.align	2
 2225              		.type	cy_metadata, %object
 2226              		.size	cy_metadata, 12
 2227              	cy_metadata:
 2228 0000 00       		.byte	0
 2229 0001 01       		.byte	1
 2230 0002 2E       		.byte	46
 2231 0003 16       		.byte	22
 2232 0004 10       		.byte	16
 2233 0005 69       		.byte	105
 2234 0006 00       		.byte	0
 2235 0007 01       		.byte	1
 2236 0008 00       		.byte	0
 2237 0009 00       		.byte	0
 2238 000a 00       		.byte	0
 2239 000b 00       		.byte	0
 2240              		.section	.cyflashprotect,"a",%progbits
 2241              		.align	2
 2242              		.type	cy_meta_flashprotect, %object
 2243              		.size	cy_meta_flashprotect, 256
 2244              	cy_meta_flashprotect:
 2245 0000 00000000 		.space	256
 2245      00000000 
 2245      00000000 
 2245      00000000 
 2245      00000000 
 2246              		.text
 2247              	.Letext0:
 2248              		.file 1 "c:\\program files (x86)\\cypress\\psoc creator\\4.4\\psoc creator\\import\\gnu\\arm\\5.4.
 2249              		.file 2 "c:\\program files (x86)\\cypress\\psoc creator\\4.4\\psoc creator\\import\\gnu\\arm\\5.4.
 2250              		.file 3 "Generated_Source\\PSoC5\\cymetadata.c"
 2251              		.section	.debug_info,"",%progbits
 2252              	.Ldebug_info0:
 2253 0000 35010000 		.4byte	0x135
 2254 0004 0400     		.2byte	0x4
 2255 0006 00000000 		.4byte	.Ldebug_abbrev0
 2256 000a 04       		.byte	0x4
 2257 000b 01       		.uleb128 0x1
 2258 000c 8F000000 		.4byte	.LASF17
 2259 0010 0C       		.byte	0xc
 2260 0011 E9010000 		.4byte	.LASF18
 2261 0015 0A000000 		.4byte	.LASF19
 2262 0019 00000000 		.4byte	.Ldebug_line0
 2263 001d 02       		.uleb128 0x2
 2264 001e 01       		.byte	0x1
 2265 001f 06       		.byte	0x6
 2266 0020 DD010000 		.4byte	.LASF0
 2267 0024 03       		.uleb128 0x3
 2268 0025 00000000 		.4byte	.LASF9
 2269 0029 01       		.byte	0x1
 2270 002a 1D       		.byte	0x1d
 2271 002b 2F000000 		.4byte	0x2f
 2272 002f 02       		.uleb128 0x2
 2273 0030 01       		.byte	0x1
 2274 0031 08       		.byte	0x8
 2275 0032 81000000 		.4byte	.LASF1
 2276 0036 02       		.uleb128 0x2
ARM GAS  C:\Users\dulan\AppData\Local\Temp\ccMCpsCt.s 			page 41


 2277 0037 02       		.byte	0x2
 2278 0038 05       		.byte	0x5
 2279 0039 CA010000 		.4byte	.LASF2
 2280 003d 02       		.uleb128 0x2
 2281 003e 02       		.byte	0x2
 2282 003f 07       		.byte	0x7
 2283 0040 2F010000 		.4byte	.LASF3
 2284 0044 02       		.uleb128 0x2
 2285 0045 04       		.byte	0x4
 2286 0046 05       		.byte	0x5
 2287 0047 D4010000 		.4byte	.LASF4
 2288 004b 02       		.uleb128 0x2
 2289 004c 04       		.byte	0x4
 2290 004d 07       		.byte	0x7
 2291 004e 1D010000 		.4byte	.LASF5
 2292 0052 02       		.uleb128 0x2
 2293 0053 08       		.byte	0x8
 2294 0054 05       		.byte	0x5
 2295 0055 BC010000 		.4byte	.LASF6
 2296 0059 02       		.uleb128 0x2
 2297 005a 08       		.byte	0x8
 2298 005b 07       		.byte	0x7
 2299 005c 71010000 		.4byte	.LASF7
 2300 0060 04       		.uleb128 0x4
 2301 0061 04       		.byte	0x4
 2302 0062 05       		.byte	0x5
 2303 0063 696E7400 		.ascii	"int\000"
 2304 0067 02       		.uleb128 0x2
 2305 0068 04       		.byte	0x4
 2306 0069 07       		.byte	0x7
 2307 006a 64010000 		.4byte	.LASF8
 2308 006e 03       		.uleb128 0x3
 2309 006f 88010000 		.4byte	.LASF10
 2310 0073 02       		.byte	0x2
 2311 0074 18       		.byte	0x18
 2312 0075 24000000 		.4byte	0x24
 2313 0079 05       		.uleb128 0x5
 2314 007a 91000000 		.4byte	0x91
 2315 007e 8A000000 		.4byte	0x8a
 2316 0082 06       		.uleb128 0x6
 2317 0083 8A000000 		.4byte	0x8a
 2318 0087 7F08     		.2byte	0x87f
 2319 0089 00       		.byte	0
 2320 008a 02       		.uleb128 0x2
 2321 008b 04       		.byte	0x4
 2322 008c 07       		.byte	0x7
 2323 008d B3010000 		.4byte	.LASF11
 2324 0091 07       		.uleb128 0x7
 2325 0092 6E000000 		.4byte	0x6e
 2326 0096 08       		.uleb128 0x8
 2327 0097 52010000 		.4byte	.LASF12
 2328 009b 03       		.byte	0x3
 2329 009c 1F       		.byte	0x1f
 2330 009d A7000000 		.4byte	0xa7
 2331 00a1 05       		.uleb128 0x5
 2332 00a2 03       		.byte	0x3
 2333 00a3 00000000 		.4byte	cy_meta_configecc
ARM GAS  C:\Users\dulan\AppData\Local\Temp\ccMCpsCt.s 			page 42


 2334 00a7 07       		.uleb128 0x7
 2335 00a8 79000000 		.4byte	0x79
 2336 00ac 05       		.uleb128 0x5
 2337 00ad 91000000 		.4byte	0x91
 2338 00b1 BC000000 		.4byte	0xbc
 2339 00b5 09       		.uleb128 0x9
 2340 00b6 8A000000 		.4byte	0x8a
 2341 00ba 03       		.byte	0x3
 2342 00bb 00       		.byte	0
 2343 00bc 0A       		.uleb128 0xa
 2344 00bd 42010000 		.4byte	.LASF13
 2345 00c1 03       		.byte	0x3
 2346 00c2 3C01     		.2byte	0x13c
 2347 00c4 CE000000 		.4byte	0xce
 2348 00c8 05       		.uleb128 0x5
 2349 00c9 03       		.byte	0x3
 2350 00ca 00000000 		.4byte	cy_meta_custnvl
 2351 00ce 07       		.uleb128 0x7
 2352 00cf AC000000 		.4byte	0xac
 2353 00d3 0A       		.uleb128 0xa
 2354 00d4 A5010000 		.4byte	.LASF14
 2355 00d8 03       		.byte	0x3
 2356 00d9 4A01     		.2byte	0x14a
 2357 00db E5000000 		.4byte	0xe5
 2358 00df 05       		.uleb128 0x5
 2359 00e0 03       		.byte	0x3
 2360 00e1 00000000 		.4byte	cy_meta_wonvl
 2361 00e5 07       		.uleb128 0x7
 2362 00e6 AC000000 		.4byte	0xac
 2363 00ea 05       		.uleb128 0x5
 2364 00eb 91000000 		.4byte	0x91
 2365 00ef FA000000 		.4byte	0xfa
 2366 00f3 09       		.uleb128 0x9
 2367 00f4 8A000000 		.4byte	0x8a
 2368 00f8 FF       		.byte	0xff
 2369 00f9 00       		.byte	0
 2370 00fa 0A       		.uleb128 0xa
 2371 00fb 90010000 		.4byte	.LASF15
 2372 00ff 03       		.byte	0x3
 2373 0100 5801     		.2byte	0x158
 2374 0102 0C010000 		.4byte	0x10c
 2375 0106 05       		.uleb128 0x5
 2376 0107 03       		.byte	0x3
 2377 0108 00000000 		.4byte	cy_meta_flashprotect
 2378 010c 07       		.uleb128 0x7
 2379 010d EA000000 		.4byte	0xea
 2380 0111 05       		.uleb128 0x5
 2381 0112 91000000 		.4byte	0x91
 2382 0116 21010000 		.4byte	0x121
 2383 011a 09       		.uleb128 0x9
 2384 011b 8A000000 		.4byte	0x8a
 2385 011f 0B       		.byte	0xb
 2386 0120 00       		.byte	0
 2387 0121 0A       		.uleb128 0xa
 2388 0122 75000000 		.4byte	.LASF16
 2389 0126 03       		.byte	0x3
 2390 0127 8501     		.2byte	0x185
ARM GAS  C:\Users\dulan\AppData\Local\Temp\ccMCpsCt.s 			page 43


 2391 0129 33010000 		.4byte	0x133
 2392 012d 05       		.uleb128 0x5
 2393 012e 03       		.byte	0x3
 2394 012f 00000000 		.4byte	cy_metadata
 2395 0133 07       		.uleb128 0x7
 2396 0134 11010000 		.4byte	0x111
 2397 0138 00       		.byte	0
 2398              		.section	.debug_abbrev,"",%progbits
 2399              	.Ldebug_abbrev0:
 2400 0000 01       		.uleb128 0x1
 2401 0001 11       		.uleb128 0x11
 2402 0002 01       		.byte	0x1
 2403 0003 25       		.uleb128 0x25
 2404 0004 0E       		.uleb128 0xe
 2405 0005 13       		.uleb128 0x13
 2406 0006 0B       		.uleb128 0xb
 2407 0007 03       		.uleb128 0x3
 2408 0008 0E       		.uleb128 0xe
 2409 0009 1B       		.uleb128 0x1b
 2410 000a 0E       		.uleb128 0xe
 2411 000b 10       		.uleb128 0x10
 2412 000c 17       		.uleb128 0x17
 2413 000d 00       		.byte	0
 2414 000e 00       		.byte	0
 2415 000f 02       		.uleb128 0x2
 2416 0010 24       		.uleb128 0x24
 2417 0011 00       		.byte	0
 2418 0012 0B       		.uleb128 0xb
 2419 0013 0B       		.uleb128 0xb
 2420 0014 3E       		.uleb128 0x3e
 2421 0015 0B       		.uleb128 0xb
 2422 0016 03       		.uleb128 0x3
 2423 0017 0E       		.uleb128 0xe
 2424 0018 00       		.byte	0
 2425 0019 00       		.byte	0
 2426 001a 03       		.uleb128 0x3
 2427 001b 16       		.uleb128 0x16
 2428 001c 00       		.byte	0
 2429 001d 03       		.uleb128 0x3
 2430 001e 0E       		.uleb128 0xe
 2431 001f 3A       		.uleb128 0x3a
 2432 0020 0B       		.uleb128 0xb
 2433 0021 3B       		.uleb128 0x3b
 2434 0022 0B       		.uleb128 0xb
 2435 0023 49       		.uleb128 0x49
 2436 0024 13       		.uleb128 0x13
 2437 0025 00       		.byte	0
 2438 0026 00       		.byte	0
 2439 0027 04       		.uleb128 0x4
 2440 0028 24       		.uleb128 0x24
 2441 0029 00       		.byte	0
 2442 002a 0B       		.uleb128 0xb
 2443 002b 0B       		.uleb128 0xb
 2444 002c 3E       		.uleb128 0x3e
 2445 002d 0B       		.uleb128 0xb
 2446 002e 03       		.uleb128 0x3
 2447 002f 08       		.uleb128 0x8
ARM GAS  C:\Users\dulan\AppData\Local\Temp\ccMCpsCt.s 			page 44


 2448 0030 00       		.byte	0
 2449 0031 00       		.byte	0
 2450 0032 05       		.uleb128 0x5
 2451 0033 01       		.uleb128 0x1
 2452 0034 01       		.byte	0x1
 2453 0035 49       		.uleb128 0x49
 2454 0036 13       		.uleb128 0x13
 2455 0037 01       		.uleb128 0x1
 2456 0038 13       		.uleb128 0x13
 2457 0039 00       		.byte	0
 2458 003a 00       		.byte	0
 2459 003b 06       		.uleb128 0x6
 2460 003c 21       		.uleb128 0x21
 2461 003d 00       		.byte	0
 2462 003e 49       		.uleb128 0x49
 2463 003f 13       		.uleb128 0x13
 2464 0040 2F       		.uleb128 0x2f
 2465 0041 05       		.uleb128 0x5
 2466 0042 00       		.byte	0
 2467 0043 00       		.byte	0
 2468 0044 07       		.uleb128 0x7
 2469 0045 26       		.uleb128 0x26
 2470 0046 00       		.byte	0
 2471 0047 49       		.uleb128 0x49
 2472 0048 13       		.uleb128 0x13
 2473 0049 00       		.byte	0
 2474 004a 00       		.byte	0
 2475 004b 08       		.uleb128 0x8
 2476 004c 34       		.uleb128 0x34
 2477 004d 00       		.byte	0
 2478 004e 03       		.uleb128 0x3
 2479 004f 0E       		.uleb128 0xe
 2480 0050 3A       		.uleb128 0x3a
 2481 0051 0B       		.uleb128 0xb
 2482 0052 3B       		.uleb128 0x3b
 2483 0053 0B       		.uleb128 0xb
 2484 0054 49       		.uleb128 0x49
 2485 0055 13       		.uleb128 0x13
 2486 0056 3F       		.uleb128 0x3f
 2487 0057 19       		.uleb128 0x19
 2488 0058 02       		.uleb128 0x2
 2489 0059 18       		.uleb128 0x18
 2490 005a 00       		.byte	0
 2491 005b 00       		.byte	0
 2492 005c 09       		.uleb128 0x9
 2493 005d 21       		.uleb128 0x21
 2494 005e 00       		.byte	0
 2495 005f 49       		.uleb128 0x49
 2496 0060 13       		.uleb128 0x13
 2497 0061 2F       		.uleb128 0x2f
 2498 0062 0B       		.uleb128 0xb
 2499 0063 00       		.byte	0
 2500 0064 00       		.byte	0
 2501 0065 0A       		.uleb128 0xa
 2502 0066 34       		.uleb128 0x34
 2503 0067 00       		.byte	0
 2504 0068 03       		.uleb128 0x3
ARM GAS  C:\Users\dulan\AppData\Local\Temp\ccMCpsCt.s 			page 45


 2505 0069 0E       		.uleb128 0xe
 2506 006a 3A       		.uleb128 0x3a
 2507 006b 0B       		.uleb128 0xb
 2508 006c 3B       		.uleb128 0x3b
 2509 006d 05       		.uleb128 0x5
 2510 006e 49       		.uleb128 0x49
 2511 006f 13       		.uleb128 0x13
 2512 0070 3F       		.uleb128 0x3f
 2513 0071 19       		.uleb128 0x19
 2514 0072 02       		.uleb128 0x2
 2515 0073 18       		.uleb128 0x18
 2516 0074 00       		.byte	0
 2517 0075 00       		.byte	0
 2518 0076 00       		.byte	0
 2519              		.section	.debug_aranges,"",%progbits
 2520 0000 14000000 		.4byte	0x14
 2521 0004 0200     		.2byte	0x2
 2522 0006 00000000 		.4byte	.Ldebug_info0
 2523 000a 04       		.byte	0x4
 2524 000b 00       		.byte	0
 2525 000c 0000     		.2byte	0
 2526 000e 0000     		.2byte	0
 2527 0010 00000000 		.4byte	0
 2528 0014 00000000 		.4byte	0
 2529              		.section	.debug_line,"",%progbits
 2530              	.Ldebug_line0:
 2531 0000 3D010000 		.section	.debug_str,"MS",%progbits,1
 2531      02003701 
 2531      00000201 
 2531      FB0E0D00 
 2531      01010101 
 2532              	.LASF9:
 2533 0000 5F5F7569 		.ascii	"__uint8_t\000"
 2533      6E74385F 
 2533      7400
 2534              	.LASF19:
 2535 000a 433A5C55 		.ascii	"C:\\Users\\dulan\\OneDrive\\Desktop\\ENGGEN\\2023_s"
 2535      73657273 
 2535      5C64756C 
 2535      616E5C4F 
 2535      6E654472 
 2536 0037 656D325C 		.ascii	"em2\\301\\COMPSYS301\\Dulanya\\CS301_15.cydsn\\Addi"
 2536      3330315C 
 2536      434F4D50 
 2536      53595333 
 2536      30315C44 
 2537 0065 74696F6E 		.ascii	"tional_HD.cydsn\000"
 2537      616C5F48 
 2537      442E6379 
 2537      64736E00 
 2538              	.LASF16:
 2539 0075 63795F6D 		.ascii	"cy_metadata\000"
 2539      65746164 
 2539      61746100 
 2540              	.LASF1:
 2541 0081 756E7369 		.ascii	"unsigned char\000"
 2541      676E6564 
ARM GAS  C:\Users\dulan\AppData\Local\Temp\ccMCpsCt.s 			page 46


 2541      20636861 
 2541      7200
 2542              	.LASF17:
 2543 008f 474E5520 		.ascii	"GNU C11 5.4.1 20160609 (release) [ARM/embedded-5-br"
 2543      43313120 
 2543      352E342E 
 2543      31203230 
 2543      31363036 
 2544 00c2 616E6368 		.ascii	"anch revision 237715] -mcpu=cortex-m3 -mthumb -g -O"
 2544      20726576 
 2544      6973696F 
 2544      6E203233 
 2544      37373135 
 2545 00f5 67202D66 		.ascii	"g -ffunction-sections -ffat-lto-objects\000"
 2545      66756E63 
 2545      74696F6E 
 2545      2D736563 
 2545      74696F6E 
 2546              	.LASF5:
 2547 011d 6C6F6E67 		.ascii	"long unsigned int\000"
 2547      20756E73 
 2547      69676E65 
 2547      6420696E 
 2547      7400
 2548              	.LASF3:
 2549 012f 73686F72 		.ascii	"short unsigned int\000"
 2549      7420756E 
 2549      7369676E 
 2549      65642069 
 2549      6E7400
 2550              	.LASF13:
 2551 0142 63795F6D 		.ascii	"cy_meta_custnvl\000"
 2551      6574615F 
 2551      63757374 
 2551      6E766C00 
 2552              	.LASF12:
 2553 0152 63795F6D 		.ascii	"cy_meta_configecc\000"
 2553      6574615F 
 2553      636F6E66 
 2553      69676563 
 2553      6300
 2554              	.LASF8:
 2555 0164 756E7369 		.ascii	"unsigned int\000"
 2555      676E6564 
 2555      20696E74 
 2555      00
 2556              	.LASF7:
 2557 0171 6C6F6E67 		.ascii	"long long unsigned int\000"
 2557      206C6F6E 
 2557      6720756E 
 2557      7369676E 
 2557      65642069 
 2558              	.LASF10:
 2559 0188 75696E74 		.ascii	"uint8_t\000"
 2559      385F7400 
 2560              	.LASF15:
 2561 0190 63795F6D 		.ascii	"cy_meta_flashprotect\000"
ARM GAS  C:\Users\dulan\AppData\Local\Temp\ccMCpsCt.s 			page 47


 2561      6574615F 
 2561      666C6173 
 2561      6870726F 
 2561      74656374 
 2562              	.LASF14:
 2563 01a5 63795F6D 		.ascii	"cy_meta_wonvl\000"
 2563      6574615F 
 2563      776F6E76 
 2563      6C00
 2564              	.LASF11:
 2565 01b3 73697A65 		.ascii	"sizetype\000"
 2565      74797065 
 2565      00
 2566              	.LASF6:
 2567 01bc 6C6F6E67 		.ascii	"long long int\000"
 2567      206C6F6E 
 2567      6720696E 
 2567      7400
 2568              	.LASF2:
 2569 01ca 73686F72 		.ascii	"short int\000"
 2569      7420696E 
 2569      7400
 2570              	.LASF4:
 2571 01d4 6C6F6E67 		.ascii	"long int\000"
 2571      20696E74 
 2571      00
 2572              	.LASF0:
 2573 01dd 7369676E 		.ascii	"signed char\000"
 2573      65642063 
 2573      68617200 
 2574              	.LASF18:
 2575 01e9 47656E65 		.ascii	"Generated_Source\\PSoC5\\cymetadata.c\000"
 2575      72617465 
 2575      645F536F 
 2575      75726365 
 2575      5C50536F 
 2576              		.ident	"GCC: (GNU Tools for ARM Embedded Processors) 5.4.1 20160609 (release) [ARM/embedded-5-bran
