ARM GAS  C:\Users\dulan\AppData\Local\Temp\ccAugHzz.s 			page 1


   1              		.syntax unified
   2              		.cpu cortex-m3
   3              		.fpu softvfp
   4              		.eabi_attribute 20, 1
   5              		.eabi_attribute 21, 1
   6              		.eabi_attribute 23, 3
   7              		.eabi_attribute 24, 1
   8              		.eabi_attribute 25, 1
   9              		.eabi_attribute 26, 1
  10              		.eabi_attribute 30, 1
  11              		.eabi_attribute 34, 1
  12              		.eabi_attribute 18, 4
  13              		.thumb
  14              		.syntax unified
  15              		.file	"main.c"
  16              		.text
  17              	.Ltext0:
  18              		.cfi_sections	.debug_frame
  19              		.section	.text.isr_1_handler,"ax",%progbits
  20              		.align	2
  21              		.global	isr_1_handler
  22              		.thumb
  23              		.thumb_func
  24              		.type	isr_1_handler, %function
  25              	isr_1_handler:
  26              	.LFB64:
  27              		.file 1 "main.c"
   1:main.c        **** /* ========================================
   2:main.c        ****  *
   3:main.c        ****  * Copyright YOUR COMPANY, THE YEAR
   4:main.c        ****  * All Rights Reserved
   5:main.c        ****  * UNPUBLISHED, LICENSED SOFTWARE.
   6:main.c        ****  *
   7:main.c        ****  * CONFIDENTIAL AND PROPRIETARY INFORMATION
   8:main.c        ****  * WHICH IS THE PROPERTY OF your company.
   9:main.c        ****  *
  10:main.c        ****  * ========================================
  11:main.c        **** */
  12:main.c        **** /* ========================================
  13:main.c        ****  * Fully working code: 
  14:main.c        ****  * PWM      : 
  15:main.c        ****  * Encoder  : 
  16:main.c        ****  * ADC      :
  17:main.c        ****  * USB      : port displays speed and position.
  18:main.c        ****  * CMD: "PW xx"
  19:main.c        ****  * Copyright Univ of Auckland, 2016
  20:main.c        ****  * All Rights Reserved
  21:main.c        ****  * UNPUBLISHED, LICENSED SOFTWARE.
  22:main.c        ****  *
  23:main.c        ****  * CONFIDENTIAL AND PROPRIETARY INFORMATION
  24:main.c        ****  * WHICH IS THE PROPERTY OF Univ of Auckland.
  25:main.c        ****  *
  26:main.c        ****  * ========================================
  27:main.c        **** */
  28:main.c        **** #include <stdio.h>
  29:main.c        **** #include <string.h>
  30:main.c        **** #include <stdlib.h>
ARM GAS  C:\Users\dulan\AppData\Local\Temp\ccAugHzz.s 			page 2


  31:main.c        **** #include <project.h>
  32:main.c        **** #include <stdbool.h>
  33:main.c        **** #include <math.h>
  34:main.c        **** #include <cytypes.h> 
  35:main.c        **** #include "Astar.h"
  36:main.c        **** 
  37:main.c        **** //distance calculation paras
  38:main.c        **** int32 encoderCounts_M1 = 0;  
  39:main.c        **** int32 encoderCounts_M2 = 0;  
  40:main.c        **** int32 CPR = 228;  // Adjusted for 4x resolution(228/4)
  41:main.c        **** float wheelCircumference_cm = (M_PI*64.46)/10;// wheel circumference wheelDiameter_mm = 64.46)
  42:main.c        **** double timeInterval_s = 10.924;  // Effective time interval( (timer period )2.731*4)
  43:main.c        **** float32  distance_M1 = 0;
  44:main.c        **** float32  distance_M2 = 0;
  45:main.c        **** float32  current_distance_M1 = 0;
  46:main.c        **** float32  current_distance_M2 = 0;
  47:main.c        **** float32 target_diatance = 0;//cm
  48:main.c        **** float32 speed_M1 = 0;
  49:main.c        **** float32 speed_M2 = 0;
  50:main.c        **** int32 encoder_value_sum_M1 = 0;
  51:main.c        **** int32 encoder_value_sum_M2 = 0;
  52:main.c        **** uint8 counter = 1;
  53:main.c        **** 
  54:main.c        **** //define wheel speeds
  55:main.c        **** #define PWM_PERIOD 100
  56:main.c        **** #define PWM_STRAIGHT_L 131
  57:main.c        **** #define PWM_STRAIGHT_R 130
  58:main.c        **** #define PWM_STOP 100
  59:main.c        **** 
  60:main.c        **** // Define states for the state machine
  61:main.c        **** typedef enum {
  62:main.c        ****     GO_STRAIGHT,
  63:main.c        ****     TURN_LEFT,
  64:main.c        ****     TURN_RIGHT,
  65:main.c        ****     STOP
  66:main.c        **** } RobotState;
  67:main.c        **** 
  68:main.c        **** RobotState current_state = STOP;// intialse state
  69:main.c        **** 
  70:main.c        **** uint32 count = 0;
  71:main.c        **** bool isTurning=false;
  72:main.c        **** 
  73:main.c        **** uint8 comp0_sum;
  74:main.c        **** uint8 comp1_sum;
  75:main.c        **** uint8 comp2_sum;
  76:main.c        **** uint8 comp3_sum;
  77:main.c        **** 
  78:main.c        **** CY_ISR(isr_1_handler) {
  28              		.loc 1 78 0
  29              		.cfi_startproc
  30              		@ args = 0, pretend = 0, frame = 0
  31              		@ frame_needed = 0, uses_anonymous_args = 0
  32 0000 08B5     		push	{r3, lr}
  33              		.cfi_def_cfa_offset 8
  34              		.cfi_offset 3, -8
  35              		.cfi_offset 14, -4
  79:main.c        ****         //every 1ms 
ARM GAS  C:\Users\dulan\AppData\Local\Temp\ccAugHzz.s 			page 3


  80:main.c        ****     
  81:main.c        ****     //sum up comp values every 1ms
  82:main.c        ****     comp0_sum+=Comp_0_GetCompare();
  36              		.loc 1 82 0
  37 0002 FFF7FEFF 		bl	Comp_0_GetCompare
  38              	.LVL0:
  39 0006 164A     		ldr	r2, .L4
  40 0008 1378     		ldrb	r3, [r2]	@ zero_extendqisi2
  41 000a 1844     		add	r0, r0, r3
  42 000c 1070     		strb	r0, [r2]
  83:main.c        ****     comp1_sum+=Comp_1_GetCompare();
  43              		.loc 1 83 0
  44 000e FFF7FEFF 		bl	Comp_1_GetCompare
  45              	.LVL1:
  46 0012 144A     		ldr	r2, .L4+4
  47 0014 1378     		ldrb	r3, [r2]	@ zero_extendqisi2
  48 0016 1844     		add	r0, r0, r3
  49 0018 1070     		strb	r0, [r2]
  84:main.c        ****     comp2_sum+=Comp_2_GetCompare();
  50              		.loc 1 84 0
  51 001a FFF7FEFF 		bl	Comp_2_GetCompare
  52              	.LVL2:
  53 001e 124A     		ldr	r2, .L4+8
  54 0020 1378     		ldrb	r3, [r2]	@ zero_extendqisi2
  55 0022 1844     		add	r0, r0, r3
  56 0024 1070     		strb	r0, [r2]
  85:main.c        ****     comp3_sum+=Comp_3_GetCompare();
  57              		.loc 1 85 0
  58 0026 FFF7FEFF 		bl	Comp_3_GetCompare
  59              	.LVL3:
  60 002a 104A     		ldr	r2, .L4+12
  61 002c 1378     		ldrb	r3, [r2]	@ zero_extendqisi2
  62 002e 1844     		add	r0, r0, r3
  63 0030 1070     		strb	r0, [r2]
  86:main.c        ****       
  87:main.c        ****     if(count==8){
  64              		.loc 1 87 0
  65 0032 0F4B     		ldr	r3, .L4+16
  66 0034 1B68     		ldr	r3, [r3]
  67 0036 082B     		cmp	r3, #8
  68 0038 0AD1     		bne	.L2
  88:main.c        ****         //reset to check again every 8ms
  89:main.c        ****         comp0_sum=0;
  69              		.loc 1 89 0
  70 003a 0023     		movs	r3, #0
  71 003c 084A     		ldr	r2, .L4
  72 003e 1370     		strb	r3, [r2]
  90:main.c        ****         comp1_sum=0;
  73              		.loc 1 90 0
  74 0040 084A     		ldr	r2, .L4+4
  75 0042 1370     		strb	r3, [r2]
  91:main.c        ****         comp2_sum=0;
  76              		.loc 1 91 0
  77 0044 084A     		ldr	r2, .L4+8
  78 0046 1370     		strb	r3, [r2]
  92:main.c        ****         comp3_sum=0;
  79              		.loc 1 92 0
ARM GAS  C:\Users\dulan\AppData\Local\Temp\ccAugHzz.s 			page 4


  80 0048 084A     		ldr	r2, .L4+12
  81 004a 1370     		strb	r3, [r2]
  93:main.c        ****         count=0;
  82              		.loc 1 93 0
  83 004c 084A     		ldr	r2, .L4+16
  84 004e 1360     		str	r3, [r2]
  85              	.L2:
  94:main.c        ****     }
  95:main.c        ****    
  96:main.c        ****     count++;
  86              		.loc 1 96 0
  87 0050 074A     		ldr	r2, .L4+16
  88 0052 1368     		ldr	r3, [r2]
  89 0054 0133     		adds	r3, r3, #1
  90 0056 1360     		str	r3, [r2]
  97:main.c        ****     Timer_1_ReadStatusRegister();
  91              		.loc 1 97 0
  92 0058 FFF7FEFF 		bl	Timer_1_ReadStatusRegister
  93              	.LVL4:
  94 005c 08BD     		pop	{r3, pc}
  95              	.L5:
  96 005e 00BF     		.align	2
  97              	.L4:
  98 0060 00000000 		.word	comp0_sum
  99 0064 00000000 		.word	comp1_sum
 100 0068 00000000 		.word	comp2_sum
 101 006c 00000000 		.word	comp3_sum
 102 0070 00000000 		.word	.LANCHOR0
 103              		.cfi_endproc
 104              	.LFE64:
 105              		.size	isr_1_handler, .-isr_1_handler
 106              		.section	.text.stop,"ax",%progbits
 107              		.align	2
 108              		.global	stop
 109              		.thumb
 110              		.thumb_func
 111              		.type	stop, %function
 112              	stop:
 113              	.LFB65:
  98:main.c        **** }
  99:main.c        **** 
 100:main.c        **** void stop(){
 114              		.loc 1 100 0
 115              		.cfi_startproc
 116              		@ args = 0, pretend = 0, frame = 0
 117              		@ frame_needed = 0, uses_anonymous_args = 0
 118 0000 08B5     		push	{r3, lr}
 119              		.cfi_def_cfa_offset 8
 120              		.cfi_offset 3, -8
 121              		.cfi_offset 14, -4
 101:main.c        ****     PWM_1_WriteCompare(50);
 122              		.loc 1 101 0
 123 0002 3220     		movs	r0, #50
 124 0004 FFF7FEFF 		bl	PWM_1_WriteCompare
 125              	.LVL5:
 102:main.c        ****     PWM_2_WriteCompare(50);
 126              		.loc 1 102 0
ARM GAS  C:\Users\dulan\AppData\Local\Temp\ccAugHzz.s 			page 5


 127 0008 3220     		movs	r0, #50
 128 000a FFF7FEFF 		bl	PWM_2_WriteCompare
 129              	.LVL6:
 130 000e 08BD     		pop	{r3, pc}
 131              		.cfi_endproc
 132              	.LFE65:
 133              		.size	stop, .-stop
 134              		.section	.text.turnLeft,"ax",%progbits
 135              		.align	2
 136              		.global	turnLeft
 137              		.thumb
 138              		.thumb_func
 139              		.type	turnLeft, %function
 140              	turnLeft:
 141              	.LFB66:
 103:main.c        **** }
 104:main.c        **** 
 105:main.c        **** void turnLeft(){
 142              		.loc 1 105 0
 143              		.cfi_startproc
 144              		@ args = 0, pretend = 0, frame = 0
 145              		@ frame_needed = 0, uses_anonymous_args = 0
 146 0000 08B5     		push	{r3, lr}
 147              		.cfi_def_cfa_offset 8
 148              		.cfi_offset 3, -8
 149              		.cfi_offset 14, -4
 106:main.c        ****     QuadDec_M1_SetCounter(0);
 150              		.loc 1 106 0
 151 0002 0020     		movs	r0, #0
 152 0004 FFF7FEFF 		bl	QuadDec_M1_SetCounter
 153              	.LVL7:
 107:main.c        ****     PWM_1_WriteCompare(70);
 154              		.loc 1 107 0
 155 0008 4620     		movs	r0, #70
 156 000a FFF7FEFF 		bl	PWM_1_WriteCompare
 157              	.LVL8:
 108:main.c        ****     PWM_2_WriteCompare(30);
 158              		.loc 1 108 0
 159 000e 1E20     		movs	r0, #30
 160 0010 FFF7FEFF 		bl	PWM_2_WriteCompare
 161              	.LVL9:
 162              	.L9:
 109:main.c        ****     while(abs(QuadDec_M1_GetCounter())<80){
 163              		.loc 1 109 0 discriminator 1
 164 0014 FFF7FEFF 		bl	QuadDec_M1_GetCounter
 165              	.LVL10:
 166 0018 0028     		cmp	r0, #0
 167 001a B8BF     		it	lt
 168 001c 4042     		rsblt	r0, r0, #0
 169 001e 4F28     		cmp	r0, #79
 170 0020 F8DD     		ble	.L9
 110:main.c        ****         ;;
 111:main.c        ****     }
 112:main.c        ****     isTurning=false;
 171              		.loc 1 112 0
 172 0022 0022     		movs	r2, #0
 173 0024 014B     		ldr	r3, .L11
ARM GAS  C:\Users\dulan\AppData\Local\Temp\ccAugHzz.s 			page 6


 174 0026 1A71     		strb	r2, [r3, #4]
 175 0028 08BD     		pop	{r3, pc}
 176              	.L12:
 177 002a 00BF     		.align	2
 178              	.L11:
 179 002c 00000000 		.word	.LANCHOR0
 180              		.cfi_endproc
 181              	.LFE66:
 182              		.size	turnLeft, .-turnLeft
 183              		.section	.text.turnRight,"ax",%progbits
 184              		.align	2
 185              		.global	turnRight
 186              		.thumb
 187              		.thumb_func
 188              		.type	turnRight, %function
 189              	turnRight:
 190              	.LFB67:
 113:main.c        ****     
 114:main.c        **** }
 115:main.c        **** void turnRight(){
 191              		.loc 1 115 0
 192              		.cfi_startproc
 193              		@ args = 0, pretend = 0, frame = 0
 194              		@ frame_needed = 0, uses_anonymous_args = 0
 195 0000 08B5     		push	{r3, lr}
 196              		.cfi_def_cfa_offset 8
 197              		.cfi_offset 3, -8
 198              		.cfi_offset 14, -4
 116:main.c        ****     QuadDec_M2_SetCounter(0);
 199              		.loc 1 116 0
 200 0002 0020     		movs	r0, #0
 201 0004 FFF7FEFF 		bl	QuadDec_M2_SetCounter
 202              	.LVL11:
 117:main.c        ****     PWM_1_WriteCompare(30);
 203              		.loc 1 117 0
 204 0008 1E20     		movs	r0, #30
 205 000a FFF7FEFF 		bl	PWM_1_WriteCompare
 206              	.LVL12:
 118:main.c        ****     PWM_2_WriteCompare(70);
 207              		.loc 1 118 0
 208 000e 4620     		movs	r0, #70
 209 0010 FFF7FEFF 		bl	PWM_2_WriteCompare
 210              	.LVL13:
 211              	.L14:
 119:main.c        ****     while(abs(QuadDec_M2_GetCounter())<80){
 212              		.loc 1 119 0 discriminator 1
 213 0014 FFF7FEFF 		bl	QuadDec_M2_GetCounter
 214              	.LVL14:
 215 0018 0028     		cmp	r0, #0
 216 001a B8BF     		it	lt
 217 001c 4042     		rsblt	r0, r0, #0
 218 001e 4F28     		cmp	r0, #79
 219 0020 F8DD     		ble	.L14
 120:main.c        ****         ;;
 121:main.c        ****     }
 122:main.c        ****     isTurning=false;
 220              		.loc 1 122 0
ARM GAS  C:\Users\dulan\AppData\Local\Temp\ccAugHzz.s 			page 7


 221 0022 0022     		movs	r2, #0
 222 0024 014B     		ldr	r3, .L16
 223 0026 1A71     		strb	r2, [r3, #4]
 224 0028 08BD     		pop	{r3, pc}
 225              	.L17:
 226 002a 00BF     		.align	2
 227              	.L16:
 228 002c 00000000 		.word	.LANCHOR0
 229              		.cfi_endproc
 230              	.LFE67:
 231              		.size	turnRight, .-turnRight
 232              		.section	.text.goStraight,"ax",%progbits
 233              		.align	2
 234              		.global	goStraight
 235              		.thumb
 236              		.thumb_func
 237              		.type	goStraight, %function
 238              	goStraight:
 239              	.LFB68:
 123:main.c        **** 
 124:main.c        **** }
 125:main.c        ****     
 126:main.c        **** 
 127:main.c        **** 
 128:main.c        **** void goStraight(){
 240              		.loc 1 128 0
 241              		.cfi_startproc
 242              		@ args = 0, pretend = 0, frame = 0
 243              		@ frame_needed = 0, uses_anonymous_args = 0
 244 0000 08B5     		push	{r3, lr}
 245              		.cfi_def_cfa_offset 8
 246              		.cfi_offset 3, -8
 247              		.cfi_offset 14, -4
 129:main.c        ****         //comp0==>middle left comp1==>middle right
 130:main.c        ****     if(comp0_sum>0 && comp1_sum==0){//s_ML out of line
 248              		.loc 1 130 0
 249 0002 114B     		ldr	r3, .L23
 250 0004 1B78     		ldrb	r3, [r3]	@ zero_extendqisi2
 251 0006 4BB1     		cbz	r3, .L19
 252              		.loc 1 130 0 is_stmt 0 discriminator 1
 253 0008 104A     		ldr	r2, .L23+4
 254 000a 1278     		ldrb	r2, [r2]	@ zero_extendqisi2
 255 000c 32B9     		cbnz	r2, .L19
 131:main.c        ****         PWM_2_WriteCompare(PWM_2_ReadCompare() +1);
 256              		.loc 1 131 0 is_stmt 1
 257 000e FFF7FEFF 		bl	PWM_2_ReadCompare
 258              	.LVL15:
 259 0012 0130     		adds	r0, r0, #1
 260 0014 C0B2     		uxtb	r0, r0
 261 0016 FFF7FEFF 		bl	PWM_2_WriteCompare
 262              	.LVL16:
 263 001a 08BD     		pop	{r3, pc}
 264              	.L19:
 132:main.c        ****     }else if(comp0_sum==0 && comp1_sum>0){//s_MR out of line
 265              		.loc 1 132 0
 266 001c 4BB9     		cbnz	r3, .L21
 267              		.loc 1 132 0 is_stmt 0 discriminator 1
ARM GAS  C:\Users\dulan\AppData\Local\Temp\ccAugHzz.s 			page 8


 268 001e 0B4A     		ldr	r2, .L23+4
 269 0020 1278     		ldrb	r2, [r2]	@ zero_extendqisi2
 270 0022 32B1     		cbz	r2, .L21
 133:main.c        ****         PWM_1_WriteCompare(PWM_1_ReadCompare() +1);
 271              		.loc 1 133 0 is_stmt 1
 272 0024 FFF7FEFF 		bl	PWM_1_ReadCompare
 273              	.LVL17:
 274 0028 0130     		adds	r0, r0, #1
 275 002a C0B2     		uxtb	r0, r0
 276 002c FFF7FEFF 		bl	PWM_1_WriteCompare
 277              	.LVL18:
 278 0030 08BD     		pop	{r3, pc}
 279              	.L21:
 134:main.c        ****         
 135:main.c        ****     }else if(comp1_sum==0 && comp0_sum==0){
 280              		.loc 1 135 0
 281 0032 064A     		ldr	r2, .L23+4
 282 0034 1278     		ldrb	r2, [r2]	@ zero_extendqisi2
 283 0036 32B9     		cbnz	r2, .L18
 284              		.loc 1 135 0 is_stmt 0 discriminator 1
 285 0038 2BB9     		cbnz	r3, .L18
 136:main.c        ****         PWM_1_WriteCompare(67);
 286              		.loc 1 136 0 is_stmt 1
 287 003a 4320     		movs	r0, #67
 288 003c FFF7FEFF 		bl	PWM_1_WriteCompare
 289              	.LVL19:
 137:main.c        ****         PWM_2_WriteCompare(68);
 290              		.loc 1 137 0
 291 0040 4420     		movs	r0, #68
 292 0042 FFF7FEFF 		bl	PWM_2_WriteCompare
 293              	.LVL20:
 294              	.L18:
 295 0046 08BD     		pop	{r3, pc}
 296              	.L24:
 297              		.align	2
 298              	.L23:
 299 0048 00000000 		.word	comp0_sum
 300 004c 00000000 		.word	comp1_sum
 301              		.cfi_endproc
 302              	.LFE68:
 303              		.size	goStraight, .-goStraight
 304              		.section	.text.main,"ax",%progbits
 305              		.align	2
 306              		.global	main
 307              		.thumb
 308              		.thumb_func
 309              		.type	main, %function
 310              	main:
 311              	.LFB69:
 138:main.c        ****     }
 139:main.c        ****     
 140:main.c        **** //    //M1==>middle left M2==>middle right
 141:main.c        **** //    if(Sout_M1_Read()>0 && Sout_M2_Read()==0){//out of line to left
 142:main.c        **** //        PWM_2_WriteCompare(PWM_2_ReadCompare() +1);
 143:main.c        **** //    }else if(Sout_M1_Read()==0 &&  Sout_M2_Read()>0){//s_MR out of line
 144:main.c        **** //        PWM_1_WriteCompare(PWM_1_ReadCompare() +1);
 145:main.c        **** //    }else if(Sout_M1_Read()==0 && Sout_M2_Read()==0){
ARM GAS  C:\Users\dulan\AppData\Local\Temp\ccAugHzz.s 			page 9


 146:main.c        **** //        PWM_1_WriteCompare(60);
 147:main.c        **** //        PWM_2_WriteCompare(61);
 148:main.c        **** //    }   
 149:main.c        ****     
 150:main.c        **** }
 151:main.c        **** 
 152:main.c        **** 
 153:main.c        **** 
 154:main.c        **** 
 155:main.c        **** int main(void)
 156:main.c        **** {
 312              		.loc 1 156 0
 313              		.cfi_startproc
 314              		@ Volatile: function does not return.
 315              		@ args = 0, pretend = 0, frame = 0
 316              		@ frame_needed = 0, uses_anonymous_args = 0
 317 0000 08B5     		push	{r3, lr}
 318              		.cfi_def_cfa_offset 8
 319              		.cfi_offset 3, -8
 320              		.cfi_offset 14, -4
 157:main.c        ****     CyGlobalIntEnable; /* Enable global interrupts. */
 321              		.loc 1 157 0
 322              		.syntax unified
 323              	@ 157 "main.c" 1
 324 0002 62B6     		CPSIE   i
 325              	@ 0 "" 2
 158:main.c        **** 
 159:main.c        ****     /* Place your initialization/startup code here (e.g. MyInst_Start()) */
 160:main.c        ****     Timer_1_Start();
 326              		.loc 1 160 0
 327              		.thumb
 328              		.syntax unified
 329 0004 FFF7FEFF 		bl	Timer_1_Start
 330              	.LVL21:
 161:main.c        ****     
 162:main.c        ****     isr_1_StartEx(isr_1_handler);
 331              		.loc 1 162 0
 332 0008 2B48     		ldr	r0, .L40
 333 000a FFF7FEFF 		bl	isr_1_StartEx
 334              	.LVL22:
 163:main.c        ****     
 164:main.c        ****     //start comparators
 165:main.c        ****     Comp_0_Start();
 335              		.loc 1 165 0
 336 000e FFF7FEFF 		bl	Comp_0_Start
 337              	.LVL23:
 166:main.c        ****     Comp_1_Start();
 338              		.loc 1 166 0
 339 0012 FFF7FEFF 		bl	Comp_1_Start
 340              	.LVL24:
 167:main.c        ****     Comp_2_Start();
 341              		.loc 1 167 0
 342 0016 FFF7FEFF 		bl	Comp_2_Start
 343              	.LVL25:
 168:main.c        ****     Comp_3_Start();
 344              		.loc 1 168 0
 345 001a FFF7FEFF 		bl	Comp_3_Start
ARM GAS  C:\Users\dulan\AppData\Local\Temp\ccAugHzz.s 			page 10


 346              	.LVL26:
 169:main.c        ****     
 170:main.c        ****     /*Start PWM Clk*/
 171:main.c        ****     Clock_PWM_Start(); 
 347              		.loc 1 171 0
 348 001e FFF7FEFF 		bl	Clock_PWM_Start
 349              	.LVL27:
 172:main.c        ****     //Start PWM
 173:main.c        ****     PWM_1_Start();
 350              		.loc 1 173 0
 351 0022 FFF7FEFF 		bl	PWM_1_Start
 352              	.LVL28:
 174:main.c        ****     PWM_2_Start();
 353              		.loc 1 174 0
 354 0026 FFF7FEFF 		bl	PWM_2_Start
 355              	.LVL29:
 175:main.c        ****      
 176:main.c        ****     // write comparision int for MC33926 duty cycle must me larger than 10% and less than 90%
 177:main.c        **** 
 178:main.c        ****     
 179:main.c        ****     PWM_1_WritePeriod(PWM_PERIOD);
 356              		.loc 1 179 0
 357 002a 6420     		movs	r0, #100
 358 002c FFF7FEFF 		bl	PWM_1_WritePeriod
 359              	.LVL30:
 180:main.c        ****     PWM_2_WritePeriod(PWM_PERIOD);
 360              		.loc 1 180 0
 361 0030 6420     		movs	r0, #100
 362 0032 FFF7FEFF 		bl	PWM_2_WritePeriod
 363              	.LVL31:
 181:main.c        ****     
 182:main.c        ****     PWM_1_WriteCompare(50);
 364              		.loc 1 182 0
 365 0036 3220     		movs	r0, #50
 366 0038 FFF7FEFF 		bl	PWM_1_WriteCompare
 367              	.LVL32:
 183:main.c        ****     PWM_2_WriteCompare(50);
 368              		.loc 1 183 0
 369 003c 3220     		movs	r0, #50
 370 003e FFF7FEFF 		bl	PWM_2_WriteCompare
 371              	.LVL33:
 184:main.c        ****     QuadDec_M1_Start();
 372              		.loc 1 184 0
 373 0042 FFF7FEFF 		bl	QuadDec_M1_Start
 374              	.LVL34:
 185:main.c        ****     QuadDec_M2_Start();
 375              		.loc 1 185 0
 376 0046 FFF7FEFF 		bl	QuadDec_M2_Start
 377              	.LVL35:
 378              	.L27:
 186:main.c        ****     
 187:main.c        ****     
 188:main.c        **** //**********************************calculate path    
 189:main.c        **** //    int startX = 0, startY = 0;
 190:main.c        **** //    int targetX = 4, targetY = 4;
 191:main.c        **** //
 192:main.c        **** //    Node* endNode = AStar(startX, startY, targetX, targetY);
ARM GAS  C:\Users\dulan\AppData\Local\Temp\ccAugHzz.s 			page 11


 193:main.c        **** //
 194:main.c        **** //    // Print the path
 195:main.c        **** //    printPath(endNode);
 196:main.c        **** //**************************************************    
 197:main.c        ****     
 198:main.c        ****     
 199:main.c        ****     for(;;)
 200:main.c        ****     {
 201:main.c        ****           //comp0 and comp1 =0  => straight
 202:main.c        ****            //comp2=0 => left
 203:main.c        ****            //comp3=0 => right
 204:main.c        ****            /* Place your application code here. */
 205:main.c        ****         
 206:main.c        **** //        if(abs(QuadDec_M1_GetCounter()>873)){
 207:main.c        **** //            stop();
 208:main.c        **** //            break;
 209:main.c        **** //        }
 210:main.c        **** 
 211:main.c        **** 
 212:main.c        ****        
 213:main.c        ****         if(!isTurning ){//if not turning check the sensors
 379              		.loc 1 213 0
 380 004a 1C4B     		ldr	r3, .L40+4
 381 004c 1B79     		ldrb	r3, [r3, #4]	@ zero_extendqisi2
 382 004e FBB9     		cbnz	r3, .L28
 214:main.c        ****             if(Sout_M1_Read()==0 || Sout_M2_Read()==0){
 383              		.loc 1 214 0
 384 0050 FFF7FEFF 		bl	Sout_M1_Read
 385              	.LVL36:
 386 0054 10B1     		cbz	r0, .L29
 387              		.loc 1 214 0 is_stmt 0 discriminator 1
 388 0056 FFF7FEFF 		bl	Sout_M2_Read
 389              	.LVL37:
 390 005a 18B9     		cbnz	r0, .L30
 391              	.L29:
 215:main.c        ****                     current_state = GO_STRAIGHT;
 392              		.loc 1 215 0 is_stmt 1
 393 005c 0022     		movs	r2, #0
 394 005e 184B     		ldr	r3, .L40+8
 395 0060 1A70     		strb	r2, [r3]
 396 0062 15E0     		b	.L28
 397              	.L30:
 216:main.c        ****             }else if(Sout_L_Read()==0) {//left on
 398              		.loc 1 216 0
 399 0064 FFF7FEFF 		bl	Sout_L_Read
 400              	.LVL38:
 401 0068 28B9     		cbnz	r0, .L31
 217:main.c        ****                     current_state = TURN_LEFT;
 402              		.loc 1 217 0
 403 006a 0123     		movs	r3, #1
 404 006c 144A     		ldr	r2, .L40+8
 405 006e 1370     		strb	r3, [r2]
 218:main.c        ****                     isTurning=true;
 406              		.loc 1 218 0
 407 0070 124A     		ldr	r2, .L40+4
 408 0072 1371     		strb	r3, [r2, #4]
 409 0074 0CE0     		b	.L28
ARM GAS  C:\Users\dulan\AppData\Local\Temp\ccAugHzz.s 			page 12


 410              	.L31:
 219:main.c        ****             }else if(Sout_R_Read()==0){//right on
 411              		.loc 1 219 0
 412 0076 FFF7FEFF 		bl	Sout_R_Read
 413              	.LVL39:
 414 007a 30B9     		cbnz	r0, .L32
 220:main.c        ****                     current_state = TURN_RIGHT;
 415              		.loc 1 220 0
 416 007c 0222     		movs	r2, #2
 417 007e 104B     		ldr	r3, .L40+8
 418 0080 1A70     		strb	r2, [r3]
 221:main.c        ****                     isTurning=true;
 419              		.loc 1 221 0
 420 0082 0122     		movs	r2, #1
 421 0084 0D4B     		ldr	r3, .L40+4
 422 0086 1A71     		strb	r2, [r3, #4]
 423 0088 02E0     		b	.L28
 424              	.L32:
 222:main.c        ****             }else {
 223:main.c        ****                     current_state = STOP;
 425              		.loc 1 223 0
 426 008a 0322     		movs	r2, #3
 427 008c 0C4B     		ldr	r3, .L40+8
 428 008e 1A70     		strb	r2, [r3]
 429              	.L28:
 224:main.c        ****             }
 225:main.c        ****         }
 226:main.c        ****         
 227:main.c        ****         
 228:main.c        **** 
 229:main.c        ****         
 230:main.c        ****         switch (current_state) {
 430              		.loc 1 230 0
 431 0090 0B4B     		ldr	r3, .L40+8
 432 0092 1B78     		ldrb	r3, [r3]	@ zero_extendqisi2
 433 0094 032B     		cmp	r3, #3
 434 0096 D8D8     		bhi	.L27
 435 0098 DFE803F0 		tbb	[pc, r3]
 436              	.L34:
 437 009c 02       		.byte	(.L33-.L34)/2
 438 009d 05       		.byte	(.L35-.L34)/2
 439 009e 08       		.byte	(.L36-.L34)/2
 440 009f 0B       		.byte	(.L37-.L34)/2
 441              		.p2align 1
 442              	.L33:
 231:main.c        ****             case GO_STRAIGHT:
 232:main.c        ****                 goStraight();
 443              		.loc 1 232 0
 444 00a0 FFF7FEFF 		bl	goStraight
 445              	.LVL40:
 233:main.c        ****                 break;
 446              		.loc 1 233 0
 447 00a4 D1E7     		b	.L27
 448              	.L35:
 234:main.c        ****             case TURN_LEFT:
 235:main.c        ****                 turnLeft();
 449              		.loc 1 235 0
ARM GAS  C:\Users\dulan\AppData\Local\Temp\ccAugHzz.s 			page 13


 450 00a6 FFF7FEFF 		bl	turnLeft
 451              	.LVL41:
 236:main.c        ****                 break;    
 452              		.loc 1 236 0
 453 00aa CEE7     		b	.L27
 454              	.L36:
 237:main.c        ****             case TURN_RIGHT:
 238:main.c        ****                 turnRight();
 455              		.loc 1 238 0
 456 00ac FFF7FEFF 		bl	turnRight
 457              	.LVL42:
 239:main.c        ****                 break;  
 458              		.loc 1 239 0
 459 00b0 CBE7     		b	.L27
 460              	.L37:
 240:main.c        ****             case STOP:
 241:main.c        ****                 stop();
 461              		.loc 1 241 0
 462 00b2 FFF7FEFF 		bl	stop
 463              	.LVL43:
 242:main.c        ****                 break;
 464              		.loc 1 242 0
 465 00b6 C8E7     		b	.L27
 466              	.L41:
 467              		.align	2
 468              	.L40:
 469 00b8 00000000 		.word	isr_1_handler
 470 00bc 00000000 		.word	.LANCHOR0
 471 00c0 00000000 		.word	.LANCHOR1
 472              		.cfi_endproc
 473              	.LFE69:
 474              		.size	main, .-main
 475              		.comm	comp3_sum,1,1
 476              		.comm	comp2_sum,1,1
 477              		.comm	comp1_sum,1,1
 478              		.comm	comp0_sum,1,1
 479              		.global	isTurning
 480              		.global	count
 481              		.global	current_state
 482              		.global	counter
 483              		.global	encoder_value_sum_M2
 484              		.global	encoder_value_sum_M1
 485              		.global	speed_M2
 486              		.global	speed_M1
 487              		.global	target_diatance
 488              		.global	current_distance_M2
 489              		.global	current_distance_M1
 490              		.global	distance_M2
 491              		.global	distance_M1
 492              		.global	timeInterval_s
 493              		.global	wheelCircumference_cm
 494              		.global	CPR
 495              		.global	encoderCounts_M2
 496              		.global	encoderCounts_M1
 497              		.data
 498              		.align	3
 499              		.set	.LANCHOR1,. + 0
ARM GAS  C:\Users\dulan\AppData\Local\Temp\ccAugHzz.s 			page 14


 500              		.type	current_state, %object
 501              		.size	current_state, 1
 502              	current_state:
 503 0000 03       		.byte	3
 504              		.type	counter, %object
 505              		.size	counter, 1
 506              	counter:
 507 0001 01       		.byte	1
 508 0002 00000000 		.space	6
 508      0000
 509              		.type	timeInterval_s, %object
 510              		.size	timeInterval_s, 8
 511              	timeInterval_s:
 512 0008 0C022B87 		.word	-2027224564
 513 000c 16D92540 		.word	1076222230
 514              		.type	wheelCircumference_cm, %object
 515              		.size	wheelCircumference_cm, 4
 516              	wheelCircumference_cm:
 517 0010 7201A241 		.word	1101136242
 518              		.type	CPR, %object
 519              		.size	CPR, 4
 520              	CPR:
 521 0014 E4000000 		.word	228
 522              		.bss
 523              		.align	2
 524              		.set	.LANCHOR0,. + 0
 525              		.type	count, %object
 526              		.size	count, 4
 527              	count:
 528 0000 00000000 		.space	4
 529              		.type	isTurning, %object
 530              		.size	isTurning, 1
 531              	isTurning:
 532 0004 00       		.space	1
 533 0005 000000   		.space	3
 534              		.type	encoder_value_sum_M2, %object
 535              		.size	encoder_value_sum_M2, 4
 536              	encoder_value_sum_M2:
 537 0008 00000000 		.space	4
 538              		.type	encoder_value_sum_M1, %object
 539              		.size	encoder_value_sum_M1, 4
 540              	encoder_value_sum_M1:
 541 000c 00000000 		.space	4
 542              		.type	speed_M2, %object
 543              		.size	speed_M2, 4
 544              	speed_M2:
 545 0010 00000000 		.space	4
 546              		.type	speed_M1, %object
 547              		.size	speed_M1, 4
 548              	speed_M1:
 549 0014 00000000 		.space	4
 550              		.type	target_diatance, %object
 551              		.size	target_diatance, 4
 552              	target_diatance:
 553 0018 00000000 		.space	4
 554              		.type	current_distance_M2, %object
 555              		.size	current_distance_M2, 4
ARM GAS  C:\Users\dulan\AppData\Local\Temp\ccAugHzz.s 			page 15


 556              	current_distance_M2:
 557 001c 00000000 		.space	4
 558              		.type	current_distance_M1, %object
 559              		.size	current_distance_M1, 4
 560              	current_distance_M1:
 561 0020 00000000 		.space	4
 562              		.type	distance_M2, %object
 563              		.size	distance_M2, 4
 564              	distance_M2:
 565 0024 00000000 		.space	4
 566              		.type	distance_M1, %object
 567              		.size	distance_M1, 4
 568              	distance_M1:
 569 0028 00000000 		.space	4
 570              		.type	encoderCounts_M2, %object
 571              		.size	encoderCounts_M2, 4
 572              	encoderCounts_M2:
 573 002c 00000000 		.space	4
 574              		.type	encoderCounts_M1, %object
 575              		.size	encoderCounts_M1, 4
 576              	encoderCounts_M1:
 577 0030 00000000 		.space	4
 578              		.text
 579              	.Letext0:
 580              		.file 2 "c:\\program files (x86)\\cypress\\psoc creator\\4.4\\psoc creator\\import\\gnu\\arm\\5.4.
 581              		.file 3 "c:\\program files (x86)\\cypress\\psoc creator\\4.4\\psoc creator\\import\\gnu\\arm\\5.4.
 582              		.file 4 "Generated_Source\\PSoC5/cytypes.h"
 583              		.file 5 "Generated_Source\\PSoC5/core_cm3.h"
 584              		.file 6 "Generated_Source\\PSoC5/Comp_0.h"
 585              		.file 7 "Generated_Source\\PSoC5/Comp_1.h"
 586              		.file 8 "Generated_Source\\PSoC5/Comp_2.h"
 587              		.file 9 "Generated_Source\\PSoC5/Comp_3.h"
 588              		.file 10 "Generated_Source\\PSoC5/Timer_1.h"
 589              		.file 11 "Generated_Source\\PSoC5/PWM_1.h"
 590              		.file 12 "Generated_Source\\PSoC5/PWM_2.h"
 591              		.file 13 "Generated_Source\\PSoC5/QuadDec_M1.h"
 592              		.file 14 "Generated_Source\\PSoC5/QuadDec_M2.h"
 593              		.file 15 "Generated_Source\\PSoC5/isr_1.h"
 594              		.file 16 "Generated_Source\\PSoC5/Clock_PWM.h"
 595              		.file 17 "Generated_Source\\PSoC5/Sout_M1.h"
 596              		.file 18 "Generated_Source\\PSoC5/Sout_M2.h"
 597              		.file 19 "Generated_Source\\PSoC5/Sout_L.h"
 598              		.file 20 "Generated_Source\\PSoC5/Sout_R.h"
 599              		.section	.debug_info,"",%progbits
 600              	.Ldebug_info0:
 601 0000 89060000 		.4byte	0x689
 602 0004 0400     		.2byte	0x4
 603 0006 00000000 		.4byte	.Ldebug_abbrev0
 604 000a 04       		.byte	0x4
 605 000b 01       		.uleb128 0x1
 606 000c 99040000 		.4byte	.LASF82
 607 0010 0C       		.byte	0xc
 608 0011 DD030000 		.4byte	.LASF83
 609 0015 43030000 		.4byte	.LASF84
 610 0019 00000000 		.4byte	.Ldebug_ranges0+0
 611 001d 00000000 		.4byte	0
 612 0021 00000000 		.4byte	.Ldebug_line0
ARM GAS  C:\Users\dulan\AppData\Local\Temp\ccAugHzz.s 			page 16


 613 0025 02       		.uleb128 0x2
 614 0026 01       		.byte	0x1
 615 0027 06       		.byte	0x6
 616 0028 32020000 		.4byte	.LASF0
 617 002c 02       		.uleb128 0x2
 618 002d 01       		.byte	0x1
 619 002e 08       		.byte	0x8
 620 002f 09020000 		.4byte	.LASF1
 621 0033 02       		.uleb128 0x2
 622 0034 02       		.byte	0x2
 623 0035 05       		.byte	0x5
 624 0036 B3000000 		.4byte	.LASF2
 625 003a 02       		.uleb128 0x2
 626 003b 02       		.byte	0x2
 627 003c 07       		.byte	0x7
 628 003d 93020000 		.4byte	.LASF3
 629 0041 03       		.uleb128 0x3
 630 0042 4B040000 		.4byte	.LASF12
 631 0046 02       		.byte	0x2
 632 0047 3F       		.byte	0x3f
 633 0048 4C000000 		.4byte	0x4c
 634 004c 02       		.uleb128 0x2
 635 004d 04       		.byte	0x4
 636 004e 05       		.byte	0x5
 637 004f 99010000 		.4byte	.LASF4
 638 0053 02       		.uleb128 0x2
 639 0054 04       		.byte	0x4
 640 0055 07       		.byte	0x7
 641 0056 E4030000 		.4byte	.LASF5
 642 005a 02       		.uleb128 0x2
 643 005b 08       		.byte	0x8
 644 005c 05       		.byte	0x5
 645 005d 6A010000 		.4byte	.LASF6
 646 0061 02       		.uleb128 0x2
 647 0062 08       		.byte	0x8
 648 0063 07       		.byte	0x7
 649 0064 3E020000 		.4byte	.LASF7
 650 0068 04       		.uleb128 0x4
 651 0069 04       		.byte	0x4
 652 006a 05       		.byte	0x5
 653 006b 696E7400 		.ascii	"int\000"
 654 006f 02       		.uleb128 0x2
 655 0070 04       		.byte	0x4
 656 0071 07       		.byte	0x7
 657 0072 55020000 		.4byte	.LASF8
 658 0076 02       		.uleb128 0x2
 659 0077 08       		.byte	0x8
 660 0078 04       		.byte	0x4
 661 0079 FD010000 		.4byte	.LASF9
 662 007d 02       		.uleb128 0x2
 663 007e 04       		.byte	0x4
 664 007f 07       		.byte	0x7
 665 0080 72000000 		.4byte	.LASF10
 666 0084 02       		.uleb128 0x2
 667 0085 01       		.byte	0x1
 668 0086 08       		.byte	0x8
 669 0087 94010000 		.4byte	.LASF11
ARM GAS  C:\Users\dulan\AppData\Local\Temp\ccAugHzz.s 			page 17


 670 008b 03       		.uleb128 0x3
 671 008c 0C030000 		.4byte	.LASF13
 672 0090 03       		.byte	0x3
 673 0091 2C       		.byte	0x2c
 674 0092 41000000 		.4byte	0x41
 675 0096 05       		.uleb128 0x5
 676 0097 FE000000 		.4byte	.LASF14
 677 009b 04       		.byte	0x4
 678 009c E901     		.2byte	0x1e9
 679 009e 2C000000 		.4byte	0x2c
 680 00a2 05       		.uleb128 0x5
 681 00a3 D6030000 		.4byte	.LASF15
 682 00a7 04       		.byte	0x4
 683 00a8 EB01     		.2byte	0x1eb
 684 00aa 53000000 		.4byte	0x53
 685 00ae 05       		.uleb128 0x5
 686 00af F6030000 		.4byte	.LASF16
 687 00b3 04       		.byte	0x4
 688 00b4 EE01     		.2byte	0x1ee
 689 00b6 4C000000 		.4byte	0x4c
 690 00ba 05       		.uleb128 0x5
 691 00bb 52000000 		.4byte	.LASF17
 692 00bf 04       		.byte	0x4
 693 00c0 EF01     		.2byte	0x1ef
 694 00c2 C6000000 		.4byte	0xc6
 695 00c6 02       		.uleb128 0x2
 696 00c7 04       		.byte	0x4
 697 00c8 04       		.byte	0x4
 698 00c9 53010000 		.4byte	.LASF18
 699 00cd 02       		.uleb128 0x2
 700 00ce 08       		.byte	0x8
 701 00cf 04       		.byte	0x4
 702 00d0 FC030000 		.4byte	.LASF19
 703 00d4 06       		.uleb128 0x6
 704 00d5 01       		.byte	0x1
 705 00d6 2C000000 		.4byte	0x2c
 706 00da 01       		.byte	0x1
 707 00db 3D       		.byte	0x3d
 708 00dc F9000000 		.4byte	0xf9
 709 00e0 07       		.uleb128 0x7
 710 00e1 10000000 		.4byte	.LASF20
 711 00e5 00       		.byte	0
 712 00e6 07       		.uleb128 0x7
 713 00e7 8A010000 		.4byte	.LASF21
 714 00eb 01       		.byte	0x1
 715 00ec 07       		.uleb128 0x7
 716 00ed A2010000 		.4byte	.LASF22
 717 00f1 02       		.byte	0x2
 718 00f2 07       		.uleb128 0x7
 719 00f3 67040000 		.4byte	.LASF23
 720 00f7 03       		.byte	0x3
 721 00f8 00       		.byte	0
 722 00f9 03       		.uleb128 0x3
 723 00fa BD000000 		.4byte	.LASF24
 724 00fe 01       		.byte	0x1
 725 00ff 42       		.byte	0x42
 726 0100 D4000000 		.4byte	0xd4
ARM GAS  C:\Users\dulan\AppData\Local\Temp\ccAugHzz.s 			page 18


 727 0104 08       		.uleb128 0x8
 728 0105 79020000 		.4byte	.LASF85
 729 0109 01       		.byte	0x1
 730 010a 4E       		.byte	0x4e
 731 010b 00000000 		.4byte	.LFB64
 732 010f 74000000 		.4byte	.LFE64-.LFB64
 733 0113 01       		.uleb128 0x1
 734 0114 9C       		.byte	0x9c
 735 0115 47010000 		.4byte	0x147
 736 0119 09       		.uleb128 0x9
 737 011a 06000000 		.4byte	.LVL0
 738 011e 42050000 		.4byte	0x542
 739 0122 09       		.uleb128 0x9
 740 0123 12000000 		.4byte	.LVL1
 741 0127 4D050000 		.4byte	0x54d
 742 012b 09       		.uleb128 0x9
 743 012c 1E000000 		.4byte	.LVL2
 744 0130 58050000 		.4byte	0x558
 745 0134 09       		.uleb128 0x9
 746 0135 2A000000 		.4byte	.LVL3
 747 0139 63050000 		.4byte	0x563
 748 013d 09       		.uleb128 0x9
 749 013e 5C000000 		.4byte	.LVL4
 750 0142 6E050000 		.4byte	0x56e
 751 0146 00       		.byte	0
 752 0147 0A       		.uleb128 0xa
 753 0148 E4020000 		.4byte	.LASF25
 754 014c 01       		.byte	0x1
 755 014d 64       		.byte	0x64
 756 014e 00000000 		.4byte	.LFB65
 757 0152 10000000 		.4byte	.LFE65-.LFB65
 758 0156 01       		.uleb128 0x1
 759 0157 9C       		.byte	0x9c
 760 0158 81010000 		.4byte	0x181
 761 015c 0B       		.uleb128 0xb
 762 015d 08000000 		.4byte	.LVL5
 763 0161 79050000 		.4byte	0x579
 764 0165 70010000 		.4byte	0x170
 765 0169 0C       		.uleb128 0xc
 766 016a 01       		.uleb128 0x1
 767 016b 50       		.byte	0x50
 768 016c 02       		.uleb128 0x2
 769 016d 08       		.byte	0x8
 770 016e 32       		.byte	0x32
 771 016f 00       		.byte	0
 772 0170 0D       		.uleb128 0xd
 773 0171 0E000000 		.4byte	.LVL6
 774 0175 84050000 		.4byte	0x584
 775 0179 0C       		.uleb128 0xc
 776 017a 01       		.uleb128 0x1
 777 017b 50       		.byte	0x50
 778 017c 02       		.uleb128 0x2
 779 017d 08       		.byte	0x8
 780 017e 32       		.byte	0x32
 781 017f 00       		.byte	0
 782 0180 00       		.byte	0
 783 0181 0A       		.uleb128 0xa
ARM GAS  C:\Users\dulan\AppData\Local\Temp\ccAugHzz.s 			page 19


 784 0182 29020000 		.4byte	.LASF26
 785 0186 01       		.byte	0x1
 786 0187 69       		.byte	0x69
 787 0188 00000000 		.4byte	.LFB66
 788 018c 30000000 		.4byte	.LFE66-.LFB66
 789 0190 01       		.uleb128 0x1
 790 0191 9C       		.byte	0x9c
 791 0192 DA010000 		.4byte	0x1da
 792 0196 0B       		.uleb128 0xb
 793 0197 08000000 		.4byte	.LVL7
 794 019b 8F050000 		.4byte	0x58f
 795 019f A9010000 		.4byte	0x1a9
 796 01a3 0C       		.uleb128 0xc
 797 01a4 01       		.uleb128 0x1
 798 01a5 50       		.byte	0x50
 799 01a6 01       		.uleb128 0x1
 800 01a7 30       		.byte	0x30
 801 01a8 00       		.byte	0
 802 01a9 0B       		.uleb128 0xb
 803 01aa 0E000000 		.4byte	.LVL8
 804 01ae 79050000 		.4byte	0x579
 805 01b2 BD010000 		.4byte	0x1bd
 806 01b6 0C       		.uleb128 0xc
 807 01b7 01       		.uleb128 0x1
 808 01b8 50       		.byte	0x50
 809 01b9 02       		.uleb128 0x2
 810 01ba 08       		.byte	0x8
 811 01bb 46       		.byte	0x46
 812 01bc 00       		.byte	0
 813 01bd 0B       		.uleb128 0xb
 814 01be 14000000 		.4byte	.LVL9
 815 01c2 84050000 		.4byte	0x584
 816 01c6 D0010000 		.4byte	0x1d0
 817 01ca 0C       		.uleb128 0xc
 818 01cb 01       		.uleb128 0x1
 819 01cc 50       		.byte	0x50
 820 01cd 01       		.uleb128 0x1
 821 01ce 4E       		.byte	0x4e
 822 01cf 00       		.byte	0
 823 01d0 09       		.uleb128 0x9
 824 01d1 18000000 		.4byte	.LVL10
 825 01d5 9A050000 		.4byte	0x59a
 826 01d9 00       		.byte	0
 827 01da 0A       		.uleb128 0xa
 828 01db 51050000 		.4byte	.LASF27
 829 01df 01       		.byte	0x1
 830 01e0 73       		.byte	0x73
 831 01e1 00000000 		.4byte	.LFB67
 832 01e5 30000000 		.4byte	.LFE67-.LFB67
 833 01e9 01       		.uleb128 0x1
 834 01ea 9C       		.byte	0x9c
 835 01eb 33020000 		.4byte	0x233
 836 01ef 0B       		.uleb128 0xb
 837 01f0 08000000 		.4byte	.LVL11
 838 01f4 A5050000 		.4byte	0x5a5
 839 01f8 02020000 		.4byte	0x202
 840 01fc 0C       		.uleb128 0xc
ARM GAS  C:\Users\dulan\AppData\Local\Temp\ccAugHzz.s 			page 20


 841 01fd 01       		.uleb128 0x1
 842 01fe 50       		.byte	0x50
 843 01ff 01       		.uleb128 0x1
 844 0200 30       		.byte	0x30
 845 0201 00       		.byte	0
 846 0202 0B       		.uleb128 0xb
 847 0203 0E000000 		.4byte	.LVL12
 848 0207 79050000 		.4byte	0x579
 849 020b 15020000 		.4byte	0x215
 850 020f 0C       		.uleb128 0xc
 851 0210 01       		.uleb128 0x1
 852 0211 50       		.byte	0x50
 853 0212 01       		.uleb128 0x1
 854 0213 4E       		.byte	0x4e
 855 0214 00       		.byte	0
 856 0215 0B       		.uleb128 0xb
 857 0216 14000000 		.4byte	.LVL13
 858 021a 84050000 		.4byte	0x584
 859 021e 29020000 		.4byte	0x229
 860 0222 0C       		.uleb128 0xc
 861 0223 01       		.uleb128 0x1
 862 0224 50       		.byte	0x50
 863 0225 02       		.uleb128 0x2
 864 0226 08       		.byte	0x8
 865 0227 46       		.byte	0x46
 866 0228 00       		.byte	0
 867 0229 09       		.uleb128 0x9
 868 022a 18000000 		.4byte	.LVL14
 869 022e B0050000 		.4byte	0x5b0
 870 0232 00       		.byte	0
 871 0233 0A       		.uleb128 0xa
 872 0234 0D010000 		.4byte	.LASF28
 873 0238 01       		.byte	0x1
 874 0239 80       		.byte	0x80
 875 023a 00000000 		.4byte	.LFB68
 876 023e 50000000 		.4byte	.LFE68-.LFB68
 877 0242 01       		.uleb128 0x1
 878 0243 9C       		.byte	0x9c
 879 0244 91020000 		.4byte	0x291
 880 0248 09       		.uleb128 0x9
 881 0249 12000000 		.4byte	.LVL15
 882 024d BB050000 		.4byte	0x5bb
 883 0251 09       		.uleb128 0x9
 884 0252 1A000000 		.4byte	.LVL16
 885 0256 84050000 		.4byte	0x584
 886 025a 09       		.uleb128 0x9
 887 025b 28000000 		.4byte	.LVL17
 888 025f C6050000 		.4byte	0x5c6
 889 0263 09       		.uleb128 0x9
 890 0264 30000000 		.4byte	.LVL18
 891 0268 79050000 		.4byte	0x579
 892 026c 0B       		.uleb128 0xb
 893 026d 40000000 		.4byte	.LVL19
 894 0271 79050000 		.4byte	0x579
 895 0275 80020000 		.4byte	0x280
 896 0279 0C       		.uleb128 0xc
 897 027a 01       		.uleb128 0x1
ARM GAS  C:\Users\dulan\AppData\Local\Temp\ccAugHzz.s 			page 21


 898 027b 50       		.byte	0x50
 899 027c 02       		.uleb128 0x2
 900 027d 08       		.byte	0x8
 901 027e 43       		.byte	0x43
 902 027f 00       		.byte	0
 903 0280 0D       		.uleb128 0xd
 904 0281 46000000 		.4byte	.LVL20
 905 0285 84050000 		.4byte	0x584
 906 0289 0C       		.uleb128 0xc
 907 028a 01       		.uleb128 0x1
 908 028b 50       		.byte	0x50
 909 028c 02       		.uleb128 0x2
 910 028d 08       		.byte	0x8
 911 028e 44       		.byte	0x44
 912 028f 00       		.byte	0
 913 0290 00       		.byte	0
 914 0291 0E       		.uleb128 0xe
 915 0292 7B000000 		.4byte	.LASF86
 916 0296 01       		.byte	0x1
 917 0297 9B       		.byte	0x9b
 918 0298 68000000 		.4byte	0x68
 919 029c 00000000 		.4byte	.LFB69
 920 02a0 C4000000 		.4byte	.LFE69-.LFB69
 921 02a4 01       		.uleb128 0x1
 922 02a5 9C       		.byte	0x9c
 923 02a6 B4030000 		.4byte	0x3b4
 924 02aa 09       		.uleb128 0x9
 925 02ab 08000000 		.4byte	.LVL21
 926 02af D1050000 		.4byte	0x5d1
 927 02b3 0B       		.uleb128 0xb
 928 02b4 0E000000 		.4byte	.LVL22
 929 02b8 DC050000 		.4byte	0x5dc
 930 02bc CA020000 		.4byte	0x2ca
 931 02c0 0C       		.uleb128 0xc
 932 02c1 01       		.uleb128 0x1
 933 02c2 50       		.byte	0x50
 934 02c3 05       		.uleb128 0x5
 935 02c4 03       		.byte	0x3
 936 02c5 00000000 		.4byte	isr_1_handler
 937 02c9 00       		.byte	0
 938 02ca 09       		.uleb128 0x9
 939 02cb 12000000 		.4byte	.LVL23
 940 02cf E7050000 		.4byte	0x5e7
 941 02d3 09       		.uleb128 0x9
 942 02d4 16000000 		.4byte	.LVL24
 943 02d8 F2050000 		.4byte	0x5f2
 944 02dc 09       		.uleb128 0x9
 945 02dd 1A000000 		.4byte	.LVL25
 946 02e1 FD050000 		.4byte	0x5fd
 947 02e5 09       		.uleb128 0x9
 948 02e6 1E000000 		.4byte	.LVL26
 949 02ea 08060000 		.4byte	0x608
 950 02ee 09       		.uleb128 0x9
 951 02ef 22000000 		.4byte	.LVL27
 952 02f3 13060000 		.4byte	0x613
 953 02f7 09       		.uleb128 0x9
 954 02f8 26000000 		.4byte	.LVL28
ARM GAS  C:\Users\dulan\AppData\Local\Temp\ccAugHzz.s 			page 22


 955 02fc 1E060000 		.4byte	0x61e
 956 0300 09       		.uleb128 0x9
 957 0301 2A000000 		.4byte	.LVL29
 958 0305 29060000 		.4byte	0x629
 959 0309 0B       		.uleb128 0xb
 960 030a 30000000 		.4byte	.LVL30
 961 030e 34060000 		.4byte	0x634
 962 0312 1D030000 		.4byte	0x31d
 963 0316 0C       		.uleb128 0xc
 964 0317 01       		.uleb128 0x1
 965 0318 50       		.byte	0x50
 966 0319 02       		.uleb128 0x2
 967 031a 08       		.byte	0x8
 968 031b 64       		.byte	0x64
 969 031c 00       		.byte	0
 970 031d 0B       		.uleb128 0xb
 971 031e 36000000 		.4byte	.LVL31
 972 0322 3F060000 		.4byte	0x63f
 973 0326 31030000 		.4byte	0x331
 974 032a 0C       		.uleb128 0xc
 975 032b 01       		.uleb128 0x1
 976 032c 50       		.byte	0x50
 977 032d 02       		.uleb128 0x2
 978 032e 08       		.byte	0x8
 979 032f 64       		.byte	0x64
 980 0330 00       		.byte	0
 981 0331 0B       		.uleb128 0xb
 982 0332 3C000000 		.4byte	.LVL32
 983 0336 79050000 		.4byte	0x579
 984 033a 45030000 		.4byte	0x345
 985 033e 0C       		.uleb128 0xc
 986 033f 01       		.uleb128 0x1
 987 0340 50       		.byte	0x50
 988 0341 02       		.uleb128 0x2
 989 0342 08       		.byte	0x8
 990 0343 32       		.byte	0x32
 991 0344 00       		.byte	0
 992 0345 0B       		.uleb128 0xb
 993 0346 42000000 		.4byte	.LVL33
 994 034a 84050000 		.4byte	0x584
 995 034e 59030000 		.4byte	0x359
 996 0352 0C       		.uleb128 0xc
 997 0353 01       		.uleb128 0x1
 998 0354 50       		.byte	0x50
 999 0355 02       		.uleb128 0x2
 1000 0356 08       		.byte	0x8
 1001 0357 32       		.byte	0x32
 1002 0358 00       		.byte	0
 1003 0359 09       		.uleb128 0x9
 1004 035a 46000000 		.4byte	.LVL34
 1005 035e 4A060000 		.4byte	0x64a
 1006 0362 09       		.uleb128 0x9
 1007 0363 4A000000 		.4byte	.LVL35
 1008 0367 55060000 		.4byte	0x655
 1009 036b 09       		.uleb128 0x9
 1010 036c 54000000 		.4byte	.LVL36
 1011 0370 60060000 		.4byte	0x660
ARM GAS  C:\Users\dulan\AppData\Local\Temp\ccAugHzz.s 			page 23


 1012 0374 09       		.uleb128 0x9
 1013 0375 5A000000 		.4byte	.LVL37
 1014 0379 6B060000 		.4byte	0x66b
 1015 037d 09       		.uleb128 0x9
 1016 037e 68000000 		.4byte	.LVL38
 1017 0382 76060000 		.4byte	0x676
 1018 0386 09       		.uleb128 0x9
 1019 0387 7A000000 		.4byte	.LVL39
 1020 038b 81060000 		.4byte	0x681
 1021 038f 09       		.uleb128 0x9
 1022 0390 A4000000 		.4byte	.LVL40
 1023 0394 33020000 		.4byte	0x233
 1024 0398 09       		.uleb128 0x9
 1025 0399 AA000000 		.4byte	.LVL41
 1026 039d 81010000 		.4byte	0x181
 1027 03a1 09       		.uleb128 0x9
 1028 03a2 B0000000 		.4byte	.LVL42
 1029 03a6 DA010000 		.4byte	0x1da
 1030 03aa 09       		.uleb128 0x9
 1031 03ab B6000000 		.4byte	.LVL43
 1032 03af 47010000 		.4byte	0x147
 1033 03b3 00       		.byte	0
 1034 03b4 0F       		.uleb128 0xf
 1035 03b5 14040000 		.4byte	.LASF29
 1036 03b9 05       		.byte	0x5
 1037 03ba 1207     		.2byte	0x712
 1038 03bc C0030000 		.4byte	0x3c0
 1039 03c0 10       		.uleb128 0x10
 1040 03c1 8B000000 		.4byte	0x8b
 1041 03c5 11       		.uleb128 0x11
 1042 03c6 AD010000 		.4byte	.LASF30
 1043 03ca 01       		.byte	0x1
 1044 03cb 26       		.byte	0x26
 1045 03cc AE000000 		.4byte	0xae
 1046 03d0 05       		.uleb128 0x5
 1047 03d1 03       		.byte	0x3
 1048 03d2 00000000 		.4byte	encoderCounts_M1
 1049 03d6 11       		.uleb128 0x11
 1050 03d7 ED000000 		.4byte	.LASF31
 1051 03db 01       		.byte	0x1
 1052 03dc 27       		.byte	0x27
 1053 03dd AE000000 		.4byte	0xae
 1054 03e1 05       		.uleb128 0x5
 1055 03e2 03       		.byte	0x3
 1056 03e3 00000000 		.4byte	encoderCounts_M2
 1057 03e7 12       		.uleb128 0x12
 1058 03e8 43505200 		.ascii	"CPR\000"
 1059 03ec 01       		.byte	0x1
 1060 03ed 28       		.byte	0x28
 1061 03ee AE000000 		.4byte	0xae
 1062 03f2 05       		.uleb128 0x5
 1063 03f3 03       		.byte	0x3
 1064 03f4 00000000 		.4byte	CPR
 1065 03f8 11       		.uleb128 0x11
 1066 03f9 80000000 		.4byte	.LASF32
 1067 03fd 01       		.byte	0x1
 1068 03fe 29       		.byte	0x29
ARM GAS  C:\Users\dulan\AppData\Local\Temp\ccAugHzz.s 			page 24


 1069 03ff C6000000 		.4byte	0xc6
 1070 0403 05       		.uleb128 0x5
 1071 0404 03       		.byte	0x3
 1072 0405 00000000 		.4byte	wheelCircumference_cm
 1073 0409 11       		.uleb128 0x11
 1074 040a 14030000 		.4byte	.LASF33
 1075 040e 01       		.byte	0x1
 1076 040f 2A       		.byte	0x2a
 1077 0410 CD000000 		.4byte	0xcd
 1078 0414 05       		.uleb128 0x5
 1079 0415 03       		.byte	0x3
 1080 0416 00000000 		.4byte	timeInterval_s
 1081 041a 11       		.uleb128 0x11
 1082 041b F1010000 		.4byte	.LASF34
 1083 041f 01       		.byte	0x1
 1084 0420 2B       		.byte	0x2b
 1085 0421 BA000000 		.4byte	0xba
 1086 0425 05       		.uleb128 0x5
 1087 0426 03       		.byte	0x3
 1088 0427 00000000 		.4byte	distance_M1
 1089 042b 11       		.uleb128 0x11
 1090 042c 29030000 		.4byte	.LASF35
 1091 0430 01       		.byte	0x1
 1092 0431 2C       		.byte	0x2c
 1093 0432 BA000000 		.4byte	0xba
 1094 0436 05       		.uleb128 0x5
 1095 0437 03       		.byte	0x3
 1096 0438 00000000 		.4byte	distance_M2
 1097 043c 11       		.uleb128 0x11
 1098 043d BC020000 		.4byte	.LASF36
 1099 0441 01       		.byte	0x1
 1100 0442 2D       		.byte	0x2d
 1101 0443 BA000000 		.4byte	0xba
 1102 0447 05       		.uleb128 0x5
 1103 0448 03       		.byte	0x3
 1104 0449 00000000 		.4byte	current_distance_M1
 1105 044d 11       		.uleb128 0x11
 1106 044e D0020000 		.4byte	.LASF37
 1107 0452 01       		.byte	0x1
 1108 0453 2E       		.byte	0x2e
 1109 0454 BA000000 		.4byte	0xba
 1110 0458 05       		.uleb128 0x5
 1111 0459 03       		.byte	0x3
 1112 045a 00000000 		.4byte	current_distance_M2
 1113 045e 11       		.uleb128 0x11
 1114 045f 00000000 		.4byte	.LASF38
 1115 0463 01       		.byte	0x1
 1116 0464 2F       		.byte	0x2f
 1117 0465 BA000000 		.4byte	0xba
 1118 0469 05       		.uleb128 0x5
 1119 046a 03       		.byte	0x3
 1120 046b 00000000 		.4byte	target_diatance
 1121 046f 11       		.uleb128 0x11
 1122 0470 04010000 		.4byte	.LASF39
 1123 0474 01       		.byte	0x1
 1124 0475 30       		.byte	0x30
 1125 0476 BA000000 		.4byte	0xba
ARM GAS  C:\Users\dulan\AppData\Local\Temp\ccAugHzz.s 			page 25


 1126 047a 05       		.uleb128 0x5
 1127 047b 03       		.byte	0x3
 1128 047c 00000000 		.4byte	speed_M1
 1129 0480 11       		.uleb128 0x11
 1130 0481 6C040000 		.4byte	.LASF40
 1131 0485 01       		.byte	0x1
 1132 0486 31       		.byte	0x31
 1133 0487 BA000000 		.4byte	0xba
 1134 048b 05       		.uleb128 0x5
 1135 048c 03       		.byte	0x3
 1136 048d 00000000 		.4byte	speed_M2
 1137 0491 11       		.uleb128 0x11
 1138 0492 1C000000 		.4byte	.LASF41
 1139 0496 01       		.byte	0x1
 1140 0497 32       		.byte	0x32
 1141 0498 AE000000 		.4byte	0xae
 1142 049c 05       		.uleb128 0x5
 1143 049d 03       		.byte	0x3
 1144 049e 00000000 		.4byte	encoder_value_sum_M1
 1145 04a2 11       		.uleb128 0x11
 1146 04a3 31000000 		.4byte	.LASF42
 1147 04a7 01       		.byte	0x1
 1148 04a8 33       		.byte	0x33
 1149 04a9 AE000000 		.4byte	0xae
 1150 04ad 05       		.uleb128 0x5
 1151 04ae 03       		.byte	0x3
 1152 04af 00000000 		.4byte	encoder_value_sum_M2
 1153 04b3 11       		.uleb128 0x11
 1154 04b4 17020000 		.4byte	.LASF43
 1155 04b8 01       		.byte	0x1
 1156 04b9 34       		.byte	0x34
 1157 04ba 96000000 		.4byte	0x96
 1158 04be 05       		.uleb128 0x5
 1159 04bf 03       		.byte	0x3
 1160 04c0 00000000 		.4byte	counter
 1161 04c4 11       		.uleb128 0x11
 1162 04c5 5A000000 		.4byte	.LASF44
 1163 04c9 01       		.byte	0x1
 1164 04ca 44       		.byte	0x44
 1165 04cb F9000000 		.4byte	0xf9
 1166 04cf 05       		.uleb128 0x5
 1167 04d0 03       		.byte	0x3
 1168 04d1 00000000 		.4byte	current_state
 1169 04d5 11       		.uleb128 0x11
 1170 04d6 38040000 		.4byte	.LASF45
 1171 04da 01       		.byte	0x1
 1172 04db 46       		.byte	0x46
 1173 04dc A2000000 		.4byte	0xa2
 1174 04e0 05       		.uleb128 0x5
 1175 04e1 03       		.byte	0x3
 1176 04e2 00000000 		.4byte	count
 1177 04e6 11       		.uleb128 0x11
 1178 04e7 2E040000 		.4byte	.LASF46
 1179 04eb 01       		.byte	0x1
 1180 04ec 47       		.byte	0x47
 1181 04ed F7040000 		.4byte	0x4f7
 1182 04f1 05       		.uleb128 0x5
ARM GAS  C:\Users\dulan\AppData\Local\Temp\ccAugHzz.s 			page 26


 1183 04f2 03       		.byte	0x3
 1184 04f3 00000000 		.4byte	isTurning
 1185 04f7 02       		.uleb128 0x2
 1186 04f8 01       		.byte	0x1
 1187 04f9 02       		.byte	0x2
 1188 04fa 23030000 		.4byte	.LASF47
 1189 04fe 11       		.uleb128 0x11
 1190 04ff 1F020000 		.4byte	.LASF48
 1191 0503 01       		.byte	0x1
 1192 0504 49       		.byte	0x49
 1193 0505 96000000 		.4byte	0x96
 1194 0509 05       		.uleb128 0x5
 1195 050a 03       		.byte	0x3
 1196 050b 00000000 		.4byte	comp0_sum
 1197 050f 11       		.uleb128 0x11
 1198 0510 68000000 		.4byte	.LASF49
 1199 0514 01       		.byte	0x1
 1200 0515 4A       		.byte	0x4a
 1201 0516 96000000 		.4byte	0x96
 1202 051a 05       		.uleb128 0x5
 1203 051b 03       		.byte	0x3
 1204 051c 00000000 		.4byte	comp1_sum
 1205 0520 11       		.uleb128 0x11
 1206 0521 C8000000 		.4byte	.LASF50
 1207 0525 01       		.byte	0x1
 1208 0526 4B       		.byte	0x4b
 1209 0527 96000000 		.4byte	0x96
 1210 052b 05       		.uleb128 0x5
 1211 052c 03       		.byte	0x3
 1212 052d 00000000 		.4byte	comp2_sum
 1213 0531 11       		.uleb128 0x11
 1214 0532 6F020000 		.4byte	.LASF51
 1215 0536 01       		.byte	0x1
 1216 0537 4C       		.byte	0x4c
 1217 0538 96000000 		.4byte	0x96
 1218 053c 05       		.uleb128 0x5
 1219 053d 03       		.byte	0x3
 1220 053e 00000000 		.4byte	comp3_sum
 1221 0542 13       		.uleb128 0x13
 1222 0543 55040000 		.4byte	.LASF52
 1223 0547 55040000 		.4byte	.LASF52
 1224 054b 06       		.byte	0x6
 1225 054c 42       		.byte	0x42
 1226 054d 13       		.uleb128 0x13
 1227 054e 75040000 		.4byte	.LASF53
 1228 0552 75040000 		.4byte	.LASF53
 1229 0556 07       		.byte	0x7
 1230 0557 42       		.byte	0x42
 1231 0558 13       		.uleb128 0x13
 1232 0559 87040000 		.4byte	.LASF54
 1233 055d 87040000 		.4byte	.LASF54
 1234 0561 08       		.byte	0x8
 1235 0562 42       		.byte	0x42
 1236 0563 13       		.uleb128 0x13
 1237 0564 33050000 		.4byte	.LASF55
 1238 0568 33050000 		.4byte	.LASF55
 1239 056c 09       		.byte	0x9
ARM GAS  C:\Users\dulan\AppData\Local\Temp\ccAugHzz.s 			page 27


 1240 056d 42       		.byte	0x42
 1241 056e 13       		.uleb128 0x13
 1242 056f D2000000 		.4byte	.LASF56
 1243 0573 D2000000 		.4byte	.LASF56
 1244 0577 0A       		.byte	0xa
 1245 0578 5E       		.byte	0x5e
 1246 0579 13       		.uleb128 0x13
 1247 057a DE010000 		.4byte	.LASF57
 1248 057e DE010000 		.4byte	.LASF57
 1249 0582 0B       		.byte	0xb
 1250 0583 C3       		.byte	0xc3
 1251 0584 13       		.uleb128 0x13
 1252 0585 40010000 		.4byte	.LASF58
 1253 0589 40010000 		.4byte	.LASF58
 1254 058d 0C       		.byte	0xc
 1255 058e C3       		.byte	0xc3
 1256 058f 13       		.uleb128 0x13
 1257 0590 A6020000 		.4byte	.LASF59
 1258 0594 A6020000 		.4byte	.LASF59
 1259 0598 0D       		.byte	0xd
 1260 0599 4F       		.byte	0x4f
 1261 059a 13       		.uleb128 0x13
 1262 059b 18010000 		.4byte	.LASF60
 1263 059f 18010000 		.4byte	.LASF60
 1264 05a3 0D       		.byte	0xd
 1265 05a4 4E       		.byte	0x4e
 1266 05a5 13       		.uleb128 0x13
 1267 05a6 F6020000 		.4byte	.LASF61
 1268 05aa F6020000 		.4byte	.LASF61
 1269 05ae 0E       		.byte	0xe
 1270 05af 4F       		.byte	0x4f
 1271 05b0 13       		.uleb128 0x13
 1272 05b1 AE030000 		.4byte	.LASF62
 1273 05b5 AE030000 		.4byte	.LASF62
 1274 05b9 0E       		.byte	0xe
 1275 05ba 4E       		.byte	0x4e
 1276 05bb 13       		.uleb128 0x13
 1277 05bc 78010000 		.4byte	.LASF63
 1278 05c0 78010000 		.4byte	.LASF63
 1279 05c4 0C       		.byte	0xc
 1280 05c5 C5       		.byte	0xc5
 1281 05c6 13       		.uleb128 0x13
 1282 05c7 2E010000 		.4byte	.LASF64
 1283 05cb 2E010000 		.4byte	.LASF64
 1284 05cf 0B       		.byte	0xb
 1285 05d0 C5       		.byte	0xc5
 1286 05d1 13       		.uleb128 0x13
 1287 05d2 35030000 		.4byte	.LASF65
 1288 05d6 35030000 		.4byte	.LASF65
 1289 05da 0A       		.byte	0xa
 1290 05db 5A       		.byte	0x5a
 1291 05dc 13       		.uleb128 0x13
 1292 05dd BE010000 		.4byte	.LASF66
 1293 05e1 BE010000 		.4byte	.LASF66
 1294 05e5 0F       		.byte	0xf
 1295 05e6 18       		.byte	0x18
 1296 05e7 13       		.uleb128 0x13
ARM GAS  C:\Users\dulan\AppData\Local\Temp\ccAugHzz.s 			page 28


 1297 05e8 62020000 		.4byte	.LASF67
 1298 05ec 62020000 		.4byte	.LASF67
 1299 05f0 06       		.byte	0x6
 1300 05f1 3F       		.byte	0x3f
 1301 05f2 13       		.uleb128 0x13
 1302 05f3 5B050000 		.4byte	.LASF68
 1303 05f7 5B050000 		.4byte	.LASF68
 1304 05fb 07       		.byte	0x7
 1305 05fc 3F       		.byte	0x3f
 1306 05fd 13       		.uleb128 0x13
 1307 05fe E9020000 		.4byte	.LASF69
 1308 0602 E9020000 		.4byte	.LASF69
 1309 0606 08       		.byte	0x8
 1310 0607 3F       		.byte	0x3f
 1311 0608 13       		.uleb128 0x13
 1312 0609 96000000 		.4byte	.LASF70
 1313 060d 96000000 		.4byte	.LASF70
 1314 0611 09       		.byte	0x9
 1315 0612 3F       		.byte	0x3f
 1316 0613 13       		.uleb128 0x13
 1317 0614 A3000000 		.4byte	.LASF71
 1318 0618 A3000000 		.4byte	.LASF71
 1319 061c 10       		.byte	0x10
 1320 061d 27       		.byte	0x27
 1321 061e 13       		.uleb128 0x13
 1322 061f 46000000 		.4byte	.LASF72
 1323 0623 46000000 		.4byte	.LASF72
 1324 0627 0B       		.byte	0xb
 1325 0628 92       		.byte	0x92
 1326 0629 13       		.uleb128 0x13
 1327 062a 87020000 		.4byte	.LASF73
 1328 062e 87020000 		.4byte	.LASF73
 1329 0632 0C       		.byte	0xc
 1330 0633 92       		.byte	0x92
 1331 0634 13       		.uleb128 0x13
 1332 0635 C4030000 		.4byte	.LASF74
 1333 0639 C4030000 		.4byte	.LASF74
 1334 063d 0B       		.byte	0xb
 1335 063e BE       		.byte	0xbe
 1336 063f 13       		.uleb128 0x13
 1337 0640 CC010000 		.4byte	.LASF75
 1338 0644 CC010000 		.4byte	.LASF75
 1339 0648 0C       		.byte	0xc
 1340 0649 BE       		.byte	0xbe
 1341 064a 13       		.uleb128 0x13
 1342 064b 03040000 		.4byte	.LASF76
 1343 064f 03040000 		.4byte	.LASF76
 1344 0653 0D       		.byte	0xd
 1345 0654 48       		.byte	0x48
 1346 0655 13       		.uleb128 0x13
 1347 0656 59010000 		.4byte	.LASF77
 1348 065a 59010000 		.4byte	.LASF77
 1349 065e 0E       		.byte	0xe
 1350 065f 48       		.byte	0x48
 1351 0660 13       		.uleb128 0x13
 1352 0661 21040000 		.4byte	.LASF78
 1353 0665 21040000 		.4byte	.LASF78
ARM GAS  C:\Users\dulan\AppData\Local\Temp\ccAugHzz.s 			page 29


 1354 0669 11       		.byte	0x11
 1355 066a 29       		.byte	0x29
 1356 066b 13       		.uleb128 0x13
 1357 066c 3E040000 		.4byte	.LASF79
 1358 0670 3E040000 		.4byte	.LASF79
 1359 0674 12       		.byte	0x12
 1360 0675 29       		.byte	0x29
 1361 0676 13       		.uleb128 0x13
 1362 0677 45050000 		.4byte	.LASF80
 1363 067b 45050000 		.4byte	.LASF80
 1364 067f 13       		.byte	0x13
 1365 0680 29       		.byte	0x29
 1366 0681 13       		.uleb128 0x13
 1367 0682 27050000 		.4byte	.LASF81
 1368 0686 27050000 		.4byte	.LASF81
 1369 068a 14       		.byte	0x14
 1370 068b 29       		.byte	0x29
 1371 068c 00       		.byte	0
 1372              		.section	.debug_abbrev,"",%progbits
 1373              	.Ldebug_abbrev0:
 1374 0000 01       		.uleb128 0x1
 1375 0001 11       		.uleb128 0x11
 1376 0002 01       		.byte	0x1
 1377 0003 25       		.uleb128 0x25
 1378 0004 0E       		.uleb128 0xe
 1379 0005 13       		.uleb128 0x13
 1380 0006 0B       		.uleb128 0xb
 1381 0007 03       		.uleb128 0x3
 1382 0008 0E       		.uleb128 0xe
 1383 0009 1B       		.uleb128 0x1b
 1384 000a 0E       		.uleb128 0xe
 1385 000b 55       		.uleb128 0x55
 1386 000c 17       		.uleb128 0x17
 1387 000d 11       		.uleb128 0x11
 1388 000e 01       		.uleb128 0x1
 1389 000f 10       		.uleb128 0x10
 1390 0010 17       		.uleb128 0x17
 1391 0011 00       		.byte	0
 1392 0012 00       		.byte	0
 1393 0013 02       		.uleb128 0x2
 1394 0014 24       		.uleb128 0x24
 1395 0015 00       		.byte	0
 1396 0016 0B       		.uleb128 0xb
 1397 0017 0B       		.uleb128 0xb
 1398 0018 3E       		.uleb128 0x3e
 1399 0019 0B       		.uleb128 0xb
 1400 001a 03       		.uleb128 0x3
 1401 001b 0E       		.uleb128 0xe
 1402 001c 00       		.byte	0
 1403 001d 00       		.byte	0
 1404 001e 03       		.uleb128 0x3
 1405 001f 16       		.uleb128 0x16
 1406 0020 00       		.byte	0
 1407 0021 03       		.uleb128 0x3
 1408 0022 0E       		.uleb128 0xe
 1409 0023 3A       		.uleb128 0x3a
 1410 0024 0B       		.uleb128 0xb
ARM GAS  C:\Users\dulan\AppData\Local\Temp\ccAugHzz.s 			page 30


 1411 0025 3B       		.uleb128 0x3b
 1412 0026 0B       		.uleb128 0xb
 1413 0027 49       		.uleb128 0x49
 1414 0028 13       		.uleb128 0x13
 1415 0029 00       		.byte	0
 1416 002a 00       		.byte	0
 1417 002b 04       		.uleb128 0x4
 1418 002c 24       		.uleb128 0x24
 1419 002d 00       		.byte	0
 1420 002e 0B       		.uleb128 0xb
 1421 002f 0B       		.uleb128 0xb
 1422 0030 3E       		.uleb128 0x3e
 1423 0031 0B       		.uleb128 0xb
 1424 0032 03       		.uleb128 0x3
 1425 0033 08       		.uleb128 0x8
 1426 0034 00       		.byte	0
 1427 0035 00       		.byte	0
 1428 0036 05       		.uleb128 0x5
 1429 0037 16       		.uleb128 0x16
 1430 0038 00       		.byte	0
 1431 0039 03       		.uleb128 0x3
 1432 003a 0E       		.uleb128 0xe
 1433 003b 3A       		.uleb128 0x3a
 1434 003c 0B       		.uleb128 0xb
 1435 003d 3B       		.uleb128 0x3b
 1436 003e 05       		.uleb128 0x5
 1437 003f 49       		.uleb128 0x49
 1438 0040 13       		.uleb128 0x13
 1439 0041 00       		.byte	0
 1440 0042 00       		.byte	0
 1441 0043 06       		.uleb128 0x6
 1442 0044 04       		.uleb128 0x4
 1443 0045 01       		.byte	0x1
 1444 0046 0B       		.uleb128 0xb
 1445 0047 0B       		.uleb128 0xb
 1446 0048 49       		.uleb128 0x49
 1447 0049 13       		.uleb128 0x13
 1448 004a 3A       		.uleb128 0x3a
 1449 004b 0B       		.uleb128 0xb
 1450 004c 3B       		.uleb128 0x3b
 1451 004d 0B       		.uleb128 0xb
 1452 004e 01       		.uleb128 0x1
 1453 004f 13       		.uleb128 0x13
 1454 0050 00       		.byte	0
 1455 0051 00       		.byte	0
 1456 0052 07       		.uleb128 0x7
 1457 0053 28       		.uleb128 0x28
 1458 0054 00       		.byte	0
 1459 0055 03       		.uleb128 0x3
 1460 0056 0E       		.uleb128 0xe
 1461 0057 1C       		.uleb128 0x1c
 1462 0058 0B       		.uleb128 0xb
 1463 0059 00       		.byte	0
 1464 005a 00       		.byte	0
 1465 005b 08       		.uleb128 0x8
 1466 005c 2E       		.uleb128 0x2e
 1467 005d 01       		.byte	0x1
ARM GAS  C:\Users\dulan\AppData\Local\Temp\ccAugHzz.s 			page 31


 1468 005e 3F       		.uleb128 0x3f
 1469 005f 19       		.uleb128 0x19
 1470 0060 03       		.uleb128 0x3
 1471 0061 0E       		.uleb128 0xe
 1472 0062 3A       		.uleb128 0x3a
 1473 0063 0B       		.uleb128 0xb
 1474 0064 3B       		.uleb128 0x3b
 1475 0065 0B       		.uleb128 0xb
 1476 0066 27       		.uleb128 0x27
 1477 0067 19       		.uleb128 0x19
 1478 0068 11       		.uleb128 0x11
 1479 0069 01       		.uleb128 0x1
 1480 006a 12       		.uleb128 0x12
 1481 006b 06       		.uleb128 0x6
 1482 006c 40       		.uleb128 0x40
 1483 006d 18       		.uleb128 0x18
 1484 006e 9742     		.uleb128 0x2117
 1485 0070 19       		.uleb128 0x19
 1486 0071 01       		.uleb128 0x1
 1487 0072 13       		.uleb128 0x13
 1488 0073 00       		.byte	0
 1489 0074 00       		.byte	0
 1490 0075 09       		.uleb128 0x9
 1491 0076 898201   		.uleb128 0x4109
 1492 0079 00       		.byte	0
 1493 007a 11       		.uleb128 0x11
 1494 007b 01       		.uleb128 0x1
 1495 007c 31       		.uleb128 0x31
 1496 007d 13       		.uleb128 0x13
 1497 007e 00       		.byte	0
 1498 007f 00       		.byte	0
 1499 0080 0A       		.uleb128 0xa
 1500 0081 2E       		.uleb128 0x2e
 1501 0082 01       		.byte	0x1
 1502 0083 3F       		.uleb128 0x3f
 1503 0084 19       		.uleb128 0x19
 1504 0085 03       		.uleb128 0x3
 1505 0086 0E       		.uleb128 0xe
 1506 0087 3A       		.uleb128 0x3a
 1507 0088 0B       		.uleb128 0xb
 1508 0089 3B       		.uleb128 0x3b
 1509 008a 0B       		.uleb128 0xb
 1510 008b 11       		.uleb128 0x11
 1511 008c 01       		.uleb128 0x1
 1512 008d 12       		.uleb128 0x12
 1513 008e 06       		.uleb128 0x6
 1514 008f 40       		.uleb128 0x40
 1515 0090 18       		.uleb128 0x18
 1516 0091 9742     		.uleb128 0x2117
 1517 0093 19       		.uleb128 0x19
 1518 0094 01       		.uleb128 0x1
 1519 0095 13       		.uleb128 0x13
 1520 0096 00       		.byte	0
 1521 0097 00       		.byte	0
 1522 0098 0B       		.uleb128 0xb
 1523 0099 898201   		.uleb128 0x4109
 1524 009c 01       		.byte	0x1
ARM GAS  C:\Users\dulan\AppData\Local\Temp\ccAugHzz.s 			page 32


 1525 009d 11       		.uleb128 0x11
 1526 009e 01       		.uleb128 0x1
 1527 009f 31       		.uleb128 0x31
 1528 00a0 13       		.uleb128 0x13
 1529 00a1 01       		.uleb128 0x1
 1530 00a2 13       		.uleb128 0x13
 1531 00a3 00       		.byte	0
 1532 00a4 00       		.byte	0
 1533 00a5 0C       		.uleb128 0xc
 1534 00a6 8A8201   		.uleb128 0x410a
 1535 00a9 00       		.byte	0
 1536 00aa 02       		.uleb128 0x2
 1537 00ab 18       		.uleb128 0x18
 1538 00ac 9142     		.uleb128 0x2111
 1539 00ae 18       		.uleb128 0x18
 1540 00af 00       		.byte	0
 1541 00b0 00       		.byte	0
 1542 00b1 0D       		.uleb128 0xd
 1543 00b2 898201   		.uleb128 0x4109
 1544 00b5 01       		.byte	0x1
 1545 00b6 11       		.uleb128 0x11
 1546 00b7 01       		.uleb128 0x1
 1547 00b8 31       		.uleb128 0x31
 1548 00b9 13       		.uleb128 0x13
 1549 00ba 00       		.byte	0
 1550 00bb 00       		.byte	0
 1551 00bc 0E       		.uleb128 0xe
 1552 00bd 2E       		.uleb128 0x2e
 1553 00be 01       		.byte	0x1
 1554 00bf 3F       		.uleb128 0x3f
 1555 00c0 19       		.uleb128 0x19
 1556 00c1 03       		.uleb128 0x3
 1557 00c2 0E       		.uleb128 0xe
 1558 00c3 3A       		.uleb128 0x3a
 1559 00c4 0B       		.uleb128 0xb
 1560 00c5 3B       		.uleb128 0x3b
 1561 00c6 0B       		.uleb128 0xb
 1562 00c7 27       		.uleb128 0x27
 1563 00c8 19       		.uleb128 0x19
 1564 00c9 49       		.uleb128 0x49
 1565 00ca 13       		.uleb128 0x13
 1566 00cb 8701     		.uleb128 0x87
 1567 00cd 19       		.uleb128 0x19
 1568 00ce 11       		.uleb128 0x11
 1569 00cf 01       		.uleb128 0x1
 1570 00d0 12       		.uleb128 0x12
 1571 00d1 06       		.uleb128 0x6
 1572 00d2 40       		.uleb128 0x40
 1573 00d3 18       		.uleb128 0x18
 1574 00d4 9742     		.uleb128 0x2117
 1575 00d6 19       		.uleb128 0x19
 1576 00d7 01       		.uleb128 0x1
 1577 00d8 13       		.uleb128 0x13
 1578 00d9 00       		.byte	0
 1579 00da 00       		.byte	0
 1580 00db 0F       		.uleb128 0xf
 1581 00dc 34       		.uleb128 0x34
ARM GAS  C:\Users\dulan\AppData\Local\Temp\ccAugHzz.s 			page 33


 1582 00dd 00       		.byte	0
 1583 00de 03       		.uleb128 0x3
 1584 00df 0E       		.uleb128 0xe
 1585 00e0 3A       		.uleb128 0x3a
 1586 00e1 0B       		.uleb128 0xb
 1587 00e2 3B       		.uleb128 0x3b
 1588 00e3 05       		.uleb128 0x5
 1589 00e4 49       		.uleb128 0x49
 1590 00e5 13       		.uleb128 0x13
 1591 00e6 3F       		.uleb128 0x3f
 1592 00e7 19       		.uleb128 0x19
 1593 00e8 3C       		.uleb128 0x3c
 1594 00e9 19       		.uleb128 0x19
 1595 00ea 00       		.byte	0
 1596 00eb 00       		.byte	0
 1597 00ec 10       		.uleb128 0x10
 1598 00ed 35       		.uleb128 0x35
 1599 00ee 00       		.byte	0
 1600 00ef 49       		.uleb128 0x49
 1601 00f0 13       		.uleb128 0x13
 1602 00f1 00       		.byte	0
 1603 00f2 00       		.byte	0
 1604 00f3 11       		.uleb128 0x11
 1605 00f4 34       		.uleb128 0x34
 1606 00f5 00       		.byte	0
 1607 00f6 03       		.uleb128 0x3
 1608 00f7 0E       		.uleb128 0xe
 1609 00f8 3A       		.uleb128 0x3a
 1610 00f9 0B       		.uleb128 0xb
 1611 00fa 3B       		.uleb128 0x3b
 1612 00fb 0B       		.uleb128 0xb
 1613 00fc 49       		.uleb128 0x49
 1614 00fd 13       		.uleb128 0x13
 1615 00fe 3F       		.uleb128 0x3f
 1616 00ff 19       		.uleb128 0x19
 1617 0100 02       		.uleb128 0x2
 1618 0101 18       		.uleb128 0x18
 1619 0102 00       		.byte	0
 1620 0103 00       		.byte	0
 1621 0104 12       		.uleb128 0x12
 1622 0105 34       		.uleb128 0x34
 1623 0106 00       		.byte	0
 1624 0107 03       		.uleb128 0x3
 1625 0108 08       		.uleb128 0x8
 1626 0109 3A       		.uleb128 0x3a
 1627 010a 0B       		.uleb128 0xb
 1628 010b 3B       		.uleb128 0x3b
 1629 010c 0B       		.uleb128 0xb
 1630 010d 49       		.uleb128 0x49
 1631 010e 13       		.uleb128 0x13
 1632 010f 3F       		.uleb128 0x3f
 1633 0110 19       		.uleb128 0x19
 1634 0111 02       		.uleb128 0x2
 1635 0112 18       		.uleb128 0x18
 1636 0113 00       		.byte	0
 1637 0114 00       		.byte	0
 1638 0115 13       		.uleb128 0x13
ARM GAS  C:\Users\dulan\AppData\Local\Temp\ccAugHzz.s 			page 34


 1639 0116 2E       		.uleb128 0x2e
 1640 0117 00       		.byte	0
 1641 0118 3F       		.uleb128 0x3f
 1642 0119 19       		.uleb128 0x19
 1643 011a 3C       		.uleb128 0x3c
 1644 011b 19       		.uleb128 0x19
 1645 011c 6E       		.uleb128 0x6e
 1646 011d 0E       		.uleb128 0xe
 1647 011e 03       		.uleb128 0x3
 1648 011f 0E       		.uleb128 0xe
 1649 0120 3A       		.uleb128 0x3a
 1650 0121 0B       		.uleb128 0xb
 1651 0122 3B       		.uleb128 0x3b
 1652 0123 0B       		.uleb128 0xb
 1653 0124 00       		.byte	0
 1654 0125 00       		.byte	0
 1655 0126 00       		.byte	0
 1656              		.section	.debug_aranges,"",%progbits
 1657 0000 44000000 		.4byte	0x44
 1658 0004 0200     		.2byte	0x2
 1659 0006 00000000 		.4byte	.Ldebug_info0
 1660 000a 04       		.byte	0x4
 1661 000b 00       		.byte	0
 1662 000c 0000     		.2byte	0
 1663 000e 0000     		.2byte	0
 1664 0010 00000000 		.4byte	.LFB64
 1665 0014 74000000 		.4byte	.LFE64-.LFB64
 1666 0018 00000000 		.4byte	.LFB65
 1667 001c 10000000 		.4byte	.LFE65-.LFB65
 1668 0020 00000000 		.4byte	.LFB66
 1669 0024 30000000 		.4byte	.LFE66-.LFB66
 1670 0028 00000000 		.4byte	.LFB67
 1671 002c 30000000 		.4byte	.LFE67-.LFB67
 1672 0030 00000000 		.4byte	.LFB68
 1673 0034 50000000 		.4byte	.LFE68-.LFB68
 1674 0038 00000000 		.4byte	.LFB69
 1675 003c C4000000 		.4byte	.LFE69-.LFB69
 1676 0040 00000000 		.4byte	0
 1677 0044 00000000 		.4byte	0
 1678              		.section	.debug_ranges,"",%progbits
 1679              	.Ldebug_ranges0:
 1680 0000 00000000 		.4byte	.LFB64
 1681 0004 74000000 		.4byte	.LFE64
 1682 0008 00000000 		.4byte	.LFB65
 1683 000c 10000000 		.4byte	.LFE65
 1684 0010 00000000 		.4byte	.LFB66
 1685 0014 30000000 		.4byte	.LFE66
 1686 0018 00000000 		.4byte	.LFB67
 1687 001c 30000000 		.4byte	.LFE67
 1688 0020 00000000 		.4byte	.LFB68
 1689 0024 50000000 		.4byte	.LFE68
 1690 0028 00000000 		.4byte	.LFB69
 1691 002c C4000000 		.4byte	.LFE69
 1692 0030 00000000 		.4byte	0
 1693 0034 00000000 		.4byte	0
 1694              		.section	.debug_line,"",%progbits
 1695              	.Ldebug_line0:
ARM GAS  C:\Users\dulan\AppData\Local\Temp\ccAugHzz.s 			page 35


 1696 0000 D9020000 		.section	.debug_str,"MS",%progbits,1
 1696      02000B02 
 1696      00000201 
 1696      FB0E0D00 
 1696      01010101 
 1697              	.LASF38:
 1698 0000 74617267 		.ascii	"target_diatance\000"
 1698      65745F64 
 1698      69617461 
 1698      6E636500 
 1699              	.LASF20:
 1700 0010 474F5F53 		.ascii	"GO_STRAIGHT\000"
 1700      54524149 
 1700      47485400 
 1701              	.LASF41:
 1702 001c 656E636F 		.ascii	"encoder_value_sum_M1\000"
 1702      6465725F 
 1702      76616C75 
 1702      655F7375 
 1702      6D5F4D31 
 1703              	.LASF42:
 1704 0031 656E636F 		.ascii	"encoder_value_sum_M2\000"
 1704      6465725F 
 1704      76616C75 
 1704      655F7375 
 1704      6D5F4D32 
 1705              	.LASF72:
 1706 0046 50574D5F 		.ascii	"PWM_1_Start\000"
 1706      315F5374 
 1706      61727400 
 1707              	.LASF17:
 1708 0052 666C6F61 		.ascii	"float32\000"
 1708      74333200 
 1709              	.LASF44:
 1710 005a 63757272 		.ascii	"current_state\000"
 1710      656E745F 
 1710      73746174 
 1710      6500
 1711              	.LASF49:
 1712 0068 636F6D70 		.ascii	"comp1_sum\000"
 1712      315F7375 
 1712      6D00
 1713              	.LASF10:
 1714 0072 73697A65 		.ascii	"sizetype\000"
 1714      74797065 
 1714      00
 1715              	.LASF86:
 1716 007b 6D61696E 		.ascii	"main\000"
 1716      00
 1717              	.LASF32:
 1718 0080 77686565 		.ascii	"wheelCircumference_cm\000"
 1718      6C436972 
 1718      63756D66 
 1718      6572656E 
 1718      63655F63 
 1719              	.LASF70:
 1720 0096 436F6D70 		.ascii	"Comp_3_Start\000"
ARM GAS  C:\Users\dulan\AppData\Local\Temp\ccAugHzz.s 			page 36


 1720      5F335F53 
 1720      74617274 
 1720      00
 1721              	.LASF71:
 1722 00a3 436C6F63 		.ascii	"Clock_PWM_Start\000"
 1722      6B5F5057 
 1722      4D5F5374 
 1722      61727400 
 1723              	.LASF2:
 1724 00b3 73686F72 		.ascii	"short int\000"
 1724      7420696E 
 1724      7400
 1725              	.LASF24:
 1726 00bd 526F626F 		.ascii	"RobotState\000"
 1726      74537461 
 1726      746500
 1727              	.LASF50:
 1728 00c8 636F6D70 		.ascii	"comp2_sum\000"
 1728      325F7375 
 1728      6D00
 1729              	.LASF56:
 1730 00d2 54696D65 		.ascii	"Timer_1_ReadStatusRegister\000"
 1730      725F315F 
 1730      52656164 
 1730      53746174 
 1730      75735265 
 1731              	.LASF31:
 1732 00ed 656E636F 		.ascii	"encoderCounts_M2\000"
 1732      64657243 
 1732      6F756E74 
 1732      735F4D32 
 1732      00
 1733              	.LASF14:
 1734 00fe 75696E74 		.ascii	"uint8\000"
 1734      3800
 1735              	.LASF39:
 1736 0104 73706565 		.ascii	"speed_M1\000"
 1736      645F4D31 
 1736      00
 1737              	.LASF28:
 1738 010d 676F5374 		.ascii	"goStraight\000"
 1738      72616967 
 1738      687400
 1739              	.LASF60:
 1740 0118 51756164 		.ascii	"QuadDec_M1_GetCounter\000"
 1740      4465635F 
 1740      4D315F47 
 1740      6574436F 
 1740      756E7465 
 1741              	.LASF64:
 1742 012e 50574D5F 		.ascii	"PWM_1_ReadCompare\000"
 1742      315F5265 
 1742      6164436F 
 1742      6D706172 
 1742      6500
 1743              	.LASF58:
 1744 0140 50574D5F 		.ascii	"PWM_2_WriteCompare\000"
ARM GAS  C:\Users\dulan\AppData\Local\Temp\ccAugHzz.s 			page 37


 1744      325F5772 
 1744      69746543 
 1744      6F6D7061 
 1744      726500
 1745              	.LASF18:
 1746 0153 666C6F61 		.ascii	"float\000"
 1746      7400
 1747              	.LASF77:
 1748 0159 51756164 		.ascii	"QuadDec_M2_Start\000"
 1748      4465635F 
 1748      4D325F53 
 1748      74617274 
 1748      00
 1749              	.LASF6:
 1750 016a 6C6F6E67 		.ascii	"long long int\000"
 1750      206C6F6E 
 1750      6720696E 
 1750      7400
 1751              	.LASF63:
 1752 0178 50574D5F 		.ascii	"PWM_2_ReadCompare\000"
 1752      325F5265 
 1752      6164436F 
 1752      6D706172 
 1752      6500
 1753              	.LASF21:
 1754 018a 5455524E 		.ascii	"TURN_LEFT\000"
 1754      5F4C4546 
 1754      5400
 1755              	.LASF11:
 1756 0194 63686172 		.ascii	"char\000"
 1756      00
 1757              	.LASF4:
 1758 0199 6C6F6E67 		.ascii	"long int\000"
 1758      20696E74 
 1758      00
 1759              	.LASF22:
 1760 01a2 5455524E 		.ascii	"TURN_RIGHT\000"
 1760      5F524947 
 1760      485400
 1761              	.LASF30:
 1762 01ad 656E636F 		.ascii	"encoderCounts_M1\000"
 1762      64657243 
 1762      6F756E74 
 1762      735F4D31 
 1762      00
 1763              	.LASF66:
 1764 01be 6973725F 		.ascii	"isr_1_StartEx\000"
 1764      315F5374 
 1764      61727445 
 1764      7800
 1765              	.LASF75:
 1766 01cc 50574D5F 		.ascii	"PWM_2_WritePeriod\000"
 1766      325F5772 
 1766      69746550 
 1766      6572696F 
 1766      6400
 1767              	.LASF57:
ARM GAS  C:\Users\dulan\AppData\Local\Temp\ccAugHzz.s 			page 38


 1768 01de 50574D5F 		.ascii	"PWM_1_WriteCompare\000"
 1768      315F5772 
 1768      69746543 
 1768      6F6D7061 
 1768      726500
 1769              	.LASF34:
 1770 01f1 64697374 		.ascii	"distance_M1\000"
 1770      616E6365 
 1770      5F4D3100 
 1771              	.LASF9:
 1772 01fd 6C6F6E67 		.ascii	"long double\000"
 1772      20646F75 
 1772      626C6500 
 1773              	.LASF1:
 1774 0209 756E7369 		.ascii	"unsigned char\000"
 1774      676E6564 
 1774      20636861 
 1774      7200
 1775              	.LASF43:
 1776 0217 636F756E 		.ascii	"counter\000"
 1776      74657200 
 1777              	.LASF48:
 1778 021f 636F6D70 		.ascii	"comp0_sum\000"
 1778      305F7375 
 1778      6D00
 1779              	.LASF26:
 1780 0229 7475726E 		.ascii	"turnLeft\000"
 1780      4C656674 
 1780      00
 1781              	.LASF0:
 1782 0232 7369676E 		.ascii	"signed char\000"
 1782      65642063 
 1782      68617200 
 1783              	.LASF7:
 1784 023e 6C6F6E67 		.ascii	"long long unsigned int\000"
 1784      206C6F6E 
 1784      6720756E 
 1784      7369676E 
 1784      65642069 
 1785              	.LASF8:
 1786 0255 756E7369 		.ascii	"unsigned int\000"
 1786      676E6564 
 1786      20696E74 
 1786      00
 1787              	.LASF67:
 1788 0262 436F6D70 		.ascii	"Comp_0_Start\000"
 1788      5F305F53 
 1788      74617274 
 1788      00
 1789              	.LASF51:
 1790 026f 636F6D70 		.ascii	"comp3_sum\000"
 1790      335F7375 
 1790      6D00
 1791              	.LASF85:
 1792 0279 6973725F 		.ascii	"isr_1_handler\000"
 1792      315F6861 
 1792      6E646C65 
ARM GAS  C:\Users\dulan\AppData\Local\Temp\ccAugHzz.s 			page 39


 1792      7200
 1793              	.LASF73:
 1794 0287 50574D5F 		.ascii	"PWM_2_Start\000"
 1794      325F5374 
 1794      61727400 
 1795              	.LASF3:
 1796 0293 73686F72 		.ascii	"short unsigned int\000"
 1796      7420756E 
 1796      7369676E 
 1796      65642069 
 1796      6E7400
 1797              	.LASF59:
 1798 02a6 51756164 		.ascii	"QuadDec_M1_SetCounter\000"
 1798      4465635F 
 1798      4D315F53 
 1798      6574436F 
 1798      756E7465 
 1799              	.LASF36:
 1800 02bc 63757272 		.ascii	"current_distance_M1\000"
 1800      656E745F 
 1800      64697374 
 1800      616E6365 
 1800      5F4D3100 
 1801              	.LASF37:
 1802 02d0 63757272 		.ascii	"current_distance_M2\000"
 1802      656E745F 
 1802      64697374 
 1802      616E6365 
 1802      5F4D3200 
 1803              	.LASF25:
 1804 02e4 73746F70 		.ascii	"stop\000"
 1804      00
 1805              	.LASF69:
 1806 02e9 436F6D70 		.ascii	"Comp_2_Start\000"
 1806      5F325F53 
 1806      74617274 
 1806      00
 1807              	.LASF61:
 1808 02f6 51756164 		.ascii	"QuadDec_M2_SetCounter\000"
 1808      4465635F 
 1808      4D325F53 
 1808      6574436F 
 1808      756E7465 
 1809              	.LASF13:
 1810 030c 696E7433 		.ascii	"int32_t\000"
 1810      325F7400 
 1811              	.LASF33:
 1812 0314 74696D65 		.ascii	"timeInterval_s\000"
 1812      496E7465 
 1812      7276616C 
 1812      5F7300
 1813              	.LASF47:
 1814 0323 5F426F6F 		.ascii	"_Bool\000"
 1814      6C00
 1815              	.LASF35:
 1816 0329 64697374 		.ascii	"distance_M2\000"
 1816      616E6365 
ARM GAS  C:\Users\dulan\AppData\Local\Temp\ccAugHzz.s 			page 40


 1816      5F4D3200 
 1817              	.LASF65:
 1818 0335 54696D65 		.ascii	"Timer_1_Start\000"
 1818      725F315F 
 1818      53746172 
 1818      7400
 1819              	.LASF84:
 1820 0343 433A5C55 		.ascii	"C:\\Users\\dulan\\OneDrive\\Desktop\\ENGGEN\\2023_s"
 1820      73657273 
 1820      5C64756C 
 1820      616E5C4F 
 1820      6E654472 
 1821 0370 656D325C 		.ascii	"em2\\301\\COMPSYS301\\Dulanya\\CS301_15.cydsn\\Addi"
 1821      3330315C 
 1821      434F4D50 
 1821      53595333 
 1821      30315C44 
 1822 039e 74696F6E 		.ascii	"tional_HD.cydsn\000"
 1822      616C5F48 
 1822      442E6379 
 1822      64736E00 
 1823              	.LASF62:
 1824 03ae 51756164 		.ascii	"QuadDec_M2_GetCounter\000"
 1824      4465635F 
 1824      4D325F47 
 1824      6574436F 
 1824      756E7465 
 1825              	.LASF74:
 1826 03c4 50574D5F 		.ascii	"PWM_1_WritePeriod\000"
 1826      315F5772 
 1826      69746550 
 1826      6572696F 
 1826      6400
 1827              	.LASF15:
 1828 03d6 75696E74 		.ascii	"uint32\000"
 1828      333200
 1829              	.LASF83:
 1830 03dd 6D61696E 		.ascii	"main.c\000"
 1830      2E6300
 1831              	.LASF5:
 1832 03e4 6C6F6E67 		.ascii	"long unsigned int\000"
 1832      20756E73 
 1832      69676E65 
 1832      6420696E 
 1832      7400
 1833              	.LASF16:
 1834 03f6 696E7433 		.ascii	"int32\000"
 1834      3200
 1835              	.LASF19:
 1836 03fc 646F7562 		.ascii	"double\000"
 1836      6C6500
 1837              	.LASF76:
 1838 0403 51756164 		.ascii	"QuadDec_M1_Start\000"
 1838      4465635F 
 1838      4D315F53 
 1838      74617274 
 1838      00
ARM GAS  C:\Users\dulan\AppData\Local\Temp\ccAugHzz.s 			page 41


 1839              	.LASF29:
 1840 0414 49544D5F 		.ascii	"ITM_RxBuffer\000"
 1840      52784275 
 1840      66666572 
 1840      00
 1841              	.LASF78:
 1842 0421 536F7574 		.ascii	"Sout_M1_Read\000"
 1842      5F4D315F 
 1842      52656164 
 1842      00
 1843              	.LASF46:
 1844 042e 69735475 		.ascii	"isTurning\000"
 1844      726E696E 
 1844      6700
 1845              	.LASF45:
 1846 0438 636F756E 		.ascii	"count\000"
 1846      7400
 1847              	.LASF79:
 1848 043e 536F7574 		.ascii	"Sout_M2_Read\000"
 1848      5F4D325F 
 1848      52656164 
 1848      00
 1849              	.LASF12:
 1850 044b 5F5F696E 		.ascii	"__int32_t\000"
 1850      7433325F 
 1850      7400
 1851              	.LASF52:
 1852 0455 436F6D70 		.ascii	"Comp_0_GetCompare\000"
 1852      5F305F47 
 1852      6574436F 
 1852      6D706172 
 1852      6500
 1853              	.LASF23:
 1854 0467 53544F50 		.ascii	"STOP\000"
 1854      00
 1855              	.LASF40:
 1856 046c 73706565 		.ascii	"speed_M2\000"
 1856      645F4D32 
 1856      00
 1857              	.LASF53:
 1858 0475 436F6D70 		.ascii	"Comp_1_GetCompare\000"
 1858      5F315F47 
 1858      6574436F 
 1858      6D706172 
 1858      6500
 1859              	.LASF54:
 1860 0487 436F6D70 		.ascii	"Comp_2_GetCompare\000"
 1860      5F325F47 
 1860      6574436F 
 1860      6D706172 
 1860      6500
 1861              	.LASF82:
 1862 0499 474E5520 		.ascii	"GNU C11 5.4.1 20160609 (release) [ARM/embedded-5-br"
 1862      43313120 
 1862      352E342E 
 1862      31203230 
 1862      31363036 
ARM GAS  C:\Users\dulan\AppData\Local\Temp\ccAugHzz.s 			page 42


 1863 04cc 616E6368 		.ascii	"anch revision 237715] -mcpu=cortex-m3 -mthumb -g -O"
 1863      20726576 
 1863      6973696F 
 1863      6E203233 
 1863      37373135 
 1864 04ff 67202D66 		.ascii	"g -ffunction-sections -ffat-lto-objects\000"
 1864      66756E63 
 1864      74696F6E 
 1864      2D736563 
 1864      74696F6E 
 1865              	.LASF81:
 1866 0527 536F7574 		.ascii	"Sout_R_Read\000"
 1866      5F525F52 
 1866      65616400 
 1867              	.LASF55:
 1868 0533 436F6D70 		.ascii	"Comp_3_GetCompare\000"
 1868      5F335F47 
 1868      6574436F 
 1868      6D706172 
 1868      6500
 1869              	.LASF80:
 1870 0545 536F7574 		.ascii	"Sout_L_Read\000"
 1870      5F4C5F52 
 1870      65616400 
 1871              	.LASF27:
 1872 0551 7475726E 		.ascii	"turnRight\000"
 1872      52696768 
 1872      7400
 1873              	.LASF68:
 1874 055b 436F6D70 		.ascii	"Comp_1_Start\000"
 1874      5F315F53 
 1874      74617274 
 1874      00
 1875              		.ident	"GCC: (GNU Tools for ARM Embedded Processors) 5.4.1 20160609 (release) [ARM/embedded-5-bran
