ARM GAS  C:\Users\ukul426\AppData\Local\Temp\cc9Y8aGj.s 			page 1


   1              		.syntax unified
   2              		.cpu cortex-m3
   3              		.fpu softvfp
   4              		.eabi_attribute 20, 1
   5              		.eabi_attribute 21, 1
   6              		.eabi_attribute 23, 3
   7              		.eabi_attribute 24, 1
   8              		.eabi_attribute 25, 1
   9              		.eabi_attribute 26, 1
  10              		.eabi_attribute 30, 1
  11              		.eabi_attribute 34, 1
  12              		.eabi_attribute 18, 4
  13              		.thumb
  14              		.syntax unified
  15              		.file	"cymetadata.c"
  16              		.text
  17              	.Ltext0:
  18              		.cfi_sections	.debug_frame
  19              		.global	cy_metadata
  20              		.global	cy_meta_flashprotect
  21              		.global	cy_meta_wonvl
  22              		.global	cy_meta_custnvl
  23              		.global	cy_meta_configecc
  24              		.section	.cyconfigecc,"a",%progbits
  25              		.align	2
  26              		.type	cy_meta_configecc, %object
  27              		.size	cy_meta_configecc, 220
  28              	cy_meta_configecc:
  29 0000 01       		.byte	1
  30 0001 45       		.byte	69
  31 0002 00       		.byte	0
  32 0003 40       		.byte	64
  33 0004 01       		.byte	1
  34 0005 52       		.byte	82
  35 0006 00       		.byte	0
  36 0007 40       		.byte	64
  37 0008 01       		.byte	1
  38 0009 01       		.byte	1
  39 000a 01       		.byte	1
  40 000b 40       		.byte	64
  41 000c 01       		.byte	1
  42 000d 03       		.byte	3
  43 000e 01       		.byte	1
  44 000f 40       		.byte	64
  45 0010 01       		.byte	1
  46 0011 0D       		.byte	13
  47 0012 01       		.byte	1
  48 0013 40       		.byte	64
  49 0014 01       		.byte	1
  50 0015 0F       		.byte	15
  51 0016 01       		.byte	1
  52 0017 40       		.byte	64
  53 0018 01       		.byte	1
  54 0019 15       		.byte	21
  55 001a 01       		.byte	1
  56 001b 40       		.byte	64
  57 001c 01       		.byte	1
ARM GAS  C:\Users\ukul426\AppData\Local\Temp\cc9Y8aGj.s 			page 2


  58 001d 17       		.byte	23
  59 001e 01       		.byte	1
  60 001f 40       		.byte	64
  61 0020 01       		.byte	1
  62 0021 19       		.byte	25
  63 0022 01       		.byte	1
  64 0023 40       		.byte	64
  65 0024 01       		.byte	1
  66 0025 1B       		.byte	27
  67 0026 01       		.byte	1
  68 0027 40       		.byte	64
  69 0028 07       		.byte	7
  70 0029 40       		.byte	64
  71 002a 01       		.byte	1
  72 002b 40       		.byte	64
  73 002c 05       		.byte	5
  74 002d 41       		.byte	65
  75 002e 01       		.byte	1
  76 002f 40       		.byte	64
  77 0030 02       		.byte	2
  78 0031 42       		.byte	66
  79 0032 01       		.byte	1
  80 0033 40       		.byte	64
  81 0034 02       		.byte	2
  82 0035 43       		.byte	67
  83 0036 01       		.byte	1
  84 0037 40       		.byte	64
  85 0038 01       		.byte	1
  86 0039 44       		.byte	68
  87 003a 01       		.byte	1
  88 003b 40       		.byte	64
  89 003c 02       		.byte	2
  90 003d 45       		.byte	69
  91 003e 01       		.byte	1
  92 003f 40       		.byte	64
  93 0040 02       		.byte	2
  94 0041 46       		.byte	70
  95 0042 01       		.byte	1
  96 0043 40       		.byte	64
  97 0044 06       		.byte	6
  98 0045 47       		.byte	71
  99 0046 01       		.byte	1
 100 0047 40       		.byte	64
 101 0048 03       		.byte	3
 102 0049 48       		.byte	72
 103 004a 01       		.byte	1
 104 004b 40       		.byte	64
 105 004c 02       		.byte	2
 106 004d 49       		.byte	73
 107 004e 01       		.byte	1
 108 004f 40       		.byte	64
 109 0050 03       		.byte	3
 110 0051 4C       		.byte	76
 111 0052 01       		.byte	1
 112 0053 40       		.byte	64
 113 0054 01       		.byte	1
 114 0055 4D       		.byte	77
ARM GAS  C:\Users\ukul426\AppData\Local\Temp\cc9Y8aGj.s 			page 3


 115 0056 01       		.byte	1
 116 0057 40       		.byte	64
 117 0058 01       		.byte	1
 118 0059 51       		.byte	81
 119 005a 01       		.byte	1
 120 005b 40       		.byte	64
 121 005c 7E       		.byte	126
 122 005d 02       		.byte	2
 123 005e 7C       		.byte	124
 124 005f 40       		.byte	64
 125 0060 E2       		.byte	-30
 126 0061 04       		.byte	4
 127 0062 E6       		.byte	-26
 128 0063 02       		.byte	2
 129 0064 E6       		.byte	-26
 130 0065 02       		.byte	2
 131 0066 E2       		.byte	-30
 132 0067 04       		.byte	4
 133 0068 EE       		.byte	-18
 134 0069 08       		.byte	8
 135 006a EE       		.byte	-18
 136 006b 02       		.byte	2
 137 006c EE       		.byte	-18
 138 006d 02       		.byte	2
 139 006e EE       		.byte	-18
 140 006f 08       		.byte	8
 141 0070 30       		.byte	48
 142 0071 02       		.byte	2
 143 0072 33       		.byte	51
 144 0073 20       		.byte	32
 145 0074 34       		.byte	52
 146 0075 02       		.byte	2
 147 0076 36       		.byte	54
 148 0077 40       		.byte	64
 149 0078 80       		.byte	-128
 150 0079 02       		.byte	2
 151 007a CC       		.byte	-52
 152 007b F0       		.byte	-16
 153 007c E2       		.byte	-30
 154 007d 20       		.byte	32
 155 007e 84       		.byte	-124
 156 007f 02       		.byte	2
 157 0080 9C       		.byte	-100
 158 0081 02       		.byte	2
 159 0082 A6       		.byte	-90
 160 0083 40       		.byte	64
 161 0084 A7       		.byte	-89
 162 0085 20       		.byte	32
 163 0086 E6       		.byte	-26
 164 0087 40       		.byte	64
 165 0088 A6       		.byte	-90
 166 0089 40       		.byte	64
 167 008a A7       		.byte	-89
 168 008b 20       		.byte	32
 169 008c A6       		.byte	-90
 170 008d 40       		.byte	64
 171 008e A7       		.byte	-89
ARM GAS  C:\Users\ukul426\AppData\Local\Temp\cc9Y8aGj.s 			page 4


 172 008f 20       		.byte	32
 173 0090 82       		.byte	-126
 174 0091 40       		.byte	64
 175 0092 84       		.byte	-124
 176 0093 80       		.byte	-128
 177 0094 96       		.byte	-106
 178 0095 40       		.byte	64
 179 0096 96       		.byte	-106
 180 0097 40       		.byte	64
 181 0098 9C       		.byte	-100
 182 0099 80       		.byte	-128
 183 009a 08       		.byte	8
 184 009b 80       		.byte	-128
 185 009c 0B       		.byte	11
 186 009d 40       		.byte	64
 187 009e 0E       		.byte	14
 188 009f 40       		.byte	64
 189 00a0 96       		.byte	-106
 190 00a1 40       		.byte	64
 191 00a2 9C       		.byte	-100
 192 00a3 80       		.byte	-128
 193 00a4 C2       		.byte	-62
 194 00a5 0E       		.byte	14
 195 00a6 A7       		.byte	-89
 196 00a7 20       		.byte	32
 197 00a8 AE       		.byte	-82
 198 00a9 40       		.byte	64
 199 00aa EE       		.byte	-18
 200 00ab 40       		.byte	64
 201 00ac AF       		.byte	-81
 202 00ad 20       		.byte	32
 203 00ae EE       		.byte	-18
 204 00af 10       		.byte	16
 205 00b0 1F       		.byte	31
 206 00b1 80       		.byte	-128
 207 00b2 AF       		.byte	-81
 208 00b3 40       		.byte	64
 209 00b4 C6       		.byte	-58
 210 00b5 01       		.byte	1
 211 00b6 AF       		.byte	-81
 212 00b7 80       		.byte	-128
 213 00b8 00       		.byte	0
 214 00b9 AB       		.byte	-85
 215 00ba 00       		.byte	0
 216 00bb 00       		.byte	0
 217 00bc 00       		.byte	0
 218 00bd 00       		.byte	0
 219 00be 00       		.byte	0
 220 00bf 00       		.byte	0
 221 00c0 00       		.byte	0
 222 00c1 00       		.byte	0
 223 00c2 04       		.byte	4
 224 00c3 00       		.byte	0
 225 00c4 40       		.byte	64
 226 00c5 00       		.byte	0
 227 00c6 00       		.byte	0
 228 00c7 00       		.byte	0
ARM GAS  C:\Users\ukul426\AppData\Local\Temp\cc9Y8aGj.s 			page 5


 229 00c8 00       		.byte	0
 230 00c9 00       		.byte	0
 231 00ca 00       		.byte	0
 232 00cb 00       		.byte	0
 233 00cc C0       		.byte	-64
 234 00cd 00       		.byte	0
 235 00ce 00       		.byte	0
 236 00cf 00       		.byte	0
 237 00d0 00       		.byte	0
 238 00d1 0B       		.byte	11
 239 00d2 0B       		.byte	11
 240 00d3 00       		.byte	0
 241 00d4 00       		.byte	0
 242 00d5 00       		.byte	0
 243 00d6 00       		.byte	0
 244 00d7 00       		.byte	0
 245 00d8 03       		.byte	3
 246 00d9 00       		.byte	0
 247 00da 18       		.byte	24
 248 00db 01       		.byte	1
 249              		.section	.cywolatch,"a",%progbits
 250              		.align	2
 251              		.type	cy_meta_wonvl, %object
 252              		.size	cy_meta_wonvl, 4
 253              	cy_meta_wonvl:
 254 0000 BC       		.byte	-68
 255 0001 90       		.byte	-112
 256 0002 AC       		.byte	-84
 257 0003 AF       		.byte	-81
 258              		.section	.cycustnvl,"a",%progbits
 259              		.align	2
 260              		.type	cy_meta_custnvl, %object
 261              		.size	cy_meta_custnvl, 4
 262              	cy_meta_custnvl:
 263 0000 00       		.byte	0
 264 0001 00       		.byte	0
 265 0002 40       		.byte	64
 266 0003 05       		.byte	5
 267              		.section	.cymeta,"a",%progbits
 268              		.align	2
 269              		.type	cy_metadata, %object
 270              		.size	cy_metadata, 12
 271              	cy_metadata:
 272 0000 00       		.byte	0
 273 0001 01       		.byte	1
 274 0002 2E       		.byte	46
 275 0003 12       		.byte	18
 276 0004 30       		.byte	48
 277 0005 69       		.byte	105
 278 0006 00       		.byte	0
 279 0007 01       		.byte	1
 280 0008 00       		.byte	0
 281 0009 00       		.byte	0
 282 000a 00       		.byte	0
 283 000b 00       		.byte	0
 284              		.section	.cyflashprotect,"a",%progbits
 285              		.align	2
ARM GAS  C:\Users\ukul426\AppData\Local\Temp\cc9Y8aGj.s 			page 6


 286              		.type	cy_meta_flashprotect, %object
 287              		.size	cy_meta_flashprotect, 256
 288              	cy_meta_flashprotect:
 289 0000 00000000 		.space	256
 289      00000000 
 289      00000000 
 289      00000000 
 289      00000000 
 290              		.text
 291              	.Letext0:
 292              		.file 1 "c:\\program files (x86)\\cypress\\psoc creator\\4.2\\psoc creator\\import\\gnu\\arm\\5.4.
 293              		.file 2 "c:\\program files (x86)\\cypress\\psoc creator\\4.2\\psoc creator\\import\\gnu\\arm\\5.4.
 294              		.file 3 "Generated_Source\\PSoC5\\cymetadata.c"
 295              		.section	.debug_info,"",%progbits
 296              	.Ldebug_info0:
 297 0000 30010000 		.4byte	0x130
 298 0004 0400     		.2byte	0x4
 299 0006 00000000 		.4byte	.Ldebug_abbrev0
 300 000a 04       		.byte	0x4
 301 000b 01       		.uleb128 0x1
 302 000c 24000000 		.4byte	.LASF17
 303 0010 0C       		.byte	0xc
 304 0011 F2010000 		.4byte	.LASF18
 305 0015 7E010000 		.4byte	.LASF19
 306 0019 00000000 		.4byte	.Ldebug_line0
 307 001d 02       		.uleb128 0x2
 308 001e 01       		.byte	0x1
 309 001f 06       		.byte	0x6
 310 0020 72010000 		.4byte	.LASF0
 311 0024 03       		.uleb128 0x3
 312 0025 00000000 		.4byte	.LASF9
 313 0029 01       		.byte	0x1
 314 002a 1D       		.byte	0x1d
 315 002b 2F000000 		.4byte	0x2f
 316 002f 02       		.uleb128 0x2
 317 0030 01       		.byte	0x1
 318 0031 08       		.byte	0x8
 319 0032 16000000 		.4byte	.LASF1
 320 0036 02       		.uleb128 0x2
 321 0037 02       		.byte	0x2
 322 0038 05       		.byte	0x5
 323 0039 5F010000 		.4byte	.LASF2
 324 003d 02       		.uleb128 0x2
 325 003e 02       		.byte	0x2
 326 003f 07       		.byte	0x7
 327 0040 C4000000 		.4byte	.LASF3
 328 0044 02       		.uleb128 0x2
 329 0045 04       		.byte	0x4
 330 0046 05       		.byte	0x5
 331 0047 69010000 		.4byte	.LASF4
 332 004b 02       		.uleb128 0x2
 333 004c 04       		.byte	0x4
 334 004d 07       		.byte	0x7
 335 004e B2000000 		.4byte	.LASF5
 336 0052 02       		.uleb128 0x2
 337 0053 08       		.byte	0x8
 338 0054 05       		.byte	0x5
ARM GAS  C:\Users\ukul426\AppData\Local\Temp\cc9Y8aGj.s 			page 7


 339 0055 51010000 		.4byte	.LASF6
 340 0059 02       		.uleb128 0x2
 341 005a 08       		.byte	0x8
 342 005b 07       		.byte	0x7
 343 005c 06010000 		.4byte	.LASF7
 344 0060 04       		.uleb128 0x4
 345 0061 04       		.byte	0x4
 346 0062 05       		.byte	0x5
 347 0063 696E7400 		.ascii	"int\000"
 348 0067 02       		.uleb128 0x2
 349 0068 04       		.byte	0x4
 350 0069 07       		.byte	0x7
 351 006a F9000000 		.4byte	.LASF8
 352 006e 03       		.uleb128 0x3
 353 006f 1D010000 		.4byte	.LASF10
 354 0073 02       		.byte	0x2
 355 0074 18       		.byte	0x18
 356 0075 24000000 		.4byte	0x24
 357 0079 05       		.uleb128 0x5
 358 007a 90000000 		.4byte	0x90
 359 007e 89000000 		.4byte	0x89
 360 0082 06       		.uleb128 0x6
 361 0083 89000000 		.4byte	0x89
 362 0087 DB       		.byte	0xdb
 363 0088 00       		.byte	0
 364 0089 02       		.uleb128 0x2
 365 008a 04       		.byte	0x4
 366 008b 07       		.byte	0x7
 367 008c 48010000 		.4byte	.LASF11
 368 0090 07       		.uleb128 0x7
 369 0091 6E000000 		.4byte	0x6e
 370 0095 08       		.uleb128 0x8
 371 0096 E7000000 		.4byte	.LASF12
 372 009a 03       		.byte	0x3
 373 009b 1F       		.byte	0x1f
 374 009c A6000000 		.4byte	0xa6
 375 00a0 05       		.uleb128 0x5
 376 00a1 03       		.byte	0x3
 377 00a2 00000000 		.4byte	cy_meta_configecc
 378 00a6 07       		.uleb128 0x7
 379 00a7 79000000 		.4byte	0x79
 380 00ab 05       		.uleb128 0x5
 381 00ac 90000000 		.4byte	0x90
 382 00b0 BB000000 		.4byte	0xbb
 383 00b4 06       		.uleb128 0x6
 384 00b5 89000000 		.4byte	0x89
 385 00b9 03       		.byte	0x3
 386 00ba 00       		.byte	0
 387 00bb 08       		.uleb128 0x8
 388 00bc D7000000 		.4byte	.LASF13
 389 00c0 03       		.byte	0x3
 390 00c1 48       		.byte	0x48
 391 00c2 CC000000 		.4byte	0xcc
 392 00c6 05       		.uleb128 0x5
 393 00c7 03       		.byte	0x3
 394 00c8 00000000 		.4byte	cy_meta_custnvl
 395 00cc 07       		.uleb128 0x7
ARM GAS  C:\Users\ukul426\AppData\Local\Temp\cc9Y8aGj.s 			page 8


 396 00cd AB000000 		.4byte	0xab
 397 00d1 08       		.uleb128 0x8
 398 00d2 3A010000 		.4byte	.LASF14
 399 00d6 03       		.byte	0x3
 400 00d7 56       		.byte	0x56
 401 00d8 E2000000 		.4byte	0xe2
 402 00dc 05       		.uleb128 0x5
 403 00dd 03       		.byte	0x3
 404 00de 00000000 		.4byte	cy_meta_wonvl
 405 00e2 07       		.uleb128 0x7
 406 00e3 AB000000 		.4byte	0xab
 407 00e7 05       		.uleb128 0x5
 408 00e8 90000000 		.4byte	0x90
 409 00ec F7000000 		.4byte	0xf7
 410 00f0 06       		.uleb128 0x6
 411 00f1 89000000 		.4byte	0x89
 412 00f5 FF       		.byte	0xff
 413 00f6 00       		.byte	0
 414 00f7 08       		.uleb128 0x8
 415 00f8 25010000 		.4byte	.LASF15
 416 00fc 03       		.byte	0x3
 417 00fd 64       		.byte	0x64
 418 00fe 08010000 		.4byte	0x108
 419 0102 05       		.uleb128 0x5
 420 0103 03       		.byte	0x3
 421 0104 00000000 		.4byte	cy_meta_flashprotect
 422 0108 07       		.uleb128 0x7
 423 0109 E7000000 		.4byte	0xe7
 424 010d 05       		.uleb128 0x5
 425 010e 90000000 		.4byte	0x90
 426 0112 1D010000 		.4byte	0x11d
 427 0116 06       		.uleb128 0x6
 428 0117 89000000 		.4byte	0x89
 429 011b 0B       		.byte	0xb
 430 011c 00       		.byte	0
 431 011d 08       		.uleb128 0x8
 432 011e 0A000000 		.4byte	.LASF16
 433 0122 03       		.byte	0x3
 434 0123 91       		.byte	0x91
 435 0124 2E010000 		.4byte	0x12e
 436 0128 05       		.uleb128 0x5
 437 0129 03       		.byte	0x3
 438 012a 00000000 		.4byte	cy_metadata
 439 012e 07       		.uleb128 0x7
 440 012f 0D010000 		.4byte	0x10d
 441 0133 00       		.byte	0
 442              		.section	.debug_abbrev,"",%progbits
 443              	.Ldebug_abbrev0:
 444 0000 01       		.uleb128 0x1
 445 0001 11       		.uleb128 0x11
 446 0002 01       		.byte	0x1
 447 0003 25       		.uleb128 0x25
 448 0004 0E       		.uleb128 0xe
 449 0005 13       		.uleb128 0x13
 450 0006 0B       		.uleb128 0xb
 451 0007 03       		.uleb128 0x3
 452 0008 0E       		.uleb128 0xe
ARM GAS  C:\Users\ukul426\AppData\Local\Temp\cc9Y8aGj.s 			page 9


 453 0009 1B       		.uleb128 0x1b
 454 000a 0E       		.uleb128 0xe
 455 000b 10       		.uleb128 0x10
 456 000c 17       		.uleb128 0x17
 457 000d 00       		.byte	0
 458 000e 00       		.byte	0
 459 000f 02       		.uleb128 0x2
 460 0010 24       		.uleb128 0x24
 461 0011 00       		.byte	0
 462 0012 0B       		.uleb128 0xb
 463 0013 0B       		.uleb128 0xb
 464 0014 3E       		.uleb128 0x3e
 465 0015 0B       		.uleb128 0xb
 466 0016 03       		.uleb128 0x3
 467 0017 0E       		.uleb128 0xe
 468 0018 00       		.byte	0
 469 0019 00       		.byte	0
 470 001a 03       		.uleb128 0x3
 471 001b 16       		.uleb128 0x16
 472 001c 00       		.byte	0
 473 001d 03       		.uleb128 0x3
 474 001e 0E       		.uleb128 0xe
 475 001f 3A       		.uleb128 0x3a
 476 0020 0B       		.uleb128 0xb
 477 0021 3B       		.uleb128 0x3b
 478 0022 0B       		.uleb128 0xb
 479 0023 49       		.uleb128 0x49
 480 0024 13       		.uleb128 0x13
 481 0025 00       		.byte	0
 482 0026 00       		.byte	0
 483 0027 04       		.uleb128 0x4
 484 0028 24       		.uleb128 0x24
 485 0029 00       		.byte	0
 486 002a 0B       		.uleb128 0xb
 487 002b 0B       		.uleb128 0xb
 488 002c 3E       		.uleb128 0x3e
 489 002d 0B       		.uleb128 0xb
 490 002e 03       		.uleb128 0x3
 491 002f 08       		.uleb128 0x8
 492 0030 00       		.byte	0
 493 0031 00       		.byte	0
 494 0032 05       		.uleb128 0x5
 495 0033 01       		.uleb128 0x1
 496 0034 01       		.byte	0x1
 497 0035 49       		.uleb128 0x49
 498 0036 13       		.uleb128 0x13
 499 0037 01       		.uleb128 0x1
 500 0038 13       		.uleb128 0x13
 501 0039 00       		.byte	0
 502 003a 00       		.byte	0
 503 003b 06       		.uleb128 0x6
 504 003c 21       		.uleb128 0x21
 505 003d 00       		.byte	0
 506 003e 49       		.uleb128 0x49
 507 003f 13       		.uleb128 0x13
 508 0040 2F       		.uleb128 0x2f
 509 0041 0B       		.uleb128 0xb
ARM GAS  C:\Users\ukul426\AppData\Local\Temp\cc9Y8aGj.s 			page 10


 510 0042 00       		.byte	0
 511 0043 00       		.byte	0
 512 0044 07       		.uleb128 0x7
 513 0045 26       		.uleb128 0x26
 514 0046 00       		.byte	0
 515 0047 49       		.uleb128 0x49
 516 0048 13       		.uleb128 0x13
 517 0049 00       		.byte	0
 518 004a 00       		.byte	0
 519 004b 08       		.uleb128 0x8
 520 004c 34       		.uleb128 0x34
 521 004d 00       		.byte	0
 522 004e 03       		.uleb128 0x3
 523 004f 0E       		.uleb128 0xe
 524 0050 3A       		.uleb128 0x3a
 525 0051 0B       		.uleb128 0xb
 526 0052 3B       		.uleb128 0x3b
 527 0053 0B       		.uleb128 0xb
 528 0054 49       		.uleb128 0x49
 529 0055 13       		.uleb128 0x13
 530 0056 3F       		.uleb128 0x3f
 531 0057 19       		.uleb128 0x19
 532 0058 02       		.uleb128 0x2
 533 0059 18       		.uleb128 0x18
 534 005a 00       		.byte	0
 535 005b 00       		.byte	0
 536 005c 00       		.byte	0
 537              		.section	.debug_aranges,"",%progbits
 538 0000 14000000 		.4byte	0x14
 539 0004 0200     		.2byte	0x2
 540 0006 00000000 		.4byte	.Ldebug_info0
 541 000a 04       		.byte	0x4
 542 000b 00       		.byte	0
 543 000c 0000     		.2byte	0
 544 000e 0000     		.2byte	0
 545 0010 00000000 		.4byte	0
 546 0014 00000000 		.4byte	0
 547              		.section	.debug_line,"",%progbits
 548              	.Ldebug_line0:
 549 0000 3D010000 		.section	.debug_str,"MS",%progbits,1
 549      02003701 
 549      00000201 
 549      FB0E0D00 
 549      01010101 
 550              	.LASF9:
 551 0000 5F5F7569 		.ascii	"__uint8_t\000"
 551      6E74385F 
 551      7400
 552              	.LASF16:
 553 000a 63795F6D 		.ascii	"cy_metadata\000"
 553      65746164 
 553      61746100 
 554              	.LASF1:
 555 0016 756E7369 		.ascii	"unsigned char\000"
 555      676E6564 
 555      20636861 
 555      7200
ARM GAS  C:\Users\ukul426\AppData\Local\Temp\cc9Y8aGj.s 			page 11


 556              	.LASF17:
 557 0024 474E5520 		.ascii	"GNU C11 5.4.1 20160609 (release) [ARM/embedded-5-br"
 557      43313120 
 557      352E342E 
 557      31203230 
 557      31363036 
 558 0057 616E6368 		.ascii	"anch revision 237715] -mcpu=cortex-m3 -mthumb -g -O"
 558      20726576 
 558      6973696F 
 558      6E203233 
 558      37373135 
 559 008a 67202D66 		.ascii	"g -ffunction-sections -ffat-lto-objects\000"
 559      66756E63 
 559      74696F6E 
 559      2D736563 
 559      74696F6E 
 560              	.LASF5:
 561 00b2 6C6F6E67 		.ascii	"long unsigned int\000"
 561      20756E73 
 561      69676E65 
 561      6420696E 
 561      7400
 562              	.LASF3:
 563 00c4 73686F72 		.ascii	"short unsigned int\000"
 563      7420756E 
 563      7369676E 
 563      65642069 
 563      6E7400
 564              	.LASF13:
 565 00d7 63795F6D 		.ascii	"cy_meta_custnvl\000"
 565      6574615F 
 565      63757374 
 565      6E766C00 
 566              	.LASF12:
 567 00e7 63795F6D 		.ascii	"cy_meta_configecc\000"
 567      6574615F 
 567      636F6E66 
 567      69676563 
 567      6300
 568              	.LASF8:
 569 00f9 756E7369 		.ascii	"unsigned int\000"
 569      676E6564 
 569      20696E74 
 569      00
 570              	.LASF7:
 571 0106 6C6F6E67 		.ascii	"long long unsigned int\000"
 571      206C6F6E 
 571      6720756E 
 571      7369676E 
 571      65642069 
 572              	.LASF10:
 573 011d 75696E74 		.ascii	"uint8_t\000"
 573      385F7400 
 574              	.LASF15:
 575 0125 63795F6D 		.ascii	"cy_meta_flashprotect\000"
 575      6574615F 
 575      666C6173 
ARM GAS  C:\Users\ukul426\AppData\Local\Temp\cc9Y8aGj.s 			page 12


 575      6870726F 
 575      74656374 
 576              	.LASF14:
 577 013a 63795F6D 		.ascii	"cy_meta_wonvl\000"
 577      6574615F 
 577      776F6E76 
 577      6C00
 578              	.LASF11:
 579 0148 73697A65 		.ascii	"sizetype\000"
 579      74797065 
 579      00
 580              	.LASF6:
 581 0151 6C6F6E67 		.ascii	"long long int\000"
 581      206C6F6E 
 581      6720696E 
 581      7400
 582              	.LASF2:
 583 015f 73686F72 		.ascii	"short int\000"
 583      7420696E 
 583      7400
 584              	.LASF4:
 585 0169 6C6F6E67 		.ascii	"long int\000"
 585      20696E74 
 585      00
 586              	.LASF0:
 587 0172 7369676E 		.ascii	"signed char\000"
 587      65642063 
 587      68617200 
 588              	.LASF19:
 589 017e 433A5C55 		.ascii	"C:\\Users\\ukul426\\Downloads\\psoc student pack\\p"
 589      73657273 
 589      5C756B75 
 589      6C343236 
 589      5C446F77 
 590 01ac 736F6320 		.ascii	"soc student pack\\psoc_code_base\\CS301_Class.cydsn"
 590      73747564 
 590      656E7420 
 590      7061636B 
 590      5C70736F 
 591 01dd 5C416464 		.ascii	"\\Additional_HD.cydsn\000"
 591      6974696F 
 591      6E616C5F 
 591      48442E63 
 591      7964736E 
 592              	.LASF18:
 593 01f2 47656E65 		.ascii	"Generated_Source\\PSoC5\\cymetadata.c\000"
 593      72617465 
 593      645F536F 
 593      75726365 
 593      5C50536F 
 594              		.ident	"GCC: (GNU Tools for ARM Embedded Processors) 5.4.1 20160609 (release) [ARM/embedded-5-bran
