ARM GAS  C:\Users\dulan\AppData\Local\Temp\ccxNGjkl.s 			page 1


   1              		.syntax unified
   2              		.cpu cortex-m3
   3              		.fpu softvfp
   4              		.eabi_attribute 20, 1
   5              		.eabi_attribute 21, 1
   6              		.eabi_attribute 23, 3
   7              		.eabi_attribute 24, 1
   8              		.eabi_attribute 25, 1
   9              		.eabi_attribute 26, 1
  10              		.eabi_attribute 30, 1
  11              		.eabi_attribute 34, 1
  12              		.eabi_attribute 18, 4
  13              		.thumb
  14              		.syntax unified
  15              		.file	"cymetadata.c"
  16              		.text
  17              	.Ltext0:
  18              		.cfi_sections	.debug_frame
  19              		.global	cy_metadata
  20              		.global	cy_meta_flashprotect
  21              		.global	cy_meta_wonvl
  22              		.global	cy_meta_custnvl
  23              		.global	cy_meta_configecc
  24              		.section	.cyconfigecc,"a",%progbits
  25              		.align	2
  26              		.type	cy_meta_configecc, %object
  27              		.size	cy_meta_configecc, 2148
  28              	cy_meta_configecc:
  29 0000 06       		.byte	6
  30 0001 4F       		.byte	79
  31 0002 00       		.byte	0
  32 0003 40       		.byte	64
  33 0004 08       		.byte	8
  34 0005 52       		.byte	82
  35 0006 00       		.byte	0
  36 0007 40       		.byte	64
  37 0008 03       		.byte	3
  38 0009 64       		.byte	100
  39 000a 00       		.byte	0
  40 000b 40       		.byte	64
  41 000c 03       		.byte	3
  42 000d 65       		.byte	101
  43 000e 00       		.byte	0
  44 000f 40       		.byte	64
  45 0010 41       		.byte	65
  46 0011 00       		.byte	0
  47 0012 01       		.byte	1
  48 0013 40       		.byte	64
  49 0014 33       		.byte	51
  50 0015 01       		.byte	1
  51 0016 01       		.byte	1
  52 0017 40       		.byte	64
  53 0018 42       		.byte	66
  54 0019 02       		.byte	2
  55 001a 01       		.byte	1
  56 001b 40       		.byte	64
  57 001c 3F       		.byte	63
ARM GAS  C:\Users\dulan\AppData\Local\Temp\ccxNGjkl.s 			page 2


  58 001d 03       		.byte	3
  59 001e 01       		.byte	1
  60 001f 40       		.byte	64
  61 0020 55       		.byte	85
  62 0021 04       		.byte	4
  63 0022 01       		.byte	1
  64 0023 40       		.byte	64
  65 0024 4C       		.byte	76
  66 0025 05       		.byte	5
  67 0026 01       		.byte	1
  68 0027 40       		.byte	64
  69 0028 56       		.byte	86
  70 0029 06       		.byte	6
  71 002a 01       		.byte	1
  72 002b 40       		.byte	64
  73 002c 41       		.byte	65
  74 002d 07       		.byte	7
  75 002e 01       		.byte	1
  76 002f 40       		.byte	64
  77 0030 02       		.byte	2
  78 0031 09       		.byte	9
  79 0032 01       		.byte	1
  80 0033 40       		.byte	64
  81 0034 02       		.byte	2
  82 0035 0B       		.byte	11
  83 0036 01       		.byte	1
  84 0037 40       		.byte	64
  85 0038 04       		.byte	4
  86 0039 0D       		.byte	13
  87 003a 01       		.byte	1
  88 003b 40       		.byte	64
  89 003c 38       		.byte	56
  90 003d 14       		.byte	20
  91 003e 01       		.byte	1
  92 003f 40       		.byte	64
  93 0040 3A       		.byte	58
  94 0041 15       		.byte	21
  95 0042 01       		.byte	1
  96 0043 40       		.byte	64
  97 0044 14       		.byte	20
  98 0045 16       		.byte	22
  99 0046 01       		.byte	1
 100 0047 40       		.byte	64
 101 0048 3E       		.byte	62
 102 0049 17       		.byte	23
 103 004a 01       		.byte	1
 104 004b 40       		.byte	64
 105 004c 08       		.byte	8
 106 004d 40       		.byte	64
 107 004e 01       		.byte	1
 108 004f 40       		.byte	64
 109 0050 16       		.byte	22
 110 0051 41       		.byte	65
 111 0052 01       		.byte	1
 112 0053 40       		.byte	64
 113 0054 12       		.byte	18
 114 0055 42       		.byte	66
ARM GAS  C:\Users\dulan\AppData\Local\Temp\ccxNGjkl.s 			page 3


 115 0056 01       		.byte	1
 116 0057 40       		.byte	64
 117 0058 0B       		.byte	11
 118 0059 43       		.byte	67
 119 005a 01       		.byte	1
 120 005b 40       		.byte	64
 121 005c 04       		.byte	4
 122 005d 44       		.byte	68
 123 005e 01       		.byte	1
 124 005f 40       		.byte	64
 125 0060 08       		.byte	8
 126 0061 45       		.byte	69
 127 0062 01       		.byte	1
 128 0063 40       		.byte	64
 129 0064 07       		.byte	7
 130 0065 46       		.byte	70
 131 0066 01       		.byte	1
 132 0067 40       		.byte	64
 133 0068 08       		.byte	8
 134 0069 47       		.byte	71
 135 006a 01       		.byte	1
 136 006b 40       		.byte	64
 137 006c 0A       		.byte	10
 138 006d 48       		.byte	72
 139 006e 01       		.byte	1
 140 006f 40       		.byte	64
 141 0070 10       		.byte	16
 142 0071 49       		.byte	73
 143 0072 01       		.byte	1
 144 0073 40       		.byte	64
 145 0074 0A       		.byte	10
 146 0075 4C       		.byte	76
 147 0076 01       		.byte	1
 148 0077 40       		.byte	64
 149 0078 03       		.byte	3
 150 0079 4D       		.byte	77
 151 007a 01       		.byte	1
 152 007b 40       		.byte	64
 153 007c 0A       		.byte	10
 154 007d 50       		.byte	80
 155 007e 01       		.byte	1
 156 007f 40       		.byte	64
 157 0080 01       		.byte	1
 158 0081 51       		.byte	81
 159 0082 01       		.byte	1
 160 0083 40       		.byte	64
 161 0084 01       		.byte	1
 162 0085 20       		.byte	32
 163 0086 0A       		.byte	10
 164 0087 4B       		.byte	75
 165 0088 0D       		.byte	13
 166 0089 20       		.byte	32
 167 008a 16       		.byte	22
 168 008b 4B       		.byte	75
 169 008c 19       		.byte	25
 170 008d 10       		.byte	16
 171 008e 22       		.byte	34
ARM GAS  C:\Users\dulan\AppData\Local\Temp\ccxNGjkl.s 			page 4


 172 008f 4B       		.byte	75
 173 0090 00       		.byte	0
 174 0091 05       		.byte	5
 175 0092 01       		.byte	1
 176 0093 03       		.byte	3
 177 0094 08       		.byte	8
 178 0095 40       		.byte	64
 179 0096 09       		.byte	9
 180 0097 40       		.byte	64
 181 0098 60       		.byte	96
 182 0099 02       		.byte	2
 183 009a 61       		.byte	97
 184 009b 03       		.byte	3
 185 009c 78       		.byte	120
 186 009d 19       		.byte	25
 187 009e 79       		.byte	121
 188 009f 15       		.byte	21
 189 00a0 76       		.byte	118
 190 00a1 03       		.byte	3
 191 00a2 82       		.byte	-126
 192 00a3 0F       		.byte	15
 193 00a4 85       		.byte	-123
 194 00a5 6F       		.byte	111
 195 00a6 74       		.byte	116
 196 00a7 03       		.byte	3
 197 00a8 84       		.byte	-124
 198 00a9 0F       		.byte	15
 199 00aa 87       		.byte	-121
 200 00ab 6F       		.byte	111
 201 00ac 00       		.byte	0
 202 00ad 08       		.byte	8
 203 00ae 01       		.byte	1
 204 00af 02       		.byte	2
 205 00b0 03       		.byte	3
 206 00b1 01       		.byte	1
 207 00b2 06       		.byte	6
 208 00b3 08       		.byte	8
 209 00b4 08       		.byte	8
 210 00b5 0E       		.byte	14
 211 00b6 10       		.byte	16
 212 00b7 02       		.byte	2
 213 00b8 12       		.byte	18
 214 00b9 04       		.byte	4
 215 00ba 15       		.byte	21
 216 00bb 01       		.byte	1
 217 00bc 16       		.byte	22
 218 00bd 10       		.byte	16
 219 00be 17       		.byte	23
 220 00bf 06       		.byte	6
 221 00c0 19       		.byte	25
 222 00c1 01       		.byte	1
 223 00c2 1A       		.byte	26
 224 00c3 0E       		.byte	14
 225 00c4 1B       		.byte	27
 226 00c5 02       		.byte	2
 227 00c6 1E       		.byte	30
 228 00c7 01       		.byte	1
ARM GAS  C:\Users\dulan\AppData\Local\Temp\ccxNGjkl.s 			page 5


 229 00c8 21       		.byte	33
 230 00c9 01       		.byte	1
 231 00ca 23       		.byte	35
 232 00cb 0A       		.byte	10
 233 00cc 28       		.byte	40
 234 00cd 0E       		.byte	14
 235 00ce 2C       		.byte	44
 236 00cf 02       		.byte	2
 237 00d0 2E       		.byte	46
 238 00d1 04       		.byte	4
 239 00d2 30       		.byte	48
 240 00d3 01       		.byte	1
 241 00d4 31       		.byte	49
 242 00d5 03       		.byte	3
 243 00d6 33       		.byte	51
 244 00d7 08       		.byte	8
 245 00d8 34       		.byte	52
 246 00d9 1E       		.byte	30
 247 00da 35       		.byte	53
 248 00db 04       		.byte	4
 249 00dc 3B       		.byte	59
 250 00dd 02       		.byte	2
 251 00de 56       		.byte	86
 252 00df 08       		.byte	8
 253 00e0 58       		.byte	88
 254 00e1 04       		.byte	4
 255 00e2 59       		.byte	89
 256 00e3 04       		.byte	4
 257 00e4 5B       		.byte	91
 258 00e5 04       		.byte	4
 259 00e6 5D       		.byte	93
 260 00e7 90       		.byte	-112
 261 00e8 5F       		.byte	95
 262 00e9 01       		.byte	1
 263 00ea 83       		.byte	-125
 264 00eb 08       		.byte	8
 265 00ec 84       		.byte	-124
 266 00ed 0C       		.byte	12
 267 00ee 86       		.byte	-122
 268 00ef 01       		.byte	1
 269 00f0 88       		.byte	-120
 270 00f1 0B       		.byte	11
 271 00f2 8A       		.byte	-118
 272 00f3 04       		.byte	4
 273 00f4 8D       		.byte	-115
 274 00f5 02       		.byte	2
 275 00f6 8F       		.byte	-113
 276 00f7 01       		.byte	1
 277 00f8 91       		.byte	-111
 278 00f9 01       		.byte	1
 279 00fa 93       		.byte	-109
 280 00fb 02       		.byte	2
 281 00fc 94       		.byte	-108
 282 00fd 07       		.byte	7
 283 00fe 95       		.byte	-107
 284 00ff 01       		.byte	1
 285 0100 97       		.byte	-105
ARM GAS  C:\Users\dulan\AppData\Local\Temp\ccxNGjkl.s 			page 6


 286 0101 06       		.byte	6
 287 0102 98       		.byte	-104
 288 0103 10       		.byte	16
 289 0104 99       		.byte	-103
 290 0105 01       		.byte	1
 291 0106 9B       		.byte	-101
 292 0107 12       		.byte	18
 293 0108 9C       		.byte	-100
 294 0109 0C       		.byte	12
 295 010a 9E       		.byte	-98
 296 010b 02       		.byte	2
 297 010c A2       		.byte	-94
 298 010d 0F       		.byte	15
 299 010e AC       		.byte	-84
 300 010f 08       		.byte	8
 301 0110 AE       		.byte	-82
 302 0111 01       		.byte	1
 303 0112 B0       		.byte	-80
 304 0113 10       		.byte	16
 305 0114 B1       		.byte	-79
 306 0115 04       		.byte	4
 307 0116 B3       		.byte	-77
 308 0117 08       		.byte	8
 309 0118 B5       		.byte	-75
 310 0119 10       		.byte	16
 311 011a B6       		.byte	-74
 312 011b 0F       		.byte	15
 313 011c B7       		.byte	-73
 314 011d 03       		.byte	3
 315 011e BB       		.byte	-69
 316 011f 80       		.byte	-128
 317 0120 BE       		.byte	-66
 318 0121 01       		.byte	1
 319 0122 D6       		.byte	-42
 320 0123 08       		.byte	8
 321 0124 D8       		.byte	-40
 322 0125 04       		.byte	4
 323 0126 D9       		.byte	-39
 324 0127 04       		.byte	4
 325 0128 DB       		.byte	-37
 326 0129 04       		.byte	4
 327 012a DD       		.byte	-35
 328 012b 90       		.byte	-112
 329 012c DF       		.byte	-33
 330 012d 01       		.byte	1
 331 012e 00       		.byte	0
 332 012f 26       		.byte	38
 333 0130 02       		.byte	2
 334 0131 40       		.byte	64
 335 0132 03       		.byte	3
 336 0133 04       		.byte	4
 337 0134 04       		.byte	4
 338 0135 04       		.byte	4
 339 0136 07       		.byte	7
 340 0137 04       		.byte	4
 341 0138 09       		.byte	9
 342 0139 80       		.byte	-128
ARM GAS  C:\Users\dulan\AppData\Local\Temp\ccxNGjkl.s 			page 7


 343 013a 0A       		.byte	10
 344 013b 18       		.byte	24
 345 013c 0B       		.byte	11
 346 013d 80       		.byte	-128
 347 013e 0C       		.byte	12
 348 013f 20       		.byte	32
 349 0140 0E       		.byte	14
 350 0141 02       		.byte	2
 351 0142 0F       		.byte	15
 352 0143 10       		.byte	16
 353 0144 11       		.byte	17
 354 0145 80       		.byte	-128
 355 0146 12       		.byte	18
 356 0147 01       		.byte	1
 357 0148 13       		.byte	19
 358 0149 30       		.byte	48
 359 014a 16       		.byte	22
 360 014b 41       		.byte	65
 361 014c 19       		.byte	25
 362 014d 01       		.byte	1
 363 014e 1A       		.byte	26
 364 014f 08       		.byte	8
 365 0150 1B       		.byte	27
 366 0151 10       		.byte	16
 367 0152 1C       		.byte	28
 368 0153 80       		.byte	-128
 369 0154 1E       		.byte	30
 370 0155 02       		.byte	2
 371 0156 1F       		.byte	31
 372 0157 40       		.byte	64
 373 0158 21       		.byte	33
 374 0159 29       		.byte	41
 375 015a 25       		.byte	37
 376 015b 40       		.byte	64
 377 015c 26       		.byte	38
 378 015d 02       		.byte	2
 379 015e 27       		.byte	39
 380 015f 18       		.byte	24
 381 0160 29       		.byte	41
 382 0161 01       		.byte	1
 383 0162 31       		.byte	49
 384 0163 28       		.byte	40
 385 0164 36       		.byte	54
 386 0165 02       		.byte	2
 387 0166 37       		.byte	55
 388 0167 18       		.byte	24
 389 0168 39       		.byte	57
 390 0169 02       		.byte	2
 391 016a 3D       		.byte	61
 392 016b 80       		.byte	-128
 393 016c 3F       		.byte	63
 394 016d 01       		.byte	1
 395 016e 5A       		.byte	90
 396 016f 40       		.byte	64
 397 0170 5C       		.byte	92
 398 0171 80       		.byte	-128
 399 0172 61       		.byte	97
ARM GAS  C:\Users\dulan\AppData\Local\Temp\ccxNGjkl.s 			page 8


 400 0173 80       		.byte	-128
 401 0174 67       		.byte	103
 402 0175 01       		.byte	1
 403 0176 6C       		.byte	108
 404 0177 04       		.byte	4
 405 0178 6F       		.byte	111
 406 0179 02       		.byte	2
 407 017a 83       		.byte	-125
 408 017b 02       		.byte	2
 409 017c 88       		.byte	-120
 410 017d 80       		.byte	-128
 411 017e 8C       		.byte	-116
 412 017f 04       		.byte	4
 413 0180 C0       		.byte	-64
 414 0181 6E       		.byte	110
 415 0182 C2       		.byte	-62
 416 0183 EF       		.byte	-17
 417 0184 C4       		.byte	-60
 418 0185 93       		.byte	-109
 419 0186 CA       		.byte	-54
 420 0187 01       		.byte	1
 421 0188 CC       		.byte	-52
 422 0189 E6       		.byte	-26
 423 018a CE       		.byte	-50
 424 018b 91       		.byte	-111
 425 018c D6       		.byte	-42
 426 018d 18       		.byte	24
 427 018e D8       		.byte	-40
 428 018f 18       		.byte	24
 429 0190 E0       		.byte	-32
 430 0191 20       		.byte	32
 431 0192 E2       		.byte	-30
 432 0193 10       		.byte	16
 433 0194 02       		.byte	2
 434 0195 04       		.byte	4
 435 0196 03       		.byte	3
 436 0197 01       		.byte	1
 437 0198 04       		.byte	4
 438 0199 60       		.byte	96
 439 019a 06       		.byte	6
 440 019b 10       		.byte	16
 441 019c 08       		.byte	8
 442 019d 03       		.byte	3
 443 019e 0E       		.byte	14
 444 019f 03       		.byte	3
 445 01a0 12       		.byte	18
 446 01a1 78       		.byte	120
 447 01a2 14       		.byte	20
 448 01a3 02       		.byte	2
 449 01a4 16       		.byte	22
 450 01a5 01       		.byte	1
 451 01a6 18       		.byte	24
 452 01a7 04       		.byte	4
 453 01a8 1E       		.byte	30
 454 01a9 04       		.byte	4
 455 01aa 20       		.byte	32
 456 01ab 40       		.byte	64
ARM GAS  C:\Users\dulan\AppData\Local\Temp\ccxNGjkl.s 			page 9


 457 01ac 22       		.byte	34
 458 01ad 08       		.byte	8
 459 01ae 24       		.byte	36
 460 01af 58       		.byte	88
 461 01b0 26       		.byte	38
 462 01b1 20       		.byte	32
 463 01b2 28       		.byte	40
 464 01b3 38       		.byte	56
 465 01b4 2C       		.byte	44
 466 01b5 60       		.byte	96
 467 01b6 2E       		.byte	46
 468 01b7 08       		.byte	8
 469 01b8 30       		.byte	48
 470 01b9 01       		.byte	1
 471 01ba 32       		.byte	50
 472 01bb 02       		.byte	2
 473 01bc 33       		.byte	51
 474 01bd 01       		.byte	1
 475 01be 34       		.byte	52
 476 01bf 78       		.byte	120
 477 01c0 36       		.byte	54
 478 01c1 04       		.byte	4
 479 01c2 3E       		.byte	62
 480 01c3 45       		.byte	69
 481 01c4 52       		.byte	82
 482 01c5 80       		.byte	-128
 483 01c6 54       		.byte	84
 484 01c7 0F       		.byte	15
 485 01c8 56       		.byte	86
 486 01c9 04       		.byte	4
 487 01ca 58       		.byte	88
 488 01cb 04       		.byte	4
 489 01cc 59       		.byte	89
 490 01cd 04       		.byte	4
 491 01ce 5B       		.byte	91
 492 01cf 04       		.byte	4
 493 01d0 5F       		.byte	95
 494 01d1 01       		.byte	1
 495 01d2 80       		.byte	-128
 496 01d3 96       		.byte	-106
 497 01d4 81       		.byte	-127
 498 01d5 20       		.byte	32
 499 01d6 82       		.byte	-126
 500 01d7 68       		.byte	104
 501 01d8 83       		.byte	-125
 502 01d9 04       		.byte	4
 503 01da 84       		.byte	-124
 504 01db A3       		.byte	-93
 505 01dc 85       		.byte	-123
 506 01dd 01       		.byte	1
 507 01de 86       		.byte	-122
 508 01df 5C       		.byte	92
 509 01e0 88       		.byte	-120
 510 01e1 FE       		.byte	-2
 511 01e2 89       		.byte	-119
 512 01e3 1C       		.byte	28
 513 01e4 8A       		.byte	-118
ARM GAS  C:\Users\dulan\AppData\Local\Temp\ccxNGjkl.s 			page 10


 514 01e5 01       		.byte	1
 515 01e6 8D       		.byte	-115
 516 01e7 01       		.byte	1
 517 01e8 90       		.byte	-112
 518 01e9 C5       		.byte	-59
 519 01ea 92       		.byte	-110
 520 01eb 3A       		.byte	58
 521 01ec 93       		.byte	-109
 522 01ed 3C       		.byte	60
 523 01ee 95       		.byte	-107
 524 01ef 01       		.byte	1
 525 01f0 99       		.byte	-103
 526 01f1 30       		.byte	48
 527 01f2 9B       		.byte	-101
 528 01f3 08       		.byte	8
 529 01f4 9D       		.byte	-99
 530 01f5 30       		.byte	48
 531 01f6 9F       		.byte	-97
 532 01f7 04       		.byte	4
 533 01f8 A2       		.byte	-94
 534 01f9 01       		.byte	1
 535 01fa A3       		.byte	-93
 536 01fb 01       		.byte	1
 537 01fc A7       		.byte	-89
 538 01fd 02       		.byte	2
 539 01fe A8       		.byte	-88
 540 01ff 7F       		.byte	127
 541 0200 A9       		.byte	-87
 542 0201 2C       		.byte	44
 543 0202 AB       		.byte	-85
 544 0203 10       		.byte	16
 545 0204 AC       		.byte	-84
 546 0205 0E       		.byte	14
 547 0206 AD       		.byte	-83
 548 0207 01       		.byte	1
 549 0208 AE       		.byte	-82
 550 0209 F0       		.byte	-16
 551 020a B2       		.byte	-78
 552 020b FF       		.byte	-1
 553 020c B5       		.byte	-75
 554 020d 3C       		.byte	60
 555 020e B7       		.byte	-73
 556 020f 03       		.byte	3
 557 0210 BE       		.byte	-66
 558 0211 04       		.byte	4
 559 0212 D8       		.byte	-40
 560 0213 04       		.byte	4
 561 0214 D9       		.byte	-39
 562 0215 04       		.byte	4
 563 0216 DF       		.byte	-33
 564 0217 01       		.byte	1
 565 0218 00       		.byte	0
 566 0219 26       		.byte	38
 567 021a 02       		.byte	2
 568 021b 40       		.byte	64
 569 021c 03       		.byte	3
 570 021d 84       		.byte	-124
ARM GAS  C:\Users\dulan\AppData\Local\Temp\ccxNGjkl.s 			page 11


 571 021e 04       		.byte	4
 572 021f 04       		.byte	4
 573 0220 05       		.byte	5
 574 0221 10       		.byte	16
 575 0222 07       		.byte	7
 576 0223 42       		.byte	66
 577 0224 08       		.byte	8
 578 0225 01       		.byte	1
 579 0226 0B       		.byte	11
 580 0227 80       		.byte	-128
 581 0228 0C       		.byte	12
 582 0229 02       		.byte	2
 583 022a 0E       		.byte	14
 584 022b 08       		.byte	8
 585 022c 0F       		.byte	15
 586 022d 21       		.byte	33
 587 022e 10       		.byte	16
 588 022f 02       		.byte	2
 589 0230 11       		.byte	17
 590 0231 C0       		.byte	-64
 591 0232 13       		.byte	19
 592 0233 21       		.byte	33
 593 0234 14       		.byte	20
 594 0235 09       		.byte	9
 595 0236 16       		.byte	22
 596 0237 40       		.byte	64
 597 0238 17       		.byte	23
 598 0239 24       		.byte	36
 599 023a 19       		.byte	25
 600 023b 04       		.byte	4
 601 023c 1C       		.byte	28
 602 023d 44       		.byte	68
 603 023e 1D       		.byte	29
 604 023f 80       		.byte	-128
 605 0240 1E       		.byte	30
 606 0241 20       		.byte	32
 607 0242 22       		.byte	34
 608 0243 10       		.byte	16
 609 0244 23       		.byte	35
 610 0245 01       		.byte	1
 611 0246 26       		.byte	38
 612 0247 04       		.byte	4
 613 0248 28       		.byte	40
 614 0249 01       		.byte	1
 615 024a 29       		.byte	41
 616 024b 24       		.byte	36
 617 024c 2B       		.byte	43
 618 024d 80       		.byte	-128
 619 024e 30       		.byte	48
 620 024f 40       		.byte	64
 621 0250 32       		.byte	50
 622 0251 10       		.byte	16
 623 0252 33       		.byte	51
 624 0253 09       		.byte	9
 625 0254 38       		.byte	56
 626 0255 14       		.byte	20
 627 0256 39       		.byte	57
ARM GAS  C:\Users\dulan\AppData\Local\Temp\ccxNGjkl.s 			page 12


 628 0257 42       		.byte	66
 629 0258 3F       		.byte	63
 630 0259 01       		.byte	1
 631 025a 5C       		.byte	92
 632 025b 4A       		.byte	74
 633 025c 5E       		.byte	94
 634 025d 20       		.byte	32
 635 025e 65       		.byte	101
 636 025f 02       		.byte	2
 637 0260 77       		.byte	119
 638 0261 40       		.byte	64
 639 0262 89       		.byte	-119
 640 0263 02       		.byte	2
 641 0264 91       		.byte	-111
 642 0265 02       		.byte	2
 643 0266 92       		.byte	-110
 644 0267 08       		.byte	8
 645 0268 93       		.byte	-109
 646 0269 C0       		.byte	-64
 647 026a 94       		.byte	-108
 648 026b 04       		.byte	4
 649 026c 96       		.byte	-106
 650 026d 50       		.byte	80
 651 026e 9F       		.byte	-97
 652 026f 20       		.byte	32
 653 0270 A1       		.byte	-95
 654 0271 40       		.byte	64
 655 0272 A3       		.byte	-93
 656 0273 10       		.byte	16
 657 0274 A4       		.byte	-92
 658 0275 11       		.byte	17
 659 0276 AC       		.byte	-84
 660 0277 40       		.byte	64
 661 0278 B3       		.byte	-77
 662 0279 40       		.byte	64
 663 027a B4       		.byte	-76
 664 027b 20       		.byte	32
 665 027c C0       		.byte	-64
 666 027d FE       		.byte	-2
 667 027e C2       		.byte	-62
 668 027f F8       		.byte	-8
 669 0280 C4       		.byte	-60
 670 0281 FB       		.byte	-5
 671 0282 CA       		.byte	-54
 672 0283 0F       		.byte	15
 673 0284 CC       		.byte	-52
 674 0285 0F       		.byte	15
 675 0286 CE       		.byte	-50
 676 0287 8F       		.byte	-113
 677 0288 D6       		.byte	-42
 678 0289 F0       		.byte	-16
 679 028a D8       		.byte	-40
 680 028b 80       		.byte	-128
 681 028c E2       		.byte	-30
 682 028d 84       		.byte	-124
 683 028e E6       		.byte	-26
 684 028f 04       		.byte	4
ARM GAS  C:\Users\dulan\AppData\Local\Temp\ccxNGjkl.s 			page 13


 685 0290 E8       		.byte	-24
 686 0291 02       		.byte	2
 687 0292 EA       		.byte	-22
 688 0293 01       		.byte	1
 689 0294 EC       		.byte	-20
 690 0295 10       		.byte	16
 691 0296 00       		.byte	0
 692 0297 30       		.byte	48
 693 0298 01       		.byte	1
 694 0299 50       		.byte	80
 695 029a 02       		.byte	2
 696 029b C9       		.byte	-55
 697 029c 03       		.byte	3
 698 029d AF       		.byte	-81
 699 029e 04       		.byte	4
 700 029f CF       		.byte	-49
 701 02a0 06       		.byte	6
 702 02a1 30       		.byte	48
 703 02a2 08       		.byte	8
 704 02a3 FD       		.byte	-3
 705 02a4 09       		.byte	9
 706 02a5 77       		.byte	119
 707 02a6 0A       		.byte	10
 708 02a7 02       		.byte	2
 709 02a8 10       		.byte	16
 710 02a9 9E       		.byte	-98
 711 02aa 11       		.byte	17
 712 02ab 38       		.byte	56
 713 02ac 12       		.byte	18
 714 02ad 60       		.byte	96
 715 02ae 13       		.byte	19
 716 02af C1       		.byte	-63
 717 02b0 19       		.byte	25
 718 02b1 CC       		.byte	-52
 719 02b2 1A       		.byte	26
 720 02b3 0F       		.byte	15
 721 02b4 1B       		.byte	27
 722 02b5 31       		.byte	49
 723 02b6 21       		.byte	33
 724 02b7 AC       		.byte	-84
 725 02b8 23       		.byte	35
 726 02b9 52       		.byte	82
 727 02ba 28       		.byte	40
 728 02bb 73       		.byte	115
 729 02bc 29       		.byte	41
 730 02bd FB       		.byte	-5
 731 02be 2B       		.byte	43
 732 02bf 04       		.byte	4
 733 02c0 2C       		.byte	44
 734 02c1 94       		.byte	-108
 735 02c2 2E       		.byte	46
 736 02c3 60       		.byte	96
 737 02c4 31       		.byte	49
 738 02c5 0F       		.byte	15
 739 02c6 32       		.byte	50
 740 02c7 FF       		.byte	-1
 741 02c8 33       		.byte	51
ARM GAS  C:\Users\dulan\AppData\Local\Temp\ccxNGjkl.s 			page 14


 742 02c9 F0       		.byte	-16
 743 02ca 38       		.byte	56
 744 02cb 20       		.byte	32
 745 02cc 3E       		.byte	62
 746 02cd 14       		.byte	20
 747 02ce 58       		.byte	88
 748 02cf 04       		.byte	4
 749 02d0 59       		.byte	89
 750 02d1 04       		.byte	4
 751 02d2 5F       		.byte	95
 752 02d3 01       		.byte	1
 753 02d4 80       		.byte	-128
 754 02d5 10       		.byte	16
 755 02d6 81       		.byte	-127
 756 02d7 10       		.byte	16
 757 02d8 84       		.byte	-124
 758 02d9 07       		.byte	7
 759 02da 85       		.byte	-123
 760 02db 06       		.byte	6
 761 02dc 88       		.byte	-120
 762 02dd 20       		.byte	32
 763 02de 8E       		.byte	-114
 764 02df 20       		.byte	32
 765 02e0 94       		.byte	-108
 766 02e1 0F       		.byte	15
 767 02e2 98       		.byte	-104
 768 02e3 03       		.byte	3
 769 02e4 99       		.byte	-103
 770 02e5 03       		.byte	3
 771 02e6 9A       		.byte	-102
 772 02e7 0C       		.byte	12
 773 02e8 9E       		.byte	-98
 774 02e9 50       		.byte	80
 775 02ea A0       		.byte	-96
 776 02eb 05       		.byte	5
 777 02ec A1       		.byte	-95
 778 02ed 06       		.byte	6
 779 02ee A2       		.byte	-94
 780 02ef 0A       		.byte	10
 781 02f0 A4       		.byte	-92
 782 02f1 0C       		.byte	12
 783 02f2 A6       		.byte	-90
 784 02f3 03       		.byte	3
 785 02f4 A9       		.byte	-87
 786 02f5 05       		.byte	5
 787 02f6 AC       		.byte	-84
 788 02f7 0A       		.byte	10
 789 02f8 AD       		.byte	-83
 790 02f9 10       		.byte	16
 791 02fa AE       		.byte	-82
 792 02fb 05       		.byte	5
 793 02fc AF       		.byte	-81
 794 02fd 08       		.byte	8
 795 02fe B0       		.byte	-80
 796 02ff 40       		.byte	64
 797 0300 B2       		.byte	-78
 798 0301 0F       		.byte	15
ARM GAS  C:\Users\dulan\AppData\Local\Temp\ccxNGjkl.s 			page 15


 799 0302 B3       		.byte	-77
 800 0303 07       		.byte	7
 801 0304 B4       		.byte	-76
 802 0305 20       		.byte	32
 803 0306 B5       		.byte	-75
 804 0307 08       		.byte	8
 805 0308 B6       		.byte	-74
 806 0309 10       		.byte	16
 807 030a B7       		.byte	-73
 808 030b 10       		.byte	16
 809 030c B9       		.byte	-71
 810 030d 88       		.byte	-120
 811 030e BE       		.byte	-66
 812 030f 50       		.byte	80
 813 0310 C0       		.byte	-64
 814 0311 13       		.byte	19
 815 0312 C1       		.byte	-63
 816 0313 06       		.byte	6
 817 0314 C9       		.byte	-55
 818 0315 FF       		.byte	-1
 819 0316 CA       		.byte	-54
 820 0317 FF       		.byte	-1
 821 0318 CB       		.byte	-53
 822 0319 FF       		.byte	-1
 823 031a CD       		.byte	-51
 824 031b A0       		.byte	-96
 825 031c CF       		.byte	-49
 826 031d 01       		.byte	1
 827 031e D0       		.byte	-48
 828 031f 18       		.byte	24
 829 0320 D4       		.byte	-44
 830 0321 0F       		.byte	15
 831 0322 D8       		.byte	-40
 832 0323 04       		.byte	4
 833 0324 D9       		.byte	-39
 834 0325 04       		.byte	4
 835 0326 DA       		.byte	-38
 836 0327 04       		.byte	4
 837 0328 DB       		.byte	-37
 838 0329 04       		.byte	4
 839 032a DF       		.byte	-33
 840 032b 05       		.byte	5
 841 032c E0       		.byte	-32
 842 032d 40       		.byte	64
 843 032e E2       		.byte	-30
 844 032f 80       		.byte	-128
 845 0330 E4       		.byte	-28
 846 0331 40       		.byte	64
 847 0332 E5       		.byte	-27
 848 0333 40       		.byte	64
 849 0334 E6       		.byte	-26
 850 0335 80       		.byte	-128
 851 0336 E8       		.byte	-24
 852 0337 40       		.byte	64
 853 0338 EA       		.byte	-22
 854 0339 80       		.byte	-128
 855 033a EC       		.byte	-20
ARM GAS  C:\Users\dulan\AppData\Local\Temp\ccxNGjkl.s 			page 16


 856 033b 40       		.byte	64
 857 033c ED       		.byte	-19
 858 033d 20       		.byte	32
 859 033e EE       		.byte	-18
 860 033f 80       		.byte	-128
 861 0340 00       		.byte	0
 862 0341 26       		.byte	38
 863 0342 02       		.byte	2
 864 0343 50       		.byte	80
 865 0344 05       		.byte	5
 866 0345 81       		.byte	-127
 867 0346 06       		.byte	6
 868 0347 02       		.byte	2
 869 0348 07       		.byte	7
 870 0349 28       		.byte	40
 871 034a 08       		.byte	8
 872 034b 42       		.byte	66
 873 034c 0A       		.byte	10
 874 034d 0A       		.byte	10
 875 034e 0B       		.byte	11
 876 034f 80       		.byte	-128
 877 0350 0C       		.byte	12
 878 0351 20       		.byte	32
 879 0352 0E       		.byte	14
 880 0353 20       		.byte	32
 881 0354 0F       		.byte	15
 882 0355 02       		.byte	2
 883 0356 11       		.byte	17
 884 0357 80       		.byte	-128
 885 0358 13       		.byte	19
 886 0359 20       		.byte	32
 887 035a 14       		.byte	20
 888 035b 02       		.byte	2
 889 035c 16       		.byte	22
 890 035d 50       		.byte	80
 891 035e 18       		.byte	24
 892 035f 08       		.byte	8
 893 0360 1A       		.byte	26
 894 0361 10       		.byte	16
 895 0362 1C       		.byte	28
 896 0363 20       		.byte	32
 897 0364 1D       		.byte	29
 898 0365 01       		.byte	1
 899 0366 1E       		.byte	30
 900 0367 2A       		.byte	42
 901 0368 1F       		.byte	31
 902 0369 08       		.byte	8
 903 036a 22       		.byte	34
 904 036b 01       		.byte	1
 905 036c 23       		.byte	35
 906 036d 10       		.byte	16
 907 036e 26       		.byte	38
 908 036f 08       		.byte	8
 909 0370 27       		.byte	39
 910 0371 2A       		.byte	42
 911 0372 28       		.byte	40
 912 0373 40       		.byte	64
ARM GAS  C:\Users\dulan\AppData\Local\Temp\ccxNGjkl.s 			page 17


 913 0374 29       		.byte	41
 914 0375 20       		.byte	32
 915 0376 2D       		.byte	45
 916 0377 80       		.byte	-128
 917 0378 2F       		.byte	47
 918 0379 48       		.byte	72
 919 037a 32       		.byte	50
 920 037b 10       		.byte	16
 921 037c 33       		.byte	51
 922 037d 01       		.byte	1
 923 037e 37       		.byte	55
 924 037f 20       		.byte	32
 925 0380 38       		.byte	56
 926 0381 10       		.byte	16
 927 0382 39       		.byte	57
 928 0383 02       		.byte	2
 929 0384 3C       		.byte	60
 930 0385 04       		.byte	4
 931 0386 3F       		.byte	63
 932 0387 02       		.byte	2
 933 0388 45       		.byte	69
 934 0389 88       		.byte	-120
 935 038a 49       		.byte	73
 936 038b 20       		.byte	32
 937 038c 4B       		.byte	75
 938 038d 10       		.byte	16
 939 038e 4E       		.byte	78
 940 038f 04       		.byte	4
 941 0390 5D       		.byte	93
 942 0391 10       		.byte	16
 943 0392 5E       		.byte	94
 944 0393 4A       		.byte	74
 945 0394 66       		.byte	102
 946 0395 08       		.byte	8
 947 0396 67       		.byte	103
 948 0397 04       		.byte	4
 949 0398 7E       		.byte	126
 950 0399 08       		.byte	8
 951 039a 84       		.byte	-124
 952 039b 20       		.byte	32
 953 039c 85       		.byte	-123
 954 039d 50       		.byte	80
 955 039e 87       		.byte	-121
 956 039f 01       		.byte	1
 957 03a0 90       		.byte	-112
 958 03a1 04       		.byte	4
 959 03a2 91       		.byte	-111
 960 03a3 02       		.byte	2
 961 03a4 92       		.byte	-110
 962 03a5 28       		.byte	40
 963 03a6 93       		.byte	-109
 964 03a7 C0       		.byte	-64
 965 03a8 94       		.byte	-108
 966 03a9 10       		.byte	16
 967 03aa 96       		.byte	-106
 968 03ab 10       		.byte	16
 969 03ac 9C       		.byte	-100
ARM GAS  C:\Users\dulan\AppData\Local\Temp\ccxNGjkl.s 			page 18


 970 03ad 40       		.byte	64
 971 03ae 9D       		.byte	-99
 972 03af 30       		.byte	48
 973 03b0 9F       		.byte	-97
 974 03b1 23       		.byte	35
 975 03b2 A1       		.byte	-95
 976 03b3 C0       		.byte	-64
 977 03b4 A4       		.byte	-92
 978 03b5 11       		.byte	17
 979 03b6 A7       		.byte	-89
 980 03b7 08       		.byte	8
 981 03b8 AA       		.byte	-86
 982 03b9 40       		.byte	64
 983 03ba AC       		.byte	-84
 984 03bb 02       		.byte	2
 985 03bc AF       		.byte	-81
 986 03bd 08       		.byte	8
 987 03be C0       		.byte	-64
 988 03bf FE       		.byte	-2
 989 03c0 C2       		.byte	-62
 990 03c1 EA       		.byte	-22
 991 03c2 C4       		.byte	-60
 992 03c3 B3       		.byte	-77
 993 03c4 CA       		.byte	-54
 994 03c5 B5       		.byte	-75
 995 03c6 CC       		.byte	-52
 996 03c7 25       		.byte	37
 997 03c8 CE       		.byte	-50
 998 03c9 C5       		.byte	-59
 999 03ca D0       		.byte	-48
 1000 03cb 50       		.byte	80
 1001 03cc D2       		.byte	-46
 1002 03cd 20       		.byte	32
 1003 03ce D6       		.byte	-42
 1004 03cf F0       		.byte	-16
 1005 03d0 D8       		.byte	-40
 1006 03d1 60       		.byte	96
 1007 03d2 DE       		.byte	-34
 1008 03d3 20       		.byte	32
 1009 03d4 EA       		.byte	-22
 1010 03d5 04       		.byte	4
 1011 03d6 EE       		.byte	-18
 1012 03d7 01       		.byte	1
 1013 03d8 03       		.byte	3
 1014 03d9 08       		.byte	8
 1015 03da 04       		.byte	4
 1016 03db 01       		.byte	1
 1017 03dc 08       		.byte	8
 1018 03dd 02       		.byte	2
 1019 03de 0C       		.byte	12
 1020 03df 01       		.byte	1
 1021 03e0 11       		.byte	17
 1022 03e1 02       		.byte	2
 1023 03e2 13       		.byte	19
 1024 03e3 01       		.byte	1
 1025 03e4 15       		.byte	21
 1026 03e5 01       		.byte	1
ARM GAS  C:\Users\dulan\AppData\Local\Temp\ccxNGjkl.s 			page 19


 1027 03e6 16       		.byte	22
 1028 03e7 08       		.byte	8
 1029 03e8 17       		.byte	23
 1030 03e9 02       		.byte	2
 1031 03ea 19       		.byte	25
 1032 03eb 01       		.byte	1
 1033 03ec 1B       		.byte	27
 1034 03ed 02       		.byte	2
 1035 03ee 1C       		.byte	28
 1036 03ef 01       		.byte	1
 1037 03f0 21       		.byte	33
 1038 03f1 01       		.byte	1
 1039 03f2 23       		.byte	35
 1040 03f3 06       		.byte	6
 1041 03f4 26       		.byte	38
 1042 03f5 06       		.byte	6
 1043 03f6 30       		.byte	48
 1044 03f7 02       		.byte	2
 1045 03f8 32       		.byte	50
 1046 03f9 01       		.byte	1
 1047 03fa 33       		.byte	51
 1048 03fb 04       		.byte	4
 1049 03fc 34       		.byte	52
 1050 03fd 04       		.byte	4
 1051 03fe 35       		.byte	53
 1052 03ff 08       		.byte	8
 1053 0400 36       		.byte	54
 1054 0401 08       		.byte	8
 1055 0402 37       		.byte	55
 1056 0403 03       		.byte	3
 1057 0404 38       		.byte	56
 1058 0405 08       		.byte	8
 1059 0406 3B       		.byte	59
 1060 0407 80       		.byte	-128
 1061 0408 3E       		.byte	62
 1062 0409 05       		.byte	5
 1063 040a 40       		.byte	64
 1064 040b 13       		.byte	19
 1065 040c 41       		.byte	65
 1066 040d 06       		.byte	6
 1067 040e 45       		.byte	69
 1068 040f 2C       		.byte	44
 1069 0410 46       		.byte	70
 1070 0411 40       		.byte	64
 1071 0412 47       		.byte	71
 1072 0413 3E       		.byte	62
 1073 0414 48       		.byte	72
 1074 0415 3B       		.byte	59
 1075 0416 49       		.byte	73
 1076 0417 FF       		.byte	-1
 1077 0418 4A       		.byte	74
 1078 0419 FF       		.byte	-1
 1079 041a 4B       		.byte	75
 1080 041b FF       		.byte	-1
 1081 041c 4D       		.byte	77
 1082 041d AF       		.byte	-81
 1083 041e 4E       		.byte	78
ARM GAS  C:\Users\dulan\AppData\Local\Temp\ccxNGjkl.s 			page 20


 1084 041f 07       		.byte	7
 1085 0420 4F       		.byte	79
 1086 0421 01       		.byte	1
 1087 0422 50       		.byte	80
 1088 0423 18       		.byte	24
 1089 0424 56       		.byte	86
 1090 0425 08       		.byte	8
 1091 0426 58       		.byte	88
 1092 0427 04       		.byte	4
 1093 0428 59       		.byte	89
 1094 0429 04       		.byte	4
 1095 042a 5A       		.byte	90
 1096 042b 04       		.byte	4
 1097 042c 5B       		.byte	91
 1098 042d 04       		.byte	4
 1099 042e 5D       		.byte	93
 1100 042f 90       		.byte	-112
 1101 0430 5F       		.byte	95
 1102 0431 01       		.byte	1
 1103 0432 60       		.byte	96
 1104 0433 40       		.byte	64
 1105 0434 62       		.byte	98
 1106 0435 80       		.byte	-128
 1107 0436 64       		.byte	100
 1108 0437 40       		.byte	64
 1109 0438 65       		.byte	101
 1110 0439 40       		.byte	64
 1111 043a 66       		.byte	102
 1112 043b 80       		.byte	-128
 1113 043c 68       		.byte	104
 1114 043d 40       		.byte	64
 1115 043e 6A       		.byte	106
 1116 043f 80       		.byte	-128
 1117 0440 6C       		.byte	108
 1118 0441 40       		.byte	64
 1119 0442 6D       		.byte	109
 1120 0443 20       		.byte	32
 1121 0444 6E       		.byte	110
 1122 0445 80       		.byte	-128
 1123 0446 81       		.byte	-127
 1124 0447 30       		.byte	48
 1125 0448 83       		.byte	-125
 1126 0449 C9       		.byte	-55
 1127 044a 84       		.byte	-124
 1128 044b 7F       		.byte	127
 1129 044c 89       		.byte	-119
 1130 044d FD       		.byte	-3
 1131 044e 8B       		.byte	-117
 1132 044f 02       		.byte	2
 1133 0450 8C       		.byte	-116
 1134 0451 0E       		.byte	14
 1135 0452 8E       		.byte	-114
 1136 0453 F0       		.byte	-16
 1137 0454 8F       		.byte	-113
 1138 0455 0F       		.byte	15
 1139 0456 91       		.byte	-111
 1140 0457 9E       		.byte	-98
ARM GAS  C:\Users\dulan\AppData\Local\Temp\ccxNGjkl.s 			page 21


 1141 0458 93       		.byte	-109
 1142 0459 60       		.byte	96
 1143 045a 94       		.byte	-108
 1144 045b A3       		.byte	-93
 1145 045c 96       		.byte	-106
 1146 045d 5C       		.byte	92
 1147 045e 99       		.byte	-103
 1148 045f CF       		.byte	-49
 1149 0460 9B       		.byte	-101
 1150 0461 30       		.byte	48
 1151 0462 9C       		.byte	-100
 1152 0463 C5       		.byte	-59
 1153 0464 9D       		.byte	-99
 1154 0465 94       		.byte	-108
 1155 0466 9E       		.byte	-98
 1156 0467 3A       		.byte	58
 1157 0468 9F       		.byte	-97
 1158 0469 60       		.byte	96
 1159 046a A5       		.byte	-91
 1160 046b 73       		.byte	115
 1161 046c A6       		.byte	-90
 1162 046d 01       		.byte	1
 1163 046e A8       		.byte	-88
 1164 046f FE       		.byte	-2
 1165 0470 AA       		.byte	-86
 1166 0471 01       		.byte	1
 1167 0472 AC       		.byte	-84
 1168 0473 96       		.byte	-106
 1169 0474 AE       		.byte	-82
 1170 0475 68       		.byte	104
 1171 0476 B0       		.byte	-80
 1172 0477 FF       		.byte	-1
 1173 0478 B3       		.byte	-77
 1174 0479 FF       		.byte	-1
 1175 047a BE       		.byte	-66
 1176 047b 01       		.byte	1
 1177 047c BF       		.byte	-65
 1178 047d 04       		.byte	4
 1179 047e D8       		.byte	-40
 1180 047f 04       		.byte	4
 1181 0480 D9       		.byte	-39
 1182 0481 04       		.byte	4
 1183 0482 DF       		.byte	-33
 1184 0483 01       		.byte	1
 1185 0484 01       		.byte	1
 1186 0485 08       		.byte	8
 1187 0486 03       		.byte	3
 1188 0487 01       		.byte	1
 1189 0488 05       		.byte	5
 1190 0489 10       		.byte	16
 1191 048a 06       		.byte	6
 1192 048b 02       		.byte	2
 1193 048c 07       		.byte	7
 1194 048d 20       		.byte	32
 1195 048e 0A       		.byte	10
 1196 048f 22       		.byte	34
 1197 0490 0E       		.byte	14
ARM GAS  C:\Users\dulan\AppData\Local\Temp\ccxNGjkl.s 			page 22


 1198 0491 20       		.byte	32
 1199 0492 0F       		.byte	15
 1200 0493 02       		.byte	2
 1201 0494 12       		.byte	18
 1202 0495 01       		.byte	1
 1203 0496 13       		.byte	19
 1204 0497 18       		.byte	24
 1205 0498 16       		.byte	22
 1206 0499 20       		.byte	32
 1207 049a 19       		.byte	25
 1208 049b 01       		.byte	1
 1209 049c 1D       		.byte	29
 1210 049d 18       		.byte	24
 1211 049e 1E       		.byte	30
 1212 049f 40       		.byte	64
 1213 04a0 1F       		.byte	31
 1214 04a1 40       		.byte	64
 1215 04a2 22       		.byte	34
 1216 04a3 08       		.byte	8
 1217 04a4 26       		.byte	38
 1218 04a5 94       		.byte	-108
 1219 04a6 27       		.byte	39
 1220 04a7 01       		.byte	1
 1221 04a8 29       		.byte	41
 1222 04a9 08       		.byte	8
 1223 04aa 2F       		.byte	47
 1224 04ab 40       		.byte	64
 1225 04ac 30       		.byte	48
 1226 04ad 01       		.byte	1
 1227 04ae 32       		.byte	50
 1228 04af 91       		.byte	-111
 1229 04b0 36       		.byte	54
 1230 04b1 14       		.byte	20
 1231 04b2 37       		.byte	55
 1232 04b3 01       		.byte	1
 1233 04b4 38       		.byte	56
 1234 04b5 40       		.byte	64
 1235 04b6 39       		.byte	57
 1236 04b7 02       		.byte	2
 1237 04b8 3A       		.byte	58
 1238 04b9 01       		.byte	1
 1239 04ba 3B       		.byte	59
 1240 04bb 10       		.byte	16
 1241 04bc 3F       		.byte	63
 1242 04bd 01       		.byte	1
 1243 04be 45       		.byte	69
 1244 04bf 88       		.byte	-120
 1245 04c0 4E       		.byte	78
 1246 04c1 04       		.byte	4
 1247 04c2 4F       		.byte	79
 1248 04c3 06       		.byte	6
 1249 04c4 56       		.byte	86
 1250 04c5 2A       		.byte	42
 1251 04c6 5F       		.byte	95
 1252 04c7 40       		.byte	64
 1253 04c8 67       		.byte	103
 1254 04c9 01       		.byte	1
ARM GAS  C:\Users\dulan\AppData\Local\Temp\ccxNGjkl.s 			page 23


 1255 04ca 6C       		.byte	108
 1256 04cb 01       		.byte	1
 1257 04cc 6D       		.byte	109
 1258 04cd 10       		.byte	16
 1259 04ce 80       		.byte	-128
 1260 04cf 01       		.byte	1
 1261 04d0 89       		.byte	-119
 1262 04d1 10       		.byte	16
 1263 04d2 91       		.byte	-111
 1264 04d3 02       		.byte	2
 1265 04d4 92       		.byte	-110
 1266 04d5 2A       		.byte	42
 1267 04d6 93       		.byte	-109
 1268 04d7 50       		.byte	80
 1269 04d8 94       		.byte	-108
 1270 04d9 10       		.byte	16
 1271 04da 96       		.byte	-106
 1272 04db 40       		.byte	64
 1273 04dc 97       		.byte	-105
 1274 04dd 04       		.byte	4
 1275 04de 9B       		.byte	-101
 1276 04df 20       		.byte	32
 1277 04e0 9D       		.byte	-99
 1278 04e1 10       		.byte	16
 1279 04e2 9E       		.byte	-98
 1280 04e3 0A       		.byte	10
 1281 04e4 9F       		.byte	-97
 1282 04e5 01       		.byte	1
 1283 04e6 A1       		.byte	-95
 1284 04e7 80       		.byte	-128
 1285 04e8 A4       		.byte	-92
 1286 04e9 01       		.byte	1
 1287 04ea A5       		.byte	-91
 1288 04eb 08       		.byte	8
 1289 04ec A7       		.byte	-89
 1290 04ed 01       		.byte	1
 1291 04ee A8       		.byte	-88
 1292 04ef 04       		.byte	4
 1293 04f0 C0       		.byte	-64
 1294 04f1 E5       		.byte	-27
 1295 04f2 C2       		.byte	-62
 1296 04f3 A5       		.byte	-91
 1297 04f4 C4       		.byte	-60
 1298 04f5 27       		.byte	39
 1299 04f6 CA       		.byte	-54
 1300 04f7 82       		.byte	-126
 1301 04f8 CC       		.byte	-52
 1302 04f9 ED       		.byte	-19
 1303 04fa CE       		.byte	-50
 1304 04fb 8D       		.byte	-115
 1305 04fc D0       		.byte	-48
 1306 04fd 50       		.byte	80
 1307 04fe D2       		.byte	-46
 1308 04ff 20       		.byte	32
 1309 0500 D6       		.byte	-42
 1310 0501 10       		.byte	16
 1311 0502 D8       		.byte	-40
ARM GAS  C:\Users\dulan\AppData\Local\Temp\ccxNGjkl.s 			page 24


 1312 0503 10       		.byte	16
 1313 0504 E4       		.byte	-28
 1314 0505 04       		.byte	4
 1315 0506 E0       		.byte	-32
 1316 0507 80       		.byte	-128
 1317 0508 E4       		.byte	-28
 1318 0509 04       		.byte	4
 1319 050a EA       		.byte	-22
 1320 050b 04       		.byte	4
 1321 050c EE       		.byte	-18
 1322 050d 01       		.byte	1
 1323 050e E2       		.byte	-30
 1324 050f 04       		.byte	4
 1325 0510 E6       		.byte	-26
 1326 0511 04       		.byte	4
 1327 0512 E8       		.byte	-24
 1328 0513 02       		.byte	2
 1329 0514 EA       		.byte	-22
 1330 0515 21       		.byte	33
 1331 0516 01       		.byte	1
 1332 0517 02       		.byte	2
 1333 0518 02       		.byte	2
 1334 0519 01       		.byte	1
 1335 051a 03       		.byte	3
 1336 051b 04       		.byte	4
 1337 051c 05       		.byte	5
 1338 051d 01       		.byte	1
 1339 051e 07       		.byte	7
 1340 051f 08       		.byte	8
 1341 0520 0D       		.byte	13
 1342 0521 10       		.byte	16
 1343 0522 0E       		.byte	14
 1344 0523 04       		.byte	4
 1345 0524 10       		.byte	16
 1346 0525 04       		.byte	4
 1347 0526 13       		.byte	19
 1348 0527 10       		.byte	16
 1349 0528 1D       		.byte	29
 1350 0529 10       		.byte	16
 1351 052a 1E       		.byte	30
 1352 052b 08       		.byte	8
 1353 052c 21       		.byte	33
 1354 052d 01       		.byte	1
 1355 052e 22       		.byte	34
 1356 052f 02       		.byte	2
 1357 0530 25       		.byte	37
 1358 0531 04       		.byte	4
 1359 0532 27       		.byte	39
 1360 0533 02       		.byte	2
 1361 0534 28       		.byte	40
 1362 0535 02       		.byte	2
 1363 0536 29       		.byte	41
 1364 0537 02       		.byte	2
 1365 0538 2B       		.byte	43
 1366 0539 04       		.byte	4
 1367 053a 2D       		.byte	45
 1368 053b 02       		.byte	2
ARM GAS  C:\Users\dulan\AppData\Local\Temp\ccxNGjkl.s 			page 25


 1369 053c 2E       		.byte	46
 1370 053d 04       		.byte	4
 1371 053e 2F       		.byte	47
 1372 053f 04       		.byte	4
 1373 0540 30       		.byte	48
 1374 0541 04       		.byte	4
 1375 0542 31       		.byte	49
 1376 0543 01       		.byte	1
 1377 0544 32       		.byte	50
 1378 0545 01       		.byte	1
 1379 0546 33       		.byte	51
 1380 0547 08       		.byte	8
 1381 0548 34       		.byte	52
 1382 0549 02       		.byte	2
 1383 054a 35       		.byte	53
 1384 054b 10       		.byte	16
 1385 054c 36       		.byte	54
 1386 054d 08       		.byte	8
 1387 054e 37       		.byte	55
 1388 054f 06       		.byte	6
 1389 0550 39       		.byte	57
 1390 0551 02       		.byte	2
 1391 0552 3B       		.byte	59
 1392 0553 80       		.byte	-128
 1393 0554 3E       		.byte	62
 1394 0555 11       		.byte	17
 1395 0556 3F       		.byte	63
 1396 0557 10       		.byte	16
 1397 0558 54       		.byte	84
 1398 0559 0F       		.byte	15
 1399 055a 56       		.byte	86
 1400 055b 04       		.byte	4
 1401 055c 58       		.byte	88
 1402 055d 04       		.byte	4
 1403 055e 59       		.byte	89
 1404 055f 04       		.byte	4
 1405 0560 5B       		.byte	91
 1406 0561 04       		.byte	4
 1407 0562 5F       		.byte	95
 1408 0563 01       		.byte	1
 1409 0564 8E       		.byte	-114
 1410 0565 04       		.byte	4
 1411 0566 96       		.byte	-106
 1412 0567 01       		.byte	1
 1413 0568 9B       		.byte	-101
 1414 0569 01       		.byte	1
 1415 056a A4       		.byte	-92
 1416 056b 02       		.byte	2
 1417 056c A9       		.byte	-87
 1418 056d 01       		.byte	1
 1419 056e B0       		.byte	-80
 1420 056f 04       		.byte	4
 1421 0570 B2       		.byte	-78
 1422 0571 01       		.byte	1
 1423 0572 B4       		.byte	-76
 1424 0573 02       		.byte	2
 1425 0574 B7       		.byte	-73
ARM GAS  C:\Users\dulan\AppData\Local\Temp\ccxNGjkl.s 			page 26


 1426 0575 01       		.byte	1
 1427 0576 BE       		.byte	-66
 1428 0577 10       		.byte	16
 1429 0578 BF       		.byte	-65
 1430 0579 40       		.byte	64
 1431 057a D6       		.byte	-42
 1432 057b 08       		.byte	8
 1433 057c D8       		.byte	-40
 1434 057d 04       		.byte	4
 1435 057e D9       		.byte	-39
 1436 057f 04       		.byte	4
 1437 0580 DB       		.byte	-37
 1438 0581 04       		.byte	4
 1439 0582 DD       		.byte	-35
 1440 0583 90       		.byte	-112
 1441 0584 DF       		.byte	-33
 1442 0585 01       		.byte	1
 1443 0586 00       		.byte	0
 1444 0587 41       		.byte	65
 1445 0588 05       		.byte	5
 1446 0589 80       		.byte	-128
 1447 058a 0A       		.byte	10
 1448 058b 80       		.byte	-128
 1449 058c 0B       		.byte	11
 1450 058d 02       		.byte	2
 1451 058e 0E       		.byte	14
 1452 058f 20       		.byte	32
 1453 0590 10       		.byte	16
 1454 0591 80       		.byte	-128
 1455 0592 12       		.byte	18
 1456 0593 08       		.byte	8
 1457 0594 13       		.byte	19
 1458 0595 40       		.byte	64
 1459 0596 16       		.byte	22
 1460 0597 20       		.byte	32
 1461 0598 18       		.byte	24
 1462 0599 03       		.byte	3
 1463 059a 1A       		.byte	26
 1464 059b 44       		.byte	68
 1465 059c 1B       		.byte	27
 1466 059d 04       		.byte	4
 1467 059e 1F       		.byte	31
 1468 059f 2B       		.byte	43
 1469 05a0 20       		.byte	32
 1470 05a1 02       		.byte	2
 1471 05a2 21       		.byte	33
 1472 05a3 02       		.byte	2
 1473 05a4 22       		.byte	34
 1474 05a5 18       		.byte	24
 1475 05a6 23       		.byte	35
 1476 05a7 40       		.byte	64
 1477 05a8 27       		.byte	39
 1478 05a9 02       		.byte	2
 1479 05aa 28       		.byte	40
 1480 05ab 20       		.byte	32
 1481 05ac 2A       		.byte	42
 1482 05ad 01       		.byte	1
ARM GAS  C:\Users\dulan\AppData\Local\Temp\ccxNGjkl.s 			page 27


 1483 05ae 2B       		.byte	43
 1484 05af 06       		.byte	6
 1485 05b0 2F       		.byte	47
 1486 05b1 08       		.byte	8
 1487 05b2 31       		.byte	49
 1488 05b3 02       		.byte	2
 1489 05b4 32       		.byte	50
 1490 05b5 40       		.byte	64
 1491 05b6 36       		.byte	54
 1492 05b7 10       		.byte	16
 1493 05b8 38       		.byte	56
 1494 05b9 46       		.byte	70
 1495 05ba 59       		.byte	89
 1496 05bb 0A       		.byte	10
 1497 05bc 5A       		.byte	90
 1498 05bd 60       		.byte	96
 1499 05be 5F       		.byte	95
 1500 05bf 80       		.byte	-128
 1501 05c0 60       		.byte	96
 1502 05c1 80       		.byte	-128
 1503 05c2 65       		.byte	101
 1504 05c3 80       		.byte	-128
 1505 05c4 68       		.byte	104
 1506 05c5 0A       		.byte	10
 1507 05c6 80       		.byte	-128
 1508 05c7 82       		.byte	-126
 1509 05c8 84       		.byte	-124
 1510 05c9 29       		.byte	41
 1511 05ca 8C       		.byte	-116
 1512 05cb 84       		.byte	-124
 1513 05cc 8F       		.byte	-113
 1514 05cd 80       		.byte	-128
 1515 05ce 90       		.byte	-112
 1516 05cf 40       		.byte	64
 1517 05d0 92       		.byte	-110
 1518 05d1 80       		.byte	-128
 1519 05d2 96       		.byte	-106
 1520 05d3 04       		.byte	4
 1521 05d4 99       		.byte	-103
 1522 05d5 0A       		.byte	10
 1523 05d6 9A       		.byte	-102
 1524 05d7 21       		.byte	33
 1525 05d8 9F       		.byte	-97
 1526 05d9 02       		.byte	2
 1527 05da A0       		.byte	-96
 1528 05db 80       		.byte	-128
 1529 05dc A2       		.byte	-94
 1530 05dd 10       		.byte	16
 1531 05de A4       		.byte	-92
 1532 05df 01       		.byte	1
 1533 05e0 A7       		.byte	-89
 1534 05e1 20       		.byte	32
 1535 05e2 AA       		.byte	-86
 1536 05e3 20       		.byte	32
 1537 05e4 B3       		.byte	-77
 1538 05e5 20       		.byte	32
 1539 05e6 C0       		.byte	-64
ARM GAS  C:\Users\dulan\AppData\Local\Temp\ccxNGjkl.s 			page 28


 1540 05e7 89       		.byte	-119
 1541 05e8 C2       		.byte	-62
 1542 05e9 29       		.byte	41
 1543 05ea C4       		.byte	-60
 1544 05eb 2B       		.byte	43
 1545 05ec CA       		.byte	-54
 1546 05ed 2F       		.byte	47
 1547 05ee CC       		.byte	-52
 1548 05ef 29       		.byte	41
 1549 05f0 CE       		.byte	-50
 1550 05f1 0B       		.byte	11
 1551 05f2 D6       		.byte	-42
 1552 05f3 1F       		.byte	31
 1553 05f4 D8       		.byte	-40
 1554 05f5 11       		.byte	17
 1555 05f6 E4       		.byte	-28
 1556 05f7 10       		.byte	16
 1557 05f8 EA       		.byte	-22
 1558 05f9 80       		.byte	-128
 1559 05fa 40       		.byte	64
 1560 05fb 46       		.byte	70
 1561 05fc 41       		.byte	65
 1562 05fd 01       		.byte	1
 1563 05fe 49       		.byte	73
 1564 05ff FF       		.byte	-1
 1565 0600 4A       		.byte	74
 1566 0601 FF       		.byte	-1
 1567 0602 4B       		.byte	75
 1568 0603 FF       		.byte	-1
 1569 0604 4D       		.byte	77
 1570 0605 A0       		.byte	-96
 1571 0606 4F       		.byte	79
 1572 0607 01       		.byte	1
 1573 0608 50       		.byte	80
 1574 0609 18       		.byte	24
 1575 060a 5A       		.byte	90
 1576 060b 04       		.byte	4
 1577 060c 5F       		.byte	95
 1578 060d 01       		.byte	1
 1579 060e 60       		.byte	96
 1580 060f 40       		.byte	64
 1581 0610 62       		.byte	98
 1582 0611 80       		.byte	-128
 1583 0612 64       		.byte	100
 1584 0613 40       		.byte	64
 1585 0614 65       		.byte	101
 1586 0615 40       		.byte	64
 1587 0616 66       		.byte	102
 1588 0617 80       		.byte	-128
 1589 0618 68       		.byte	104
 1590 0619 40       		.byte	64
 1591 061a 6A       		.byte	106
 1592 061b 80       		.byte	-128
 1593 061c 6C       		.byte	108
 1594 061d 40       		.byte	64
 1595 061e 6D       		.byte	109
 1596 061f 20       		.byte	32
ARM GAS  C:\Users\dulan\AppData\Local\Temp\ccxNGjkl.s 			page 29


 1597 0620 6E       		.byte	110
 1598 0621 80       		.byte	-128
 1599 0622 00       		.byte	0
 1600 0623 10       		.byte	16
 1601 0624 02       		.byte	2
 1602 0625 61       		.byte	97
 1603 0626 09       		.byte	9
 1604 0627 88       		.byte	-120
 1605 0628 0A       		.byte	10
 1606 0629 80       		.byte	-128
 1607 062a 10       		.byte	16
 1608 062b 80       		.byte	-128
 1609 062c 13       		.byte	19
 1610 062d 54       		.byte	84
 1611 062e 18       		.byte	24
 1612 062f 14       		.byte	20
 1613 0630 19       		.byte	25
 1614 0631 48       		.byte	72
 1615 0632 1A       		.byte	26
 1616 0633 48       		.byte	72
 1617 0634 1B       		.byte	27
 1618 0635 04       		.byte	4
 1619 0636 20       		.byte	32
 1620 0637 40       		.byte	64
 1621 0638 21       		.byte	33
 1622 0639 08       		.byte	8
 1623 063a 22       		.byte	34
 1624 063b 42       		.byte	66
 1625 063c 23       		.byte	35
 1626 063d 8C       		.byte	-116
 1627 063e 28       		.byte	40
 1628 063f 01       		.byte	1
 1629 0640 29       		.byte	41
 1630 0641 09       		.byte	9
 1631 0642 2A       		.byte	42
 1632 0643 40       		.byte	64
 1633 0644 32       		.byte	50
 1634 0645 BA       		.byte	-70
 1635 0646 38       		.byte	56
 1636 0647 80       		.byte	-128
 1637 0648 39       		.byte	57
 1638 0649 12       		.byte	18
 1639 064a 3B       		.byte	59
 1640 064b 14       		.byte	20
 1641 064c 40       		.byte	64
 1642 064d 04       		.byte	4
 1643 064e 42       		.byte	66
 1644 064f C0       		.byte	-64
 1645 0650 46       		.byte	70
 1646 0651 80       		.byte	-128
 1647 0652 47       		.byte	71
 1648 0653 80       		.byte	-128
 1649 0654 48       		.byte	72
 1650 0655 80       		.byte	-128
 1651 0656 4A       		.byte	74
 1652 0657 12       		.byte	18
 1653 0658 4E       		.byte	78
ARM GAS  C:\Users\dulan\AppData\Local\Temp\ccxNGjkl.s 			page 30


 1654 0659 04       		.byte	4
 1655 065a 50       		.byte	80
 1656 065b 40       		.byte	64
 1657 065c 51       		.byte	81
 1658 065d 80       		.byte	-128
 1659 065e 52       		.byte	82
 1660 065f 15       		.byte	21
 1661 0660 58       		.byte	88
 1662 0661 20       		.byte	32
 1663 0662 59       		.byte	89
 1664 0663 40       		.byte	64
 1665 0664 5A       		.byte	90
 1666 0665 04       		.byte	4
 1667 0666 5B       		.byte	91
 1668 0667 02       		.byte	2
 1669 0668 5C       		.byte	92
 1670 0669 20       		.byte	32
 1671 066a 5E       		.byte	94
 1672 066b 20       		.byte	32
 1673 066c 62       		.byte	98
 1674 066d 14       		.byte	20
 1675 066e 73       		.byte	115
 1676 066f 40       		.byte	64
 1677 0670 7B       		.byte	123
 1678 0671 04       		.byte	4
 1679 0672 85       		.byte	-123
 1680 0673 12       		.byte	18
 1681 0674 91       		.byte	-111
 1682 0675 02       		.byte	2
 1683 0676 92       		.byte	-110
 1684 0677 20       		.byte	32
 1685 0678 93       		.byte	-109
 1686 0679 10       		.byte	16
 1687 067a 94       		.byte	-108
 1688 067b 50       		.byte	80
 1689 067c 98       		.byte	-104
 1690 067d 01       		.byte	1
 1691 067e 99       		.byte	-103
 1692 067f 01       		.byte	1
 1693 0680 9D       		.byte	-99
 1694 0681 08       		.byte	8
 1695 0682 9F       		.byte	-97
 1696 0683 08       		.byte	8
 1697 0684 A2       		.byte	-94
 1698 0685 88       		.byte	-120
 1699 0686 A4       		.byte	-92
 1700 0687 01       		.byte	1
 1701 0688 C0       		.byte	-64
 1702 0689 0F       		.byte	15
 1703 068a C2       		.byte	-62
 1704 068b 0D       		.byte	13
 1705 068c C4       		.byte	-60
 1706 068d 0F       		.byte	15
 1707 068e CA       		.byte	-54
 1708 068f 0B       		.byte	11
 1709 0690 CC       		.byte	-52
 1710 0691 0F       		.byte	15
ARM GAS  C:\Users\dulan\AppData\Local\Temp\ccxNGjkl.s 			page 31


 1711 0692 CE       		.byte	-50
 1712 0693 0F       		.byte	15
 1713 0694 D0       		.byte	-48
 1714 0695 95       		.byte	-107
 1715 0696 D2       		.byte	-46
 1716 0697 28       		.byte	40
 1717 0698 D6       		.byte	-42
 1718 0699 0F       		.byte	15
 1719 069a D8       		.byte	-40
 1720 069b 06       		.byte	6
 1721 069c DE       		.byte	-34
 1722 069d 04       		.byte	4
 1723 069e 32       		.byte	50
 1724 069f 06       		.byte	6
 1725 06a0 33       		.byte	51
 1726 06a1 40       		.byte	64
 1727 06a2 36       		.byte	54
 1728 06a3 12       		.byte	18
 1729 06a4 83       		.byte	-125
 1730 06a5 40       		.byte	64
 1731 06a6 88       		.byte	-120
 1732 06a7 10       		.byte	16
 1733 06a8 8C       		.byte	-116
 1734 06a9 10       		.byte	16
 1735 06aa CC       		.byte	-52
 1736 06ab F0       		.byte	-16
 1737 06ac E2       		.byte	-30
 1738 06ad 20       		.byte	32
 1739 06ae 50       		.byte	80
 1740 06af 04       		.byte	4
 1741 06b0 53       		.byte	83
 1742 06b1 01       		.byte	1
 1743 06b2 54       		.byte	84
 1744 06b3 80       		.byte	-128
 1745 06b4 5F       		.byte	95
 1746 06b5 80       		.byte	-128
 1747 06b6 80       		.byte	-128
 1748 06b7 80       		.byte	-128
 1749 06b8 83       		.byte	-125
 1750 06b9 01       		.byte	1
 1751 06ba 8A       		.byte	-118
 1752 06bb 10       		.byte	16
 1753 06bc 90       		.byte	-112
 1754 06bd 10       		.byte	16
 1755 06be 94       		.byte	-108
 1756 06bf 80       		.byte	-128
 1757 06c0 96       		.byte	-106
 1758 06c1 08       		.byte	8
 1759 06c2 9B       		.byte	-101
 1760 06c3 80       		.byte	-128
 1761 06c4 9C       		.byte	-100
 1762 06c5 10       		.byte	16
 1763 06c6 9F       		.byte	-97
 1764 06c7 40       		.byte	64
 1765 06c8 A3       		.byte	-93
 1766 06c9 40       		.byte	64
 1767 06ca A6       		.byte	-90
ARM GAS  C:\Users\dulan\AppData\Local\Temp\ccxNGjkl.s 			page 32


 1768 06cb 10       		.byte	16
 1769 06cc AB       		.byte	-85
 1770 06cd 80       		.byte	-128
 1771 06ce B4       		.byte	-76
 1772 06cf 40       		.byte	64
 1773 06d0 D4       		.byte	-44
 1774 06d1 E0       		.byte	-32
 1775 06d2 D6       		.byte	-42
 1776 06d3 20       		.byte	32
 1777 06d4 E2       		.byte	-30
 1778 06d5 20       		.byte	32
 1779 06d6 E6       		.byte	-26
 1780 06d7 20       		.byte	32
 1781 06d8 EA       		.byte	-22
 1782 06d9 80       		.byte	-128
 1783 06da 1A       		.byte	26
 1784 06db 08       		.byte	8
 1785 06dc 50       		.byte	80
 1786 06dd 40       		.byte	64
 1787 06de 57       		.byte	87
 1788 06df 40       		.byte	64
 1789 06e0 59       		.byte	89
 1790 06e1 04       		.byte	4
 1791 06e2 5C       		.byte	92
 1792 06e3 02       		.byte	2
 1793 06e4 62       		.byte	98
 1794 06e5 20       		.byte	32
 1795 06e6 90       		.byte	-112
 1796 06e7 10       		.byte	16
 1797 06e8 94       		.byte	-108
 1798 06e9 80       		.byte	-128
 1799 06ea 96       		.byte	-106
 1800 06eb 08       		.byte	8
 1801 06ec 9C       		.byte	-100
 1802 06ed 10       		.byte	16
 1803 06ee 9F       		.byte	-97
 1804 06ef 40       		.byte	64
 1805 06f0 A3       		.byte	-93
 1806 06f1 40       		.byte	64
 1807 06f2 A8       		.byte	-88
 1808 06f3 04       		.byte	4
 1809 06f4 C6       		.byte	-58
 1810 06f5 40       		.byte	64
 1811 06f6 D4       		.byte	-44
 1812 06f7 60       		.byte	96
 1813 06f8 D6       		.byte	-42
 1814 06f9 C0       		.byte	-64
 1815 06fa D8       		.byte	-40
 1816 06fb 40       		.byte	64
 1817 06fc EE       		.byte	-18
 1818 06fd 80       		.byte	-128
 1819 06fe 18       		.byte	24
 1820 06ff 80       		.byte	-128
 1821 0700 1E       		.byte	30
 1822 0701 40       		.byte	64
 1823 0702 90       		.byte	-112
 1824 0703 10       		.byte	16
ARM GAS  C:\Users\dulan\AppData\Local\Temp\ccxNGjkl.s 			page 33


 1825 0704 94       		.byte	-108
 1826 0705 80       		.byte	-128
 1827 0706 9C       		.byte	-100
 1828 0707 10       		.byte	16
 1829 0708 9F       		.byte	-97
 1830 0709 40       		.byte	64
 1831 070a A8       		.byte	-88
 1832 070b 02       		.byte	2
 1833 070c A9       		.byte	-87
 1834 070d 04       		.byte	4
 1835 070e AA       		.byte	-86
 1836 070f 20       		.byte	32
 1837 0710 C6       		.byte	-58
 1838 0711 30       		.byte	48
 1839 0712 EE       		.byte	-18
 1840 0713 80       		.byte	-128
 1841 0714 14       		.byte	20
 1842 0715 10       		.byte	16
 1843 0716 2A       		.byte	42
 1844 0717 80       		.byte	-128
 1845 0718 C4       		.byte	-60
 1846 0719 04       		.byte	4
 1847 071a CA       		.byte	-54
 1848 071b 08       		.byte	8
 1849 071c 12       		.byte	18
 1850 071d 20       		.byte	32
 1851 071e 81       		.byte	-127
 1852 071f 88       		.byte	-120
 1853 0720 9B       		.byte	-101
 1854 0721 01       		.byte	1
 1855 0722 AA       		.byte	-86
 1856 0723 80       		.byte	-128
 1857 0724 AF       		.byte	-81
 1858 0725 01       		.byte	1
 1859 0726 B0       		.byte	-80
 1860 0727 10       		.byte	16
 1861 0728 C4       		.byte	-60
 1862 0729 08       		.byte	8
 1863 072a EA       		.byte	-22
 1864 072b 04       		.byte	4
 1865 072c 01       		.byte	1
 1866 072d 80       		.byte	-128
 1867 072e 9B       		.byte	-101
 1868 072f 01       		.byte	1
 1869 0730 9D       		.byte	-99
 1870 0731 88       		.byte	-120
 1871 0732 A4       		.byte	-92
 1872 0733 80       		.byte	-128
 1873 0734 A8       		.byte	-88
 1874 0735 80       		.byte	-128
 1875 0736 AA       		.byte	-86
 1876 0737 20       		.byte	32
 1877 0738 C0       		.byte	-64
 1878 0739 02       		.byte	2
 1879 073a 01       		.byte	1
 1880 073b 08       		.byte	8
 1881 073c 82       		.byte	-126
ARM GAS  C:\Users\dulan\AppData\Local\Temp\ccxNGjkl.s 			page 34


 1882 073d 02       		.byte	2
 1883 073e 89       		.byte	-119
 1884 073f 02       		.byte	2
 1885 0740 9B       		.byte	-101
 1886 0741 01       		.byte	1
 1887 0742 9D       		.byte	-99
 1888 0743 08       		.byte	8
 1889 0744 A4       		.byte	-92
 1890 0745 80       		.byte	-128
 1891 0746 C0       		.byte	-64
 1892 0747 08       		.byte	8
 1893 0748 E0       		.byte	-32
 1894 0749 01       		.byte	1
 1895 074a 51       		.byte	81
 1896 074b 08       		.byte	8
 1897 074c 57       		.byte	87
 1898 074d 80       		.byte	-128
 1899 074e 5A       		.byte	90
 1900 074f 40       		.byte	64
 1901 0750 5C       		.byte	92
 1902 0751 10       		.byte	16
 1903 0752 90       		.byte	-112
 1904 0753 10       		.byte	16
 1905 0754 92       		.byte	-110
 1906 0755 40       		.byte	64
 1907 0756 9C       		.byte	-100
 1908 0757 10       		.byte	16
 1909 0758 9F       		.byte	-97
 1910 0759 40       		.byte	64
 1911 075a D4       		.byte	-44
 1912 075b E0       		.byte	-32
 1913 075c D6       		.byte	-42
 1914 075d 20       		.byte	32
 1915 075e 08       		.byte	8
 1916 075f 10       		.byte	16
 1917 0760 0F       		.byte	15
 1918 0761 01       		.byte	1
 1919 0762 7B       		.byte	123
 1920 0763 02       		.byte	2
 1921 0764 83       		.byte	-125
 1922 0765 42       		.byte	66
 1923 0766 85       		.byte	-123
 1924 0767 08       		.byte	8
 1925 0768 8F       		.byte	-113
 1926 0769 01       		.byte	1
 1927 076a 9C       		.byte	-100
 1928 076b 10       		.byte	16
 1929 076c 9F       		.byte	-97
 1930 076d 40       		.byte	64
 1931 076e A5       		.byte	-91
 1932 076f 08       		.byte	8
 1933 0770 AA       		.byte	-86
 1934 0771 40       		.byte	64
 1935 0772 B3       		.byte	-77
 1936 0773 80       		.byte	-128
 1937 0774 C2       		.byte	-62
 1938 0775 C0       		.byte	-64
ARM GAS  C:\Users\dulan\AppData\Local\Temp\ccxNGjkl.s 			page 35


 1939 0776 DC       		.byte	-36
 1940 0777 80       		.byte	-128
 1941 0778 E2       		.byte	-30
 1942 0779 60       		.byte	96
 1943 077a E6       		.byte	-26
 1944 077b 80       		.byte	-128
 1945 077c E8       		.byte	-24
 1946 077d 20       		.byte	32
 1947 077e 5B       		.byte	91
 1948 077f 01       		.byte	1
 1949 0780 66       		.byte	102
 1950 0781 02       		.byte	2
 1951 0782 75       		.byte	117
 1952 0783 02       		.byte	2
 1953 0784 99       		.byte	-103
 1954 0785 02       		.byte	2
 1955 0786 9A       		.byte	-102
 1956 0787 02       		.byte	2
 1957 0788 9B       		.byte	-101
 1958 0789 01       		.byte	1
 1959 078a A4       		.byte	-92
 1960 078b 80       		.byte	-128
 1961 078c D6       		.byte	-42
 1962 078d 02       		.byte	2
 1963 078e D8       		.byte	-40
 1964 078f 01       		.byte	1
 1965 0790 DE       		.byte	-34
 1966 0791 04       		.byte	4
 1967 0792 10       		.byte	16
 1968 0793 80       		.byte	-128
 1969 0794 A4       		.byte	-92
 1970 0795 80       		.byte	-128
 1971 0796 C4       		.byte	-60
 1972 0797 08       		.byte	8
 1973 0798 00       		.byte	0
 1974 0799 01       		.byte	1
 1975 079a 01       		.byte	1
 1976 079b 01       		.byte	1
 1977 079c 08       		.byte	8
 1978 079d 01       		.byte	1
 1979 079e 09       		.byte	9
 1980 079f 01       		.byte	1
 1981 07a0 0A       		.byte	10
 1982 07a1 01       		.byte	1
 1983 07a2 0B       		.byte	11
 1984 07a3 01       		.byte	1
 1985 07a4 10       		.byte	16
 1986 07a5 01       		.byte	1
 1987 07a6 11       		.byte	17
 1988 07a7 01       		.byte	1
 1989 07a8 1A       		.byte	26
 1990 07a9 01       		.byte	1
 1991 07aa 1B       		.byte	27
 1992 07ab 01       		.byte	1
 1993 07ac 00       		.byte	0
 1994 07ad AF       		.byte	-81
 1995 07ae 00       		.byte	0
ARM GAS  C:\Users\dulan\AppData\Local\Temp\ccxNGjkl.s 			page 36


 1996 07af 00       		.byte	0
 1997 07b0 0C       		.byte	12
 1998 07b1 40       		.byte	64
 1999 07b2 00       		.byte	0
 2000 07b3 01       		.byte	1
 2001 07b4 0C       		.byte	12
 2002 07b5 00       		.byte	0
 2003 07b6 00       		.byte	0
 2004 07b7 08       		.byte	8
 2005 07b8 26       		.byte	38
 2006 07b9 71       		.byte	113
 2007 07ba 00       		.byte	0
 2008 07bb 00       		.byte	0
 2009 07bc 20       		.byte	32
 2010 07bd 00       		.byte	0
 2011 07be 00       		.byte	0
 2012 07bf 04       		.byte	4
 2013 07c0 01       		.byte	1
 2014 07c1 00       		.byte	0
 2015 07c2 00       		.byte	0
 2016 07c3 70       		.byte	112
 2017 07c4 10       		.byte	16
 2018 07c5 00       		.byte	0
 2019 07c6 00       		.byte	0
 2020 07c7 80       		.byte	-128
 2021 07c8 00       		.byte	0
 2022 07c9 01       		.byte	1
 2023 07ca 00       		.byte	0
 2024 07cb 40       		.byte	64
 2025 07cc 00       		.byte	0
 2026 07cd 11       		.byte	17
 2027 07ce 01       		.byte	1
 2028 07cf 20       		.byte	32
 2029 07d0 20       		.byte	32
 2030 07d1 00       		.byte	0
 2031 07d2 00       		.byte	0
 2032 07d3 02       		.byte	2
 2033 07d4 00       		.byte	0
 2034 07d5 70       		.byte	112
 2035 07d6 10       		.byte	16
 2036 07d7 00       		.byte	0
 2037 07d8 0A       		.byte	10
 2038 07d9 00       		.byte	0
 2039 07da 00       		.byte	0
 2040 07db 00       		.byte	0
 2041 07dc 00       		.byte	0
 2042 07dd 11       		.byte	17
 2043 07de 10       		.byte	16
 2044 07df 20       		.byte	32
 2045 07e0 10       		.byte	16
 2046 07e1 F0       		.byte	-16
 2047 07e2 0E       		.byte	14
 2048 07e3 08       		.byte	8
 2049 07e4 20       		.byte	32
 2050 07e5 03       		.byte	3
 2051 07e6 01       		.byte	1
 2052 07e7 04       		.byte	4
ARM GAS  C:\Users\dulan\AppData\Local\Temp\ccxNGjkl.s 			page 37


 2053 07e8 28       		.byte	40
 2054 07e9 00       		.byte	0
 2055 07ea 00       		.byte	0
 2056 07eb 00       		.byte	0
 2057 07ec 00       		.byte	0
 2058 07ed 00       		.byte	0
 2059 07ee 51       		.byte	81
 2060 07ef 00       		.byte	0
 2061 07f0 42       		.byte	66
 2062 07f1 05       		.byte	5
 2063 07f2 00       		.byte	0
 2064 07f3 00       		.byte	0
 2065 07f4 00       		.byte	0
 2066 07f5 32       		.byte	50
 2067 07f6 C4       		.byte	-60
 2068 07f7 2E       		.byte	46
 2069 07f8 3F       		.byte	63
 2070 07f9 FF       		.byte	-1
 2071 07fa FF       		.byte	-1
 2072 07fb FF       		.byte	-1
 2073 07fc 00       		.byte	0
 2074 07fd AF       		.byte	-81
 2075 07fe 07       		.byte	7
 2076 07ff 01       		.byte	1
 2077 0800 18       		.byte	24
 2078 0801 00       		.byte	0
 2079 0802 80       		.byte	-128
 2080 0803 00       		.byte	0
 2081 0804 0F       		.byte	15
 2082 0805 00       		.byte	0
 2083 0806 00       		.byte	0
 2084 0807 00       		.byte	0
 2085 0808 04       		.byte	4
 2086 0809 04       		.byte	4
 2087 080a 04       		.byte	4
 2088 080b 04       		.byte	4
 2089 080c 00       		.byte	0
 2090 080d 00       		.byte	0
 2091 080e 00       		.byte	0
 2092 080f 05       		.byte	5
 2093 0810 40       		.byte	64
 2094 0811 00       		.byte	0
 2095 0812 80       		.byte	-128
 2096 0813 00       		.byte	0
 2097 0814 40       		.byte	64
 2098 0815 40       		.byte	64
 2099 0816 80       		.byte	-128
 2100 0817 00       		.byte	0
 2101 0818 40       		.byte	64
 2102 0819 00       		.byte	0
 2103 081a 80       		.byte	-128
 2104 081b 00       		.byte	0
 2105 081c 40       		.byte	64
 2106 081d 20       		.byte	32
 2107 081e 80       		.byte	-128
 2108 081f 00       		.byte	0
 2109 0820 00       		.byte	0
ARM GAS  C:\Users\dulan\AppData\Local\Temp\ccxNGjkl.s 			page 38


 2110 0821 00       		.byte	0
 2111 0822 00       		.byte	0
 2112 0823 00       		.byte	0
 2113 0824 00       		.byte	0
 2114 0825 00       		.byte	0
 2115 0826 00       		.byte	0
 2116 0827 00       		.byte	0
 2117 0828 00       		.byte	0
 2118 0829 00       		.byte	0
 2119 082a 00       		.byte	0
 2120 082b 00       		.byte	0
 2121 082c 00       		.byte	0
 2122 082d 00       		.byte	0
 2123 082e 00       		.byte	0
 2124 082f 00       		.byte	0
 2125 0830 00       		.byte	0
 2126 0831 0F       		.byte	15
 2127 0832 0F       		.byte	15
 2128 0833 00       		.byte	0
 2129 0834 0F       		.byte	15
 2130 0835 00       		.byte	0
 2131 0836 00       		.byte	0
 2132 0837 00       		.byte	0
 2133 0838 60       		.byte	96
 2134 0839 07       		.byte	7
 2135 083a 07       		.byte	7
 2136 083b 00       		.byte	0
 2137 083c 07       		.byte	7
 2138 083d 00       		.byte	0
 2139 083e 00       		.byte	0
 2140 083f 00       		.byte	0
 2141 0840 00       		.byte	0
 2142 0841 1F       		.byte	31
 2143 0842 1F       		.byte	31
 2144 0843 00       		.byte	0
 2145 0844 1F       		.byte	31
 2146 0845 00       		.byte	0
 2147 0846 00       		.byte	0
 2148 0847 00       		.byte	0
 2149 0848 00       		.byte	0
 2150 0849 CB       		.byte	-53
 2151 084a CB       		.byte	-53
 2152 084b 00       		.byte	0
 2153 084c C0       		.byte	-64
 2154 084d 00       		.byte	0
 2155 084e 00       		.byte	0
 2156 084f 00       		.byte	0
 2157 0850 00       		.byte	0
 2158 0851 07       		.byte	7
 2159 0852 07       		.byte	7
 2160 0853 00       		.byte	0
 2161 0854 00       		.byte	0
 2162 0855 00       		.byte	0
 2163 0856 00       		.byte	0
 2164 0857 00       		.byte	0
 2165 0858 C0       		.byte	-64
 2166 0859 00       		.byte	0
ARM GAS  C:\Users\dulan\AppData\Local\Temp\ccxNGjkl.s 			page 39


 2167 085a 00       		.byte	0
 2168 085b 00       		.byte	0
 2169 085c 00       		.byte	0
 2170 085d 00       		.byte	0
 2171 085e 0F       		.byte	15
 2172 085f 00       		.byte	0
 2173 0860 2F       		.byte	47
 2174 0861 00       		.byte	0
 2175 0862 1C       		.byte	28
 2176 0863 01       		.byte	1
 2177              		.section	.cywolatch,"a",%progbits
 2178              		.align	2
 2179              		.type	cy_meta_wonvl, %object
 2180              		.size	cy_meta_wonvl, 4
 2181              	cy_meta_wonvl:
 2182 0000 BC       		.byte	-68
 2183 0001 90       		.byte	-112
 2184 0002 AC       		.byte	-84
 2185 0003 AF       		.byte	-81
 2186              		.section	.cycustnvl,"a",%progbits
 2187              		.align	2
 2188              		.type	cy_meta_custnvl, %object
 2189              		.size	cy_meta_custnvl, 4
 2190              	cy_meta_custnvl:
 2191 0000 00       		.byte	0
 2192 0001 00       		.byte	0
 2193 0002 40       		.byte	64
 2194 0003 05       		.byte	5
 2195              		.section	.cymeta,"a",%progbits
 2196              		.align	2
 2197              		.type	cy_metadata, %object
 2198              		.size	cy_metadata, 12
 2199              	cy_metadata:
 2200 0000 00       		.byte	0
 2201 0001 01       		.byte	1
 2202 0002 2E       		.byte	46
 2203 0003 16       		.byte	22
 2204 0004 10       		.byte	16
 2205 0005 69       		.byte	105
 2206 0006 00       		.byte	0
 2207 0007 01       		.byte	1
 2208 0008 00       		.byte	0
 2209 0009 00       		.byte	0
 2210 000a 00       		.byte	0
 2211 000b 00       		.byte	0
 2212              		.section	.cyflashprotect,"a",%progbits
 2213              		.align	2
 2214              		.type	cy_meta_flashprotect, %object
 2215              		.size	cy_meta_flashprotect, 256
 2216              	cy_meta_flashprotect:
 2217 0000 00000000 		.space	256
 2217      00000000 
 2217      00000000 
 2217      00000000 
 2217      00000000 
 2218              		.text
 2219              	.Letext0:
ARM GAS  C:\Users\dulan\AppData\Local\Temp\ccxNGjkl.s 			page 40


 2220              		.file 1 "c:\\program files (x86)\\cypress\\psoc creator\\4.4\\psoc creator\\import\\gnu\\arm\\5.4.
 2221              		.file 2 "c:\\program files (x86)\\cypress\\psoc creator\\4.4\\psoc creator\\import\\gnu\\arm\\5.4.
 2222              		.file 3 "Generated_Source\\PSoC5\\cymetadata.c"
 2223              		.section	.debug_info,"",%progbits
 2224              	.Ldebug_info0:
 2225 0000 35010000 		.4byte	0x135
 2226 0004 0400     		.2byte	0x4
 2227 0006 00000000 		.4byte	.Ldebug_abbrev0
 2228 000a 04       		.byte	0x4
 2229 000b 01       		.uleb128 0x1
 2230 000c 24000000 		.4byte	.LASF17
 2231 0010 0C       		.byte	0xc
 2232 0011 F0010000 		.4byte	.LASF18
 2233 0015 F9000000 		.4byte	.LASF19
 2234 0019 00000000 		.4byte	.Ldebug_line0
 2235 001d 02       		.uleb128 0x2
 2236 001e 01       		.byte	0x1
 2237 001f 06       		.byte	0x6
 2238 0020 E4010000 		.4byte	.LASF0
 2239 0024 03       		.uleb128 0x3
 2240 0025 00000000 		.4byte	.LASF9
 2241 0029 01       		.byte	0x1
 2242 002a 1D       		.byte	0x1d
 2243 002b 2F000000 		.4byte	0x2f
 2244 002f 02       		.uleb128 0x2
 2245 0030 01       		.byte	0x1
 2246 0031 08       		.byte	0x8
 2247 0032 16000000 		.4byte	.LASF1
 2248 0036 02       		.uleb128 0x2
 2249 0037 02       		.byte	0x2
 2250 0038 05       		.byte	0x5
 2251 0039 D1010000 		.4byte	.LASF2
 2252 003d 02       		.uleb128 0x2
 2253 003e 02       		.byte	0x2
 2254 003f 07       		.byte	0x7
 2255 0040 C4000000 		.4byte	.LASF3
 2256 0044 02       		.uleb128 0x2
 2257 0045 04       		.byte	0x4
 2258 0046 05       		.byte	0x5
 2259 0047 DB010000 		.4byte	.LASF4
 2260 004b 02       		.uleb128 0x2
 2261 004c 04       		.byte	0x4
 2262 004d 07       		.byte	0x7
 2263 004e B2000000 		.4byte	.LASF5
 2264 0052 02       		.uleb128 0x2
 2265 0053 08       		.byte	0x8
 2266 0054 05       		.byte	0x5
 2267 0055 C3010000 		.4byte	.LASF6
 2268 0059 02       		.uleb128 0x2
 2269 005a 08       		.byte	0x8
 2270 005b 07       		.byte	0x7
 2271 005c 78010000 		.4byte	.LASF7
 2272 0060 04       		.uleb128 0x4
 2273 0061 04       		.byte	0x4
 2274 0062 05       		.byte	0x5
 2275 0063 696E7400 		.ascii	"int\000"
 2276 0067 02       		.uleb128 0x2
ARM GAS  C:\Users\dulan\AppData\Local\Temp\ccxNGjkl.s 			page 41


 2277 0068 04       		.byte	0x4
 2278 0069 07       		.byte	0x7
 2279 006a 6B010000 		.4byte	.LASF8
 2280 006e 03       		.uleb128 0x3
 2281 006f 8F010000 		.4byte	.LASF10
 2282 0073 02       		.byte	0x2
 2283 0074 18       		.byte	0x18
 2284 0075 24000000 		.4byte	0x24
 2285 0079 05       		.uleb128 0x5
 2286 007a 91000000 		.4byte	0x91
 2287 007e 8A000000 		.4byte	0x8a
 2288 0082 06       		.uleb128 0x6
 2289 0083 8A000000 		.4byte	0x8a
 2290 0087 6308     		.2byte	0x863
 2291 0089 00       		.byte	0
 2292 008a 02       		.uleb128 0x2
 2293 008b 04       		.byte	0x4
 2294 008c 07       		.byte	0x7
 2295 008d BA010000 		.4byte	.LASF11
 2296 0091 07       		.uleb128 0x7
 2297 0092 6E000000 		.4byte	0x6e
 2298 0096 08       		.uleb128 0x8
 2299 0097 E7000000 		.4byte	.LASF12
 2300 009b 03       		.byte	0x3
 2301 009c 1F       		.byte	0x1f
 2302 009d A7000000 		.4byte	0xa7
 2303 00a1 05       		.uleb128 0x5
 2304 00a2 03       		.byte	0x3
 2305 00a3 00000000 		.4byte	cy_meta_configecc
 2306 00a7 07       		.uleb128 0x7
 2307 00a8 79000000 		.4byte	0x79
 2308 00ac 05       		.uleb128 0x5
 2309 00ad 91000000 		.4byte	0x91
 2310 00b1 BC000000 		.4byte	0xbc
 2311 00b5 09       		.uleb128 0x9
 2312 00b6 8A000000 		.4byte	0x8a
 2313 00ba 03       		.byte	0x3
 2314 00bb 00       		.byte	0
 2315 00bc 0A       		.uleb128 0xa
 2316 00bd D7000000 		.4byte	.LASF13
 2317 00c1 03       		.byte	0x3
 2318 00c2 3901     		.2byte	0x139
 2319 00c4 CE000000 		.4byte	0xce
 2320 00c8 05       		.uleb128 0x5
 2321 00c9 03       		.byte	0x3
 2322 00ca 00000000 		.4byte	cy_meta_custnvl
 2323 00ce 07       		.uleb128 0x7
 2324 00cf AC000000 		.4byte	0xac
 2325 00d3 0A       		.uleb128 0xa
 2326 00d4 AC010000 		.4byte	.LASF14
 2327 00d8 03       		.byte	0x3
 2328 00d9 4701     		.2byte	0x147
 2329 00db E5000000 		.4byte	0xe5
 2330 00df 05       		.uleb128 0x5
 2331 00e0 03       		.byte	0x3
 2332 00e1 00000000 		.4byte	cy_meta_wonvl
 2333 00e5 07       		.uleb128 0x7
ARM GAS  C:\Users\dulan\AppData\Local\Temp\ccxNGjkl.s 			page 42


 2334 00e6 AC000000 		.4byte	0xac
 2335 00ea 05       		.uleb128 0x5
 2336 00eb 91000000 		.4byte	0x91
 2337 00ef FA000000 		.4byte	0xfa
 2338 00f3 09       		.uleb128 0x9
 2339 00f4 8A000000 		.4byte	0x8a
 2340 00f8 FF       		.byte	0xff
 2341 00f9 00       		.byte	0
 2342 00fa 0A       		.uleb128 0xa
 2343 00fb 97010000 		.4byte	.LASF15
 2344 00ff 03       		.byte	0x3
 2345 0100 5501     		.2byte	0x155
 2346 0102 0C010000 		.4byte	0x10c
 2347 0106 05       		.uleb128 0x5
 2348 0107 03       		.byte	0x3
 2349 0108 00000000 		.4byte	cy_meta_flashprotect
 2350 010c 07       		.uleb128 0x7
 2351 010d EA000000 		.4byte	0xea
 2352 0111 05       		.uleb128 0x5
 2353 0112 91000000 		.4byte	0x91
 2354 0116 21010000 		.4byte	0x121
 2355 011a 09       		.uleb128 0x9
 2356 011b 8A000000 		.4byte	0x8a
 2357 011f 0B       		.byte	0xb
 2358 0120 00       		.byte	0
 2359 0121 0A       		.uleb128 0xa
 2360 0122 0A000000 		.4byte	.LASF16
 2361 0126 03       		.byte	0x3
 2362 0127 8201     		.2byte	0x182
 2363 0129 33010000 		.4byte	0x133
 2364 012d 05       		.uleb128 0x5
 2365 012e 03       		.byte	0x3
 2366 012f 00000000 		.4byte	cy_metadata
 2367 0133 07       		.uleb128 0x7
 2368 0134 11010000 		.4byte	0x111
 2369 0138 00       		.byte	0
 2370              		.section	.debug_abbrev,"",%progbits
 2371              	.Ldebug_abbrev0:
 2372 0000 01       		.uleb128 0x1
 2373 0001 11       		.uleb128 0x11
 2374 0002 01       		.byte	0x1
 2375 0003 25       		.uleb128 0x25
 2376 0004 0E       		.uleb128 0xe
 2377 0005 13       		.uleb128 0x13
 2378 0006 0B       		.uleb128 0xb
 2379 0007 03       		.uleb128 0x3
 2380 0008 0E       		.uleb128 0xe
 2381 0009 1B       		.uleb128 0x1b
 2382 000a 0E       		.uleb128 0xe
 2383 000b 10       		.uleb128 0x10
 2384 000c 17       		.uleb128 0x17
 2385 000d 00       		.byte	0
 2386 000e 00       		.byte	0
 2387 000f 02       		.uleb128 0x2
 2388 0010 24       		.uleb128 0x24
 2389 0011 00       		.byte	0
 2390 0012 0B       		.uleb128 0xb
ARM GAS  C:\Users\dulan\AppData\Local\Temp\ccxNGjkl.s 			page 43


 2391 0013 0B       		.uleb128 0xb
 2392 0014 3E       		.uleb128 0x3e
 2393 0015 0B       		.uleb128 0xb
 2394 0016 03       		.uleb128 0x3
 2395 0017 0E       		.uleb128 0xe
 2396 0018 00       		.byte	0
 2397 0019 00       		.byte	0
 2398 001a 03       		.uleb128 0x3
 2399 001b 16       		.uleb128 0x16
 2400 001c 00       		.byte	0
 2401 001d 03       		.uleb128 0x3
 2402 001e 0E       		.uleb128 0xe
 2403 001f 3A       		.uleb128 0x3a
 2404 0020 0B       		.uleb128 0xb
 2405 0021 3B       		.uleb128 0x3b
 2406 0022 0B       		.uleb128 0xb
 2407 0023 49       		.uleb128 0x49
 2408 0024 13       		.uleb128 0x13
 2409 0025 00       		.byte	0
 2410 0026 00       		.byte	0
 2411 0027 04       		.uleb128 0x4
 2412 0028 24       		.uleb128 0x24
 2413 0029 00       		.byte	0
 2414 002a 0B       		.uleb128 0xb
 2415 002b 0B       		.uleb128 0xb
 2416 002c 3E       		.uleb128 0x3e
 2417 002d 0B       		.uleb128 0xb
 2418 002e 03       		.uleb128 0x3
 2419 002f 08       		.uleb128 0x8
 2420 0030 00       		.byte	0
 2421 0031 00       		.byte	0
 2422 0032 05       		.uleb128 0x5
 2423 0033 01       		.uleb128 0x1
 2424 0034 01       		.byte	0x1
 2425 0035 49       		.uleb128 0x49
 2426 0036 13       		.uleb128 0x13
 2427 0037 01       		.uleb128 0x1
 2428 0038 13       		.uleb128 0x13
 2429 0039 00       		.byte	0
 2430 003a 00       		.byte	0
 2431 003b 06       		.uleb128 0x6
 2432 003c 21       		.uleb128 0x21
 2433 003d 00       		.byte	0
 2434 003e 49       		.uleb128 0x49
 2435 003f 13       		.uleb128 0x13
 2436 0040 2F       		.uleb128 0x2f
 2437 0041 05       		.uleb128 0x5
 2438 0042 00       		.byte	0
 2439 0043 00       		.byte	0
 2440 0044 07       		.uleb128 0x7
 2441 0045 26       		.uleb128 0x26
 2442 0046 00       		.byte	0
 2443 0047 49       		.uleb128 0x49
 2444 0048 13       		.uleb128 0x13
 2445 0049 00       		.byte	0
 2446 004a 00       		.byte	0
 2447 004b 08       		.uleb128 0x8
ARM GAS  C:\Users\dulan\AppData\Local\Temp\ccxNGjkl.s 			page 44


 2448 004c 34       		.uleb128 0x34
 2449 004d 00       		.byte	0
 2450 004e 03       		.uleb128 0x3
 2451 004f 0E       		.uleb128 0xe
 2452 0050 3A       		.uleb128 0x3a
 2453 0051 0B       		.uleb128 0xb
 2454 0052 3B       		.uleb128 0x3b
 2455 0053 0B       		.uleb128 0xb
 2456 0054 49       		.uleb128 0x49
 2457 0055 13       		.uleb128 0x13
 2458 0056 3F       		.uleb128 0x3f
 2459 0057 19       		.uleb128 0x19
 2460 0058 02       		.uleb128 0x2
 2461 0059 18       		.uleb128 0x18
 2462 005a 00       		.byte	0
 2463 005b 00       		.byte	0
 2464 005c 09       		.uleb128 0x9
 2465 005d 21       		.uleb128 0x21
 2466 005e 00       		.byte	0
 2467 005f 49       		.uleb128 0x49
 2468 0060 13       		.uleb128 0x13
 2469 0061 2F       		.uleb128 0x2f
 2470 0062 0B       		.uleb128 0xb
 2471 0063 00       		.byte	0
 2472 0064 00       		.byte	0
 2473 0065 0A       		.uleb128 0xa
 2474 0066 34       		.uleb128 0x34
 2475 0067 00       		.byte	0
 2476 0068 03       		.uleb128 0x3
 2477 0069 0E       		.uleb128 0xe
 2478 006a 3A       		.uleb128 0x3a
 2479 006b 0B       		.uleb128 0xb
 2480 006c 3B       		.uleb128 0x3b
 2481 006d 05       		.uleb128 0x5
 2482 006e 49       		.uleb128 0x49
 2483 006f 13       		.uleb128 0x13
 2484 0070 3F       		.uleb128 0x3f
 2485 0071 19       		.uleb128 0x19
 2486 0072 02       		.uleb128 0x2
 2487 0073 18       		.uleb128 0x18
 2488 0074 00       		.byte	0
 2489 0075 00       		.byte	0
 2490 0076 00       		.byte	0
 2491              		.section	.debug_aranges,"",%progbits
 2492 0000 14000000 		.4byte	0x14
 2493 0004 0200     		.2byte	0x2
 2494 0006 00000000 		.4byte	.Ldebug_info0
 2495 000a 04       		.byte	0x4
 2496 000b 00       		.byte	0
 2497 000c 0000     		.2byte	0
 2498 000e 0000     		.2byte	0
 2499 0010 00000000 		.4byte	0
 2500 0014 00000000 		.4byte	0
 2501              		.section	.debug_line,"",%progbits
 2502              	.Ldebug_line0:
 2503 0000 3D010000 		.section	.debug_str,"MS",%progbits,1
 2503      02003701 
ARM GAS  C:\Users\dulan\AppData\Local\Temp\ccxNGjkl.s 			page 45


 2503      00000201 
 2503      FB0E0D00 
 2503      01010101 
 2504              	.LASF9:
 2505 0000 5F5F7569 		.ascii	"__uint8_t\000"
 2505      6E74385F 
 2505      7400
 2506              	.LASF16:
 2507 000a 63795F6D 		.ascii	"cy_metadata\000"
 2507      65746164 
 2507      61746100 
 2508              	.LASF1:
 2509 0016 756E7369 		.ascii	"unsigned char\000"
 2509      676E6564 
 2509      20636861 
 2509      7200
 2510              	.LASF17:
 2511 0024 474E5520 		.ascii	"GNU C11 5.4.1 20160609 (release) [ARM/embedded-5-br"
 2511      43313120 
 2511      352E342E 
 2511      31203230 
 2511      31363036 
 2512 0057 616E6368 		.ascii	"anch revision 237715] -mcpu=cortex-m3 -mthumb -g -O"
 2512      20726576 
 2512      6973696F 
 2512      6E203233 
 2512      37373135 
 2513 008a 67202D66 		.ascii	"g -ffunction-sections -ffat-lto-objects\000"
 2513      66756E63 
 2513      74696F6E 
 2513      2D736563 
 2513      74696F6E 
 2514              	.LASF5:
 2515 00b2 6C6F6E67 		.ascii	"long unsigned int\000"
 2515      20756E73 
 2515      69676E65 
 2515      6420696E 
 2515      7400
 2516              	.LASF3:
 2517 00c4 73686F72 		.ascii	"short unsigned int\000"
 2517      7420756E 
 2517      7369676E 
 2517      65642069 
 2517      6E7400
 2518              	.LASF13:
 2519 00d7 63795F6D 		.ascii	"cy_meta_custnvl\000"
 2519      6574615F 
 2519      63757374 
 2519      6E766C00 
 2520              	.LASF12:
 2521 00e7 63795F6D 		.ascii	"cy_meta_configecc\000"
 2521      6574615F 
 2521      636F6E66 
 2521      69676563 
 2521      6300
 2522              	.LASF19:
 2523 00f9 433A5C55 		.ascii	"C:\\Users\\dulan\\OneDrive\\Desktop\\ENGGEN\\2023_s"
ARM GAS  C:\Users\dulan\AppData\Local\Temp\ccxNGjkl.s 			page 46


 2523      73657273 
 2523      5C64756C 
 2523      616E5C4F 
 2523      6E654472 
 2524 0126 656D325C 		.ascii	"em2\\301\\COMPSYS301\\Dulanya\\copies\\CS301_15.cyd"
 2524      3330315C 
 2524      434F4D50 
 2524      53595333 
 2524      30315C44 
 2525 0154 736E5C41 		.ascii	"sn\\Additional_HD.cydsn\000"
 2525      64646974 
 2525      696F6E61 
 2525      6C5F4844 
 2525      2E637964 
 2526              	.LASF8:
 2527 016b 756E7369 		.ascii	"unsigned int\000"
 2527      676E6564 
 2527      20696E74 
 2527      00
 2528              	.LASF7:
 2529 0178 6C6F6E67 		.ascii	"long long unsigned int\000"
 2529      206C6F6E 
 2529      6720756E 
 2529      7369676E 
 2529      65642069 
 2530              	.LASF10:
 2531 018f 75696E74 		.ascii	"uint8_t\000"
 2531      385F7400 
 2532              	.LASF15:
 2533 0197 63795F6D 		.ascii	"cy_meta_flashprotect\000"
 2533      6574615F 
 2533      666C6173 
 2533      6870726F 
 2533      74656374 
 2534              	.LASF14:
 2535 01ac 63795F6D 		.ascii	"cy_meta_wonvl\000"
 2535      6574615F 
 2535      776F6E76 
 2535      6C00
 2536              	.LASF11:
 2537 01ba 73697A65 		.ascii	"sizetype\000"
 2537      74797065 
 2537      00
 2538              	.LASF6:
 2539 01c3 6C6F6E67 		.ascii	"long long int\000"
 2539      206C6F6E 
 2539      6720696E 
 2539      7400
 2540              	.LASF2:
 2541 01d1 73686F72 		.ascii	"short int\000"
 2541      7420696E 
 2541      7400
 2542              	.LASF4:
 2543 01db 6C6F6E67 		.ascii	"long int\000"
 2543      20696E74 
 2543      00
 2544              	.LASF0:
ARM GAS  C:\Users\dulan\AppData\Local\Temp\ccxNGjkl.s 			page 47


 2545 01e4 7369676E 		.ascii	"signed char\000"
 2545      65642063 
 2545      68617200 
 2546              	.LASF18:
 2547 01f0 47656E65 		.ascii	"Generated_Source\\PSoC5\\cymetadata.c\000"
 2547      72617465 
 2547      645F536F 
 2547      75726365 
 2547      5C50536F 
 2548              		.ident	"GCC: (GNU Tools for ARM Embedded Processors) 5.4.1 20160609 (release) [ARM/embedded-5-bran
