--------------- Clean Started: 10/06/2023 09:02:59 Project: Robot_Line, Configuration: ARM GCC 5.4-2016-q2-update Debug ---------------
Deleting file ".\CortexM3\ARM_GCC_541\Debug\main.o"
Deleting file ".\CortexM3\ARM_GCC_541\Debug\cyfitter_cfg.o"
Deleting file ".\CortexM3\ARM_GCC_541\Debug\cymetadata.o"
Deleting file ".\CortexM3\ARM_GCC_541\Debug\Comp_3.o"
Deleting file ".\CortexM3\ARM_GCC_541\Debug\Comp_3_PM.o"
Deleting file ".\CortexM3\ARM_GCC_541\Debug\Timer_1.o"
Deleting file ".\CortexM3\ARM_GCC_541\Debug\Timer_1_PM.o"
Deleting file ".\CortexM3\ARM_GCC_541\Debug\timer_clock_1.o"
Deleting file ".\CortexM3\ARM_GCC_541\Debug\isr_1.o"
Deleting file ".\CortexM3\ARM_GCC_541\Debug\Comp_0.o"
Deleting file ".\CortexM3\ARM_GCC_541\Debug\Comp_0_PM.o"
Deleting file ".\CortexM3\ARM_GCC_541\Debug\comp_clk.o"
Deleting file ".\CortexM3\ARM_GCC_541\Debug\Sin_MidRight.o"
Deleting file ".\CortexM3\ARM_GCC_541\Debug\Comp_1.o"
Deleting file ".\CortexM3\ARM_GCC_541\Debug\Comp_1_PM.o"
Deleting file ".\CortexM3\ARM_GCC_541\Debug\Comp_2.o"
Deleting file ".\CortexM3\ARM_GCC_541\Debug\Comp_2_PM.o"
Deleting file ".\CortexM3\ARM_GCC_541\Debug\Sin_Right.o"
Deleting file ".\CortexM3\ARM_GCC_541\Debug\Sin_MidLeft.o"
Deleting file ".\CortexM3\ARM_GCC_541\Debug\Sin_Left.o"
Deleting file ".\CortexM3\ARM_GCC_541\Debug\LED_1.o"
Deleting file ".\CortexM3\ARM_GCC_541\Debug\LED_2.o"
Deleting file ".\CortexM3\ARM_GCC_541\Debug\LED_3.o"
Deleting file ".\CortexM3\ARM_GCC_541\Debug\Counter_isr.o"
Deleting file ".\CortexM3\ARM_GCC_541\Debug\Sout_Left.o"
Deleting file ".\CortexM3\ARM_GCC_541\Debug\Sout_MidLeft.o"
Deleting file ".\CortexM3\ARM_GCC_541\Debug\Sout_MidRight.o"
Deleting file ".\CortexM3\ARM_GCC_541\Debug\Sout_Right.o"
Deleting file ".\CortexM3\ARM_GCC_541\Debug\Clock_PWM.o"
Deleting file ".\CortexM3\ARM_GCC_541\Debug\PWM_1.o"
Deleting file ".\CortexM3\ARM_GCC_541\Debug\PWM_1_PM.o"
Deleting file ".\CortexM3\ARM_GCC_541\Debug\PWM_2.o"
Deleting file ".\CortexM3\ARM_GCC_541\Debug\PWM_2_PM.o"
Deleting file ".\CortexM3\ARM_GCC_541\Debug\QuadDec_M1.o"
Deleting file ".\CortexM3\ARM_GCC_541\Debug\QuadDec_M1_INT.o"
Deleting file ".\CortexM3\ARM_GCC_541\Debug\QuadDec_M1_PM.o"
Deleting file ".\CortexM3\ARM_GCC_541\Debug\ENCD_Right_1.o"
Deleting file ".\CortexM3\ARM_GCC_541\Debug\ENCD_Right_2.o"
Deleting file ".\CortexM3\ARM_GCC_541\Debug\Clock_QENC.o"
Deleting file ".\CortexM3\ARM_GCC_541\Debug\QuadDec_M2.o"
Deleting file ".\CortexM3\ARM_GCC_541\Debug\QuadDec_M2_INT.o"
Deleting file ".\CortexM3\ARM_GCC_541\Debug\QuadDec_M2_PM.o"
Deleting file ".\CortexM3\ARM_GCC_541\Debug\ENCD_Left_1.o"
Deleting file ".\CortexM3\ARM_GCC_541\Debug\ENCD_Left_2.o"
Deleting file ".\CortexM3\ARM_GCC_541\Debug\IN2_Right.o"
Deleting file ".\CortexM3\ARM_GCC_541\Debug\IN1_Right.o"
Deleting file ".\CortexM3\ARM_GCC_541\Debug\IN2_Left.o"
Deleting file ".\CortexM3\ARM_GCC_541\Debug\IN1_Left.o"
Deleting file ".\CortexM3\ARM_GCC_541\Debug\D1_Right.o"
Deleting file ".\CortexM3\ARM_GCC_541\Debug\D1_Left.o"
Deleting file ".\CortexM3\ARM_GCC_541\Debug\CONTROL_DISABLE_1.o"
Deleting file ".\CortexM3\ARM_GCC_541\Debug\CONTROL_DISABLE_1_PM.o"
Deleting file ".\CortexM3\ARM_GCC_541\Debug\D2_Right.o"
Deleting file ".\CortexM3\ARM_GCC_541\Debug\D2_Left.o"
Deleting file ".\CortexM3\ARM_GCC_541\Debug\CONTROL_DISABLE_2.o"
Deleting file ".\CortexM3\ARM_GCC_541\Debug\CONTROL_DISABLE_2_PM.o"
Deleting file ".\CortexM3\ARM_GCC_541\Debug\EN_Right.o"
Deleting file ".\CortexM3\ARM_GCC_541\Debug\EN_Left.o"
Deleting file ".\CortexM3\ARM_GCC_541\Debug\CONTROL_ENABLE_0.o"
Deleting file ".\CortexM3\ARM_GCC_541\Debug\CONTROL_ENABLE_0_PM.o"
Deleting file ".\CortexM3\ARM_GCC_541\Debug\QuadDec_M1_isr.o"
Deleting file ".\CortexM3\ARM_GCC_541\Debug\QuadDec_M1_Cnt16.o"
Deleting file ".\CortexM3\ARM_GCC_541\Debug\QuadDec_M1_Cnt16_PM.o"
Deleting file ".\CortexM3\ARM_GCC_541\Debug\QuadDec_M2_isr.o"
Deleting file ".\CortexM3\ARM_GCC_541\Debug\QuadDec_M2_Cnt16.o"
Deleting file ".\CortexM3\ARM_GCC_541\Debug\QuadDec_M2_Cnt16_PM.o"
Deleting file ".\CortexM3\ARM_GCC_541\Debug\Cm3Start.o"
Deleting file ".\CortexM3\ARM_GCC_541\Debug\CyBootAsmGnu.o"
Deleting file ".\CortexM3\ARM_GCC_541\Debug\CyDmac.o"
Deleting file ".\CortexM3\ARM_GCC_541\Debug\CyFlash.o"
Deleting file ".\CortexM3\ARM_GCC_541\Debug\CyLib.o"
Deleting file ".\CortexM3\ARM_GCC_541\Debug\cyPm.o"
Deleting file ".\CortexM3\ARM_GCC_541\Debug\CySpc.o"
Deleting file ".\CortexM3\ARM_GCC_541\Debug\cyutils.o"
Deleting file ".\CortexM3\ARM_GCC_541\Debug\cy_em_eeprom.o"
Deleting file ".\CortexM3\ARM_GCC_541\Debug\Robot_Line.hex"
Deleting file ".\CortexM3\ARM_GCC_541\Debug\Robot_Line.elf"
Deleting file ".\CortexM3\ARM_GCC_541\Debug\Robot_Line.map"
Deleting file ".\Robot_Line.cycdx"
Deleting file ".\Robot_Line.svd"
Deleting file ".\Robot_Line.rpt"
Deleting file ".\Robot_Line_timing.html"
Deleting file ".\CortexM3\ARM_GCC_541\Debug\.deps\SOURCE_C__ARM_GCC_GENERIC.P"
Deleting file ".\CortexM3\ARM_GCC_541\Debug\.deps\SOURCE_ASM__ARM_GCC_GENERIC.P"
--------------- Clean Succeeded: 10/06/2023 09:03:00 ---------------
