ARM GAS  C:\Users\dulan\AppData\Local\Temp\ccYS6MIE.s 			page 1


   1              		.syntax unified
   2              		.cpu cortex-m3
   3              		.fpu softvfp
   4              		.eabi_attribute 20, 1
   5              		.eabi_attribute 21, 1
   6              		.eabi_attribute 23, 3
   7              		.eabi_attribute 24, 1
   8              		.eabi_attribute 25, 1
   9              		.eabi_attribute 26, 1
  10              		.eabi_attribute 30, 1
  11              		.eabi_attribute 34, 1
  12              		.eabi_attribute 18, 4
  13              		.thumb
  14              		.syntax unified
  15              		.file	"cymetadata.c"
  16              		.text
  17              	.Ltext0:
  18              		.cfi_sections	.debug_frame
  19              		.global	cy_metadata
  20              		.global	cy_meta_flashprotect
  21              		.global	cy_meta_wonvl
  22              		.global	cy_meta_custnvl
  23              		.global	cy_meta_configecc
  24              		.section	.cyconfigecc,"a",%progbits
  25              		.align	2
  26              		.type	cy_meta_configecc, %object
  27              		.size	cy_meta_configecc, 2488
  28              	cy_meta_configecc:
  29 0000 06       		.byte	6
  30 0001 4F       		.byte	79
  31 0002 00       		.byte	0
  32 0003 40       		.byte	64
  33 0004 08       		.byte	8
  34 0005 52       		.byte	82
  35 0006 00       		.byte	0
  36 0007 40       		.byte	64
  37 0008 06       		.byte	6
  38 0009 64       		.byte	100
  39 000a 00       		.byte	0
  40 000b 40       		.byte	64
  41 000c 04       		.byte	4
  42 000d 65       		.byte	101
  43 000e 00       		.byte	0
  44 000f 40       		.byte	64
  45 0010 4F       		.byte	79
  46 0011 00       		.byte	0
  47 0012 01       		.byte	1
  48 0013 40       		.byte	64
  49 0014 3A       		.byte	58
  50 0015 01       		.byte	1
  51 0016 01       		.byte	1
  52 0017 40       		.byte	64
  53 0018 6B       		.byte	107
  54 0019 02       		.byte	2
  55 001a 01       		.byte	1
  56 001b 40       		.byte	64
  57 001c 47       		.byte	71
ARM GAS  C:\Users\dulan\AppData\Local\Temp\ccYS6MIE.s 			page 2


  58 001d 03       		.byte	3
  59 001e 01       		.byte	1
  60 001f 40       		.byte	64
  61 0020 53       		.byte	83
  62 0021 04       		.byte	4
  63 0022 01       		.byte	1
  64 0023 40       		.byte	64
  65 0024 47       		.byte	71
  66 0025 05       		.byte	5
  67 0026 01       		.byte	1
  68 0027 40       		.byte	64
  69 0028 42       		.byte	66
  70 0029 06       		.byte	6
  71 002a 01       		.byte	1
  72 002b 40       		.byte	64
  73 002c 4A       		.byte	74
  74 002d 07       		.byte	7
  75 002e 01       		.byte	1
  76 002f 40       		.byte	64
  77 0030 04       		.byte	4
  78 0031 08       		.byte	8
  79 0032 01       		.byte	1
  80 0033 40       		.byte	64
  81 0034 02       		.byte	2
  82 0035 09       		.byte	9
  83 0036 01       		.byte	1
  84 0037 40       		.byte	64
  85 0038 02       		.byte	2
  86 0039 0B       		.byte	11
  87 003a 01       		.byte	1
  88 003b 40       		.byte	64
  89 003c 02       		.byte	2
  90 003d 0D       		.byte	13
  91 003e 01       		.byte	1
  92 003f 40       		.byte	64
  93 0040 03       		.byte	3
  94 0041 0F       		.byte	15
  95 0042 01       		.byte	1
  96 0043 40       		.byte	64
  97 0044 5D       		.byte	93
  98 0045 14       		.byte	20
  99 0046 01       		.byte	1
 100 0047 40       		.byte	64
 101 0048 47       		.byte	71
 102 0049 15       		.byte	21
 103 004a 01       		.byte	1
 104 004b 40       		.byte	64
 105 004c 60       		.byte	96
 106 004d 16       		.byte	22
 107 004e 01       		.byte	1
 108 004f 40       		.byte	64
 109 0050 55       		.byte	85
 110 0051 17       		.byte	23
 111 0052 01       		.byte	1
 112 0053 40       		.byte	64
 113 0054 02       		.byte	2
 114 0055 19       		.byte	25
ARM GAS  C:\Users\dulan\AppData\Local\Temp\ccYS6MIE.s 			page 3


 115 0056 01       		.byte	1
 116 0057 40       		.byte	64
 117 0058 07       		.byte	7
 118 0059 40       		.byte	64
 119 005a 01       		.byte	1
 120 005b 40       		.byte	64
 121 005c 0F       		.byte	15
 122 005d 41       		.byte	65
 123 005e 01       		.byte	1
 124 005f 40       		.byte	64
 125 0060 12       		.byte	18
 126 0061 42       		.byte	66
 127 0062 01       		.byte	1
 128 0063 40       		.byte	64
 129 0064 14       		.byte	20
 130 0065 43       		.byte	67
 131 0066 01       		.byte	1
 132 0067 40       		.byte	64
 133 0068 07       		.byte	7
 134 0069 44       		.byte	68
 135 006a 01       		.byte	1
 136 006b 40       		.byte	64
 137 006c 09       		.byte	9
 138 006d 45       		.byte	69
 139 006e 01       		.byte	1
 140 006f 40       		.byte	64
 141 0070 0A       		.byte	10
 142 0071 46       		.byte	70
 143 0072 01       		.byte	1
 144 0073 40       		.byte	64
 145 0074 07       		.byte	7
 146 0075 47       		.byte	71
 147 0076 01       		.byte	1
 148 0077 40       		.byte	64
 149 0078 15       		.byte	21
 150 0079 48       		.byte	72
 151 007a 01       		.byte	1
 152 007b 40       		.byte	64
 153 007c 0E       		.byte	14
 154 007d 49       		.byte	73
 155 007e 01       		.byte	1
 156 007f 40       		.byte	64
 157 0080 09       		.byte	9
 158 0081 4C       		.byte	76
 159 0082 01       		.byte	1
 160 0083 40       		.byte	64
 161 0084 03       		.byte	3
 162 0085 4D       		.byte	77
 163 0086 01       		.byte	1
 164 0087 40       		.byte	64
 165 0088 0A       		.byte	10
 166 0089 50       		.byte	80
 167 008a 01       		.byte	1
 168 008b 40       		.byte	64
 169 008c 02       		.byte	2
 170 008d 51       		.byte	81
 171 008e 01       		.byte	1
ARM GAS  C:\Users\dulan\AppData\Local\Temp\ccYS6MIE.s 			page 4


 172 008f 40       		.byte	64
 173 0090 01       		.byte	1
 174 0091 20       		.byte	32
 175 0092 0A       		.byte	10
 176 0093 27       		.byte	39
 177 0094 0D       		.byte	13
 178 0095 20       		.byte	32
 179 0096 16       		.byte	22
 180 0097 27       		.byte	39
 181 0098 19       		.byte	25
 182 0099 10       		.byte	16
 183 009a 22       		.byte	34
 184 009b 1B       		.byte	27
 185 009c 00       		.byte	0
 186 009d 0A       		.byte	10
 187 009e 01       		.byte	1
 188 009f 03       		.byte	3
 189 00a0 08       		.byte	8
 190 00a1 40       		.byte	64
 191 00a2 09       		.byte	9
 192 00a3 40       		.byte	64
 193 00a4 60       		.byte	96
 194 00a5 03       		.byte	3
 195 00a6 61       		.byte	97
 196 00a7 06       		.byte	6
 197 00a8 78       		.byte	120
 198 00a9 19       		.byte	25
 199 00aa 79       		.byte	121
 200 00ab 03       		.byte	3
 201 00ac 21       		.byte	33
 202 00ad C7       		.byte	-57
 203 00ae 22       		.byte	34
 204 00af C7       		.byte	-57
 205 00b0 70       		.byte	112
 206 00b1 03       		.byte	3
 207 00b2 76       		.byte	118
 208 00b3 03       		.byte	3
 209 00b4 84       		.byte	-124
 210 00b5 6F       		.byte	111
 211 00b6 87       		.byte	-121
 212 00b7 0F       		.byte	15
 213 00b8 26       		.byte	38
 214 00b9 C7       		.byte	-57
 215 00ba 27       		.byte	39
 216 00bb C7       		.byte	-57
 217 00bc 84       		.byte	-124
 218 00bd 0F       		.byte	15
 219 00be 85       		.byte	-123
 220 00bf 6F       		.byte	111
 221 00c0 04       		.byte	4
 222 00c1 38       		.byte	56
 223 00c2 05       		.byte	5
 224 00c3 FE       		.byte	-2
 225 00c4 07       		.byte	7
 226 00c5 01       		.byte	1
 227 00c6 08       		.byte	8
 228 00c7 22       		.byte	34
ARM GAS  C:\Users\dulan\AppData\Local\Temp\ccYS6MIE.s 			page 5


 229 00c8 09       		.byte	9
 230 00c9 C5       		.byte	-59
 231 00ca 0A       		.byte	10
 232 00cb 10       		.byte	16
 233 00cc 0B       		.byte	11
 234 00cd 3A       		.byte	58
 235 00ce 0D       		.byte	13
 236 00cf A3       		.byte	-93
 237 00d0 0E       		.byte	14
 238 00d1 3A       		.byte	58
 239 00d2 0F       		.byte	15
 240 00d3 5C       		.byte	92
 241 00d4 11       		.byte	17
 242 00d5 96       		.byte	-106
 243 00d6 12       		.byte	18
 244 00d7 01       		.byte	1
 245 00d8 13       		.byte	19
 246 00d9 68       		.byte	104
 247 00da 15       		.byte	21
 248 00db 0E       		.byte	14
 249 00dc 17       		.byte	23
 250 00dd F0       		.byte	-16
 251 00de 18       		.byte	24
 252 00df 02       		.byte	2
 253 00e0 19       		.byte	25
 254 00e1 7F       		.byte	127
 255 00e2 1A       		.byte	26
 256 00e3 08       		.byte	8
 257 00e4 26       		.byte	38
 258 00e5 04       		.byte	4
 259 00e6 28       		.byte	40
 260 00e7 1A       		.byte	26
 261 00e8 2A       		.byte	42
 262 00e9 20       		.byte	32
 263 00ea 2B       		.byte	43
 264 00eb 01       		.byte	1
 265 00ec 2C       		.byte	44
 266 00ed 22       		.byte	34
 267 00ee 2E       		.byte	46
 268 00ef 08       		.byte	8
 269 00f0 30       		.byte	48
 270 00f1 01       		.byte	1
 271 00f2 32       		.byte	50
 272 00f3 3A       		.byte	58
 273 00f4 34       		.byte	52
 274 00f5 06       		.byte	6
 275 00f6 35       		.byte	53
 276 00f7 FF       		.byte	-1
 277 00f8 3F       		.byte	63
 278 00f9 10       		.byte	16
 279 00fa 56       		.byte	86
 280 00fb 08       		.byte	8
 281 00fc 58       		.byte	88
 282 00fd 04       		.byte	4
 283 00fe 59       		.byte	89
 284 00ff 04       		.byte	4
 285 0100 5B       		.byte	91
ARM GAS  C:\Users\dulan\AppData\Local\Temp\ccYS6MIE.s 			page 6


 286 0101 04       		.byte	4
 287 0102 5D       		.byte	93
 288 0103 90       		.byte	-112
 289 0104 5F       		.byte	95
 290 0105 01       		.byte	1
 291 0106 89       		.byte	-119
 292 0107 7D       		.byte	125
 293 0108 8D       		.byte	-115
 294 0109 66       		.byte	102
 295 010a 8F       		.byte	-113
 296 010b 18       		.byte	24
 297 010c 91       		.byte	-111
 298 010d 28       		.byte	40
 299 010e 92       		.byte	-110
 300 010f 02       		.byte	2
 301 0110 93       		.byte	-109
 302 0111 50       		.byte	80
 303 0112 97       		.byte	-105
 304 0113 80       		.byte	-128
 305 0114 98       		.byte	-104
 306 0115 02       		.byte	2
 307 0116 99       		.byte	-103
 308 0117 3B       		.byte	59
 309 0118 9A       		.byte	-102
 310 0119 01       		.byte	1
 311 011a A5       		.byte	-91
 312 011b 18       		.byte	24
 313 011c A6       		.byte	-90
 314 011d 01       		.byte	1
 315 011e A7       		.byte	-89
 316 011f 60       		.byte	96
 317 0120 A9       		.byte	-87
 318 0121 56       		.byte	86
 319 0122 AB       		.byte	-85
 320 0123 28       		.byte	40
 321 0124 B0       		.byte	-80
 322 0125 03       		.byte	3
 323 0126 B1       		.byte	-79
 324 0127 80       		.byte	-128
 325 0128 B3       		.byte	-77
 326 0129 07       		.byte	7
 327 012a B5       		.byte	-75
 328 012b 78       		.byte	120
 329 012c B9       		.byte	-71
 330 012d 08       		.byte	8
 331 012e C0       		.byte	-64
 332 012f 34       		.byte	52
 333 0130 C5       		.byte	-59
 334 0131 02       		.byte	2
 335 0132 C8       		.byte	-56
 336 0133 01       		.byte	1
 337 0134 C9       		.byte	-55
 338 0135 FF       		.byte	-1
 339 0136 CA       		.byte	-54
 340 0137 FF       		.byte	-1
 341 0138 CB       		.byte	-53
 342 0139 FF       		.byte	-1
ARM GAS  C:\Users\dulan\AppData\Local\Temp\ccYS6MIE.s 			page 7


 343 013a D6       		.byte	-42
 344 013b 08       		.byte	8
 345 013c D8       		.byte	-40
 346 013d 08       		.byte	8
 347 013e D9       		.byte	-39
 348 013f 04       		.byte	4
 349 0140 DA       		.byte	-38
 350 0141 08       		.byte	8
 351 0142 DB       		.byte	-37
 352 0143 04       		.byte	4
 353 0144 DC       		.byte	-36
 354 0145 09       		.byte	9
 355 0146 DD       		.byte	-35
 356 0147 99       		.byte	-103
 357 0148 DF       		.byte	-33
 358 0149 01       		.byte	1
 359 014a E0       		.byte	-32
 360 014b 80       		.byte	-128
 361 014c E2       		.byte	-30
 362 014d 40       		.byte	64
 363 014e E3       		.byte	-29
 364 014f 40       		.byte	64
 365 0150 E4       		.byte	-28
 366 0151 40       		.byte	64
 367 0152 E5       		.byte	-27
 368 0153 40       		.byte	64
 369 0154 E6       		.byte	-26
 370 0155 80       		.byte	-128
 371 0156 E8       		.byte	-24
 372 0157 80       		.byte	-128
 373 0158 EA       		.byte	-22
 374 0159 80       		.byte	-128
 375 015a EC       		.byte	-20
 376 015b 80       		.byte	-128
 377 015c EE       		.byte	-18
 378 015d 80       		.byte	-128
 379 015e 03       		.byte	3
 380 015f 19       		.byte	25
 381 0160 08       		.byte	8
 382 0161 02       		.byte	2
 383 0162 0A       		.byte	10
 384 0163 08       		.byte	8
 385 0164 0D       		.byte	13
 386 0165 02       		.byte	2
 387 0166 0F       		.byte	15
 388 0167 08       		.byte	8
 389 0168 11       		.byte	17
 390 0169 60       		.byte	96
 391 016a 12       		.byte	18
 392 016b 20       		.byte	32
 393 016c 14       		.byte	20
 394 016d 20       		.byte	32
 395 016e 18       		.byte	24
 396 016f 24       		.byte	36
 397 0170 19       		.byte	25
 398 0171 10       		.byte	16
 399 0172 1B       		.byte	27
ARM GAS  C:\Users\dulan\AppData\Local\Temp\ccYS6MIE.s 			page 8


 400 0173 09       		.byte	9
 401 0174 1D       		.byte	29
 402 0175 02       		.byte	2
 403 0176 22       		.byte	34
 404 0177 20       		.byte	32
 405 0178 24       		.byte	36
 406 0179 08       		.byte	8
 407 017a 25       		.byte	37
 408 017b 11       		.byte	17
 409 017c 27       		.byte	39
 410 017d 30       		.byte	48
 411 017e 29       		.byte	41
 412 017f 10       		.byte	16
 413 0180 2D       		.byte	45
 414 0181 08       		.byte	8
 415 0182 2F       		.byte	47
 416 0183 08       		.byte	8
 417 0184 32       		.byte	50
 418 0185 04       		.byte	4
 419 0186 33       		.byte	51
 420 0187 11       		.byte	17
 421 0188 35       		.byte	53
 422 0189 04       		.byte	4
 423 018a 37       		.byte	55
 424 018b 21       		.byte	33
 425 018c 38       		.byte	56
 426 018d A8       		.byte	-88
 427 018e 39       		.byte	57
 428 018f 40       		.byte	64
 429 0190 3D       		.byte	61
 430 0191 60       		.byte	96
 431 0192 44       		.byte	68
 432 0193 20       		.byte	32
 433 0194 45       		.byte	69
 434 0195 02       		.byte	2
 435 0196 4F       		.byte	79
 436 0197 08       		.byte	8
 437 0198 59       		.byte	89
 438 0199 48       		.byte	72
 439 019a 5A       		.byte	90
 440 019b 08       		.byte	8
 441 019c 5C       		.byte	92
 442 019d 80       		.byte	-128
 443 019e 5D       		.byte	93
 444 019f 20       		.byte	32
 445 01a0 5F       		.byte	95
 446 01a1 04       		.byte	4
 447 01a2 60       		.byte	96
 448 01a3 02       		.byte	2
 449 01a4 65       		.byte	101
 450 01a5 04       		.byte	4
 451 01a6 67       		.byte	103
 452 01a7 0A       		.byte	10
 453 01a8 68       		.byte	104
 454 01a9 04       		.byte	4
 455 01aa 6A       		.byte	106
 456 01ab 40       		.byte	64
ARM GAS  C:\Users\dulan\AppData\Local\Temp\ccYS6MIE.s 			page 9


 457 01ac 6D       		.byte	109
 458 01ad 10       		.byte	16
 459 01ae 6F       		.byte	111
 460 01af 02       		.byte	2
 461 01b0 7F       		.byte	127
 462 01b1 01       		.byte	1
 463 01b2 83       		.byte	-125
 464 01b3 02       		.byte	2
 465 01b4 87       		.byte	-121
 466 01b5 44       		.byte	68
 467 01b6 88       		.byte	-120
 468 01b7 04       		.byte	4
 469 01b8 8D       		.byte	-115
 470 01b9 02       		.byte	2
 471 01ba C0       		.byte	-64
 472 01bb 07       		.byte	7
 473 01bc C2       		.byte	-62
 474 01bd 5A       		.byte	90
 475 01be C4       		.byte	-60
 476 01bf 27       		.byte	39
 477 01c0 CA       		.byte	-54
 478 01c1 64       		.byte	100
 479 01c2 CC       		.byte	-52
 480 01c3 E7       		.byte	-25
 481 01c4 CE       		.byte	-50
 482 01c5 3E       		.byte	62
 483 01c6 D0       		.byte	-48
 484 01c7 C0       		.byte	-64
 485 01c8 D6       		.byte	-42
 486 01c9 78       		.byte	120
 487 01ca D8       		.byte	-40
 488 01cb 78       		.byte	120
 489 01cc DE       		.byte	-34
 490 01cd 10       		.byte	16
 491 01ce E2       		.byte	-30
 492 01cf 02       		.byte	2
 493 01d0 E6       		.byte	-26
 494 01d1 12       		.byte	18
 495 01d2 00       		.byte	0
 496 01d3 04       		.byte	4
 497 01d4 01       		.byte	1
 498 01d5 C5       		.byte	-59
 499 01d6 03       		.byte	3
 500 01d7 3A       		.byte	58
 501 01d8 0B       		.byte	11
 502 01d9 01       		.byte	1
 503 01da 11       		.byte	17
 504 01db 0E       		.byte	14
 505 01dc 13       		.byte	19
 506 01dd F0       		.byte	-16
 507 01de 15       		.byte	21
 508 01df 7F       		.byte	127
 509 01e0 16       		.byte	22
 510 01e1 02       		.byte	2
 511 01e2 18       		.byte	24
 512 01e3 02       		.byte	2
 513 01e4 1A       		.byte	26
ARM GAS  C:\Users\dulan\AppData\Local\Temp\ccYS6MIE.s 			page 10


 514 01e5 01       		.byte	1
 515 01e6 1D       		.byte	29
 516 01e7 96       		.byte	-106
 517 01e8 1E       		.byte	30
 518 01e9 04       		.byte	4
 519 01ea 1F       		.byte	31
 520 01eb 68       		.byte	104
 521 01ec 25       		.byte	37
 522 01ed A3       		.byte	-93
 523 01ee 26       		.byte	38
 524 01ef 01       		.byte	1
 525 01f0 27       		.byte	39
 526 01f1 5C       		.byte	92
 527 01f2 29       		.byte	41
 528 01f3 FE       		.byte	-2
 529 01f4 2B       		.byte	43
 530 01f5 01       		.byte	1
 531 01f6 32       		.byte	50
 532 01f7 03       		.byte	3
 533 01f8 35       		.byte	53
 534 01f9 FF       		.byte	-1
 535 01fa 36       		.byte	54
 536 01fb 04       		.byte	4
 537 01fc 3E       		.byte	62
 538 01fd 40       		.byte	64
 539 01fe 3F       		.byte	63
 540 01ff 10       		.byte	16
 541 0200 40       		.byte	64
 542 0201 53       		.byte	83
 543 0202 45       		.byte	69
 544 0203 02       		.byte	2
 545 0204 48       		.byte	72
 546 0205 01       		.byte	1
 547 0206 49       		.byte	73
 548 0207 FF       		.byte	-1
 549 0208 4A       		.byte	74
 550 0209 FF       		.byte	-1
 551 020a 4B       		.byte	75
 552 020b FF       		.byte	-1
 553 020c 56       		.byte	86
 554 020d 08       		.byte	8
 555 020e 58       		.byte	88
 556 020f 09       		.byte	9
 557 0210 59       		.byte	89
 558 0211 04       		.byte	4
 559 0212 5A       		.byte	90
 560 0213 09       		.byte	9
 561 0214 5B       		.byte	91
 562 0215 04       		.byte	4
 563 0216 5C       		.byte	92
 564 0217 09       		.byte	9
 565 0218 5D       		.byte	93
 566 0219 99       		.byte	-103
 567 021a 5F       		.byte	95
 568 021b 01       		.byte	1
 569 021c 60       		.byte	96
 570 021d 80       		.byte	-128
ARM GAS  C:\Users\dulan\AppData\Local\Temp\ccYS6MIE.s 			page 11


 571 021e 62       		.byte	98
 572 021f 40       		.byte	64
 573 0220 63       		.byte	99
 574 0221 40       		.byte	64
 575 0222 64       		.byte	100
 576 0223 40       		.byte	64
 577 0224 65       		.byte	101
 578 0225 40       		.byte	64
 579 0226 66       		.byte	102
 580 0227 80       		.byte	-128
 581 0228 68       		.byte	104
 582 0229 80       		.byte	-128
 583 022a 6A       		.byte	106
 584 022b 80       		.byte	-128
 585 022c 6C       		.byte	108
 586 022d 80       		.byte	-128
 587 022e 6E       		.byte	110
 588 022f 80       		.byte	-128
 589 0230 80       		.byte	-128
 590 0231 0A       		.byte	10
 591 0232 81       		.byte	-127
 592 0233 02       		.byte	2
 593 0234 82       		.byte	-126
 594 0235 05       		.byte	5
 595 0236 83       		.byte	-125
 596 0237 04       		.byte	4
 597 0238 84       		.byte	-124
 598 0239 0C       		.byte	12
 599 023a 86       		.byte	-122
 600 023b 03       		.byte	3
 601 023c 88       		.byte	-120
 602 023d 0F       		.byte	15
 603 023e 8F       		.byte	-113
 604 023f 01       		.byte	1
 605 0240 90       		.byte	-112
 606 0241 23       		.byte	35
 607 0242 92       		.byte	-110
 608 0243 1C       		.byte	28
 609 0244 94       		.byte	-108
 610 0245 10       		.byte	16
 611 0246 95       		.byte	-107
 612 0247 02       		.byte	2
 613 0248 96       		.byte	-106
 614 0249 20       		.byte	32
 615 024a 97       		.byte	-105
 616 024b 0C       		.byte	12
 617 024c 9C       		.byte	-100
 618 024d 10       		.byte	16
 619 024e 9D       		.byte	-99
 620 024f 04       		.byte	4
 621 0250 9E       		.byte	-98
 622 0251 60       		.byte	96
 623 0252 9F       		.byte	-97
 624 0253 02       		.byte	2
 625 0254 A0       		.byte	-96
 626 0255 05       		.byte	5
 627 0256 A2       		.byte	-94
ARM GAS  C:\Users\dulan\AppData\Local\Temp\ccYS6MIE.s 			page 12


 628 0257 0A       		.byte	10
 629 0258 A4       		.byte	-92
 630 0259 10       		.byte	16
 631 025a A6       		.byte	-90
 632 025b A0       		.byte	-96
 633 025c A8       		.byte	-88
 634 025d 07       		.byte	7
 635 025e AD       		.byte	-83
 636 025f 02       		.byte	2
 637 0260 AF       		.byte	-81
 638 0261 14       		.byte	20
 639 0262 B0       		.byte	-80
 640 0263 30       		.byte	48
 641 0264 B1       		.byte	-79
 642 0265 08       		.byte	8
 643 0266 B2       		.byte	-78
 644 0267 40       		.byte	64
 645 0268 B3       		.byte	-77
 646 0269 10       		.byte	16
 647 026a B4       		.byte	-76
 648 026b 0F       		.byte	15
 649 026c B5       		.byte	-75
 650 026d 01       		.byte	1
 651 026e B6       		.byte	-74
 652 026f 80       		.byte	-128
 653 0270 B7       		.byte	-73
 654 0271 06       		.byte	6
 655 0272 BA       		.byte	-70
 656 0273 02       		.byte	2
 657 0274 BB       		.byte	-69
 658 0275 80       		.byte	-128
 659 0276 C0       		.byte	-64
 660 0277 41       		.byte	65
 661 0278 C1       		.byte	-63
 662 0279 03       		.byte	3
 663 027a C9       		.byte	-55
 664 027b FF       		.byte	-1
 665 027c CA       		.byte	-54
 666 027d FF       		.byte	-1
 667 027e CB       		.byte	-53
 668 027f FF       		.byte	-1
 669 0280 CD       		.byte	-51
 670 0281 A0       		.byte	-96
 671 0282 CF       		.byte	-49
 672 0283 01       		.byte	1
 673 0284 D0       		.byte	-48
 674 0285 18       		.byte	24
 675 0286 D6       		.byte	-42
 676 0287 08       		.byte	8
 677 0288 D8       		.byte	-40
 678 0289 04       		.byte	4
 679 028a D9       		.byte	-39
 680 028b 04       		.byte	4
 681 028c DA       		.byte	-38
 682 028d 04       		.byte	4
 683 028e DB       		.byte	-37
 684 028f 04       		.byte	4
ARM GAS  C:\Users\dulan\AppData\Local\Temp\ccYS6MIE.s 			page 13


 685 0290 DD       		.byte	-35
 686 0291 90       		.byte	-112
 687 0292 DF       		.byte	-33
 688 0293 01       		.byte	1
 689 0294 E0       		.byte	-32
 690 0295 40       		.byte	64
 691 0296 E2       		.byte	-30
 692 0297 80       		.byte	-128
 693 0298 E4       		.byte	-28
 694 0299 40       		.byte	64
 695 029a E5       		.byte	-27
 696 029b 40       		.byte	64
 697 029c E6       		.byte	-26
 698 029d 80       		.byte	-128
 699 029e E8       		.byte	-24
 700 029f 40       		.byte	64
 701 02a0 EA       		.byte	-22
 702 02a1 80       		.byte	-128
 703 02a2 EC       		.byte	-20
 704 02a3 40       		.byte	64
 705 02a4 ED       		.byte	-19
 706 02a5 20       		.byte	32
 707 02a6 EE       		.byte	-18
 708 02a7 80       		.byte	-128
 709 02a8 00       		.byte	0
 710 02a9 02       		.byte	2
 711 02aa 01       		.byte	1
 712 02ab 28       		.byte	40
 713 02ac 05       		.byte	5
 714 02ad 02       		.byte	2
 715 02ae 0A       		.byte	10
 716 02af 52       		.byte	82
 717 02b0 0C       		.byte	12
 718 02b1 80       		.byte	-128
 719 02b2 0D       		.byte	13
 720 02b3 08       		.byte	8
 721 02b4 0F       		.byte	15
 722 02b5 08       		.byte	8
 723 02b6 10       		.byte	16
 724 02b7 04       		.byte	4
 725 02b8 12       		.byte	18
 726 02b9 80       		.byte	-128
 727 02ba 13       		.byte	19
 728 02bb 04       		.byte	4
 729 02bc 16       		.byte	22
 730 02bd 10       		.byte	16
 731 02be 19       		.byte	25
 732 02bf 21       		.byte	33
 733 02c0 1A       		.byte	26
 734 02c1 52       		.byte	82
 735 02c2 1B       		.byte	27
 736 02c3 10       		.byte	16
 737 02c4 1D       		.byte	29
 738 02c5 08       		.byte	8
 739 02c6 1E       		.byte	30
 740 02c7 01       		.byte	1
 741 02c8 21       		.byte	33
ARM GAS  C:\Users\dulan\AppData\Local\Temp\ccYS6MIE.s 			page 14


 742 02c9 41       		.byte	65
 743 02ca 22       		.byte	34
 744 02cb 88       		.byte	-120
 745 02cc 23       		.byte	35
 746 02cd 04       		.byte	4
 747 02ce 27       		.byte	39
 748 02cf 08       		.byte	8
 749 02d0 2B       		.byte	43
 750 02d1 01       		.byte	1
 751 02d2 2D       		.byte	45
 752 02d3 28       		.byte	40
 753 02d4 32       		.byte	50
 754 02d5 88       		.byte	-120
 755 02d6 34       		.byte	52
 756 02d7 04       		.byte	4
 757 02d8 35       		.byte	53
 758 02d9 01       		.byte	1
 759 02da 36       		.byte	54
 760 02db 80       		.byte	-128
 761 02dc 39       		.byte	57
 762 02dd 02       		.byte	2
 763 02de 3A       		.byte	58
 764 02df 40       		.byte	64
 765 02e0 3C       		.byte	60
 766 02e1 22       		.byte	34
 767 02e2 43       		.byte	67
 768 02e3 86       		.byte	-122
 769 02e4 45       		.byte	69
 770 02e5 08       		.byte	8
 771 02e6 4E       		.byte	78
 772 02e7 02       		.byte	2
 773 02e8 4F       		.byte	79
 774 02e9 08       		.byte	8
 775 02ea 5B       		.byte	91
 776 02eb 40       		.byte	64
 777 02ec 5C       		.byte	92
 778 02ed 80       		.byte	-128
 779 02ee 62       		.byte	98
 780 02ef 40       		.byte	64
 781 02f0 64       		.byte	100
 782 02f1 01       		.byte	1
 783 02f2 7F       		.byte	127
 784 02f3 04       		.byte	4
 785 02f4 8D       		.byte	-115
 786 02f5 08       		.byte	8
 787 02f6 8F       		.byte	-113
 788 02f7 40       		.byte	64
 789 02f8 90       		.byte	-112
 790 02f9 2C       		.byte	44
 791 02fa 93       		.byte	-109
 792 02fb 48       		.byte	72
 793 02fc 94       		.byte	-108
 794 02fd 80       		.byte	-128
 795 02fe 96       		.byte	-106
 796 02ff 08       		.byte	8
 797 0300 9A       		.byte	-102
 798 0301 10       		.byte	16
ARM GAS  C:\Users\dulan\AppData\Local\Temp\ccYS6MIE.s 			page 15


 799 0302 9B       		.byte	-101
 800 0303 20       		.byte	32
 801 0304 9C       		.byte	-100
 802 0305 A0       		.byte	-96
 803 0306 9D       		.byte	-99
 804 0307 40       		.byte	64
 805 0308 9F       		.byte	-97
 806 0309 01       		.byte	1
 807 030a A1       		.byte	-95
 808 030b 01       		.byte	1
 809 030c A2       		.byte	-94
 810 030d 02       		.byte	2
 811 030e A3       		.byte	-93
 812 030f 01       		.byte	1
 813 0310 A8       		.byte	-88
 814 0311 80       		.byte	-128
 815 0312 A9       		.byte	-87
 816 0313 20       		.byte	32
 817 0314 B1       		.byte	-79
 818 0315 10       		.byte	16
 819 0316 B2       		.byte	-78
 820 0317 12       		.byte	18
 821 0318 B6       		.byte	-74
 822 0319 40       		.byte	64
 823 031a C0       		.byte	-64
 824 031b 1E       		.byte	30
 825 031c C2       		.byte	-62
 826 031d ED       		.byte	-19
 827 031e C4       		.byte	-60
 828 031f 2E       		.byte	46
 829 0320 CA       		.byte	-54
 830 0321 68       		.byte	104
 831 0322 CC       		.byte	-52
 832 0323 DA       		.byte	-38
 833 0324 CE       		.byte	-50
 834 0325 A9       		.byte	-87
 835 0326 D0       		.byte	-48
 836 0327 4B       		.byte	75
 837 0328 D2       		.byte	-46
 838 0329 10       		.byte	16
 839 032a D6       		.byte	-42
 840 032b 18       		.byte	24
 841 032c D8       		.byte	-40
 842 032d 18       		.byte	24
 843 032e DE       		.byte	-34
 844 032f 20       		.byte	32
 845 0330 E0       		.byte	-32
 846 0331 10       		.byte	16
 847 0332 E6       		.byte	-26
 848 0333 10       		.byte	16
 849 0334 EA       		.byte	-22
 850 0335 80       		.byte	-128
 851 0336 01       		.byte	1
 852 0337 08       		.byte	8
 853 0338 03       		.byte	3
 854 0339 12       		.byte	18
 855 033a 04       		.byte	4
ARM GAS  C:\Users\dulan\AppData\Local\Temp\ccYS6MIE.s 			page 16


 856 033b 01       		.byte	1
 857 033c 0D       		.byte	13
 858 033d 08       		.byte	8
 859 033e 0F       		.byte	15
 860 033f 10       		.byte	16
 861 0340 15       		.byte	21
 862 0341 10       		.byte	16
 863 0342 17       		.byte	23
 864 0343 08       		.byte	8
 865 0344 1B       		.byte	27
 866 0345 04       		.byte	4
 867 0346 20       		.byte	32
 868 0347 06       		.byte	6
 869 0348 22       		.byte	34
 870 0349 08       		.byte	8
 871 034a 24       		.byte	36
 872 034b 06       		.byte	6
 873 034c 26       		.byte	38
 874 034d 01       		.byte	1
 875 034e 28       		.byte	40
 876 034f 04       		.byte	4
 877 0350 2D       		.byte	45
 878 0351 08       		.byte	8
 879 0352 2F       		.byte	47
 880 0353 11       		.byte	17
 881 0354 30       		.byte	48
 882 0355 08       		.byte	8
 883 0356 31       		.byte	49
 884 0357 02       		.byte	2
 885 0358 32       		.byte	50
 886 0359 02       		.byte	2
 887 035a 33       		.byte	51
 888 035b 18       		.byte	24
 889 035c 34       		.byte	52
 890 035d 01       		.byte	1
 891 035e 35       		.byte	53
 892 035f 04       		.byte	4
 893 0360 36       		.byte	54
 894 0361 04       		.byte	4
 895 0362 37       		.byte	55
 896 0363 01       		.byte	1
 897 0364 38       		.byte	56
 898 0365 88       		.byte	-120
 899 0366 3B       		.byte	59
 900 0367 08       		.byte	8
 901 0368 3E       		.byte	62
 902 0369 50       		.byte	80
 903 036a 40       		.byte	64
 904 036b 41       		.byte	65
 905 036c 41       		.byte	65
 906 036d 03       		.byte	3
 907 036e 45       		.byte	69
 908 036f 23       		.byte	35
 909 0370 46       		.byte	70
 910 0371 C4       		.byte	-60
 911 0372 47       		.byte	71
 912 0373 0E       		.byte	14
ARM GAS  C:\Users\dulan\AppData\Local\Temp\ccYS6MIE.s 			page 17


 913 0374 48       		.byte	72
 914 0375 1F       		.byte	31
 915 0376 49       		.byte	73
 916 0377 FF       		.byte	-1
 917 0378 4A       		.byte	74
 918 0379 FF       		.byte	-1
 919 037a 4B       		.byte	75
 920 037b FF       		.byte	-1
 921 037c 4D       		.byte	77
 922 037d AF       		.byte	-81
 923 037e 4E       		.byte	78
 924 037f 07       		.byte	7
 925 0380 4F       		.byte	79
 926 0381 01       		.byte	1
 927 0382 50       		.byte	80
 928 0383 18       		.byte	24
 929 0384 52       		.byte	82
 930 0385 80       		.byte	-128
 931 0386 54       		.byte	84
 932 0387 0F       		.byte	15
 933 0388 58       		.byte	88
 934 0389 04       		.byte	4
 935 038a 59       		.byte	89
 936 038b 04       		.byte	4
 937 038c 5A       		.byte	90
 938 038d 04       		.byte	4
 939 038e 5B       		.byte	91
 940 038f 04       		.byte	4
 941 0390 5F       		.byte	95
 942 0391 05       		.byte	5
 943 0392 60       		.byte	96
 944 0393 40       		.byte	64
 945 0394 62       		.byte	98
 946 0395 80       		.byte	-128
 947 0396 64       		.byte	100
 948 0397 40       		.byte	64
 949 0398 65       		.byte	101
 950 0399 40       		.byte	64
 951 039a 66       		.byte	102
 952 039b 80       		.byte	-128
 953 039c 68       		.byte	104
 954 039d 40       		.byte	64
 955 039e 6A       		.byte	106
 956 039f 80       		.byte	-128
 957 03a0 6C       		.byte	108
 958 03a1 40       		.byte	64
 959 03a2 6D       		.byte	109
 960 03a3 20       		.byte	32
 961 03a4 6E       		.byte	110
 962 03a5 80       		.byte	-128
 963 03a6 81       		.byte	-127
 964 03a7 01       		.byte	1
 965 03a8 83       		.byte	-125
 966 03a9 0A       		.byte	10
 967 03aa 8D       		.byte	-115
 968 03ab 02       		.byte	2
 969 03ac 8F       		.byte	-113
ARM GAS  C:\Users\dulan\AppData\Local\Temp\ccYS6MIE.s 			page 18


 970 03ad 01       		.byte	1
 971 03ae 90       		.byte	-112
 972 03af 08       		.byte	8
 973 03b0 95       		.byte	-107
 974 03b1 01       		.byte	1
 975 03b2 97       		.byte	-105
 976 03b3 02       		.byte	2
 977 03b4 99       		.byte	-103
 978 03b5 01       		.byte	1
 979 03b6 9B       		.byte	-101
 980 03b7 06       		.byte	6
 981 03b8 9E       		.byte	-98
 982 03b9 0A       		.byte	10
 983 03ba A2       		.byte	-94
 984 03bb 01       		.byte	1
 985 03bc AC       		.byte	-84
 986 03bd 04       		.byte	4
 987 03be B0       		.byte	-80
 988 03bf 02       		.byte	2
 989 03c0 B2       		.byte	-78
 990 03c1 04       		.byte	4
 991 03c2 B3       		.byte	-77
 992 03c3 04       		.byte	4
 993 03c4 B4       		.byte	-76
 994 03c5 08       		.byte	8
 995 03c6 B5       		.byte	-75
 996 03c7 08       		.byte	8
 997 03c8 B6       		.byte	-74
 998 03c9 01       		.byte	1
 999 03ca B7       		.byte	-73
 1000 03cb 03       		.byte	3
 1001 03cc BB       		.byte	-69
 1002 03cd 80       		.byte	-128
 1003 03ce BE       		.byte	-66
 1004 03cf 14       		.byte	20
 1005 03d0 D6       		.byte	-42
 1006 03d1 08       		.byte	8
 1007 03d2 D8       		.byte	-40
 1008 03d3 04       		.byte	4
 1009 03d4 D9       		.byte	-39
 1010 03d5 04       		.byte	4
 1011 03d6 DB       		.byte	-37
 1012 03d7 04       		.byte	4
 1013 03d8 DD       		.byte	-35
 1014 03d9 90       		.byte	-112
 1015 03da DF       		.byte	-33
 1016 03db 01       		.byte	1
 1017 03dc 00       		.byte	0
 1018 03dd 08       		.byte	8
 1019 03de 0E       		.byte	14
 1020 03df 80       		.byte	-128
 1021 03e0 0F       		.byte	15
 1022 03e1 02       		.byte	2
 1023 03e2 10       		.byte	16
 1024 03e3 A4       		.byte	-92
 1025 03e4 16       		.byte	22
 1026 03e5 82       		.byte	-126
ARM GAS  C:\Users\dulan\AppData\Local\Temp\ccYS6MIE.s 			page 19


 1027 03e6 19       		.byte	25
 1028 03e7 02       		.byte	2
 1029 03e8 1A       		.byte	26
 1030 03e9 14       		.byte	20
 1031 03ea 1B       		.byte	27
 1032 03eb 80       		.byte	-128
 1033 03ec 1D       		.byte	29
 1034 03ed 60       		.byte	96
 1035 03ee 1E       		.byte	30
 1036 03ef 80       		.byte	-128
 1037 03f0 1F       		.byte	31
 1038 03f1 08       		.byte	8
 1039 03f2 20       		.byte	32
 1040 03f3 48       		.byte	72
 1041 03f4 22       		.byte	34
 1042 03f5 04       		.byte	4
 1043 03f6 23       		.byte	35
 1044 03f7 01       		.byte	1
 1045 03f8 25       		.byte	37
 1046 03f9 40       		.byte	64
 1047 03fa 26       		.byte	38
 1048 03fb 28       		.byte	40
 1049 03fc 27       		.byte	39
 1050 03fd 01       		.byte	1
 1051 03fe 29       		.byte	41
 1052 03ff 40       		.byte	64
 1053 0400 30       		.byte	48
 1054 0401 20       		.byte	32
 1055 0402 32       		.byte	50
 1056 0403 04       		.byte	4
 1057 0404 36       		.byte	54
 1058 0405 28       		.byte	40
 1059 0406 38       		.byte	56
 1060 0407 44       		.byte	68
 1061 0408 3B       		.byte	59
 1062 0409 05       		.byte	5
 1063 040a 3D       		.byte	61
 1064 040b 82       		.byte	-126
 1065 040c 43       		.byte	67
 1066 040d 86       		.byte	-122
 1067 040e 48       		.byte	72
 1068 040f A0       		.byte	-96
 1069 0410 51       		.byte	81
 1070 0411 08       		.byte	8
 1071 0412 52       		.byte	82
 1072 0413 50       		.byte	80
 1073 0414 58       		.byte	88
 1074 0415 40       		.byte	64
 1075 0416 5A       		.byte	90
 1076 0417 05       		.byte	5
 1077 0418 5B       		.byte	91
 1078 0419 10       		.byte	16
 1079 041a 5F       		.byte	95
 1080 041b 40       		.byte	64
 1081 041c 61       		.byte	97
 1082 041d 08       		.byte	8
 1083 041e 62       		.byte	98
ARM GAS  C:\Users\dulan\AppData\Local\Temp\ccYS6MIE.s 			page 20


 1084 041f 10       		.byte	16
 1085 0420 66       		.byte	102
 1086 0421 80       		.byte	-128
 1087 0422 72       		.byte	114
 1088 0423 40       		.byte	64
 1089 0424 78       		.byte	120
 1090 0425 04       		.byte	4
 1091 0426 80       		.byte	-128
 1092 0427 80       		.byte	-128
 1093 0428 83       		.byte	-125
 1094 0429 50       		.byte	80
 1095 042a 87       		.byte	-121
 1096 042b 08       		.byte	8
 1097 042c 90       		.byte	-112
 1098 042d 2C       		.byte	44
 1099 042e 91       		.byte	-111
 1100 042f 80       		.byte	-128
 1101 0430 92       		.byte	-110
 1102 0431 01       		.byte	1
 1103 0432 93       		.byte	-109
 1104 0433 40       		.byte	64
 1105 0434 94       		.byte	-108
 1106 0435 80       		.byte	-128
 1107 0436 96       		.byte	-106
 1108 0437 08       		.byte	8
 1109 0438 98       		.byte	-104
 1110 0439 01       		.byte	1
 1111 043a 99       		.byte	-103
 1112 043b 01       		.byte	1
 1113 043c 9B       		.byte	-101
 1114 043d 28       		.byte	40
 1115 043e 9C       		.byte	-100
 1116 043f A4       		.byte	-92
 1117 0440 9D       		.byte	-99
 1118 0441 0A       		.byte	10
 1119 0442 9F       		.byte	-97
 1120 0443 05       		.byte	5
 1121 0444 A0       		.byte	-96
 1122 0445 02       		.byte	2
 1123 0446 A1       		.byte	-95
 1124 0447 01       		.byte	1
 1125 0448 A3       		.byte	-93
 1126 0449 10       		.byte	16
 1127 044a A4       		.byte	-92
 1128 044b 91       		.byte	-111
 1129 044c A7       		.byte	-89
 1130 044d 82       		.byte	-126
 1131 044e B1       		.byte	-79
 1132 044f 40       		.byte	64
 1133 0450 B4       		.byte	-76
 1134 0451 02       		.byte	2
 1135 0452 C0       		.byte	-64
 1136 0453 04       		.byte	4
 1137 0454 C2       		.byte	-62
 1138 0455 90       		.byte	-112
 1139 0456 C4       		.byte	-60
 1140 0457 9E       		.byte	-98
ARM GAS  C:\Users\dulan\AppData\Local\Temp\ccYS6MIE.s 			page 21


 1141 0458 CA       		.byte	-54
 1142 0459 08       		.byte	8
 1143 045a CC       		.byte	-52
 1144 045b 66       		.byte	102
 1145 045c CE       		.byte	-50
 1146 045d 99       		.byte	-103
 1147 045e D0       		.byte	-48
 1148 045f 0B       		.byte	11
 1149 0460 D6       		.byte	-42
 1150 0461 1F       		.byte	31
 1151 0462 D8       		.byte	-40
 1152 0463 16       		.byte	22
 1153 0464 DE       		.byte	-34
 1154 0465 02       		.byte	2
 1155 0466 E4       		.byte	-28
 1156 0467 02       		.byte	2
 1157 0468 E8       		.byte	-24
 1158 0469 80       		.byte	-128
 1159 046a 00       		.byte	0
 1160 046b 08       		.byte	8
 1161 046c 02       		.byte	2
 1162 046d 01       		.byte	1
 1163 046e 04       		.byte	4
 1164 046f 0C       		.byte	12
 1165 0470 06       		.byte	6
 1166 0471 01       		.byte	1
 1167 0472 13       		.byte	19
 1168 0473 01       		.byte	1
 1169 0474 14       		.byte	20
 1170 0475 0B       		.byte	11
 1171 0476 16       		.byte	22
 1172 0477 04       		.byte	4
 1173 0478 18       		.byte	24
 1174 0479 20       		.byte	32
 1175 047a 1F       		.byte	31
 1176 047b 02       		.byte	2
 1177 047c 20       		.byte	32
 1178 047d 0C       		.byte	12
 1179 047e 22       		.byte	34
 1180 047f 02       		.byte	2
 1181 0480 26       		.byte	38
 1182 0481 10       		.byte	16
 1183 0482 28       		.byte	40
 1184 0483 07       		.byte	7
 1185 0484 29       		.byte	41
 1186 0485 02       		.byte	2
 1187 0486 2B       		.byte	43
 1188 0487 01       		.byte	1
 1189 0488 2E       		.byte	46
 1190 0489 0F       		.byte	15
 1191 048a 30       		.byte	48
 1192 048b 20       		.byte	32
 1193 048c 31       		.byte	49
 1194 048d 03       		.byte	3
 1195 048e 32       		.byte	50
 1196 048f 18       		.byte	24
 1197 0490 36       		.byte	54
ARM GAS  C:\Users\dulan\AppData\Local\Temp\ccYS6MIE.s 			page 22


 1198 0491 0F       		.byte	15
 1199 0492 3E       		.byte	62
 1200 0493 01       		.byte	1
 1201 0494 56       		.byte	86
 1202 0495 08       		.byte	8
 1203 0496 58       		.byte	88
 1204 0497 04       		.byte	4
 1205 0498 59       		.byte	89
 1206 0499 08       		.byte	8
 1207 049a 5B       		.byte	91
 1208 049b 04       		.byte	4
 1209 049c 5C       		.byte	92
 1210 049d 90       		.byte	-112
 1211 049e 5D       		.byte	93
 1212 049f 90       		.byte	-112
 1213 04a0 5F       		.byte	95
 1214 04a1 01       		.byte	1
 1215 04a2 80       		.byte	-128
 1216 04a3 41       		.byte	65
 1217 04a4 84       		.byte	-124
 1218 04a5 18       		.byte	24
 1219 04a6 86       		.byte	-122
 1220 04a7 04       		.byte	4
 1221 04a8 8A       		.byte	-118
 1222 04a9 20       		.byte	32
 1223 04aa 8C       		.byte	-116
 1224 04ab 0E       		.byte	14
 1225 04ac 8F       		.byte	-113
 1226 04ad 03       		.byte	3
 1227 04ae 92       		.byte	-110
 1228 04af 20       		.byte	32
 1229 04b0 96       		.byte	-106
 1230 04b1 41       		.byte	65
 1231 04b2 97       		.byte	-105
 1232 04b3 04       		.byte	4
 1233 04b4 98       		.byte	-104
 1234 04b5 10       		.byte	16
 1235 04b6 9A       		.byte	-102
 1236 04b7 02       		.byte	2
 1237 04b8 9C       		.byte	-100
 1238 04b9 20       		.byte	32
 1239 04ba 9D       		.byte	-99
 1240 04bb 03       		.byte	3
 1241 04bc A0       		.byte	-96
 1242 04bd 18       		.byte	24
 1243 04be A2       		.byte	-94
 1244 04bf 02       		.byte	2
 1245 04c0 A4       		.byte	-92
 1246 04c1 01       		.byte	1
 1247 04c2 A6       		.byte	-90
 1248 04c3 40       		.byte	64
 1249 04c4 A8       		.byte	-88
 1250 04c5 16       		.byte	22
 1251 04c6 A9       		.byte	-87
 1252 04c7 02       		.byte	2
 1253 04c8 AA       		.byte	-86
 1254 04c9 08       		.byte	8
ARM GAS  C:\Users\dulan\AppData\Local\Temp\ccYS6MIE.s 			page 23


 1255 04ca AB       		.byte	-85
 1256 04cb 01       		.byte	1
 1257 04cc AE       		.byte	-82
 1258 04cd 1E       		.byte	30
 1259 04ce B0       		.byte	-80
 1260 04cf 20       		.byte	32
 1261 04d0 B1       		.byte	-79
 1262 04d1 04       		.byte	4
 1263 04d2 B2       		.byte	-78
 1264 04d3 1E       		.byte	30
 1265 04d4 B4       		.byte	-76
 1266 04d5 01       		.byte	1
 1267 04d6 B5       		.byte	-75
 1268 04d7 02       		.byte	2
 1269 04d8 B6       		.byte	-74
 1270 04d9 40       		.byte	64
 1271 04da B7       		.byte	-73
 1272 04db 01       		.byte	1
 1273 04dc BE       		.byte	-66
 1274 04dd 51       		.byte	81
 1275 04de BF       		.byte	-65
 1276 04df 50       		.byte	80
 1277 04e0 D2       		.byte	-46
 1278 04e1 80       		.byte	-128
 1279 04e2 D4       		.byte	-44
 1280 04e3 0F       		.byte	15
 1281 04e4 D6       		.byte	-42
 1282 04e5 04       		.byte	4
 1283 04e6 D8       		.byte	-40
 1284 04e7 04       		.byte	4
 1285 04e8 D9       		.byte	-39
 1286 04e9 04       		.byte	4
 1287 04ea DB       		.byte	-37
 1288 04eb 04       		.byte	4
 1289 04ec DF       		.byte	-33
 1290 04ed 01       		.byte	1
 1291 04ee 00       		.byte	0
 1292 04ef 60       		.byte	96
 1293 04f0 01       		.byte	1
 1294 04f1 0A       		.byte	10
 1295 04f2 05       		.byte	5
 1296 04f3 09       		.byte	9
 1297 04f4 0A       		.byte	10
 1298 04f5 52       		.byte	82
 1299 04f6 0B       		.byte	11
 1300 04f7 08       		.byte	8
 1301 04f8 0D       		.byte	13
 1302 04f9 10       		.byte	16
 1303 04fa 0F       		.byte	15
 1304 04fb 20       		.byte	32
 1305 04fc 11       		.byte	17
 1306 04fd 01       		.byte	1
 1307 04fe 12       		.byte	18
 1308 04ff 25       		.byte	37
 1309 0500 14       		.byte	20
 1310 0501 04       		.byte	4
 1311 0502 15       		.byte	21
ARM GAS  C:\Users\dulan\AppData\Local\Temp\ccYS6MIE.s 			page 24


 1312 0503 81       		.byte	-127
 1313 0504 17       		.byte	23
 1314 0505 08       		.byte	8
 1315 0506 19       		.byte	25
 1316 0507 98       		.byte	-104
 1317 0508 1B       		.byte	27
 1318 0509 02       		.byte	2
 1319 050a 1C       		.byte	28
 1320 050b A2       		.byte	-94
 1321 050c 1D       		.byte	29
 1322 050d 04       		.byte	4
 1323 050e 22       		.byte	34
 1324 050f 51       		.byte	81
 1325 0510 27       		.byte	39
 1326 0511 40       		.byte	64
 1327 0512 29       		.byte	41
 1328 0513 21       		.byte	33
 1329 0514 2A       		.byte	42
 1330 0515 05       		.byte	5
 1331 0516 2B       		.byte	43
 1332 0517 10       		.byte	16
 1333 0518 2F       		.byte	47
 1334 0519 08       		.byte	8
 1335 051a 31       		.byte	49
 1336 051b 04       		.byte	4
 1337 051c 32       		.byte	50
 1338 051d 80       		.byte	-128
 1339 051e 36       		.byte	54
 1340 051f 02       		.byte	2
 1341 0520 37       		.byte	55
 1342 0521 40       		.byte	64
 1343 0522 3B       		.byte	59
 1344 0523 80       		.byte	-128
 1345 0524 3C       		.byte	60
 1346 0525 02       		.byte	2
 1347 0526 3D       		.byte	61
 1348 0527 01       		.byte	1
 1349 0528 58       		.byte	88
 1350 0529 04       		.byte	4
 1351 052a 59       		.byte	89
 1352 052b 90       		.byte	-112
 1353 052c 5B       		.byte	91
 1354 052d 02       		.byte	2
 1355 052e 5C       		.byte	92
 1356 052f 80       		.byte	-128
 1357 0530 5D       		.byte	93
 1358 0531 40       		.byte	64
 1359 0532 63       		.byte	99
 1360 0533 40       		.byte	64
 1361 0534 67       		.byte	103
 1362 0535 02       		.byte	2
 1363 0536 6C       		.byte	108
 1364 0537 01       		.byte	1
 1365 0538 6E       		.byte	110
 1366 0539 20       		.byte	32
 1367 053a 71       		.byte	113
 1368 053b 02       		.byte	2
ARM GAS  C:\Users\dulan\AppData\Local\Temp\ccYS6MIE.s 			page 25


 1369 053c 7F       		.byte	127
 1370 053d 01       		.byte	1
 1371 053e 83       		.byte	-125
 1372 053f 12       		.byte	18
 1373 0540 84       		.byte	-124
 1374 0541 40       		.byte	64
 1375 0542 86       		.byte	-122
 1376 0543 02       		.byte	2
 1377 0544 8B       		.byte	-117
 1378 0545 40       		.byte	64
 1379 0546 90       		.byte	-112
 1380 0547 28       		.byte	40
 1381 0548 91       		.byte	-111
 1382 0549 80       		.byte	-128
 1383 054a 92       		.byte	-110
 1384 054b 58       		.byte	88
 1385 054c 93       		.byte	-109
 1386 054d 04       		.byte	4
 1387 054e 94       		.byte	-108
 1388 054f 80       		.byte	-128
 1389 0550 98       		.byte	-104
 1390 0551 01       		.byte	1
 1391 0552 99       		.byte	-103
 1392 0553 01       		.byte	1
 1393 0554 9A       		.byte	-102
 1394 0555 40       		.byte	64
 1395 0556 9B       		.byte	-101
 1396 0557 29       		.byte	41
 1397 0558 9C       		.byte	-100
 1398 0559 E4       		.byte	-28
 1399 055a 9D       		.byte	-99
 1400 055b 08       		.byte	8
 1401 055c 9E       		.byte	-98
 1402 055d 02       		.byte	2
 1403 055e 9F       		.byte	-97
 1404 055f 44       		.byte	68
 1405 0560 A0       		.byte	-96
 1406 0561 02       		.byte	2
 1407 0562 A1       		.byte	-95
 1408 0563 20       		.byte	32
 1409 0564 A2       		.byte	-94
 1410 0565 02       		.byte	2
 1411 0566 A3       		.byte	-93
 1412 0567 10       		.byte	16
 1413 0568 A4       		.byte	-92
 1414 0569 11       		.byte	17
 1415 056a A7       		.byte	-89
 1416 056b 03       		.byte	3
 1417 056c B2       		.byte	-78
 1418 056d 02       		.byte	2
 1419 056e C0       		.byte	-64
 1420 056f 3F       		.byte	63
 1421 0570 C2       		.byte	-62
 1422 0571 6F       		.byte	111
 1423 0572 C4       		.byte	-60
 1424 0573 FF       		.byte	-1
 1425 0574 CA       		.byte	-54
ARM GAS  C:\Users\dulan\AppData\Local\Temp\ccYS6MIE.s 			page 26


 1426 0575 24       		.byte	36
 1427 0576 CC       		.byte	-52
 1428 0577 9A       		.byte	-102
 1429 0578 CE       		.byte	-50
 1430 0579 08       		.byte	8
 1431 057a D6       		.byte	-42
 1432 057b 1F       		.byte	31
 1433 057c D8       		.byte	-40
 1434 057d 11       		.byte	17
 1435 057e DE       		.byte	-34
 1436 057f 10       		.byte	16
 1437 0580 E2       		.byte	-30
 1438 0581 20       		.byte	32
 1439 0582 39       		.byte	57
 1440 0583 80       		.byte	-128
 1441 0584 3F       		.byte	63
 1442 0585 40       		.byte	64
 1443 0586 59       		.byte	89
 1444 0587 04       		.byte	4
 1445 0588 5F       		.byte	95
 1446 0589 01       		.byte	1
 1447 058a 27       		.byte	39
 1448 058b 01       		.byte	1
 1449 058c EE       		.byte	-18
 1450 058d 20       		.byte	32
 1451 058e E4       		.byte	-28
 1452 058f 02       		.byte	2
 1453 0590 EE       		.byte	-18
 1454 0591 40       		.byte	64
 1455 0592 EC       		.byte	-20
 1456 0593 40       		.byte	64
 1457 0594 EE       		.byte	-18
 1458 0595 20       		.byte	32
 1459 0596 E0       		.byte	-32
 1460 0597 20       		.byte	32
 1461 0598 E2       		.byte	-30
 1462 0599 02       		.byte	2
 1463 059a E6       		.byte	-26
 1464 059b 02       		.byte	2
 1465 059c 00       		.byte	0
 1466 059d C0       		.byte	-64
 1467 059e 02       		.byte	2
 1468 059f 24       		.byte	36
 1469 05a0 04       		.byte	4
 1470 05a1 77       		.byte	119
 1471 05a2 05       		.byte	5
 1472 05a3 FD       		.byte	-3
 1473 05a4 07       		.byte	7
 1474 05a5 02       		.byte	2
 1475 05a6 09       		.byte	9
 1476 05a7 9E       		.byte	-98
 1477 05a8 0A       		.byte	10
 1478 05a9 07       		.byte	7
 1479 05aa 0B       		.byte	11
 1480 05ab 60       		.byte	96
 1481 05ac 0C       		.byte	12
 1482 05ad 84       		.byte	-124
ARM GAS  C:\Users\dulan\AppData\Local\Temp\ccYS6MIE.s 			page 27


 1483 05ae 0D       		.byte	13
 1484 05af CF       		.byte	-49
 1485 05b0 0E       		.byte	14
 1486 05b1 10       		.byte	16
 1487 05b2 0F       		.byte	15
 1488 05b3 30       		.byte	48
 1489 05b4 11       		.byte	17
 1490 05b5 30       		.byte	48
 1491 05b6 12       		.byte	18
 1492 05b7 08       		.byte	8
 1493 05b8 13       		.byte	19
 1494 05b9 C9       		.byte	-55
 1495 05ba 15       		.byte	21
 1496 05bb 94       		.byte	-108
 1497 05bc 17       		.byte	23
 1498 05bd 60       		.byte	96
 1499 05be 18       		.byte	24
 1500 05bf 01       		.byte	1
 1501 05c0 19       		.byte	25
 1502 05c1 73       		.byte	115
 1503 05c2 1A       		.byte	26
 1504 05c3 F2       		.byte	-14
 1505 05c4 24       		.byte	36
 1506 05c5 B7       		.byte	-73
 1507 05c6 26       		.byte	38
 1508 05c7 40       		.byte	64
 1509 05c8 28       		.byte	40
 1510 05c9 C1       		.byte	-63
 1511 05ca 2A       		.byte	42
 1512 05cb 12       		.byte	18
 1513 05cc 2B       		.byte	43
 1514 05cd 0F       		.byte	15
 1515 05ce 30       		.byte	48
 1516 05cf F0       		.byte	-16
 1517 05d0 31       		.byte	49
 1518 05d1 FF       		.byte	-1
 1519 05d2 34       		.byte	52
 1520 05d3 0F       		.byte	15
 1521 05d4 3F       		.byte	63
 1522 05d5 01       		.byte	1
 1523 05d6 40       		.byte	64
 1524 05d7 63       		.byte	99
 1525 05d8 41       		.byte	65
 1526 05d9 02       		.byte	2
 1527 05da 49       		.byte	73
 1528 05db FF       		.byte	-1
 1529 05dc 4A       		.byte	74
 1530 05dd FF       		.byte	-1
 1531 05de 4B       		.byte	75
 1532 05df FF       		.byte	-1
 1533 05e0 4D       		.byte	77
 1534 05e1 A0       		.byte	-96
 1535 05e2 4F       		.byte	79
 1536 05e3 01       		.byte	1
 1537 05e4 50       		.byte	80
 1538 05e5 18       		.byte	24
 1539 05e6 54       		.byte	84
ARM GAS  C:\Users\dulan\AppData\Local\Temp\ccYS6MIE.s 			page 28


 1540 05e7 0F       		.byte	15
 1541 05e8 56       		.byte	86
 1542 05e9 04       		.byte	4
 1543 05ea 58       		.byte	88
 1544 05eb 04       		.byte	4
 1545 05ec 59       		.byte	89
 1546 05ed 04       		.byte	4
 1547 05ee 5A       		.byte	90
 1548 05ef 04       		.byte	4
 1549 05f0 5B       		.byte	91
 1550 05f1 04       		.byte	4
 1551 05f2 5F       		.byte	95
 1552 05f3 01       		.byte	1
 1553 05f4 60       		.byte	96
 1554 05f5 40       		.byte	64
 1555 05f6 62       		.byte	98
 1556 05f7 80       		.byte	-128
 1557 05f8 64       		.byte	100
 1558 05f9 40       		.byte	64
 1559 05fa 65       		.byte	101
 1560 05fb 40       		.byte	64
 1561 05fc 66       		.byte	102
 1562 05fd 80       		.byte	-128
 1563 05fe 68       		.byte	104
 1564 05ff 40       		.byte	64
 1565 0600 6A       		.byte	106
 1566 0601 80       		.byte	-128
 1567 0602 6C       		.byte	108
 1568 0603 40       		.byte	64
 1569 0604 6D       		.byte	109
 1570 0605 20       		.byte	32
 1571 0606 6E       		.byte	110
 1572 0607 80       		.byte	-128
 1573 0608 80       		.byte	-128
 1574 0609 03       		.byte	3
 1575 060a 82       		.byte	-126
 1576 060b 0C       		.byte	12
 1577 060c 90       		.byte	-112
 1578 060d 08       		.byte	8
 1579 060e 9C       		.byte	-100
 1580 060f 03       		.byte	3
 1581 0610 A8       		.byte	-88
 1582 0611 01       		.byte	1
 1583 0612 B0       		.byte	-80
 1584 0613 04       		.byte	4
 1585 0614 B2       		.byte	-78
 1586 0615 01       		.byte	1
 1587 0616 B4       		.byte	-76
 1588 0617 08       		.byte	8
 1589 0618 B6       		.byte	-74
 1590 0619 02       		.byte	2
 1591 061a B8       		.byte	-72
 1592 061b 88       		.byte	-120
 1593 061c BE       		.byte	-66
 1594 061d 14       		.byte	20
 1595 061e C0       		.byte	-64
 1596 061f 23       		.byte	35
ARM GAS  C:\Users\dulan\AppData\Local\Temp\ccYS6MIE.s 			page 29


 1597 0620 C1       		.byte	-63
 1598 0621 06       		.byte	6
 1599 0622 C5       		.byte	-59
 1600 0623 2C       		.byte	44
 1601 0624 C6       		.byte	-58
 1602 0625 43       		.byte	67
 1603 0626 C7       		.byte	-57
 1604 0627 0E       		.byte	14
 1605 0628 C8       		.byte	-56
 1606 0629 1F       		.byte	31
 1607 062a C9       		.byte	-55
 1608 062b FF       		.byte	-1
 1609 062c CA       		.byte	-54
 1610 062d FF       		.byte	-1
 1611 062e CB       		.byte	-53
 1612 062f FF       		.byte	-1
 1613 0630 CD       		.byte	-51
 1614 0631 AF       		.byte	-81
 1615 0632 CE       		.byte	-50
 1616 0633 07       		.byte	7
 1617 0634 CF       		.byte	-49
 1618 0635 01       		.byte	1
 1619 0636 D0       		.byte	-48
 1620 0637 18       		.byte	24
 1621 0638 D4       		.byte	-44
 1622 0639 0F       		.byte	15
 1623 063a D8       		.byte	-40
 1624 063b 04       		.byte	4
 1625 063c DA       		.byte	-38
 1626 063d 04       		.byte	4
 1627 063e DB       		.byte	-37
 1628 063f 04       		.byte	4
 1629 0640 DF       		.byte	-33
 1630 0641 05       		.byte	5
 1631 0642 E0       		.byte	-32
 1632 0643 40       		.byte	64
 1633 0644 E2       		.byte	-30
 1634 0645 80       		.byte	-128
 1635 0646 E4       		.byte	-28
 1636 0647 40       		.byte	64
 1637 0648 E5       		.byte	-27
 1638 0649 40       		.byte	64
 1639 064a E6       		.byte	-26
 1640 064b 80       		.byte	-128
 1641 064c E8       		.byte	-24
 1642 064d 40       		.byte	64
 1643 064e EA       		.byte	-22
 1644 064f 80       		.byte	-128
 1645 0650 EC       		.byte	-20
 1646 0651 40       		.byte	64
 1647 0652 ED       		.byte	-19
 1648 0653 20       		.byte	32
 1649 0654 EE       		.byte	-18
 1650 0655 80       		.byte	-128
 1651 0656 01       		.byte	1
 1652 0657 22       		.byte	34
 1653 0658 03       		.byte	3
ARM GAS  C:\Users\dulan\AppData\Local\Temp\ccYS6MIE.s 			page 30


 1654 0659 11       		.byte	17
 1655 065a 05       		.byte	5
 1656 065b 10       		.byte	16
 1657 065c 06       		.byte	6
 1658 065d 84       		.byte	-124
 1659 065e 09       		.byte	9
 1660 065f 02       		.byte	2
 1661 0660 0A       		.byte	10
 1662 0661 08       		.byte	8
 1663 0662 0E       		.byte	14
 1664 0663 80       		.byte	-128
 1665 0664 0F       		.byte	15
 1666 0665 02       		.byte	2
 1667 0666 11       		.byte	17
 1668 0667 04       		.byte	4
 1669 0668 13       		.byte	19
 1670 0669 10       		.byte	16
 1671 066a 14       		.byte	20
 1672 066b 0C       		.byte	12
 1673 066c 17       		.byte	23
 1674 066d 30       		.byte	48
 1675 066e 18       		.byte	24
 1676 066f 84       		.byte	-124
 1677 0670 19       		.byte	25
 1678 0671 22       		.byte	34
 1679 0672 1D       		.byte	29
 1680 0673 08       		.byte	8
 1681 0674 1E       		.byte	30
 1682 0675 88       		.byte	-120
 1683 0676 1F       		.byte	31
 1684 0677 40       		.byte	64
 1685 0678 21       		.byte	33
 1686 0679 02       		.byte	2
 1687 067a 29       		.byte	41
 1688 067b 20       		.byte	32
 1689 067c 32       		.byte	50
 1690 067d 04       		.byte	4
 1691 067e 33       		.byte	51
 1692 067f 11       		.byte	17
 1693 0680 38       		.byte	56
 1694 0681 A8       		.byte	-88
 1695 0682 39       		.byte	57
 1696 0683 04       		.byte	4
 1697 0684 3B       		.byte	59
 1698 0685 10       		.byte	16
 1699 0686 40       		.byte	64
 1700 0687 04       		.byte	4
 1701 0688 41       		.byte	65
 1702 0689 08       		.byte	8
 1703 068a 45       		.byte	69
 1704 068b 08       		.byte	8
 1705 068c 46       		.byte	70
 1706 068d 04       		.byte	4
 1707 068e 49       		.byte	73
 1708 068f 10       		.byte	16
 1709 0690 4D       		.byte	77
 1710 0691 20       		.byte	32
ARM GAS  C:\Users\dulan\AppData\Local\Temp\ccYS6MIE.s 			page 31


 1711 0692 4F       		.byte	79
 1712 0693 06       		.byte	6
 1713 0694 54       		.byte	84
 1714 0695 20       		.byte	32
 1715 0696 56       		.byte	86
 1716 0697 88       		.byte	-120
 1717 0698 58       		.byte	88
 1718 0699 04       		.byte	4
 1719 069a 5A       		.byte	90
 1720 069b A0       		.byte	-96
 1721 069c 5B       		.byte	91
 1722 069d 02       		.byte	2
 1723 069e 5D       		.byte	93
 1724 069f 11       		.byte	17
 1725 06a0 5E       		.byte	94
 1726 06a1 48       		.byte	72
 1727 06a2 62       		.byte	98
 1728 06a3 01       		.byte	1
 1729 06a4 66       		.byte	102
 1730 06a5 08       		.byte	8
 1731 06a6 67       		.byte	103
 1732 06a7 04       		.byte	4
 1733 06a8 7C       		.byte	124
 1734 06a9 08       		.byte	8
 1735 06aa 80       		.byte	-128
 1736 06ab 04       		.byte	4
 1737 06ac 83       		.byte	-125
 1738 06ad 02       		.byte	2
 1739 06ae 89       		.byte	-119
 1740 06af 31       		.byte	49
 1741 06b0 8B       		.byte	-117
 1742 06b1 01       		.byte	1
 1743 06b2 90       		.byte	-112
 1744 06b3 28       		.byte	40
 1745 06b4 92       		.byte	-110
 1746 06b5 E8       		.byte	-24
 1747 06b6 94       		.byte	-108
 1748 06b7 80       		.byte	-128
 1749 06b8 97       		.byte	-105
 1750 06b9 80       		.byte	-128
 1751 06ba 99       		.byte	-103
 1752 06bb 10       		.byte	16
 1753 06bc 9B       		.byte	-101
 1754 06bd 21       		.byte	33
 1755 06be 9D       		.byte	-99
 1756 06bf 20       		.byte	32
 1757 06c0 9E       		.byte	-98
 1758 06c1 01       		.byte	1
 1759 06c2 A1       		.byte	-95
 1760 06c3 20       		.byte	32
 1761 06c4 A4       		.byte	-92
 1762 06c5 20       		.byte	32
 1763 06c6 A7       		.byte	-89
 1764 06c7 01       		.byte	1
 1765 06c8 A9       		.byte	-87
 1766 06c9 40       		.byte	64
 1767 06ca AA       		.byte	-86
ARM GAS  C:\Users\dulan\AppData\Local\Temp\ccYS6MIE.s 			page 32


 1768 06cb 01       		.byte	1
 1769 06cc AE       		.byte	-82
 1770 06cd 10       		.byte	16
 1771 06ce C0       		.byte	-64
 1772 06cf 1F       		.byte	31
 1773 06d0 C2       		.byte	-62
 1774 06d1 9A       		.byte	-102
 1775 06d2 C4       		.byte	-60
 1776 06d3 46       		.byte	70
 1777 06d4 CA       		.byte	-54
 1778 06d5 04       		.byte	4
 1779 06d6 CC       		.byte	-52
 1780 06d7 07       		.byte	7
 1781 06d8 CE       		.byte	-50
 1782 06d9 0E       		.byte	14
 1783 06da D0       		.byte	-48
 1784 06db 66       		.byte	102
 1785 06dc D2       		.byte	-46
 1786 06dd 24       		.byte	36
 1787 06de D6       		.byte	-42
 1788 06df FF       		.byte	-1
 1789 06e0 D8       		.byte	-40
 1790 06e1 61       		.byte	97
 1791 06e2 DE       		.byte	-34
 1792 06e3 40       		.byte	64
 1793 06e4 00       		.byte	0
 1794 06e5 94       		.byte	-108
 1795 06e6 02       		.byte	2
 1796 06e7 60       		.byte	96
 1797 06e8 04       		.byte	4
 1798 06e9 CF       		.byte	-49
 1799 06ea 06       		.byte	6
 1800 06eb 30       		.byte	48
 1801 06ec 09       		.byte	9
 1802 06ed 07       		.byte	7
 1803 06ee 0D       		.byte	13
 1804 06ef 01       		.byte	1
 1805 06f0 0F       		.byte	15
 1806 06f1 02       		.byte	2
 1807 06f2 11       		.byte	17
 1808 06f3 01       		.byte	1
 1809 06f4 13       		.byte	19
 1810 06f5 02       		.byte	2
 1811 06f6 14       		.byte	20
 1812 06f7 FD       		.byte	-3
 1813 06f8 16       		.byte	22
 1814 06f9 02       		.byte	2
 1815 06fa 17       		.byte	23
 1816 06fb 04       		.byte	4
 1817 06fc 1B       		.byte	27
 1818 06fd 07       		.byte	7
 1819 06fe 1D       		.byte	29
 1820 06ff 10       		.byte	16
 1821 0700 20       		.byte	32
 1822 0701 9E       		.byte	-98
 1823 0702 22       		.byte	34
 1824 0703 60       		.byte	96
ARM GAS  C:\Users\dulan\AppData\Local\Temp\ccYS6MIE.s 			page 33


 1825 0704 23       		.byte	35
 1826 0705 08       		.byte	8
 1827 0706 26       		.byte	38
 1828 0707 0F       		.byte	15
 1829 0708 27       		.byte	39
 1830 0709 30       		.byte	48
 1831 070a 28       		.byte	40
 1832 070b 73       		.byte	115
 1833 070c 29       		.byte	41
 1834 070d 04       		.byte	4
 1835 070e 2C       		.byte	44
 1836 070f 30       		.byte	48
 1837 0710 2D       		.byte	45
 1838 0711 07       		.byte	7
 1839 0712 2E       		.byte	46
 1840 0713 C9       		.byte	-55
 1841 0714 33       		.byte	51
 1842 0715 10       		.byte	16
 1843 0716 35       		.byte	53
 1844 0717 0F       		.byte	15
 1845 0718 36       		.byte	54
 1846 0719 FF       		.byte	-1
 1847 071a 37       		.byte	55
 1848 071b 20       		.byte	32
 1849 071c 3E       		.byte	62
 1850 071d 40       		.byte	64
 1851 071e 3F       		.byte	63
 1852 071f 04       		.byte	4
 1853 0720 40       		.byte	64
 1854 0721 51       		.byte	81
 1855 0722 47       		.byte	71
 1856 0723 02       		.byte	2
 1857 0724 48       		.byte	72
 1858 0725 10       		.byte	16
 1859 0726 49       		.byte	73
 1860 0727 FF       		.byte	-1
 1861 0728 4A       		.byte	74
 1862 0729 FF       		.byte	-1
 1863 072a 4B       		.byte	75
 1864 072b FF       		.byte	-1
 1865 072c 58       		.byte	88
 1866 072d 04       		.byte	4
 1867 072e 59       		.byte	89
 1868 072f 04       		.byte	4
 1869 0730 5A       		.byte	90
 1870 0731 08       		.byte	8
 1871 0732 5D       		.byte	93
 1872 0733 09       		.byte	9
 1873 0734 5F       		.byte	95
 1874 0735 01       		.byte	1
 1875 0736 60       		.byte	96
 1876 0737 80       		.byte	-128
 1877 0738 62       		.byte	98
 1878 0739 40       		.byte	64
 1879 073a 63       		.byte	99
 1880 073b 40       		.byte	64
 1881 073c 64       		.byte	100
ARM GAS  C:\Users\dulan\AppData\Local\Temp\ccYS6MIE.s 			page 34


 1882 073d 40       		.byte	64
 1883 073e 65       		.byte	101
 1884 073f 40       		.byte	64
 1885 0740 66       		.byte	102
 1886 0741 80       		.byte	-128
 1887 0742 68       		.byte	104
 1888 0743 80       		.byte	-128
 1889 0744 6A       		.byte	106
 1890 0745 80       		.byte	-128
 1891 0746 6C       		.byte	108
 1892 0747 80       		.byte	-128
 1893 0748 6E       		.byte	110
 1894 0749 80       		.byte	-128
 1895 074a 82       		.byte	-126
 1896 074b 01       		.byte	1
 1897 074c 84       		.byte	-124
 1898 074d 18       		.byte	24
 1899 074e 87       		.byte	-121
 1900 074f 02       		.byte	2
 1901 0750 8C       		.byte	-116
 1902 0751 0C       		.byte	12
 1903 0752 92       		.byte	-110
 1904 0753 20       		.byte	32
 1905 0754 93       		.byte	-109
 1906 0755 01       		.byte	1
 1907 0756 94       		.byte	-108
 1908 0757 14       		.byte	20
 1909 0758 95       		.byte	-107
 1910 0759 02       		.byte	2
 1911 075a 97       		.byte	-105
 1912 075b 01       		.byte	1
 1913 075c 9A       		.byte	-102
 1914 075d 22       		.byte	34
 1915 075e A0       		.byte	-96
 1916 075f 18       		.byte	24
 1917 0760 A1       		.byte	-95
 1918 0761 04       		.byte	4
 1919 0762 A4       		.byte	-92
 1920 0763 20       		.byte	32
 1921 0764 AF       		.byte	-81
 1922 0765 04       		.byte	4
 1923 0766 B0       		.byte	-80
 1924 0767 1C       		.byte	28
 1925 0768 B1       		.byte	-79
 1926 0769 04       		.byte	4
 1927 076a B2       		.byte	-78
 1928 076b 02       		.byte	2
 1929 076c B4       		.byte	-76
 1930 076d 20       		.byte	32
 1931 076e B5       		.byte	-75
 1932 076f 03       		.byte	3
 1933 0770 B6       		.byte	-74
 1934 0771 01       		.byte	1
 1935 0772 B8       		.byte	-72
 1936 0773 02       		.byte	2
 1937 0774 BE       		.byte	-66
 1938 0775 10       		.byte	16
ARM GAS  C:\Users\dulan\AppData\Local\Temp\ccYS6MIE.s 			page 35


 1939 0776 BF       		.byte	-65
 1940 0777 01       		.byte	1
 1941 0778 C0       		.byte	-64
 1942 0779 52       		.byte	82
 1943 077a C7       		.byte	-57
 1944 077b 02       		.byte	2
 1945 077c C8       		.byte	-56
 1946 077d 10       		.byte	16
 1947 077e C9       		.byte	-55
 1948 077f FF       		.byte	-1
 1949 0780 CA       		.byte	-54
 1950 0781 FF       		.byte	-1
 1951 0782 CB       		.byte	-53
 1952 0783 FF       		.byte	-1
 1953 0784 D8       		.byte	-40
 1954 0785 04       		.byte	4
 1955 0786 D9       		.byte	-39
 1956 0787 0B       		.byte	11
 1957 0788 DA       		.byte	-38
 1958 0789 0B       		.byte	11
 1959 078a DC       		.byte	-36
 1960 078b 90       		.byte	-112
 1961 078c DD       		.byte	-35
 1962 078d 09       		.byte	9
 1963 078e DF       		.byte	-33
 1964 078f 01       		.byte	1
 1965 0790 E0       		.byte	-32
 1966 0791 80       		.byte	-128
 1967 0792 E2       		.byte	-30
 1968 0793 40       		.byte	64
 1969 0794 E3       		.byte	-29
 1970 0795 40       		.byte	64
 1971 0796 E4       		.byte	-28
 1972 0797 40       		.byte	64
 1973 0798 E5       		.byte	-27
 1974 0799 40       		.byte	64
 1975 079a E6       		.byte	-26
 1976 079b 80       		.byte	-128
 1977 079c E8       		.byte	-24
 1978 079d 80       		.byte	-128
 1979 079e EA       		.byte	-22
 1980 079f 80       		.byte	-128
 1981 07a0 EC       		.byte	-20
 1982 07a1 80       		.byte	-128
 1983 07a2 EE       		.byte	-18
 1984 07a3 80       		.byte	-128
 1985 07a4 00       		.byte	0
 1986 07a5 40       		.byte	64
 1987 07a6 01       		.byte	1
 1988 07a7 08       		.byte	8
 1989 07a8 02       		.byte	2
 1990 07a9 40       		.byte	64
 1991 07aa 05       		.byte	5
 1992 07ab 09       		.byte	9
 1993 07ac 06       		.byte	6
 1994 07ad 80       		.byte	-128
 1995 07ae 08       		.byte	8
ARM GAS  C:\Users\dulan\AppData\Local\Temp\ccYS6MIE.s 			page 36


 1996 07af 40       		.byte	64
 1997 07b0 09       		.byte	9
 1998 07b1 0A       		.byte	10
 1999 07b2 0A       		.byte	10
 2000 07b3 02       		.byte	2
 2001 07b4 0B       		.byte	11
 2002 07b5 04       		.byte	4
 2003 07b6 0D       		.byte	13
 2004 07b7 08       		.byte	8
 2005 07b8 0F       		.byte	15
 2006 07b9 20       		.byte	32
 2007 07ba 10       		.byte	16
 2008 07bb 10       		.byte	16
 2009 07bc 11       		.byte	17
 2010 07bd 01       		.byte	1
 2011 07be 14       		.byte	20
 2012 07bf 04       		.byte	4
 2013 07c0 15       		.byte	21
 2014 07c1 81       		.byte	-127
 2015 07c2 17       		.byte	23
 2016 07c3 06       		.byte	6
 2017 07c4 18       		.byte	24
 2018 07c5 40       		.byte	64
 2019 07c6 19       		.byte	25
 2020 07c7 14       		.byte	20
 2021 07c8 1B       		.byte	27
 2022 07c9 42       		.byte	66
 2023 07ca 1F       		.byte	31
 2024 07cb 80       		.byte	-128
 2025 07cc 20       		.byte	32
 2026 07cd 04       		.byte	4
 2027 07ce 22       		.byte	34
 2028 07cf 01       		.byte	1
 2029 07d0 26       		.byte	38
 2030 07d1 A8       		.byte	-88
 2031 07d2 27       		.byte	39
 2032 07d3 04       		.byte	4
 2033 07d4 28       		.byte	40
 2034 07d5 10       		.byte	16
 2035 07d6 29       		.byte	41
 2036 07d7 06       		.byte	6
 2037 07d8 2A       		.byte	42
 2038 07d9 40       		.byte	64
 2039 07da 2B       		.byte	43
 2040 07db 40       		.byte	64
 2041 07dc 2C       		.byte	44
 2042 07dd 20       		.byte	32
 2043 07de 2E       		.byte	46
 2044 07df 10       		.byte	16
 2045 07e0 2F       		.byte	47
 2046 07e1 86       		.byte	-122
 2047 07e2 30       		.byte	48
 2048 07e3 0A       		.byte	10
 2049 07e4 35       		.byte	53
 2050 07e5 08       		.byte	8
 2051 07e6 36       		.byte	54
 2052 07e7 A0       		.byte	-96
ARM GAS  C:\Users\dulan\AppData\Local\Temp\ccYS6MIE.s 			page 37


 2053 07e8 37       		.byte	55
 2054 07e9 02       		.byte	2
 2055 07ea 38       		.byte	56
 2056 07eb 04       		.byte	4
 2057 07ec 3E       		.byte	62
 2058 07ed 80       		.byte	-128
 2059 07ee 3F       		.byte	63
 2060 07ef 20       		.byte	32
 2061 07f0 40       		.byte	64
 2062 07f1 04       		.byte	4
 2063 07f2 47       		.byte	71
 2064 07f3 40       		.byte	64
 2065 07f4 48       		.byte	72
 2066 07f5 02       		.byte	2
 2067 07f6 4E       		.byte	78
 2068 07f7 02       		.byte	2
 2069 07f8 50       		.byte	80
 2070 07f9 08       		.byte	8
 2071 07fa 57       		.byte	87
 2072 07fb 08       		.byte	8
 2073 07fc 78       		.byte	120
 2074 07fd 01       		.byte	1
 2075 07fe 7F       		.byte	127
 2076 07ff 01       		.byte	1
 2077 0800 81       		.byte	-127
 2078 0801 40       		.byte	64
 2079 0802 82       		.byte	-126
 2080 0803 58       		.byte	88
 2081 0804 84       		.byte	-124
 2082 0805 04       		.byte	4
 2083 0806 87       		.byte	-121
 2084 0807 02       		.byte	2
 2085 0808 90       		.byte	-112
 2086 0809 28       		.byte	40
 2087 080a 91       		.byte	-111
 2088 080b 81       		.byte	-127
 2089 080c 92       		.byte	-110
 2090 080d A8       		.byte	-88
 2091 080e 93       		.byte	-109
 2092 080f 06       		.byte	6
 2093 0810 94       		.byte	-108
 2094 0811 C4       		.byte	-60
 2095 0812 95       		.byte	-107
 2096 0813 40       		.byte	64
 2097 0814 97       		.byte	-105
 2098 0815 88       		.byte	-120
 2099 0816 98       		.byte	-104
 2100 0817 01       		.byte	1
 2101 0818 99       		.byte	-103
 2102 0819 09       		.byte	9
 2103 081a 9A       		.byte	-102
 2104 081b 40       		.byte	64
 2105 081c 9B       		.byte	-101
 2106 081d 61       		.byte	97
 2107 081e 9C       		.byte	-100
 2108 081f 44       		.byte	68
 2109 0820 9D       		.byte	-99
ARM GAS  C:\Users\dulan\AppData\Local\Temp\ccYS6MIE.s 			page 38


 2110 0821 22       		.byte	34
 2111 0822 9F       		.byte	-97
 2112 0823 04       		.byte	4
 2113 0824 A0       		.byte	-96
 2114 0825 02       		.byte	2
 2115 0826 A1       		.byte	-95
 2116 0827 22       		.byte	34
 2117 0828 A2       		.byte	-94
 2118 0829 12       		.byte	18
 2119 082a A3       		.byte	-93
 2120 082b 10       		.byte	16
 2121 082c A6       		.byte	-90
 2122 082d A0       		.byte	-96
 2123 082e A7       		.byte	-89
 2124 082f 09       		.byte	9
 2125 0830 A8       		.byte	-88
 2126 0831 04       		.byte	4
 2127 0832 B0       		.byte	-80
 2128 0833 20       		.byte	32
 2129 0834 B1       		.byte	-79
 2130 0835 10       		.byte	16
 2131 0836 B4       		.byte	-76
 2132 0837 01       		.byte	1
 2133 0838 C0       		.byte	-64
 2134 0839 3D       		.byte	61
 2135 083a C2       		.byte	-62
 2136 083b 2E       		.byte	46
 2137 083c C4       		.byte	-60
 2138 083d FC       		.byte	-4
 2139 083e CA       		.byte	-54
 2140 083f F9       		.byte	-7
 2141 0840 CC       		.byte	-52
 2142 0841 F3       		.byte	-13
 2143 0842 CE       		.byte	-50
 2144 0843 32       		.byte	50
 2145 0844 D0       		.byte	-48
 2146 0845 14       		.byte	20
 2147 0846 D2       		.byte	-46
 2148 0847 18       		.byte	24
 2149 0848 DE       		.byte	-34
 2150 0849 11       		.byte	17
 2151 084a EA       		.byte	-22
 2152 084b 42       		.byte	66
 2153 084c EC       		.byte	-20
 2154 084d 20       		.byte	32
 2155 084e AF       		.byte	-81
 2156 084f 01       		.byte	1
 2157 0850 EA       		.byte	-22
 2158 0851 80       		.byte	-128
 2159 0852 31       		.byte	49
 2160 0853 20       		.byte	32
 2161 0854 32       		.byte	50
 2162 0855 04       		.byte	4
 2163 0856 36       		.byte	54
 2164 0857 40       		.byte	64
 2165 0858 83       		.byte	-125
 2166 0859 40       		.byte	64
ARM GAS  C:\Users\dulan\AppData\Local\Temp\ccYS6MIE.s 			page 39


 2167 085a 8E       		.byte	-114
 2168 085b 10       		.byte	16
 2169 085c CC       		.byte	-52
 2170 085d 70       		.byte	112
 2171 085e E2       		.byte	-30
 2172 085f 20       		.byte	32
 2173 0860 50       		.byte	80
 2174 0861 04       		.byte	4
 2175 0862 51       		.byte	81
 2176 0863 02       		.byte	2
 2177 0864 55       		.byte	85
 2178 0865 04       		.byte	4
 2179 0866 5E       		.byte	94
 2180 0867 10       		.byte	16
 2181 0868 8C       		.byte	-116
 2182 0869 80       		.byte	-128
 2183 086a 8D       		.byte	-115
 2184 086b 02       		.byte	2
 2185 086c 92       		.byte	-110
 2186 086d 10       		.byte	16
 2187 086e 96       		.byte	-106
 2188 086f 08       		.byte	8
 2189 0870 A0       		.byte	-96
 2190 0871 01       		.byte	1
 2191 0872 A3       		.byte	-93
 2192 0873 40       		.byte	64
 2193 0874 A5       		.byte	-91
 2194 0875 20       		.byte	32
 2195 0876 A6       		.byte	-90
 2196 0877 40       		.byte	64
 2197 0878 B0       		.byte	-80
 2198 0879 01       		.byte	1
 2199 087a D4       		.byte	-44
 2200 087b E0       		.byte	-32
 2201 087c D6       		.byte	-42
 2202 087d 20       		.byte	32
 2203 087e 1A       		.byte	26
 2204 087f 0A       		.byte	10
 2205 0880 45       		.byte	69
 2206 0881 80       		.byte	-128
 2207 0882 52       		.byte	82
 2208 0883 80       		.byte	-128
 2209 0884 57       		.byte	87
 2210 0885 40       		.byte	64
 2211 0886 80       		.byte	-128
 2212 0887 04       		.byte	4
 2213 0888 94       		.byte	-108
 2214 0889 08       		.byte	8
 2215 088a 96       		.byte	-106
 2216 088b 08       		.byte	8
 2217 088c 9C       		.byte	-100
 2218 088d 80       		.byte	-128
 2219 088e A0       		.byte	-96
 2220 088f 01       		.byte	1
 2221 0890 A3       		.byte	-93
 2222 0891 40       		.byte	64
 2223 0892 A5       		.byte	-91
ARM GAS  C:\Users\dulan\AppData\Local\Temp\ccYS6MIE.s 			page 40


 2224 0893 24       		.byte	36
 2225 0894 A6       		.byte	-90
 2226 0895 40       		.byte	64
 2227 0896 A7       		.byte	-89
 2228 0897 01       		.byte	1
 2229 0898 B3       		.byte	-77
 2230 0899 01       		.byte	1
 2231 089a C6       		.byte	-58
 2232 089b 40       		.byte	64
 2233 089c D0       		.byte	-48
 2234 089d 20       		.byte	32
 2235 089e D4       		.byte	-44
 2236 089f 60       		.byte	96
 2237 08a0 E6       		.byte	-26
 2238 08a1 80       		.byte	-128
 2239 08a2 19       		.byte	25
 2240 08a3 02       		.byte	2
 2241 08a4 1D       		.byte	29
 2242 08a5 08       		.byte	8
 2243 08a6 68       		.byte	104
 2244 08a7 40       		.byte	64
 2245 08a8 6B       		.byte	107
 2246 08a9 01       		.byte	1
 2247 08aa 74       		.byte	116
 2248 08ab 40       		.byte	64
 2249 08ac 85       		.byte	-123
 2250 08ad 02       		.byte	2
 2251 08ae 86       		.byte	-122
 2252 08af 10       		.byte	16
 2253 08b0 8A       		.byte	-118
 2254 08b1 40       		.byte	64
 2255 08b2 9C       		.byte	-100
 2256 08b3 80       		.byte	-128
 2257 08b4 A0       		.byte	-96
 2258 08b5 01       		.byte	1
 2259 08b6 A5       		.byte	-91
 2260 08b7 24       		.byte	36
 2261 08b8 A6       		.byte	-90
 2262 08b9 C0       		.byte	-64
 2263 08ba A7       		.byte	-89
 2264 08bb 01       		.byte	1
 2265 08bc AD       		.byte	-83
 2266 08bd 80       		.byte	-128
 2267 08be AE       		.byte	-82
 2268 08bf 01       		.byte	1
 2269 08c0 C6       		.byte	-58
 2270 08c1 30       		.byte	48
 2271 08c2 DA       		.byte	-38
 2272 08c3 40       		.byte	64
 2273 08c4 DC       		.byte	-36
 2274 08c5 60       		.byte	96
 2275 08c6 E2       		.byte	-30
 2276 08c7 40       		.byte	64
 2277 08c8 E4       		.byte	-28
 2278 08c9 10       		.byte	16
 2279 08ca 14       		.byte	20
 2280 08cb 10       		.byte	16
ARM GAS  C:\Users\dulan\AppData\Local\Temp\ccYS6MIE.s 			page 41


 2281 08cc 28       		.byte	40
 2282 08cd 01       		.byte	1
 2283 08ce 84       		.byte	-124
 2284 08cf 30       		.byte	48
 2285 08d0 88       		.byte	-120
 2286 08d1 04       		.byte	4
 2287 08d2 C4       		.byte	-60
 2288 08d3 04       		.byte	4
 2289 08d4 CA       		.byte	-54
 2290 08d5 08       		.byte	8
 2291 08d6 E0       		.byte	-32
 2292 08d7 04       		.byte	4
 2293 08d8 11       		.byte	17
 2294 08d9 08       		.byte	8
 2295 08da 99       		.byte	-103
 2296 08db 01       		.byte	1
 2297 08dc A0       		.byte	-96
 2298 08dd 04       		.byte	4
 2299 08de A4       		.byte	-92
 2300 08df 20       		.byte	32
 2301 08e0 B0       		.byte	-80
 2302 08e1 01       		.byte	1
 2303 08e2 B5       		.byte	-75
 2304 08e3 01       		.byte	1
 2305 08e4 C4       		.byte	-60
 2306 08e5 08       		.byte	8
 2307 08e6 EC       		.byte	-20
 2308 08e7 02       		.byte	2
 2309 08e8 EE       		.byte	-18
 2310 08e9 04       		.byte	4
 2311 08ea 02       		.byte	2
 2312 08eb 02       		.byte	2
 2313 08ec 54       		.byte	84
 2314 08ed 04       		.byte	4
 2315 08ee 86       		.byte	-122
 2316 08ef 01       		.byte	1
 2317 08f0 99       		.byte	-103
 2318 08f1 01       		.byte	1
 2319 08f2 A0       		.byte	-96
 2320 08f3 04       		.byte	4
 2321 08f4 A4       		.byte	-92
 2322 08f5 20       		.byte	32
 2323 08f6 B5       		.byte	-75
 2324 08f7 04       		.byte	4
 2325 08f8 C0       		.byte	-64
 2326 08f9 02       		.byte	2
 2327 08fa D4       		.byte	-44
 2328 08fb 02       		.byte	2
 2329 08fc EE       		.byte	-18
 2330 08fd 02       		.byte	2
 2331 08fe 00       		.byte	0
 2332 08ff 02       		.byte	2
 2333 0900 92       		.byte	-110
 2334 0901 02       		.byte	2
 2335 0902 99       		.byte	-103
 2336 0903 01       		.byte	1
 2337 0904 A4       		.byte	-92
ARM GAS  C:\Users\dulan\AppData\Local\Temp\ccYS6MIE.s 			page 42


 2338 0905 20       		.byte	32
 2339 0906 B2       		.byte	-78
 2340 0907 02       		.byte	2
 2341 0908 C0       		.byte	-64
 2342 0909 08       		.byte	8
 2343 090a EE       		.byte	-18
 2344 090b 04       		.byte	4
 2345 090c 28       		.byte	40
 2346 090d 08       		.byte	8
 2347 090e 51       		.byte	81
 2348 090f 08       		.byte	8
 2349 0910 54       		.byte	84
 2350 0911 01       		.byte	1
 2351 0912 56       		.byte	86
 2352 0913 10       		.byte	16
 2353 0914 58       		.byte	88
 2354 0915 40       		.byte	64
 2355 0916 99       		.byte	-103
 2356 0917 02       		.byte	2
 2357 0918 9A       		.byte	-102
 2358 0919 10       		.byte	16
 2359 091a 9C       		.byte	-100
 2360 091b 80       		.byte	-128
 2361 091c A0       		.byte	-96
 2362 091d 01       		.byte	1
 2363 091e A1       		.byte	-95
 2364 091f 08       		.byte	8
 2365 0920 A5       		.byte	-91
 2366 0921 20       		.byte	32
 2367 0922 A7       		.byte	-89
 2368 0923 01       		.byte	1
 2369 0924 A9       		.byte	-87
 2370 0925 04       		.byte	4
 2371 0926 AC       		.byte	-84
 2372 0927 40       		.byte	64
 2373 0928 AF       		.byte	-81
 2374 0929 01       		.byte	1
 2375 092a B1       		.byte	-79
 2376 092b 08       		.byte	8
 2377 092c B6       		.byte	-74
 2378 092d 80       		.byte	-128
 2379 092e CA       		.byte	-54
 2380 092f 10       		.byte	16
 2381 0930 D4       		.byte	-44
 2382 0931 E0       		.byte	-32
 2383 0932 D6       		.byte	-42
 2384 0933 20       		.byte	32
 2385 0934 EA       		.byte	-22
 2386 0935 60       		.byte	96
 2387 0936 08       		.byte	8
 2388 0937 80       		.byte	-128
 2389 0938 0F       		.byte	15
 2390 0939 02       		.byte	2
 2391 093a 75       		.byte	117
 2392 093b 02       		.byte	2
 2393 093c 99       		.byte	-103
 2394 093d 02       		.byte	2
ARM GAS  C:\Users\dulan\AppData\Local\Temp\ccYS6MIE.s 			page 43


 2395 093e 9C       		.byte	-100
 2396 093f 80       		.byte	-128
 2397 0940 A7       		.byte	-89
 2398 0941 01       		.byte	1
 2399 0942 A8       		.byte	-88
 2400 0943 08       		.byte	8
 2401 0944 A9       		.byte	-87
 2402 0945 20       		.byte	32
 2403 0946 AC       		.byte	-84
 2404 0947 40       		.byte	64
 2405 0948 C2       		.byte	-62
 2406 0949 C0       		.byte	-64
 2407 094a DE       		.byte	-34
 2408 094b 20       		.byte	32
 2409 094c EA       		.byte	-22
 2410 094d 20       		.byte	32
 2411 094e EC       		.byte	-20
 2412 094f 20       		.byte	32
 2413 0950 EE       		.byte	-18
 2414 0951 10       		.byte	16
 2415 0952 5A       		.byte	90
 2416 0953 02       		.byte	2
 2417 0954 65       		.byte	101
 2418 0955 01       		.byte	1
 2419 0956 92       		.byte	-110
 2420 0957 02       		.byte	2
 2421 0958 99       		.byte	-103
 2422 0959 01       		.byte	1
 2423 095a A4       		.byte	-92
 2424 095b 20       		.byte	32
 2425 095c B0       		.byte	-80
 2426 095d 01       		.byte	1
 2427 095e D6       		.byte	-42
 2428 095f 02       		.byte	2
 2429 0960 D8       		.byte	-40
 2430 0961 01       		.byte	1
 2431 0962 EA       		.byte	-22
 2432 0963 01       		.byte	1
 2433 0964 10       		.byte	16
 2434 0965 20       		.byte	32
 2435 0966 A4       		.byte	-92
 2436 0967 20       		.byte	32
 2437 0968 C4       		.byte	-60
 2438 0969 08       		.byte	8
 2439 096a 00       		.byte	0
 2440 096b 01       		.byte	1
 2441 096c 01       		.byte	1
 2442 096d 01       		.byte	1
 2443 096e 08       		.byte	8
 2444 096f 01       		.byte	1
 2445 0970 09       		.byte	9
 2446 0971 01       		.byte	1
 2447 0972 0A       		.byte	10
 2448 0973 01       		.byte	1
 2449 0974 0B       		.byte	11
 2450 0975 01       		.byte	1
 2451 0976 10       		.byte	16
ARM GAS  C:\Users\dulan\AppData\Local\Temp\ccYS6MIE.s 			page 44


 2452 0977 01       		.byte	1
 2453 0978 11       		.byte	17
 2454 0979 01       		.byte	1
 2455 097a 1A       		.byte	26
 2456 097b 01       		.byte	1
 2457 097c 1B       		.byte	27
 2458 097d 01       		.byte	1
 2459 097e 00       		.byte	0
 2460 097f 3F       		.byte	63
 2461 0980 04       		.byte	4
 2462 0981 C0       		.byte	-64
 2463 0982 00       		.byte	0
 2464 0983 00       		.byte	0
 2465 0984 00       		.byte	0
 2466 0985 0F       		.byte	15
 2467 0986 0F       		.byte	15
 2468 0987 00       		.byte	0
 2469 0988 0F       		.byte	15
 2470 0989 00       		.byte	0
 2471 098a 00       		.byte	0
 2472 098b 00       		.byte	0
 2473 098c 60       		.byte	96
 2474 098d 07       		.byte	7
 2475 098e 07       		.byte	7
 2476 098f 00       		.byte	0
 2477 0990 07       		.byte	7
 2478 0991 00       		.byte	0
 2479 0992 00       		.byte	0
 2480 0993 00       		.byte	0
 2481 0994 00       		.byte	0
 2482 0995 1F       		.byte	31
 2483 0996 1F       		.byte	31
 2484 0997 00       		.byte	0
 2485 0998 1F       		.byte	31
 2486 0999 00       		.byte	0
 2487 099a 00       		.byte	0
 2488 099b 00       		.byte	0
 2489 099c 00       		.byte	0
 2490 099d CB       		.byte	-53
 2491 099e CB       		.byte	-53
 2492 099f 00       		.byte	0
 2493 09a0 C0       		.byte	-64
 2494 09a1 00       		.byte	0
 2495 09a2 00       		.byte	0
 2496 09a3 00       		.byte	0
 2497 09a4 00       		.byte	0
 2498 09a5 07       		.byte	7
 2499 09a6 07       		.byte	7
 2500 09a7 00       		.byte	0
 2501 09a8 00       		.byte	0
 2502 09a9 00       		.byte	0
 2503 09aa 00       		.byte	0
 2504 09ab 00       		.byte	0
 2505 09ac C0       		.byte	-64
 2506 09ad 00       		.byte	0
 2507 09ae 00       		.byte	0
 2508 09af 00       		.byte	0
ARM GAS  C:\Users\dulan\AppData\Local\Temp\ccYS6MIE.s 			page 45


 2509 09b0 00       		.byte	0
 2510 09b1 00       		.byte	0
 2511 09b2 0F       		.byte	15
 2512 09b3 00       		.byte	0
 2513 09b4 2F       		.byte	47
 2514 09b5 00       		.byte	0
 2515 09b6 1C       		.byte	28
 2516 09b7 01       		.byte	1
 2517              		.section	.cywolatch,"a",%progbits
 2518              		.align	2
 2519              		.type	cy_meta_wonvl, %object
 2520              		.size	cy_meta_wonvl, 4
 2521              	cy_meta_wonvl:
 2522 0000 BC       		.byte	-68
 2523 0001 90       		.byte	-112
 2524 0002 AC       		.byte	-84
 2525 0003 AF       		.byte	-81
 2526              		.section	.cycustnvl,"a",%progbits
 2527              		.align	2
 2528              		.type	cy_meta_custnvl, %object
 2529              		.size	cy_meta_custnvl, 4
 2530              	cy_meta_custnvl:
 2531 0000 00       		.byte	0
 2532 0001 00       		.byte	0
 2533 0002 40       		.byte	64
 2534 0003 05       		.byte	5
 2535              		.section	.cymeta,"a",%progbits
 2536              		.align	2
 2537              		.type	cy_metadata, %object
 2538              		.size	cy_metadata, 12
 2539              	cy_metadata:
 2540 0000 00       		.byte	0
 2541 0001 01       		.byte	1
 2542 0002 2E       		.byte	46
 2543 0003 16       		.byte	22
 2544 0004 10       		.byte	16
 2545 0005 69       		.byte	105
 2546 0006 00       		.byte	0
 2547 0007 01       		.byte	1
 2548 0008 00       		.byte	0
 2549 0009 00       		.byte	0
 2550 000a 00       		.byte	0
 2551 000b 00       		.byte	0
 2552              		.section	.cyflashprotect,"a",%progbits
 2553              		.align	2
 2554              		.type	cy_meta_flashprotect, %object
 2555              		.size	cy_meta_flashprotect, 256
 2556              	cy_meta_flashprotect:
 2557 0000 00000000 		.space	256
 2557      00000000 
 2557      00000000 
 2557      00000000 
 2557      00000000 
 2558              		.text
 2559              	.Letext0:
 2560              		.file 1 "c:\\program files (x86)\\cypress\\psoc creator\\4.4\\psoc creator\\import\\gnu\\arm\\5.4.
 2561              		.file 2 "c:\\program files (x86)\\cypress\\psoc creator\\4.4\\psoc creator\\import\\gnu\\arm\\5.4.
ARM GAS  C:\Users\dulan\AppData\Local\Temp\ccYS6MIE.s 			page 46


 2562              		.file 3 "Generated_Source\\PSoC5\\cymetadata.c"
 2563              		.section	.debug_info,"",%progbits
 2564              	.Ldebug_info0:
 2565 0000 35010000 		.4byte	0x135
 2566 0004 0400     		.2byte	0x4
 2567 0006 00000000 		.4byte	.Ldebug_abbrev0
 2568 000a 04       		.byte	0x4
 2569 000b 01       		.uleb128 0x1
 2570 000c 24000000 		.4byte	.LASF17
 2571 0010 0C       		.byte	0xc
 2572 0011 E7010000 		.4byte	.LASF18
 2573 0015 E7000000 		.4byte	.LASF19
 2574 0019 00000000 		.4byte	.Ldebug_line0
 2575 001d 02       		.uleb128 0x2
 2576 001e 01       		.byte	0x1
 2577 001f 06       		.byte	0x6
 2578 0020 DB010000 		.4byte	.LASF0
 2579 0024 03       		.uleb128 0x3
 2580 0025 00000000 		.4byte	.LASF9
 2581 0029 01       		.byte	0x1
 2582 002a 1D       		.byte	0x1d
 2583 002b 2F000000 		.4byte	0x2f
 2584 002f 02       		.uleb128 0x2
 2585 0030 01       		.byte	0x1
 2586 0031 08       		.byte	0x8
 2587 0032 16000000 		.4byte	.LASF1
 2588 0036 02       		.uleb128 0x2
 2589 0037 02       		.byte	0x2
 2590 0038 05       		.byte	0x5
 2591 0039 C8010000 		.4byte	.LASF2
 2592 003d 02       		.uleb128 0x2
 2593 003e 02       		.byte	0x2
 2594 003f 07       		.byte	0x7
 2595 0040 C4000000 		.4byte	.LASF3
 2596 0044 02       		.uleb128 0x2
 2597 0045 04       		.byte	0x4
 2598 0046 05       		.byte	0x5
 2599 0047 D2010000 		.4byte	.LASF4
 2600 004b 02       		.uleb128 0x2
 2601 004c 04       		.byte	0x4
 2602 004d 07       		.byte	0x7
 2603 004e B2000000 		.4byte	.LASF5
 2604 0052 02       		.uleb128 0x2
 2605 0053 08       		.byte	0x8
 2606 0054 05       		.byte	0x5
 2607 0055 BA010000 		.4byte	.LASF6
 2608 0059 02       		.uleb128 0x2
 2609 005a 08       		.byte	0x8
 2610 005b 07       		.byte	0x7
 2611 005c 6F010000 		.4byte	.LASF7
 2612 0060 04       		.uleb128 0x4
 2613 0061 04       		.byte	0x4
 2614 0062 05       		.byte	0x5
 2615 0063 696E7400 		.ascii	"int\000"
 2616 0067 02       		.uleb128 0x2
 2617 0068 04       		.byte	0x4
 2618 0069 07       		.byte	0x7
ARM GAS  C:\Users\dulan\AppData\Local\Temp\ccYS6MIE.s 			page 47


 2619 006a 62010000 		.4byte	.LASF8
 2620 006e 03       		.uleb128 0x3
 2621 006f 86010000 		.4byte	.LASF10
 2622 0073 02       		.byte	0x2
 2623 0074 18       		.byte	0x18
 2624 0075 24000000 		.4byte	0x24
 2625 0079 05       		.uleb128 0x5
 2626 007a 91000000 		.4byte	0x91
 2627 007e 8A000000 		.4byte	0x8a
 2628 0082 06       		.uleb128 0x6
 2629 0083 8A000000 		.4byte	0x8a
 2630 0087 B709     		.2byte	0x9b7
 2631 0089 00       		.byte	0
 2632 008a 02       		.uleb128 0x2
 2633 008b 04       		.byte	0x4
 2634 008c 07       		.byte	0x7
 2635 008d B1010000 		.4byte	.LASF11
 2636 0091 07       		.uleb128 0x7
 2637 0092 6E000000 		.4byte	0x6e
 2638 0096 08       		.uleb128 0x8
 2639 0097 50010000 		.4byte	.LASF12
 2640 009b 03       		.byte	0x3
 2641 009c 1F       		.byte	0x1f
 2642 009d A7000000 		.4byte	0xa7
 2643 00a1 05       		.uleb128 0x5
 2644 00a2 03       		.byte	0x3
 2645 00a3 00000000 		.4byte	cy_meta_configecc
 2646 00a7 07       		.uleb128 0x7
 2647 00a8 79000000 		.4byte	0x79
 2648 00ac 05       		.uleb128 0x5
 2649 00ad 91000000 		.4byte	0x91
 2650 00b1 BC000000 		.4byte	0xbc
 2651 00b5 09       		.uleb128 0x9
 2652 00b6 8A000000 		.4byte	0x8a
 2653 00ba 03       		.byte	0x3
 2654 00bb 00       		.byte	0
 2655 00bc 0A       		.uleb128 0xa
 2656 00bd D7000000 		.4byte	.LASF13
 2657 00c1 03       		.byte	0x3
 2658 00c2 6301     		.2byte	0x163
 2659 00c4 CE000000 		.4byte	0xce
 2660 00c8 05       		.uleb128 0x5
 2661 00c9 03       		.byte	0x3
 2662 00ca 00000000 		.4byte	cy_meta_custnvl
 2663 00ce 07       		.uleb128 0x7
 2664 00cf AC000000 		.4byte	0xac
 2665 00d3 0A       		.uleb128 0xa
 2666 00d4 A3010000 		.4byte	.LASF14
 2667 00d8 03       		.byte	0x3
 2668 00d9 7101     		.2byte	0x171
 2669 00db E5000000 		.4byte	0xe5
 2670 00df 05       		.uleb128 0x5
 2671 00e0 03       		.byte	0x3
 2672 00e1 00000000 		.4byte	cy_meta_wonvl
 2673 00e5 07       		.uleb128 0x7
 2674 00e6 AC000000 		.4byte	0xac
 2675 00ea 05       		.uleb128 0x5
ARM GAS  C:\Users\dulan\AppData\Local\Temp\ccYS6MIE.s 			page 48


 2676 00eb 91000000 		.4byte	0x91
 2677 00ef FA000000 		.4byte	0xfa
 2678 00f3 09       		.uleb128 0x9
 2679 00f4 8A000000 		.4byte	0x8a
 2680 00f8 FF       		.byte	0xff
 2681 00f9 00       		.byte	0
 2682 00fa 0A       		.uleb128 0xa
 2683 00fb 8E010000 		.4byte	.LASF15
 2684 00ff 03       		.byte	0x3
 2685 0100 7F01     		.2byte	0x17f
 2686 0102 0C010000 		.4byte	0x10c
 2687 0106 05       		.uleb128 0x5
 2688 0107 03       		.byte	0x3
 2689 0108 00000000 		.4byte	cy_meta_flashprotect
 2690 010c 07       		.uleb128 0x7
 2691 010d EA000000 		.4byte	0xea
 2692 0111 05       		.uleb128 0x5
 2693 0112 91000000 		.4byte	0x91
 2694 0116 21010000 		.4byte	0x121
 2695 011a 09       		.uleb128 0x9
 2696 011b 8A000000 		.4byte	0x8a
 2697 011f 0B       		.byte	0xb
 2698 0120 00       		.byte	0
 2699 0121 0A       		.uleb128 0xa
 2700 0122 0A000000 		.4byte	.LASF16
 2701 0126 03       		.byte	0x3
 2702 0127 AC01     		.2byte	0x1ac
 2703 0129 33010000 		.4byte	0x133
 2704 012d 05       		.uleb128 0x5
 2705 012e 03       		.byte	0x3
 2706 012f 00000000 		.4byte	cy_metadata
 2707 0133 07       		.uleb128 0x7
 2708 0134 11010000 		.4byte	0x111
 2709 0138 00       		.byte	0
 2710              		.section	.debug_abbrev,"",%progbits
 2711              	.Ldebug_abbrev0:
 2712 0000 01       		.uleb128 0x1
 2713 0001 11       		.uleb128 0x11
 2714 0002 01       		.byte	0x1
 2715 0003 25       		.uleb128 0x25
 2716 0004 0E       		.uleb128 0xe
 2717 0005 13       		.uleb128 0x13
 2718 0006 0B       		.uleb128 0xb
 2719 0007 03       		.uleb128 0x3
 2720 0008 0E       		.uleb128 0xe
 2721 0009 1B       		.uleb128 0x1b
 2722 000a 0E       		.uleb128 0xe
 2723 000b 10       		.uleb128 0x10
 2724 000c 17       		.uleb128 0x17
 2725 000d 00       		.byte	0
 2726 000e 00       		.byte	0
 2727 000f 02       		.uleb128 0x2
 2728 0010 24       		.uleb128 0x24
 2729 0011 00       		.byte	0
 2730 0012 0B       		.uleb128 0xb
 2731 0013 0B       		.uleb128 0xb
 2732 0014 3E       		.uleb128 0x3e
ARM GAS  C:\Users\dulan\AppData\Local\Temp\ccYS6MIE.s 			page 49


 2733 0015 0B       		.uleb128 0xb
 2734 0016 03       		.uleb128 0x3
 2735 0017 0E       		.uleb128 0xe
 2736 0018 00       		.byte	0
 2737 0019 00       		.byte	0
 2738 001a 03       		.uleb128 0x3
 2739 001b 16       		.uleb128 0x16
 2740 001c 00       		.byte	0
 2741 001d 03       		.uleb128 0x3
 2742 001e 0E       		.uleb128 0xe
 2743 001f 3A       		.uleb128 0x3a
 2744 0020 0B       		.uleb128 0xb
 2745 0021 3B       		.uleb128 0x3b
 2746 0022 0B       		.uleb128 0xb
 2747 0023 49       		.uleb128 0x49
 2748 0024 13       		.uleb128 0x13
 2749 0025 00       		.byte	0
 2750 0026 00       		.byte	0
 2751 0027 04       		.uleb128 0x4
 2752 0028 24       		.uleb128 0x24
 2753 0029 00       		.byte	0
 2754 002a 0B       		.uleb128 0xb
 2755 002b 0B       		.uleb128 0xb
 2756 002c 3E       		.uleb128 0x3e
 2757 002d 0B       		.uleb128 0xb
 2758 002e 03       		.uleb128 0x3
 2759 002f 08       		.uleb128 0x8
 2760 0030 00       		.byte	0
 2761 0031 00       		.byte	0
 2762 0032 05       		.uleb128 0x5
 2763 0033 01       		.uleb128 0x1
 2764 0034 01       		.byte	0x1
 2765 0035 49       		.uleb128 0x49
 2766 0036 13       		.uleb128 0x13
 2767 0037 01       		.uleb128 0x1
 2768 0038 13       		.uleb128 0x13
 2769 0039 00       		.byte	0
 2770 003a 00       		.byte	0
 2771 003b 06       		.uleb128 0x6
 2772 003c 21       		.uleb128 0x21
 2773 003d 00       		.byte	0
 2774 003e 49       		.uleb128 0x49
 2775 003f 13       		.uleb128 0x13
 2776 0040 2F       		.uleb128 0x2f
 2777 0041 05       		.uleb128 0x5
 2778 0042 00       		.byte	0
 2779 0043 00       		.byte	0
 2780 0044 07       		.uleb128 0x7
 2781 0045 26       		.uleb128 0x26
 2782 0046 00       		.byte	0
 2783 0047 49       		.uleb128 0x49
 2784 0048 13       		.uleb128 0x13
 2785 0049 00       		.byte	0
 2786 004a 00       		.byte	0
 2787 004b 08       		.uleb128 0x8
 2788 004c 34       		.uleb128 0x34
 2789 004d 00       		.byte	0
ARM GAS  C:\Users\dulan\AppData\Local\Temp\ccYS6MIE.s 			page 50


 2790 004e 03       		.uleb128 0x3
 2791 004f 0E       		.uleb128 0xe
 2792 0050 3A       		.uleb128 0x3a
 2793 0051 0B       		.uleb128 0xb
 2794 0052 3B       		.uleb128 0x3b
 2795 0053 0B       		.uleb128 0xb
 2796 0054 49       		.uleb128 0x49
 2797 0055 13       		.uleb128 0x13
 2798 0056 3F       		.uleb128 0x3f
 2799 0057 19       		.uleb128 0x19
 2800 0058 02       		.uleb128 0x2
 2801 0059 18       		.uleb128 0x18
 2802 005a 00       		.byte	0
 2803 005b 00       		.byte	0
 2804 005c 09       		.uleb128 0x9
 2805 005d 21       		.uleb128 0x21
 2806 005e 00       		.byte	0
 2807 005f 49       		.uleb128 0x49
 2808 0060 13       		.uleb128 0x13
 2809 0061 2F       		.uleb128 0x2f
 2810 0062 0B       		.uleb128 0xb
 2811 0063 00       		.byte	0
 2812 0064 00       		.byte	0
 2813 0065 0A       		.uleb128 0xa
 2814 0066 34       		.uleb128 0x34
 2815 0067 00       		.byte	0
 2816 0068 03       		.uleb128 0x3
 2817 0069 0E       		.uleb128 0xe
 2818 006a 3A       		.uleb128 0x3a
 2819 006b 0B       		.uleb128 0xb
 2820 006c 3B       		.uleb128 0x3b
 2821 006d 05       		.uleb128 0x5
 2822 006e 49       		.uleb128 0x49
 2823 006f 13       		.uleb128 0x13
 2824 0070 3F       		.uleb128 0x3f
 2825 0071 19       		.uleb128 0x19
 2826 0072 02       		.uleb128 0x2
 2827 0073 18       		.uleb128 0x18
 2828 0074 00       		.byte	0
 2829 0075 00       		.byte	0
 2830 0076 00       		.byte	0
 2831              		.section	.debug_aranges,"",%progbits
 2832 0000 14000000 		.4byte	0x14
 2833 0004 0200     		.2byte	0x2
 2834 0006 00000000 		.4byte	.Ldebug_info0
 2835 000a 04       		.byte	0x4
 2836 000b 00       		.byte	0
 2837 000c 0000     		.2byte	0
 2838 000e 0000     		.2byte	0
 2839 0010 00000000 		.4byte	0
 2840 0014 00000000 		.4byte	0
 2841              		.section	.debug_line,"",%progbits
 2842              	.Ldebug_line0:
 2843 0000 3D010000 		.section	.debug_str,"MS",%progbits,1
 2843      02003701 
 2843      00000201 
 2843      FB0E0D00 
ARM GAS  C:\Users\dulan\AppData\Local\Temp\ccYS6MIE.s 			page 51


 2843      01010101 
 2844              	.LASF9:
 2845 0000 5F5F7569 		.ascii	"__uint8_t\000"
 2845      6E74385F 
 2845      7400
 2846              	.LASF16:
 2847 000a 63795F6D 		.ascii	"cy_metadata\000"
 2847      65746164 
 2847      61746100 
 2848              	.LASF1:
 2849 0016 756E7369 		.ascii	"unsigned char\000"
 2849      676E6564 
 2849      20636861 
 2849      7200
 2850              	.LASF17:
 2851 0024 474E5520 		.ascii	"GNU C11 5.4.1 20160609 (release) [ARM/embedded-5-br"
 2851      43313120 
 2851      352E342E 
 2851      31203230 
 2851      31363036 
 2852 0057 616E6368 		.ascii	"anch revision 237715] -mcpu=cortex-m3 -mthumb -g -O"
 2852      20726576 
 2852      6973696F 
 2852      6E203233 
 2852      37373135 
 2853 008a 67202D66 		.ascii	"g -ffunction-sections -ffat-lto-objects\000"
 2853      66756E63 
 2853      74696F6E 
 2853      2D736563 
 2853      74696F6E 
 2854              	.LASF5:
 2855 00b2 6C6F6E67 		.ascii	"long unsigned int\000"
 2855      20756E73 
 2855      69676E65 
 2855      6420696E 
 2855      7400
 2856              	.LASF3:
 2857 00c4 73686F72 		.ascii	"short unsigned int\000"
 2857      7420756E 
 2857      7369676E 
 2857      65642069 
 2857      6E7400
 2858              	.LASF13:
 2859 00d7 63795F6D 		.ascii	"cy_meta_custnvl\000"
 2859      6574615F 
 2859      63757374 
 2859      6E766C00 
 2860              	.LASF19:
 2861 00e7 433A5C55 		.ascii	"C:\\Users\\dulan\\OneDrive\\Desktop\\ENGGEN\\2023_s"
 2861      73657273 
 2861      5C64756C 
 2861      616E5C4F 
 2861      6E654472 
 2862 0114 656D325C 		.ascii	"em2\\301\\COMPSYS301\\final\\CS301_15.cydsn\\Additi"
 2862      3330315C 
 2862      434F4D50 
 2862      53595333 
ARM GAS  C:\Users\dulan\AppData\Local\Temp\ccYS6MIE.s 			page 52


 2862      30315C66 
 2863 0142 6F6E616C 		.ascii	"onal_HD.cydsn\000"
 2863      5F48442E 
 2863      63796473 
 2863      6E00
 2864              	.LASF12:
 2865 0150 63795F6D 		.ascii	"cy_meta_configecc\000"
 2865      6574615F 
 2865      636F6E66 
 2865      69676563 
 2865      6300
 2866              	.LASF8:
 2867 0162 756E7369 		.ascii	"unsigned int\000"
 2867      676E6564 
 2867      20696E74 
 2867      00
 2868              	.LASF7:
 2869 016f 6C6F6E67 		.ascii	"long long unsigned int\000"
 2869      206C6F6E 
 2869      6720756E 
 2869      7369676E 
 2869      65642069 
 2870              	.LASF10:
 2871 0186 75696E74 		.ascii	"uint8_t\000"
 2871      385F7400 
 2872              	.LASF15:
 2873 018e 63795F6D 		.ascii	"cy_meta_flashprotect\000"
 2873      6574615F 
 2873      666C6173 
 2873      6870726F 
 2873      74656374 
 2874              	.LASF14:
 2875 01a3 63795F6D 		.ascii	"cy_meta_wonvl\000"
 2875      6574615F 
 2875      776F6E76 
 2875      6C00
 2876              	.LASF11:
 2877 01b1 73697A65 		.ascii	"sizetype\000"
 2877      74797065 
 2877      00
 2878              	.LASF6:
 2879 01ba 6C6F6E67 		.ascii	"long long int\000"
 2879      206C6F6E 
 2879      6720696E 
 2879      7400
 2880              	.LASF2:
 2881 01c8 73686F72 		.ascii	"short int\000"
 2881      7420696E 
 2881      7400
 2882              	.LASF4:
 2883 01d2 6C6F6E67 		.ascii	"long int\000"
 2883      20696E74 
 2883      00
 2884              	.LASF0:
 2885 01db 7369676E 		.ascii	"signed char\000"
 2885      65642063 
 2885      68617200 
ARM GAS  C:\Users\dulan\AppData\Local\Temp\ccYS6MIE.s 			page 53


 2886              	.LASF18:
 2887 01e7 47656E65 		.ascii	"Generated_Source\\PSoC5\\cymetadata.c\000"
 2887      72617465 
 2887      645F536F 
 2887      75726365 
 2887      5C50536F 
 2888              		.ident	"GCC: (GNU Tools for ARM Embedded Processors) 5.4.1 20160609 (release) [ARM/embedded-5-bran
