--------------- Clean Started: 09/23/2023 02:34:36 Project: hwTask2, Configuration: ARM GCC 5.4-2016-q2-update Debug ---------------
Deleting file ".\CortexM3\ARM_GCC_541\Debug\main.o"
Deleting file ".\CortexM3\ARM_GCC_541\Debug\cyfitter_cfg.o"
Deleting file ".\CortexM3\ARM_GCC_541\Debug\cymetadata.o"
Deleting file ".\CortexM3\ARM_GCC_541\Debug\Clock_PWM.o"
Deleting file ".\CortexM3\ARM_GCC_541\Debug\QuadDec_M1.o"
Deleting file ".\CortexM3\ARM_GCC_541\Debug\QuadDec_M1_PM.o"
Deleting file ".\CortexM3\ARM_GCC_541\Debug\QuadDec_M1_INT.o"
Deleting file ".\CortexM3\ARM_GCC_541\Debug\PWM_1.o"
Deleting file ".\CortexM3\ARM_GCC_541\Debug\PWM_1_PM.o"
Deleting file ".\CortexM3\ARM_GCC_541\Debug\Clock_QENC.o"
Deleting file ".\CortexM3\ARM_GCC_541\Debug\QuadDec_M1_Cnt16.o"
Deleting file ".\CortexM3\ARM_GCC_541\Debug\QuadDec_M1_Cnt16_PM.o"
Deleting file ".\CortexM3\ARM_GCC_541\Debug\Cm3Start.o"
Deleting file ".\CortexM3\ARM_GCC_541\Debug\CyBootAsmGnu.o"
Deleting file ".\CortexM3\ARM_GCC_541\Debug\CyDmac.o"
Deleting file ".\CortexM3\ARM_GCC_541\Debug\CyFlash.o"
Deleting file ".\CortexM3\ARM_GCC_541\Debug\CyLib.o"
Deleting file ".\CortexM3\ARM_GCC_541\Debug\cyPm.o"
Deleting file ".\CortexM3\ARM_GCC_541\Debug\CySpc.o"
Deleting file ".\CortexM3\ARM_GCC_541\Debug\cyutils.o"
Deleting file ".\CortexM3\ARM_GCC_541\Debug\cy_em_eeprom.o"
Deleting file ".\CortexM3\ARM_GCC_541\Debug\PWM_2.o"
Deleting file ".\CortexM3\ARM_GCC_541\Debug\PWM_2_PM.o"
Deleting file ".\CortexM3\ARM_GCC_541\Debug\USBUART_1.o"
Deleting file ".\CortexM3\ARM_GCC_541\Debug\USBUART_1_audio.o"
Deleting file ".\CortexM3\ARM_GCC_541\Debug\USBUART_1_boot.o"
Deleting file ".\CortexM3\ARM_GCC_541\Debug\USBUART_1_cdc.o"
Deleting file ".\CortexM3\ARM_GCC_541\Debug\USBUART_1_cls.o"
Deleting file ".\CortexM3\ARM_GCC_541\Debug\USBUART_1_descr.o"
Deleting file ".\CortexM3\ARM_GCC_541\Debug\USBUART_1_drv.o"
Deleting file ".\CortexM3\ARM_GCC_541\Debug\USBUART_1_episr.o"
Deleting file ".\CortexM3\ARM_GCC_541\Debug\USBUART_1_hid.o"
Deleting file ".\CortexM3\ARM_GCC_541\Debug\USBUART_1_pm.o"
Deleting file ".\CortexM3\ARM_GCC_541\Debug\USBUART_1_std.o"
Deleting file ".\CortexM3\ARM_GCC_541\Debug\USBUART_1_vnd.o"
Deleting file ".\CortexM3\ARM_GCC_541\Debug\USBUART_1_midi.o"
Deleting file ".\CortexM3\ARM_GCC_541\Debug\USBUART_1_msc.o"
Deleting file ".\CortexM3\ARM_GCC_541\Debug\Timer_1.o"
Deleting file ".\CortexM3\ARM_GCC_541\Debug\Timer_1_PM.o"
Deleting file ".\CortexM3\ARM_GCC_541\Debug\USBUART_1_Dm.o"
Deleting file ".\CortexM3\ARM_GCC_541\Debug\USBUART_1_Dp.o"
Deleting file ".\CortexM3\ARM_GCC_541\Debug\QuadDec_M2.o"
Deleting file ".\CortexM3\ARM_GCC_541\Debug\QuadDec_M2_PM.o"
Deleting file ".\CortexM3\ARM_GCC_541\Debug\QuadDec_M2_INT.o"
Deleting file ".\CortexM3\ARM_GCC_541\Debug\QuadDec_M2_Cnt16.o"
Deleting file ".\CortexM3\ARM_GCC_541\Debug\QuadDec_M2_Cnt16_PM.o"
Deleting file ".\CortexM3\ARM_GCC_541\Debug\QuadDec_M1_isr.o"
Deleting file ".\CortexM3\ARM_GCC_541\Debug\QuadDec_M2_isr.o"
Deleting file ".\CortexM3\ARM_GCC_541\Debug\CONTROL_DISABLE_1.o"
Deleting file ".\CortexM3\ARM_GCC_541\Debug\CONTROL_DISABLE_1_PM.o"
Deleting file ".\CortexM3\ARM_GCC_541\Debug\CONTROL_DISABLE_2.o"
Deleting file ".\CortexM3\ARM_GCC_541\Debug\CONTROL_DISABLE_2_PM.o"
Deleting file ".\CortexM3\ARM_GCC_541\Debug\CONTROL_ENABLE_0.o"
Deleting file ".\CortexM3\ARM_GCC_541\Debug\CONTROL_ENABLE_0_PM.o"
Deleting file ".\CortexM3\ARM_GCC_541\Debug\IN1_A.o"
Deleting file ".\CortexM3\ARM_GCC_541\Debug\IN2_A.o"
Deleting file ".\CortexM3\ARM_GCC_541\Debug\ENCD_B_2.o"
Deleting file ".\CortexM3\ARM_GCC_541\Debug\EN_B.o"
Deleting file ".\CortexM3\ARM_GCC_541\Debug\EN_A.o"
Deleting file ".\CortexM3\ARM_GCC_541\Debug\ENCD_B_1.o"
Deleting file ".\CortexM3\ARM_GCC_541\Debug\IN1_B.o"
Deleting file ".\CortexM3\ARM_GCC_541\Debug\IN2_B.o"
Deleting file ".\CortexM3\ARM_GCC_541\Debug\ENCD_A_2.o"
Deleting file ".\CortexM3\ARM_GCC_541\Debug\ENCD_A_1.o"
Deleting file ".\CortexM3\ARM_GCC_541\Debug\D2_B.o"
Deleting file ".\CortexM3\ARM_GCC_541\Debug\D2_A.o"
Deleting file ".\CortexM3\ARM_GCC_541\Debug\D1_B.o"
Deleting file ".\CortexM3\ARM_GCC_541\Debug\D1_A.o"
Deleting file ".\CortexM3\ARM_GCC_541\Debug\timer_1_isr.o"
Deleting file ".\CortexM3\ARM_GCC_541\Debug\LED_1.o"
Deleting file ".\CortexM3\ARM_GCC_541\Debug\hwTask2.hex"
Deleting file ".\CortexM3\ARM_GCC_541\Debug\hwTask2.elf"
Deleting file ".\CortexM3\ARM_GCC_541\Debug\hwTask2.map"
Deleting file ".\hwTask2.cycdx"
Deleting file ".\hwTask2.svd"
Deleting file ".\hwTask2.rpt"
Deleting file ".\hwTask2_timing.html"
Deleting file ".\CortexM3\ARM_GCC_541\Debug\.deps\SOURCE_C__ARM_GCC_GENERIC.P"
Deleting file ".\CortexM3\ARM_GCC_541\Debug\.deps\SOURCE_ASM__ARM_GCC_GENERIC.P"
--------------- Clean Succeeded: 09/23/2023 02:34:36 ---------------
