ARM GAS  C:\Users\CALEBW~1\AppData\Local\Temp\cckoQy0n.s 			page 1


   1              		.syntax unified
   2              		.cpu cortex-m3
   3              		.fpu softvfp
   4              		.eabi_attribute 20, 1
   5              		.eabi_attribute 21, 1
   6              		.eabi_attribute 23, 3
   7              		.eabi_attribute 24, 1
   8              		.eabi_attribute 25, 1
   9              		.eabi_attribute 26, 1
  10              		.eabi_attribute 30, 1
  11              		.eabi_attribute 34, 1
  12              		.eabi_attribute 18, 4
  13              		.thumb
  14              		.syntax unified
  15              		.file	"cymetadata.c"
  16              		.text
  17              	.Ltext0:
  18              		.cfi_sections	.debug_frame
  19              		.global	cy_metadata
  20              		.global	cy_meta_flashprotect
  21              		.global	cy_meta_wonvl
  22              		.global	cy_meta_custnvl
  23              		.global	cy_meta_configecc
  24              		.section	.cyconfigecc,"a",%progbits
  25              		.align	2
  26              		.type	cy_meta_configecc, %object
  27              		.size	cy_meta_configecc, 2428
  28              	cy_meta_configecc:
  29 0000 06       		.byte	6
  30 0001 4F       		.byte	79
  31 0002 00       		.byte	0
  32 0003 40       		.byte	64
  33 0004 07       		.byte	7
  34 0005 52       		.byte	82
  35 0006 00       		.byte	0
  36 0007 40       		.byte	64
  37 0008 07       		.byte	7
  38 0009 64       		.byte	100
  39 000a 00       		.byte	0
  40 000b 40       		.byte	64
  41 000c 03       		.byte	3
  42 000d 65       		.byte	101
  43 000e 00       		.byte	0
  44 000f 40       		.byte	64
  45 0010 52       		.byte	82
  46 0011 00       		.byte	0
  47 0012 01       		.byte	1
  48 0013 40       		.byte	64
  49 0014 2C       		.byte	44
  50 0015 01       		.byte	1
  51 0016 01       		.byte	1
  52 0017 40       		.byte	64
  53 0018 5B       		.byte	91
  54 0019 02       		.byte	2
  55 001a 01       		.byte	1
  56 001b 40       		.byte	64
  57 001c 4C       		.byte	76
ARM GAS  C:\Users\CALEBW~1\AppData\Local\Temp\cckoQy0n.s 			page 2


  58 001d 03       		.byte	3
  59 001e 01       		.byte	1
  60 001f 40       		.byte	64
  61 0020 5F       		.byte	95
  62 0021 04       		.byte	4
  63 0022 01       		.byte	1
  64 0023 40       		.byte	64
  65 0024 4C       		.byte	76
  66 0025 05       		.byte	5
  67 0026 01       		.byte	1
  68 0027 40       		.byte	64
  69 0028 54       		.byte	84
  70 0029 06       		.byte	6
  71 002a 01       		.byte	1
  72 002b 40       		.byte	64
  73 002c 45       		.byte	69
  74 002d 07       		.byte	7
  75 002e 01       		.byte	1
  76 002f 40       		.byte	64
  77 0030 01       		.byte	1
  78 0031 09       		.byte	9
  79 0032 01       		.byte	1
  80 0033 40       		.byte	64
  81 0034 02       		.byte	2
  82 0035 0B       		.byte	11
  83 0036 01       		.byte	1
  84 0037 40       		.byte	64
  85 0038 05       		.byte	5
  86 0039 0D       		.byte	13
  87 003a 01       		.byte	1
  88 003b 40       		.byte	64
  89 003c 04       		.byte	4
  90 003d 0E       		.byte	14
  91 003e 01       		.byte	1
  92 003f 40       		.byte	64
  93 0040 01       		.byte	1
  94 0041 0F       		.byte	15
  95 0042 01       		.byte	1
  96 0043 40       		.byte	64
  97 0044 41       		.byte	65
  98 0045 14       		.byte	20
  99 0046 01       		.byte	1
 100 0047 40       		.byte	64
 101 0048 48       		.byte	72
 102 0049 15       		.byte	21
 103 004a 01       		.byte	1
 104 004b 40       		.byte	64
 105 004c 68       		.byte	104
 106 004d 16       		.byte	22
 107 004e 01       		.byte	1
 108 004f 40       		.byte	64
 109 0050 4B       		.byte	75
 110 0051 17       		.byte	23
 111 0052 01       		.byte	1
 112 0053 40       		.byte	64
 113 0054 02       		.byte	2
 114 0055 19       		.byte	25
ARM GAS  C:\Users\CALEBW~1\AppData\Local\Temp\cckoQy0n.s 			page 3


 115 0056 01       		.byte	1
 116 0057 40       		.byte	64
 117 0058 02       		.byte	2
 118 0059 1B       		.byte	27
 119 005a 01       		.byte	1
 120 005b 40       		.byte	64
 121 005c 06       		.byte	6
 122 005d 40       		.byte	64
 123 005e 01       		.byte	1
 124 005f 40       		.byte	64
 125 0060 12       		.byte	18
 126 0061 41       		.byte	65
 127 0062 01       		.byte	1
 128 0063 40       		.byte	64
 129 0064 16       		.byte	22
 130 0065 42       		.byte	66
 131 0066 01       		.byte	1
 132 0067 40       		.byte	64
 133 0068 10       		.byte	16
 134 0069 43       		.byte	67
 135 006a 01       		.byte	1
 136 006b 40       		.byte	64
 137 006c 05       		.byte	5
 138 006d 44       		.byte	68
 139 006e 01       		.byte	1
 140 006f 40       		.byte	64
 141 0070 07       		.byte	7
 142 0071 45       		.byte	69
 143 0072 01       		.byte	1
 144 0073 40       		.byte	64
 145 0074 06       		.byte	6
 146 0075 46       		.byte	70
 147 0076 01       		.byte	1
 148 0077 40       		.byte	64
 149 0078 05       		.byte	5
 150 0079 47       		.byte	71
 151 007a 01       		.byte	1
 152 007b 40       		.byte	64
 153 007c 0E       		.byte	14
 154 007d 48       		.byte	72
 155 007e 01       		.byte	1
 156 007f 40       		.byte	64
 157 0080 0C       		.byte	12
 158 0081 49       		.byte	73
 159 0082 01       		.byte	1
 160 0083 40       		.byte	64
 161 0084 0B       		.byte	11
 162 0085 4C       		.byte	76
 163 0086 01       		.byte	1
 164 0087 40       		.byte	64
 165 0088 05       		.byte	5
 166 0089 4D       		.byte	77
 167 008a 01       		.byte	1
 168 008b 40       		.byte	64
 169 008c 08       		.byte	8
 170 008d 50       		.byte	80
 171 008e 01       		.byte	1
ARM GAS  C:\Users\CALEBW~1\AppData\Local\Temp\cckoQy0n.s 			page 4


 172 008f 40       		.byte	64
 173 0090 02       		.byte	2
 174 0091 51       		.byte	81
 175 0092 01       		.byte	1
 176 0093 40       		.byte	64
 177 0094 01       		.byte	1
 178 0095 20       		.byte	32
 179 0096 0A       		.byte	10
 180 0097 1B       		.byte	27
 181 0098 0D       		.byte	13
 182 0099 20       		.byte	32
 183 009a 16       		.byte	22
 184 009b 1B       		.byte	27
 185 009c 19       		.byte	25
 186 009d 10       		.byte	16
 187 009e 22       		.byte	34
 188 009f 4B       		.byte	75
 189 00a0 00       		.byte	0
 190 00a1 0A       		.byte	10
 191 00a2 01       		.byte	1
 192 00a3 09       		.byte	9
 193 00a4 08       		.byte	8
 194 00a5 C0       		.byte	-64
 195 00a6 09       		.byte	9
 196 00a7 40       		.byte	64
 197 00a8 1C       		.byte	28
 198 00a9 C0       		.byte	-64
 199 00aa 78       		.byte	120
 200 00ab 19       		.byte	25
 201 00ac 79       		.byte	121
 202 00ad 1C       		.byte	28
 203 00ae 21       		.byte	33
 204 00af C7       		.byte	-57
 205 00b0 22       		.byte	34
 206 00b1 C7       		.byte	-57
 207 00b2 23       		.byte	35
 208 00b3 C7       		.byte	-57
 209 00b4 27       		.byte	39
 210 00b5 C7       		.byte	-57
 211 00b6 75       		.byte	117
 212 00b7 03       		.byte	3
 213 00b8 82       		.byte	-126
 214 00b9 0F       		.byte	15
 215 00ba 85       		.byte	-123
 216 00bb 6F       		.byte	111
 217 00bc 77       		.byte	119
 218 00bd 03       		.byte	3
 219 00be 84       		.byte	-124
 220 00bf 6F       		.byte	111
 221 00c0 87       		.byte	-121
 222 00c1 0F       		.byte	15
 223 00c2 01       		.byte	1
 224 00c3 02       		.byte	2
 225 00c4 03       		.byte	3
 226 00c5 04       		.byte	4
 227 00c6 04       		.byte	4
 228 00c7 23       		.byte	35
ARM GAS  C:\Users\CALEBW~1\AppData\Local\Temp\cckoQy0n.s 			page 5


 229 00c8 05       		.byte	5
 230 00c9 04       		.byte	4
 231 00ca 06       		.byte	6
 232 00cb 1C       		.byte	28
 233 00cc 07       		.byte	7
 234 00cd 02       		.byte	2
 235 00ce 0C       		.byte	12
 236 00cf 0F       		.byte	15
 237 00d0 14       		.byte	20
 238 00d1 10       		.byte	16
 239 00d2 15       		.byte	21
 240 00d3 02       		.byte	2
 241 00d4 16       		.byte	22
 242 00d5 20       		.byte	32
 243 00d6 17       		.byte	23
 244 00d7 14       		.byte	20
 245 00d8 18       		.byte	24
 246 00d9 07       		.byte	7
 247 00da 19       		.byte	25
 248 00db 02       		.byte	2
 249 00dc 1B       		.byte	27
 250 00dd 0C       		.byte	12
 251 00de 1C       		.byte	28
 252 00df 10       		.byte	16
 253 00e0 1E       		.byte	30
 254 00e1 60       		.byte	96
 255 00e2 20       		.byte	32
 256 00e3 10       		.byte	16
 257 00e4 22       		.byte	34
 258 00e5 A0       		.byte	-96
 259 00e6 24       		.byte	36
 260 00e7 0A       		.byte	10
 261 00e8 26       		.byte	38
 262 00e9 05       		.byte	5
 263 00ea 28       		.byte	40
 264 00eb 05       		.byte	5
 265 00ec 2A       		.byte	42
 266 00ed 0A       		.byte	10
 267 00ee 2C       		.byte	44
 268 00ef 0C       		.byte	12
 269 00f0 2E       		.byte	46
 270 00f1 03       		.byte	3
 271 00f2 2F       		.byte	47
 272 00f3 01       		.byte	1
 273 00f4 30       		.byte	48
 274 00f5 0F       		.byte	15
 275 00f6 31       		.byte	49
 276 00f7 08       		.byte	8
 277 00f8 32       		.byte	50
 278 00f9 40       		.byte	64
 279 00fa 33       		.byte	51
 280 00fb 06       		.byte	6
 281 00fc 34       		.byte	52
 282 00fd 30       		.byte	48
 283 00fe 35       		.byte	53
 284 00ff 10       		.byte	16
 285 0100 36       		.byte	54
ARM GAS  C:\Users\CALEBW~1\AppData\Local\Temp\cckoQy0n.s 			page 6


 286 0101 80       		.byte	-128
 287 0102 37       		.byte	55
 288 0103 01       		.byte	1
 289 0104 3A       		.byte	58
 290 0105 20       		.byte	32
 291 0106 3B       		.byte	59
 292 0107 08       		.byte	8
 293 0108 56       		.byte	86
 294 0109 08       		.byte	8
 295 010a 58       		.byte	88
 296 010b 04       		.byte	4
 297 010c 59       		.byte	89
 298 010d 04       		.byte	4
 299 010e 5B       		.byte	91
 300 010f 04       		.byte	4
 301 0110 5D       		.byte	93
 302 0111 90       		.byte	-112
 303 0112 5F       		.byte	95
 304 0113 01       		.byte	1
 305 0114 82       		.byte	-126
 306 0115 01       		.byte	1
 307 0116 84       		.byte	-124
 308 0117 08       		.byte	8
 309 0118 88       		.byte	-120
 310 0119 04       		.byte	4
 311 011a 8B       		.byte	-117
 312 011b 01       		.byte	1
 313 011c 92       		.byte	-110
 314 011d 04       		.byte	4
 315 011e 93       		.byte	-109
 316 011f 02       		.byte	2
 317 0120 96       		.byte	-106
 318 0121 02       		.byte	2
 319 0122 98       		.byte	-104
 320 0123 02       		.byte	2
 321 0124 9A       		.byte	-102
 322 0125 01       		.byte	1
 323 0126 9E       		.byte	-98
 324 0127 04       		.byte	4
 325 0128 AD       		.byte	-83
 326 0129 02       		.byte	2
 327 012a AF       		.byte	-81
 328 012b 01       		.byte	1
 329 012c B0       		.byte	-80
 330 012d 04       		.byte	4
 331 012e B2       		.byte	-78
 332 012f 03       		.byte	3
 333 0130 B4       		.byte	-76
 334 0131 08       		.byte	8
 335 0132 B7       		.byte	-73
 336 0133 03       		.byte	3
 337 0134 BE       		.byte	-66
 338 0135 11       		.byte	17
 339 0136 C0       		.byte	-64
 340 0137 23       		.byte	35
 341 0138 C5       		.byte	-59
 342 0139 02       		.byte	2
ARM GAS  C:\Users\CALEBW~1\AppData\Local\Temp\cckoQy0n.s 			page 7


 343 013a C8       		.byte	-56
 344 013b 01       		.byte	1
 345 013c C9       		.byte	-55
 346 013d FF       		.byte	-1
 347 013e CA       		.byte	-54
 348 013f FF       		.byte	-1
 349 0140 CB       		.byte	-53
 350 0141 FF       		.byte	-1
 351 0142 D6       		.byte	-42
 352 0143 08       		.byte	8
 353 0144 D8       		.byte	-40
 354 0145 08       		.byte	8
 355 0146 D9       		.byte	-39
 356 0147 09       		.byte	9
 357 0148 DA       		.byte	-38
 358 0149 08       		.byte	8
 359 014a DB       		.byte	-37
 360 014b 04       		.byte	4
 361 014c DC       		.byte	-36
 362 014d 99       		.byte	-103
 363 014e DD       		.byte	-35
 364 014f 99       		.byte	-103
 365 0150 DF       		.byte	-33
 366 0151 01       		.byte	1
 367 0152 E0       		.byte	-32
 368 0153 80       		.byte	-128
 369 0154 E2       		.byte	-30
 370 0155 40       		.byte	64
 371 0156 E3       		.byte	-29
 372 0157 40       		.byte	64
 373 0158 E4       		.byte	-28
 374 0159 40       		.byte	64
 375 015a E5       		.byte	-27
 376 015b 40       		.byte	64
 377 015c E6       		.byte	-26
 378 015d 80       		.byte	-128
 379 015e E8       		.byte	-24
 380 015f 80       		.byte	-128
 381 0160 EA       		.byte	-22
 382 0161 80       		.byte	-128
 383 0162 EC       		.byte	-20
 384 0163 80       		.byte	-128
 385 0164 EE       		.byte	-18
 386 0165 80       		.byte	-128
 387 0166 00       		.byte	0
 388 0167 44       		.byte	68
 389 0168 05       		.byte	5
 390 0169 11       		.byte	17
 391 016a 06       		.byte	6
 392 016b 20       		.byte	32
 393 016c 0A       		.byte	10
 394 016d 1A       		.byte	26
 395 016e 0D       		.byte	13
 396 016f 88       		.byte	-120
 397 0170 0F       		.byte	15
 398 0171 48       		.byte	72
 399 0172 12       		.byte	18
ARM GAS  C:\Users\CALEBW~1\AppData\Local\Temp\cckoQy0n.s 			page 8


 400 0173 91       		.byte	-111
 401 0174 13       		.byte	19
 402 0175 10       		.byte	16
 403 0176 18       		.byte	24
 404 0177 C4       		.byte	-60
 405 0178 19       		.byte	25
 406 0179 22       		.byte	34
 407 017a 1A       		.byte	26
 408 017b 12       		.byte	18
 409 017c 1D       		.byte	29
 410 017d 08       		.byte	8
 411 017e 1E       		.byte	30
 412 017f 40       		.byte	64
 413 0180 1F       		.byte	31
 414 0181 20       		.byte	32
 415 0182 21       		.byte	33
 416 0183 05       		.byte	5
 417 0184 22       		.byte	34
 418 0185 90       		.byte	-112
 419 0186 23       		.byte	35
 420 0187 10       		.byte	16
 421 0188 27       		.byte	39
 422 0189 02       		.byte	2
 423 018a 28       		.byte	40
 424 018b 01       		.byte	1
 425 018c 2F       		.byte	47
 426 018d 02       		.byte	2
 427 018e 32       		.byte	50
 428 018f 18       		.byte	24
 429 0190 37       		.byte	55
 430 0191 02       		.byte	2
 431 0192 39       		.byte	57
 432 0193 0A       		.byte	10
 433 0194 3D       		.byte	61
 434 0195 20       		.byte	32
 435 0196 44       		.byte	68
 436 0197 08       		.byte	8
 437 0198 45       		.byte	69
 438 0199 08       		.byte	8
 439 019a 4F       		.byte	79
 440 019b 08       		.byte	8
 441 019c 58       		.byte	88
 442 019d 80       		.byte	-128
 443 019e 5C       		.byte	92
 444 019f A0       		.byte	-96
 445 01a0 5D       		.byte	93
 446 01a1 40       		.byte	64
 447 01a2 63       		.byte	99
 448 01a3 02       		.byte	2
 449 01a4 67       		.byte	103
 450 01a5 0A       		.byte	10
 451 01a6 7F       		.byte	127
 452 01a7 05       		.byte	5
 453 01a8 87       		.byte	-121
 454 01a9 20       		.byte	32
 455 01aa C0       		.byte	-64
 456 01ab 75       		.byte	117
ARM GAS  C:\Users\CALEBW~1\AppData\Local\Temp\cckoQy0n.s 			page 9


 457 01ac C2       		.byte	-62
 458 01ad F7       		.byte	-9
 459 01ae C4       		.byte	-60
 460 01af 0F       		.byte	15
 461 01b0 CA       		.byte	-54
 462 01b1 18       		.byte	24
 463 01b2 CC       		.byte	-52
 464 01b3 86       		.byte	-122
 465 01b4 CE       		.byte	-50
 466 01b5 23       		.byte	35
 467 01b6 D0       		.byte	-48
 468 01b7 60       		.byte	96
 469 01b8 D6       		.byte	-42
 470 01b9 38       		.byte	56
 471 01ba D8       		.byte	-40
 472 01bb 38       		.byte	56
 473 01bc DE       		.byte	-34
 474 01bd 30       		.byte	48
 475 01be 00       		.byte	0
 476 01bf 04       		.byte	4
 477 01c0 03       		.byte	3
 478 01c1 02       		.byte	2
 479 01c2 04       		.byte	4
 480 01c3 01       		.byte	1
 481 01c4 0B       		.byte	11
 482 01c5 04       		.byte	4
 483 01c6 0E       		.byte	14
 484 01c7 08       		.byte	8
 485 01c8 11       		.byte	17
 486 01c9 01       		.byte	1
 487 01ca 16       		.byte	22
 488 01cb 04       		.byte	4
 489 01cc 19       		.byte	25
 490 01cd 03       		.byte	3
 491 01ce 1F       		.byte	31
 492 01cf 01       		.byte	1
 493 01d0 22       		.byte	34
 494 01d1 01       		.byte	1
 495 01d2 2E       		.byte	46
 496 01d3 03       		.byte	3
 497 01d4 30       		.byte	48
 498 01d5 04       		.byte	4
 499 01d6 31       		.byte	49
 500 01d7 04       		.byte	4
 501 01d8 32       		.byte	50
 502 01d9 02       		.byte	2
 503 01da 34       		.byte	52
 504 01db 08       		.byte	8
 505 01dc 35       		.byte	53
 506 01dd 01       		.byte	1
 507 01de 36       		.byte	54
 508 01df 01       		.byte	1
 509 01e0 37       		.byte	55
 510 01e1 02       		.byte	2
 511 01e2 3E       		.byte	62
 512 01e3 41       		.byte	65
 513 01e4 3F       		.byte	63
ARM GAS  C:\Users\CALEBW~1\AppData\Local\Temp\cckoQy0n.s 			page 10


 514 01e5 50       		.byte	80
 515 01e6 40       		.byte	64
 516 01e7 24       		.byte	36
 517 01e8 47       		.byte	71
 518 01e9 20       		.byte	32
 519 01ea 48       		.byte	72
 520 01eb 20       		.byte	32
 521 01ec 49       		.byte	73
 522 01ed FF       		.byte	-1
 523 01ee 4A       		.byte	74
 524 01ef FF       		.byte	-1
 525 01f0 4B       		.byte	75
 526 01f1 FF       		.byte	-1
 527 01f2 52       		.byte	82
 528 01f3 80       		.byte	-128
 529 01f4 54       		.byte	84
 530 01f5 0F       		.byte	15
 531 01f6 56       		.byte	86
 532 01f7 04       		.byte	4
 533 01f8 58       		.byte	88
 534 01f9 04       		.byte	4
 535 01fa 59       		.byte	89
 536 01fb 04       		.byte	4
 537 01fc 5A       		.byte	90
 538 01fd 09       		.byte	9
 539 01fe 5B       		.byte	91
 540 01ff 04       		.byte	4
 541 0200 5D       		.byte	93
 542 0201 09       		.byte	9
 543 0202 5F       		.byte	95
 544 0203 01       		.byte	1
 545 0204 60       		.byte	96
 546 0205 80       		.byte	-128
 547 0206 62       		.byte	98
 548 0207 40       		.byte	64
 549 0208 63       		.byte	99
 550 0209 40       		.byte	64
 551 020a 64       		.byte	100
 552 020b 40       		.byte	64
 553 020c 65       		.byte	101
 554 020d 40       		.byte	64
 555 020e 66       		.byte	102
 556 020f 80       		.byte	-128
 557 0210 68       		.byte	104
 558 0211 80       		.byte	-128
 559 0212 6A       		.byte	106
 560 0213 80       		.byte	-128
 561 0214 6C       		.byte	108
 562 0215 80       		.byte	-128
 563 0216 6E       		.byte	110
 564 0217 80       		.byte	-128
 565 0218 82       		.byte	-126
 566 0219 01       		.byte	1
 567 021a 85       		.byte	-123
 568 021b 96       		.byte	-106
 569 021c 86       		.byte	-122
 570 021d 02       		.byte	2
ARM GAS  C:\Users\CALEBW~1\AppData\Local\Temp\cckoQy0n.s 			page 11


 571 021e 87       		.byte	-121
 572 021f 68       		.byte	104
 573 0220 89       		.byte	-119
 574 0221 C5       		.byte	-59
 575 0222 8B       		.byte	-117
 576 0223 3A       		.byte	58
 577 0224 8D       		.byte	-115
 578 0225 FE       		.byte	-2
 579 0226 8F       		.byte	-113
 580 0227 01       		.byte	1
 581 0228 95       		.byte	-107
 582 0229 7F       		.byte	127
 583 022a 9F       		.byte	-97
 584 022b 01       		.byte	1
 585 022c A1       		.byte	-95
 586 022d A3       		.byte	-93
 587 022e A3       		.byte	-93
 588 022f 5C       		.byte	92
 589 0230 A4       		.byte	-92
 590 0231 04       		.byte	4
 591 0232 A9       		.byte	-87
 592 0233 0E       		.byte	14
 593 0234 AB       		.byte	-85
 594 0235 F0       		.byte	-16
 595 0236 AC       		.byte	-84
 596 0237 02       		.byte	2
 597 0238 AE       		.byte	-82
 598 0239 01       		.byte	1
 599 023a B2       		.byte	-78
 600 023b 04       		.byte	4
 601 023c B4       		.byte	-76
 602 023d 03       		.byte	3
 603 023e B5       		.byte	-75
 604 023f FF       		.byte	-1
 605 0240 BE       		.byte	-66
 606 0241 04       		.byte	4
 607 0242 BF       		.byte	-65
 608 0243 10       		.byte	16
 609 0244 C0       		.byte	-64
 610 0245 12       		.byte	18
 611 0246 C7       		.byte	-57
 612 0247 20       		.byte	32
 613 0248 C8       		.byte	-56
 614 0249 20       		.byte	32
 615 024a C9       		.byte	-55
 616 024b FF       		.byte	-1
 617 024c CA       		.byte	-54
 618 024d FF       		.byte	-1
 619 024e CB       		.byte	-53
 620 024f FF       		.byte	-1
 621 0250 D6       		.byte	-42
 622 0251 08       		.byte	8
 623 0252 D8       		.byte	-40
 624 0253 08       		.byte	8
 625 0254 D9       		.byte	-39
 626 0255 04       		.byte	4
 627 0256 DA       		.byte	-38
ARM GAS  C:\Users\CALEBW~1\AppData\Local\Temp\cckoQy0n.s 			page 12


 628 0257 08       		.byte	8
 629 0258 DB       		.byte	-37
 630 0259 04       		.byte	4
 631 025a DC       		.byte	-36
 632 025b 09       		.byte	9
 633 025c DD       		.byte	-35
 634 025d 99       		.byte	-103
 635 025e DF       		.byte	-33
 636 025f 01       		.byte	1
 637 0260 E0       		.byte	-32
 638 0261 80       		.byte	-128
 639 0262 E2       		.byte	-30
 640 0263 40       		.byte	64
 641 0264 E3       		.byte	-29
 642 0265 40       		.byte	64
 643 0266 E4       		.byte	-28
 644 0267 40       		.byte	64
 645 0268 E5       		.byte	-27
 646 0269 40       		.byte	64
 647 026a E6       		.byte	-26
 648 026b 80       		.byte	-128
 649 026c E8       		.byte	-24
 650 026d 80       		.byte	-128
 651 026e EA       		.byte	-22
 652 026f 80       		.byte	-128
 653 0270 EC       		.byte	-20
 654 0271 80       		.byte	-128
 655 0272 EE       		.byte	-18
 656 0273 80       		.byte	-128
 657 0274 00       		.byte	0
 658 0275 05       		.byte	5
 659 0276 05       		.byte	5
 660 0277 04       		.byte	4
 661 0278 06       		.byte	6
 662 0279 02       		.byte	2
 663 027a 07       		.byte	7
 664 027b 40       		.byte	64
 665 027c 0B       		.byte	11
 666 027d 03       		.byte	3
 667 027e 0F       		.byte	15
 668 027f 20       		.byte	32
 669 0280 10       		.byte	16
 670 0281 22       		.byte	34
 671 0282 15       		.byte	21
 672 0283 80       		.byte	-128
 673 0284 16       		.byte	22
 674 0285 80       		.byte	-128
 675 0286 18       		.byte	24
 676 0287 24       		.byte	36
 677 0288 1D       		.byte	29
 678 0289 14       		.byte	20
 679 028a 1E       		.byte	30
 680 028b 01       		.byte	1
 681 028c 1F       		.byte	31
 682 028d 01       		.byte	1
 683 028e 22       		.byte	34
 684 028f 10       		.byte	16
ARM GAS  C:\Users\CALEBW~1\AppData\Local\Temp\cckoQy0n.s 			page 13


 685 0290 26       		.byte	38
 686 0291 50       		.byte	80
 687 0292 27       		.byte	39
 688 0293 40       		.byte	64
 689 0294 29       		.byte	41
 690 0295 21       		.byte	33
 691 0296 2A       		.byte	42
 692 0297 01       		.byte	1
 693 0298 32       		.byte	50
 694 0299 44       		.byte	68
 695 029a 35       		.byte	53
 696 029b 50       		.byte	80
 697 029c 36       		.byte	54
 698 029d 01       		.byte	1
 699 029e 38       		.byte	56
 700 029f 80       		.byte	-128
 701 02a0 39       		.byte	57
 702 02a1 28       		.byte	40
 703 02a2 3A       		.byte	58
 704 02a3 10       		.byte	16
 705 02a4 3E       		.byte	62
 706 02a5 02       		.byte	2
 707 02a6 3F       		.byte	63
 708 02a7 20       		.byte	32
 709 02a8 40       		.byte	64
 710 02a9 05       		.byte	5
 711 02aa 46       		.byte	70
 712 02ab 04       		.byte	4
 713 02ac 47       		.byte	71
 714 02ad 02       		.byte	2
 715 02ae 50       		.byte	80
 716 02af 02       		.byte	2
 717 02b0 57       		.byte	87
 718 02b1 02       		.byte	2
 719 02b2 58       		.byte	88
 720 02b3 80       		.byte	-128
 721 02b4 5D       		.byte	93
 722 02b5 0A       		.byte	10
 723 02b6 5E       		.byte	94
 724 02b7 60       		.byte	96
 725 02b8 62       		.byte	98
 726 02b9 80       		.byte	-128
 727 02ba 67       		.byte	103
 728 02bb 80       		.byte	-128
 729 02bc 76       		.byte	118
 730 02bd 80       		.byte	-128
 731 02be 7B       		.byte	123
 732 02bf 01       		.byte	1
 733 02c0 7F       		.byte	127
 734 02c1 04       		.byte	4
 735 02c2 83       		.byte	-125
 736 02c3 02       		.byte	2
 737 02c4 87       		.byte	-121
 738 02c5 40       		.byte	64
 739 02c6 8C       		.byte	-116
 740 02c7 04       		.byte	4
 741 02c8 90       		.byte	-112
ARM GAS  C:\Users\CALEBW~1\AppData\Local\Temp\cckoQy0n.s 			page 14


 742 02c9 80       		.byte	-128
 743 02ca 91       		.byte	-111
 744 02cb 08       		.byte	8
 745 02cc 92       		.byte	-110
 746 02cd 40       		.byte	64
 747 02ce 93       		.byte	-109
 748 02cf 08       		.byte	8
 749 02d0 96       		.byte	-106
 750 02d1 08       		.byte	8
 751 02d2 97       		.byte	-105
 752 02d3 40       		.byte	64
 753 02d4 98       		.byte	-104
 754 02d5 80       		.byte	-128
 755 02d6 99       		.byte	-103
 756 02d7 22       		.byte	34
 757 02d8 9B       		.byte	-101
 758 02d9 02       		.byte	2
 759 02da 9C       		.byte	-100
 760 02db 20       		.byte	32
 761 02dc 9D       		.byte	-99
 762 02dd 10       		.byte	16
 763 02de 9E       		.byte	-98
 764 02df 31       		.byte	49
 765 02e0 A3       		.byte	-93
 766 02e1 01       		.byte	1
 767 02e2 A5       		.byte	-91
 768 02e3 90       		.byte	-112
 769 02e4 A6       		.byte	-90
 770 02e5 08       		.byte	8
 771 02e6 A7       		.byte	-89
 772 02e7 02       		.byte	2
 773 02e8 A8       		.byte	-88
 774 02e9 20       		.byte	32
 775 02ea A9       		.byte	-87
 776 02eb 40       		.byte	64
 777 02ec B0       		.byte	-80
 778 02ed 01       		.byte	1
 779 02ee B4       		.byte	-76
 780 02ef 08       		.byte	8
 781 02f0 B5       		.byte	-75
 782 02f1 09       		.byte	9
 783 02f2 C0       		.byte	-64
 784 02f3 BC       		.byte	-68
 785 02f4 C2       		.byte	-62
 786 02f5 20       		.byte	32
 787 02f6 C4       		.byte	-60
 788 02f7 95       		.byte	-107
 789 02f8 CA       		.byte	-54
 790 02f9 05       		.byte	5
 791 02fa CC       		.byte	-52
 792 02fb BA       		.byte	-70
 793 02fc CE       		.byte	-50
 794 02fd AE       		.byte	-82
 795 02fe D0       		.byte	-48
 796 02ff AC       		.byte	-84
 797 0300 D6       		.byte	-42
 798 0301 F8       		.byte	-8
ARM GAS  C:\Users\CALEBW~1\AppData\Local\Temp\cckoQy0n.s 			page 15


 799 0302 D8       		.byte	-40
 800 0303 88       		.byte	-120
 801 0304 DE       		.byte	-34
 802 0305 28       		.byte	40
 803 0306 E2       		.byte	-30
 804 0307 20       		.byte	32
 805 0308 E6       		.byte	-26
 806 0309 40       		.byte	64
 807 030a EE       		.byte	-18
 808 030b 10       		.byte	16
 809 030c 07       		.byte	7
 810 030d 78       		.byte	120
 811 030e 09       		.byte	9
 812 030f 66       		.byte	102
 813 0310 0B       		.byte	11
 814 0311 10       		.byte	16
 815 0312 0D       		.byte	13
 816 0313 5D       		.byte	93
 817 0314 0E       		.byte	14
 818 0315 02       		.byte	2
 819 0316 0F       		.byte	15
 820 0317 20       		.byte	32
 821 0318 15       		.byte	21
 822 0319 3B       		.byte	59
 823 031a 1B       		.byte	27
 824 031b 80       		.byte	-128
 825 031c 1E       		.byte	30
 826 031d 01       		.byte	1
 827 031e 21       		.byte	33
 828 031f 66       		.byte	102
 829 0320 23       		.byte	35
 830 0321 08       		.byte	8
 831 0322 29       		.byte	41
 832 0323 40       		.byte	64
 833 0324 2B       		.byte	43
 834 0325 08       		.byte	8
 835 0326 2C       		.byte	44
 836 0327 02       		.byte	2
 837 0328 2E       		.byte	46
 838 0329 01       		.byte	1
 839 032a 33       		.byte	51
 840 032b 07       		.byte	7
 841 032c 35       		.byte	53
 842 032d 78       		.byte	120
 843 032e 36       		.byte	54
 844 032f 03       		.byte	3
 845 0330 37       		.byte	55
 846 0331 C0       		.byte	-64
 847 0332 39       		.byte	57
 848 0333 08       		.byte	8
 849 0334 40       		.byte	64
 850 0335 13       		.byte	19
 851 0336 41       		.byte	65
 852 0337 05       		.byte	5
 853 0338 49       		.byte	73
 854 0339 FF       		.byte	-1
 855 033a 4A       		.byte	74
ARM GAS  C:\Users\CALEBW~1\AppData\Local\Temp\cckoQy0n.s 			page 16


 856 033b FF       		.byte	-1
 857 033c 4B       		.byte	75
 858 033d FF       		.byte	-1
 859 033e 4D       		.byte	77
 860 033f A0       		.byte	-96
 861 0340 4F       		.byte	79
 862 0341 01       		.byte	1
 863 0342 50       		.byte	80
 864 0343 18       		.byte	24
 865 0344 58       		.byte	88
 866 0345 0B       		.byte	11
 867 0346 59       		.byte	89
 868 0347 04       		.byte	4
 869 0348 5A       		.byte	90
 870 0349 04       		.byte	4
 871 034a 5C       		.byte	92
 872 034b 09       		.byte	9
 873 034c 5F       		.byte	95
 874 034d 01       		.byte	1
 875 034e 60       		.byte	96
 876 034f 40       		.byte	64
 877 0350 62       		.byte	98
 878 0351 80       		.byte	-128
 879 0352 64       		.byte	100
 880 0353 40       		.byte	64
 881 0354 65       		.byte	101
 882 0355 40       		.byte	64
 883 0356 66       		.byte	102
 884 0357 80       		.byte	-128
 885 0358 68       		.byte	104
 886 0359 40       		.byte	64
 887 035a 6A       		.byte	106
 888 035b 80       		.byte	-128
 889 035c 6C       		.byte	108
 890 035d 40       		.byte	64
 891 035e 6D       		.byte	109
 892 035f 20       		.byte	32
 893 0360 6E       		.byte	110
 894 0361 80       		.byte	-128
 895 0362 81       		.byte	-127
 896 0363 94       		.byte	-108
 897 0364 83       		.byte	-125
 898 0365 60       		.byte	96
 899 0366 84       		.byte	-124
 900 0367 01       		.byte	1
 901 0368 85       		.byte	-123
 902 0369 CF       		.byte	-49
 903 036a 87       		.byte	-121
 904 036b 30       		.byte	48
 905 036c 89       		.byte	-119
 906 036d 73       		.byte	115
 907 036e 8D       		.byte	-115
 908 036f 30       		.byte	48
 909 0370 8F       		.byte	-113
 910 0371 C9       		.byte	-55
 911 0372 91       		.byte	-111
 912 0373 9E       		.byte	-98
ARM GAS  C:\Users\CALEBW~1\AppData\Local\Temp\cckoQy0n.s 			page 17


 913 0374 93       		.byte	-109
 914 0375 60       		.byte	96
 915 0376 94       		.byte	-108
 916 0377 03       		.byte	3
 917 0378 97       		.byte	-105
 918 0379 0F       		.byte	15
 919 037a 9C       		.byte	-100
 920 037b 03       		.byte	3
 921 037c 9E       		.byte	-98
 922 037d 04       		.byte	4
 923 037e A9       		.byte	-87
 924 037f FD       		.byte	-3
 925 0380 AB       		.byte	-85
 926 0381 02       		.byte	2
 927 0382 B2       		.byte	-78
 928 0383 01       		.byte	1
 929 0384 B4       		.byte	-76
 930 0385 04       		.byte	4
 931 0386 B5       		.byte	-75
 932 0387 FF       		.byte	-1
 933 0388 B6       		.byte	-74
 934 0389 02       		.byte	2
 935 038a B8       		.byte	-72
 936 038b 88       		.byte	-120
 937 038c BE       		.byte	-66
 938 038d 04       		.byte	4
 939 038e BF       		.byte	-65
 940 038f 10       		.byte	16
 941 0390 C0       		.byte	-64
 942 0391 13       		.byte	19
 943 0392 C1       		.byte	-63
 944 0393 05       		.byte	5
 945 0394 C5       		.byte	-59
 946 0395 3C       		.byte	60
 947 0396 C6       		.byte	-58
 948 0397 20       		.byte	32
 949 0398 C7       		.byte	-57
 950 0399 4E       		.byte	78
 951 039a C8       		.byte	-56
 952 039b 3B       		.byte	59
 953 039c C9       		.byte	-55
 954 039d FF       		.byte	-1
 955 039e CA       		.byte	-54
 956 039f FF       		.byte	-1
 957 03a0 CB       		.byte	-53
 958 03a1 FF       		.byte	-1
 959 03a2 CD       		.byte	-51
 960 03a3 AF       		.byte	-81
 961 03a4 CE       		.byte	-50
 962 03a5 07       		.byte	7
 963 03a6 CF       		.byte	-49
 964 03a7 01       		.byte	1
 965 03a8 D0       		.byte	-48
 966 03a9 18       		.byte	24
 967 03aa D4       		.byte	-44
 968 03ab 0F       		.byte	15
 969 03ac D8       		.byte	-40
ARM GAS  C:\Users\CALEBW~1\AppData\Local\Temp\cckoQy0n.s 			page 18


 970 03ad 04       		.byte	4
 971 03ae D9       		.byte	-39
 972 03af 04       		.byte	4
 973 03b0 DA       		.byte	-38
 974 03b1 04       		.byte	4
 975 03b2 DB       		.byte	-37
 976 03b3 04       		.byte	4
 977 03b4 DF       		.byte	-33
 978 03b5 05       		.byte	5
 979 03b6 E0       		.byte	-32
 980 03b7 40       		.byte	64
 981 03b8 E2       		.byte	-30
 982 03b9 80       		.byte	-128
 983 03ba E4       		.byte	-28
 984 03bb 40       		.byte	64
 985 03bc E5       		.byte	-27
 986 03bd 40       		.byte	64
 987 03be E6       		.byte	-26
 988 03bf 80       		.byte	-128
 989 03c0 E8       		.byte	-24
 990 03c1 40       		.byte	64
 991 03c2 EA       		.byte	-22
 992 03c3 80       		.byte	-128
 993 03c4 EC       		.byte	-20
 994 03c5 40       		.byte	64
 995 03c6 ED       		.byte	-19
 996 03c7 20       		.byte	32
 997 03c8 EE       		.byte	-18
 998 03c9 80       		.byte	-128
 999 03ca 01       		.byte	1
 1000 03cb 80       		.byte	-128
 1001 03cc 05       		.byte	5
 1002 03cd 08       		.byte	8
 1003 03ce 07       		.byte	7
 1004 03cf 20       		.byte	32
 1005 03d0 08       		.byte	8
 1006 03d1 80       		.byte	-128
 1007 03d2 0F       		.byte	15
 1008 03d3 32       		.byte	50
 1009 03d4 10       		.byte	16
 1010 03d5 02       		.byte	2
 1011 03d6 19       		.byte	25
 1012 03d7 80       		.byte	-128
 1013 03d8 1D       		.byte	29
 1014 03d9 D8       		.byte	-40
 1015 03da 21       		.byte	33
 1016 03db 50       		.byte	80
 1017 03dc 22       		.byte	34
 1018 03dd 44       		.byte	68
 1019 03de 23       		.byte	35
 1020 03df 20       		.byte	32
 1021 03e0 27       		.byte	39
 1022 03e1 04       		.byte	4
 1023 03e2 29       		.byte	41
 1024 03e3 21       		.byte	33
 1025 03e4 2F       		.byte	47
 1026 03e5 04       		.byte	4
ARM GAS  C:\Users\CALEBW~1\AppData\Local\Temp\cckoQy0n.s 			page 19


 1027 03e6 32       		.byte	50
 1028 03e7 14       		.byte	20
 1029 03e8 36       		.byte	54
 1030 03e9 02       		.byte	2
 1031 03ea 37       		.byte	55
 1032 03eb 08       		.byte	8
 1033 03ec 38       		.byte	56
 1034 03ed 80       		.byte	-128
 1035 03ee 39       		.byte	57
 1036 03ef 28       		.byte	40
 1037 03f0 3C       		.byte	60
 1038 03f1 22       		.byte	34
 1039 03f2 3D       		.byte	61
 1040 03f3 88       		.byte	-120
 1041 03f4 41       		.byte	65
 1042 03f5 08       		.byte	8
 1043 03f6 42       		.byte	66
 1044 03f7 01       		.byte	1
 1045 03f8 43       		.byte	67
 1046 03f9 40       		.byte	64
 1047 03fa 45       		.byte	69
 1048 03fb 08       		.byte	8
 1049 03fc 47       		.byte	71
 1050 03fd 40       		.byte	64
 1051 03fe 4A       		.byte	74
 1052 03ff 01       		.byte	1
 1053 0400 4B       		.byte	75
 1054 0401 40       		.byte	64
 1055 0402 4F       		.byte	79
 1056 0403 46       		.byte	70
 1057 0404 56       		.byte	86
 1058 0405 06       		.byte	6
 1059 0406 57       		.byte	87
 1060 0407 10       		.byte	16
 1061 0408 5C       		.byte	92
 1062 0409 04       		.byte	4
 1063 040a 5E       		.byte	94
 1064 040b 80       		.byte	-128
 1065 040c 5F       		.byte	95
 1066 040d 11       		.byte	17
 1067 040e 66       		.byte	102
 1068 040f 04       		.byte	4
 1069 0410 67       		.byte	103
 1070 0411 04       		.byte	4
 1071 0412 6C       		.byte	108
 1072 0413 08       		.byte	8
 1073 0414 6F       		.byte	111
 1074 0415 02       		.byte	2
 1075 0416 7A       		.byte	122
 1076 0417 80       		.byte	-128
 1077 0418 7E       		.byte	126
 1078 0419 04       		.byte	4
 1079 041a 83       		.byte	-125
 1080 041b 02       		.byte	2
 1081 041c 88       		.byte	-120
 1082 041d 28       		.byte	40
 1083 041e 8D       		.byte	-115
ARM GAS  C:\Users\CALEBW~1\AppData\Local\Temp\cckoQy0n.s 			page 20


 1084 041f 80       		.byte	-128
 1085 0420 90       		.byte	-112
 1086 0421 80       		.byte	-128
 1087 0422 91       		.byte	-111
 1088 0423 08       		.byte	8
 1089 0424 92       		.byte	-110
 1090 0425 21       		.byte	33
 1091 0426 93       		.byte	-109
 1092 0427 01       		.byte	1
 1093 0428 94       		.byte	-108
 1094 0429 01       		.byte	1
 1095 042a 95       		.byte	-107
 1096 042b A0       		.byte	-96
 1097 042c 96       		.byte	-106
 1098 042d 88       		.byte	-120
 1099 042e 97       		.byte	-105
 1100 042f 40       		.byte	64
 1101 0430 99       		.byte	-103
 1102 0431 20       		.byte	32
 1103 0432 9C       		.byte	-100
 1104 0433 20       		.byte	32
 1105 0434 9D       		.byte	-99
 1106 0435 49       		.byte	73
 1107 0436 9E       		.byte	-98
 1108 0437 22       		.byte	34
 1109 0438 A2       		.byte	-94
 1110 0439 C0       		.byte	-64
 1111 043a A5       		.byte	-91
 1112 043b 80       		.byte	-128
 1113 043c A6       		.byte	-90
 1114 043d 09       		.byte	9
 1115 043e A7       		.byte	-89
 1116 043f 10       		.byte	16
 1117 0440 A8       		.byte	-88
 1118 0441 20       		.byte	32
 1119 0442 B4       		.byte	-76
 1120 0443 10       		.byte	16
 1121 0444 B5       		.byte	-75
 1122 0445 10       		.byte	16
 1123 0446 B6       		.byte	-74
 1124 0447 04       		.byte	4
 1125 0448 C0       		.byte	-64
 1126 0449 21       		.byte	33
 1127 044a C2       		.byte	-62
 1128 044b A1       		.byte	-95
 1129 044c C4       		.byte	-60
 1130 044d 01       		.byte	1
 1131 044e CA       		.byte	-54
 1132 044f 25       		.byte	37
 1133 0450 CC       		.byte	-52
 1134 0451 C6       		.byte	-58
 1135 0452 CE       		.byte	-50
 1136 0453 FE       		.byte	-2
 1137 0454 D0       		.byte	-48
 1138 0455 5A       		.byte	90
 1139 0456 D2       		.byte	-46
 1140 0457 18       		.byte	24
ARM GAS  C:\Users\CALEBW~1\AppData\Local\Temp\cckoQy0n.s 			page 21


 1141 0458 D6       		.byte	-42
 1142 0459 F0       		.byte	-16
 1143 045a D8       		.byte	-40
 1144 045b 60       		.byte	96
 1145 045c DE       		.byte	-34
 1146 045d 21       		.byte	33
 1147 045e E0       		.byte	-32
 1148 045f 80       		.byte	-128
 1149 0460 E6       		.byte	-26
 1150 0461 60       		.byte	96
 1151 0462 01       		.byte	1
 1152 0463 01       		.byte	1
 1153 0464 02       		.byte	2
 1154 0465 20       		.byte	32
 1155 0466 03       		.byte	3
 1156 0467 F2       		.byte	-14
 1157 0468 04       		.byte	4
 1158 0469 38       		.byte	56
 1159 046a 05       		.byte	5
 1160 046b C0       		.byte	-64
 1161 046c 07       		.byte	7
 1162 046d 24       		.byte	36
 1163 046e 08       		.byte	8
 1164 046f 08       		.byte	8
 1165 0470 09       		.byte	9
 1166 0471 77       		.byte	119
 1167 0472 0A       		.byte	10
 1168 0473 10       		.byte	16
 1169 0474 0C       		.byte	12
 1170 0475 01       		.byte	1
 1171 0476 0D       		.byte	13
 1172 0477 84       		.byte	-124
 1173 0478 0F       		.byte	15
 1174 0479 10       		.byte	16
 1175 047a 11       		.byte	17
 1176 047b C1       		.byte	-63
 1177 047c 12       		.byte	18
 1178 047d 04       		.byte	4
 1179 047e 13       		.byte	19
 1180 047f 12       		.byte	18
 1181 0480 16       		.byte	22
 1182 0481 40       		.byte	64
 1183 0482 17       		.byte	23
 1184 0483 08       		.byte	8
 1185 0484 1A       		.byte	26
 1186 0485 03       		.byte	3
 1187 0486 1E       		.byte	30
 1188 0487 38       		.byte	56
 1189 0488 20       		.byte	32
 1190 0489 38       		.byte	56
 1191 048a 24       		.byte	36
 1192 048b 20       		.byte	32
 1193 048c 27       		.byte	39
 1194 048d 07       		.byte	7
 1195 048e 28       		.byte	40
 1196 048f 08       		.byte	8
 1197 0490 29       		.byte	41
ARM GAS  C:\Users\CALEBW~1\AppData\Local\Temp\cckoQy0n.s 			page 22


 1198 0491 B7       		.byte	-73
 1199 0492 2A       		.byte	42
 1200 0493 10       		.byte	16
 1201 0494 2B       		.byte	43
 1202 0495 40       		.byte	64
 1203 0496 2E       		.byte	46
 1204 0497 01       		.byte	1
 1205 0498 30       		.byte	48
 1206 0499 02       		.byte	2
 1207 049a 32       		.byte	50
 1208 049b 01       		.byte	1
 1209 049c 33       		.byte	51
 1210 049d F0       		.byte	-16
 1211 049e 34       		.byte	52
 1212 049f 04       		.byte	4
 1213 04a0 35       		.byte	53
 1214 04a1 0F       		.byte	15
 1215 04a2 36       		.byte	54
 1216 04a3 78       		.byte	120
 1217 04a4 3E       		.byte	62
 1218 04a5 04       		.byte	4
 1219 04a6 52       		.byte	82
 1220 04a7 80       		.byte	-128
 1221 04a8 58       		.byte	88
 1222 04a9 04       		.byte	4
 1223 04aa 59       		.byte	89
 1224 04ab 04       		.byte	4
 1225 04ac 5B       		.byte	91
 1226 04ad 04       		.byte	4
 1227 04ae 5F       		.byte	95
 1228 04af 01       		.byte	1
 1229 04b0 84       		.byte	-124
 1230 04b1 08       		.byte	8
 1231 04b2 85       		.byte	-123
 1232 04b3 02       		.byte	2
 1233 04b4 86       		.byte	-122
 1234 04b5 01       		.byte	1
 1235 04b6 87       		.byte	-121
 1236 04b7 01       		.byte	1
 1237 04b8 89       		.byte	-119
 1238 04b9 04       		.byte	4
 1239 04ba 8A       		.byte	-118
 1240 04bb 0F       		.byte	15
 1241 04bc 8E       		.byte	-114
 1242 04bd 10       		.byte	16
 1243 04be 90       		.byte	-112
 1244 04bf 0C       		.byte	12
 1245 04c0 92       		.byte	-110
 1246 04c1 02       		.byte	2
 1247 04c2 94       		.byte	-108
 1248 04c3 0C       		.byte	12
 1249 04c4 96       		.byte	-106
 1250 04c5 01       		.byte	1
 1251 04c6 97       		.byte	-105
 1252 04c7 0C       		.byte	12
 1253 04c8 99       		.byte	-103
 1254 04c9 03       		.byte	3
ARM GAS  C:\Users\CALEBW~1\AppData\Local\Temp\cckoQy0n.s 			page 23


 1255 04ca A8       		.byte	-88
 1256 04cb 07       		.byte	7
 1257 04cc AC       		.byte	-84
 1258 04cd 0B       		.byte	11
 1259 04ce AE       		.byte	-82
 1260 04cf 04       		.byte	4
 1261 04d0 AF       		.byte	-81
 1262 04d1 03       		.byte	3
 1263 04d2 B0       		.byte	-80
 1264 04d3 0F       		.byte	15
 1265 04d4 B1       		.byte	-79
 1266 04d5 04       		.byte	4
 1267 04d6 B3       		.byte	-77
 1268 04d7 08       		.byte	8
 1269 04d8 B4       		.byte	-76
 1270 04d9 10       		.byte	16
 1271 04da B5       		.byte	-75
 1272 04db 02       		.byte	2
 1273 04dc B7       		.byte	-73
 1274 04dd 01       		.byte	1
 1275 04de BF       		.byte	-65
 1276 04df 51       		.byte	81
 1277 04e0 C0       		.byte	-64
 1278 04e1 45       		.byte	69
 1279 04e2 C7       		.byte	-57
 1280 04e3 20       		.byte	32
 1281 04e4 C8       		.byte	-56
 1282 04e5 20       		.byte	32
 1283 04e6 C9       		.byte	-55
 1284 04e7 FF       		.byte	-1
 1285 04e8 CA       		.byte	-54
 1286 04e9 FF       		.byte	-1
 1287 04ea CB       		.byte	-53
 1288 04eb FF       		.byte	-1
 1289 04ec D8       		.byte	-40
 1290 04ed 04       		.byte	4
 1291 04ee D9       		.byte	-39
 1292 04ef 04       		.byte	4
 1293 04f0 DA       		.byte	-38
 1294 04f1 0B       		.byte	11
 1295 04f2 DD       		.byte	-35
 1296 04f3 09       		.byte	9
 1297 04f4 DF       		.byte	-33
 1298 04f5 01       		.byte	1
 1299 04f6 E0       		.byte	-32
 1300 04f7 80       		.byte	-128
 1301 04f8 E2       		.byte	-30
 1302 04f9 40       		.byte	64
 1303 04fa E3       		.byte	-29
 1304 04fb 40       		.byte	64
 1305 04fc E4       		.byte	-28
 1306 04fd 40       		.byte	64
 1307 04fe E5       		.byte	-27
 1308 04ff 40       		.byte	64
 1309 0500 E6       		.byte	-26
 1310 0501 80       		.byte	-128
 1311 0502 E8       		.byte	-24
ARM GAS  C:\Users\CALEBW~1\AppData\Local\Temp\cckoQy0n.s 			page 24


 1312 0503 80       		.byte	-128
 1313 0504 EA       		.byte	-22
 1314 0505 80       		.byte	-128
 1315 0506 EC       		.byte	-20
 1316 0507 80       		.byte	-128
 1317 0508 EE       		.byte	-18
 1318 0509 80       		.byte	-128
 1319 050a 00       		.byte	0
 1320 050b 80       		.byte	-128
 1321 050c 01       		.byte	1
 1322 050d 24       		.byte	36
 1323 050e 04       		.byte	4
 1324 050f 40       		.byte	64
 1325 0510 05       		.byte	5
 1326 0511 21       		.byte	33
 1327 0512 07       		.byte	7
 1328 0513 20       		.byte	32
 1329 0514 08       		.byte	8
 1330 0515 04       		.byte	4
 1331 0516 0A       		.byte	10
 1332 0517 40       		.byte	64
 1333 0518 0E       		.byte	14
 1334 0519 AA       		.byte	-86
 1335 051a 11       		.byte	17
 1336 051b 40       		.byte	64
 1337 051c 13       		.byte	19
 1338 051d 20       		.byte	32
 1339 051e 14       		.byte	20
 1340 051f 04       		.byte	4
 1341 0520 15       		.byte	21
 1342 0521 2C       		.byte	44
 1343 0522 16       		.byte	22
 1344 0523 80       		.byte	-128
 1345 0524 17       		.byte	23
 1346 0525 40       		.byte	64
 1347 0526 19       		.byte	25
 1348 0527 01       		.byte	1
 1349 0528 1A       		.byte	26
 1350 0529 40       		.byte	64
 1351 052a 1B       		.byte	27
 1352 052b 20       		.byte	32
 1353 052c 1C       		.byte	28
 1354 052d 40       		.byte	64
 1355 052e 1D       		.byte	29
 1356 052f 08       		.byte	8
 1357 0530 1E       		.byte	30
 1358 0531 02       		.byte	2
 1359 0532 1F       		.byte	31
 1360 0533 10       		.byte	16
 1361 0534 22       		.byte	34
 1362 0535 51       		.byte	81
 1363 0536 23       		.byte	35
 1364 0537 10       		.byte	16
 1365 0538 24       		.byte	36
 1366 0539 08       		.byte	8
 1367 053a 25       		.byte	37
 1368 053b 14       		.byte	20
ARM GAS  C:\Users\CALEBW~1\AppData\Local\Temp\cckoQy0n.s 			page 25


 1369 053c 27       		.byte	39
 1370 053d 08       		.byte	8
 1371 053e 2B       		.byte	43
 1372 053f 02       		.byte	2
 1373 0540 2E       		.byte	46
 1374 0541 08       		.byte	8
 1375 0542 2F       		.byte	47
 1376 0543 04       		.byte	4
 1377 0544 30       		.byte	48
 1378 0545 08       		.byte	8
 1379 0546 33       		.byte	51
 1380 0547 20       		.byte	32
 1381 0548 36       		.byte	54
 1382 0549 02       		.byte	2
 1383 054a 37       		.byte	55
 1384 054b 04       		.byte	4
 1385 054c 38       		.byte	56
 1386 054d 88       		.byte	-120
 1387 054e 39       		.byte	57
 1388 054f 40       		.byte	64
 1389 0550 3A       		.byte	58
 1390 0551 88       		.byte	-120
 1391 0552 3B       		.byte	59
 1392 0553 10       		.byte	16
 1393 0554 3C       		.byte	60
 1394 0555 22       		.byte	34
 1395 0556 3D       		.byte	61
 1396 0557 88       		.byte	-120
 1397 0558 40       		.byte	64
 1398 0559 80       		.byte	-128
 1399 055a 49       		.byte	73
 1400 055b 80       		.byte	-128
 1401 055c 50       		.byte	80
 1402 055d 02       		.byte	2
 1403 055e 77       		.byte	119
 1404 055f 40       		.byte	64
 1405 0560 7A       		.byte	122
 1406 0561 80       		.byte	-128
 1407 0562 90       		.byte	-112
 1408 0563 80       		.byte	-128
 1409 0564 91       		.byte	-111
 1410 0565 28       		.byte	40
 1411 0566 94       		.byte	-108
 1412 0567 04       		.byte	4
 1413 0568 97       		.byte	-105
 1414 0569 08       		.byte	8
 1415 056a 99       		.byte	-103
 1416 056b B0       		.byte	-80
 1417 056c 9B       		.byte	-101
 1418 056d 24       		.byte	36
 1419 056e 9C       		.byte	-100
 1420 056f 80       		.byte	-128
 1421 0570 9D       		.byte	-99
 1422 0571 01       		.byte	1
 1423 0572 9F       		.byte	-97
 1424 0573 08       		.byte	8
 1425 0574 A2       		.byte	-94
ARM GAS  C:\Users\CALEBW~1\AppData\Local\Temp\cckoQy0n.s 			page 26


 1426 0575 80       		.byte	-128
 1427 0576 A3       		.byte	-93
 1428 0577 01       		.byte	1
 1429 0578 A4       		.byte	-92
 1430 0579 13       		.byte	19
 1431 057a A5       		.byte	-91
 1432 057b 44       		.byte	68
 1433 057c A6       		.byte	-90
 1434 057d 0B       		.byte	11
 1435 057e AA       		.byte	-86
 1436 057f 20       		.byte	32
 1437 0580 B4       		.byte	-76
 1438 0581 01       		.byte	1
 1439 0582 C0       		.byte	-64
 1440 0583 F7       		.byte	-9
 1441 0584 C2       		.byte	-62
 1442 0585 FC       		.byte	-4
 1443 0586 C4       		.byte	-60
 1444 0587 F3       		.byte	-13
 1445 0588 CA       		.byte	-54
 1446 0589 68       		.byte	104
 1447 058a CC       		.byte	-52
 1448 058b C6       		.byte	-58
 1449 058c CE       		.byte	-50
 1450 058d F6       		.byte	-10
 1451 058e D0       		.byte	-48
 1452 058f 01       		.byte	1
 1453 0590 D2       		.byte	-46
 1454 0591 08       		.byte	8
 1455 0592 DE       		.byte	-34
 1456 0593 01       		.byte	1
 1457 0594 EE       		.byte	-18
 1458 0595 10       		.byte	16
 1459 0596 EC       		.byte	-20
 1460 0597 40       		.byte	64
 1461 0598 EE       		.byte	-18
 1462 0599 10       		.byte	16
 1463 059a 89       		.byte	-119
 1464 059b 20       		.byte	32
 1465 059c 99       		.byte	-103
 1466 059d 20       		.byte	32
 1467 059e E2       		.byte	-30
 1468 059f 20       		.byte	32
 1469 05a0 EA       		.byte	-22
 1470 05a1 40       		.byte	64
 1471 05a2 EE       		.byte	-18
 1472 05a3 60       		.byte	96
 1473 05a4 38       		.byte	56
 1474 05a5 20       		.byte	32
 1475 05a6 3E       		.byte	62
 1476 05a7 10       		.byte	16
 1477 05a8 58       		.byte	88
 1478 05a9 04       		.byte	4
 1479 05aa 5F       		.byte	95
 1480 05ab 01       		.byte	1
 1481 05ac 19       		.byte	25
 1482 05ad 20       		.byte	32
ARM GAS  C:\Users\CALEBW~1\AppData\Local\Temp\cckoQy0n.s 			page 27


 1483 05ae 01       		.byte	1
 1484 05af 08       		.byte	8
 1485 05b0 03       		.byte	3
 1486 05b1 04       		.byte	4
 1487 05b2 04       		.byte	4
 1488 05b3 02       		.byte	2
 1489 05b4 0A       		.byte	10
 1490 05b5 01       		.byte	1
 1491 05b6 0B       		.byte	11
 1492 05b7 01       		.byte	1
 1493 05b8 0E       		.byte	14
 1494 05b9 02       		.byte	2
 1495 05ba 19       		.byte	25
 1496 05bb 04       		.byte	4
 1497 05bc 1B       		.byte	27
 1498 05bd 08       		.byte	8
 1499 05be 1F       		.byte	31
 1500 05bf 02       		.byte	2
 1501 05c0 21       		.byte	33
 1502 05c1 04       		.byte	4
 1503 05c2 23       		.byte	35
 1504 05c3 08       		.byte	8
 1505 05c4 26       		.byte	38
 1506 05c5 04       		.byte	4
 1507 05c6 29       		.byte	41
 1508 05c7 04       		.byte	4
 1509 05c8 2B       		.byte	43
 1510 05c9 08       		.byte	8
 1511 05ca 30       		.byte	48
 1512 05cb 02       		.byte	2
 1513 05cc 33       		.byte	51
 1514 05cd 02       		.byte	2
 1515 05ce 34       		.byte	52
 1516 05cf 04       		.byte	4
 1517 05d0 35       		.byte	53
 1518 05d1 01       		.byte	1
 1519 05d2 36       		.byte	54
 1520 05d3 01       		.byte	1
 1521 05d4 37       		.byte	55
 1522 05d5 0C       		.byte	12
 1523 05d6 3B       		.byte	59
 1524 05d7 80       		.byte	-128
 1525 05d8 3E       		.byte	62
 1526 05d9 01       		.byte	1
 1527 05da 54       		.byte	84
 1528 05db 0F       		.byte	15
 1529 05dc 58       		.byte	88
 1530 05dd 04       		.byte	4
 1531 05de 59       		.byte	89
 1532 05df 04       		.byte	4
 1533 05e0 5B       		.byte	91
 1534 05e1 04       		.byte	4
 1535 05e2 5F       		.byte	95
 1536 05e3 05       		.byte	5
 1537 05e4 80       		.byte	-128
 1538 05e5 05       		.byte	5
 1539 05e6 81       		.byte	-127
ARM GAS  C:\Users\CALEBW~1\AppData\Local\Temp\cckoQy0n.s 			page 28


 1540 05e7 01       		.byte	1
 1541 05e8 82       		.byte	-126
 1542 05e9 0A       		.byte	10
 1543 05ea 85       		.byte	-123
 1544 05eb 01       		.byte	1
 1545 05ec 88       		.byte	-120
 1546 05ed 10       		.byte	16
 1547 05ee 89       		.byte	-119
 1548 05ef 08       		.byte	8
 1549 05f0 8B       		.byte	-117
 1550 05f1 10       		.byte	16
 1551 05f2 8D       		.byte	-115
 1552 05f3 10       		.byte	16
 1553 05f4 8F       		.byte	-113
 1554 05f5 09       		.byte	9
 1555 05f6 90       		.byte	-112
 1556 05f7 0A       		.byte	10
 1557 05f8 91       		.byte	-111
 1558 05f9 08       		.byte	8
 1559 05fa 92       		.byte	-110
 1560 05fb 05       		.byte	5
 1561 05fc 93       		.byte	-109
 1562 05fd 10       		.byte	16
 1563 05fe 94       		.byte	-108
 1564 05ff 07       		.byte	7
 1565 0600 97       		.byte	-105
 1566 0601 02       		.byte	2
 1567 0602 98       		.byte	-104
 1568 0603 0C       		.byte	12
 1569 0604 9A       		.byte	-102
 1570 0605 03       		.byte	3
 1571 0606 9E       		.byte	-98
 1572 0607 10       		.byte	16
 1573 0608 A0       		.byte	-96
 1574 0609 03       		.byte	3
 1575 060a A2       		.byte	-94
 1576 060b 0C       		.byte	12
 1577 060c A5       		.byte	-91
 1578 060d 08       		.byte	8
 1579 060e A6       		.byte	-90
 1580 060f 20       		.byte	32
 1581 0610 A7       		.byte	-89
 1582 0611 14       		.byte	20
 1583 0612 A8       		.byte	-88
 1584 0613 0F       		.byte	15
 1585 0614 A9       		.byte	-87
 1586 0615 01       		.byte	1
 1587 0616 AD       		.byte	-83
 1588 0617 01       		.byte	1
 1589 0618 B0       		.byte	-80
 1590 0619 20       		.byte	32
 1591 061a B2       		.byte	-78
 1592 061b 0F       		.byte	15
 1593 061c B3       		.byte	-77
 1594 061d 03       		.byte	3
 1595 061e B4       		.byte	-76
 1596 061f 10       		.byte	16
ARM GAS  C:\Users\CALEBW~1\AppData\Local\Temp\cckoQy0n.s 			page 29


 1597 0620 B5       		.byte	-75
 1598 0621 04       		.byte	4
 1599 0622 B7       		.byte	-73
 1600 0623 18       		.byte	24
 1601 0624 BB       		.byte	-69
 1602 0625 80       		.byte	-128
 1603 0626 BE       		.byte	-66
 1604 0627 10       		.byte	16
 1605 0628 D8       		.byte	-40
 1606 0629 04       		.byte	4
 1607 062a D9       		.byte	-39
 1608 062b 04       		.byte	4
 1609 062c DB       		.byte	-37
 1610 062d 04       		.byte	4
 1611 062e DF       		.byte	-33
 1612 062f 01       		.byte	1
 1613 0630 00       		.byte	0
 1614 0631 80       		.byte	-128
 1615 0632 01       		.byte	1
 1616 0633 20       		.byte	32
 1617 0634 03       		.byte	3
 1618 0635 20       		.byte	32
 1619 0636 04       		.byte	4
 1620 0637 02       		.byte	2
 1621 0638 05       		.byte	5
 1622 0639 10       		.byte	16
 1623 063a 0C       		.byte	12
 1624 063b 05       		.byte	5
 1625 063c 0F       		.byte	15
 1626 063d 1A       		.byte	26
 1627 063e 12       		.byte	18
 1628 063f 20       		.byte	32
 1629 0640 15       		.byte	21
 1630 0641 11       		.byte	17
 1631 0642 17       		.byte	23
 1632 0643 08       		.byte	8
 1633 0644 19       		.byte	25
 1634 0645 20       		.byte	32
 1635 0646 1A       		.byte	26
 1636 0647 40       		.byte	64
 1637 0648 1B       		.byte	27
 1638 0649 40       		.byte	64
 1639 064a 1C       		.byte	28
 1640 064b 04       		.byte	4
 1641 064c 1D       		.byte	29
 1642 064d 01       		.byte	1
 1643 064e 1E       		.byte	30
 1644 064f 80       		.byte	-128
 1645 0650 1F       		.byte	31
 1646 0651 04       		.byte	4
 1647 0652 20       		.byte	32
 1648 0653 02       		.byte	2
 1649 0654 22       		.byte	34
 1650 0655 28       		.byte	40
 1651 0656 24       		.byte	36
 1652 0657 02       		.byte	2
 1653 0658 25       		.byte	37
ARM GAS  C:\Users\CALEBW~1\AppData\Local\Temp\cckoQy0n.s 			page 30


 1654 0659 50       		.byte	80
 1655 065a 26       		.byte	38
 1656 065b 04       		.byte	4
 1657 065c 29       		.byte	41
 1658 065d 20       		.byte	32
 1659 065e 2B       		.byte	43
 1660 065f 40       		.byte	64
 1661 0660 2C       		.byte	44
 1662 0661 01       		.byte	1
 1663 0662 2D       		.byte	45
 1664 0663 10       		.byte	16
 1665 0664 2F       		.byte	47
 1666 0665 14       		.byte	20
 1667 0666 30       		.byte	48
 1668 0667 40       		.byte	64
 1669 0668 32       		.byte	50
 1670 0669 20       		.byte	32
 1671 066a 35       		.byte	53
 1672 066b 01       		.byte	1
 1673 066c 37       		.byte	55
 1674 066d 04       		.byte	4
 1675 066e 39       		.byte	57
 1676 066f 01       		.byte	1
 1677 0670 3A       		.byte	58
 1678 0671 20       		.byte	32
 1679 0672 3C       		.byte	60
 1680 0673 02       		.byte	2
 1681 0674 3D       		.byte	61
 1682 0675 A1       		.byte	-95
 1683 0676 3F       		.byte	63
 1684 0677 08       		.byte	8
 1685 0678 5A       		.byte	90
 1686 0679 56       		.byte	86
 1687 067a 61       		.byte	97
 1688 067b 04       		.byte	4
 1689 067c 62       		.byte	98
 1690 067d 10       		.byte	16
 1691 067e 6E       		.byte	110
 1692 067f 20       		.byte	32
 1693 0680 6F       		.byte	111
 1694 0681 02       		.byte	2
 1695 0682 78       		.byte	120
 1696 0683 04       		.byte	4
 1697 0684 82       		.byte	-126
 1698 0685 20       		.byte	32
 1699 0686 86       		.byte	-122
 1700 0687 10       		.byte	16
 1701 0688 87       		.byte	-121
 1702 0689 08       		.byte	8
 1703 068a 88       		.byte	-120
 1704 068b 40       		.byte	64
 1705 068c 8B       		.byte	-117
 1706 068d 02       		.byte	2
 1707 068e 92       		.byte	-110
 1708 068f 16       		.byte	22
 1709 0690 93       		.byte	-109
 1710 0691 30       		.byte	48
ARM GAS  C:\Users\CALEBW~1\AppData\Local\Temp\cckoQy0n.s 			page 31


 1711 0692 94       		.byte	-108
 1712 0693 04       		.byte	4
 1713 0694 97       		.byte	-105
 1714 0695 08       		.byte	8
 1715 0696 98       		.byte	-104
 1716 0697 01       		.byte	1
 1717 0698 99       		.byte	-103
 1718 0699 14       		.byte	20
 1719 069a 9A       		.byte	-102
 1720 069b 10       		.byte	16
 1721 069c 9B       		.byte	-101
 1722 069d 04       		.byte	4
 1723 069e A0       		.byte	-96
 1724 069f 40       		.byte	64
 1725 06a0 A3       		.byte	-93
 1726 06a1 25       		.byte	37
 1727 06a2 A4       		.byte	-92
 1728 06a3 01       		.byte	1
 1729 06a4 A5       		.byte	-91
 1730 06a5 40       		.byte	64
 1731 06a6 A6       		.byte	-90
 1732 06a7 4C       		.byte	76
 1733 06a8 A9       		.byte	-87
 1734 06a9 40       		.byte	64
 1735 06aa C0       		.byte	-64
 1736 06ab 57       		.byte	87
 1737 06ac C2       		.byte	-62
 1738 06ad F0       		.byte	-16
 1739 06ae C4       		.byte	-60
 1740 06af 74       		.byte	116
 1741 06b0 CA       		.byte	-54
 1742 06b1 75       		.byte	117
 1743 06b2 CC       		.byte	-52
 1744 06b3 CC       		.byte	-52
 1745 06b4 CE       		.byte	-50
 1746 06b5 F5       		.byte	-11
 1747 06b6 D6       		.byte	-42
 1748 06b7 0F       		.byte	15
 1749 06b8 D8       		.byte	-40
 1750 06b9 06       		.byte	6
 1751 06ba DE       		.byte	-34
 1752 06bb 02       		.byte	2
 1753 06bc E6       		.byte	-26
 1754 06bd 80       		.byte	-128
 1755 06be EC       		.byte	-20
 1756 06bf 04       		.byte	4
 1757 06c0 00       		.byte	0
 1758 06c1 CF       		.byte	-49
 1759 06c2 01       		.byte	1
 1760 06c3 0E       		.byte	14
 1761 06c4 02       		.byte	2
 1762 06c5 30       		.byte	48
 1763 06c6 03       		.byte	3
 1764 06c7 F0       		.byte	-16
 1765 06c8 04       		.byte	4
 1766 06c9 73       		.byte	115
 1767 06ca 05       		.byte	5
ARM GAS  C:\Users\CALEBW~1\AppData\Local\Temp\cckoQy0n.s 			page 32


 1768 06cb A3       		.byte	-93
 1769 06cc 07       		.byte	7
 1770 06cd 5C       		.byte	92
 1771 06ce 08       		.byte	8
 1772 06cf 94       		.byte	-108
 1773 06d0 09       		.byte	9
 1774 06d1 7F       		.byte	127
 1775 06d2 0A       		.byte	10
 1776 06d3 60       		.byte	96
 1777 06d4 0C       		.byte	12
 1778 06d5 FD       		.byte	-3
 1779 06d6 0D       		.byte	13
 1780 06d7 96       		.byte	-106
 1781 06d8 0E       		.byte	14
 1782 06d9 02       		.byte	2
 1783 06da 0F       		.byte	15
 1784 06db 68       		.byte	104
 1785 06dc 11       		.byte	17
 1786 06dd C5       		.byte	-59
 1787 06de 13       		.byte	19
 1788 06df 3A       		.byte	58
 1789 06e0 17       		.byte	23
 1790 06e1 01       		.byte	1
 1791 06e2 18       		.byte	24
 1792 06e3 9E       		.byte	-98
 1793 06e4 1A       		.byte	26
 1794 06e5 60       		.byte	96
 1795 06e6 1E       		.byte	30
 1796 06e7 0F       		.byte	15
 1797 06e8 24       		.byte	36
 1798 06e9 30       		.byte	48
 1799 06ea 26       		.byte	38
 1800 06eb C9       		.byte	-55
 1801 06ec 29       		.byte	41
 1802 06ed FE       		.byte	-2
 1803 06ee 2B       		.byte	43
 1804 06ef 01       		.byte	1
 1805 06f0 32       		.byte	50
 1806 06f1 FF       		.byte	-1
 1807 06f2 35       		.byte	53
 1808 06f3 FF       		.byte	-1
 1809 06f4 3E       		.byte	62
 1810 06f5 04       		.byte	4
 1811 06f6 3F       		.byte	63
 1812 06f7 10       		.byte	16
 1813 06f8 40       		.byte	64
 1814 06f9 35       		.byte	53
 1815 06fa 41       		.byte	65
 1816 06fb 02       		.byte	2
 1817 06fc 49       		.byte	73
 1818 06fd FF       		.byte	-1
 1819 06fe 4A       		.byte	74
 1820 06ff FF       		.byte	-1
 1821 0700 4B       		.byte	75
 1822 0701 FF       		.byte	-1
 1823 0702 4D       		.byte	77
 1824 0703 A0       		.byte	-96
ARM GAS  C:\Users\CALEBW~1\AppData\Local\Temp\cckoQy0n.s 			page 33


 1825 0704 4F       		.byte	79
 1826 0705 01       		.byte	1
 1827 0706 50       		.byte	80
 1828 0707 18       		.byte	24
 1829 0708 58       		.byte	88
 1830 0709 04       		.byte	4
 1831 070a 59       		.byte	89
 1832 070b 04       		.byte	4
 1833 070c 5A       		.byte	90
 1834 070d 04       		.byte	4
 1835 070e 5F       		.byte	95
 1836 070f 01       		.byte	1
 1837 0710 60       		.byte	96
 1838 0711 40       		.byte	64
 1839 0712 62       		.byte	98
 1840 0713 80       		.byte	-128
 1841 0714 64       		.byte	100
 1842 0715 40       		.byte	64
 1843 0716 65       		.byte	101
 1844 0717 40       		.byte	64
 1845 0718 66       		.byte	102
 1846 0719 80       		.byte	-128
 1847 071a 68       		.byte	104
 1848 071b 40       		.byte	64
 1849 071c 6A       		.byte	106
 1850 071d 80       		.byte	-128
 1851 071e 6C       		.byte	108
 1852 071f 40       		.byte	64
 1853 0720 6D       		.byte	109
 1854 0721 20       		.byte	32
 1855 0722 6E       		.byte	110
 1856 0723 80       		.byte	-128
 1857 0724 81       		.byte	-127
 1858 0725 40       		.byte	64
 1859 0726 83       		.byte	-125
 1860 0727 08       		.byte	8
 1861 0728 84       		.byte	-124
 1862 0729 08       		.byte	8
 1863 072a 85       		.byte	-123
 1864 072b 5D       		.byte	93
 1865 072c 87       		.byte	-121
 1866 072d 20       		.byte	32
 1867 072e 91       		.byte	-111
 1868 072f 66       		.byte	102
 1869 0730 93       		.byte	-109
 1870 0731 10       		.byte	16
 1871 0732 95       		.byte	-107
 1872 0733 3B       		.byte	59
 1873 0734 98       		.byte	-104
 1874 0735 01       		.byte	1
 1875 0736 A0       		.byte	-96
 1876 0737 03       		.byte	3
 1877 0738 A2       		.byte	-94
 1878 0739 0C       		.byte	12
 1879 073a A8       		.byte	-88
 1880 073b 03       		.byte	3
 1881 073c A9       		.byte	-87
ARM GAS  C:\Users\CALEBW~1\AppData\Local\Temp\cckoQy0n.s 			page 34


 1882 073d 66       		.byte	102
 1883 073e AB       		.byte	-85
 1884 073f 08       		.byte	8
 1885 0740 AF       		.byte	-81
 1886 0741 78       		.byte	120
 1887 0742 B0       		.byte	-80
 1888 0743 02       		.byte	2
 1889 0744 B1       		.byte	-79
 1890 0745 78       		.byte	120
 1891 0746 B2       		.byte	-78
 1892 0747 04       		.byte	4
 1893 0748 B3       		.byte	-77
 1894 0749 07       		.byte	7
 1895 074a B4       		.byte	-76
 1896 074b 08       		.byte	8
 1897 074c B6       		.byte	-74
 1898 074d 01       		.byte	1
 1899 074e B8       		.byte	-72
 1900 074f 82       		.byte	-126
 1901 0750 B9       		.byte	-71
 1902 0751 08       		.byte	8
 1903 0752 BE       		.byte	-66
 1904 0753 50       		.byte	80
 1905 0754 C0       		.byte	-64
 1906 0755 31       		.byte	49
 1907 0756 C1       		.byte	-63
 1908 0757 02       		.byte	2
 1909 0758 C5       		.byte	-59
 1910 0759 4E       		.byte	78
 1911 075a C6       		.byte	-58
 1912 075b C3       		.byte	-61
 1913 075c C7       		.byte	-57
 1914 075d 02       		.byte	2
 1915 075e C8       		.byte	-56
 1916 075f 1F       		.byte	31
 1917 0760 C9       		.byte	-55
 1918 0761 FF       		.byte	-1
 1919 0762 CA       		.byte	-54
 1920 0763 FF       		.byte	-1
 1921 0764 CB       		.byte	-53
 1922 0765 FF       		.byte	-1
 1923 0766 CD       		.byte	-51
 1924 0767 AF       		.byte	-81
 1925 0768 CE       		.byte	-50
 1926 0769 07       		.byte	7
 1927 076a CF       		.byte	-49
 1928 076b 01       		.byte	1
 1929 076c D0       		.byte	-48
 1930 076d 18       		.byte	24
 1931 076e D4       		.byte	-44
 1932 076f 0F       		.byte	15
 1933 0770 D6       		.byte	-42
 1934 0771 04       		.byte	4
 1935 0772 D8       		.byte	-40
 1936 0773 04       		.byte	4
 1937 0774 D9       		.byte	-39
 1938 0775 04       		.byte	4
ARM GAS  C:\Users\CALEBW~1\AppData\Local\Temp\cckoQy0n.s 			page 35


 1939 0776 DA       		.byte	-38
 1940 0777 04       		.byte	4
 1941 0778 DB       		.byte	-37
 1942 0779 04       		.byte	4
 1943 077a DF       		.byte	-33
 1944 077b 01       		.byte	1
 1945 077c E0       		.byte	-32
 1946 077d 40       		.byte	64
 1947 077e E2       		.byte	-30
 1948 077f 80       		.byte	-128
 1949 0780 E4       		.byte	-28
 1950 0781 40       		.byte	64
 1951 0782 E5       		.byte	-27
 1952 0783 40       		.byte	64
 1953 0784 E6       		.byte	-26
 1954 0785 80       		.byte	-128
 1955 0786 E8       		.byte	-24
 1956 0787 40       		.byte	64
 1957 0788 EA       		.byte	-22
 1958 0789 80       		.byte	-128
 1959 078a EC       		.byte	-20
 1960 078b 40       		.byte	64
 1961 078c ED       		.byte	-19
 1962 078d 20       		.byte	32
 1963 078e EE       		.byte	-18
 1964 078f 80       		.byte	-128
 1965 0790 01       		.byte	1
 1966 0791 08       		.byte	8
 1967 0792 04       		.byte	4
 1968 0793 80       		.byte	-128
 1969 0794 05       		.byte	5
 1970 0795 21       		.byte	33
 1971 0796 07       		.byte	7
 1972 0797 20       		.byte	32
 1973 0798 0A       		.byte	10
 1974 0799 08       		.byte	8
 1975 079a 0C       		.byte	12
 1976 079b 08       		.byte	8
 1977 079c 0D       		.byte	13
 1978 079d 10       		.byte	16
 1979 079e 0E       		.byte	14
 1980 079f 12       		.byte	18
 1981 07a0 10       		.byte	16
 1982 07a1 88       		.byte	-120
 1983 07a2 15       		.byte	21
 1984 07a3 08       		.byte	8
 1985 07a4 18       		.byte	24
 1986 07a5 01       		.byte	1
 1987 07a6 19       		.byte	25
 1988 07a7 08       		.byte	8
 1989 07a8 1A       		.byte	26
 1990 07a9 04       		.byte	4
 1991 07aa 1B       		.byte	27
 1992 07ab 42       		.byte	66
 1993 07ac 1E       		.byte	30
 1994 07ad 20       		.byte	32
 1995 07ae 20       		.byte	32
ARM GAS  C:\Users\CALEBW~1\AppData\Local\Temp\cckoQy0n.s 			page 36


 1996 07af 20       		.byte	32
 1997 07b0 22       		.byte	34
 1998 07b1 06       		.byte	6
 1999 07b2 23       		.byte	35
 2000 07b3 10       		.byte	16
 2001 07b4 27       		.byte	39
 2002 07b5 04       		.byte	4
 2003 07b6 2A       		.byte	42
 2004 07b7 80       		.byte	-128
 2005 07b8 2B       		.byte	43
 2006 07b9 04       		.byte	4
 2007 07ba 2F       		.byte	47
 2008 07bb 0C       		.byte	12
 2009 07bc 32       		.byte	50
 2010 07bd 06       		.byte	6
 2011 07be 34       		.byte	52
 2012 07bf 01       		.byte	1
 2013 07c0 36       		.byte	54
 2014 07c1 06       		.byte	6
 2015 07c2 39       		.byte	57
 2016 07c3 01       		.byte	1
 2017 07c4 3B       		.byte	59
 2018 07c5 08       		.byte	8
 2019 07c6 3C       		.byte	60
 2020 07c7 22       		.byte	34
 2021 07c8 3D       		.byte	61
 2022 07c9 89       		.byte	-119
 2023 07ca 3E       		.byte	62
 2024 07cb 80       		.byte	-128
 2025 07cc 3F       		.byte	63
 2026 07cd 08       		.byte	8
 2027 07ce 40       		.byte	64
 2028 07cf 09       		.byte	9
 2029 07d0 41       		.byte	65
 2030 07d1 08       		.byte	8
 2031 07d2 44       		.byte	68
 2032 07d3 08       		.byte	8
 2033 07d4 45       		.byte	69
 2034 07d5 18       		.byte	24
 2035 07d6 48       		.byte	72
 2036 07d7 40       		.byte	64
 2037 07d8 49       		.byte	73
 2038 07d9 04       		.byte	4
 2039 07da 4F       		.byte	79
 2040 07db 80       		.byte	-128
 2041 07dc 50       		.byte	80
 2042 07dd 88       		.byte	-120
 2043 07de 52       		.byte	82
 2044 07df 10       		.byte	16
 2045 07e0 58       		.byte	88
 2046 07e1 02       		.byte	2
 2047 07e2 5A       		.byte	90
 2048 07e3 A8       		.byte	-88
 2049 07e4 63       		.byte	99
 2050 07e5 40       		.byte	64
 2051 07e6 68       		.byte	104
 2052 07e7 04       		.byte	4
ARM GAS  C:\Users\CALEBW~1\AppData\Local\Temp\cckoQy0n.s 			page 37


 2053 07e8 69       		.byte	105
 2054 07e9 40       		.byte	64
 2055 07ea 80       		.byte	-128
 2056 07eb 02       		.byte	2
 2057 07ec 83       		.byte	-125
 2058 07ed 08       		.byte	8
 2059 07ee 87       		.byte	-121
 2060 07ef 40       		.byte	64
 2061 07f0 88       		.byte	-120
 2062 07f1 04       		.byte	4
 2063 07f2 90       		.byte	-112
 2064 07f3 80       		.byte	-128
 2065 07f4 91       		.byte	-111
 2066 07f5 28       		.byte	40
 2067 07f6 92       		.byte	-110
 2068 07f7 A2       		.byte	-94
 2069 07f8 93       		.byte	-109
 2070 07f9 20       		.byte	32
 2071 07fa 94       		.byte	-108
 2072 07fb 04       		.byte	4
 2073 07fc 97       		.byte	-105
 2074 07fd 08       		.byte	8
 2075 07fe 99       		.byte	-103
 2076 07ff 31       		.byte	49
 2077 0800 9B       		.byte	-101
 2078 0801 20       		.byte	32
 2079 0802 A1       		.byte	-95
 2080 0803 1C       		.byte	28
 2081 0804 A2       		.byte	-94
 2082 0805 01       		.byte	1
 2083 0806 A3       		.byte	-93
 2084 0807 21       		.byte	33
 2085 0808 A4       		.byte	-92
 2086 0809 59       		.byte	89
 2087 080a A5       		.byte	-91
 2088 080b 40       		.byte	64
 2089 080c A6       		.byte	-90
 2090 080d 5E       		.byte	94
 2091 080e A7       		.byte	-89
 2092 080f 02       		.byte	2
 2093 0810 B0       		.byte	-80
 2094 0811 80       		.byte	-128
 2095 0812 C0       		.byte	-64
 2096 0813 F4       		.byte	-12
 2097 0814 C2       		.byte	-62
 2098 0815 C2       		.byte	-62
 2099 0816 C4       		.byte	-60
 2100 0817 2A       		.byte	42
 2101 0818 CA       		.byte	-54
 2102 0819 2C       		.byte	44
 2103 081a CC       		.byte	-52
 2104 081b C3       		.byte	-61
 2105 081c CE       		.byte	-50
 2106 081d F3       		.byte	-13
 2107 081e D0       		.byte	-48
 2108 081f 6E       		.byte	110
 2109 0820 D2       		.byte	-46
ARM GAS  C:\Users\CALEBW~1\AppData\Local\Temp\cckoQy0n.s 			page 38


 2110 0821 10       		.byte	16
 2111 0822 D6       		.byte	-42
 2112 0823 0F       		.byte	15
 2113 0824 D8       		.byte	-40
 2114 0825 01       		.byte	1
 2115 0826 E0       		.byte	-32
 2116 0827 20       		.byte	32
 2117 0828 EA       		.byte	-22
 2118 0829 20       		.byte	32
 2119 082a E2       		.byte	-30
 2120 082b 80       		.byte	-128
 2121 082c EC       		.byte	-20
 2122 082d 04       		.byte	4
 2123 082e 31       		.byte	49
 2124 082f 20       		.byte	32
 2125 0830 32       		.byte	50
 2126 0831 04       		.byte	4
 2127 0832 36       		.byte	54
 2128 0833 40       		.byte	64
 2129 0834 86       		.byte	-122
 2130 0835 02       		.byte	2
 2131 0836 CC       		.byte	-52
 2132 0837 70       		.byte	112
 2133 0838 E6       		.byte	-26
 2134 0839 10       		.byte	16
 2135 083a 50       		.byte	80
 2136 083b 10       		.byte	16
 2137 083c 54       		.byte	84
 2138 083d 80       		.byte	-128
 2139 083e 5B       		.byte	91
 2140 083f 20       		.byte	32
 2141 0840 5C       		.byte	92
 2142 0841 10       		.byte	16
 2143 0842 80       		.byte	-128
 2144 0843 10       		.byte	16
 2145 0844 85       		.byte	-123
 2146 0845 20       		.byte	32
 2147 0846 88       		.byte	-120
 2148 0847 80       		.byte	-128
 2149 0848 8C       		.byte	-116
 2150 0849 10       		.byte	16
 2151 084a 96       		.byte	-106
 2152 084b 08       		.byte	8
 2153 084c 9A       		.byte	-102
 2154 084d 02       		.byte	2
 2155 084e 9B       		.byte	-101
 2156 084f 20       		.byte	32
 2157 0850 A5       		.byte	-91
 2158 0851 20       		.byte	32
 2159 0852 A6       		.byte	-90
 2160 0853 40       		.byte	64
 2161 0854 B7       		.byte	-73
 2162 0855 20       		.byte	32
 2163 0856 D4       		.byte	-44
 2164 0857 E0       		.byte	-32
 2165 0858 D6       		.byte	-42
 2166 0859 20       		.byte	32
ARM GAS  C:\Users\CALEBW~1\AppData\Local\Temp\cckoQy0n.s 			page 39


 2167 085a E2       		.byte	-30
 2168 085b 10       		.byte	16
 2169 085c E6       		.byte	-26
 2170 085d 80       		.byte	-128
 2171 085e 1A       		.byte	26
 2172 085f 0A       		.byte	10
 2173 0860 45       		.byte	69
 2174 0861 80       		.byte	-128
 2175 0862 50       		.byte	80
 2176 0863 40       		.byte	64
 2177 0864 57       		.byte	87
 2178 0865 40       		.byte	64
 2179 0866 60       		.byte	96
 2180 0867 80       		.byte	-128
 2181 0868 83       		.byte	-125
 2182 0869 40       		.byte	64
 2183 086a 88       		.byte	-120
 2184 086b 40       		.byte	64
 2185 086c 8A       		.byte	-118
 2186 086d 10       		.byte	16
 2187 086e 8C       		.byte	-116
 2188 086f 80       		.byte	-128
 2189 0870 94       		.byte	-108
 2190 0871 80       		.byte	-128
 2191 0872 96       		.byte	-106
 2192 0873 08       		.byte	8
 2193 0874 98       		.byte	-104
 2194 0875 80       		.byte	-128
 2195 0876 9A       		.byte	-102
 2196 0877 02       		.byte	2
 2197 0878 A4       		.byte	-92
 2198 0879 80       		.byte	-128
 2199 087a A6       		.byte	-90
 2200 087b 40       		.byte	64
 2201 087c A8       		.byte	-88
 2202 087d 40       		.byte	64
 2203 087e C6       		.byte	-58
 2204 087f 40       		.byte	64
 2205 0880 D0       		.byte	-48
 2206 0881 20       		.byte	32
 2207 0882 D4       		.byte	-44
 2208 0883 60       		.byte	96
 2209 0884 D8       		.byte	-40
 2210 0885 40       		.byte	64
 2211 0886 E2       		.byte	-30
 2212 0887 20       		.byte	32
 2213 0888 E8       		.byte	-24
 2214 0889 80       		.byte	-128
 2215 088a 18       		.byte	24
 2216 088b 80       		.byte	-128
 2217 088c 1E       		.byte	30
 2218 088d 40       		.byte	64
 2219 088e 60       		.byte	96
 2220 088f 80       		.byte	-128
 2221 0890 64       		.byte	100
 2222 0891 80       		.byte	-128
 2223 0892 94       		.byte	-108
ARM GAS  C:\Users\CALEBW~1\AppData\Local\Temp\cckoQy0n.s 			page 40


 2224 0893 80       		.byte	-128
 2225 0894 96       		.byte	-106
 2226 0895 40       		.byte	64
 2227 0896 98       		.byte	-104
 2228 0897 80       		.byte	-128
 2229 0898 9A       		.byte	-102
 2230 0899 12       		.byte	18
 2231 089a 9C       		.byte	-100
 2232 089b 40       		.byte	64
 2233 089c A6       		.byte	-90
 2234 089d 40       		.byte	64
 2235 089e AA       		.byte	-86
 2236 089f 40       		.byte	64
 2237 08a0 AD       		.byte	-83
 2238 08a1 80       		.byte	-128
 2239 08a2 AE       		.byte	-82
 2240 08a3 01       		.byte	1
 2241 08a4 C6       		.byte	-58
 2242 08a5 30       		.byte	48
 2243 08a6 D8       		.byte	-40
 2244 08a7 C0       		.byte	-64
 2245 08a8 E8       		.byte	-24
 2246 08a9 20       		.byte	32
 2247 08aa 16       		.byte	22
 2248 08ab 10       		.byte	16
 2249 08ac 28       		.byte	40
 2250 08ad 08       		.byte	8
 2251 08ae 2B       		.byte	43
 2252 08af 02       		.byte	2
 2253 08b0 C4       		.byte	-60
 2254 08b1 04       		.byte	4
 2255 08b2 CA       		.byte	-54
 2256 08b3 08       		.byte	8
 2257 08b4 13       		.byte	19
 2258 08b5 01       		.byte	1
 2259 08b6 B2       		.byte	-78
 2260 08b7 10       		.byte	16
 2261 08b8 B4       		.byte	-76
 2262 08b9 08       		.byte	8
 2263 08ba B7       		.byte	-73
 2264 08bb 02       		.byte	2
 2265 08bc C4       		.byte	-60
 2266 08bd 08       		.byte	8
 2267 08be EA       		.byte	-22
 2268 08bf 02       		.byte	2
 2269 08c0 EE       		.byte	-18
 2270 08c1 06       		.byte	6
 2271 08c2 02       		.byte	2
 2272 08c3 02       		.byte	2
 2273 08c4 9B       		.byte	-101
 2274 08c5 08       		.byte	8
 2275 08c6 B7       		.byte	-73
 2276 08c7 09       		.byte	9
 2277 08c8 C0       		.byte	-64
 2278 08c9 02       		.byte	2
 2279 08ca EC       		.byte	-20
 2280 08cb 02       		.byte	2
ARM GAS  C:\Users\CALEBW~1\AppData\Local\Temp\cckoQy0n.s 			page 41


 2281 08cc EE       		.byte	-18
 2282 08cd 08       		.byte	8
 2283 08ce 00       		.byte	0
 2284 08cf 08       		.byte	8
 2285 08d0 9B       		.byte	-101
 2286 08d1 08       		.byte	8
 2287 08d2 B6       		.byte	-74
 2288 08d3 02       		.byte	2
 2289 08d4 C0       		.byte	-64
 2290 08d5 08       		.byte	8
 2291 08d6 EE       		.byte	-18
 2292 08d7 08       		.byte	8
 2293 08d8 28       		.byte	40
 2294 08d9 40       		.byte	64
 2295 08da 52       		.byte	82
 2296 08db 10       		.byte	16
 2297 08dc 56       		.byte	86
 2298 08dd 02       		.byte	2
 2299 08de 57       		.byte	87
 2300 08df 20       		.byte	32
 2301 08e0 5A       		.byte	90
 2302 08e1 40       		.byte	64
 2303 08e2 86       		.byte	-122
 2304 08e3 40       		.byte	64
 2305 08e4 92       		.byte	-110
 2306 08e5 40       		.byte	64
 2307 08e6 9A       		.byte	-102
 2308 08e7 12       		.byte	18
 2309 08e8 9C       		.byte	-100
 2310 08e9 40       		.byte	64
 2311 08ea A6       		.byte	-90
 2312 08eb 40       		.byte	64
 2313 08ec CA       		.byte	-54
 2314 08ed 40       		.byte	64
 2315 08ee D4       		.byte	-44
 2316 08ef E0       		.byte	-32
 2317 08f0 D6       		.byte	-42
 2318 08f1 20       		.byte	32
 2319 08f2 E6       		.byte	-26
 2320 08f3 40       		.byte	64
 2321 08f4 09       		.byte	9
 2322 08f5 20       		.byte	32
 2323 08f6 0C       		.byte	12
 2324 08f7 80       		.byte	-128
 2325 08f8 72       		.byte	114
 2326 08f9 20       		.byte	32
 2327 08fa 81       		.byte	-127
 2328 08fb 20       		.byte	32
 2329 08fc 84       		.byte	-124
 2330 08fd 80       		.byte	-128
 2331 08fe 87       		.byte	-121
 2332 08ff 20       		.byte	32
 2333 0900 8A       		.byte	-118
 2334 0901 20       		.byte	32
 2335 0902 A7       		.byte	-89
 2336 0903 20       		.byte	32
 2337 0904 C2       		.byte	-62
ARM GAS  C:\Users\CALEBW~1\AppData\Local\Temp\cckoQy0n.s 			page 42


 2338 0905 C0       		.byte	-64
 2339 0906 DC       		.byte	-36
 2340 0907 80       		.byte	-128
 2341 0908 E0       		.byte	-32
 2342 0909 30       		.byte	48
 2343 090a E6       		.byte	-26
 2344 090b 10       		.byte	16
 2345 090c 5F       		.byte	95
 2346 090d 08       		.byte	8
 2347 090e 66       		.byte	102
 2348 090f 02       		.byte	2
 2349 0910 74       		.byte	116
 2350 0911 04       		.byte	4
 2351 0912 88       		.byte	-120
 2352 0913 04       		.byte	4
 2353 0914 9B       		.byte	-101
 2354 0915 08       		.byte	8
 2355 0916 B0       		.byte	-80
 2356 0917 04       		.byte	4
 2357 0918 D6       		.byte	-42
 2358 0919 01       		.byte	1
 2359 091a D8       		.byte	-40
 2360 091b 01       		.byte	1
 2361 091c DE       		.byte	-34
 2362 091d 04       		.byte	4
 2363 091e E0       		.byte	-32
 2364 091f 04       		.byte	4
 2365 0920 EA       		.byte	-22
 2366 0921 04       		.byte	4
 2367 0922 10       		.byte	16
 2368 0923 40       		.byte	64
 2369 0924 88       		.byte	-120
 2370 0925 40       		.byte	64
 2371 0926 AA       		.byte	-86
 2372 0927 02       		.byte	2
 2373 0928 C4       		.byte	-60
 2374 0929 08       		.byte	8
 2375 092a E2       		.byte	-30
 2376 092b 01       		.byte	1
 2377 092c 00       		.byte	0
 2378 092d 01       		.byte	1
 2379 092e 01       		.byte	1
 2380 092f 01       		.byte	1
 2381 0930 08       		.byte	8
 2382 0931 01       		.byte	1
 2383 0932 09       		.byte	9
 2384 0933 01       		.byte	1
 2385 0934 0A       		.byte	10
 2386 0935 01       		.byte	1
 2387 0936 0B       		.byte	11
 2388 0937 01       		.byte	1
 2389 0938 10       		.byte	16
 2390 0939 01       		.byte	1
 2391 093a 1A       		.byte	26
 2392 093b 01       		.byte	1
 2393 093c 00       		.byte	0
 2394 093d 3F       		.byte	63
ARM GAS  C:\Users\CALEBW~1\AppData\Local\Temp\cckoQy0n.s 			page 43


 2395 093e 04       		.byte	4
 2396 093f C0       		.byte	-64
 2397 0940 04       		.byte	4
 2398 0941 05       		.byte	5
 2399 0942 00       		.byte	0
 2400 0943 00       		.byte	0
 2401 0944 60       		.byte	96
 2402 0945 00       		.byte	0
 2403 0946 00       		.byte	0
 2404 0947 00       		.byte	0
 2405 0948 00       		.byte	0
 2406 0949 0F       		.byte	15
 2407 094a 0F       		.byte	15
 2408 094b 00       		.byte	0
 2409 094c 0F       		.byte	15
 2410 094d 00       		.byte	0
 2411 094e 00       		.byte	0
 2412 094f 00       		.byte	0
 2413 0950 60       		.byte	96
 2414 0951 07       		.byte	7
 2415 0952 07       		.byte	7
 2416 0953 00       		.byte	0
 2417 0954 07       		.byte	7
 2418 0955 00       		.byte	0
 2419 0956 00       		.byte	0
 2420 0957 00       		.byte	0
 2421 0958 00       		.byte	0
 2422 0959 1F       		.byte	31
 2423 095a 1F       		.byte	31
 2424 095b 00       		.byte	0
 2425 095c 1F       		.byte	31
 2426 095d 00       		.byte	0
 2427 095e 00       		.byte	0
 2428 095f 00       		.byte	0
 2429 0960 00       		.byte	0
 2430 0961 CB       		.byte	-53
 2431 0962 CB       		.byte	-53
 2432 0963 00       		.byte	0
 2433 0964 C0       		.byte	-64
 2434 0965 00       		.byte	0
 2435 0966 00       		.byte	0
 2436 0967 00       		.byte	0
 2437 0968 00       		.byte	0
 2438 0969 07       		.byte	7
 2439 096a 07       		.byte	7
 2440 096b 00       		.byte	0
 2441 096c 00       		.byte	0
 2442 096d 00       		.byte	0
 2443 096e 00       		.byte	0
 2444 096f 00       		.byte	0
 2445 0970 C0       		.byte	-64
 2446 0971 00       		.byte	0
 2447 0972 00       		.byte	0
 2448 0973 00       		.byte	0
 2449 0974 00       		.byte	0
 2450 0975 00       		.byte	0
 2451 0976 0F       		.byte	15
ARM GAS  C:\Users\CALEBW~1\AppData\Local\Temp\cckoQy0n.s 			page 44


 2452 0977 00       		.byte	0
 2453 0978 17       		.byte	23
 2454 0979 00       		.byte	0
 2455 097a 1C       		.byte	28
 2456 097b 01       		.byte	1
 2457              		.section	.cywolatch,"a",%progbits
 2458              		.align	2
 2459              		.type	cy_meta_wonvl, %object
 2460              		.size	cy_meta_wonvl, 4
 2461              	cy_meta_wonvl:
 2462 0000 BC       		.byte	-68
 2463 0001 90       		.byte	-112
 2464 0002 AC       		.byte	-84
 2465 0003 AF       		.byte	-81
 2466              		.section	.cycustnvl,"a",%progbits
 2467              		.align	2
 2468              		.type	cy_meta_custnvl, %object
 2469              		.size	cy_meta_custnvl, 4
 2470              	cy_meta_custnvl:
 2471 0000 00       		.byte	0
 2472 0001 00       		.byte	0
 2473 0002 40       		.byte	64
 2474 0003 05       		.byte	5
 2475              		.section	.cymeta,"a",%progbits
 2476              		.align	2
 2477              		.type	cy_metadata, %object
 2478              		.size	cy_metadata, 12
 2479              	cy_metadata:
 2480 0000 00       		.byte	0
 2481 0001 01       		.byte	1
 2482 0002 2E       		.byte	46
 2483 0003 16       		.byte	22
 2484 0004 10       		.byte	16
 2485 0005 69       		.byte	105
 2486 0006 00       		.byte	0
 2487 0007 01       		.byte	1
 2488 0008 00       		.byte	0
 2489 0009 00       		.byte	0
 2490 000a 00       		.byte	0
 2491 000b 00       		.byte	0
 2492              		.section	.cyflashprotect,"a",%progbits
 2493              		.align	2
 2494              		.type	cy_meta_flashprotect, %object
 2495              		.size	cy_meta_flashprotect, 256
 2496              	cy_meta_flashprotect:
 2497 0000 00000000 		.space	256
 2497      00000000 
 2497      00000000 
 2497      00000000 
 2497      00000000 
 2498              		.text
 2499              	.Letext0:
 2500              		.file 1 "c:\\program files (x86)\\cypress\\psoc creator\\4.4\\psoc creator\\import\\gnu\\arm\\5.4.
 2501              		.file 2 "c:\\program files (x86)\\cypress\\psoc creator\\4.4\\psoc creator\\import\\gnu\\arm\\5.4.
 2502              		.file 3 "Generated_Source\\PSoC5\\cymetadata.c"
 2503              		.section	.debug_info,"",%progbits
 2504              	.Ldebug_info0:
ARM GAS  C:\Users\CALEBW~1\AppData\Local\Temp\cckoQy0n.s 			page 45


 2505 0000 35010000 		.4byte	0x135
 2506 0004 0400     		.2byte	0x4
 2507 0006 00000000 		.4byte	.Ldebug_abbrev0
 2508 000a 04       		.byte	0x4
 2509 000b 01       		.uleb128 0x1
 2510 000c 74000000 		.4byte	.LASF17
 2511 0010 0C       		.byte	0xc
 2512 0011 CE010000 		.4byte	.LASF18
 2513 0015 16000000 		.4byte	.LASF19
 2514 0019 00000000 		.4byte	.Ldebug_line0
 2515 001d 02       		.uleb128 0x2
 2516 001e 01       		.byte	0x1
 2517 001f 06       		.byte	0x6
 2518 0020 C2010000 		.4byte	.LASF0
 2519 0024 03       		.uleb128 0x3
 2520 0025 00000000 		.4byte	.LASF9
 2521 0029 01       		.byte	0x1
 2522 002a 1D       		.byte	0x1d
 2523 002b 2F000000 		.4byte	0x2f
 2524 002f 02       		.uleb128 0x2
 2525 0030 01       		.byte	0x1
 2526 0031 08       		.byte	0x8
 2527 0032 66000000 		.4byte	.LASF1
 2528 0036 02       		.uleb128 0x2
 2529 0037 02       		.byte	0x2
 2530 0038 05       		.byte	0x5
 2531 0039 AF010000 		.4byte	.LASF2
 2532 003d 02       		.uleb128 0x2
 2533 003e 02       		.byte	0x2
 2534 003f 07       		.byte	0x7
 2535 0040 14010000 		.4byte	.LASF3
 2536 0044 02       		.uleb128 0x2
 2537 0045 04       		.byte	0x4
 2538 0046 05       		.byte	0x5
 2539 0047 B9010000 		.4byte	.LASF4
 2540 004b 02       		.uleb128 0x2
 2541 004c 04       		.byte	0x4
 2542 004d 07       		.byte	0x7
 2543 004e 02010000 		.4byte	.LASF5
 2544 0052 02       		.uleb128 0x2
 2545 0053 08       		.byte	0x8
 2546 0054 05       		.byte	0x5
 2547 0055 A1010000 		.4byte	.LASF6
 2548 0059 02       		.uleb128 0x2
 2549 005a 08       		.byte	0x8
 2550 005b 07       		.byte	0x7
 2551 005c 56010000 		.4byte	.LASF7
 2552 0060 04       		.uleb128 0x4
 2553 0061 04       		.byte	0x4
 2554 0062 05       		.byte	0x5
 2555 0063 696E7400 		.ascii	"int\000"
 2556 0067 02       		.uleb128 0x2
 2557 0068 04       		.byte	0x4
 2558 0069 07       		.byte	0x7
 2559 006a 49010000 		.4byte	.LASF8
 2560 006e 03       		.uleb128 0x3
 2561 006f 6D010000 		.4byte	.LASF10
ARM GAS  C:\Users\CALEBW~1\AppData\Local\Temp\cckoQy0n.s 			page 46


 2562 0073 02       		.byte	0x2
 2563 0074 18       		.byte	0x18
 2564 0075 24000000 		.4byte	0x24
 2565 0079 05       		.uleb128 0x5
 2566 007a 91000000 		.4byte	0x91
 2567 007e 8A000000 		.4byte	0x8a
 2568 0082 06       		.uleb128 0x6
 2569 0083 8A000000 		.4byte	0x8a
 2570 0087 7B09     		.2byte	0x97b
 2571 0089 00       		.byte	0
 2572 008a 02       		.uleb128 0x2
 2573 008b 04       		.byte	0x4
 2574 008c 07       		.byte	0x7
 2575 008d 98010000 		.4byte	.LASF11
 2576 0091 07       		.uleb128 0x7
 2577 0092 6E000000 		.4byte	0x6e
 2578 0096 08       		.uleb128 0x8
 2579 0097 37010000 		.4byte	.LASF12
 2580 009b 03       		.byte	0x3
 2581 009c 1F       		.byte	0x1f
 2582 009d A7000000 		.4byte	0xa7
 2583 00a1 05       		.uleb128 0x5
 2584 00a2 03       		.byte	0x3
 2585 00a3 00000000 		.4byte	cy_meta_configecc
 2586 00a7 07       		.uleb128 0x7
 2587 00a8 79000000 		.4byte	0x79
 2588 00ac 05       		.uleb128 0x5
 2589 00ad 91000000 		.4byte	0x91
 2590 00b1 BC000000 		.4byte	0xbc
 2591 00b5 09       		.uleb128 0x9
 2592 00b6 8A000000 		.4byte	0x8a
 2593 00ba 03       		.byte	0x3
 2594 00bb 00       		.byte	0
 2595 00bc 0A       		.uleb128 0xa
 2596 00bd 27010000 		.4byte	.LASF13
 2597 00c1 03       		.byte	0x3
 2598 00c2 5C01     		.2byte	0x15c
 2599 00c4 CE000000 		.4byte	0xce
 2600 00c8 05       		.uleb128 0x5
 2601 00c9 03       		.byte	0x3
 2602 00ca 00000000 		.4byte	cy_meta_custnvl
 2603 00ce 07       		.uleb128 0x7
 2604 00cf AC000000 		.4byte	0xac
 2605 00d3 0A       		.uleb128 0xa
 2606 00d4 8A010000 		.4byte	.LASF14
 2607 00d8 03       		.byte	0x3
 2608 00d9 6A01     		.2byte	0x16a
 2609 00db E5000000 		.4byte	0xe5
 2610 00df 05       		.uleb128 0x5
 2611 00e0 03       		.byte	0x3
 2612 00e1 00000000 		.4byte	cy_meta_wonvl
 2613 00e5 07       		.uleb128 0x7
 2614 00e6 AC000000 		.4byte	0xac
 2615 00ea 05       		.uleb128 0x5
 2616 00eb 91000000 		.4byte	0x91
 2617 00ef FA000000 		.4byte	0xfa
 2618 00f3 09       		.uleb128 0x9
ARM GAS  C:\Users\CALEBW~1\AppData\Local\Temp\cckoQy0n.s 			page 47


 2619 00f4 8A000000 		.4byte	0x8a
 2620 00f8 FF       		.byte	0xff
 2621 00f9 00       		.byte	0
 2622 00fa 0A       		.uleb128 0xa
 2623 00fb 75010000 		.4byte	.LASF15
 2624 00ff 03       		.byte	0x3
 2625 0100 7801     		.2byte	0x178
 2626 0102 0C010000 		.4byte	0x10c
 2627 0106 05       		.uleb128 0x5
 2628 0107 03       		.byte	0x3
 2629 0108 00000000 		.4byte	cy_meta_flashprotect
 2630 010c 07       		.uleb128 0x7
 2631 010d EA000000 		.4byte	0xea
 2632 0111 05       		.uleb128 0x5
 2633 0112 91000000 		.4byte	0x91
 2634 0116 21010000 		.4byte	0x121
 2635 011a 09       		.uleb128 0x9
 2636 011b 8A000000 		.4byte	0x8a
 2637 011f 0B       		.byte	0xb
 2638 0120 00       		.byte	0
 2639 0121 0A       		.uleb128 0xa
 2640 0122 0A000000 		.4byte	.LASF16
 2641 0126 03       		.byte	0x3
 2642 0127 A501     		.2byte	0x1a5
 2643 0129 33010000 		.4byte	0x133
 2644 012d 05       		.uleb128 0x5
 2645 012e 03       		.byte	0x3
 2646 012f 00000000 		.4byte	cy_metadata
 2647 0133 07       		.uleb128 0x7
 2648 0134 11010000 		.4byte	0x111
 2649 0138 00       		.byte	0
 2650              		.section	.debug_abbrev,"",%progbits
 2651              	.Ldebug_abbrev0:
 2652 0000 01       		.uleb128 0x1
 2653 0001 11       		.uleb128 0x11
 2654 0002 01       		.byte	0x1
 2655 0003 25       		.uleb128 0x25
 2656 0004 0E       		.uleb128 0xe
 2657 0005 13       		.uleb128 0x13
 2658 0006 0B       		.uleb128 0xb
 2659 0007 03       		.uleb128 0x3
 2660 0008 0E       		.uleb128 0xe
 2661 0009 1B       		.uleb128 0x1b
 2662 000a 0E       		.uleb128 0xe
 2663 000b 10       		.uleb128 0x10
 2664 000c 17       		.uleb128 0x17
 2665 000d 00       		.byte	0
 2666 000e 00       		.byte	0
 2667 000f 02       		.uleb128 0x2
 2668 0010 24       		.uleb128 0x24
 2669 0011 00       		.byte	0
 2670 0012 0B       		.uleb128 0xb
 2671 0013 0B       		.uleb128 0xb
 2672 0014 3E       		.uleb128 0x3e
 2673 0015 0B       		.uleb128 0xb
 2674 0016 03       		.uleb128 0x3
 2675 0017 0E       		.uleb128 0xe
ARM GAS  C:\Users\CALEBW~1\AppData\Local\Temp\cckoQy0n.s 			page 48


 2676 0018 00       		.byte	0
 2677 0019 00       		.byte	0
 2678 001a 03       		.uleb128 0x3
 2679 001b 16       		.uleb128 0x16
 2680 001c 00       		.byte	0
 2681 001d 03       		.uleb128 0x3
 2682 001e 0E       		.uleb128 0xe
 2683 001f 3A       		.uleb128 0x3a
 2684 0020 0B       		.uleb128 0xb
 2685 0021 3B       		.uleb128 0x3b
 2686 0022 0B       		.uleb128 0xb
 2687 0023 49       		.uleb128 0x49
 2688 0024 13       		.uleb128 0x13
 2689 0025 00       		.byte	0
 2690 0026 00       		.byte	0
 2691 0027 04       		.uleb128 0x4
 2692 0028 24       		.uleb128 0x24
 2693 0029 00       		.byte	0
 2694 002a 0B       		.uleb128 0xb
 2695 002b 0B       		.uleb128 0xb
 2696 002c 3E       		.uleb128 0x3e
 2697 002d 0B       		.uleb128 0xb
 2698 002e 03       		.uleb128 0x3
 2699 002f 08       		.uleb128 0x8
 2700 0030 00       		.byte	0
 2701 0031 00       		.byte	0
 2702 0032 05       		.uleb128 0x5
 2703 0033 01       		.uleb128 0x1
 2704 0034 01       		.byte	0x1
 2705 0035 49       		.uleb128 0x49
 2706 0036 13       		.uleb128 0x13
 2707 0037 01       		.uleb128 0x1
 2708 0038 13       		.uleb128 0x13
 2709 0039 00       		.byte	0
 2710 003a 00       		.byte	0
 2711 003b 06       		.uleb128 0x6
 2712 003c 21       		.uleb128 0x21
 2713 003d 00       		.byte	0
 2714 003e 49       		.uleb128 0x49
 2715 003f 13       		.uleb128 0x13
 2716 0040 2F       		.uleb128 0x2f
 2717 0041 05       		.uleb128 0x5
 2718 0042 00       		.byte	0
 2719 0043 00       		.byte	0
 2720 0044 07       		.uleb128 0x7
 2721 0045 26       		.uleb128 0x26
 2722 0046 00       		.byte	0
 2723 0047 49       		.uleb128 0x49
 2724 0048 13       		.uleb128 0x13
 2725 0049 00       		.byte	0
 2726 004a 00       		.byte	0
 2727 004b 08       		.uleb128 0x8
 2728 004c 34       		.uleb128 0x34
 2729 004d 00       		.byte	0
 2730 004e 03       		.uleb128 0x3
 2731 004f 0E       		.uleb128 0xe
 2732 0050 3A       		.uleb128 0x3a
ARM GAS  C:\Users\CALEBW~1\AppData\Local\Temp\cckoQy0n.s 			page 49


 2733 0051 0B       		.uleb128 0xb
 2734 0052 3B       		.uleb128 0x3b
 2735 0053 0B       		.uleb128 0xb
 2736 0054 49       		.uleb128 0x49
 2737 0055 13       		.uleb128 0x13
 2738 0056 3F       		.uleb128 0x3f
 2739 0057 19       		.uleb128 0x19
 2740 0058 02       		.uleb128 0x2
 2741 0059 18       		.uleb128 0x18
 2742 005a 00       		.byte	0
 2743 005b 00       		.byte	0
 2744 005c 09       		.uleb128 0x9
 2745 005d 21       		.uleb128 0x21
 2746 005e 00       		.byte	0
 2747 005f 49       		.uleb128 0x49
 2748 0060 13       		.uleb128 0x13
 2749 0061 2F       		.uleb128 0x2f
 2750 0062 0B       		.uleb128 0xb
 2751 0063 00       		.byte	0
 2752 0064 00       		.byte	0
 2753 0065 0A       		.uleb128 0xa
 2754 0066 34       		.uleb128 0x34
 2755 0067 00       		.byte	0
 2756 0068 03       		.uleb128 0x3
 2757 0069 0E       		.uleb128 0xe
 2758 006a 3A       		.uleb128 0x3a
 2759 006b 0B       		.uleb128 0xb
 2760 006c 3B       		.uleb128 0x3b
 2761 006d 05       		.uleb128 0x5
 2762 006e 49       		.uleb128 0x49
 2763 006f 13       		.uleb128 0x13
 2764 0070 3F       		.uleb128 0x3f
 2765 0071 19       		.uleb128 0x19
 2766 0072 02       		.uleb128 0x2
 2767 0073 18       		.uleb128 0x18
 2768 0074 00       		.byte	0
 2769 0075 00       		.byte	0
 2770 0076 00       		.byte	0
 2771              		.section	.debug_aranges,"",%progbits
 2772 0000 14000000 		.4byte	0x14
 2773 0004 0200     		.2byte	0x2
 2774 0006 00000000 		.4byte	.Ldebug_info0
 2775 000a 04       		.byte	0x4
 2776 000b 00       		.byte	0
 2777 000c 0000     		.2byte	0
 2778 000e 0000     		.2byte	0
 2779 0010 00000000 		.4byte	0
 2780 0014 00000000 		.4byte	0
 2781              		.section	.debug_line,"",%progbits
 2782              	.Ldebug_line0:
 2783 0000 3D010000 		.section	.debug_str,"MS",%progbits,1
 2783      02003701 
 2783      00000201 
 2783      FB0E0D00 
 2783      01010101 
 2784              	.LASF9:
 2785 0000 5F5F7569 		.ascii	"__uint8_t\000"
ARM GAS  C:\Users\CALEBW~1\AppData\Local\Temp\cckoQy0n.s 			page 50


 2785      6E74385F 
 2785      7400
 2786              	.LASF16:
 2787 000a 63795F6D 		.ascii	"cy_metadata\000"
 2787      65746164 
 2787      61746100 
 2788              	.LASF19:
 2789 0016 433A5C55 		.ascii	"C:\\Users\\Caleb Wong\\Documents\\COMPSYS 301\\Robo"
 2789      73657273 
 2789      5C43616C 
 2789      65622057 
 2789      6F6E675C 
 2790 0044 745F6C69 		.ascii	"t_line\\RobotLine\\Robot_Line.cydsn\000"
 2790      6E655C52 
 2790      6F626F74 
 2790      4C696E65 
 2790      5C526F62 
 2791              	.LASF1:
 2792 0066 756E7369 		.ascii	"unsigned char\000"
 2792      676E6564 
 2792      20636861 
 2792      7200
 2793              	.LASF17:
 2794 0074 474E5520 		.ascii	"GNU C11 5.4.1 20160609 (release) [ARM/embedded-5-br"
 2794      43313120 
 2794      352E342E 
 2794      31203230 
 2794      31363036 
 2795 00a7 616E6368 		.ascii	"anch revision 237715] -mcpu=cortex-m3 -mthumb -g -O"
 2795      20726576 
 2795      6973696F 
 2795      6E203233 
 2795      37373135 
 2796 00da 67202D66 		.ascii	"g -ffunction-sections -ffat-lto-objects\000"
 2796      66756E63 
 2796      74696F6E 
 2796      2D736563 
 2796      74696F6E 
 2797              	.LASF5:
 2798 0102 6C6F6E67 		.ascii	"long unsigned int\000"
 2798      20756E73 
 2798      69676E65 
 2798      6420696E 
 2798      7400
 2799              	.LASF3:
 2800 0114 73686F72 		.ascii	"short unsigned int\000"
 2800      7420756E 
 2800      7369676E 
 2800      65642069 
 2800      6E7400
 2801              	.LASF13:
 2802 0127 63795F6D 		.ascii	"cy_meta_custnvl\000"
 2802      6574615F 
 2802      63757374 
 2802      6E766C00 
 2803              	.LASF12:
 2804 0137 63795F6D 		.ascii	"cy_meta_configecc\000"
ARM GAS  C:\Users\CALEBW~1\AppData\Local\Temp\cckoQy0n.s 			page 51


 2804      6574615F 
 2804      636F6E66 
 2804      69676563 
 2804      6300
 2805              	.LASF8:
 2806 0149 756E7369 		.ascii	"unsigned int\000"
 2806      676E6564 
 2806      20696E74 
 2806      00
 2807              	.LASF7:
 2808 0156 6C6F6E67 		.ascii	"long long unsigned int\000"
 2808      206C6F6E 
 2808      6720756E 
 2808      7369676E 
 2808      65642069 
 2809              	.LASF10:
 2810 016d 75696E74 		.ascii	"uint8_t\000"
 2810      385F7400 
 2811              	.LASF15:
 2812 0175 63795F6D 		.ascii	"cy_meta_flashprotect\000"
 2812      6574615F 
 2812      666C6173 
 2812      6870726F 
 2812      74656374 
 2813              	.LASF14:
 2814 018a 63795F6D 		.ascii	"cy_meta_wonvl\000"
 2814      6574615F 
 2814      776F6E76 
 2814      6C00
 2815              	.LASF11:
 2816 0198 73697A65 		.ascii	"sizetype\000"
 2816      74797065 
 2816      00
 2817              	.LASF6:
 2818 01a1 6C6F6E67 		.ascii	"long long int\000"
 2818      206C6F6E 
 2818      6720696E 
 2818      7400
 2819              	.LASF2:
 2820 01af 73686F72 		.ascii	"short int\000"
 2820      7420696E 
 2820      7400
 2821              	.LASF4:
 2822 01b9 6C6F6E67 		.ascii	"long int\000"
 2822      20696E74 
 2822      00
 2823              	.LASF0:
 2824 01c2 7369676E 		.ascii	"signed char\000"
 2824      65642063 
 2824      68617200 
 2825              	.LASF18:
 2826 01ce 47656E65 		.ascii	"Generated_Source\\PSoC5\\cymetadata.c\000"
 2826      72617465 
 2826      645F536F 
 2826      75726365 
 2826      5C50536F 
 2827              		.ident	"GCC: (GNU Tools for ARM Embedded Processors) 5.4.1 20160609 (release) [ARM/embedded-5-bran
ARM GAS  C:\Users\CALEBW~1\AppData\Local\Temp\cckoQy0n.s 			page 52


