ARM GAS  C:\Users\CALEBW~1\AppData\Local\Temp\ccjqYMsY.s 			page 1


   1              		.syntax unified
   2              		.cpu cortex-m3
   3              		.fpu softvfp
   4              		.eabi_attribute 20, 1
   5              		.eabi_attribute 21, 1
   6              		.eabi_attribute 23, 3
   7              		.eabi_attribute 24, 1
   8              		.eabi_attribute 25, 1
   9              		.eabi_attribute 26, 1
  10              		.eabi_attribute 30, 1
  11              		.eabi_attribute 34, 1
  12              		.eabi_attribute 18, 4
  13              		.thumb
  14              		.syntax unified
  15              		.file	"main.c"
  16              		.text
  17              	.Ltext0:
  18              		.cfi_sections	.debug_frame
  19              		.section	.text.stop,"ax",%progbits
  20              		.align	2
  21              		.global	stop
  22              		.thumb
  23              		.thumb_func
  24              		.type	stop, %function
  25              	stop:
  26              	.LFB64:
  27              		.file 1 "main.c"
   1:main.c        **** /* ========================================
   2:main.c        ****  *
   3:main.c        ****  * Copyright YOUR COMPANY, THE YEAR
   4:main.c        ****  * All Rights Reserved
   5:main.c        ****  * UNPUBLISHED, LICENSED SOFTWARE.
   6:main.c        ****  *
   7:main.c        ****  * CONFIDENTIAL AND PROPRIETARY INFORMATION
   8:main.c        ****  * WHICH IS THE PROPERTY OF your company.
   9:main.c        ****  *
  10:main.c        ****  * ========================================
  11:main.c        **** */
  12:main.c        **** #include "project.h"
  13:main.c        **** #include <stdio.h>
  14:main.c        **** #include <string.h>
  15:main.c        **** #include <stdlib.h>
  16:main.c        **** #include <project.h>
  17:main.c        **** #include <stdbool.h>
  18:main.c        **** #include <math.h>
  19:main.c        **** #include <cytypes.h>
  20:main.c        **** #include "cyapicallbacks.h"
  21:main.c        **** 
  22:main.c        **** //distance calculation paras
  23:main.c        **** int32 encoderCounts_M1 = 0;  
  24:main.c        **** int32 encoderCounts_M2 = 0;  
  25:main.c        **** int32 CPR = 228; 
  26:main.c        **** float wheelCircumference_cm = 20.30725;
  27:main.c        **** double timeInterval_ms = 0.01;//10.924
  28:main.c        **** float32  distance_M1 = 0;
  29:main.c        **** float32  distance_M2 = 0;
  30:main.c        **** float32  current_distance_M1 = 0;
ARM GAS  C:\Users\CALEBW~1\AppData\Local\Temp\ccjqYMsY.s 			page 2


  31:main.c        **** float32  current_distance_M2 = 0;
  32:main.c        **** float32 target_diatance = 0;//cm
  33:main.c        **** volatile float32 speed_M1 = 0;
  34:main.c        **** volatile float32 speed_M2 = 0;
  35:main.c        **** int32 encoder_value_sum_M1 = 0;
  36:main.c        **** int32 encoder_value_sum_M2 = 0;
  37:main.c        **** uint8 counter = 1;
  38:main.c        **** bool isTurning=false;
  39:main.c        **** 
  40:main.c        **** typedef enum {
  41:main.c        ****     GO_STRAIGHT,
  42:main.c        ****     TURN_LEFT,
  43:main.c        ****     TURN_RIGHT,
  44:main.c        ****     STOP,
  45:main.c        **** } RobotState;
  46:main.c        **** 
  47:main.c        **** RobotState current_state = STOP;// intialse state
  48:main.c        **** 
  49:main.c        **** // Sout 0 is white and 1 
  50:main.c        **** 
  51:main.c        **** void stop(){
  28              		.loc 1 51 0
  29              		.cfi_startproc
  30              		@ args = 0, pretend = 0, frame = 0
  31              		@ frame_needed = 0, uses_anonymous_args = 0
  32 0000 08B5     		push	{r3, lr}
  33              		.cfi_def_cfa_offset 8
  34              		.cfi_offset 3, -8
  35              		.cfi_offset 14, -4
  52:main.c        ****     PWM_1_WriteCompare(50);
  36              		.loc 1 52 0
  37 0002 3220     		movs	r0, #50
  38 0004 FFF7FEFF 		bl	PWM_1_WriteCompare
  39              	.LVL0:
  53:main.c        ****     PWM_2_WriteCompare(50);
  40              		.loc 1 53 0
  41 0008 3220     		movs	r0, #50
  42 000a FFF7FEFF 		bl	PWM_2_WriteCompare
  43              	.LVL1:
  44 000e 08BD     		pop	{r3, pc}
  45              		.cfi_endproc
  46              	.LFE64:
  47              		.size	stop, .-stop
  48              		.section	.text.turnLeft,"ax",%progbits
  49              		.align	2
  50              		.global	turnLeft
  51              		.thumb
  52              		.thumb_func
  53              		.type	turnLeft, %function
  54              	turnLeft:
  55              	.LFB65:
  54:main.c        **** }
  55:main.c        **** void turnLeft(){
  56              		.loc 1 55 0
  57              		.cfi_startproc
  58              		@ args = 0, pretend = 0, frame = 0
  59              		@ frame_needed = 0, uses_anonymous_args = 0
ARM GAS  C:\Users\CALEBW~1\AppData\Local\Temp\ccjqYMsY.s 			page 3


  60 0000 08B5     		push	{r3, lr}
  61              		.cfi_def_cfa_offset 8
  62              		.cfi_offset 3, -8
  63              		.cfi_offset 14, -4
  56:main.c        ****     PWM_1_WriteCompare(65);
  64              		.loc 1 56 0
  65 0002 4120     		movs	r0, #65
  66 0004 FFF7FEFF 		bl	PWM_1_WriteCompare
  67              	.LVL2:
  57:main.c        ****     PWM_2_WriteCompare(50);
  68              		.loc 1 57 0
  69 0008 3220     		movs	r0, #50
  70 000a FFF7FEFF 		bl	PWM_2_WriteCompare
  71              	.LVL3:
  72              	.L4:
  58:main.c        ****     while((Sout_Left_Read()==0) || Sout_MidLeft_Read() ==1){
  73              		.loc 1 58 0 discriminator 3
  74 000e FFF7FEFF 		bl	Sout_Left_Read
  75              	.LVL4:
  76 0012 0028     		cmp	r0, #0
  77 0014 FBD0     		beq	.L4
  78              		.loc 1 58 0 is_stmt 0 discriminator 2
  79 0016 FFF7FEFF 		bl	Sout_MidLeft_Read
  80              	.LVL5:
  81 001a 0128     		cmp	r0, #1
  82 001c F7D0     		beq	.L4
  83 001e 07E0     		b	.L6
  84              	.L8:
  59:main.c        ****         ;;
  60:main.c        ****     }
  61:main.c        **** //    while(Sout_M2_Read()==1){
  62:main.c        **** //        ;;
  63:main.c        **** //    }
  64:main.c        ****     
  65:main.c        ****     while(Sout_MidLeft_Read()==0){
  66:main.c        ****         stop();
  85              		.loc 1 66 0 is_stmt 1
  86 0020 FFF7FEFF 		bl	stop
  87              	.LVL6:
  67:main.c        ****         CyDelay(50);
  88              		.loc 1 67 0
  89 0024 3220     		movs	r0, #50
  90 0026 FFF7FEFF 		bl	CyDelay
  91              	.LVL7:
  68:main.c        ****         if( Sout_MidLeft_Read() == 0){
  92              		.loc 1 68 0
  93 002a FFF7FEFF 		bl	Sout_MidLeft_Read
  94              	.LVL8:
  95 002e 18B1     		cbz	r0, .L7
  96              	.L6:
  65:main.c        ****         stop();
  97              		.loc 1 65 0
  98 0030 FFF7FEFF 		bl	Sout_MidLeft_Read
  99              	.LVL9:
 100 0034 0028     		cmp	r0, #0
 101 0036 F3D0     		beq	.L8
 102              	.L7:
ARM GAS  C:\Users\CALEBW~1\AppData\Local\Temp\ccjqYMsY.s 			page 4


  69:main.c        ****             break;
  70:main.c        ****         }
  71:main.c        ****     }
  72:main.c        ****     if(Sout_MidRight_Read()==0 || Sout_MidLeft_Read()==0){
 103              		.loc 1 72 0
 104 0038 FFF7FEFF 		bl	Sout_MidRight_Read
 105              	.LVL10:
 106 003c 10B1     		cbz	r0, .L9
 107              		.loc 1 72 0 is_stmt 0 discriminator 1
 108 003e FFF7FEFF 		bl	Sout_MidLeft_Read
 109              	.LVL11:
 110 0042 80B9     		cbnz	r0, .L3
 111              	.L9:
  73:main.c        ****        isTurning=false;
 112              		.loc 1 73 0 is_stmt 1
 113 0044 0023     		movs	r3, #0
 114 0046 084A     		ldr	r2, .L12
 115 0048 1370     		strb	r3, [r2]
  74:main.c        ****        current_state=GO_STRAIGHT;
 116              		.loc 1 74 0
 117 004a 084A     		ldr	r2, .L12+4
 118 004c 1370     		strb	r3, [r2]
  75:main.c        ****        stop();
 119              		.loc 1 75 0
 120 004e FFF7FEFF 		bl	stop
 121              	.LVL12:
  76:main.c        ****        CyDelay(1000);
 122              		.loc 1 76 0
 123 0052 4FF47A70 		mov	r0, #1000
 124 0056 FFF7FEFF 		bl	CyDelay
 125              	.LVL13:
  77:main.c        ****        PWM_1_WriteCompare(65);
 126              		.loc 1 77 0
 127 005a 4120     		movs	r0, #65
 128 005c FFF7FEFF 		bl	PWM_1_WriteCompare
 129              	.LVL14:
  78:main.c        ****        PWM_2_WriteCompare(60);
 130              		.loc 1 78 0
 131 0060 3C20     		movs	r0, #60
 132 0062 FFF7FEFF 		bl	PWM_2_WriteCompare
 133              	.LVL15:
 134              	.L3:
 135 0066 08BD     		pop	{r3, pc}
 136              	.L13:
 137              		.align	2
 138              	.L12:
 139 0068 00000000 		.word	.LANCHOR0
 140 006c 00000000 		.word	.LANCHOR1
 141              		.cfi_endproc
 142              	.LFE65:
 143              		.size	turnLeft, .-turnLeft
 144              		.section	.text.turnRight,"ax",%progbits
 145              		.align	2
 146              		.global	turnRight
 147              		.thumb
 148              		.thumb_func
 149              		.type	turnRight, %function
ARM GAS  C:\Users\CALEBW~1\AppData\Local\Temp\ccjqYMsY.s 			page 5


 150              	turnRight:
 151              	.LFB66:
  79:main.c        ****     }
  80:main.c        ****     
  81:main.c        **** }
  82:main.c        **** void turnRight(){
 152              		.loc 1 82 0
 153              		.cfi_startproc
 154              		@ args = 0, pretend = 0, frame = 0
 155              		@ frame_needed = 0, uses_anonymous_args = 0
 156 0000 08B5     		push	{r3, lr}
 157              		.cfi_def_cfa_offset 8
 158              		.cfi_offset 3, -8
 159              		.cfi_offset 14, -4
  83:main.c        ****     PWM_1_WriteCompare(50);
 160              		.loc 1 83 0
 161 0002 3220     		movs	r0, #50
 162 0004 FFF7FEFF 		bl	PWM_1_WriteCompare
 163              	.LVL16:
  84:main.c        ****     PWM_2_WriteCompare(70);
 164              		.loc 1 84 0
 165 0008 4620     		movs	r0, #70
 166 000a FFF7FEFF 		bl	PWM_2_WriteCompare
 167              	.LVL17:
 168              	.L15:
  85:main.c        ****      while((Sout_Right_Read()==0) || Sout_MidLeft_Read() == 1){
 169              		.loc 1 85 0 discriminator 3
 170 000e FFF7FEFF 		bl	Sout_Right_Read
 171              	.LVL18:
 172 0012 0028     		cmp	r0, #0
 173 0014 FBD0     		beq	.L15
 174              		.loc 1 85 0 is_stmt 0 discriminator 2
 175 0016 FFF7FEFF 		bl	Sout_MidLeft_Read
 176              	.LVL19:
 177 001a 0128     		cmp	r0, #1
 178 001c F7D0     		beq	.L15
 179 001e 0BE0     		b	.L17
 180              	.L19:
  86:main.c        ****         ;;
  87:main.c        ****     }
  88:main.c        **** //    while(Sout_M2_Read()==1){
  89:main.c        **** //        ;;
  90:main.c        **** //    }
  91:main.c        **** //    
  92:main.c        ****     while(Sout_MidRight_Read()==0){
  93:main.c        ****         PWM_1_WriteCompare(50);
 181              		.loc 1 93 0 is_stmt 1
 182 0020 3220     		movs	r0, #50
 183 0022 FFF7FEFF 		bl	PWM_1_WriteCompare
 184              	.LVL20:
  94:main.c        ****         PWM_2_WriteCompare(50);
 185              		.loc 1 94 0
 186 0026 3220     		movs	r0, #50
 187 0028 FFF7FEFF 		bl	PWM_2_WriteCompare
 188              	.LVL21:
  95:main.c        ****         CyDelay(50);
 189              		.loc 1 95 0
ARM GAS  C:\Users\CALEBW~1\AppData\Local\Temp\ccjqYMsY.s 			page 6


 190 002c 3220     		movs	r0, #50
 191 002e FFF7FEFF 		bl	CyDelay
 192              	.LVL22:
  96:main.c        ****         if( Sout_MidLeft_Read() == 0){
 193              		.loc 1 96 0
 194 0032 FFF7FEFF 		bl	Sout_MidLeft_Read
 195              	.LVL23:
 196 0036 18B1     		cbz	r0, .L18
 197              	.L17:
  92:main.c        ****         PWM_1_WriteCompare(50);
 198              		.loc 1 92 0
 199 0038 FFF7FEFF 		bl	Sout_MidRight_Read
 200              	.LVL24:
 201 003c 0028     		cmp	r0, #0
 202 003e EFD0     		beq	.L19
 203              	.L18:
  97:main.c        ****             break;
  98:main.c        ****         }
  99:main.c        ****     }
 100:main.c        ****     if(Sout_MidRight_Read()==0 || Sout_MidLeft_Read()==0){
 204              		.loc 1 100 0
 205 0040 FFF7FEFF 		bl	Sout_MidRight_Read
 206              	.LVL25:
 207 0044 10B1     		cbz	r0, .L20
 208              		.loc 1 100 0 is_stmt 0 discriminator 1
 209 0046 FFF7FEFF 		bl	Sout_MidLeft_Read
 210              	.LVL26:
 211 004a 80B9     		cbnz	r0, .L14
 212              	.L20:
 101:main.c        ****        isTurning=false;
 213              		.loc 1 101 0 is_stmt 1
 214 004c 0023     		movs	r3, #0
 215 004e 084A     		ldr	r2, .L23
 216 0050 1370     		strb	r3, [r2]
 102:main.c        ****        current_state=GO_STRAIGHT;
 217              		.loc 1 102 0
 218 0052 084A     		ldr	r2, .L23+4
 219 0054 1370     		strb	r3, [r2]
 103:main.c        ****        stop();
 220              		.loc 1 103 0
 221 0056 FFF7FEFF 		bl	stop
 222              	.LVL27:
 104:main.c        ****        CyDelay(1000);
 223              		.loc 1 104 0
 224 005a 4FF47A70 		mov	r0, #1000
 225 005e FFF7FEFF 		bl	CyDelay
 226              	.LVL28:
 105:main.c        ****        PWM_1_WriteCompare(60);
 227              		.loc 1 105 0
 228 0062 3C20     		movs	r0, #60
 229 0064 FFF7FEFF 		bl	PWM_1_WriteCompare
 230              	.LVL29:
 106:main.c        ****        PWM_2_WriteCompare(61);
 231              		.loc 1 106 0
 232 0068 3D20     		movs	r0, #61
 233 006a FFF7FEFF 		bl	PWM_2_WriteCompare
 234              	.LVL30:
ARM GAS  C:\Users\CALEBW~1\AppData\Local\Temp\ccjqYMsY.s 			page 7


 235              	.L14:
 236 006e 08BD     		pop	{r3, pc}
 237              	.L24:
 238              		.align	2
 239              	.L23:
 240 0070 00000000 		.word	.LANCHOR0
 241 0074 00000000 		.word	.LANCHOR1
 242              		.cfi_endproc
 243              	.LFE66:
 244              		.size	turnRight, .-turnRight
 245              		.global	__aeabi_fcmpge
 246              		.section	.text.goStraight,"ax",%progbits
 247              		.align	2
 248              		.global	goStraight
 249              		.thumb
 250              		.thumb_func
 251              		.type	goStraight, %function
 252              	goStraight:
 253              	.LFB67:
 107:main.c        ****     }
 108:main.c        **** }
 109:main.c        ****     
 110:main.c        **** 
 111:main.c        **** 
 112:main.c        **** void goStraight(){
 254              		.loc 1 112 0
 255              		.cfi_startproc
 256              		@ args = 0, pretend = 0, frame = 0
 257              		@ frame_needed = 0, uses_anonymous_args = 0
 258 0000 08B5     		push	{r3, lr}
 259              		.cfi_def_cfa_offset 8
 260              		.cfi_offset 3, -8
 261              		.cfi_offset 14, -4
 113:main.c        ****     
 114:main.c        ****     if (Sout_MidRight_Read() == 0 && Sout_MidLeft_Read() > 0){
 262              		.loc 1 114 0
 263 0002 FFF7FEFF 		bl	Sout_MidRight_Read
 264              	.LVL31:
 265 0006 C8B9     		cbnz	r0, .L26
 266              		.loc 1 114 0 is_stmt 0 discriminator 1
 267 0008 FFF7FEFF 		bl	Sout_MidLeft_Read
 268              	.LVL32:
 269 000c B0B1     		cbz	r0, .L26
 115:main.c        ****         if (speed_M1 >= 5){
 270              		.loc 1 115 0 is_stmt 1
 271 000e 184B     		ldr	r3, .L37
 272 0010 5868     		ldr	r0, [r3, #4]	@ float
 273 0012 1849     		ldr	r1, .L37+4
 274 0014 FFF7FEFF 		bl	__aeabi_fcmpge
 275              	.LVL33:
 276 0018 30B1     		cbz	r0, .L35
 116:main.c        ****             PWM_2_WriteCompare(PWM_2_ReadCompare() -1);
 277              		.loc 1 116 0
 278 001a FFF7FEFF 		bl	PWM_2_ReadCompare
 279              	.LVL34:
 280 001e 0138     		subs	r0, r0, #1
 281 0020 C0B2     		uxtb	r0, r0
ARM GAS  C:\Users\CALEBW~1\AppData\Local\Temp\ccjqYMsY.s 			page 8


 282 0022 FFF7FEFF 		bl	PWM_2_WriteCompare
 283              	.LVL35:
 284 0026 05E0     		b	.L29
 285              	.L35:
 117:main.c        ****         }
 118:main.c        ****         else {
 119:main.c        ****          PWM_1_WriteCompare(PWM_1_ReadCompare()+ 1);   
 286              		.loc 1 119 0
 287 0028 FFF7FEFF 		bl	PWM_1_ReadCompare
 288              	.LVL36:
 289 002c 0130     		adds	r0, r0, #1
 290 002e C0B2     		uxtb	r0, r0
 291 0030 FFF7FEFF 		bl	PWM_1_WriteCompare
 292              	.LVL37:
 293              	.L29:
 120:main.c        ****         }
 121:main.c        ****         speed_M1;
 294              		.loc 1 121 0
 295 0034 0E4B     		ldr	r3, .L37
 296 0036 5A68     		ldr	r2, [r3, #4]	@ float
 122:main.c        ****         speed_M2;
 297              		.loc 1 122 0
 298 0038 9B68     		ldr	r3, [r3, #8]	@ float
 299 003a 08BD     		pop	{r3, pc}
 300              	.L26:
 123:main.c        ****     } else if (Sout_MidRight_Read() > 0 && Sout_MidLeft_Read() == 0){
 301              		.loc 1 123 0
 302 003c FFF7FEFF 		bl	Sout_MidRight_Read
 303              	.LVL38:
 304 0040 78B1     		cbz	r0, .L31
 305              		.loc 1 123 0 is_stmt 0 discriminator 1
 306 0042 FFF7FEFF 		bl	Sout_MidLeft_Read
 307              	.LVL39:
 308 0046 60B9     		cbnz	r0, .L31
 124:main.c        ****         if (speed_M2 >= 5)
 309              		.loc 1 124 0 is_stmt 1
 310 0048 094B     		ldr	r3, .L37
 311 004a 9868     		ldr	r0, [r3, #8]	@ float
 312 004c 0949     		ldr	r1, .L37+4
 313 004e FFF7FEFF 		bl	__aeabi_fcmpge
 314              	.LVL40:
 315 0052 60B1     		cbz	r0, .L25
 125:main.c        ****         PWM_1_WriteCompare(PWM_1_ReadCompare() -1);
 316              		.loc 1 125 0
 317 0054 FFF7FEFF 		bl	PWM_1_ReadCompare
 318              	.LVL41:
 319 0058 0138     		subs	r0, r0, #1
 320 005a C0B2     		uxtb	r0, r0
 321 005c FFF7FEFF 		bl	PWM_1_WriteCompare
 322              	.LVL42:
 323 0060 08BD     		pop	{r3, pc}
 324              	.L31:
 126:main.c        ****     }
 127:main.c        ****     else {
 128:main.c        ****          PWM_2_WriteCompare(PWM_2_ReadCompare()+ 1);   
 325              		.loc 1 128 0
 326 0062 FFF7FEFF 		bl	PWM_2_ReadCompare
ARM GAS  C:\Users\CALEBW~1\AppData\Local\Temp\ccjqYMsY.s 			page 9


 327              	.LVL43:
 328 0066 0130     		adds	r0, r0, #1
 329 0068 C0B2     		uxtb	r0, r0
 330 006a FFF7FEFF 		bl	PWM_2_WriteCompare
 331              	.LVL44:
 332              	.L25:
 333 006e 08BD     		pop	{r3, pc}
 334              	.L38:
 335              		.align	2
 336              	.L37:
 337 0070 00000000 		.word	.LANCHOR0
 338 0074 0000A040 		.word	1084227584
 339              		.cfi_endproc
 340              	.LFE67:
 341              		.size	goStraight, .-goStraight
 342              		.section	.text.go_distance,"ax",%progbits
 343              		.align	2
 344              		.global	go_distance
 345              		.thumb
 346              		.thumb_func
 347              		.type	go_distance, %function
 348              	go_distance:
 349              	.LFB68:
 129:main.c        ****         }
 130:main.c        **** 
 131:main.c        ****     
 132:main.c        ****     
 133:main.c        **** ////    //comp0==>middle left comp1==>middle right
 134:main.c        **** //    if(comp0_sum>0 && comp1_sum==0){//s_ML out of line
 135:main.c        **** ////        
 136:main.c        **** //            PWM_2_WriteCompare(PWM_2_ReadCompare() +1);
 137:main.c        **** ////        }
 138:main.c        **** //    }else if(comp0_sum==0 && comp1_sum>0){//s_MR out of line
 139:main.c        **** ////
 140:main.c        **** //            PWM_1_WriteCompare(PWM_1_ReadCompare() +1);
 141:main.c        **** ////        }
 142:main.c        **** //    }else if(comp1_sum==0 && comp0_sum==0){
 143:main.c        **** //        PWM_1_WriteCompare(65);
 144:main.c        **** //        PWM_2_WriteCompare(66);
 145:main.c        **** //    }
 146:main.c        **** //    if (speed_M1 > speed_M2){
 147:main.c        **** //     if (PWM_1_ReadCompare() >=80){
 148:main.c        **** //        PWM_1_WriteCompare(PWM_1_ReadCompare()-5);   
 149:main.c        **** //    }
 150:main.c        **** //    else{
 151:main.c        **** //        PWM_2_WriteCompare(PWM_2_ReadCompare()+5);
 152:main.c        **** //    }
 153:main.c        **** // }
 154:main.c        **** //    else if (speed_M1 < speed_M2){
 155:main.c        **** //        if (PWM_2_ReadCompare() >=80){
 156:main.c        **** //        PWM_2_WriteCompare(PWM_2_ReadCompare()-5);   
 157:main.c        **** //    }else{
 158:main.c        **** //        PWM_1_WriteCompare(PWM_1_ReadCompare()+5);
 159:main.c        **** //    }
 160:main.c        **** //    }
 161:main.c        **** //    else {}
 162:main.c        **** //        if(comp0_sum>0 && comp1_sum==0){//s_ML out of line
ARM GAS  C:\Users\CALEBW~1\AppData\Local\Temp\ccjqYMsY.s 			page 10


 163:main.c        **** ////        
 164:main.c        **** //            //PWM_2_WriteCompare(PWM_2_ReadCompare() +1);
 165:main.c        **** //            if (speed_M1 < speed_M2){
 166:main.c        **** //                if (speed_M1 >= 30){
 167:main.c        **** //                    PWM_1_WriteCompare(PWM_1_ReadCompare() -5);
 168:main.c        **** //                }
 169:main.c        **** //                else{
 170:main.c        **** //                    PWM_1_WriteCompare(PWM_1_ReadCompare() + 5);
 171:main.c        **** //                }
 172:main.c        **** //            }else {
 173:main.c        **** //                if (speed_M2 >= 30){
 174:main.c        **** //                    PWM_2_WriteCompare(PWM_2_ReadCompare() -5);
 175:main.c        **** //                }
 176:main.c        **** //                else{
 177:main.c        **** //                    PWM_2_WriteCompare(PWM_2_ReadCompare() + 5);
 178:main.c        **** //                }
 179:main.c        **** //            }
 180:main.c        **** //            
 181:main.c        **** //          
 182:main.c        **** //            
 183:main.c        **** ////        }
 184:main.c        **** //    }else if(comp0_sum==0 && comp1_sum>0){//s_MR out of line
 185:main.c        **** ////
 186:main.c        **** //            if (speed_M1 < speed_M2){
 187:main.c        **** //                if (speed_M1 >= 30){
 188:main.c        **** //                    PWM_1_WriteCompare(PWM_1_ReadCompare() -5);
 189:main.c        **** //                }
 190:main.c        **** //                else{
 191:main.c        **** //                    PWM_1_WriteCompare(PWM_1_ReadCompare() + 5);
 192:main.c        **** //                }
 193:main.c        **** //            }else {
 194:main.c        **** //                if (speed_M2 >= 30){
 195:main.c        **** //                    PWM_2_WriteCompare(PWM_2_ReadCompare() -5);
 196:main.c        **** //                }
 197:main.c        **** //                else{
 198:main.c        **** //                    PWM_2_WriteCompare(PWM_2_ReadCompare() + 5);
 199:main.c        **** //                }
 200:main.c        **** //            }
 201:main.c        **** ////        }
 202:main.c        **** //    }else if(comp1_sum==0 && comp0_sum==0){
 203:main.c        **** //        ;
 204:main.c        **** //    }
 205:main.c        **** //        
 206:main.c        **** }
 207:main.c        ****      
 208:main.c        **** void go_distance(float32 distance){
 350              		.loc 1 208 0
 351              		.cfi_startproc
 352              		@ args = 0, pretend = 0, frame = 0
 353              		@ frame_needed = 0, uses_anonymous_args = 0
 354              		@ link register save eliminated.
 355              	.LVL45:
 209:main.c        ****     distance_M1=0;
 356              		.loc 1 209 0
 357 0000 024B     		ldr	r3, .L40
 358 0002 0022     		movs	r2, #0
 359 0004 DA60     		str	r2, [r3, #12]	@ float
ARM GAS  C:\Users\CALEBW~1\AppData\Local\Temp\ccjqYMsY.s 			page 11


 210:main.c        ****     target_diatance=distance;
 360              		.loc 1 210 0
 361 0006 1861     		str	r0, [r3, #16]	@ float
 362 0008 7047     		bx	lr
 363              	.L41:
 364 000a 00BF     		.align	2
 365              	.L40:
 366 000c 00000000 		.word	.LANCHOR0
 367              		.cfi_endproc
 368              	.LFE68:
 369              		.size	go_distance, .-go_distance
 370              		.section	.text.main,"ax",%progbits
 371              		.align	2
 372              		.global	main
 373              		.thumb
 374              		.thumb_func
 375              		.type	main, %function
 376              	main:
 377              	.LFB69:
 211:main.c        **** }
 212:main.c        **** 
 213:main.c        **** 
 214:main.c        **** 
 215:main.c        **** 
 216:main.c        **** int main(void)
 217:main.c        **** {
 378              		.loc 1 217 0
 379              		.cfi_startproc
 380              		@ Volatile: function does not return.
 381              		@ args = 0, pretend = 0, frame = 0
 382              		@ frame_needed = 0, uses_anonymous_args = 0
 383 0000 08B5     		push	{r3, lr}
 384              		.cfi_def_cfa_offset 8
 385              		.cfi_offset 3, -8
 386              		.cfi_offset 14, -4
 218:main.c        ****     CyGlobalIntEnable; /* Enable global interrupts. */
 387              		.loc 1 218 0
 388              		.syntax unified
 389              	@ 218 "main.c" 1
 390 0002 62B6     		CPSIE   i
 391              	@ 0 "" 2
 219:main.c        ****     Timer_1_Start();
 392              		.loc 1 219 0
 393              		.thumb
 394              		.syntax unified
 395 0004 FFF7FEFF 		bl	Timer_1_Start
 396              	.LVL46:
 220:main.c        ****     
 221:main.c        ****     Comp_0_Start();
 397              		.loc 1 221 0
 398 0008 FFF7FEFF 		bl	Comp_0_Start
 399              	.LVL47:
 222:main.c        ****     Comp_1_Start();
 400              		.loc 1 222 0
 401 000c FFF7FEFF 		bl	Comp_1_Start
 402              	.LVL48:
 223:main.c        ****     Comp_2_Start();
ARM GAS  C:\Users\CALEBW~1\AppData\Local\Temp\ccjqYMsY.s 			page 12


 403              		.loc 1 223 0
 404 0010 FFF7FEFF 		bl	Comp_2_Start
 405              	.LVL49:
 224:main.c        ****     Comp_3_Start();
 406              		.loc 1 224 0
 407 0014 FFF7FEFF 		bl	Comp_3_Start
 408              	.LVL50:
 225:main.c        ****     
 226:main.c        ****     PWM_1_WritePeriod(100);
 409              		.loc 1 226 0
 410 0018 6420     		movs	r0, #100
 411 001a FFF7FEFF 		bl	PWM_1_WritePeriod
 412              	.LVL51:
 227:main.c        ****     PWM_2_WritePeriod(100);
 413              		.loc 1 227 0
 414 001e 6420     		movs	r0, #100
 415 0020 FFF7FEFF 		bl	PWM_2_WritePeriod
 416              	.LVL52:
 228:main.c        ****     PWM_1_WriteCompare(55);
 417              		.loc 1 228 0
 418 0024 3720     		movs	r0, #55
 419 0026 FFF7FEFF 		bl	PWM_1_WriteCompare
 420              	.LVL53:
 229:main.c        ****     PWM_2_WriteCompare(56);
 421              		.loc 1 229 0
 422 002a 3820     		movs	r0, #56
 423 002c FFF7FEFF 		bl	PWM_2_WriteCompare
 424              	.LVL54:
 230:main.c        ****     Clock_PWM_Start(); 
 425              		.loc 1 230 0
 426 0030 FFF7FEFF 		bl	Clock_PWM_Start
 427              	.LVL55:
 231:main.c        ****     PWM_1_Start();
 428              		.loc 1 231 0
 429 0034 FFF7FEFF 		bl	PWM_1_Start
 430              	.LVL56:
 232:main.c        ****     PWM_2_Start();
 431              		.loc 1 232 0
 432 0038 FFF7FEFF 		bl	PWM_2_Start
 433              	.LVL57:
 233:main.c        ****     
 234:main.c        ****     QuadDec_M1_Start();
 434              		.loc 1 234 0
 435 003c FFF7FEFF 		bl	QuadDec_M1_Start
 436              	.LVL58:
 235:main.c        ****     QuadDec_M2_Start();
 437              		.loc 1 235 0
 438 0040 FFF7FEFF 		bl	QuadDec_M2_Start
 439              	.LVL59:
 440 0044 3AE0     		b	.L43
 441              	.L49:
 236:main.c        ****     /* Place your initialization/startup code here (e.g. MyInst_Start()) */
 237:main.c        **** 
 238:main.c        ****     for(;;)
 239:main.c        ****     {
 240:main.c        ****         /* Place your application code here. */
 241:main.c        ****         while(!isTurning){
ARM GAS  C:\Users\CALEBW~1\AppData\Local\Temp\ccjqYMsY.s 			page 13


 242:main.c        ****           if (((Sout_MidRight_Read() == 0) || (Sout_MidLeft_Read() == 0)) && ((Sout_Left_Read()) > 
 442              		.loc 1 242 0
 443 0046 FFF7FEFF 		bl	Sout_MidRight_Read
 444              	.LVL60:
 445 004a 10B1     		cbz	r0, .L44
 446              		.loc 1 242 0 is_stmt 0 discriminator 2
 447 004c FFF7FEFF 		bl	Sout_MidLeft_Read
 448              	.LVL61:
 449 0050 50B9     		cbnz	r0, .L45
 450              	.L44:
 451              		.loc 1 242 0 discriminator 3
 452 0052 FFF7FEFF 		bl	Sout_Left_Read
 453              	.LVL62:
 454 0056 0128     		cmp	r0, #1
 455 0058 06D9     		bls	.L45
 456              		.loc 1 242 0 discriminator 4
 457 005a FFF7FEFF 		bl	Sout_Right_Read
 458              	.LVL63:
 459 005e 18B1     		cbz	r0, .L45
 243:main.c        ****             current_state = GO_STRAIGHT;
 460              		.loc 1 243 0 is_stmt 1
 461 0060 0022     		movs	r2, #0
 462 0062 2B4B     		ldr	r3, .L58
 463 0064 1A70     		strb	r2, [r3]
 464 0066 29E0     		b	.L43
 465              	.L45:
 244:main.c        ****         } else if(Sout_Left_Read() == 0){
 466              		.loc 1 244 0
 467 0068 FFF7FEFF 		bl	Sout_Left_Read
 468              	.LVL64:
 469 006c 78B9     		cbnz	r0, .L47
 245:main.c        ****             stop();
 470              		.loc 1 245 0
 471 006e FFF7FEFF 		bl	stop
 472              	.LVL65:
 246:main.c        ****             CyDelay(200);
 473              		.loc 1 246 0
 474 0072 C820     		movs	r0, #200
 475 0074 FFF7FEFF 		bl	CyDelay
 476              	.LVL66:
 247:main.c        ****             if (Sout_Left_Read() == 0){
 477              		.loc 1 247 0
 478 0078 FFF7FEFF 		bl	Sout_Left_Read
 479              	.LVL67:
 480 007c F0B9     		cbnz	r0, .L43
 248:main.c        ****                 current_state = TURN_LEFT;
 481              		.loc 1 248 0
 482 007e 0124     		movs	r4, #1
 483 0080 234B     		ldr	r3, .L58
 484 0082 1C70     		strb	r4, [r3]
 249:main.c        ****                 QuadDec_M1_SetCounter(0);
 485              		.loc 1 249 0
 486 0084 FFF7FEFF 		bl	QuadDec_M1_SetCounter
 487              	.LVL68:
 250:main.c        ****                 isTurning=true;
 488              		.loc 1 250 0
 489 0088 224B     		ldr	r3, .L58+4
ARM GAS  C:\Users\CALEBW~1\AppData\Local\Temp\ccjqYMsY.s 			page 14


 490 008a 1C70     		strb	r4, [r3]
 491 008c 16E0     		b	.L43
 492              	.L47:
 251:main.c        ****             }
 252:main.c        ****         } else if (Sout_Right_Read() == 0){
 493              		.loc 1 252 0
 494 008e FFF7FEFF 		bl	Sout_Right_Read
 495              	.LVL69:
 496 0092 80B9     		cbnz	r0, .L48
 253:main.c        ****             stop();
 497              		.loc 1 253 0
 498 0094 FFF7FEFF 		bl	stop
 499              	.LVL70:
 254:main.c        ****             CyDelay(200);
 500              		.loc 1 254 0
 501 0098 C820     		movs	r0, #200
 502 009a FFF7FEFF 		bl	CyDelay
 503              	.LVL71:
 255:main.c        ****             if(Sout_Right_Read() == 0){
 504              		.loc 1 255 0
 505 009e FFF7FEFF 		bl	Sout_Right_Read
 506              	.LVL72:
 507 00a2 58B9     		cbnz	r0, .L43
 256:main.c        ****                 current_state = TURN_RIGHT;
 508              		.loc 1 256 0
 509 00a4 0222     		movs	r2, #2
 510 00a6 1A4B     		ldr	r3, .L58
 511 00a8 1A70     		strb	r2, [r3]
 257:main.c        ****                 QuadDec_M2_SetCounter(0);//reset 
 512              		.loc 1 257 0
 513 00aa FFF7FEFF 		bl	QuadDec_M2_SetCounter
 514              	.LVL73:
 258:main.c        ****                 isTurning=true;
 515              		.loc 1 258 0
 516 00ae 0122     		movs	r2, #1
 517 00b0 184B     		ldr	r3, .L58+4
 518 00b2 1A70     		strb	r2, [r3]
 519 00b4 02E0     		b	.L43
 520              	.L48:
 259:main.c        ****             }
 260:main.c        ****         } else {
 261:main.c        ****            current_state = STOP; 
 521              		.loc 1 261 0
 522 00b6 0322     		movs	r2, #3
 523 00b8 154B     		ldr	r3, .L58
 524 00ba 1A70     		strb	r2, [r3]
 525              	.L43:
 241:main.c        ****           if (((Sout_MidRight_Read() == 0) || (Sout_MidLeft_Read() == 0)) && ((Sout_Left_Read()) > 
 526              		.loc 1 241 0
 527 00bc 154B     		ldr	r3, .L58+4
 528 00be 1B78     		ldrb	r3, [r3]	@ zero_extendqisi2
 529 00c0 002B     		cmp	r3, #0
 530 00c2 C0D0     		beq	.L49
 262:main.c        ****         }
 263:main.c        ****         
 264:main.c        ****         }
 265:main.c        ****         switch (current_state) {
ARM GAS  C:\Users\CALEBW~1\AppData\Local\Temp\ccjqYMsY.s 			page 15


 531              		.loc 1 265 0
 532 00c4 124B     		ldr	r3, .L58
 533 00c6 1B78     		ldrb	r3, [r3]	@ zero_extendqisi2
 534 00c8 032B     		cmp	r3, #3
 535 00ca F7D8     		bhi	.L43
 536 00cc DFE803F0 		tbb	[pc, r3]
 537              	.L51:
 538 00d0 02       		.byte	(.L50-.L51)/2
 539 00d1 07       		.byte	(.L52-.L51)/2
 540 00d2 11       		.byte	(.L53-.L51)/2
 541 00d3 19       		.byte	(.L54-.L51)/2
 542              		.p2align 1
 543              	.L50:
 266:main.c        ****             case GO_STRAIGHT:
 267:main.c        ****                 goStraight();
 544              		.loc 1 267 0
 545 00d4 FFF7FEFF 		bl	goStraight
 546              	.LVL74:
 268:main.c        ****                 break;
 547              		.loc 1 268 0
 548 00d8 F0E7     		b	.L43
 549              	.L55:
 269:main.c        ****             case TURN_LEFT:
 270:main.c        ****                 while(isTurning){//keep turning until QuadDec value reached
 271:main.c        ****                     turnLeft();
 550              		.loc 1 271 0
 551 00da FFF7FEFF 		bl	turnLeft
 552              	.LVL75:
 553              	.L52:
 270:main.c        ****                     turnLeft();
 554              		.loc 1 270 0
 555 00de 0D4B     		ldr	r3, .L58+4
 556 00e0 1B78     		ldrb	r3, [r3]	@ zero_extendqisi2
 557 00e2 002B     		cmp	r3, #0
 558 00e4 F9D1     		bne	.L55
 272:main.c        ****                 };
 273:main.c        ****                 current_state=STOP;
 559              		.loc 1 273 0
 560 00e6 0322     		movs	r2, #3
 561 00e8 094B     		ldr	r3, .L58
 562 00ea 1A70     		strb	r2, [r3]
 274:main.c        ****                 break;    
 563              		.loc 1 274 0
 564 00ec E6E7     		b	.L43
 565              	.L56:
 275:main.c        ****             case TURN_RIGHT:
 276:main.c        ****                 while(isTurning){
 277:main.c        ****                     turnRight();
 566              		.loc 1 277 0
 567 00ee FFF7FEFF 		bl	turnRight
 568              	.LVL76:
 569              	.L53:
 276:main.c        ****                     turnRight();
 570              		.loc 1 276 0
 571 00f2 084B     		ldr	r3, .L58+4
 572 00f4 1B78     		ldrb	r3, [r3]	@ zero_extendqisi2
 573 00f6 002B     		cmp	r3, #0
ARM GAS  C:\Users\CALEBW~1\AppData\Local\Temp\ccjqYMsY.s 			page 16


 574 00f8 F9D1     		bne	.L56
 278:main.c        ****                 };
 279:main.c        ****                 current_state=STOP;
 575              		.loc 1 279 0
 576 00fa 0322     		movs	r2, #3
 577 00fc 044B     		ldr	r3, .L58
 578 00fe 1A70     		strb	r2, [r3]
 280:main.c        ****                 break;  
 579              		.loc 1 280 0
 580 0100 DCE7     		b	.L43
 581              	.L54:
 281:main.c        ****             case STOP:
 282:main.c        ****                 PWM_1_WriteCompare(50);
 582              		.loc 1 282 0
 583 0102 3220     		movs	r0, #50
 584 0104 FFF7FEFF 		bl	PWM_1_WriteCompare
 585              	.LVL77:
 283:main.c        ****                 PWM_2_WriteCompare(50);
 586              		.loc 1 283 0
 587 0108 3220     		movs	r0, #50
 588 010a FFF7FEFF 		bl	PWM_2_WriteCompare
 589              	.LVL78:
 284:main.c        ****                 break;
 590              		.loc 1 284 0
 591 010e D5E7     		b	.L43
 592              	.L59:
 593              		.align	2
 594              	.L58:
 595 0110 00000000 		.word	.LANCHOR1
 596 0114 00000000 		.word	.LANCHOR0
 597              		.cfi_endproc
 598              	.LFE69:
 599              		.size	main, .-main
 600              		.global	current_state
 601              		.global	isTurning
 602              		.global	counter
 603              		.global	encoder_value_sum_M2
 604              		.global	encoder_value_sum_M1
 605              		.global	speed_M2
 606              		.global	speed_M1
 607              		.global	target_diatance
 608              		.global	current_distance_M2
 609              		.global	current_distance_M1
 610              		.global	distance_M2
 611              		.global	distance_M1
 612              		.global	timeInterval_ms
 613              		.global	wheelCircumference_cm
 614              		.global	CPR
 615              		.global	encoderCounts_M2
 616              		.global	encoderCounts_M1
 617              		.data
 618              		.align	3
 619              		.set	.LANCHOR1,. + 0
 620              		.type	current_state, %object
 621              		.size	current_state, 1
 622              	current_state:
 623 0000 03       		.byte	3
ARM GAS  C:\Users\CALEBW~1\AppData\Local\Temp\ccjqYMsY.s 			page 17


 624              		.type	counter, %object
 625              		.size	counter, 1
 626              	counter:
 627 0001 01       		.byte	1
 628 0002 00000000 		.space	6
 628      0000
 629              		.type	timeInterval_ms, %object
 630              		.size	timeInterval_ms, 8
 631              	timeInterval_ms:
 632 0008 7B14AE47 		.word	1202590843
 633 000c E17A843F 		.word	1065646817
 634              		.type	wheelCircumference_cm, %object
 635              		.size	wheelCircumference_cm, 4
 636              	wheelCircumference_cm:
 637 0010 3F75A241 		.word	1101165887
 638              		.type	CPR, %object
 639              		.size	CPR, 4
 640              	CPR:
 641 0014 E4000000 		.word	228
 642              		.bss
 643              		.align	2
 644              		.set	.LANCHOR0,. + 0
 645              		.type	isTurning, %object
 646              		.size	isTurning, 1
 647              	isTurning:
 648 0000 00       		.space	1
 649 0001 000000   		.space	3
 650              		.type	speed_M1, %object
 651              		.size	speed_M1, 4
 652              	speed_M1:
 653 0004 00000000 		.space	4
 654              		.type	speed_M2, %object
 655              		.size	speed_M2, 4
 656              	speed_M2:
 657 0008 00000000 		.space	4
 658              		.type	distance_M1, %object
 659              		.size	distance_M1, 4
 660              	distance_M1:
 661 000c 00000000 		.space	4
 662              		.type	target_diatance, %object
 663              		.size	target_diatance, 4
 664              	target_diatance:
 665 0010 00000000 		.space	4
 666              		.type	encoder_value_sum_M2, %object
 667              		.size	encoder_value_sum_M2, 4
 668              	encoder_value_sum_M2:
 669 0014 00000000 		.space	4
 670              		.type	encoder_value_sum_M1, %object
 671              		.size	encoder_value_sum_M1, 4
 672              	encoder_value_sum_M1:
 673 0018 00000000 		.space	4
 674              		.type	current_distance_M2, %object
 675              		.size	current_distance_M2, 4
 676              	current_distance_M2:
 677 001c 00000000 		.space	4
 678              		.type	current_distance_M1, %object
 679              		.size	current_distance_M1, 4
ARM GAS  C:\Users\CALEBW~1\AppData\Local\Temp\ccjqYMsY.s 			page 18


 680              	current_distance_M1:
 681 0020 00000000 		.space	4
 682              		.type	distance_M2, %object
 683              		.size	distance_M2, 4
 684              	distance_M2:
 685 0024 00000000 		.space	4
 686              		.type	encoderCounts_M2, %object
 687              		.size	encoderCounts_M2, 4
 688              	encoderCounts_M2:
 689 0028 00000000 		.space	4
 690              		.type	encoderCounts_M1, %object
 691              		.size	encoderCounts_M1, 4
 692              	encoderCounts_M1:
 693 002c 00000000 		.space	4
 694              		.text
 695              	.Letext0:
 696              		.file 2 "c:\\program files (x86)\\cypress\\psoc creator\\4.4\\psoc creator\\import\\gnu\\arm\\5.4.
 697              		.file 3 "c:\\program files (x86)\\cypress\\psoc creator\\4.4\\psoc creator\\import\\gnu\\arm\\5.4.
 698              		.file 4 "Generated_Source\\PSoC5/cytypes.h"
 699              		.file 5 "Generated_Source\\PSoC5/core_cm3.h"
 700              		.file 6 "Generated_Source\\PSoC5/PWM_1.h"
 701              		.file 7 "Generated_Source\\PSoC5/PWM_2.h"
 702              		.file 8 "Generated_Source\\PSoC5/Sout_Left.h"
 703              		.file 9 "Generated_Source\\PSoC5/Sout_MidLeft.h"
 704              		.file 10 "Generated_Source\\PSoC5/CyLib.h"
 705              		.file 11 "Generated_Source\\PSoC5/Sout_MidRight.h"
 706              		.file 12 "Generated_Source\\PSoC5/Sout_Right.h"
 707              		.file 13 "Generated_Source\\PSoC5/Timer_1.h"
 708              		.file 14 "Generated_Source\\PSoC5/Comp_0.h"
 709              		.file 15 "Generated_Source\\PSoC5/Comp_1.h"
 710              		.file 16 "Generated_Source\\PSoC5/Comp_2.h"
 711              		.file 17 "Generated_Source\\PSoC5/Comp_3.h"
 712              		.file 18 "Generated_Source\\PSoC5/Clock_PWM.h"
 713              		.file 19 "Generated_Source\\PSoC5/QuadDec_M1.h"
 714              		.file 20 "Generated_Source\\PSoC5/QuadDec_M2.h"
 715              		.section	.debug_info,"",%progbits
 716              	.Ldebug_info0:
 717 0000 6B070000 		.4byte	0x76b
 718 0004 0400     		.2byte	0x4
 719 0006 00000000 		.4byte	.Ldebug_abbrev0
 720 000a 04       		.byte	0x4
 721 000b 01       		.uleb128 0x1
 722 000c A0030000 		.4byte	.LASF69
 723 0010 0C       		.byte	0xc
 724 0011 28030000 		.4byte	.LASF70
 725 0015 2E040000 		.4byte	.LASF71
 726 0019 00000000 		.4byte	.Ldebug_ranges0+0
 727 001d 00000000 		.4byte	0
 728 0021 00000000 		.4byte	.Ldebug_line0
 729 0025 02       		.uleb128 0x2
 730 0026 01       		.byte	0x1
 731 0027 06       		.byte	0x6
 732 0028 E3010000 		.4byte	.LASF0
 733 002c 02       		.uleb128 0x2
 734 002d 01       		.byte	0x1
 735 002e 08       		.byte	0x8
 736 002f C4010000 		.4byte	.LASF1
ARM GAS  C:\Users\CALEBW~1\AppData\Local\Temp\ccjqYMsY.s 			page 19


 737 0033 02       		.uleb128 0x2
 738 0034 02       		.byte	0x2
 739 0035 05       		.byte	0x5
 740 0036 68000000 		.4byte	.LASF2
 741 003a 02       		.uleb128 0x2
 742 003b 02       		.byte	0x2
 743 003c 07       		.byte	0x7
 744 003d 4A020000 		.4byte	.LASF3
 745 0041 03       		.uleb128 0x3
 746 0042 69030000 		.4byte	.LASF9
 747 0046 02       		.byte	0x2
 748 0047 3F       		.byte	0x3f
 749 0048 4C000000 		.4byte	0x4c
 750 004c 02       		.uleb128 0x2
 751 004d 04       		.byte	0x4
 752 004e 05       		.byte	0x5
 753 004f 41010000 		.4byte	.LASF4
 754 0053 02       		.uleb128 0x2
 755 0054 04       		.byte	0x4
 756 0055 07       		.byte	0x7
 757 0056 2F030000 		.4byte	.LASF5
 758 005a 02       		.uleb128 0x2
 759 005b 08       		.byte	0x8
 760 005c 05       		.byte	0x5
 761 005d 12010000 		.4byte	.LASF6
 762 0061 02       		.uleb128 0x2
 763 0062 08       		.byte	0x8
 764 0063 07       		.byte	0x7
 765 0064 EF010000 		.4byte	.LASF7
 766 0068 04       		.uleb128 0x4
 767 0069 04       		.byte	0x4
 768 006a 05       		.byte	0x5
 769 006b 696E7400 		.ascii	"int\000"
 770 006f 02       		.uleb128 0x2
 771 0070 04       		.byte	0x4
 772 0071 07       		.byte	0x7
 773 0072 06020000 		.4byte	.LASF8
 774 0076 03       		.uleb128 0x3
 775 0077 CC020000 		.4byte	.LASF10
 776 007b 03       		.byte	0x3
 777 007c 2C       		.byte	0x2c
 778 007d 41000000 		.4byte	0x41
 779 0081 05       		.uleb128 0x5
 780 0082 CE000000 		.4byte	.LASF11
 781 0086 04       		.byte	0x4
 782 0087 E901     		.2byte	0x1e9
 783 0089 2C000000 		.4byte	0x2c
 784 008d 05       		.uleb128 0x5
 785 008e 41030000 		.4byte	.LASF12
 786 0092 04       		.byte	0x4
 787 0093 EE01     		.2byte	0x1ee
 788 0095 4C000000 		.4byte	0x4c
 789 0099 05       		.uleb128 0x5
 790 009a 52000000 		.4byte	.LASF13
 791 009e 04       		.byte	0x4
 792 009f EF01     		.2byte	0x1ef
 793 00a1 A5000000 		.4byte	0xa5
ARM GAS  C:\Users\CALEBW~1\AppData\Local\Temp\ccjqYMsY.s 			page 20


 794 00a5 02       		.uleb128 0x2
 795 00a6 04       		.byte	0x4
 796 00a7 04       		.byte	0x4
 797 00a8 FB000000 		.4byte	.LASF14
 798 00ac 02       		.uleb128 0x2
 799 00ad 08       		.byte	0x8
 800 00ae 04       		.byte	0x4
 801 00af 47030000 		.4byte	.LASF15
 802 00b3 02       		.uleb128 0x2
 803 00b4 01       		.byte	0x1
 804 00b5 08       		.byte	0x8
 805 00b6 3C010000 		.4byte	.LASF16
 806 00ba 02       		.uleb128 0x2
 807 00bb 08       		.byte	0x8
 808 00bc 04       		.byte	0x4
 809 00bd B8010000 		.4byte	.LASF17
 810 00c1 02       		.uleb128 0x2
 811 00c2 04       		.byte	0x4
 812 00c3 07       		.byte	0x7
 813 00c4 72000000 		.4byte	.LASF18
 814 00c8 06       		.uleb128 0x6
 815 00c9 01       		.byte	0x1
 816 00ca 2C000000 		.4byte	0x2c
 817 00ce 01       		.byte	0x1
 818 00cf 28       		.byte	0x28
 819 00d0 ED000000 		.4byte	0xed
 820 00d4 07       		.uleb128 0x7
 821 00d5 10000000 		.4byte	.LASF19
 822 00d9 00       		.byte	0
 823 00da 07       		.uleb128 0x7
 824 00db 32010000 		.4byte	.LASF20
 825 00df 01       		.byte	0x1
 826 00e0 07       		.uleb128 0x7
 827 00e1 4A010000 		.4byte	.LASF21
 828 00e5 02       		.byte	0x2
 829 00e6 07       		.uleb128 0x7
 830 00e7 73030000 		.4byte	.LASF22
 831 00eb 03       		.byte	0x3
 832 00ec 00       		.byte	0
 833 00ed 03       		.uleb128 0x3
 834 00ee C3000000 		.4byte	.LASF23
 835 00f2 01       		.byte	0x1
 836 00f3 2D       		.byte	0x2d
 837 00f4 C8000000 		.4byte	0xc8
 838 00f8 08       		.uleb128 0x8
 839 00f9 9B020000 		.4byte	.LASF24
 840 00fd 01       		.byte	0x1
 841 00fe 33       		.byte	0x33
 842 00ff 00000000 		.4byte	.LFB64
 843 0103 10000000 		.4byte	.LFE64-.LFB64
 844 0107 01       		.uleb128 0x1
 845 0108 9C       		.byte	0x9c
 846 0109 32010000 		.4byte	0x132
 847 010d 09       		.uleb128 0x9
 848 010e 08000000 		.4byte	.LVL0
 849 0112 71060000 		.4byte	0x671
 850 0116 21010000 		.4byte	0x121
ARM GAS  C:\Users\CALEBW~1\AppData\Local\Temp\ccjqYMsY.s 			page 21


 851 011a 0A       		.uleb128 0xa
 852 011b 01       		.uleb128 0x1
 853 011c 50       		.byte	0x50
 854 011d 02       		.uleb128 0x2
 855 011e 08       		.byte	0x8
 856 011f 32       		.byte	0x32
 857 0120 00       		.byte	0
 858 0121 0B       		.uleb128 0xb
 859 0122 0E000000 		.4byte	.LVL1
 860 0126 7C060000 		.4byte	0x67c
 861 012a 0A       		.uleb128 0xa
 862 012b 01       		.uleb128 0x1
 863 012c 50       		.byte	0x50
 864 012d 02       		.uleb128 0x2
 865 012e 08       		.byte	0x8
 866 012f 32       		.byte	0x32
 867 0130 00       		.byte	0
 868 0131 00       		.byte	0
 869 0132 08       		.uleb128 0x8
 870 0133 DA010000 		.4byte	.LASF25
 871 0137 01       		.byte	0x1
 872 0138 37       		.byte	0x37
 873 0139 00000000 		.4byte	.LFB65
 874 013d 70000000 		.4byte	.LFE65-.LFB65
 875 0141 01       		.uleb128 0x1
 876 0142 9C       		.byte	0x9c
 877 0143 05020000 		.4byte	0x205
 878 0147 09       		.uleb128 0x9
 879 0148 08000000 		.4byte	.LVL2
 880 014c 71060000 		.4byte	0x671
 881 0150 5B010000 		.4byte	0x15b
 882 0154 0A       		.uleb128 0xa
 883 0155 01       		.uleb128 0x1
 884 0156 50       		.byte	0x50
 885 0157 02       		.uleb128 0x2
 886 0158 08       		.byte	0x8
 887 0159 41       		.byte	0x41
 888 015a 00       		.byte	0
 889 015b 09       		.uleb128 0x9
 890 015c 0E000000 		.4byte	.LVL3
 891 0160 7C060000 		.4byte	0x67c
 892 0164 6F010000 		.4byte	0x16f
 893 0168 0A       		.uleb128 0xa
 894 0169 01       		.uleb128 0x1
 895 016a 50       		.byte	0x50
 896 016b 02       		.uleb128 0x2
 897 016c 08       		.byte	0x8
 898 016d 32       		.byte	0x32
 899 016e 00       		.byte	0
 900 016f 0C       		.uleb128 0xc
 901 0170 12000000 		.4byte	.LVL4
 902 0174 87060000 		.4byte	0x687
 903 0178 0C       		.uleb128 0xc
 904 0179 1A000000 		.4byte	.LVL5
 905 017d 92060000 		.4byte	0x692
 906 0181 0C       		.uleb128 0xc
 907 0182 24000000 		.4byte	.LVL6
ARM GAS  C:\Users\CALEBW~1\AppData\Local\Temp\ccjqYMsY.s 			page 22


 908 0186 F8000000 		.4byte	0xf8
 909 018a 09       		.uleb128 0x9
 910 018b 2A000000 		.4byte	.LVL7
 911 018f 9D060000 		.4byte	0x69d
 912 0193 9E010000 		.4byte	0x19e
 913 0197 0A       		.uleb128 0xa
 914 0198 01       		.uleb128 0x1
 915 0199 50       		.byte	0x50
 916 019a 02       		.uleb128 0x2
 917 019b 08       		.byte	0x8
 918 019c 32       		.byte	0x32
 919 019d 00       		.byte	0
 920 019e 0C       		.uleb128 0xc
 921 019f 2E000000 		.4byte	.LVL8
 922 01a3 92060000 		.4byte	0x692
 923 01a7 0C       		.uleb128 0xc
 924 01a8 34000000 		.4byte	.LVL9
 925 01ac 92060000 		.4byte	0x692
 926 01b0 0C       		.uleb128 0xc
 927 01b1 3C000000 		.4byte	.LVL10
 928 01b5 A8060000 		.4byte	0x6a8
 929 01b9 0C       		.uleb128 0xc
 930 01ba 42000000 		.4byte	.LVL11
 931 01be 92060000 		.4byte	0x692
 932 01c2 0C       		.uleb128 0xc
 933 01c3 52000000 		.4byte	.LVL12
 934 01c7 F8000000 		.4byte	0xf8
 935 01cb 09       		.uleb128 0x9
 936 01cc 5A000000 		.4byte	.LVL13
 937 01d0 9D060000 		.4byte	0x69d
 938 01d4 E0010000 		.4byte	0x1e0
 939 01d8 0A       		.uleb128 0xa
 940 01d9 01       		.uleb128 0x1
 941 01da 50       		.byte	0x50
 942 01db 03       		.uleb128 0x3
 943 01dc 0A       		.byte	0xa
 944 01dd E803     		.2byte	0x3e8
 945 01df 00       		.byte	0
 946 01e0 09       		.uleb128 0x9
 947 01e1 60000000 		.4byte	.LVL14
 948 01e5 71060000 		.4byte	0x671
 949 01e9 F4010000 		.4byte	0x1f4
 950 01ed 0A       		.uleb128 0xa
 951 01ee 01       		.uleb128 0x1
 952 01ef 50       		.byte	0x50
 953 01f0 02       		.uleb128 0x2
 954 01f1 08       		.byte	0x8
 955 01f2 41       		.byte	0x41
 956 01f3 00       		.byte	0
 957 01f4 0B       		.uleb128 0xb
 958 01f5 66000000 		.4byte	.LVL15
 959 01f9 7C060000 		.4byte	0x67c
 960 01fd 0A       		.uleb128 0xa
 961 01fe 01       		.uleb128 0x1
 962 01ff 50       		.byte	0x50
 963 0200 02       		.uleb128 0x2
 964 0201 08       		.byte	0x8
ARM GAS  C:\Users\CALEBW~1\AppData\Local\Temp\ccjqYMsY.s 			page 23


 965 0202 3C       		.byte	0x3c
 966 0203 00       		.byte	0
 967 0204 00       		.byte	0
 968 0205 08       		.uleb128 0x8
 969 0206 86040000 		.4byte	.LASF26
 970 020a 01       		.byte	0x1
 971 020b 52       		.byte	0x52
 972 020c 00000000 		.4byte	.LFB66
 973 0210 78000000 		.4byte	.LFE66-.LFB66
 974 0214 01       		.uleb128 0x1
 975 0215 9C       		.byte	0x9c
 976 0216 F7020000 		.4byte	0x2f7
 977 021a 09       		.uleb128 0x9
 978 021b 08000000 		.4byte	.LVL16
 979 021f 71060000 		.4byte	0x671
 980 0223 2E020000 		.4byte	0x22e
 981 0227 0A       		.uleb128 0xa
 982 0228 01       		.uleb128 0x1
 983 0229 50       		.byte	0x50
 984 022a 02       		.uleb128 0x2
 985 022b 08       		.byte	0x8
 986 022c 32       		.byte	0x32
 987 022d 00       		.byte	0
 988 022e 09       		.uleb128 0x9
 989 022f 0E000000 		.4byte	.LVL17
 990 0233 7C060000 		.4byte	0x67c
 991 0237 42020000 		.4byte	0x242
 992 023b 0A       		.uleb128 0xa
 993 023c 01       		.uleb128 0x1
 994 023d 50       		.byte	0x50
 995 023e 02       		.uleb128 0x2
 996 023f 08       		.byte	0x8
 997 0240 46       		.byte	0x46
 998 0241 00       		.byte	0
 999 0242 0C       		.uleb128 0xc
 1000 0243 12000000 		.4byte	.LVL18
 1001 0247 B3060000 		.4byte	0x6b3
 1002 024b 0C       		.uleb128 0xc
 1003 024c 1A000000 		.4byte	.LVL19
 1004 0250 92060000 		.4byte	0x692
 1005 0254 09       		.uleb128 0x9
 1006 0255 26000000 		.4byte	.LVL20
 1007 0259 71060000 		.4byte	0x671
 1008 025d 68020000 		.4byte	0x268
 1009 0261 0A       		.uleb128 0xa
 1010 0262 01       		.uleb128 0x1
 1011 0263 50       		.byte	0x50
 1012 0264 02       		.uleb128 0x2
 1013 0265 08       		.byte	0x8
 1014 0266 32       		.byte	0x32
 1015 0267 00       		.byte	0
 1016 0268 09       		.uleb128 0x9
 1017 0269 2C000000 		.4byte	.LVL21
 1018 026d 7C060000 		.4byte	0x67c
 1019 0271 7C020000 		.4byte	0x27c
 1020 0275 0A       		.uleb128 0xa
 1021 0276 01       		.uleb128 0x1
ARM GAS  C:\Users\CALEBW~1\AppData\Local\Temp\ccjqYMsY.s 			page 24


 1022 0277 50       		.byte	0x50
 1023 0278 02       		.uleb128 0x2
 1024 0279 08       		.byte	0x8
 1025 027a 32       		.byte	0x32
 1026 027b 00       		.byte	0
 1027 027c 09       		.uleb128 0x9
 1028 027d 32000000 		.4byte	.LVL22
 1029 0281 9D060000 		.4byte	0x69d
 1030 0285 90020000 		.4byte	0x290
 1031 0289 0A       		.uleb128 0xa
 1032 028a 01       		.uleb128 0x1
 1033 028b 50       		.byte	0x50
 1034 028c 02       		.uleb128 0x2
 1035 028d 08       		.byte	0x8
 1036 028e 32       		.byte	0x32
 1037 028f 00       		.byte	0
 1038 0290 0C       		.uleb128 0xc
 1039 0291 36000000 		.4byte	.LVL23
 1040 0295 92060000 		.4byte	0x692
 1041 0299 0C       		.uleb128 0xc
 1042 029a 3C000000 		.4byte	.LVL24
 1043 029e A8060000 		.4byte	0x6a8
 1044 02a2 0C       		.uleb128 0xc
 1045 02a3 44000000 		.4byte	.LVL25
 1046 02a7 A8060000 		.4byte	0x6a8
 1047 02ab 0C       		.uleb128 0xc
 1048 02ac 4A000000 		.4byte	.LVL26
 1049 02b0 92060000 		.4byte	0x692
 1050 02b4 0C       		.uleb128 0xc
 1051 02b5 5A000000 		.4byte	.LVL27
 1052 02b9 F8000000 		.4byte	0xf8
 1053 02bd 09       		.uleb128 0x9
 1054 02be 62000000 		.4byte	.LVL28
 1055 02c2 9D060000 		.4byte	0x69d
 1056 02c6 D2020000 		.4byte	0x2d2
 1057 02ca 0A       		.uleb128 0xa
 1058 02cb 01       		.uleb128 0x1
 1059 02cc 50       		.byte	0x50
 1060 02cd 03       		.uleb128 0x3
 1061 02ce 0A       		.byte	0xa
 1062 02cf E803     		.2byte	0x3e8
 1063 02d1 00       		.byte	0
 1064 02d2 09       		.uleb128 0x9
 1065 02d3 68000000 		.4byte	.LVL29
 1066 02d7 71060000 		.4byte	0x671
 1067 02db E6020000 		.4byte	0x2e6
 1068 02df 0A       		.uleb128 0xa
 1069 02e0 01       		.uleb128 0x1
 1070 02e1 50       		.byte	0x50
 1071 02e2 02       		.uleb128 0x2
 1072 02e3 08       		.byte	0x8
 1073 02e4 3C       		.byte	0x3c
 1074 02e5 00       		.byte	0
 1075 02e6 0B       		.uleb128 0xb
 1076 02e7 6E000000 		.4byte	.LVL30
 1077 02eb 7C060000 		.4byte	0x67c
 1078 02ef 0A       		.uleb128 0xa
ARM GAS  C:\Users\CALEBW~1\AppData\Local\Temp\ccjqYMsY.s 			page 25


 1079 02f0 01       		.uleb128 0x1
 1080 02f1 50       		.byte	0x50
 1081 02f2 02       		.uleb128 0x2
 1082 02f3 08       		.byte	0x8
 1083 02f4 3D       		.byte	0x3d
 1084 02f5 00       		.byte	0
 1085 02f6 00       		.byte	0
 1086 02f7 0D       		.uleb128 0xd
 1087 02f8 DD000000 		.4byte	.LASF27
 1088 02fc 01       		.byte	0x1
 1089 02fd 70       		.byte	0x70
 1090 02fe 00000000 		.4byte	.LFB67
 1091 0302 78000000 		.4byte	.LFE67-.LFB67
 1092 0306 01       		.uleb128 0x1
 1093 0307 9C       		.byte	0x9c
 1094 0308 79030000 		.4byte	0x379
 1095 030c 0C       		.uleb128 0xc
 1096 030d 06000000 		.4byte	.LVL31
 1097 0311 A8060000 		.4byte	0x6a8
 1098 0315 0C       		.uleb128 0xc
 1099 0316 0C000000 		.4byte	.LVL32
 1100 031a 92060000 		.4byte	0x692
 1101 031e 0C       		.uleb128 0xc
 1102 031f 1E000000 		.4byte	.LVL34
 1103 0323 BE060000 		.4byte	0x6be
 1104 0327 0C       		.uleb128 0xc
 1105 0328 26000000 		.4byte	.LVL35
 1106 032c 7C060000 		.4byte	0x67c
 1107 0330 0C       		.uleb128 0xc
 1108 0331 2C000000 		.4byte	.LVL36
 1109 0335 C9060000 		.4byte	0x6c9
 1110 0339 0C       		.uleb128 0xc
 1111 033a 34000000 		.4byte	.LVL37
 1112 033e 71060000 		.4byte	0x671
 1113 0342 0C       		.uleb128 0xc
 1114 0343 40000000 		.4byte	.LVL38
 1115 0347 A8060000 		.4byte	0x6a8
 1116 034b 0C       		.uleb128 0xc
 1117 034c 46000000 		.4byte	.LVL39
 1118 0350 92060000 		.4byte	0x692
 1119 0354 0C       		.uleb128 0xc
 1120 0355 58000000 		.4byte	.LVL41
 1121 0359 C9060000 		.4byte	0x6c9
 1122 035d 0C       		.uleb128 0xc
 1123 035e 60000000 		.4byte	.LVL42
 1124 0362 71060000 		.4byte	0x671
 1125 0366 0C       		.uleb128 0xc
 1126 0367 66000000 		.4byte	.LVL43
 1127 036b BE060000 		.4byte	0x6be
 1128 036f 0C       		.uleb128 0xc
 1129 0370 6E000000 		.4byte	.LVL44
 1130 0374 7C060000 		.4byte	0x67c
 1131 0378 00       		.byte	0
 1132 0379 0E       		.uleb128 0xe
 1133 037a 32020000 		.4byte	.LASF72
 1134 037e 01       		.byte	0x1
 1135 037f D0       		.byte	0xd0
ARM GAS  C:\Users\CALEBW~1\AppData\Local\Temp\ccjqYMsY.s 			page 26


 1136 0380 00000000 		.4byte	.LFB68
 1137 0384 10000000 		.4byte	.LFE68-.LFB68
 1138 0388 01       		.uleb128 0x1
 1139 0389 9C       		.byte	0x9c
 1140 038a 9C030000 		.4byte	0x39c
 1141 038e 0F       		.uleb128 0xf
 1142 038f AD020000 		.4byte	.LASF73
 1143 0393 01       		.byte	0x1
 1144 0394 D0       		.byte	0xd0
 1145 0395 99000000 		.4byte	0x99
 1146 0399 01       		.uleb128 0x1
 1147 039a 50       		.byte	0x50
 1148 039b 00       		.byte	0
 1149 039c 10       		.uleb128 0x10
 1150 039d 7B000000 		.4byte	.LASF74
 1151 03a1 01       		.byte	0x1
 1152 03a2 D8       		.byte	0xd8
 1153 03a3 68000000 		.4byte	0x68
 1154 03a7 00000000 		.4byte	.LFB69
 1155 03ab 18010000 		.4byte	.LFE69-.LFB69
 1156 03af 01       		.uleb128 0x1
 1157 03b0 9C       		.byte	0x9c
 1158 03b1 33050000 		.4byte	0x533
 1159 03b5 0C       		.uleb128 0xc
 1160 03b6 08000000 		.4byte	.LVL46
 1161 03ba D4060000 		.4byte	0x6d4
 1162 03be 0C       		.uleb128 0xc
 1163 03bf 0C000000 		.4byte	.LVL47
 1164 03c3 DF060000 		.4byte	0x6df
 1165 03c7 0C       		.uleb128 0xc
 1166 03c8 10000000 		.4byte	.LVL48
 1167 03cc EA060000 		.4byte	0x6ea
 1168 03d0 0C       		.uleb128 0xc
 1169 03d1 14000000 		.4byte	.LVL49
 1170 03d5 F5060000 		.4byte	0x6f5
 1171 03d9 0C       		.uleb128 0xc
 1172 03da 18000000 		.4byte	.LVL50
 1173 03de 00070000 		.4byte	0x700
 1174 03e2 09       		.uleb128 0x9
 1175 03e3 1E000000 		.4byte	.LVL51
 1176 03e7 0B070000 		.4byte	0x70b
 1177 03eb F6030000 		.4byte	0x3f6
 1178 03ef 0A       		.uleb128 0xa
 1179 03f0 01       		.uleb128 0x1
 1180 03f1 50       		.byte	0x50
 1181 03f2 02       		.uleb128 0x2
 1182 03f3 08       		.byte	0x8
 1183 03f4 64       		.byte	0x64
 1184 03f5 00       		.byte	0
 1185 03f6 09       		.uleb128 0x9
 1186 03f7 24000000 		.4byte	.LVL52
 1187 03fb 16070000 		.4byte	0x716
 1188 03ff 0A040000 		.4byte	0x40a
 1189 0403 0A       		.uleb128 0xa
 1190 0404 01       		.uleb128 0x1
 1191 0405 50       		.byte	0x50
 1192 0406 02       		.uleb128 0x2
ARM GAS  C:\Users\CALEBW~1\AppData\Local\Temp\ccjqYMsY.s 			page 27


 1193 0407 08       		.byte	0x8
 1194 0408 64       		.byte	0x64
 1195 0409 00       		.byte	0
 1196 040a 09       		.uleb128 0x9
 1197 040b 2A000000 		.4byte	.LVL53
 1198 040f 71060000 		.4byte	0x671
 1199 0413 1E040000 		.4byte	0x41e
 1200 0417 0A       		.uleb128 0xa
 1201 0418 01       		.uleb128 0x1
 1202 0419 50       		.byte	0x50
 1203 041a 02       		.uleb128 0x2
 1204 041b 08       		.byte	0x8
 1205 041c 37       		.byte	0x37
 1206 041d 00       		.byte	0
 1207 041e 09       		.uleb128 0x9
 1208 041f 30000000 		.4byte	.LVL54
 1209 0423 7C060000 		.4byte	0x67c
 1210 0427 32040000 		.4byte	0x432
 1211 042b 0A       		.uleb128 0xa
 1212 042c 01       		.uleb128 0x1
 1213 042d 50       		.byte	0x50
 1214 042e 02       		.uleb128 0x2
 1215 042f 08       		.byte	0x8
 1216 0430 38       		.byte	0x38
 1217 0431 00       		.byte	0
 1218 0432 0C       		.uleb128 0xc
 1219 0433 34000000 		.4byte	.LVL55
 1220 0437 21070000 		.4byte	0x721
 1221 043b 0C       		.uleb128 0xc
 1222 043c 38000000 		.4byte	.LVL56
 1223 0440 2C070000 		.4byte	0x72c
 1224 0444 0C       		.uleb128 0xc
 1225 0445 3C000000 		.4byte	.LVL57
 1226 0449 37070000 		.4byte	0x737
 1227 044d 0C       		.uleb128 0xc
 1228 044e 40000000 		.4byte	.LVL58
 1229 0452 42070000 		.4byte	0x742
 1230 0456 0C       		.uleb128 0xc
 1231 0457 44000000 		.4byte	.LVL59
 1232 045b 4D070000 		.4byte	0x74d
 1233 045f 0C       		.uleb128 0xc
 1234 0460 4A000000 		.4byte	.LVL60
 1235 0464 A8060000 		.4byte	0x6a8
 1236 0468 0C       		.uleb128 0xc
 1237 0469 50000000 		.4byte	.LVL61
 1238 046d 92060000 		.4byte	0x692
 1239 0471 0C       		.uleb128 0xc
 1240 0472 56000000 		.4byte	.LVL62
 1241 0476 87060000 		.4byte	0x687
 1242 047a 0C       		.uleb128 0xc
 1243 047b 5E000000 		.4byte	.LVL63
 1244 047f B3060000 		.4byte	0x6b3
 1245 0483 0C       		.uleb128 0xc
 1246 0484 6C000000 		.4byte	.LVL64
 1247 0488 87060000 		.4byte	0x687
 1248 048c 0C       		.uleb128 0xc
 1249 048d 72000000 		.4byte	.LVL65
ARM GAS  C:\Users\CALEBW~1\AppData\Local\Temp\ccjqYMsY.s 			page 28


 1250 0491 F8000000 		.4byte	0xf8
 1251 0495 09       		.uleb128 0x9
 1252 0496 78000000 		.4byte	.LVL66
 1253 049a 9D060000 		.4byte	0x69d
 1254 049e A9040000 		.4byte	0x4a9
 1255 04a2 0A       		.uleb128 0xa
 1256 04a3 01       		.uleb128 0x1
 1257 04a4 50       		.byte	0x50
 1258 04a5 02       		.uleb128 0x2
 1259 04a6 08       		.byte	0x8
 1260 04a7 C8       		.byte	0xc8
 1261 04a8 00       		.byte	0
 1262 04a9 0C       		.uleb128 0xc
 1263 04aa 7C000000 		.4byte	.LVL67
 1264 04ae 87060000 		.4byte	0x687
 1265 04b2 0C       		.uleb128 0xc
 1266 04b3 88000000 		.4byte	.LVL68
 1267 04b7 58070000 		.4byte	0x758
 1268 04bb 0C       		.uleb128 0xc
 1269 04bc 92000000 		.4byte	.LVL69
 1270 04c0 B3060000 		.4byte	0x6b3
 1271 04c4 0C       		.uleb128 0xc
 1272 04c5 98000000 		.4byte	.LVL70
 1273 04c9 F8000000 		.4byte	0xf8
 1274 04cd 09       		.uleb128 0x9
 1275 04ce 9E000000 		.4byte	.LVL71
 1276 04d2 9D060000 		.4byte	0x69d
 1277 04d6 E1040000 		.4byte	0x4e1
 1278 04da 0A       		.uleb128 0xa
 1279 04db 01       		.uleb128 0x1
 1280 04dc 50       		.byte	0x50
 1281 04dd 02       		.uleb128 0x2
 1282 04de 08       		.byte	0x8
 1283 04df C8       		.byte	0xc8
 1284 04e0 00       		.byte	0
 1285 04e1 0C       		.uleb128 0xc
 1286 04e2 A2000000 		.4byte	.LVL72
 1287 04e6 B3060000 		.4byte	0x6b3
 1288 04ea 0C       		.uleb128 0xc
 1289 04eb AE000000 		.4byte	.LVL73
 1290 04ef 63070000 		.4byte	0x763
 1291 04f3 0C       		.uleb128 0xc
 1292 04f4 D8000000 		.4byte	.LVL74
 1293 04f8 F7020000 		.4byte	0x2f7
 1294 04fc 0C       		.uleb128 0xc
 1295 04fd DE000000 		.4byte	.LVL75
 1296 0501 32010000 		.4byte	0x132
 1297 0505 0C       		.uleb128 0xc
 1298 0506 F2000000 		.4byte	.LVL76
 1299 050a 05020000 		.4byte	0x205
 1300 050e 09       		.uleb128 0x9
 1301 050f 08010000 		.4byte	.LVL77
 1302 0513 71060000 		.4byte	0x671
 1303 0517 22050000 		.4byte	0x522
 1304 051b 0A       		.uleb128 0xa
 1305 051c 01       		.uleb128 0x1
 1306 051d 50       		.byte	0x50
ARM GAS  C:\Users\CALEBW~1\AppData\Local\Temp\ccjqYMsY.s 			page 29


 1307 051e 02       		.uleb128 0x2
 1308 051f 08       		.byte	0x8
 1309 0520 32       		.byte	0x32
 1310 0521 00       		.byte	0
 1311 0522 0B       		.uleb128 0xb
 1312 0523 0E010000 		.4byte	.LVL78
 1313 0527 7C060000 		.4byte	0x67c
 1314 052b 0A       		.uleb128 0xa
 1315 052c 01       		.uleb128 0x1
 1316 052d 50       		.byte	0x50
 1317 052e 02       		.uleb128 0x2
 1318 052f 08       		.byte	0x8
 1319 0530 32       		.byte	0x32
 1320 0531 00       		.byte	0
 1321 0532 00       		.byte	0
 1322 0533 11       		.uleb128 0x11
 1323 0534 93030000 		.4byte	.LASF28
 1324 0538 05       		.byte	0x5
 1325 0539 1207     		.2byte	0x712
 1326 053b 3F050000 		.4byte	0x53f
 1327 053f 12       		.uleb128 0x12
 1328 0540 76000000 		.4byte	0x76
 1329 0544 13       		.uleb128 0x13
 1330 0545 65010000 		.4byte	.LASF29
 1331 0549 01       		.byte	0x1
 1332 054a 17       		.byte	0x17
 1333 054b 8D000000 		.4byte	0x8d
 1334 054f 05       		.uleb128 0x5
 1335 0550 03       		.byte	0x3
 1336 0551 00000000 		.4byte	encoderCounts_M1
 1337 0555 13       		.uleb128 0x13
 1338 0556 76010000 		.4byte	.LASF30
 1339 055a 01       		.byte	0x1
 1340 055b 18       		.byte	0x18
 1341 055c 8D000000 		.4byte	0x8d
 1342 0560 05       		.uleb128 0x5
 1343 0561 03       		.byte	0x3
 1344 0562 00000000 		.4byte	encoderCounts_M2
 1345 0566 14       		.uleb128 0x14
 1346 0567 43505200 		.ascii	"CPR\000"
 1347 056b 01       		.byte	0x1
 1348 056c 19       		.byte	0x19
 1349 056d 8D000000 		.4byte	0x8d
 1350 0571 05       		.uleb128 0x5
 1351 0572 03       		.byte	0x3
 1352 0573 00000000 		.4byte	CPR
 1353 0577 13       		.uleb128 0x13
 1354 0578 80000000 		.4byte	.LASF31
 1355 057c 01       		.byte	0x1
 1356 057d 1A       		.byte	0x1a
 1357 057e A5000000 		.4byte	0xa5
 1358 0582 05       		.uleb128 0x5
 1359 0583 03       		.byte	0x3
 1360 0584 00000000 		.4byte	wheelCircumference_cm
 1361 0588 13       		.uleb128 0x13
 1362 0589 55010000 		.4byte	.LASF32
 1363 058d 01       		.byte	0x1
ARM GAS  C:\Users\CALEBW~1\AppData\Local\Temp\ccjqYMsY.s 			page 30


 1364 058e 1B       		.byte	0x1b
 1365 058f AC000000 		.4byte	0xac
 1366 0593 05       		.uleb128 0x5
 1367 0594 03       		.byte	0x3
 1368 0595 00000000 		.4byte	timeInterval_ms
 1369 0599 13       		.uleb128 0x13
 1370 059a AC010000 		.4byte	.LASF33
 1371 059e 01       		.byte	0x1
 1372 059f 1C       		.byte	0x1c
 1373 05a0 99000000 		.4byte	0x99
 1374 05a4 05       		.uleb128 0x5
 1375 05a5 03       		.byte	0x3
 1376 05a6 00000000 		.4byte	distance_M1
 1377 05aa 13       		.uleb128 0x13
 1378 05ab DA020000 		.4byte	.LASF34
 1379 05af 01       		.byte	0x1
 1380 05b0 1D       		.byte	0x1d
 1381 05b1 99000000 		.4byte	0x99
 1382 05b5 05       		.uleb128 0x5
 1383 05b6 03       		.byte	0x3
 1384 05b7 00000000 		.4byte	distance_M2
 1385 05bb 13       		.uleb128 0x13
 1386 05bc 73020000 		.4byte	.LASF35
 1387 05c0 01       		.byte	0x1
 1388 05c1 1E       		.byte	0x1e
 1389 05c2 99000000 		.4byte	0x99
 1390 05c6 05       		.uleb128 0x5
 1391 05c7 03       		.byte	0x3
 1392 05c8 00000000 		.4byte	current_distance_M1
 1393 05cc 13       		.uleb128 0x13
 1394 05cd 87020000 		.4byte	.LASF36
 1395 05d1 01       		.byte	0x1
 1396 05d2 1F       		.byte	0x1f
 1397 05d3 99000000 		.4byte	0x99
 1398 05d7 05       		.uleb128 0x5
 1399 05d8 03       		.byte	0x3
 1400 05d9 00000000 		.4byte	current_distance_M2
 1401 05dd 13       		.uleb128 0x13
 1402 05de 00000000 		.4byte	.LASF37
 1403 05e2 01       		.byte	0x1
 1404 05e3 20       		.byte	0x20
 1405 05e4 99000000 		.4byte	0x99
 1406 05e8 05       		.uleb128 0x5
 1407 05e9 03       		.byte	0x3
 1408 05ea 00000000 		.4byte	target_diatance
 1409 05ee 13       		.uleb128 0x13
 1410 05ef D4000000 		.4byte	.LASF38
 1411 05f3 01       		.byte	0x1
 1412 05f4 21       		.byte	0x21
 1413 05f5 FF050000 		.4byte	0x5ff
 1414 05f9 05       		.uleb128 0x5
 1415 05fa 03       		.byte	0x3
 1416 05fb 00000000 		.4byte	speed_M1
 1417 05ff 12       		.uleb128 0x12
 1418 0600 99000000 		.4byte	0x99
 1419 0604 13       		.uleb128 0x13
 1420 0605 78030000 		.4byte	.LASF39
ARM GAS  C:\Users\CALEBW~1\AppData\Local\Temp\ccjqYMsY.s 			page 31


 1421 0609 01       		.byte	0x1
 1422 060a 22       		.byte	0x22
 1423 060b FF050000 		.4byte	0x5ff
 1424 060f 05       		.uleb128 0x5
 1425 0610 03       		.byte	0x3
 1426 0611 00000000 		.4byte	speed_M2
 1427 0615 13       		.uleb128 0x13
 1428 0616 1C000000 		.4byte	.LASF40
 1429 061a 01       		.byte	0x1
 1430 061b 23       		.byte	0x23
 1431 061c 8D000000 		.4byte	0x8d
 1432 0620 05       		.uleb128 0x5
 1433 0621 03       		.byte	0x3
 1434 0622 00000000 		.4byte	encoder_value_sum_M1
 1435 0626 13       		.uleb128 0x13
 1436 0627 31000000 		.4byte	.LASF41
 1437 062b 01       		.byte	0x1
 1438 062c 24       		.byte	0x24
 1439 062d 8D000000 		.4byte	0x8d
 1440 0631 05       		.uleb128 0x5
 1441 0632 03       		.byte	0x3
 1442 0633 00000000 		.4byte	encoder_value_sum_M2
 1443 0637 13       		.uleb128 0x13
 1444 0638 D2010000 		.4byte	.LASF42
 1445 063c 01       		.byte	0x1
 1446 063d 25       		.byte	0x25
 1447 063e 81000000 		.4byte	0x81
 1448 0642 05       		.uleb128 0x5
 1449 0643 03       		.byte	0x3
 1450 0644 00000000 		.4byte	counter
 1451 0648 13       		.uleb128 0x13
 1452 0649 5F030000 		.4byte	.LASF43
 1453 064d 01       		.byte	0x1
 1454 064e 26       		.byte	0x26
 1455 064f 59060000 		.4byte	0x659
 1456 0653 05       		.uleb128 0x5
 1457 0654 03       		.byte	0x3
 1458 0655 00000000 		.4byte	isTurning
 1459 0659 02       		.uleb128 0x2
 1460 065a 01       		.byte	0x1
 1461 065b 02       		.byte	0x2
 1462 065c D4020000 		.4byte	.LASF44
 1463 0660 13       		.uleb128 0x13
 1464 0661 5A000000 		.4byte	.LASF45
 1465 0665 01       		.byte	0x1
 1466 0666 2F       		.byte	0x2f
 1467 0667 ED000000 		.4byte	0xed
 1468 066b 05       		.uleb128 0x5
 1469 066c 03       		.byte	0x3
 1470 066d 00000000 		.4byte	current_state
 1471 0671 15       		.uleb128 0x15
 1472 0672 99010000 		.4byte	.LASF46
 1473 0676 99010000 		.4byte	.LASF46
 1474 067a 06       		.byte	0x6
 1475 067b C3       		.byte	0xc3
 1476 067c 15       		.uleb128 0x15
 1477 067d E8000000 		.4byte	.LASF47
ARM GAS  C:\Users\CALEBW~1\AppData\Local\Temp\ccjqYMsY.s 			page 32


 1478 0681 E8000000 		.4byte	.LASF47
 1479 0685 07       		.byte	0x7
 1480 0686 C3       		.byte	0xc3
 1481 0687 15       		.uleb128 0x15
 1482 0688 07030000 		.4byte	.LASF48
 1483 068c 07030000 		.4byte	.LASF48
 1484 0690 08       		.byte	0x8
 1485 0691 29       		.byte	0x29
 1486 0692 15       		.uleb128 0x15
 1487 0693 81030000 		.4byte	.LASF49
 1488 0697 81030000 		.4byte	.LASF49
 1489 069b 09       		.byte	0x9
 1490 069c 29       		.byte	0x29
 1491 069d 15       		.uleb128 0x15
 1492 069e 7E040000 		.4byte	.LASF50
 1493 06a2 7E040000 		.4byte	.LASF50
 1494 06a6 0A       		.byte	0xa
 1495 06a7 76       		.byte	0x76
 1496 06a8 15       		.uleb128 0x15
 1497 06a9 F4020000 		.4byte	.LASF51
 1498 06ad F4020000 		.4byte	.LASF51
 1499 06b1 0B       		.byte	0xb
 1500 06b2 29       		.byte	0x29
 1501 06b3 15       		.uleb128 0x15
 1502 06b4 B3000000 		.4byte	.LASF52
 1503 06b8 B3000000 		.4byte	.LASF52
 1504 06bc 0C       		.byte	0xc
 1505 06bd 29       		.byte	0x29
 1506 06be 15       		.uleb128 0x15
 1507 06bf 20010000 		.4byte	.LASF53
 1508 06c3 20010000 		.4byte	.LASF53
 1509 06c7 07       		.byte	0x7
 1510 06c8 C5       		.byte	0xc5
 1511 06c9 15       		.uleb128 0x15
 1512 06ca 20020000 		.4byte	.LASF54
 1513 06ce 20020000 		.4byte	.LASF54
 1514 06d2 06       		.byte	0x6
 1515 06d3 C5       		.byte	0xc5
 1516 06d4 15       		.uleb128 0x15
 1517 06d5 E6020000 		.4byte	.LASF55
 1518 06d9 E6020000 		.4byte	.LASF55
 1519 06dd 0D       		.byte	0xd
 1520 06de 5A       		.byte	0x5a
 1521 06df 15       		.uleb128 0x15
 1522 06e0 13020000 		.4byte	.LASF56
 1523 06e4 13020000 		.4byte	.LASF56
 1524 06e8 0E       		.byte	0xe
 1525 06e9 3F       		.byte	0x3f
 1526 06ea 15       		.uleb128 0x15
 1527 06eb 90040000 		.4byte	.LASF57
 1528 06ef 90040000 		.4byte	.LASF57
 1529 06f3 0F       		.byte	0xf
 1530 06f4 3F       		.byte	0x3f
 1531 06f5 15       		.uleb128 0x15
 1532 06f6 A0020000 		.4byte	.LASF58
 1533 06fa A0020000 		.4byte	.LASF58
 1534 06fe 10       		.byte	0x10
ARM GAS  C:\Users\CALEBW~1\AppData\Local\Temp\ccjqYMsY.s 			page 33


 1535 06ff 3F       		.byte	0x3f
 1536 0700 15       		.uleb128 0x15
 1537 0701 96000000 		.4byte	.LASF59
 1538 0705 96000000 		.4byte	.LASF59
 1539 0709 11       		.byte	0x11
 1540 070a 3F       		.byte	0x3f
 1541 070b 15       		.uleb128 0x15
 1542 070c 16030000 		.4byte	.LASF60
 1543 0710 16030000 		.4byte	.LASF60
 1544 0714 06       		.byte	0x6
 1545 0715 BE       		.byte	0xbe
 1546 0716 15       		.uleb128 0x15
 1547 0717 87010000 		.4byte	.LASF61
 1548 071b 87010000 		.4byte	.LASF61
 1549 071f 07       		.byte	0x7
 1550 0720 BE       		.byte	0xbe
 1551 0721 15       		.uleb128 0x15
 1552 0722 A3000000 		.4byte	.LASF62
 1553 0726 A3000000 		.4byte	.LASF62
 1554 072a 12       		.byte	0x12
 1555 072b 27       		.byte	0x27
 1556 072c 15       		.uleb128 0x15
 1557 072d 46000000 		.4byte	.LASF63
 1558 0731 46000000 		.4byte	.LASF63
 1559 0735 06       		.byte	0x6
 1560 0736 92       		.byte	0x92
 1561 0737 15       		.uleb128 0x15
 1562 0738 3E020000 		.4byte	.LASF64
 1563 073c 3E020000 		.4byte	.LASF64
 1564 0740 07       		.byte	0x7
 1565 0741 92       		.byte	0x92
 1566 0742 15       		.uleb128 0x15
 1567 0743 4E030000 		.4byte	.LASF65
 1568 0747 4E030000 		.4byte	.LASF65
 1569 074b 13       		.byte	0x13
 1570 074c 48       		.byte	0x48
 1571 074d 15       		.uleb128 0x15
 1572 074e 01010000 		.4byte	.LASF66
 1573 0752 01010000 		.4byte	.LASF66
 1574 0756 14       		.byte	0x14
 1575 0757 48       		.byte	0x48
 1576 0758 15       		.uleb128 0x15
 1577 0759 5D020000 		.4byte	.LASF67
 1578 075d 5D020000 		.4byte	.LASF67
 1579 0761 13       		.byte	0x13
 1580 0762 4F       		.byte	0x4f
 1581 0763 15       		.uleb128 0x15
 1582 0764 B6020000 		.4byte	.LASF68
 1583 0768 B6020000 		.4byte	.LASF68
 1584 076c 14       		.byte	0x14
 1585 076d 4F       		.byte	0x4f
 1586 076e 00       		.byte	0
 1587              		.section	.debug_abbrev,"",%progbits
 1588              	.Ldebug_abbrev0:
 1589 0000 01       		.uleb128 0x1
 1590 0001 11       		.uleb128 0x11
 1591 0002 01       		.byte	0x1
ARM GAS  C:\Users\CALEBW~1\AppData\Local\Temp\ccjqYMsY.s 			page 34


 1592 0003 25       		.uleb128 0x25
 1593 0004 0E       		.uleb128 0xe
 1594 0005 13       		.uleb128 0x13
 1595 0006 0B       		.uleb128 0xb
 1596 0007 03       		.uleb128 0x3
 1597 0008 0E       		.uleb128 0xe
 1598 0009 1B       		.uleb128 0x1b
 1599 000a 0E       		.uleb128 0xe
 1600 000b 55       		.uleb128 0x55
 1601 000c 17       		.uleb128 0x17
 1602 000d 11       		.uleb128 0x11
 1603 000e 01       		.uleb128 0x1
 1604 000f 10       		.uleb128 0x10
 1605 0010 17       		.uleb128 0x17
 1606 0011 00       		.byte	0
 1607 0012 00       		.byte	0
 1608 0013 02       		.uleb128 0x2
 1609 0014 24       		.uleb128 0x24
 1610 0015 00       		.byte	0
 1611 0016 0B       		.uleb128 0xb
 1612 0017 0B       		.uleb128 0xb
 1613 0018 3E       		.uleb128 0x3e
 1614 0019 0B       		.uleb128 0xb
 1615 001a 03       		.uleb128 0x3
 1616 001b 0E       		.uleb128 0xe
 1617 001c 00       		.byte	0
 1618 001d 00       		.byte	0
 1619 001e 03       		.uleb128 0x3
 1620 001f 16       		.uleb128 0x16
 1621 0020 00       		.byte	0
 1622 0021 03       		.uleb128 0x3
 1623 0022 0E       		.uleb128 0xe
 1624 0023 3A       		.uleb128 0x3a
 1625 0024 0B       		.uleb128 0xb
 1626 0025 3B       		.uleb128 0x3b
 1627 0026 0B       		.uleb128 0xb
 1628 0027 49       		.uleb128 0x49
 1629 0028 13       		.uleb128 0x13
 1630 0029 00       		.byte	0
 1631 002a 00       		.byte	0
 1632 002b 04       		.uleb128 0x4
 1633 002c 24       		.uleb128 0x24
 1634 002d 00       		.byte	0
 1635 002e 0B       		.uleb128 0xb
 1636 002f 0B       		.uleb128 0xb
 1637 0030 3E       		.uleb128 0x3e
 1638 0031 0B       		.uleb128 0xb
 1639 0032 03       		.uleb128 0x3
 1640 0033 08       		.uleb128 0x8
 1641 0034 00       		.byte	0
 1642 0035 00       		.byte	0
 1643 0036 05       		.uleb128 0x5
 1644 0037 16       		.uleb128 0x16
 1645 0038 00       		.byte	0
 1646 0039 03       		.uleb128 0x3
 1647 003a 0E       		.uleb128 0xe
 1648 003b 3A       		.uleb128 0x3a
ARM GAS  C:\Users\CALEBW~1\AppData\Local\Temp\ccjqYMsY.s 			page 35


 1649 003c 0B       		.uleb128 0xb
 1650 003d 3B       		.uleb128 0x3b
 1651 003e 05       		.uleb128 0x5
 1652 003f 49       		.uleb128 0x49
 1653 0040 13       		.uleb128 0x13
 1654 0041 00       		.byte	0
 1655 0042 00       		.byte	0
 1656 0043 06       		.uleb128 0x6
 1657 0044 04       		.uleb128 0x4
 1658 0045 01       		.byte	0x1
 1659 0046 0B       		.uleb128 0xb
 1660 0047 0B       		.uleb128 0xb
 1661 0048 49       		.uleb128 0x49
 1662 0049 13       		.uleb128 0x13
 1663 004a 3A       		.uleb128 0x3a
 1664 004b 0B       		.uleb128 0xb
 1665 004c 3B       		.uleb128 0x3b
 1666 004d 0B       		.uleb128 0xb
 1667 004e 01       		.uleb128 0x1
 1668 004f 13       		.uleb128 0x13
 1669 0050 00       		.byte	0
 1670 0051 00       		.byte	0
 1671 0052 07       		.uleb128 0x7
 1672 0053 28       		.uleb128 0x28
 1673 0054 00       		.byte	0
 1674 0055 03       		.uleb128 0x3
 1675 0056 0E       		.uleb128 0xe
 1676 0057 1C       		.uleb128 0x1c
 1677 0058 0B       		.uleb128 0xb
 1678 0059 00       		.byte	0
 1679 005a 00       		.byte	0
 1680 005b 08       		.uleb128 0x8
 1681 005c 2E       		.uleb128 0x2e
 1682 005d 01       		.byte	0x1
 1683 005e 3F       		.uleb128 0x3f
 1684 005f 19       		.uleb128 0x19
 1685 0060 03       		.uleb128 0x3
 1686 0061 0E       		.uleb128 0xe
 1687 0062 3A       		.uleb128 0x3a
 1688 0063 0B       		.uleb128 0xb
 1689 0064 3B       		.uleb128 0x3b
 1690 0065 0B       		.uleb128 0xb
 1691 0066 11       		.uleb128 0x11
 1692 0067 01       		.uleb128 0x1
 1693 0068 12       		.uleb128 0x12
 1694 0069 06       		.uleb128 0x6
 1695 006a 40       		.uleb128 0x40
 1696 006b 18       		.uleb128 0x18
 1697 006c 9742     		.uleb128 0x2117
 1698 006e 19       		.uleb128 0x19
 1699 006f 01       		.uleb128 0x1
 1700 0070 13       		.uleb128 0x13
 1701 0071 00       		.byte	0
 1702 0072 00       		.byte	0
 1703 0073 09       		.uleb128 0x9
 1704 0074 898201   		.uleb128 0x4109
 1705 0077 01       		.byte	0x1
ARM GAS  C:\Users\CALEBW~1\AppData\Local\Temp\ccjqYMsY.s 			page 36


 1706 0078 11       		.uleb128 0x11
 1707 0079 01       		.uleb128 0x1
 1708 007a 31       		.uleb128 0x31
 1709 007b 13       		.uleb128 0x13
 1710 007c 01       		.uleb128 0x1
 1711 007d 13       		.uleb128 0x13
 1712 007e 00       		.byte	0
 1713 007f 00       		.byte	0
 1714 0080 0A       		.uleb128 0xa
 1715 0081 8A8201   		.uleb128 0x410a
 1716 0084 00       		.byte	0
 1717 0085 02       		.uleb128 0x2
 1718 0086 18       		.uleb128 0x18
 1719 0087 9142     		.uleb128 0x2111
 1720 0089 18       		.uleb128 0x18
 1721 008a 00       		.byte	0
 1722 008b 00       		.byte	0
 1723 008c 0B       		.uleb128 0xb
 1724 008d 898201   		.uleb128 0x4109
 1725 0090 01       		.byte	0x1
 1726 0091 11       		.uleb128 0x11
 1727 0092 01       		.uleb128 0x1
 1728 0093 31       		.uleb128 0x31
 1729 0094 13       		.uleb128 0x13
 1730 0095 00       		.byte	0
 1731 0096 00       		.byte	0
 1732 0097 0C       		.uleb128 0xc
 1733 0098 898201   		.uleb128 0x4109
 1734 009b 00       		.byte	0
 1735 009c 11       		.uleb128 0x11
 1736 009d 01       		.uleb128 0x1
 1737 009e 31       		.uleb128 0x31
 1738 009f 13       		.uleb128 0x13
 1739 00a0 00       		.byte	0
 1740 00a1 00       		.byte	0
 1741 00a2 0D       		.uleb128 0xd
 1742 00a3 2E       		.uleb128 0x2e
 1743 00a4 01       		.byte	0x1
 1744 00a5 3F       		.uleb128 0x3f
 1745 00a6 19       		.uleb128 0x19
 1746 00a7 03       		.uleb128 0x3
 1747 00a8 0E       		.uleb128 0xe
 1748 00a9 3A       		.uleb128 0x3a
 1749 00aa 0B       		.uleb128 0xb
 1750 00ab 3B       		.uleb128 0x3b
 1751 00ac 0B       		.uleb128 0xb
 1752 00ad 11       		.uleb128 0x11
 1753 00ae 01       		.uleb128 0x1
 1754 00af 12       		.uleb128 0x12
 1755 00b0 06       		.uleb128 0x6
 1756 00b1 40       		.uleb128 0x40
 1757 00b2 18       		.uleb128 0x18
 1758 00b3 9642     		.uleb128 0x2116
 1759 00b5 19       		.uleb128 0x19
 1760 00b6 01       		.uleb128 0x1
 1761 00b7 13       		.uleb128 0x13
 1762 00b8 00       		.byte	0
ARM GAS  C:\Users\CALEBW~1\AppData\Local\Temp\ccjqYMsY.s 			page 37


 1763 00b9 00       		.byte	0
 1764 00ba 0E       		.uleb128 0xe
 1765 00bb 2E       		.uleb128 0x2e
 1766 00bc 01       		.byte	0x1
 1767 00bd 3F       		.uleb128 0x3f
 1768 00be 19       		.uleb128 0x19
 1769 00bf 03       		.uleb128 0x3
 1770 00c0 0E       		.uleb128 0xe
 1771 00c1 3A       		.uleb128 0x3a
 1772 00c2 0B       		.uleb128 0xb
 1773 00c3 3B       		.uleb128 0x3b
 1774 00c4 0B       		.uleb128 0xb
 1775 00c5 27       		.uleb128 0x27
 1776 00c6 19       		.uleb128 0x19
 1777 00c7 11       		.uleb128 0x11
 1778 00c8 01       		.uleb128 0x1
 1779 00c9 12       		.uleb128 0x12
 1780 00ca 06       		.uleb128 0x6
 1781 00cb 40       		.uleb128 0x40
 1782 00cc 18       		.uleb128 0x18
 1783 00cd 9742     		.uleb128 0x2117
 1784 00cf 19       		.uleb128 0x19
 1785 00d0 01       		.uleb128 0x1
 1786 00d1 13       		.uleb128 0x13
 1787 00d2 00       		.byte	0
 1788 00d3 00       		.byte	0
 1789 00d4 0F       		.uleb128 0xf
 1790 00d5 05       		.uleb128 0x5
 1791 00d6 00       		.byte	0
 1792 00d7 03       		.uleb128 0x3
 1793 00d8 0E       		.uleb128 0xe
 1794 00d9 3A       		.uleb128 0x3a
 1795 00da 0B       		.uleb128 0xb
 1796 00db 3B       		.uleb128 0x3b
 1797 00dc 0B       		.uleb128 0xb
 1798 00dd 49       		.uleb128 0x49
 1799 00de 13       		.uleb128 0x13
 1800 00df 02       		.uleb128 0x2
 1801 00e0 18       		.uleb128 0x18
 1802 00e1 00       		.byte	0
 1803 00e2 00       		.byte	0
 1804 00e3 10       		.uleb128 0x10
 1805 00e4 2E       		.uleb128 0x2e
 1806 00e5 01       		.byte	0x1
 1807 00e6 3F       		.uleb128 0x3f
 1808 00e7 19       		.uleb128 0x19
 1809 00e8 03       		.uleb128 0x3
 1810 00e9 0E       		.uleb128 0xe
 1811 00ea 3A       		.uleb128 0x3a
 1812 00eb 0B       		.uleb128 0xb
 1813 00ec 3B       		.uleb128 0x3b
 1814 00ed 0B       		.uleb128 0xb
 1815 00ee 27       		.uleb128 0x27
 1816 00ef 19       		.uleb128 0x19
 1817 00f0 49       		.uleb128 0x49
 1818 00f1 13       		.uleb128 0x13
 1819 00f2 8701     		.uleb128 0x87
ARM GAS  C:\Users\CALEBW~1\AppData\Local\Temp\ccjqYMsY.s 			page 38


 1820 00f4 19       		.uleb128 0x19
 1821 00f5 11       		.uleb128 0x11
 1822 00f6 01       		.uleb128 0x1
 1823 00f7 12       		.uleb128 0x12
 1824 00f8 06       		.uleb128 0x6
 1825 00f9 40       		.uleb128 0x40
 1826 00fa 18       		.uleb128 0x18
 1827 00fb 9742     		.uleb128 0x2117
 1828 00fd 19       		.uleb128 0x19
 1829 00fe 01       		.uleb128 0x1
 1830 00ff 13       		.uleb128 0x13
 1831 0100 00       		.byte	0
 1832 0101 00       		.byte	0
 1833 0102 11       		.uleb128 0x11
 1834 0103 34       		.uleb128 0x34
 1835 0104 00       		.byte	0
 1836 0105 03       		.uleb128 0x3
 1837 0106 0E       		.uleb128 0xe
 1838 0107 3A       		.uleb128 0x3a
 1839 0108 0B       		.uleb128 0xb
 1840 0109 3B       		.uleb128 0x3b
 1841 010a 05       		.uleb128 0x5
 1842 010b 49       		.uleb128 0x49
 1843 010c 13       		.uleb128 0x13
 1844 010d 3F       		.uleb128 0x3f
 1845 010e 19       		.uleb128 0x19
 1846 010f 3C       		.uleb128 0x3c
 1847 0110 19       		.uleb128 0x19
 1848 0111 00       		.byte	0
 1849 0112 00       		.byte	0
 1850 0113 12       		.uleb128 0x12
 1851 0114 35       		.uleb128 0x35
 1852 0115 00       		.byte	0
 1853 0116 49       		.uleb128 0x49
 1854 0117 13       		.uleb128 0x13
 1855 0118 00       		.byte	0
 1856 0119 00       		.byte	0
 1857 011a 13       		.uleb128 0x13
 1858 011b 34       		.uleb128 0x34
 1859 011c 00       		.byte	0
 1860 011d 03       		.uleb128 0x3
 1861 011e 0E       		.uleb128 0xe
 1862 011f 3A       		.uleb128 0x3a
 1863 0120 0B       		.uleb128 0xb
 1864 0121 3B       		.uleb128 0x3b
 1865 0122 0B       		.uleb128 0xb
 1866 0123 49       		.uleb128 0x49
 1867 0124 13       		.uleb128 0x13
 1868 0125 3F       		.uleb128 0x3f
 1869 0126 19       		.uleb128 0x19
 1870 0127 02       		.uleb128 0x2
 1871 0128 18       		.uleb128 0x18
 1872 0129 00       		.byte	0
 1873 012a 00       		.byte	0
 1874 012b 14       		.uleb128 0x14
 1875 012c 34       		.uleb128 0x34
 1876 012d 00       		.byte	0
ARM GAS  C:\Users\CALEBW~1\AppData\Local\Temp\ccjqYMsY.s 			page 39


 1877 012e 03       		.uleb128 0x3
 1878 012f 08       		.uleb128 0x8
 1879 0130 3A       		.uleb128 0x3a
 1880 0131 0B       		.uleb128 0xb
 1881 0132 3B       		.uleb128 0x3b
 1882 0133 0B       		.uleb128 0xb
 1883 0134 49       		.uleb128 0x49
 1884 0135 13       		.uleb128 0x13
 1885 0136 3F       		.uleb128 0x3f
 1886 0137 19       		.uleb128 0x19
 1887 0138 02       		.uleb128 0x2
 1888 0139 18       		.uleb128 0x18
 1889 013a 00       		.byte	0
 1890 013b 00       		.byte	0
 1891 013c 15       		.uleb128 0x15
 1892 013d 2E       		.uleb128 0x2e
 1893 013e 00       		.byte	0
 1894 013f 3F       		.uleb128 0x3f
 1895 0140 19       		.uleb128 0x19
 1896 0141 3C       		.uleb128 0x3c
 1897 0142 19       		.uleb128 0x19
 1898 0143 6E       		.uleb128 0x6e
 1899 0144 0E       		.uleb128 0xe
 1900 0145 03       		.uleb128 0x3
 1901 0146 0E       		.uleb128 0xe
 1902 0147 3A       		.uleb128 0x3a
 1903 0148 0B       		.uleb128 0xb
 1904 0149 3B       		.uleb128 0x3b
 1905 014a 0B       		.uleb128 0xb
 1906 014b 00       		.byte	0
 1907 014c 00       		.byte	0
 1908 014d 00       		.byte	0
 1909              		.section	.debug_aranges,"",%progbits
 1910 0000 44000000 		.4byte	0x44
 1911 0004 0200     		.2byte	0x2
 1912 0006 00000000 		.4byte	.Ldebug_info0
 1913 000a 04       		.byte	0x4
 1914 000b 00       		.byte	0
 1915 000c 0000     		.2byte	0
 1916 000e 0000     		.2byte	0
 1917 0010 00000000 		.4byte	.LFB64
 1918 0014 10000000 		.4byte	.LFE64-.LFB64
 1919 0018 00000000 		.4byte	.LFB65
 1920 001c 70000000 		.4byte	.LFE65-.LFB65
 1921 0020 00000000 		.4byte	.LFB66
 1922 0024 78000000 		.4byte	.LFE66-.LFB66
 1923 0028 00000000 		.4byte	.LFB67
 1924 002c 78000000 		.4byte	.LFE67-.LFB67
 1925 0030 00000000 		.4byte	.LFB68
 1926 0034 10000000 		.4byte	.LFE68-.LFB68
 1927 0038 00000000 		.4byte	.LFB69
 1928 003c 18010000 		.4byte	.LFE69-.LFB69
 1929 0040 00000000 		.4byte	0
 1930 0044 00000000 		.4byte	0
 1931              		.section	.debug_ranges,"",%progbits
 1932              	.Ldebug_ranges0:
 1933 0000 00000000 		.4byte	.LFB64
ARM GAS  C:\Users\CALEBW~1\AppData\Local\Temp\ccjqYMsY.s 			page 40


 1934 0004 10000000 		.4byte	.LFE64
 1935 0008 00000000 		.4byte	.LFB65
 1936 000c 70000000 		.4byte	.LFE65
 1937 0010 00000000 		.4byte	.LFB66
 1938 0014 78000000 		.4byte	.LFE66
 1939 0018 00000000 		.4byte	.LFB67
 1940 001c 78000000 		.4byte	.LFE67
 1941 0020 00000000 		.4byte	.LFB68
 1942 0024 10000000 		.4byte	.LFE68
 1943 0028 00000000 		.4byte	.LFB69
 1944 002c 18010000 		.4byte	.LFE69
 1945 0030 00000000 		.4byte	0
 1946 0034 00000000 		.4byte	0
 1947              		.section	.debug_line,"",%progbits
 1948              	.Ldebug_line0:
 1949 0000 22030000 		.section	.debug_str,"MS",%progbits,1
 1949      02001D02 
 1949      00000201 
 1949      FB0E0D00 
 1949      01010101 
 1950              	.LASF37:
 1951 0000 74617267 		.ascii	"target_diatance\000"
 1951      65745F64 
 1951      69617461 
 1951      6E636500 
 1952              	.LASF19:
 1953 0010 474F5F53 		.ascii	"GO_STRAIGHT\000"
 1953      54524149 
 1953      47485400 
 1954              	.LASF40:
 1955 001c 656E636F 		.ascii	"encoder_value_sum_M1\000"
 1955      6465725F 
 1955      76616C75 
 1955      655F7375 
 1955      6D5F4D31 
 1956              	.LASF41:
 1957 0031 656E636F 		.ascii	"encoder_value_sum_M2\000"
 1957      6465725F 
 1957      76616C75 
 1957      655F7375 
 1957      6D5F4D32 
 1958              	.LASF63:
 1959 0046 50574D5F 		.ascii	"PWM_1_Start\000"
 1959      315F5374 
 1959      61727400 
 1960              	.LASF13:
 1961 0052 666C6F61 		.ascii	"float32\000"
 1961      74333200 
 1962              	.LASF45:
 1963 005a 63757272 		.ascii	"current_state\000"
 1963      656E745F 
 1963      73746174 
 1963      6500
 1964              	.LASF2:
 1965 0068 73686F72 		.ascii	"short int\000"
 1965      7420696E 
 1965      7400
ARM GAS  C:\Users\CALEBW~1\AppData\Local\Temp\ccjqYMsY.s 			page 41


 1966              	.LASF18:
 1967 0072 73697A65 		.ascii	"sizetype\000"
 1967      74797065 
 1967      00
 1968              	.LASF74:
 1969 007b 6D61696E 		.ascii	"main\000"
 1969      00
 1970              	.LASF31:
 1971 0080 77686565 		.ascii	"wheelCircumference_cm\000"
 1971      6C436972 
 1971      63756D66 
 1971      6572656E 
 1971      63655F63 
 1972              	.LASF59:
 1973 0096 436F6D70 		.ascii	"Comp_3_Start\000"
 1973      5F335F53 
 1973      74617274 
 1973      00
 1974              	.LASF62:
 1975 00a3 436C6F63 		.ascii	"Clock_PWM_Start\000"
 1975      6B5F5057 
 1975      4D5F5374 
 1975      61727400 
 1976              	.LASF52:
 1977 00b3 536F7574 		.ascii	"Sout_Right_Read\000"
 1977      5F526967 
 1977      68745F52 
 1977      65616400 
 1978              	.LASF23:
 1979 00c3 526F626F 		.ascii	"RobotState\000"
 1979      74537461 
 1979      746500
 1980              	.LASF11:
 1981 00ce 75696E74 		.ascii	"uint8\000"
 1981      3800
 1982              	.LASF38:
 1983 00d4 73706565 		.ascii	"speed_M1\000"
 1983      645F4D31 
 1983      00
 1984              	.LASF27:
 1985 00dd 676F5374 		.ascii	"goStraight\000"
 1985      72616967 
 1985      687400
 1986              	.LASF47:
 1987 00e8 50574D5F 		.ascii	"PWM_2_WriteCompare\000"
 1987      325F5772 
 1987      69746543 
 1987      6F6D7061 
 1987      726500
 1988              	.LASF14:
 1989 00fb 666C6F61 		.ascii	"float\000"
 1989      7400
 1990              	.LASF66:
 1991 0101 51756164 		.ascii	"QuadDec_M2_Start\000"
 1991      4465635F 
 1991      4D325F53 
 1991      74617274 
ARM GAS  C:\Users\CALEBW~1\AppData\Local\Temp\ccjqYMsY.s 			page 42


 1991      00
 1992              	.LASF6:
 1993 0112 6C6F6E67 		.ascii	"long long int\000"
 1993      206C6F6E 
 1993      6720696E 
 1993      7400
 1994              	.LASF53:
 1995 0120 50574D5F 		.ascii	"PWM_2_ReadCompare\000"
 1995      325F5265 
 1995      6164436F 
 1995      6D706172 
 1995      6500
 1996              	.LASF20:
 1997 0132 5455524E 		.ascii	"TURN_LEFT\000"
 1997      5F4C4546 
 1997      5400
 1998              	.LASF16:
 1999 013c 63686172 		.ascii	"char\000"
 1999      00
 2000              	.LASF4:
 2001 0141 6C6F6E67 		.ascii	"long int\000"
 2001      20696E74 
 2001      00
 2002              	.LASF21:
 2003 014a 5455524E 		.ascii	"TURN_RIGHT\000"
 2003      5F524947 
 2003      485400
 2004              	.LASF32:
 2005 0155 74696D65 		.ascii	"timeInterval_ms\000"
 2005      496E7465 
 2005      7276616C 
 2005      5F6D7300 
 2006              	.LASF29:
 2007 0165 656E636F 		.ascii	"encoderCounts_M1\000"
 2007      64657243 
 2007      6F756E74 
 2007      735F4D31 
 2007      00
 2008              	.LASF30:
 2009 0176 656E636F 		.ascii	"encoderCounts_M2\000"
 2009      64657243 
 2009      6F756E74 
 2009      735F4D32 
 2009      00
 2010              	.LASF61:
 2011 0187 50574D5F 		.ascii	"PWM_2_WritePeriod\000"
 2011      325F5772 
 2011      69746550 
 2011      6572696F 
 2011      6400
 2012              	.LASF46:
 2013 0199 50574D5F 		.ascii	"PWM_1_WriteCompare\000"
 2013      315F5772 
 2013      69746543 
 2013      6F6D7061 
 2013      726500
 2014              	.LASF33:
ARM GAS  C:\Users\CALEBW~1\AppData\Local\Temp\ccjqYMsY.s 			page 43


 2015 01ac 64697374 		.ascii	"distance_M1\000"
 2015      616E6365 
 2015      5F4D3100 
 2016              	.LASF17:
 2017 01b8 6C6F6E67 		.ascii	"long double\000"
 2017      20646F75 
 2017      626C6500 
 2018              	.LASF1:
 2019 01c4 756E7369 		.ascii	"unsigned char\000"
 2019      676E6564 
 2019      20636861 
 2019      7200
 2020              	.LASF42:
 2021 01d2 636F756E 		.ascii	"counter\000"
 2021      74657200 
 2022              	.LASF25:
 2023 01da 7475726E 		.ascii	"turnLeft\000"
 2023      4C656674 
 2023      00
 2024              	.LASF0:
 2025 01e3 7369676E 		.ascii	"signed char\000"
 2025      65642063 
 2025      68617200 
 2026              	.LASF7:
 2027 01ef 6C6F6E67 		.ascii	"long long unsigned int\000"
 2027      206C6F6E 
 2027      6720756E 
 2027      7369676E 
 2027      65642069 
 2028              	.LASF8:
 2029 0206 756E7369 		.ascii	"unsigned int\000"
 2029      676E6564 
 2029      20696E74 
 2029      00
 2030              	.LASF56:
 2031 0213 436F6D70 		.ascii	"Comp_0_Start\000"
 2031      5F305F53 
 2031      74617274 
 2031      00
 2032              	.LASF54:
 2033 0220 50574D5F 		.ascii	"PWM_1_ReadCompare\000"
 2033      315F5265 
 2033      6164436F 
 2033      6D706172 
 2033      6500
 2034              	.LASF72:
 2035 0232 676F5F64 		.ascii	"go_distance\000"
 2035      69737461 
 2035      6E636500 
 2036              	.LASF64:
 2037 023e 50574D5F 		.ascii	"PWM_2_Start\000"
 2037      325F5374 
 2037      61727400 
 2038              	.LASF3:
 2039 024a 73686F72 		.ascii	"short unsigned int\000"
 2039      7420756E 
 2039      7369676E 
ARM GAS  C:\Users\CALEBW~1\AppData\Local\Temp\ccjqYMsY.s 			page 44


 2039      65642069 
 2039      6E7400
 2040              	.LASF67:
 2041 025d 51756164 		.ascii	"QuadDec_M1_SetCounter\000"
 2041      4465635F 
 2041      4D315F53 
 2041      6574436F 
 2041      756E7465 
 2042              	.LASF35:
 2043 0273 63757272 		.ascii	"current_distance_M1\000"
 2043      656E745F 
 2043      64697374 
 2043      616E6365 
 2043      5F4D3100 
 2044              	.LASF36:
 2045 0287 63757272 		.ascii	"current_distance_M2\000"
 2045      656E745F 
 2045      64697374 
 2045      616E6365 
 2045      5F4D3200 
 2046              	.LASF24:
 2047 029b 73746F70 		.ascii	"stop\000"
 2047      00
 2048              	.LASF58:
 2049 02a0 436F6D70 		.ascii	"Comp_2_Start\000"
 2049      5F325F53 
 2049      74617274 
 2049      00
 2050              	.LASF73:
 2051 02ad 64697374 		.ascii	"distance\000"
 2051      616E6365 
 2051      00
 2052              	.LASF68:
 2053 02b6 51756164 		.ascii	"QuadDec_M2_SetCounter\000"
 2053      4465635F 
 2053      4D325F53 
 2053      6574436F 
 2053      756E7465 
 2054              	.LASF10:
 2055 02cc 696E7433 		.ascii	"int32_t\000"
 2055      325F7400 
 2056              	.LASF44:
 2057 02d4 5F426F6F 		.ascii	"_Bool\000"
 2057      6C00
 2058              	.LASF34:
 2059 02da 64697374 		.ascii	"distance_M2\000"
 2059      616E6365 
 2059      5F4D3200 
 2060              	.LASF55:
 2061 02e6 54696D65 		.ascii	"Timer_1_Start\000"
 2061      725F315F 
 2061      53746172 
 2061      7400
 2062              	.LASF51:
 2063 02f4 536F7574 		.ascii	"Sout_MidRight_Read\000"
 2063      5F4D6964 
 2063      52696768 
ARM GAS  C:\Users\CALEBW~1\AppData\Local\Temp\ccjqYMsY.s 			page 45


 2063      745F5265 
 2063      616400
 2064              	.LASF48:
 2065 0307 536F7574 		.ascii	"Sout_Left_Read\000"
 2065      5F4C6566 
 2065      745F5265 
 2065      616400
 2066              	.LASF60:
 2067 0316 50574D5F 		.ascii	"PWM_1_WritePeriod\000"
 2067      315F5772 
 2067      69746550 
 2067      6572696F 
 2067      6400
 2068              	.LASF70:
 2069 0328 6D61696E 		.ascii	"main.c\000"
 2069      2E6300
 2070              	.LASF5:
 2071 032f 6C6F6E67 		.ascii	"long unsigned int\000"
 2071      20756E73 
 2071      69676E65 
 2071      6420696E 
 2071      7400
 2072              	.LASF12:
 2073 0341 696E7433 		.ascii	"int32\000"
 2073      3200
 2074              	.LASF15:
 2075 0347 646F7562 		.ascii	"double\000"
 2075      6C6500
 2076              	.LASF65:
 2077 034e 51756164 		.ascii	"QuadDec_M1_Start\000"
 2077      4465635F 
 2077      4D315F53 
 2077      74617274 
 2077      00
 2078              	.LASF43:
 2079 035f 69735475 		.ascii	"isTurning\000"
 2079      726E696E 
 2079      6700
 2080              	.LASF9:
 2081 0369 5F5F696E 		.ascii	"__int32_t\000"
 2081      7433325F 
 2081      7400
 2082              	.LASF22:
 2083 0373 53544F50 		.ascii	"STOP\000"
 2083      00
 2084              	.LASF39:
 2085 0378 73706565 		.ascii	"speed_M2\000"
 2085      645F4D32 
 2085      00
 2086              	.LASF49:
 2087 0381 536F7574 		.ascii	"Sout_MidLeft_Read\000"
 2087      5F4D6964 
 2087      4C656674 
 2087      5F526561 
 2087      6400
 2088              	.LASF28:
 2089 0393 49544D5F 		.ascii	"ITM_RxBuffer\000"
ARM GAS  C:\Users\CALEBW~1\AppData\Local\Temp\ccjqYMsY.s 			page 46


 2089      52784275 
 2089      66666572 
 2089      00
 2090              	.LASF69:
 2091 03a0 474E5520 		.ascii	"GNU C11 5.4.1 20160609 (release) [ARM/embedded-5-br"
 2091      43313120 
 2091      352E342E 
 2091      31203230 
 2091      31363036 
 2092 03d3 616E6368 		.ascii	"anch revision 237715] -mcpu=cortex-m3 -mthumb -g -O"
 2092      20726576 
 2092      6973696F 
 2092      6E203233 
 2092      37373135 
 2093 0406 67202D66 		.ascii	"g -ffunction-sections -ffat-lto-objects\000"
 2093      66756E63 
 2093      74696F6E 
 2093      2D736563 
 2093      74696F6E 
 2094              	.LASF71:
 2095 042e 433A5C55 		.ascii	"C:\\Users\\Caleb Wong\\Documents\\COMPSYS 301\\Robo"
 2095      73657273 
 2095      5C43616C 
 2095      65622057 
 2095      6F6E675C 
 2096 045c 745F6C69 		.ascii	"t_line\\RobotLine\\Robot_Line.cydsn\000"
 2096      6E655C52 
 2096      6F626F74 
 2096      4C696E65 
 2096      5C526F62 
 2097              	.LASF50:
 2098 047e 43794465 		.ascii	"CyDelay\000"
 2098      6C617900 
 2099              	.LASF26:
 2100 0486 7475726E 		.ascii	"turnRight\000"
 2100      52696768 
 2100      7400
 2101              	.LASF57:
 2102 0490 436F6D70 		.ascii	"Comp_1_Start\000"
 2102      5F315F53 
 2102      74617274 
 2102      00
 2103              		.ident	"GCC: (GNU Tools for ARM Embedded Processors) 5.4.1 20160609 (release) [ARM/embedded-5-bran
