ARM GAS  C:\Users\ukul426\AppData\Local\Temp\cccO6XE6.s 			page 1


   1              		.syntax unified
   2              		.cpu cortex-m3
   3              		.fpu softvfp
   4              		.eabi_attribute 20, 1
   5              		.eabi_attribute 21, 1
   6              		.eabi_attribute 23, 3
   7              		.eabi_attribute 24, 1
   8              		.eabi_attribute 25, 1
   9              		.eabi_attribute 26, 1
  10              		.eabi_attribute 30, 1
  11              		.eabi_attribute 34, 1
  12              		.eabi_attribute 18, 4
  13              		.thumb
  14              		.syntax unified
  15              		.file	"cymetadata.c"
  16              		.text
  17              	.Ltext0:
  18              		.cfi_sections	.debug_frame
  19              		.global	cy_metadata
  20              		.global	cy_meta_flashprotect
  21              		.global	cy_meta_wonvl
  22              		.global	cy_meta_custnvl
  23              		.global	cy_meta_configecc
  24              		.section	.cyconfigecc,"a",%progbits
  25              		.align	2
  26              		.type	cy_meta_configecc, %object
  27              		.size	cy_meta_configecc, 2084
  28              	cy_meta_configecc:
  29 0000 01       		.byte	1
  30 0001 45       		.byte	69
  31 0002 00       		.byte	0
  32 0003 40       		.byte	64
  33 0004 06       		.byte	6
  34 0005 4F       		.byte	79
  35 0006 00       		.byte	0
  36 0007 40       		.byte	64
  37 0008 06       		.byte	6
  38 0009 52       		.byte	82
  39 000a 00       		.byte	0
  40 000b 40       		.byte	64
  41 000c 04       		.byte	4
  42 000d 64       		.byte	100
  43 000e 00       		.byte	0
  44 000f 40       		.byte	64
  45 0010 02       		.byte	2
  46 0011 65       		.byte	101
  47 0012 00       		.byte	0
  48 0013 40       		.byte	64
  49 0014 61       		.byte	97
  50 0015 02       		.byte	2
  51 0016 01       		.byte	1
  52 0017 40       		.byte	64
  53 0018 33       		.byte	51
  54 0019 03       		.byte	3
  55 001a 01       		.byte	1
  56 001b 40       		.byte	64
  57 001c 3D       		.byte	61
ARM GAS  C:\Users\ukul426\AppData\Local\Temp\cccO6XE6.s 			page 2


  58 001d 04       		.byte	4
  59 001e 01       		.byte	1
  60 001f 40       		.byte	64
  61 0020 43       		.byte	67
  62 0021 05       		.byte	5
  63 0022 01       		.byte	1
  64 0023 40       		.byte	64
  65 0024 6F       		.byte	111
  66 0025 06       		.byte	6
  67 0026 01       		.byte	1
  68 0027 40       		.byte	64
  69 0028 4A       		.byte	74
  70 0029 07       		.byte	7
  71 002a 01       		.byte	1
  72 002b 40       		.byte	64
  73 002c 28       		.byte	40
  74 002d 08       		.byte	8
  75 002e 01       		.byte	1
  76 002f 40       		.byte	64
  77 0030 1C       		.byte	28
  78 0031 09       		.byte	9
  79 0032 01       		.byte	1
  80 0033 40       		.byte	64
  81 0034 01       		.byte	1
  82 0035 0B       		.byte	11
  83 0036 01       		.byte	1
  84 0037 40       		.byte	64
  85 0038 04       		.byte	4
  86 0039 0D       		.byte	13
  87 003a 01       		.byte	1
  88 003b 40       		.byte	64
  89 003c 3C       		.byte	60
  90 003d 14       		.byte	20
  91 003e 01       		.byte	1
  92 003f 40       		.byte	64
  93 0040 39       		.byte	57
  94 0041 15       		.byte	21
  95 0042 01       		.byte	1
  96 0043 40       		.byte	64
  97 0044 48       		.byte	72
  98 0045 16       		.byte	22
  99 0046 01       		.byte	1
 100 0047 40       		.byte	64
 101 0048 4D       		.byte	77
 102 0049 17       		.byte	23
 103 004a 01       		.byte	1
 104 004b 40       		.byte	64
 105 004c 04       		.byte	4
 106 004d 18       		.byte	24
 107 004e 01       		.byte	1
 108 004f 40       		.byte	64
 109 0050 07       		.byte	7
 110 0051 19       		.byte	25
 111 0052 01       		.byte	1
 112 0053 40       		.byte	64
 113 0054 05       		.byte	5
 114 0055 1B       		.byte	27
ARM GAS  C:\Users\ukul426\AppData\Local\Temp\cccO6XE6.s 			page 3


 115 0056 01       		.byte	1
 116 0057 40       		.byte	64
 117 0058 07       		.byte	7
 118 0059 40       		.byte	64
 119 005a 01       		.byte	1
 120 005b 40       		.byte	64
 121 005c 0A       		.byte	10
 122 005d 41       		.byte	65
 123 005e 01       		.byte	1
 124 005f 40       		.byte	64
 125 0060 04       		.byte	4
 126 0061 42       		.byte	66
 127 0062 01       		.byte	1
 128 0063 40       		.byte	64
 129 0064 09       		.byte	9
 130 0065 43       		.byte	67
 131 0066 01       		.byte	1
 132 0067 40       		.byte	64
 133 0068 02       		.byte	2
 134 0069 44       		.byte	68
 135 006a 01       		.byte	1
 136 006b 40       		.byte	64
 137 006c 04       		.byte	4
 138 006d 45       		.byte	69
 139 006e 01       		.byte	1
 140 006f 40       		.byte	64
 141 0070 02       		.byte	2
 142 0071 46       		.byte	70
 143 0072 01       		.byte	1
 144 0073 40       		.byte	64
 145 0074 05       		.byte	5
 146 0075 47       		.byte	71
 147 0076 01       		.byte	1
 148 0077 40       		.byte	64
 149 0078 14       		.byte	20
 150 0079 48       		.byte	72
 151 007a 01       		.byte	1
 152 007b 40       		.byte	64
 153 007c 14       		.byte	20
 154 007d 49       		.byte	73
 155 007e 01       		.byte	1
 156 007f 40       		.byte	64
 157 0080 0A       		.byte	10
 158 0081 4C       		.byte	76
 159 0082 01       		.byte	1
 160 0083 40       		.byte	64
 161 0084 07       		.byte	7
 162 0085 4D       		.byte	77
 163 0086 01       		.byte	1
 164 0087 40       		.byte	64
 165 0088 06       		.byte	6
 166 0089 50       		.byte	80
 167 008a 01       		.byte	1
 168 008b 40       		.byte	64
 169 008c 02       		.byte	2
 170 008d 51       		.byte	81
 171 008e 01       		.byte	1
ARM GAS  C:\Users\ukul426\AppData\Local\Temp\cccO6XE6.s 			page 4


 172 008f 40       		.byte	64
 173 0090 7E       		.byte	126
 174 0091 02       		.byte	2
 175 0092 01       		.byte	1
 176 0093 10       		.byte	16
 177 0094 0A       		.byte	10
 178 0095 36       		.byte	54
 179 0096 0D       		.byte	13
 180 0097 10       		.byte	16
 181 0098 16       		.byte	22
 182 0099 1B       		.byte	27
 183 009a 19       		.byte	25
 184 009b 80       		.byte	-128
 185 009c 22       		.byte	34
 186 009d 36       		.byte	54
 187 009e 08       		.byte	8
 188 009f 40       		.byte	64
 189 00a0 09       		.byte	9
 190 00a1 80       		.byte	-128
 191 00a2 1C       		.byte	28
 192 00a3 C0       		.byte	-64
 193 00a4 78       		.byte	120
 194 00a5 19       		.byte	25
 195 00a6 79       		.byte	121
 196 00a7 1C       		.byte	28
 197 00a8 7C       		.byte	124
 198 00a9 40       		.byte	64
 199 00aa 79       		.byte	121
 200 00ab 03       		.byte	3
 201 00ac 82       		.byte	-126
 202 00ad 0F       		.byte	15
 203 00ae 84       		.byte	-124
 204 00af 6F       		.byte	111
 205 00b0 85       		.byte	-123
 206 00b1 6F       		.byte	111
 207 00b2 76       		.byte	118
 208 00b3 03       		.byte	3
 209 00b4 87       		.byte	-121
 210 00b5 0F       		.byte	15
 211 00b6 00       		.byte	0
 212 00b7 03       		.byte	3
 213 00b8 01       		.byte	1
 214 00b9 02       		.byte	2
 215 00ba 03       		.byte	3
 216 00bb 01       		.byte	1
 217 00bc 10       		.byte	16
 218 00bd 04       		.byte	4
 219 00be 14       		.byte	20
 220 00bf 01       		.byte	1
 221 00c0 1A       		.byte	26
 222 00c1 0C       		.byte	12
 223 00c2 1C       		.byte	28
 224 00c3 03       		.byte	3
 225 00c4 1F       		.byte	31
 226 00c5 03       		.byte	3
 227 00c6 29       		.byte	41
 228 00c7 03       		.byte	3
ARM GAS  C:\Users\ukul426\AppData\Local\Temp\cccO6XE6.s 			page 5


 229 00c8 2E       		.byte	46
 230 00c9 04       		.byte	4
 231 00ca 30       		.byte	48
 232 00cb 08       		.byte	8
 233 00cc 31       		.byte	49
 234 00cd 01       		.byte	1
 235 00ce 32       		.byte	50
 236 00cf 04       		.byte	4
 237 00d0 33       		.byte	51
 238 00d1 02       		.byte	2
 239 00d2 34       		.byte	52
 240 00d3 01       		.byte	1
 241 00d4 36       		.byte	54
 242 00d5 02       		.byte	2
 243 00d6 38       		.byte	56
 244 00d7 A0       		.byte	-96
 245 00d8 3E       		.byte	62
 246 00d9 14       		.byte	20
 247 00da 3F       		.byte	63
 248 00db 05       		.byte	5
 249 00dc 40       		.byte	64
 250 00dd 32       		.byte	50
 251 00de 41       		.byte	65
 252 00df 01       		.byte	1
 253 00e0 49       		.byte	73
 254 00e1 FF       		.byte	-1
 255 00e2 4A       		.byte	74
 256 00e3 FF       		.byte	-1
 257 00e4 4B       		.byte	75
 258 00e5 FF       		.byte	-1
 259 00e6 4D       		.byte	77
 260 00e7 A0       		.byte	-96
 261 00e8 4F       		.byte	79
 262 00e9 01       		.byte	1
 263 00ea 50       		.byte	80
 264 00eb 18       		.byte	24
 265 00ec 52       		.byte	82
 266 00ed 80       		.byte	-128
 267 00ee 54       		.byte	84
 268 00ef 0F       		.byte	15
 269 00f0 56       		.byte	86
 270 00f1 04       		.byte	4
 271 00f2 58       		.byte	88
 272 00f3 04       		.byte	4
 273 00f4 59       		.byte	89
 274 00f5 04       		.byte	4
 275 00f6 5A       		.byte	90
 276 00f7 04       		.byte	4
 277 00f8 5B       		.byte	91
 278 00f9 04       		.byte	4
 279 00fa 5F       		.byte	95
 280 00fb 01       		.byte	1
 281 00fc 60       		.byte	96
 282 00fd 40       		.byte	64
 283 00fe 62       		.byte	98
 284 00ff 80       		.byte	-128
 285 0100 64       		.byte	100
ARM GAS  C:\Users\ukul426\AppData\Local\Temp\cccO6XE6.s 			page 6


 286 0101 40       		.byte	64
 287 0102 65       		.byte	101
 288 0103 40       		.byte	64
 289 0104 66       		.byte	102
 290 0105 80       		.byte	-128
 291 0106 68       		.byte	104
 292 0107 40       		.byte	64
 293 0108 6A       		.byte	106
 294 0109 80       		.byte	-128
 295 010a 6C       		.byte	108
 296 010b 40       		.byte	64
 297 010c 6D       		.byte	109
 298 010d 20       		.byte	32
 299 010e 6E       		.byte	110
 300 010f 80       		.byte	-128
 301 0110 85       		.byte	-123
 302 0111 03       		.byte	3
 303 0112 88       		.byte	-120
 304 0113 7F       		.byte	127
 305 0114 8C       		.byte	-116
 306 0115 C5       		.byte	-59
 307 0116 8D       		.byte	-115
 308 0117 06       		.byte	6
 309 0118 8E       		.byte	-114
 310 0119 3A       		.byte	58
 311 011a 90       		.byte	-112
 312 011b A3       		.byte	-93
 313 011c 92       		.byte	-110
 314 011d 5C       		.byte	92
 315 011e 94       		.byte	-108
 316 011f FE       		.byte	-2
 317 0120 96       		.byte	-106
 318 0121 01       		.byte	1
 319 0122 97       		.byte	-105
 320 0123 18       		.byte	24
 321 0124 99       		.byte	-103
 322 0125 08       		.byte	8
 323 0126 9C       		.byte	-100
 324 0127 0E       		.byte	14
 325 0128 9D       		.byte	-99
 326 0129 06       		.byte	6
 327 012a 9E       		.byte	-98
 328 012b F0       		.byte	-16
 329 012c A5       		.byte	-91
 330 012d 05       		.byte	5
 331 012e A6       		.byte	-90
 332 012f 01       		.byte	1
 333 0130 A8       		.byte	-88
 334 0131 96       		.byte	-106
 335 0132 AA       		.byte	-86
 336 0133 68       		.byte	104
 337 0134 B1       		.byte	-79
 338 0135 08       		.byte	8
 339 0136 B3       		.byte	-77
 340 0137 07       		.byte	7
 341 0138 B4       		.byte	-76
 342 0139 FF       		.byte	-1
ARM GAS  C:\Users\ukul426\AppData\Local\Temp\cccO6XE6.s 			page 7


 343 013a B5       		.byte	-75
 344 013b 10       		.byte	16
 345 013c B9       		.byte	-71
 346 013d 08       		.byte	8
 347 013e BE       		.byte	-66
 348 013f 10       		.byte	16
 349 0140 BF       		.byte	-65
 350 0141 01       		.byte	1
 351 0142 C0       		.byte	-64
 352 0143 32       		.byte	50
 353 0144 C1       		.byte	-63
 354 0145 01       		.byte	1
 355 0146 C5       		.byte	-59
 356 0147 30       		.byte	48
 357 0148 C6       		.byte	-58
 358 0149 C2       		.byte	-62
 359 014a C7       		.byte	-57
 360 014b 4E       		.byte	78
 361 014c C8       		.byte	-56
 362 014d 3E       		.byte	62
 363 014e C9       		.byte	-55
 364 014f FF       		.byte	-1
 365 0150 CA       		.byte	-54
 366 0151 FF       		.byte	-1
 367 0152 CB       		.byte	-53
 368 0153 FF       		.byte	-1
 369 0154 CD       		.byte	-51
 370 0155 AF       		.byte	-81
 371 0156 CE       		.byte	-50
 372 0157 07       		.byte	7
 373 0158 CF       		.byte	-49
 374 0159 01       		.byte	1
 375 015a D0       		.byte	-48
 376 015b 18       		.byte	24
 377 015c D8       		.byte	-40
 378 015d 04       		.byte	4
 379 015e D9       		.byte	-39
 380 015f 04       		.byte	4
 381 0160 DA       		.byte	-38
 382 0161 04       		.byte	4
 383 0162 DF       		.byte	-33
 384 0163 01       		.byte	1
 385 0164 E0       		.byte	-32
 386 0165 40       		.byte	64
 387 0166 E2       		.byte	-30
 388 0167 80       		.byte	-128
 389 0168 E4       		.byte	-28
 390 0169 40       		.byte	64
 391 016a E5       		.byte	-27
 392 016b 40       		.byte	64
 393 016c E6       		.byte	-26
 394 016d 80       		.byte	-128
 395 016e E8       		.byte	-24
 396 016f 40       		.byte	64
 397 0170 EA       		.byte	-22
 398 0171 80       		.byte	-128
 399 0172 EC       		.byte	-20
ARM GAS  C:\Users\ukul426\AppData\Local\Temp\cccO6XE6.s 			page 8


 400 0173 40       		.byte	64
 401 0174 ED       		.byte	-19
 402 0175 20       		.byte	32
 403 0176 EE       		.byte	-18
 404 0177 80       		.byte	-128
 405 0178 00       		.byte	0
 406 0179 80       		.byte	-128
 407 017a 03       		.byte	3
 408 017b 08       		.byte	8
 409 017c 06       		.byte	6
 410 017d 40       		.byte	64
 411 017e 09       		.byte	9
 412 017f 01       		.byte	1
 413 0180 0A       		.byte	10
 414 0181 11       		.byte	17
 415 0182 0C       		.byte	12
 416 0183 80       		.byte	-128
 417 0184 0E       		.byte	14
 418 0185 88       		.byte	-120
 419 0186 0F       		.byte	15
 420 0187 10       		.byte	16
 421 0188 11       		.byte	17
 422 0189 20       		.byte	32
 423 018a 13       		.byte	19
 424 018b 04       		.byte	4
 425 018c 17       		.byte	23
 426 018d 40       		.byte	64
 427 018e 18       		.byte	24
 428 018f 04       		.byte	4
 429 0190 1D       		.byte	29
 430 0191 68       		.byte	104
 431 0192 1E       		.byte	30
 432 0193 80       		.byte	-128
 433 0194 20       		.byte	32
 434 0195 20       		.byte	32
 435 0196 21       		.byte	33
 436 0197 04       		.byte	4
 437 0198 22       		.byte	34
 438 0199 20       		.byte	32
 439 019a 23       		.byte	35
 440 019b 90       		.byte	-112
 441 019c 24       		.byte	36
 442 019d 40       		.byte	64
 443 019e 27       		.byte	39
 444 019f 20       		.byte	32
 445 01a0 28       		.byte	40
 446 01a1 10       		.byte	16
 447 01a2 2F       		.byte	47
 448 01a3 04       		.byte	4
 449 01a4 30       		.byte	48
 450 01a5 08       		.byte	8
 451 01a6 32       		.byte	50
 452 01a7 A0       		.byte	-96
 453 01a8 35       		.byte	53
 454 01a9 40       		.byte	64
 455 01aa 39       		.byte	57
 456 01ab 8C       		.byte	-116
ARM GAS  C:\Users\ukul426\AppData\Local\Temp\cccO6XE6.s 			page 9


 457 01ac 3E       		.byte	62
 458 01ad 02       		.byte	2
 459 01ae 41       		.byte	65
 460 01af A8       		.byte	-88
 461 01b0 45       		.byte	69
 462 01b1 A8       		.byte	-88
 463 01b2 46       		.byte	70
 464 01b3 02       		.byte	2
 465 01b4 48       		.byte	72
 466 01b5 80       		.byte	-128
 467 01b6 49       		.byte	73
 468 01b7 02       		.byte	2
 469 01b8 50       		.byte	80
 470 01b9 01       		.byte	1
 471 01ba 52       		.byte	82
 472 01bb 54       		.byte	84
 473 01bc 5C       		.byte	92
 474 01bd 42       		.byte	66
 475 01be 5D       		.byte	93
 476 01bf 04       		.byte	4
 477 01c0 5F       		.byte	95
 478 01c1 20       		.byte	32
 479 01c2 66       		.byte	102
 480 01c3 01       		.byte	1
 481 01c4 77       		.byte	119
 482 01c5 40       		.byte	64
 483 01c6 82       		.byte	-126
 484 01c7 01       		.byte	1
 485 01c8 C0       		.byte	-64
 486 01c9 13       		.byte	19
 487 01ca C2       		.byte	-62
 488 01cb FD       		.byte	-3
 489 01cc C4       		.byte	-60
 490 01cd 86       		.byte	-122
 491 01ce CA       		.byte	-54
 492 01cf 22       		.byte	34
 493 01d0 CC       		.byte	-52
 494 01d1 1E       		.byte	30
 495 01d2 CE       		.byte	-50
 496 01d3 8A       		.byte	-118
 497 01d4 D0       		.byte	-48
 498 01d5 7E       		.byte	126
 499 01d6 D6       		.byte	-42
 500 01d7 F0       		.byte	-16
 501 01d8 D8       		.byte	-40
 502 01d9 80       		.byte	-128
 503 01da E2       		.byte	-30
 504 01db 08       		.byte	8
 505 01dc E6       		.byte	-26
 506 01dd 02       		.byte	2
 507 01de 01       		.byte	1
 508 01df 01       		.byte	1
 509 01e0 07       		.byte	7
 510 01e1 02       		.byte	2
 511 01e2 0B       		.byte	11
 512 01e3 01       		.byte	1
 513 01e4 0C       		.byte	12
ARM GAS  C:\Users\ukul426\AppData\Local\Temp\cccO6XE6.s 			page 10


 514 01e5 01       		.byte	1
 515 01e6 0F       		.byte	15
 516 01e7 18       		.byte	24
 517 01e8 10       		.byte	16
 518 01e9 04       		.byte	4
 519 01ea 11       		.byte	17
 520 01eb 08       		.byte	8
 521 01ec 12       		.byte	18
 522 01ed 02       		.byte	2
 523 01ee 16       		.byte	22
 524 01ef 06       		.byte	6
 525 01f0 1C       		.byte	28
 526 01f1 08       		.byte	8
 527 01f2 1F       		.byte	31
 528 01f3 04       		.byte	4
 529 01f4 20       		.byte	32
 530 01f5 01       		.byte	1
 531 01f6 21       		.byte	33
 532 01f7 01       		.byte	1
 533 01f8 22       		.byte	34
 534 01f9 08       		.byte	8
 535 01fa 24       		.byte	36
 536 01fb 06       		.byte	6
 537 01fc 29       		.byte	41
 538 01fd 01       		.byte	1
 539 01fe 2D       		.byte	45
 540 01ff 01       		.byte	1
 541 0200 30       		.byte	48
 542 0201 08       		.byte	8
 543 0202 31       		.byte	49
 544 0203 10       		.byte	16
 545 0204 32       		.byte	50
 546 0205 01       		.byte	1
 547 0206 33       		.byte	51
 548 0207 08       		.byte	8
 549 0208 34       		.byte	52
 550 0209 04       		.byte	4
 551 020a 35       		.byte	53
 552 020b 03       		.byte	3
 553 020c 36       		.byte	54
 554 020d 02       		.byte	2
 555 020e 37       		.byte	55
 556 020f 04       		.byte	4
 557 0210 38       		.byte	56
 558 0211 08       		.byte	8
 559 0212 3E       		.byte	62
 560 0213 51       		.byte	81
 561 0214 3F       		.byte	63
 562 0215 04       		.byte	4
 563 0216 54       		.byte	84
 564 0217 0F       		.byte	15
 565 0218 58       		.byte	88
 566 0219 04       		.byte	4
 567 021a 59       		.byte	89
 568 021b 04       		.byte	4
 569 021c 5B       		.byte	91
 570 021d 04       		.byte	4
ARM GAS  C:\Users\ukul426\AppData\Local\Temp\cccO6XE6.s 			page 11


 571 021e 5F       		.byte	95
 572 021f 05       		.byte	5
 573 0220 81       		.byte	-127
 574 0221 A3       		.byte	-93
 575 0222 82       		.byte	-126
 576 0223 0C       		.byte	12
 577 0224 83       		.byte	-125
 578 0225 5C       		.byte	92
 579 0226 85       		.byte	-123
 580 0227 0E       		.byte	14
 581 0228 87       		.byte	-121
 582 0229 F0       		.byte	-16
 583 022a 89       		.byte	-119
 584 022b 7F       		.byte	127
 585 022c 8C       		.byte	-116
 586 022d 02       		.byte	2
 587 022e 94       		.byte	-108
 588 022f 08       		.byte	8
 589 0230 97       		.byte	-105
 590 0231 01       		.byte	1
 591 0232 99       		.byte	-103
 592 0233 FE       		.byte	-2
 593 0234 9B       		.byte	-101
 594 0235 01       		.byte	1
 595 0236 9D       		.byte	-99
 596 0237 C5       		.byte	-59
 597 0238 9F       		.byte	-97
 598 0239 3A       		.byte	58
 599 023a A2       		.byte	-94
 600 023b 03       		.byte	3
 601 023c A9       		.byte	-87
 602 023d 96       		.byte	-106
 603 023e AB       		.byte	-85
 604 023f 68       		.byte	104
 605 0240 B0       		.byte	-80
 606 0241 01       		.byte	1
 607 0242 B1       		.byte	-79
 608 0243 FF       		.byte	-1
 609 0244 B2       		.byte	-78
 610 0245 04       		.byte	4
 611 0246 B4       		.byte	-76
 612 0247 08       		.byte	8
 613 0248 B6       		.byte	-74
 614 0249 02       		.byte	2
 615 024a BE       		.byte	-66
 616 024b 50       		.byte	80
 617 024c BF       		.byte	-65
 618 024d 01       		.byte	1
 619 024e D4       		.byte	-44
 620 024f 0F       		.byte	15
 621 0250 D8       		.byte	-40
 622 0251 04       		.byte	4
 623 0252 D9       		.byte	-39
 624 0253 04       		.byte	4
 625 0254 DB       		.byte	-37
 626 0255 04       		.byte	4
 627 0256 DF       		.byte	-33
ARM GAS  C:\Users\ukul426\AppData\Local\Temp\cccO6XE6.s 			page 12


 628 0257 05       		.byte	5
 629 0258 01       		.byte	1
 630 0259 40       		.byte	64
 631 025a 04       		.byte	4
 632 025b 42       		.byte	66
 633 025c 0A       		.byte	10
 634 025d A0       		.byte	-96
 635 025e 0B       		.byte	11
 636 025f 01       		.byte	1
 637 0260 0E       		.byte	14
 638 0261 20       		.byte	32
 639 0262 10       		.byte	16
 640 0263 80       		.byte	-128
 641 0264 12       		.byte	18
 642 0265 20       		.byte	32
 643 0266 16       		.byte	22
 644 0267 40       		.byte	64
 645 0268 19       		.byte	25
 646 0269 51       		.byte	81
 647 026a 1A       		.byte	26
 648 026b 20       		.byte	32
 649 026c 1C       		.byte	28
 650 026d 48       		.byte	72
 651 026e 1E       		.byte	30
 652 026f 22       		.byte	34
 653 0270 1F       		.byte	31
 654 0271 04       		.byte	4
 655 0272 22       		.byte	34
 656 0273 05       		.byte	5
 657 0274 23       		.byte	35
 658 0275 05       		.byte	5
 659 0276 27       		.byte	39
 660 0277 40       		.byte	64
 661 0278 28       		.byte	40
 662 0279 02       		.byte	2
 663 027a 2A       		.byte	42
 664 027b 22       		.byte	34
 665 027c 2D       		.byte	45
 666 027d 20       		.byte	32
 667 027e 30       		.byte	48
 668 027f 80       		.byte	-128
 669 0280 32       		.byte	50
 670 0281 01       		.byte	1
 671 0282 34       		.byte	52
 672 0283 10       		.byte	16
 673 0284 36       		.byte	54
 674 0285 84       		.byte	-124
 675 0286 37       		.byte	55
 676 0287 20       		.byte	32
 677 0288 38       		.byte	56
 678 0289 04       		.byte	4
 679 028a 39       		.byte	57
 680 028b 52       		.byte	82
 681 028c 3C       		.byte	60
 682 028d 32       		.byte	50
 683 028e 3E       		.byte	62
 684 028f 08       		.byte	8
ARM GAS  C:\Users\ukul426\AppData\Local\Temp\cccO6XE6.s 			page 13


 685 0290 40       		.byte	64
 686 0291 02       		.byte	2
 687 0292 42       		.byte	66
 688 0293 01       		.byte	1
 689 0294 59       		.byte	89
 690 0295 01       		.byte	1
 691 0296 5A       		.byte	90
 692 0297 08       		.byte	8
 693 0298 5B       		.byte	91
 694 0299 90       		.byte	-112
 695 029a 5C       		.byte	92
 696 029b 80       		.byte	-128
 697 029c 5E       		.byte	94
 698 029d 02       		.byte	2
 699 029e 5F       		.byte	95
 700 029f 18       		.byte	24
 701 02a0 61       		.byte	97
 702 02a1 24       		.byte	36
 703 02a2 66       		.byte	102
 704 02a3 14       		.byte	20
 705 02a4 7B       		.byte	123
 706 02a5 08       		.byte	8
 707 02a6 7C       		.byte	124
 708 02a7 10       		.byte	16
 709 02a8 86       		.byte	-122
 710 02a9 40       		.byte	64
 711 02aa 87       		.byte	-121
 712 02ab 10       		.byte	16
 713 02ac 90       		.byte	-112
 714 02ad 06       		.byte	6
 715 02ae 91       		.byte	-111
 716 02af 08       		.byte	8
 717 02b0 95       		.byte	-107
 718 02b1 80       		.byte	-128
 719 02b2 96       		.byte	-106
 720 02b3 11       		.byte	17
 721 02b4 97       		.byte	-105
 722 02b5 0C       		.byte	12
 723 02b6 99       		.byte	-103
 724 02b7 02       		.byte	2
 725 02b8 9A       		.byte	-102
 726 02b9 54       		.byte	84
 727 02ba 9B       		.byte	-101
 728 02bb 80       		.byte	-128
 729 02bc 9C       		.byte	-100
 730 02bd 10       		.byte	16
 731 02be A0       		.byte	-96
 732 02bf 10       		.byte	16
 733 02c0 A2       		.byte	-94
 734 02c1 20       		.byte	32
 735 02c2 A4       		.byte	-92
 736 02c3 48       		.byte	72
 737 02c4 A5       		.byte	-91
 738 02c5 91       		.byte	-111
 739 02c6 A6       		.byte	-90
 740 02c7 84       		.byte	-124
 741 02c8 A7       		.byte	-89
ARM GAS  C:\Users\ukul426\AppData\Local\Temp\cccO6XE6.s 			page 14


 742 02c9 08       		.byte	8
 743 02ca AC       		.byte	-84
 744 02cb 12       		.byte	18
 745 02cc C0       		.byte	-64
 746 02cd 91       		.byte	-111
 747 02ce C2       		.byte	-62
 748 02cf 2D       		.byte	45
 749 02d0 C4       		.byte	-60
 750 02d1 1C       		.byte	28
 751 02d2 CA       		.byte	-54
 752 02d3 2D       		.byte	45
 753 02d4 CC       		.byte	-52
 754 02d5 79       		.byte	121
 755 02d6 CE       		.byte	-50
 756 02d7 EF       		.byte	-17
 757 02d8 D6       		.byte	-42
 758 02d9 FF       		.byte	-1
 759 02da D8       		.byte	-40
 760 02db 66       		.byte	102
 761 02dc DE       		.byte	-34
 762 02dd 24       		.byte	36
 763 02de 01       		.byte	1
 764 02df CF       		.byte	-49
 765 02e0 03       		.byte	3
 766 02e1 30       		.byte	48
 767 02e2 05       		.byte	5
 768 02e3 73       		.byte	115
 769 02e4 08       		.byte	8
 770 02e5 94       		.byte	-108
 771 02e6 09       		.byte	9
 772 02e7 30       		.byte	48
 773 02e8 0A       		.byte	10
 774 02e9 60       		.byte	96
 775 02ea 0B       		.byte	11
 776 02eb C9       		.byte	-55
 777 02ec 0C       		.byte	12
 778 02ed 9E       		.byte	-98
 779 02ee 0D       		.byte	13
 780 02ef 9E       		.byte	-98
 781 02f0 0E       		.byte	14
 782 02f1 60       		.byte	96
 783 02f2 0F       		.byte	15
 784 02f3 60       		.byte	96
 785 02f4 13       		.byte	19
 786 02f5 0F       		.byte	15
 787 02f6 1E       		.byte	30
 788 02f7 0F       		.byte	15
 789 02f8 20       		.byte	32
 790 02f9 30       		.byte	48
 791 02fa 21       		.byte	33
 792 02fb 94       		.byte	-108
 793 02fc 22       		.byte	34
 794 02fd C9       		.byte	-55
 795 02fe 23       		.byte	35
 796 02ff 60       		.byte	96
 797 0300 24       		.byte	36
 798 0301 73       		.byte	115
ARM GAS  C:\Users\ukul426\AppData\Local\Temp\cccO6XE6.s 			page 15


 799 0302 28       		.byte	40
 800 0303 FD       		.byte	-3
 801 0304 29       		.byte	41
 802 0305 FD       		.byte	-3
 803 0306 2A       		.byte	42
 804 0307 02       		.byte	2
 805 0308 2B       		.byte	43
 806 0309 02       		.byte	2
 807 030a 2C       		.byte	44
 808 030b CF       		.byte	-49
 809 030c 2E       		.byte	46
 810 030d 30       		.byte	48
 811 030e 34       		.byte	52
 812 030f FF       		.byte	-1
 813 0310 35       		.byte	53
 814 0311 FF       		.byte	-1
 815 0312 3E       		.byte	62
 816 0313 10       		.byte	16
 817 0314 3F       		.byte	63
 818 0315 10       		.byte	16
 819 0316 40       		.byte	64
 820 0317 56       		.byte	86
 821 0318 41       		.byte	65
 822 0319 04       		.byte	4
 823 031a 49       		.byte	73
 824 031b FF       		.byte	-1
 825 031c 4A       		.byte	74
 826 031d FF       		.byte	-1
 827 031e 4B       		.byte	75
 828 031f FF       		.byte	-1
 829 0320 4D       		.byte	77
 830 0321 A0       		.byte	-96
 831 0322 4F       		.byte	79
 832 0323 01       		.byte	1
 833 0324 50       		.byte	80
 834 0325 18       		.byte	24
 835 0326 58       		.byte	88
 836 0327 04       		.byte	4
 837 0328 59       		.byte	89
 838 0329 04       		.byte	4
 839 032a 5A       		.byte	90
 840 032b 04       		.byte	4
 841 032c 5F       		.byte	95
 842 032d 01       		.byte	1
 843 032e 60       		.byte	96
 844 032f 40       		.byte	64
 845 0330 62       		.byte	98
 846 0331 80       		.byte	-128
 847 0332 64       		.byte	100
 848 0333 40       		.byte	64
 849 0334 65       		.byte	101
 850 0335 40       		.byte	64
 851 0336 66       		.byte	102
 852 0337 80       		.byte	-128
 853 0338 68       		.byte	104
 854 0339 40       		.byte	64
 855 033a 6A       		.byte	106
ARM GAS  C:\Users\ukul426\AppData\Local\Temp\cccO6XE6.s 			page 16


 856 033b 80       		.byte	-128
 857 033c 6C       		.byte	108
 858 033d 40       		.byte	64
 859 033e 6D       		.byte	109
 860 033f 20       		.byte	32
 861 0340 6E       		.byte	110
 862 0341 80       		.byte	-128
 863 0342 80       		.byte	-128
 864 0343 01       		.byte	1
 865 0344 81       		.byte	-127
 866 0345 04       		.byte	4
 867 0346 83       		.byte	-125
 868 0347 08       		.byte	8
 869 0348 87       		.byte	-121
 870 0349 01       		.byte	1
 871 034a 88       		.byte	-120
 872 034b 07       		.byte	7
 873 034c 89       		.byte	-119
 874 034d 10       		.byte	16
 875 034e 8C       		.byte	-116
 876 034f 0C       		.byte	12
 877 0350 8F       		.byte	-113
 878 0351 10       		.byte	16
 879 0352 91       		.byte	-111
 880 0353 40       		.byte	64
 881 0354 92       		.byte	-110
 882 0355 10       		.byte	16
 883 0356 94       		.byte	-108
 884 0357 0A       		.byte	10
 885 0358 97       		.byte	-105
 886 0359 20       		.byte	32
 887 035a 99       		.byte	-103
 888 035b 1C       		.byte	28
 889 035c 9F       		.byte	-97
 890 035d 1C       		.byte	28
 891 035e A0       		.byte	-96
 892 035f 0C       		.byte	12
 893 0360 A3       		.byte	-93
 894 0361 42       		.byte	66
 895 0362 A6       		.byte	-90
 896 0363 10       		.byte	16
 897 0364 A8       		.byte	-88
 898 0365 10       		.byte	16
 899 0366 A9       		.byte	-87
 900 0367 1C       		.byte	28
 901 0368 AC       		.byte	-84
 902 0369 01       		.byte	1
 903 036a AD       		.byte	-83
 904 036b 04       		.byte	4
 905 036c AF       		.byte	-81
 906 036d 08       		.byte	8
 907 036e B1       		.byte	-79
 908 036f 02       		.byte	2
 909 0370 B2       		.byte	-78
 910 0371 0E       		.byte	14
 911 0372 B3       		.byte	-77
 912 0373 01       		.byte	1
ARM GAS  C:\Users\ukul426\AppData\Local\Temp\cccO6XE6.s 			page 17


 913 0374 B4       		.byte	-76
 914 0375 01       		.byte	1
 915 0376 B5       		.byte	-75
 916 0377 40       		.byte	64
 917 0378 B6       		.byte	-74
 918 0379 10       		.byte	16
 919 037a B7       		.byte	-73
 920 037b 3C       		.byte	60
 921 037c B8       		.byte	-72
 922 037d 28       		.byte	40
 923 037e BE       		.byte	-66
 924 037f 50       		.byte	80
 925 0380 BF       		.byte	-65
 926 0381 10       		.byte	16
 927 0382 C0       		.byte	-64
 928 0383 52       		.byte	82
 929 0384 C1       		.byte	-63
 930 0385 04       		.byte	4
 931 0386 C5       		.byte	-59
 932 0387 0E       		.byte	14
 933 0388 C6       		.byte	-58
 934 0389 C2       		.byte	-62
 935 038a C7       		.byte	-57
 936 038b 34       		.byte	52
 937 038c C8       		.byte	-56
 938 038d 3D       		.byte	61
 939 038e C9       		.byte	-55
 940 038f FF       		.byte	-1
 941 0390 CA       		.byte	-54
 942 0391 FF       		.byte	-1
 943 0392 CB       		.byte	-53
 944 0393 FF       		.byte	-1
 945 0394 CD       		.byte	-51
 946 0395 AF       		.byte	-81
 947 0396 CE       		.byte	-50
 948 0397 07       		.byte	7
 949 0398 CF       		.byte	-49
 950 0399 01       		.byte	1
 951 039a D0       		.byte	-48
 952 039b 18       		.byte	24
 953 039c D2       		.byte	-46
 954 039d 80       		.byte	-128
 955 039e D8       		.byte	-40
 956 039f 04       		.byte	4
 957 03a0 D9       		.byte	-39
 958 03a1 04       		.byte	4
 959 03a2 DA       		.byte	-38
 960 03a3 04       		.byte	4
 961 03a4 DB       		.byte	-37
 962 03a5 04       		.byte	4
 963 03a6 DF       		.byte	-33
 964 03a7 01       		.byte	1
 965 03a8 E0       		.byte	-32
 966 03a9 40       		.byte	64
 967 03aa E2       		.byte	-30
 968 03ab 80       		.byte	-128
 969 03ac E4       		.byte	-28
ARM GAS  C:\Users\ukul426\AppData\Local\Temp\cccO6XE6.s 			page 18


 970 03ad 40       		.byte	64
 971 03ae E5       		.byte	-27
 972 03af 40       		.byte	64
 973 03b0 E6       		.byte	-26
 974 03b1 80       		.byte	-128
 975 03b2 E8       		.byte	-24
 976 03b3 40       		.byte	64
 977 03b4 EA       		.byte	-22
 978 03b5 80       		.byte	-128
 979 03b6 EC       		.byte	-20
 980 03b7 40       		.byte	64
 981 03b8 ED       		.byte	-19
 982 03b9 20       		.byte	32
 983 03ba EE       		.byte	-18
 984 03bb 80       		.byte	-128
 985 03bc 00       		.byte	0
 986 03bd 90       		.byte	-112
 987 03be 02       		.byte	2
 988 03bf 40       		.byte	64
 989 03c0 06       		.byte	6
 990 03c1 08       		.byte	8
 991 03c2 07       		.byte	7
 992 03c3 01       		.byte	1
 993 03c4 0A       		.byte	10
 994 03c5 50       		.byte	80
 995 03c6 0D       		.byte	13
 996 03c7 80       		.byte	-128
 997 03c8 11       		.byte	17
 998 03c9 42       		.byte	66
 999 03ca 12       		.byte	18
 1000 03cb 01       		.byte	1
 1001 03cc 13       		.byte	19
 1002 03cd 14       		.byte	20
 1003 03ce 14       		.byte	20
 1004 03cf 80       		.byte	-128
 1005 03d0 15       		.byte	21
 1006 03d1 88       		.byte	-120
 1007 03d2 17       		.byte	23
 1008 03d3 20       		.byte	32
 1009 03d4 18       		.byte	24
 1010 03d5 14       		.byte	20
 1011 03d6 19       		.byte	25
 1012 03d7 80       		.byte	-128
 1013 03d8 1A       		.byte	26
 1014 03d9 28       		.byte	40
 1015 03da 1B       		.byte	27
 1016 03db 4C       		.byte	76
 1017 03dc 1E       		.byte	30
 1018 03dd 04       		.byte	4
 1019 03de 22       		.byte	34
 1020 03df 41       		.byte	65
 1021 03e0 23       		.byte	35
 1022 03e1 1A       		.byte	26
 1023 03e2 27       		.byte	39
 1024 03e3 04       		.byte	4
 1025 03e4 28       		.byte	40
 1026 03e5 02       		.byte	2
ARM GAS  C:\Users\ukul426\AppData\Local\Temp\cccO6XE6.s 			page 19


 1027 03e6 29       		.byte	41
 1028 03e7 02       		.byte	2
 1029 03e8 2A       		.byte	42
 1030 03e9 20       		.byte	32
 1031 03ea 2E       		.byte	46
 1032 03eb 31       		.byte	49
 1033 03ec 32       		.byte	50
 1034 03ed 51       		.byte	81
 1035 03ee 33       		.byte	51
 1036 03ef 04       		.byte	4
 1037 03f0 37       		.byte	55
 1038 03f1 02       		.byte	2
 1039 03f2 38       		.byte	56
 1040 03f3 80       		.byte	-128
 1041 03f4 39       		.byte	57
 1042 03f5 12       		.byte	18
 1043 03f6 3B       		.byte	59
 1044 03f7 04       		.byte	4
 1045 03f8 3C       		.byte	60
 1046 03f9 80       		.byte	-128
 1047 03fa 3D       		.byte	61
 1048 03fb 32       		.byte	50
 1049 03fc 3E       		.byte	62
 1050 03fd 02       		.byte	2
 1051 03fe 3F       		.byte	63
 1052 03ff 08       		.byte	8
 1053 0400 40       		.byte	64
 1054 0401 04       		.byte	4
 1055 0402 42       		.byte	66
 1056 0403 80       		.byte	-128
 1057 0404 46       		.byte	70
 1058 0405 80       		.byte	-128
 1059 0406 47       		.byte	71
 1060 0407 02       		.byte	2
 1061 0408 49       		.byte	73
 1062 0409 84       		.byte	-124
 1063 040a 4E       		.byte	78
 1064 040b 04       		.byte	4
 1065 040c 4F       		.byte	79
 1066 040d 80       		.byte	-128
 1067 040e 50       		.byte	80
 1068 040f 88       		.byte	-120
 1069 0410 51       		.byte	81
 1070 0411 20       		.byte	32
 1071 0412 52       		.byte	82
 1072 0413 41       		.byte	65
 1073 0414 5C       		.byte	92
 1074 0415 02       		.byte	2
 1075 0416 5E       		.byte	94
 1076 0417 01       		.byte	1
 1077 0418 72       		.byte	114
 1078 0419 40       		.byte	64
 1079 041a 80       		.byte	-128
 1080 041b 80       		.byte	-128
 1081 041c 81       		.byte	-127
 1082 041d 20       		.byte	32
 1083 041e 91       		.byte	-111
ARM GAS  C:\Users\ukul426\AppData\Local\Temp\cccO6XE6.s 			page 20


 1084 041f 08       		.byte	8
 1085 0420 93       		.byte	-109
 1086 0421 04       		.byte	4
 1087 0422 95       		.byte	-107
 1088 0423 D2       		.byte	-46
 1089 0424 96       		.byte	-106
 1090 0425 91       		.byte	-111
 1091 0426 99       		.byte	-103
 1092 0427 52       		.byte	82
 1093 0428 9B       		.byte	-101
 1094 0429 40       		.byte	64
 1095 042a 9D       		.byte	-99
 1096 042b 24       		.byte	36
 1097 042c 9E       		.byte	-98
 1098 042d 2A       		.byte	42
 1099 042e 9F       		.byte	-97
 1100 042f 38       		.byte	56
 1101 0430 A0       		.byte	-96
 1102 0431 10       		.byte	16
 1103 0432 A4       		.byte	-92
 1104 0433 C9       		.byte	-55
 1105 0434 A5       		.byte	-91
 1106 0435 B1       		.byte	-79
 1107 0436 A6       		.byte	-90
 1108 0437 84       		.byte	-124
 1109 0438 A7       		.byte	-89
 1110 0439 08       		.byte	8
 1111 043a AC       		.byte	-84
 1112 043b 84       		.byte	-124
 1113 043c C0       		.byte	-64
 1114 043d CB       		.byte	-53
 1115 043e C2       		.byte	-62
 1116 043f 8C       		.byte	-116
 1117 0440 C4       		.byte	-60
 1118 0441 FF       		.byte	-1
 1119 0442 CA       		.byte	-54
 1120 0443 AD       		.byte	-83
 1121 0444 CC       		.byte	-52
 1122 0445 8F       		.byte	-113
 1123 0446 CE       		.byte	-50
 1124 0447 FF       		.byte	-1
 1125 0448 D0       		.byte	-48
 1126 0449 85       		.byte	-123
 1127 044a D2       		.byte	-46
 1128 044b 38       		.byte	56
 1129 044c E0       		.byte	-32
 1130 044d 40       		.byte	64
 1131 044e E6       		.byte	-26
 1132 044f 01       		.byte	1
 1133 0450 00       		.byte	0
 1134 0451 04       		.byte	4
 1135 0452 02       		.byte	2
 1136 0453 08       		.byte	8
 1137 0454 04       		.byte	4
 1138 0455 01       		.byte	1
 1139 0456 06       		.byte	6
 1140 0457 02       		.byte	2
ARM GAS  C:\Users\ukul426\AppData\Local\Temp\cccO6XE6.s 			page 21


 1141 0458 0B       		.byte	11
 1142 0459 02       		.byte	2
 1143 045a 0F       		.byte	15
 1144 045b 01       		.byte	1
 1145 045c 10       		.byte	16
 1146 045d 04       		.byte	4
 1147 045e 12       		.byte	18
 1148 045f 08       		.byte	8
 1149 0460 14       		.byte	20
 1150 0461 08       		.byte	8
 1151 0462 16       		.byte	22
 1152 0463 04       		.byte	4
 1153 0464 17       		.byte	23
 1154 0465 04       		.byte	4
 1155 0466 1B       		.byte	27
 1156 0467 08       		.byte	8
 1157 0468 1C       		.byte	28
 1158 0469 02       		.byte	2
 1159 046a 1E       		.byte	30
 1160 046b 01       		.byte	1
 1161 046c 20       		.byte	32
 1162 046d 01       		.byte	1
 1163 046e 22       		.byte	34
 1164 046f 02       		.byte	2
 1165 0470 24       		.byte	36
 1166 0471 04       		.byte	4
 1167 0472 26       		.byte	38
 1168 0473 08       		.byte	8
 1169 0474 28       		.byte	40
 1170 0475 01       		.byte	1
 1171 0476 2A       		.byte	42
 1172 0477 02       		.byte	2
 1173 0478 31       		.byte	49
 1174 0479 02       		.byte	2
 1175 047a 32       		.byte	50
 1176 047b 0C       		.byte	12
 1177 047c 33       		.byte	51
 1178 047d 04       		.byte	4
 1179 047e 35       		.byte	53
 1180 047f 01       		.byte	1
 1181 0480 36       		.byte	54
 1182 0481 03       		.byte	3
 1183 0482 37       		.byte	55
 1184 0483 08       		.byte	8
 1185 0484 3A       		.byte	58
 1186 0485 88       		.byte	-120
 1187 0486 58       		.byte	88
 1188 0487 04       		.byte	4
 1189 0488 59       		.byte	89
 1190 0489 04       		.byte	4
 1191 048a 5F       		.byte	95
 1192 048b 01       		.byte	1
 1193 048c 8A       		.byte	-118
 1194 048d 04       		.byte	4
 1195 048e 94       		.byte	-108
 1196 048f 02       		.byte	2
 1197 0490 AE       		.byte	-82
ARM GAS  C:\Users\ukul426\AppData\Local\Temp\cccO6XE6.s 			page 22


 1198 0491 01       		.byte	1
 1199 0492 B0       		.byte	-80
 1200 0493 04       		.byte	4
 1201 0494 B2       		.byte	-78
 1202 0495 01       		.byte	1
 1203 0496 B4       		.byte	-76
 1204 0497 02       		.byte	2
 1205 0498 BE       		.byte	-66
 1206 0499 10       		.byte	16
 1207 049a D8       		.byte	-40
 1208 049b 04       		.byte	4
 1209 049c DB       		.byte	-37
 1210 049d 04       		.byte	4
 1211 049e DF       		.byte	-33
 1212 049f 01       		.byte	1
 1213 04a0 00       		.byte	0
 1214 04a1 20       		.byte	32
 1215 04a2 05       		.byte	5
 1216 04a3 04       		.byte	4
 1217 04a4 07       		.byte	7
 1218 04a5 40       		.byte	64
 1219 04a6 0A       		.byte	10
 1220 04a7 20       		.byte	32
 1221 04a8 0E       		.byte	14
 1222 04a9 62       		.byte	98
 1223 04aa 10       		.byte	16
 1224 04ab 02       		.byte	2
 1225 04ac 17       		.byte	23
 1226 04ad 2A       		.byte	42
 1227 04ae 19       		.byte	25
 1228 04af 04       		.byte	4
 1229 04b0 1A       		.byte	26
 1230 04b1 40       		.byte	64
 1231 04b2 1B       		.byte	27
 1232 04b3 10       		.byte	16
 1233 04b4 1E       		.byte	30
 1234 04b5 22       		.byte	34
 1235 04b6 1F       		.byte	31
 1236 04b7 08       		.byte	8
 1237 04b8 25       		.byte	37
 1238 04b9 10       		.byte	16
 1239 04ba 27       		.byte	39
 1240 04bb 6A       		.byte	106
 1241 04bc 35       		.byte	53
 1242 04bd 04       		.byte	4
 1243 04be 37       		.byte	55
 1244 04bf 20       		.byte	32
 1245 04c0 3D       		.byte	61
 1246 04c1 20       		.byte	32
 1247 04c2 3E       		.byte	62
 1248 04c3 40       		.byte	64
 1249 04c4 69       		.byte	105
 1250 04c5 50       		.byte	80
 1251 04c6 83       		.byte	-125
 1252 04c7 08       		.byte	8
 1253 04c8 8E       		.byte	-114
 1254 04c9 10       		.byte	16
ARM GAS  C:\Users\ukul426\AppData\Local\Temp\cccO6XE6.s 			page 23


 1255 04ca A0       		.byte	-96
 1256 04cb 02       		.byte	2
 1257 04cc C0       		.byte	-64
 1258 04cd 32       		.byte	50
 1259 04ce C2       		.byte	-62
 1260 04cf B4       		.byte	-76
 1261 04d0 C4       		.byte	-60
 1262 04d1 71       		.byte	113
 1263 04d2 CC       		.byte	-52
 1264 04d3 60       		.byte	96
 1265 04d4 CE       		.byte	-50
 1266 04d5 30       		.byte	48
 1267 04d6 E0       		.byte	-32
 1268 04d7 40       		.byte	64
 1269 04d8 A0       		.byte	-96
 1270 04d9 02       		.byte	2
 1271 04da A0       		.byte	-96
 1272 04db 02       		.byte	2
 1273 04dc B0       		.byte	-80
 1274 04dd 02       		.byte	2
 1275 04de E2       		.byte	-30
 1276 04df 08       		.byte	8
 1277 04e0 E6       		.byte	-26
 1278 04e1 02       		.byte	2
 1279 04e2 00       		.byte	0
 1280 04e3 02       		.byte	2
 1281 04e4 02       		.byte	2
 1282 04e5 04       		.byte	4
 1283 04e6 04       		.byte	4
 1284 04e7 02       		.byte	2
 1285 04e8 05       		.byte	5
 1286 04e9 0E       		.byte	14
 1287 04ea 06       		.byte	6
 1288 04eb 04       		.byte	4
 1289 04ec 0D       		.byte	13
 1290 04ed 18       		.byte	24
 1291 04ee 0F       		.byte	15
 1292 04ef 04       		.byte	4
 1293 04f0 14       		.byte	20
 1294 04f1 02       		.byte	2
 1295 04f2 15       		.byte	21
 1296 04f3 16       		.byte	22
 1297 04f4 16       		.byte	22
 1298 04f5 05       		.byte	5
 1299 04f6 17       		.byte	23
 1300 04f7 08       		.byte	8
 1301 04f8 1B       		.byte	27
 1302 04f9 01       		.byte	1
 1303 04fa 1C       		.byte	28
 1304 04fb 04       		.byte	4
 1305 04fc 1D       		.byte	29
 1306 04fd 18       		.byte	24
 1307 04fe 1E       		.byte	30
 1308 04ff 02       		.byte	2
 1309 0500 1F       		.byte	31
 1310 0501 02       		.byte	2
 1311 0502 21       		.byte	33
ARM GAS  C:\Users\ukul426\AppData\Local\Temp\cccO6XE6.s 			page 24


 1312 0503 10       		.byte	16
 1313 0504 23       		.byte	35
 1314 0505 02       		.byte	2
 1315 0506 27       		.byte	39
 1316 0507 1E       		.byte	30
 1317 0508 30       		.byte	48
 1318 0509 01       		.byte	1
 1319 050a 33       		.byte	51
 1320 050b 01       		.byte	1
 1321 050c 36       		.byte	54
 1322 050d 06       		.byte	6
 1323 050e 37       		.byte	55
 1324 050f 1E       		.byte	30
 1325 0510 3A       		.byte	58
 1326 0511 80       		.byte	-128
 1327 0512 58       		.byte	88
 1328 0513 04       		.byte	4
 1329 0514 59       		.byte	89
 1330 0515 04       		.byte	4
 1331 0516 5F       		.byte	95
 1332 0517 01       		.byte	1
 1333 0518 81       		.byte	-127
 1334 0519 30       		.byte	48
 1335 051a 82       		.byte	-126
 1336 051b 01       		.byte	1
 1337 051c 83       		.byte	-125
 1338 051d 04       		.byte	4
 1339 051e 85       		.byte	-123
 1340 051f 20       		.byte	32
 1341 0520 86       		.byte	-122
 1342 0521 04       		.byte	4
 1343 0522 87       		.byte	-121
 1344 0523 04       		.byte	4
 1345 0524 89       		.byte	-119
 1346 0525 1C       		.byte	28
 1347 0526 91       		.byte	-111
 1348 0527 30       		.byte	48
 1349 0528 93       		.byte	-109
 1350 0529 08       		.byte	8
 1351 052a 95       		.byte	-107
 1352 052b 02       		.byte	2
 1353 052c 96       		.byte	-106
 1354 052d 02       		.byte	2
 1355 052e 97       		.byte	-105
 1356 052f 01       		.byte	1
 1357 0530 99       		.byte	-103
 1358 0531 2C       		.byte	44
 1359 0532 9B       		.byte	-101
 1360 0533 10       		.byte	16
 1361 0534 A1       		.byte	-95
 1362 0535 01       		.byte	1
 1363 0536 A3       		.byte	-93
 1364 0537 02       		.byte	2
 1365 0538 A5       		.byte	-91
 1366 0539 01       		.byte	1
 1367 053a A6       		.byte	-90
 1368 053b 08       		.byte	8
ARM GAS  C:\Users\ukul426\AppData\Local\Temp\cccO6XE6.s 			page 25


 1369 053c A7       		.byte	-89
 1370 053d 02       		.byte	2
 1371 053e AB       		.byte	-85
 1372 053f 3C       		.byte	60
 1373 0540 AD       		.byte	-83
 1374 0541 01       		.byte	1
 1375 0542 AF       		.byte	-81
 1376 0543 02       		.byte	2
 1377 0544 B0       		.byte	-80
 1378 0545 04       		.byte	4
 1379 0546 B2       		.byte	-78
 1380 0547 08       		.byte	8
 1381 0548 B4       		.byte	-76
 1382 0549 02       		.byte	2
 1383 054a B5       		.byte	-75
 1384 054b 03       		.byte	3
 1385 054c B6       		.byte	-74
 1386 054d 01       		.byte	1
 1387 054e B7       		.byte	-73
 1388 054f 3C       		.byte	60
 1389 0550 BB       		.byte	-69
 1390 0551 20       		.byte	32
 1391 0552 D8       		.byte	-40
 1392 0553 04       		.byte	4
 1393 0554 D9       		.byte	-39
 1394 0555 04       		.byte	4
 1395 0556 DB       		.byte	-37
 1396 0557 04       		.byte	4
 1397 0558 DF       		.byte	-33
 1398 0559 01       		.byte	1
 1399 055a 00       		.byte	0
 1400 055b 04       		.byte	4
 1401 055c 01       		.byte	1
 1402 055d 02       		.byte	2
 1403 055e 05       		.byte	5
 1404 055f 0D       		.byte	13
 1405 0560 09       		.byte	9
 1406 0561 08       		.byte	8
 1407 0562 0A       		.byte	10
 1408 0563 01       		.byte	1
 1409 0564 0F       		.byte	15
 1410 0565 20       		.byte	32
 1411 0566 17       		.byte	23
 1412 0567 08       		.byte	8
 1413 0568 19       		.byte	25
 1414 0569 82       		.byte	-126
 1415 056a 1A       		.byte	26
 1416 056b 01       		.byte	1
 1417 056c 1C       		.byte	28
 1418 056d 04       		.byte	4
 1419 056e 1D       		.byte	29
 1420 056f 15       		.byte	21
 1421 0570 1F       		.byte	31
 1422 0571 42       		.byte	66
 1423 0572 20       		.byte	32
 1424 0573 02       		.byte	2
 1425 0574 21       		.byte	33
ARM GAS  C:\Users\ukul426\AppData\Local\Temp\cccO6XE6.s 			page 26


 1426 0575 48       		.byte	72
 1427 0576 25       		.byte	37
 1428 0577 30       		.byte	48
 1429 0578 26       		.byte	38
 1430 0579 80       		.byte	-128
 1431 057a 27       		.byte	39
 1432 057b 05       		.byte	5
 1433 057c 28       		.byte	40
 1434 057d 80       		.byte	-128
 1435 057e 2A       		.byte	42
 1436 057f 08       		.byte	8
 1437 0580 2D       		.byte	45
 1438 0581 28       		.byte	40
 1439 0582 2F       		.byte	47
 1440 0583 42       		.byte	66
 1441 0584 31       		.byte	49
 1442 0585 10       		.byte	16
 1443 0586 32       		.byte	50
 1444 0587 84       		.byte	-124
 1445 0588 37       		.byte	55
 1446 0589 25       		.byte	37
 1447 058a 39       		.byte	57
 1448 058b 88       		.byte	-120
 1449 058c 3C       		.byte	60
 1450 058d 22       		.byte	34
 1451 058e 3E       		.byte	62
 1452 058f 08       		.byte	8
 1453 0590 6E       		.byte	110
 1454 0591 40       		.byte	64
 1455 0592 6F       		.byte	111
 1456 0593 08       		.byte	8
 1457 0594 83       		.byte	-125
 1458 0595 18       		.byte	24
 1459 0596 8E       		.byte	-114
 1460 0597 40       		.byte	64
 1461 0598 8F       		.byte	-113
 1462 0599 08       		.byte	8
 1463 059a 91       		.byte	-111
 1464 059b 08       		.byte	8
 1465 059c 92       		.byte	-110
 1466 059d 08       		.byte	8
 1467 059e 95       		.byte	-107
 1468 059f 80       		.byte	-128
 1469 05a0 96       		.byte	-106
 1470 05a1 01       		.byte	1
 1471 05a2 98       		.byte	-104
 1472 05a3 80       		.byte	-128
 1473 05a4 99       		.byte	-103
 1474 05a5 20       		.byte	32
 1475 05a6 9A       		.byte	-102
 1476 05a7 08       		.byte	8
 1477 05a8 9B       		.byte	-101
 1478 05a9 20       		.byte	32
 1479 05aa 9D       		.byte	-99
 1480 05ab 80       		.byte	-128
 1481 05ac 9F       		.byte	-97
 1482 05ad 01       		.byte	1
ARM GAS  C:\Users\ukul426\AppData\Local\Temp\cccO6XE6.s 			page 27


 1483 05ae A0       		.byte	-96
 1484 05af 10       		.byte	16
 1485 05b0 A4       		.byte	-92
 1486 05b1 01       		.byte	1
 1487 05b2 A5       		.byte	-91
 1488 05b3 30       		.byte	48
 1489 05b4 A6       		.byte	-90
 1490 05b5 80       		.byte	-128
 1491 05b6 AA       		.byte	-86
 1492 05b7 20       		.byte	32
 1493 05b8 B7       		.byte	-73
 1494 05b9 04       		.byte	4
 1495 05ba C0       		.byte	-64
 1496 05bb 3C       		.byte	60
 1497 05bc C2       		.byte	-62
 1498 05bd 25       		.byte	37
 1499 05be C4       		.byte	-60
 1500 05bf 20       		.byte	32
 1501 05c0 CA       		.byte	-54
 1502 05c1 F3       		.byte	-13
 1503 05c2 CC       		.byte	-52
 1504 05c3 EE       		.byte	-18
 1505 05c4 CE       		.byte	-50
 1506 05c5 EA       		.byte	-22
 1507 05c6 E2       		.byte	-30
 1508 05c7 10       		.byte	16
 1509 05c8 E6       		.byte	-26
 1510 05c9 40       		.byte	64
 1511 05ca EE       		.byte	-18
 1512 05cb 14       		.byte	20
 1513 05cc 02       		.byte	2
 1514 05cd 40       		.byte	64
 1515 05ce 04       		.byte	4
 1516 05cf 10       		.byte	16
 1517 05d0 08       		.byte	8
 1518 05d1 27       		.byte	39
 1519 05d2 0C       		.byte	12
 1520 05d3 21       		.byte	33
 1521 05d4 0D       		.byte	13
 1522 05d5 0C       		.byte	12
 1523 05d6 0E       		.byte	14
 1524 05d7 02       		.byte	2
 1525 05d8 0F       		.byte	15
 1526 05d9 01       		.byte	1
 1527 05da 11       		.byte	17
 1528 05db 0C       		.byte	12
 1529 05dc 13       		.byte	19
 1530 05dd 02       		.byte	2
 1531 05de 15       		.byte	21
 1532 05df 0B       		.byte	11
 1533 05e0 17       		.byte	23
 1534 05e1 04       		.byte	4
 1535 05e2 19       		.byte	25
 1536 05e3 08       		.byte	8
 1537 05e4 1A       		.byte	26
 1538 05e5 08       		.byte	8
 1539 05e6 1B       		.byte	27
ARM GAS  C:\Users\ukul426\AppData\Local\Temp\cccO6XE6.s 			page 28


 1540 05e7 01       		.byte	1
 1541 05e8 1E       		.byte	30
 1542 05e9 07       		.byte	7
 1543 05ea 20       		.byte	32
 1544 05eb 04       		.byte	4
 1545 05ec 22       		.byte	34
 1546 05ed 20       		.byte	32
 1547 05ee 23       		.byte	35
 1548 05ef 0F       		.byte	15
 1549 05f0 24       		.byte	36
 1550 05f1 07       		.byte	7
 1551 05f2 28       		.byte	40
 1552 05f3 21       		.byte	33
 1553 05f4 29       		.byte	41
 1554 05f5 07       		.byte	7
 1555 05f6 2A       		.byte	42
 1556 05f7 02       		.byte	2
 1557 05f8 2C       		.byte	44
 1558 05f9 20       		.byte	32
 1559 05fa 2E       		.byte	46
 1560 05fb 04       		.byte	4
 1561 05fc 30       		.byte	48
 1562 05fd 10       		.byte	16
 1563 05fe 31       		.byte	49
 1564 05ff 0F       		.byte	15
 1565 0600 34       		.byte	52
 1566 0601 60       		.byte	96
 1567 0602 36       		.byte	54
 1568 0603 0F       		.byte	15
 1569 0604 3E       		.byte	62
 1570 0605 01       		.byte	1
 1571 0606 58       		.byte	88
 1572 0607 04       		.byte	4
 1573 0608 59       		.byte	89
 1574 0609 04       		.byte	4
 1575 060a 5B       		.byte	91
 1576 060b 04       		.byte	4
 1577 060c 5F       		.byte	95
 1578 060d 01       		.byte	1
 1579 060e 81       		.byte	-127
 1580 060f 0C       		.byte	12
 1581 0610 83       		.byte	-125
 1582 0611 02       		.byte	2
 1583 0612 85       		.byte	-123
 1584 0613 30       		.byte	48
 1585 0614 87       		.byte	-121
 1586 0615 C0       		.byte	-64
 1587 0616 88       		.byte	-120
 1588 0617 07       		.byte	7
 1589 0618 89       		.byte	-119
 1590 0619 F0       		.byte	-16
 1591 061a 8C       		.byte	-116
 1592 061b 0A       		.byte	10
 1593 061c 8D       		.byte	-115
 1594 061d C0       		.byte	-64
 1595 061e 8E       		.byte	-114
 1596 061f 05       		.byte	5
ARM GAS  C:\Users\ukul426\AppData\Local\Temp\cccO6XE6.s 			page 29


 1597 0620 8F       		.byte	-113
 1598 0621 30       		.byte	48
 1599 0622 91       		.byte	-111
 1600 0623 0C       		.byte	12
 1601 0624 93       		.byte	-109
 1602 0625 01       		.byte	1
 1603 0626 94       		.byte	-108
 1604 0627 0F       		.byte	15
 1605 0628 95       		.byte	-107
 1606 0629 07       		.byte	7
 1607 062a 98       		.byte	-104
 1608 062b 05       		.byte	5
 1609 062c 9A       		.byte	-102
 1610 062d 0A       		.byte	10
 1611 062e 9B       		.byte	-101
 1612 062f 0F       		.byte	15
 1613 0630 9C       		.byte	-100
 1614 0631 03       		.byte	3
 1615 0632 9D       		.byte	-99
 1616 0633 A0       		.byte	-96
 1617 0634 9E       		.byte	-98
 1618 0635 0C       		.byte	12
 1619 0636 9F       		.byte	-97
 1620 0637 50       		.byte	80
 1621 0638 A1       		.byte	-95
 1622 0639 50       		.byte	80
 1623 063a A3       		.byte	-93
 1624 063b A0       		.byte	-96
 1625 063c A5       		.byte	-91
 1626 063d 0B       		.byte	11
 1627 063e A7       		.byte	-89
 1628 063f 04       		.byte	4
 1629 0640 A9       		.byte	-87
 1630 0641 70       		.byte	112
 1631 0642 AC       		.byte	-84
 1632 0643 0C       		.byte	12
 1633 0644 AD       		.byte	-83
 1634 0645 08       		.byte	8
 1635 0646 AE       		.byte	-82
 1636 0647 03       		.byte	3
 1637 0648 AF       		.byte	-81
 1638 0649 01       		.byte	1
 1639 064a B1       		.byte	-79
 1640 064b 0F       		.byte	15
 1641 064c B2       		.byte	-78
 1642 064d 0F       		.byte	15
 1643 064e B3       		.byte	-77
 1644 064f F0       		.byte	-16
 1645 0650 D4       		.byte	-44
 1646 0651 0F       		.byte	15
 1647 0652 D6       		.byte	-42
 1648 0653 04       		.byte	4
 1649 0654 D8       		.byte	-40
 1650 0655 04       		.byte	4
 1651 0656 D9       		.byte	-39
 1652 0657 04       		.byte	4
 1653 0658 DB       		.byte	-37
ARM GAS  C:\Users\ukul426\AppData\Local\Temp\cccO6XE6.s 			page 30


 1654 0659 04       		.byte	4
 1655 065a DF       		.byte	-33
 1656 065b 01       		.byte	1
 1657 065c 00       		.byte	0
 1658 065d 80       		.byte	-128
 1659 065e 03       		.byte	3
 1660 065f 08       		.byte	8
 1661 0660 04       		.byte	4
 1662 0661 10       		.byte	16
 1663 0662 06       		.byte	6
 1664 0663 20       		.byte	32
 1665 0664 07       		.byte	7
 1666 0665 41       		.byte	65
 1667 0666 09       		.byte	9
 1668 0667 20       		.byte	32
 1669 0668 0A       		.byte	10
 1670 0669 11       		.byte	17
 1671 066a 0D       		.byte	13
 1672 066b 80       		.byte	-128
 1673 066c 0E       		.byte	14
 1674 066d 04       		.byte	4
 1675 066e 12       		.byte	18
 1676 066f 02       		.byte	2
 1677 0670 14       		.byte	20
 1678 0671 80       		.byte	-128
 1679 0672 15       		.byte	21
 1680 0673 88       		.byte	-120
 1681 0674 16       		.byte	22
 1682 0675 18       		.byte	24
 1683 0676 19       		.byte	25
 1684 0677 04       		.byte	4
 1685 0678 1A       		.byte	26
 1686 0679 10       		.byte	16
 1687 067a 1D       		.byte	29
 1688 067b 80       		.byte	-128
 1689 067c 1E       		.byte	30
 1690 067d 08       		.byte	8
 1691 067e 1F       		.byte	31
 1692 067f 02       		.byte	2
 1693 0680 20       		.byte	32
 1694 0681 90       		.byte	-112
 1695 0682 21       		.byte	33
 1696 0683 01       		.byte	1
 1697 0684 22       		.byte	34
 1698 0685 04       		.byte	4
 1699 0686 23       		.byte	35
 1700 0687 30       		.byte	48
 1701 0688 24       		.byte	36
 1702 0689 80       		.byte	-128
 1703 068a 25       		.byte	37
 1704 068b 01       		.byte	1
 1705 068c 26       		.byte	38
 1706 068d 02       		.byte	2
 1707 068e 28       		.byte	40
 1708 068f 80       		.byte	-128
 1709 0690 29       		.byte	41
 1710 0691 84       		.byte	-124
ARM GAS  C:\Users\ukul426\AppData\Local\Temp\cccO6XE6.s 			page 31


 1711 0692 2A       		.byte	42
 1712 0693 10       		.byte	16
 1713 0694 2E       		.byte	46
 1714 0695 01       		.byte	1
 1715 0696 2F       		.byte	47
 1716 0697 08       		.byte	8
 1717 0698 30       		.byte	48
 1718 0699 04       		.byte	4
 1719 069a 31       		.byte	49
 1720 069b 20       		.byte	32
 1721 069c 32       		.byte	50
 1722 069d 82       		.byte	-126
 1723 069e 33       		.byte	51
 1724 069f 18       		.byte	24
 1725 06a0 35       		.byte	53
 1726 06a1 04       		.byte	4
 1727 06a2 36       		.byte	54
 1728 06a3 02       		.byte	2
 1729 06a4 37       		.byte	55
 1730 06a5 10       		.byte	16
 1731 06a6 39       		.byte	57
 1732 06a7 82       		.byte	-126
 1733 06a8 3A       		.byte	58
 1734 06a9 08       		.byte	8
 1735 06aa 3B       		.byte	59
 1736 06ab 10       		.byte	16
 1737 06ac 3C       		.byte	60
 1738 06ad 80       		.byte	-128
 1739 06ae 58       		.byte	88
 1740 06af 06       		.byte	6
 1741 06b0 59       		.byte	89
 1742 06b1 50       		.byte	80
 1743 06b2 63       		.byte	99
 1744 06b3 40       		.byte	64
 1745 06b4 6E       		.byte	110
 1746 06b5 40       		.byte	64
 1747 06b6 6F       		.byte	111
 1748 06b7 04       		.byte	4
 1749 06b8 80       		.byte	-128
 1750 06b9 02       		.byte	2
 1751 06ba 81       		.byte	-127
 1752 06bb 04       		.byte	4
 1753 06bc 82       		.byte	-126
 1754 06bd 40       		.byte	64
 1755 06be 87       		.byte	-121
 1756 06bf 42       		.byte	66
 1757 06c0 91       		.byte	-111
 1758 06c1 08       		.byte	8
 1759 06c2 92       		.byte	-110
 1760 06c3 04       		.byte	4
 1761 06c4 94       		.byte	-108
 1762 06c5 80       		.byte	-128
 1763 06c6 95       		.byte	-107
 1764 06c7 82       		.byte	-126
 1765 06c8 96       		.byte	-106
 1766 06c9 11       		.byte	17
 1767 06ca 98       		.byte	-104
ARM GAS  C:\Users\ukul426\AppData\Local\Temp\cccO6XE6.s 			page 32


 1768 06cb 80       		.byte	-128
 1769 06cc 99       		.byte	-103
 1770 06cd 70       		.byte	112
 1771 06ce 9A       		.byte	-102
 1772 06cf 08       		.byte	8
 1773 06d0 9B       		.byte	-101
 1774 06d1 40       		.byte	64
 1775 06d2 9F       		.byte	-97
 1776 06d3 21       		.byte	33
 1777 06d4 A0       		.byte	-96
 1778 06d5 10       		.byte	16
 1779 06d6 A3       		.byte	-93
 1780 06d7 08       		.byte	8
 1781 06d8 A4       		.byte	-92
 1782 06d9 41       		.byte	65
 1783 06da A5       		.byte	-91
 1784 06db 91       		.byte	-111
 1785 06dc A6       		.byte	-90
 1786 06dd 84       		.byte	-124
 1787 06de A8       		.byte	-88
 1788 06df 80       		.byte	-128
 1789 06e0 AB       		.byte	-85
 1790 06e1 10       		.byte	16
 1791 06e2 B6       		.byte	-74
 1792 06e3 08       		.byte	8
 1793 06e4 C0       		.byte	-64
 1794 06e5 F3       		.byte	-13
 1795 06e6 C2       		.byte	-62
 1796 06e7 C7       		.byte	-57
 1797 06e8 C4       		.byte	-60
 1798 06e9 F1       		.byte	-15
 1799 06ea CA       		.byte	-54
 1800 06eb AF       		.byte	-81
 1801 06ec CC       		.byte	-52
 1802 06ed EF       		.byte	-17
 1803 06ee CE       		.byte	-50
 1804 06ef 1F       		.byte	31
 1805 06f0 D6       		.byte	-42
 1806 06f1 0F       		.byte	15
 1807 06f2 D8       		.byte	-40
 1808 06f3 01       		.byte	1
 1809 06f4 EA       		.byte	-22
 1810 06f5 01       		.byte	1
 1811 06f6 39       		.byte	57
 1812 06f7 08       		.byte	8
 1813 06f8 3F       		.byte	63
 1814 06f9 04       		.byte	4
 1815 06fa 59       		.byte	89
 1816 06fb 04       		.byte	4
 1817 06fc 5F       		.byte	95
 1818 06fd 01       		.byte	1
 1819 06fe 26       		.byte	38
 1820 06ff 04       		.byte	4
 1821 0700 91       		.byte	-111
 1822 0701 40       		.byte	64
 1823 0702 A3       		.byte	-93
 1824 0703 10       		.byte	16
ARM GAS  C:\Users\ukul426\AppData\Local\Temp\cccO6XE6.s 			page 33


 1825 0704 A4       		.byte	-92
 1826 0705 10       		.byte	16
 1827 0706 B1       		.byte	-79
 1828 0707 10       		.byte	16
 1829 0708 B6       		.byte	-74
 1830 0709 01       		.byte	1
 1831 070a EA       		.byte	-22
 1832 070b 11       		.byte	17
 1833 070c 88       		.byte	-120
 1834 070d 10       		.byte	16
 1835 070e A4       		.byte	-92
 1836 070f 10       		.byte	16
 1837 0710 AA       		.byte	-86
 1838 0711 04       		.byte	4
 1839 0712 B5       		.byte	-75
 1840 0713 40       		.byte	64
 1841 0714 B7       		.byte	-73
 1842 0715 10       		.byte	16
 1843 0716 31       		.byte	49
 1844 0717 02       		.byte	2
 1845 0718 33       		.byte	51
 1846 0719 10       		.byte	16
 1847 071a 34       		.byte	52
 1848 071b 02       		.byte	2
 1849 071c 36       		.byte	54
 1850 071d 40       		.byte	64
 1851 071e 3B       		.byte	59
 1852 071f 10       		.byte	16
 1853 0720 CC       		.byte	-52
 1854 0721 F0       		.byte	-16
 1855 0722 CE       		.byte	-50
 1856 0723 10       		.byte	16
 1857 0724 83       		.byte	-125
 1858 0725 10       		.byte	16
 1859 0726 84       		.byte	-124
 1860 0727 02       		.byte	2
 1861 0728 87       		.byte	-121
 1862 0729 10       		.byte	16
 1863 072a 97       		.byte	-105
 1864 072b 10       		.byte	16
 1865 072c 9C       		.byte	-100
 1866 072d 02       		.byte	2
 1867 072e 9F       		.byte	-97
 1868 072f 10       		.byte	16
 1869 0730 A5       		.byte	-91
 1870 0731 02       		.byte	2
 1871 0732 A6       		.byte	-90
 1872 0733 40       		.byte	64
 1873 0734 E2       		.byte	-30
 1874 0735 30       		.byte	48
 1875 0736 E6       		.byte	-26
 1876 0737 40       		.byte	64
 1877 0738 57       		.byte	87
 1878 0739 04       		.byte	4
 1879 073a A5       		.byte	-91
 1880 073b 02       		.byte	2
 1881 073c A6       		.byte	-90
ARM GAS  C:\Users\ukul426\AppData\Local\Temp\cccO6XE6.s 			page 34


 1882 073d 40       		.byte	64
 1883 073e D4       		.byte	-44
 1884 073f 40       		.byte	64
 1885 0740 1B       		.byte	27
 1886 0741 04       		.byte	4
 1887 0742 1F       		.byte	31
 1888 0743 02       		.byte	2
 1889 0744 64       		.byte	100
 1890 0745 08       		.byte	8
 1891 0746 8F       		.byte	-113
 1892 0747 04       		.byte	4
 1893 0748 A5       		.byte	-91
 1894 0749 02       		.byte	2
 1895 074a A6       		.byte	-90
 1896 074b 40       		.byte	64
 1897 074c A7       		.byte	-89
 1898 074d 04       		.byte	4
 1899 074e C6       		.byte	-58
 1900 074f 30       		.byte	48
 1901 0750 D8       		.byte	-40
 1902 0751 80       		.byte	-128
 1903 0752 15       		.byte	21
 1904 0753 01       		.byte	1
 1905 0754 C4       		.byte	-60
 1906 0755 04       		.byte	4
 1907 0756 85       		.byte	-123
 1908 0757 01       		.byte	1
 1909 0758 86       		.byte	-122
 1910 0759 01       		.byte	1
 1911 075a B1       		.byte	-79
 1912 075b 01       		.byte	1
 1913 075c EE       		.byte	-18
 1914 075d 01       		.byte	1
 1915 075e 95       		.byte	-107
 1916 075f 02       		.byte	2
 1917 0760 96       		.byte	-106
 1918 0761 01       		.byte	1
 1919 0762 0A       		.byte	10
 1920 0763 11       		.byte	17
 1921 0764 0D       		.byte	13
 1922 0765 01       		.byte	1
 1923 0766 95       		.byte	-107
 1924 0767 02       		.byte	2
 1925 0768 96       		.byte	-106
 1926 0769 01       		.byte	1
 1927 076a C2       		.byte	-62
 1928 076b 0E       		.byte	14
 1929 076c 50       		.byte	80
 1930 076d 40       		.byte	64
 1931 076e 53       		.byte	83
 1932 076f 02       		.byte	2
 1933 0770 54       		.byte	84
 1934 0771 02       		.byte	2
 1935 0772 56       		.byte	86
 1936 0773 08       		.byte	8
 1937 0774 64       		.byte	100
 1938 0775 08       		.byte	8
ARM GAS  C:\Users\ukul426\AppData\Local\Temp\cccO6XE6.s 			page 35


 1939 0776 6E       		.byte	110
 1940 0777 08       		.byte	8
 1941 0778 82       		.byte	-126
 1942 0779 20       		.byte	32
 1943 077a 84       		.byte	-124
 1944 077b 02       		.byte	2
 1945 077c 86       		.byte	-122
 1946 077d 40       		.byte	64
 1947 077e 9C       		.byte	-100
 1948 077f 08       		.byte	8
 1949 0780 A3       		.byte	-93
 1950 0781 02       		.byte	2
 1951 0782 A6       		.byte	-90
 1952 0783 40       		.byte	64
 1953 0784 A9       		.byte	-87
 1954 0785 02       		.byte	2
 1955 0786 D4       		.byte	-44
 1956 0787 E0       		.byte	-32
 1957 0788 D6       		.byte	-42
 1958 0789 20       		.byte	32
 1959 078a D8       		.byte	-40
 1960 078b 80       		.byte	-128
 1961 078c DA       		.byte	-38
 1962 078d 80       		.byte	-128
 1963 078e E2       		.byte	-30
 1964 078f 30       		.byte	48
 1965 0790 E6       		.byte	-26
 1966 0791 40       		.byte	64
 1967 0792 EA       		.byte	-22
 1968 0793 80       		.byte	-128
 1969 0794 09       		.byte	9
 1970 0795 80       		.byte	-128
 1971 0796 0D       		.byte	13
 1972 0797 20       		.byte	32
 1973 0798 72       		.byte	114
 1974 0799 20       		.byte	32
 1975 079a 74       		.byte	116
 1976 079b 02       		.byte	2
 1977 079c 81       		.byte	-127
 1978 079d A0       		.byte	-96
 1979 079e 8C       		.byte	-116
 1980 079f 02       		.byte	2
 1981 07a0 8E       		.byte	-114
 1982 07a1 08       		.byte	8
 1983 07a2 9A       		.byte	-102
 1984 07a3 20       		.byte	32
 1985 07a4 9E       		.byte	-98
 1986 07a5 08       		.byte	8
 1987 07a6 A8       		.byte	-88
 1988 07a7 08       		.byte	8
 1989 07a8 AA       		.byte	-86
 1990 07a9 04       		.byte	4
 1991 07aa AB       		.byte	-85
 1992 07ab 02       		.byte	2
 1993 07ac B4       		.byte	-76
 1994 07ad 40       		.byte	64
 1995 07ae C2       		.byte	-62
ARM GAS  C:\Users\ukul426\AppData\Local\Temp\cccO6XE6.s 			page 36


 1996 07af C0       		.byte	-64
 1997 07b0 DC       		.byte	-36
 1998 07b1 80       		.byte	-128
 1999 07b2 DE       		.byte	-34
 2000 07b3 20       		.byte	32
 2001 07b4 E0       		.byte	-32
 2002 07b5 20       		.byte	32
 2003 07b6 E4       		.byte	-28
 2004 07b7 80       		.byte	-128
 2005 07b8 E8       		.byte	-24
 2006 07b9 20       		.byte	32
 2007 07ba EE       		.byte	-18
 2008 07bb 20       		.byte	32
 2009 07bc 5C       		.byte	92
 2010 07bd 08       		.byte	8
 2011 07be 62       		.byte	98
 2012 07bf 20       		.byte	32
 2013 07c0 75       		.byte	117
 2014 07c1 08       		.byte	8
 2015 07c2 99       		.byte	-103
 2016 07c3 08       		.byte	8
 2017 07c4 AA       		.byte	-86
 2018 07c5 10       		.byte	16
 2019 07c6 B1       		.byte	-79
 2020 07c7 08       		.byte	8
 2021 07c8 D6       		.byte	-42
 2022 07c9 01       		.byte	1
 2023 07ca D8       		.byte	-40
 2024 07cb 02       		.byte	2
 2025 07cc DE       		.byte	-34
 2026 07cd 04       		.byte	4
 2027 07ce E8       		.byte	-24
 2028 07cf 01       		.byte	1
 2029 07d0 10       		.byte	16
 2030 07d1 80       		.byte	-128
 2031 07d2 88       		.byte	-120
 2032 07d3 80       		.byte	-128
 2033 07d4 B4       		.byte	-76
 2034 07d5 08       		.byte	8
 2035 07d6 B6       		.byte	-74
 2036 07d7 20       		.byte	32
 2037 07d8 C4       		.byte	-60
 2038 07d9 08       		.byte	8
 2039 07da E6       		.byte	-26
 2040 07db 01       		.byte	1
 2041 07dc E8       		.byte	-24
 2042 07dd 0A       		.byte	10
 2043 07de 00       		.byte	0
 2044 07df 01       		.byte	1
 2045 07e0 08       		.byte	8
 2046 07e1 01       		.byte	1
 2047 07e2 0A       		.byte	10
 2048 07e3 01       		.byte	1
 2049 07e4 0C       		.byte	12
 2050 07e5 01       		.byte	1
 2051 07e6 10       		.byte	16
 2052 07e7 01       		.byte	1
ARM GAS  C:\Users\ukul426\AppData\Local\Temp\cccO6XE6.s 			page 37


 2053 07e8 1A       		.byte	26
 2054 07e9 01       		.byte	1
 2055 07ea 00       		.byte	0
 2056 07eb AF       		.byte	-81
 2057 07ec 01       		.byte	1
 2058 07ed 02       		.byte	2
 2059 07ee 00       		.byte	0
 2060 07ef 00       		.byte	0
 2061 07f0 03       		.byte	3
 2062 07f1 01       		.byte	1
 2063 07f2 00       		.byte	0
 2064 07f3 00       		.byte	0
 2065 07f4 60       		.byte	96
 2066 07f5 00       		.byte	0
 2067 07f6 00       		.byte	0
 2068 07f7 00       		.byte	0
 2069 07f8 60       		.byte	96
 2070 07f9 07       		.byte	7
 2071 07fa 07       		.byte	7
 2072 07fb 00       		.byte	0
 2073 07fc 07       		.byte	7
 2074 07fd 00       		.byte	0
 2075 07fe 00       		.byte	0
 2076 07ff 00       		.byte	0
 2077 0800 40       		.byte	64
 2078 0801 00       		.byte	0
 2079 0802 00       		.byte	0
 2080 0803 1F       		.byte	31
 2081 0804 1F       		.byte	31
 2082 0805 00       		.byte	0
 2083 0806 1F       		.byte	31
 2084 0807 00       		.byte	0
 2085 0808 C0       		.byte	-64
 2086 0809 00       		.byte	0
 2087 080a 00       		.byte	0
 2088 080b 00       		.byte	0
 2089 080c 00       		.byte	0
 2090 080d CB       		.byte	-53
 2091 080e CB       		.byte	-53
 2092 080f 00       		.byte	0
 2093 0810 C0       		.byte	-64
 2094 0811 00       		.byte	0
 2095 0812 00       		.byte	0
 2096 0813 00       		.byte	0
 2097 0814 00       		.byte	0
 2098 0815 05       		.byte	5
 2099 0816 05       		.byte	5
 2100 0817 00       		.byte	0
 2101 0818 00       		.byte	0
 2102 0819 00       		.byte	0
 2103 081a 00       		.byte	0
 2104 081b 00       		.byte	0
 2105 081c C0       		.byte	-64
 2106 081d 00       		.byte	0
 2107 081e 00       		.byte	0
 2108 081f 00       		.byte	0
 2109 0820 00       		.byte	0
ARM GAS  C:\Users\ukul426\AppData\Local\Temp\cccO6XE6.s 			page 38


 2110 0821 00       		.byte	0
 2111 0822 00       		.byte	0
 2112 0823 00       		.byte	0
 2113              		.section	.cywolatch,"a",%progbits
 2114              		.align	2
 2115              		.type	cy_meta_wonvl, %object
 2116              		.size	cy_meta_wonvl, 4
 2117              	cy_meta_wonvl:
 2118 0000 BC       		.byte	-68
 2119 0001 90       		.byte	-112
 2120 0002 AC       		.byte	-84
 2121 0003 AF       		.byte	-81
 2122              		.section	.cycustnvl,"a",%progbits
 2123              		.align	2
 2124              		.type	cy_meta_custnvl, %object
 2125              		.size	cy_meta_custnvl, 4
 2126              	cy_meta_custnvl:
 2127 0000 00       		.byte	0
 2128 0001 00       		.byte	0
 2129 0002 40       		.byte	64
 2130 0003 05       		.byte	5
 2131              		.section	.cymeta,"a",%progbits
 2132              		.align	2
 2133              		.type	cy_metadata, %object
 2134              		.size	cy_metadata, 12
 2135              	cy_metadata:
 2136 0000 00       		.byte	0
 2137 0001 01       		.byte	1
 2138 0002 2E       		.byte	46
 2139 0003 16       		.byte	22
 2140 0004 10       		.byte	16
 2141 0005 69       		.byte	105
 2142 0006 00       		.byte	0
 2143 0007 01       		.byte	1
 2144 0008 00       		.byte	0
 2145 0009 00       		.byte	0
 2146 000a 00       		.byte	0
 2147 000b 00       		.byte	0
 2148              		.section	.cyflashprotect,"a",%progbits
 2149              		.align	2
 2150              		.type	cy_meta_flashprotect, %object
 2151              		.size	cy_meta_flashprotect, 256
 2152              	cy_meta_flashprotect:
 2153 0000 00000000 		.space	256
 2153      00000000 
 2153      00000000 
 2153      00000000 
 2153      00000000 
 2154              		.text
 2155              	.Letext0:
 2156              		.file 1 "c:\\program files (x86)\\cypress\\psoc creator\\4.2\\psoc creator\\import\\gnu\\arm\\5.4.
 2157              		.file 2 "c:\\program files (x86)\\cypress\\psoc creator\\4.2\\psoc creator\\import\\gnu\\arm\\5.4.
 2158              		.file 3 "Generated_Source\\PSoC5\\cymetadata.c"
 2159              		.section	.debug_info,"",%progbits
 2160              	.Ldebug_info0:
 2161 0000 35010000 		.4byte	0x135
 2162 0004 0400     		.2byte	0x4
ARM GAS  C:\Users\ukul426\AppData\Local\Temp\cccO6XE6.s 			page 39


 2163 0006 00000000 		.4byte	.Ldebug_abbrev0
 2164 000a 04       		.byte	0x4
 2165 000b 01       		.uleb128 0x1
 2166 000c 24000000 		.4byte	.LASF17
 2167 0010 0C       		.byte	0xc
 2168 0011 BF010000 		.4byte	.LASF18
 2169 0015 69010000 		.4byte	.LASF19
 2170 0019 00000000 		.4byte	.Ldebug_line0
 2171 001d 02       		.uleb128 0x2
 2172 001e 01       		.byte	0x1
 2173 001f 06       		.byte	0x6
 2174 0020 B3010000 		.4byte	.LASF0
 2175 0024 03       		.uleb128 0x3
 2176 0025 00000000 		.4byte	.LASF9
 2177 0029 01       		.byte	0x1
 2178 002a 1D       		.byte	0x1d
 2179 002b 2F000000 		.4byte	0x2f
 2180 002f 02       		.uleb128 0x2
 2181 0030 01       		.byte	0x1
 2182 0031 08       		.byte	0x8
 2183 0032 16000000 		.4byte	.LASF1
 2184 0036 02       		.uleb128 0x2
 2185 0037 02       		.byte	0x2
 2186 0038 05       		.byte	0x5
 2187 0039 5F010000 		.4byte	.LASF2
 2188 003d 02       		.uleb128 0x2
 2189 003e 02       		.byte	0x2
 2190 003f 07       		.byte	0x7
 2191 0040 C4000000 		.4byte	.LASF3
 2192 0044 02       		.uleb128 0x2
 2193 0045 04       		.byte	0x4
 2194 0046 05       		.byte	0x5
 2195 0047 AA010000 		.4byte	.LASF4
 2196 004b 02       		.uleb128 0x2
 2197 004c 04       		.byte	0x4
 2198 004d 07       		.byte	0x7
 2199 004e B2000000 		.4byte	.LASF5
 2200 0052 02       		.uleb128 0x2
 2201 0053 08       		.byte	0x8
 2202 0054 05       		.byte	0x5
 2203 0055 51010000 		.4byte	.LASF6
 2204 0059 02       		.uleb128 0x2
 2205 005a 08       		.byte	0x8
 2206 005b 07       		.byte	0x7
 2207 005c 06010000 		.4byte	.LASF7
 2208 0060 04       		.uleb128 0x4
 2209 0061 04       		.byte	0x4
 2210 0062 05       		.byte	0x5
 2211 0063 696E7400 		.ascii	"int\000"
 2212 0067 02       		.uleb128 0x2
 2213 0068 04       		.byte	0x4
 2214 0069 07       		.byte	0x7
 2215 006a F9000000 		.4byte	.LASF8
 2216 006e 03       		.uleb128 0x3
 2217 006f 1D010000 		.4byte	.LASF10
 2218 0073 02       		.byte	0x2
 2219 0074 18       		.byte	0x18
ARM GAS  C:\Users\ukul426\AppData\Local\Temp\cccO6XE6.s 			page 40


 2220 0075 24000000 		.4byte	0x24
 2221 0079 05       		.uleb128 0x5
 2222 007a 91000000 		.4byte	0x91
 2223 007e 8A000000 		.4byte	0x8a
 2224 0082 06       		.uleb128 0x6
 2225 0083 8A000000 		.4byte	0x8a
 2226 0087 2308     		.2byte	0x823
 2227 0089 00       		.byte	0
 2228 008a 02       		.uleb128 0x2
 2229 008b 04       		.byte	0x4
 2230 008c 07       		.byte	0x7
 2231 008d 48010000 		.4byte	.LASF11
 2232 0091 07       		.uleb128 0x7
 2233 0092 6E000000 		.4byte	0x6e
 2234 0096 08       		.uleb128 0x8
 2235 0097 E7000000 		.4byte	.LASF12
 2236 009b 03       		.byte	0x3
 2237 009c 1F       		.byte	0x1f
 2238 009d A7000000 		.4byte	0xa7
 2239 00a1 05       		.uleb128 0x5
 2240 00a2 03       		.byte	0x3
 2241 00a3 00000000 		.4byte	cy_meta_configecc
 2242 00a7 07       		.uleb128 0x7
 2243 00a8 79000000 		.4byte	0x79
 2244 00ac 05       		.uleb128 0x5
 2245 00ad 91000000 		.4byte	0x91
 2246 00b1 BC000000 		.4byte	0xbc
 2247 00b5 09       		.uleb128 0x9
 2248 00b6 8A000000 		.4byte	0x8a
 2249 00ba 03       		.byte	0x3
 2250 00bb 00       		.byte	0
 2251 00bc 0A       		.uleb128 0xa
 2252 00bd D7000000 		.4byte	.LASF13
 2253 00c1 03       		.byte	0x3
 2254 00c2 3101     		.2byte	0x131
 2255 00c4 CE000000 		.4byte	0xce
 2256 00c8 05       		.uleb128 0x5
 2257 00c9 03       		.byte	0x3
 2258 00ca 00000000 		.4byte	cy_meta_custnvl
 2259 00ce 07       		.uleb128 0x7
 2260 00cf AC000000 		.4byte	0xac
 2261 00d3 0A       		.uleb128 0xa
 2262 00d4 3A010000 		.4byte	.LASF14
 2263 00d8 03       		.byte	0x3
 2264 00d9 3F01     		.2byte	0x13f
 2265 00db E5000000 		.4byte	0xe5
 2266 00df 05       		.uleb128 0x5
 2267 00e0 03       		.byte	0x3
 2268 00e1 00000000 		.4byte	cy_meta_wonvl
 2269 00e5 07       		.uleb128 0x7
 2270 00e6 AC000000 		.4byte	0xac
 2271 00ea 05       		.uleb128 0x5
 2272 00eb 91000000 		.4byte	0x91
 2273 00ef FA000000 		.4byte	0xfa
 2274 00f3 09       		.uleb128 0x9
 2275 00f4 8A000000 		.4byte	0x8a
 2276 00f8 FF       		.byte	0xff
ARM GAS  C:\Users\ukul426\AppData\Local\Temp\cccO6XE6.s 			page 41


 2277 00f9 00       		.byte	0
 2278 00fa 0A       		.uleb128 0xa
 2279 00fb 25010000 		.4byte	.LASF15
 2280 00ff 03       		.byte	0x3
 2281 0100 4D01     		.2byte	0x14d
 2282 0102 0C010000 		.4byte	0x10c
 2283 0106 05       		.uleb128 0x5
 2284 0107 03       		.byte	0x3
 2285 0108 00000000 		.4byte	cy_meta_flashprotect
 2286 010c 07       		.uleb128 0x7
 2287 010d EA000000 		.4byte	0xea
 2288 0111 05       		.uleb128 0x5
 2289 0112 91000000 		.4byte	0x91
 2290 0116 21010000 		.4byte	0x121
 2291 011a 09       		.uleb128 0x9
 2292 011b 8A000000 		.4byte	0x8a
 2293 011f 0B       		.byte	0xb
 2294 0120 00       		.byte	0
 2295 0121 0A       		.uleb128 0xa
 2296 0122 0A000000 		.4byte	.LASF16
 2297 0126 03       		.byte	0x3
 2298 0127 7A01     		.2byte	0x17a
 2299 0129 33010000 		.4byte	0x133
 2300 012d 05       		.uleb128 0x5
 2301 012e 03       		.byte	0x3
 2302 012f 00000000 		.4byte	cy_metadata
 2303 0133 07       		.uleb128 0x7
 2304 0134 11010000 		.4byte	0x111
 2305 0138 00       		.byte	0
 2306              		.section	.debug_abbrev,"",%progbits
 2307              	.Ldebug_abbrev0:
 2308 0000 01       		.uleb128 0x1
 2309 0001 11       		.uleb128 0x11
 2310 0002 01       		.byte	0x1
 2311 0003 25       		.uleb128 0x25
 2312 0004 0E       		.uleb128 0xe
 2313 0005 13       		.uleb128 0x13
 2314 0006 0B       		.uleb128 0xb
 2315 0007 03       		.uleb128 0x3
 2316 0008 0E       		.uleb128 0xe
 2317 0009 1B       		.uleb128 0x1b
 2318 000a 0E       		.uleb128 0xe
 2319 000b 10       		.uleb128 0x10
 2320 000c 17       		.uleb128 0x17
 2321 000d 00       		.byte	0
 2322 000e 00       		.byte	0
 2323 000f 02       		.uleb128 0x2
 2324 0010 24       		.uleb128 0x24
 2325 0011 00       		.byte	0
 2326 0012 0B       		.uleb128 0xb
 2327 0013 0B       		.uleb128 0xb
 2328 0014 3E       		.uleb128 0x3e
 2329 0015 0B       		.uleb128 0xb
 2330 0016 03       		.uleb128 0x3
 2331 0017 0E       		.uleb128 0xe
 2332 0018 00       		.byte	0
 2333 0019 00       		.byte	0
ARM GAS  C:\Users\ukul426\AppData\Local\Temp\cccO6XE6.s 			page 42


 2334 001a 03       		.uleb128 0x3
 2335 001b 16       		.uleb128 0x16
 2336 001c 00       		.byte	0
 2337 001d 03       		.uleb128 0x3
 2338 001e 0E       		.uleb128 0xe
 2339 001f 3A       		.uleb128 0x3a
 2340 0020 0B       		.uleb128 0xb
 2341 0021 3B       		.uleb128 0x3b
 2342 0022 0B       		.uleb128 0xb
 2343 0023 49       		.uleb128 0x49
 2344 0024 13       		.uleb128 0x13
 2345 0025 00       		.byte	0
 2346 0026 00       		.byte	0
 2347 0027 04       		.uleb128 0x4
 2348 0028 24       		.uleb128 0x24
 2349 0029 00       		.byte	0
 2350 002a 0B       		.uleb128 0xb
 2351 002b 0B       		.uleb128 0xb
 2352 002c 3E       		.uleb128 0x3e
 2353 002d 0B       		.uleb128 0xb
 2354 002e 03       		.uleb128 0x3
 2355 002f 08       		.uleb128 0x8
 2356 0030 00       		.byte	0
 2357 0031 00       		.byte	0
 2358 0032 05       		.uleb128 0x5
 2359 0033 01       		.uleb128 0x1
 2360 0034 01       		.byte	0x1
 2361 0035 49       		.uleb128 0x49
 2362 0036 13       		.uleb128 0x13
 2363 0037 01       		.uleb128 0x1
 2364 0038 13       		.uleb128 0x13
 2365 0039 00       		.byte	0
 2366 003a 00       		.byte	0
 2367 003b 06       		.uleb128 0x6
 2368 003c 21       		.uleb128 0x21
 2369 003d 00       		.byte	0
 2370 003e 49       		.uleb128 0x49
 2371 003f 13       		.uleb128 0x13
 2372 0040 2F       		.uleb128 0x2f
 2373 0041 05       		.uleb128 0x5
 2374 0042 00       		.byte	0
 2375 0043 00       		.byte	0
 2376 0044 07       		.uleb128 0x7
 2377 0045 26       		.uleb128 0x26
 2378 0046 00       		.byte	0
 2379 0047 49       		.uleb128 0x49
 2380 0048 13       		.uleb128 0x13
 2381 0049 00       		.byte	0
 2382 004a 00       		.byte	0
 2383 004b 08       		.uleb128 0x8
 2384 004c 34       		.uleb128 0x34
 2385 004d 00       		.byte	0
 2386 004e 03       		.uleb128 0x3
 2387 004f 0E       		.uleb128 0xe
 2388 0050 3A       		.uleb128 0x3a
 2389 0051 0B       		.uleb128 0xb
 2390 0052 3B       		.uleb128 0x3b
ARM GAS  C:\Users\ukul426\AppData\Local\Temp\cccO6XE6.s 			page 43


 2391 0053 0B       		.uleb128 0xb
 2392 0054 49       		.uleb128 0x49
 2393 0055 13       		.uleb128 0x13
 2394 0056 3F       		.uleb128 0x3f
 2395 0057 19       		.uleb128 0x19
 2396 0058 02       		.uleb128 0x2
 2397 0059 18       		.uleb128 0x18
 2398 005a 00       		.byte	0
 2399 005b 00       		.byte	0
 2400 005c 09       		.uleb128 0x9
 2401 005d 21       		.uleb128 0x21
 2402 005e 00       		.byte	0
 2403 005f 49       		.uleb128 0x49
 2404 0060 13       		.uleb128 0x13
 2405 0061 2F       		.uleb128 0x2f
 2406 0062 0B       		.uleb128 0xb
 2407 0063 00       		.byte	0
 2408 0064 00       		.byte	0
 2409 0065 0A       		.uleb128 0xa
 2410 0066 34       		.uleb128 0x34
 2411 0067 00       		.byte	0
 2412 0068 03       		.uleb128 0x3
 2413 0069 0E       		.uleb128 0xe
 2414 006a 3A       		.uleb128 0x3a
 2415 006b 0B       		.uleb128 0xb
 2416 006c 3B       		.uleb128 0x3b
 2417 006d 05       		.uleb128 0x5
 2418 006e 49       		.uleb128 0x49
 2419 006f 13       		.uleb128 0x13
 2420 0070 3F       		.uleb128 0x3f
 2421 0071 19       		.uleb128 0x19
 2422 0072 02       		.uleb128 0x2
 2423 0073 18       		.uleb128 0x18
 2424 0074 00       		.byte	0
 2425 0075 00       		.byte	0
 2426 0076 00       		.byte	0
 2427              		.section	.debug_aranges,"",%progbits
 2428 0000 14000000 		.4byte	0x14
 2429 0004 0200     		.2byte	0x2
 2430 0006 00000000 		.4byte	.Ldebug_info0
 2431 000a 04       		.byte	0x4
 2432 000b 00       		.byte	0
 2433 000c 0000     		.2byte	0
 2434 000e 0000     		.2byte	0
 2435 0010 00000000 		.4byte	0
 2436 0014 00000000 		.4byte	0
 2437              		.section	.debug_line,"",%progbits
 2438              	.Ldebug_line0:
 2439 0000 3D010000 		.section	.debug_str,"MS",%progbits,1
 2439      02003701 
 2439      00000201 
 2439      FB0E0D00 
 2439      01010101 
 2440              	.LASF9:
 2441 0000 5F5F7569 		.ascii	"__uint8_t\000"
 2441      6E74385F 
 2441      7400
ARM GAS  C:\Users\ukul426\AppData\Local\Temp\cccO6XE6.s 			page 44


 2442              	.LASF16:
 2443 000a 63795F6D 		.ascii	"cy_metadata\000"
 2443      65746164 
 2443      61746100 
 2444              	.LASF1:
 2445 0016 756E7369 		.ascii	"unsigned char\000"
 2445      676E6564 
 2445      20636861 
 2445      7200
 2446              	.LASF17:
 2447 0024 474E5520 		.ascii	"GNU C11 5.4.1 20160609 (release) [ARM/embedded-5-br"
 2447      43313120 
 2447      352E342E 
 2447      31203230 
 2447      31363036 
 2448 0057 616E6368 		.ascii	"anch revision 237715] -mcpu=cortex-m3 -mthumb -g -O"
 2448      20726576 
 2448      6973696F 
 2448      6E203233 
 2448      37373135 
 2449 008a 67202D66 		.ascii	"g -ffunction-sections -ffat-lto-objects\000"
 2449      66756E63 
 2449      74696F6E 
 2449      2D736563 
 2449      74696F6E 
 2450              	.LASF5:
 2451 00b2 6C6F6E67 		.ascii	"long unsigned int\000"
 2451      20756E73 
 2451      69676E65 
 2451      6420696E 
 2451      7400
 2452              	.LASF3:
 2453 00c4 73686F72 		.ascii	"short unsigned int\000"
 2453      7420756E 
 2453      7369676E 
 2453      65642069 
 2453      6E7400
 2454              	.LASF13:
 2455 00d7 63795F6D 		.ascii	"cy_meta_custnvl\000"
 2455      6574615F 
 2455      63757374 
 2455      6E766C00 
 2456              	.LASF12:
 2457 00e7 63795F6D 		.ascii	"cy_meta_configecc\000"
 2457      6574615F 
 2457      636F6E66 
 2457      69676563 
 2457      6300
 2458              	.LASF8:
 2459 00f9 756E7369 		.ascii	"unsigned int\000"
 2459      676E6564 
 2459      20696E74 
 2459      00
 2460              	.LASF7:
 2461 0106 6C6F6E67 		.ascii	"long long unsigned int\000"
 2461      206C6F6E 
 2461      6720756E 
ARM GAS  C:\Users\ukul426\AppData\Local\Temp\cccO6XE6.s 			page 45


 2461      7369676E 
 2461      65642069 
 2462              	.LASF10:
 2463 011d 75696E74 		.ascii	"uint8_t\000"
 2463      385F7400 
 2464              	.LASF15:
 2465 0125 63795F6D 		.ascii	"cy_meta_flashprotect\000"
 2465      6574615F 
 2465      666C6173 
 2465      6870726F 
 2465      74656374 
 2466              	.LASF14:
 2467 013a 63795F6D 		.ascii	"cy_meta_wonvl\000"
 2467      6574615F 
 2467      776F6E76 
 2467      6C00
 2468              	.LASF11:
 2469 0148 73697A65 		.ascii	"sizetype\000"
 2469      74797065 
 2469      00
 2470              	.LASF6:
 2471 0151 6C6F6E67 		.ascii	"long long int\000"
 2471      206C6F6E 
 2471      6720696E 
 2471      7400
 2472              	.LASF2:
 2473 015f 73686F72 		.ascii	"short int\000"
 2473      7420696E 
 2473      7400
 2474              	.LASF19:
 2475 0169 483A5C44 		.ascii	"H:\\Documents\\301 proj\\COMPSYS301\\Uma\\Hardware_"
 2475      6F63756D 
 2475      656E7473 
 2475      5C333031 
 2475      2070726F 
 2476 0197 7461736B 		.ascii	"task\\hwTask2.cydsn\000"
 2476      5C687754 
 2476      61736B32 
 2476      2E637964 
 2476      736E00
 2477              	.LASF4:
 2478 01aa 6C6F6E67 		.ascii	"long int\000"
 2478      20696E74 
 2478      00
 2479              	.LASF0:
 2480 01b3 7369676E 		.ascii	"signed char\000"
 2480      65642063 
 2480      68617200 
 2481              	.LASF18:
 2482 01bf 47656E65 		.ascii	"Generated_Source\\PSoC5\\cymetadata.c\000"
 2482      72617465 
 2482      645F536F 
 2482      75726365 
 2482      5C50536F 
 2483              		.ident	"GCC: (GNU Tools for ARM Embedded Processors) 5.4.1 20160609 (release) [ARM/embedded-5-bran
