ARM GAS  C:\Users\umasu\AppData\Local\Temp\ccXX9Z4p.s 			page 1


   1              		.syntax unified
   2              		.cpu cortex-m3
   3              		.fpu softvfp
   4              		.eabi_attribute 20, 1
   5              		.eabi_attribute 21, 1
   6              		.eabi_attribute 23, 3
   7              		.eabi_attribute 24, 1
   8              		.eabi_attribute 25, 1
   9              		.eabi_attribute 26, 1
  10              		.eabi_attribute 30, 1
  11              		.eabi_attribute 34, 1
  12              		.eabi_attribute 18, 4
  13              		.thumb
  14              		.syntax unified
  15              		.file	"main.c"
  16              		.text
  17              	.Ltext0:
  18              		.cfi_sections	.debug_frame
  19              		.section	.text.stopMotors,"ax",%progbits
  20              		.align	2
  21              		.global	stopMotors
  22              		.thumb
  23              		.thumb_func
  24              		.type	stopMotors, %function
  25              	stopMotors:
  26              	.LFB64:
  27              		.file 1 "main.c"
   1:main.c        **** /* ========================================
   2:main.c        ****  *
   3:main.c        ****  * Copyright YOUR COMPANY, THE YEAR
   4:main.c        ****  * All Rights Reserved
   5:main.c        ****  * UNPUBLISHED, LICENSED SOFTWARE.
   6:main.c        ****  *
   7:main.c        ****  * CONFIDENTIAL AND PROPRIETARY INFORMATION
   8:main.c        ****  * WHICH IS THE PROPERTY OF your company.
   9:main.c        ****  *
  10:main.c        ****  * ========================================
  11:main.c        **** */
  12:main.c        **** #include <stdio.h> 
  13:main.c        **** #include <stdlib.h>
  14:main.c        **** #include <math.h>
  15:main.c        **** #include "project.h"
  16:main.c        **** #include "defines.h"
  17:main.c        **** 
  18:main.c        **** void usbPutString(char *s);
  19:main.c        **** uint8 counter = 1;
  20:main.c        **** uint8 ready_to_send = 0;
  21:main.c        **** char bufferi[64];
  22:main.c        **** char bufferj[64];
  23:main.c        **** 
  24:main.c        **** 
  25:main.c        **** //distance calculation paras
  26:main.c        **** int32 encoderCounts_M1 = 0;  
  27:main.c        **** int32 encoderCounts_M2 = 0;  
  28:main.c        **** int CPR = 57;  // Adjusted for 4x resolution(228/4)
  29:main.c        **** float wheelCircumference_mm = M_PI * 64.46;// wheel circumference wheelDiameter_mm = 64.46)
  30:main.c        **** float timeInterval_ms = 10.924;  // Effective time interval( (timer period )2.731*4)
ARM GAS  C:\Users\umasu\AppData\Local\Temp\ccXX9Z4p.s 			page 2


  31:main.c        **** float  distance_M1 = 0;
  32:main.c        **** float  distance_M2 = 0;
  33:main.c        **** float  current_distance_M1 = 0;
  34:main.c        **** float  current_distance_M2 = 0;
  35:main.c        **** float target_diatance = 500.00;//50cm
  36:main.c        **** int32 speed_M1 = 0;
  37:main.c        **** int32 speed_M2 = 0;
  38:main.c        **** float encoderCounts_M1_sum=0;
  39:main.c        **** float encoderCounts_M2_sum=0;
  40:main.c        **** int counterstop = 0;
  41:main.c        **** 
  42:main.c        **** void stopMotors() {
  28              		.loc 1 42 0
  29              		.cfi_startproc
  30              		@ args = 0, pretend = 0, frame = 0
  31              		@ frame_needed = 0, uses_anonymous_args = 0
  32 0000 08B5     		push	{r3, lr}
  33              		.cfi_def_cfa_offset 8
  34              		.cfi_offset 3, -8
  35              		.cfi_offset 14, -4
  43:main.c        ****     PWM_1_WriteCompare(50);  // Set PWM duty cycle to 50 to stop motor 1
  36              		.loc 1 43 0
  37 0002 3220     		movs	r0, #50
  38 0004 FFF7FEFF 		bl	PWM_1_WriteCompare
  39              	.LVL0:
  44:main.c        ****     PWM_2_WriteCompare(50);  // Set PWM duty cycle to 50 to stop motor 2
  40              		.loc 1 44 0
  41 0008 3220     		movs	r0, #50
  42 000a FFF7FEFF 		bl	PWM_2_WriteCompare
  43              	.LVL1:
  44 000e 08BD     		pop	{r3, pc}
  45              		.cfi_endproc
  46              	.LFE64:
  47              		.size	stopMotors, .-stopMotors
  48              		.global	__aeabi_i2d
  49              		.global	__aeabi_dmul
  50              		.global	__aeabi_d2iz
  51              		.global	__aeabi_i2f
  52              		.global	__aeabi_fmul
  53              		.global	__aeabi_fadd
  54              		.global	__aeabi_fcmpge
  55              		.section	.text.isr_TC_handler,"ax",%progbits
  56              		.align	2
  57              		.global	isr_TC_handler
  58              		.thumb
  59              		.thumb_func
  60              		.type	isr_TC_handler, %function
  61              	isr_TC_handler:
  62              	.LFB65:
  45:main.c        **** }
  46:main.c        **** 
  47:main.c        **** CY_ISR(isr_TC_handler){
  63              		.loc 1 47 0
  64              		.cfi_startproc
  65              		@ args = 0, pretend = 0, frame = 0
  66              		@ frame_needed = 0, uses_anonymous_args = 0
  67 0000 2DE9F843 		push	{r3, r4, r5, r6, r7, r8, r9, lr}
ARM GAS  C:\Users\umasu\AppData\Local\Temp\ccXX9Z4p.s 			page 3


  68              		.cfi_def_cfa_offset 32
  69              		.cfi_offset 3, -32
  70              		.cfi_offset 4, -28
  71              		.cfi_offset 5, -24
  72              		.cfi_offset 6, -20
  73              		.cfi_offset 7, -16
  74              		.cfi_offset 8, -12
  75              		.cfi_offset 9, -8
  76              		.cfi_offset 14, -4
  48:main.c        ****     
  49:main.c        ****     if (counter % 4 != 0){
  77              		.loc 1 49 0
  78 0004 384B     		ldr	r3, .L10+8
  79 0006 1B78     		ldrb	r3, [r3]	@ zero_extendqisi2
  80 0008 13F0030F 		tst	r3, #3
  81 000c 07D0     		beq	.L4
  50:main.c        ****         LED_1_Write(1);
  82              		.loc 1 50 0
  83 000e 0120     		movs	r0, #1
  84 0010 FFF7FEFF 		bl	LED_1_Write
  85              	.LVL2:
  51:main.c        ****      counter++;
  86              		.loc 1 51 0
  87 0014 344A     		ldr	r2, .L10+8
  88 0016 1378     		ldrb	r3, [r2]	@ zero_extendqisi2
  89 0018 0133     		adds	r3, r3, #1
  90 001a 1370     		strb	r3, [r2]
  91 001c 50E0     		b	.L5
  92              	.L4:
  52:main.c        ****     }else{
  53:main.c        ****         // Encoder counts (negative due to counterclockwise rotation)
  54:main.c        ****         encoderCounts_M1 = 100;//QuadDec_M1_GetCounter();
  93              		.loc 1 54 0
  94 001e 334C     		ldr	r4, .L10+12
  95 0020 6423     		movs	r3, #100
  96 0022 2360     		str	r3, [r4]
  55:main.c        ****         encoderCounts_M2 = QuadDec_M2_GetCounter();
  97              		.loc 1 55 0
  98 0024 FFF7FEFF 		bl	QuadDec_M2_GetCounter
  99              	.LVL3:
 100 0028 0646     		mov	r6, r0
 101 002a 6060     		str	r0, [r4, #4]
  56:main.c        ****     
  57:main.c        ****         // Adjust for counterclockwise rotation by multiplying counts by -1
  58:main.c        **** //        encoderCounts_M1 *= -1;
  59:main.c        **** //        encoderCounts_M2 *= -1;
  60:main.c        ****         
  61:main.c        ****         //speed calculation
  62:main.c        ****         speed_M1 = encoderCounts_M1 * 8.13/4;
 102              		.loc 1 62 0
 103 002c 2768     		ldr	r7, [r4]
 104 002e 3846     		mov	r0, r7
 105 0030 FFF7FEFF 		bl	__aeabi_i2d
 106              	.LVL4:
 107 0034 2AA3     		adr	r3, .L10
 108 0036 D3E90023 		ldrd	r2, [r3]
 109 003a FFF7FEFF 		bl	__aeabi_dmul
ARM GAS  C:\Users\umasu\AppData\Local\Temp\ccXX9Z4p.s 			page 4


 110              	.LVL5:
 111 003e 0022     		movs	r2, #0
 112 0040 2B4B     		ldr	r3, .L10+16
 113 0042 FFF7FEFF 		bl	__aeabi_dmul
 114              	.LVL6:
 115 0046 FFF7FEFF 		bl	__aeabi_d2iz
 116              	.LVL7:
 117 004a A060     		str	r0, [r4, #8]
  63:main.c        ****         speed_M2 = encoderCounts_M2 * 8.13/4;
 118              		.loc 1 63 0
 119 004c 3046     		mov	r0, r6
 120 004e FFF7FEFF 		bl	__aeabi_i2d
 121              	.LVL8:
 122 0052 23A3     		adr	r3, .L10
 123 0054 D3E90023 		ldrd	r2, [r3]
 124 0058 FFF7FEFF 		bl	__aeabi_dmul
 125              	.LVL9:
 126 005c 0022     		movs	r2, #0
 127 005e 244B     		ldr	r3, .L10+16
 128 0060 FFF7FEFF 		bl	__aeabi_dmul
 129              	.LVL10:
 130 0064 FFF7FEFF 		bl	__aeabi_d2iz
 131              	.LVL11:
 132 0068 E060     		str	r0, [r4, #12]
  64:main.c        ****         
  65:main.c        ****         //distance calculations
  66:main.c        ****         current_distance_M1 = (encoderCounts_M1/CPR) * wheelCircumference_mm;
 133              		.loc 1 66 0
 134 006a 1F4D     		ldr	r5, .L10+8
 135 006c D5F80490 		ldr	r9, [r5, #4]
 136 0070 D5F80880 		ldr	r8, [r5, #8]	@ float
 137 0074 97FBF9F0 		sdiv	r0, r7, r9
 138 0078 FFF7FEFF 		bl	__aeabi_i2f
 139              	.LVL12:
 140 007c 4146     		mov	r1, r8
 141 007e FFF7FEFF 		bl	__aeabi_fmul
 142              	.LVL13:
 143 0082 0746     		mov	r7, r0
 144 0084 2061     		str	r0, [r4, #16]	@ float
  67:main.c        ****         current_distance_M2 = (encoderCounts_M2/CPR) * wheelCircumference_mm;
 145              		.loc 1 67 0
 146 0086 96FBF9F0 		sdiv	r0, r6, r9
 147 008a FFF7FEFF 		bl	__aeabi_i2f
 148              	.LVL14:
 149 008e 4146     		mov	r1, r8
 150 0090 FFF7FEFF 		bl	__aeabi_fmul
 151              	.LVL15:
 152 0094 0646     		mov	r6, r0
 153 0096 6061     		str	r0, [r4, #20]	@ float
  68:main.c        **** //        distance_M1 = (encoderCounts_M1/228) * 202.74;
  69:main.c        **** //        distance_M2 = (encoderCounts_M2/228) * 202.74;
  70:main.c        **** //        
  71:main.c        **** //        encoderCounts_M1_sum += encoderCounts_M1;
  72:main.c        **** //        encoderCounts_M2_sum += encoderCounts_M2;
  73:main.c        **** //    distance_M1 = (encoderCounts_M1_sum/228)*20.25;
  74:main.c        **** //    distance_M2 = (encoderCounts_M2_sum/228)*20.25;     
  75:main.c        ****         
ARM GAS  C:\Users\umasu\AppData\Local\Temp\ccXX9Z4p.s 			page 5


  76:main.c        ****         distance_M1 += current_distance_M1;
 154              		.loc 1 76 0
 155 0098 3946     		mov	r1, r7
 156 009a A069     		ldr	r0, [r4, #24]	@ float
 157 009c FFF7FEFF 		bl	__aeabi_fadd
 158              	.LVL16:
 159 00a0 A061     		str	r0, [r4, #24]	@ float
  77:main.c        ****         distance_M2 += current_distance_M2;
 160              		.loc 1 77 0
 161 00a2 3146     		mov	r1, r6
 162 00a4 E069     		ldr	r0, [r4, #28]	@ float
 163 00a6 FFF7FEFF 		bl	__aeabi_fadd
 164              	.LVL17:
 165 00aa E061     		str	r0, [r4, #28]	@ float
  78:main.c        ****        
  79:main.c        ****    
  80:main.c        ****         counter = 1;
 166              		.loc 1 80 0
 167 00ac 0123     		movs	r3, #1
 168 00ae 2B70     		strb	r3, [r5]
  81:main.c        ****         ready_to_send = 1;
 169              		.loc 1 81 0
 170 00b0 84F82030 		strb	r3, [r4, #32]
  82:main.c        ****         
  83:main.c        ****         //reset the encoder counters 
  84:main.c        ****         QuadDec_M1_SetCounter(0);
 171              		.loc 1 84 0
 172 00b4 0020     		movs	r0, #0
 173 00b6 FFF7FEFF 		bl	QuadDec_M1_SetCounter
 174              	.LVL18:
  85:main.c        ****         QuadDec_M2_SetCounter(0);     
 175              		.loc 1 85 0
 176 00ba 0020     		movs	r0, #0
 177 00bc FFF7FEFF 		bl	QuadDec_M2_SetCounter
 178              	.LVL19:
 179              	.L5:
  86:main.c        ****     }
  87:main.c        ****         Timer_1_ReadStatusRegister();
 180              		.loc 1 87 0
 181 00c0 FFF7FEFF 		bl	Timer_1_ReadStatusRegister
 182              	.LVL20:
  88:main.c        ****          if(distance_M1 >=target_diatance){
 183              		.loc 1 88 0
 184 00c4 084B     		ldr	r3, .L10+8
 185 00c6 D968     		ldr	r1, [r3, #12]	@ float
 186 00c8 084B     		ldr	r3, .L10+12
 187 00ca 9869     		ldr	r0, [r3, #24]	@ float
 188 00cc FFF7FEFF 		bl	__aeabi_fcmpge
 189              	.LVL21:
 190 00d0 20B1     		cbz	r0, .L3
  89:main.c        ****             LED_1_Write(1);
 191              		.loc 1 89 0
 192 00d2 0120     		movs	r0, #1
 193 00d4 FFF7FEFF 		bl	LED_1_Write
 194              	.LVL22:
  90:main.c        ****             //right wheel
  91:main.c        ****             stopMotors();            
ARM GAS  C:\Users\umasu\AppData\Local\Temp\ccXX9Z4p.s 			page 6


 195              		.loc 1 91 0
 196 00d8 FFF7FEFF 		bl	stopMotors
 197              	.LVL23:
 198              	.L3:
 199 00dc BDE8F883 		pop	{r3, r4, r5, r6, r7, r8, r9, pc}
 200              	.L11:
 201              		.align	3
 202              	.L10:
 203 00e0 C3F5285C 		.word	1546188227
 204 00e4 8F422040 		.word	1075856015
 205 00e8 00000000 		.word	.LANCHOR0
 206 00ec 00000000 		.word	.LANCHOR1
 207 00f0 0000D03F 		.word	1070596096
 208              		.cfi_endproc
 209              	.LFE65:
 210              		.size	isr_TC_handler, .-isr_TC_handler
 211              		.section	.text.main,"ax",%progbits
 212              		.align	2
 213              		.global	main
 214              		.thumb
 215              		.thumb_func
 216              		.type	main, %function
 217              	main:
 218              	.LFB66:
  92:main.c        ****         } 
  93:main.c        **** }
  94:main.c        **** 
  95:main.c        **** 
  96:main.c        **** 
  97:main.c        **** 
  98:main.c        **** 
  99:main.c        ****  
 100:main.c        **** int main(void)
 101:main.c        **** {
 219              		.loc 1 101 0
 220              		.cfi_startproc
 221              		@ Volatile: function does not return.
 222              		@ args = 0, pretend = 0, frame = 0
 223              		@ frame_needed = 0, uses_anonymous_args = 0
 224 0000 08B5     		push	{r3, lr}
 225              		.cfi_def_cfa_offset 8
 226              		.cfi_offset 3, -8
 227              		.cfi_offset 14, -4
 102:main.c        ****     CyGlobalIntEnable; /* Enable global interrupts. */
 228              		.loc 1 102 0
 229              		.syntax unified
 230              	@ 102 "main.c" 1
 231 0002 62B6     		CPSIE   i
 232              	@ 0 "" 2
 103:main.c        ****     /*Start PWM Clk*/
 104:main.c        ****     Timer_1_Start();
 233              		.loc 1 104 0
 234              		.thumb
 235              		.syntax unified
 236 0004 FFF7FEFF 		bl	Timer_1_Start
 237              	.LVL24:
 105:main.c        ****     Clock_PWM_Start(); 
ARM GAS  C:\Users\umasu\AppData\Local\Temp\ccXX9Z4p.s 			page 7


 238              		.loc 1 105 0
 239 0008 FFF7FEFF 		bl	Clock_PWM_Start
 240              	.LVL25:
 106:main.c        ****     //Start PWM
 107:main.c        ****     PWM_1_Start();
 241              		.loc 1 107 0
 242 000c FFF7FEFF 		bl	PWM_1_Start
 243              	.LVL26:
 108:main.c        ****     PWM_2_Start();
 244              		.loc 1 108 0
 245 0010 FFF7FEFF 		bl	PWM_2_Start
 246              	.LVL27:
 109:main.c        ****     PWM_1_WritePeriod(100);
 247              		.loc 1 109 0
 248 0014 6420     		movs	r0, #100
 249 0016 FFF7FEFF 		bl	PWM_1_WritePeriod
 250              	.LVL28:
 110:main.c        ****     PWM_2_WritePeriod(100);
 251              		.loc 1 110 0
 252 001a 6420     		movs	r0, #100
 253 001c FFF7FEFF 		bl	PWM_2_WritePeriod
 254              	.LVL29:
 111:main.c        ****     
 112:main.c        ****     // write comparision int for MC33926 duty cycle must me larger than 10% and less than 90%
 113:main.c        ****     PWM_1_WriteCompare(20);
 255              		.loc 1 113 0
 256 0020 1420     		movs	r0, #20
 257 0022 FFF7FEFF 		bl	PWM_1_WriteCompare
 258              	.LVL30:
 114:main.c        ****     PWM_2_WriteCompare(20);
 259              		.loc 1 114 0
 260 0026 1420     		movs	r0, #20
 261 0028 FFF7FEFF 		bl	PWM_2_WriteCompare
 262              	.LVL31:
 115:main.c        ****    
 116:main.c        ****     
 117:main.c        ****     //Start UART for operation
 118:main.c        ****     USBUART_1_Start(0, USBUART_1_5V_OPERATION);
 263              		.loc 1 118 0
 264 002c 0121     		movs	r1, #1
 265 002e 0020     		movs	r0, #0
 266 0030 FFF7FEFF 		bl	USBUART_1_Start
 267              	.LVL32:
 268              	.L13:
 119:main.c        ****     while (USBUART_1_GetConfiguration()==0){};
 269              		.loc 1 119 0 discriminator 1
 270 0034 FFF7FEFF 		bl	USBUART_1_GetConfiguration
 271              	.LVL33:
 272 0038 0028     		cmp	r0, #0
 273 003a FBD0     		beq	.L13
 120:main.c        ****     //sprintf(buffer, "Hello\n");
 121:main.c        ****     //usbPutString(buffer);
 122:main.c        ****     
 123:main.c        ****     
 124:main.c        ****     QuadDec_M1_Start();
 274              		.loc 1 124 0
 275 003c FFF7FEFF 		bl	QuadDec_M1_Start
ARM GAS  C:\Users\umasu\AppData\Local\Temp\ccXX9Z4p.s 			page 8


 276              	.LVL34:
 125:main.c        ****     QuadDec_M2_Start();
 277              		.loc 1 125 0
 278 0040 FFF7FEFF 		bl	QuadDec_M2_Start
 279              	.LVL35:
 126:main.c        ****     
 127:main.c        ****     timer_1_isr_StartEx(isr_TC_handler);
 280              		.loc 1 127 0
 281 0044 0648     		ldr	r0, .L19
 282 0046 FFF7FEFF 		bl	timer_1_isr_StartEx
 283              	.LVL36:
 284              	.L14:
 128:main.c        ****     
 129:main.c        **** //    usbPutString(itoa(ci,buffer,10));
 130:main.c        ****     
 131:main.c        **** 
 132:main.c        ****     /* Place your initialization/startup code here (e.g. MyInst_Start()) */
 133:main.c        **** 
 134:main.c        ****     for(;;)
 135:main.c        ****     {  
 136:main.c        ****         if(distance_M1>=2000){
 285              		.loc 1 136 0
 286 004a 0649     		ldr	r1, .L19+4
 287 004c 064B     		ldr	r3, .L19+8
 288 004e 9869     		ldr	r0, [r3, #24]	@ float
 289 0050 FFF7FEFF 		bl	__aeabi_fcmpge
 290              	.LVL37:
 291 0054 0028     		cmp	r0, #0
 292 0056 F8D0     		beq	.L14
 137:main.c        ****             stopMotors();
 293              		.loc 1 137 0
 294 0058 FFF7FEFF 		bl	stopMotors
 295              	.LVL38:
 296 005c F5E7     		b	.L14
 297              	.L20:
 298 005e 00BF     		.align	2
 299              	.L19:
 300 0060 00000000 		.word	isr_TC_handler
 301 0064 0000FA44 		.word	1157234688
 302 0068 00000000 		.word	.LANCHOR1
 303              		.cfi_endproc
 304              	.LFE66:
 305              		.size	main, .-main
 306              		.section	.text.usbPutString,"ax",%progbits
 307              		.align	2
 308              		.global	usbPutString
 309              		.thumb
 310              		.thumb_func
 311              		.type	usbPutString, %function
 312              	usbPutString:
 313              	.LFB67:
 138:main.c        ****         }
 139:main.c        ****              
 140:main.c        **** //        if (ready_to_send == 1){
 141:main.c        **** //            sprintf(bufferi, "encoder value: %ld\r\n", encoderCounts_M1);
 142:main.c        **** //            usbPutString(bufferi);
 143:main.c        **** //            
ARM GAS  C:\Users\umasu\AppData\Local\Temp\ccXX9Z4p.s 			page 9


 144:main.c        **** //            sprintf(bufferi, "speed_M1: %ld\r\n", encoderCounts_M2);
 145:main.c        **** //            usbPutString(bufferi);
 146:main.c        **** ////            
 147:main.c        **** ////            sprintf(bufferj, "distance: %ld\r\n", distance_M1);
 148:main.c        **** ////            usbPutString(bufferi);
 149:main.c        **** ////            
 150:main.c        **** ////            sprintf(bufferj, "Distance: %ld\r\n", distance);
 151:main.c        **** ////            usbPutString(bufferj);
 152:main.c        **** //            
 153:main.c        **** //            ready_to_send = 0;            
 154:main.c        **** //        }
 155:main.c        **** //       
 156:main.c        **** //        /* Place your application code here. */
 157:main.c        ****     }
 158:main.c        **** }
 159:main.c        **** 
 160:main.c        **** 
 161:main.c        **** void usbPutString(char *s)
 162:main.c        **** {
 314              		.loc 1 162 0
 315              		.cfi_startproc
 316              		@ args = 0, pretend = 0, frame = 0
 317              		@ frame_needed = 0, uses_anonymous_args = 0
 318              	.LVL39:
 319 0000 10B5     		push	{r4, lr}
 320              		.cfi_def_cfa_offset 8
 321              		.cfi_offset 4, -8
 322              		.cfi_offset 14, -4
 323 0002 0446     		mov	r4, r0
 324              	.LVL40:
 325              	.L22:
 163:main.c        **** // !! Assumes that *s is a string with allocated space >=64 chars     
 164:main.c        **** //  Since USB implementation retricts data packets to 64 chars, this function truncates the
 165:main.c        **** //  length to 62 char (63rd char is a '!')
 166:main.c        **** 
 167:main.c        **** #ifdef USE_USB     
 168:main.c        ****     while (USBUART_1_CDCIsReady() == 0);
 326              		.loc 1 168 0 discriminator 1
 327 0004 FFF7FEFF 		bl	USBUART_1_CDCIsReady
 328              	.LVL41:
 329 0008 0028     		cmp	r0, #0
 330 000a FBD0     		beq	.L22
 169:main.c        ****     s[63]='\0';
 331              		.loc 1 169 0
 332 000c 0023     		movs	r3, #0
 333 000e 84F83F30 		strb	r3, [r4, #63]
 170:main.c        ****     s[62]='!';
 334              		.loc 1 170 0
 335 0012 2123     		movs	r3, #33
 336 0014 84F83E30 		strb	r3, [r4, #62]
 171:main.c        ****     USBUART_1_PutData((uint8*)s,strlen(s));
 337              		.loc 1 171 0
 338 0018 2046     		mov	r0, r4
 339 001a FFF7FEFF 		bl	strlen
 340              	.LVL42:
 341 001e 81B2     		uxth	r1, r0
 342 0020 2046     		mov	r0, r4
ARM GAS  C:\Users\umasu\AppData\Local\Temp\ccXX9Z4p.s 			page 10


 343 0022 FFF7FEFF 		bl	USBUART_1_PutData
 344              	.LVL43:
 345 0026 10BD     		pop	{r4, pc}
 346              		.cfi_endproc
 347              	.LFE67:
 348              		.size	usbPutString, .-usbPutString
 349              		.section	.text.usbPutChar,"ax",%progbits
 350              		.align	2
 351              		.global	usbPutChar
 352              		.thumb
 353              		.thumb_func
 354              		.type	usbPutChar, %function
 355              	usbPutChar:
 356              	.LFB68:
 172:main.c        **** #endif
 173:main.c        **** }
 174:main.c        **** //* ========================================
 175:main.c        **** void usbPutChar(char c)
 176:main.c        **** {
 357              		.loc 1 176 0
 358              		.cfi_startproc
 359              		@ args = 0, pretend = 0, frame = 0
 360              		@ frame_needed = 0, uses_anonymous_args = 0
 361              	.LVL44:
 362 0000 10B5     		push	{r4, lr}
 363              		.cfi_def_cfa_offset 8
 364              		.cfi_offset 4, -8
 365              		.cfi_offset 14, -4
 366 0002 0446     		mov	r4, r0
 367              	.LVL45:
 368              	.L25:
 177:main.c        **** #ifdef USE_USB     
 178:main.c        ****     while (USBUART_1_CDCIsReady() == 0);
 369              		.loc 1 178 0 discriminator 1
 370 0004 FFF7FEFF 		bl	USBUART_1_CDCIsReady
 371              	.LVL46:
 372 0008 0028     		cmp	r0, #0
 373 000a FBD0     		beq	.L25
 179:main.c        ****     USBUART_1_PutChar(c);
 374              		.loc 1 179 0
 375 000c 2046     		mov	r0, r4
 376 000e FFF7FEFF 		bl	USBUART_1_PutChar
 377              	.LVL47:
 378 0012 10BD     		pop	{r4, pc}
 379              		.cfi_endproc
 380              	.LFE68:
 381              		.size	usbPutChar, .-usbPutChar
 382              		.global	counterstop
 383              		.global	encoderCounts_M2_sum
 384              		.global	encoderCounts_M1_sum
 385              		.global	speed_M2
 386              		.global	speed_M1
 387              		.global	target_diatance
 388              		.global	current_distance_M2
 389              		.global	current_distance_M1
 390              		.global	distance_M2
 391              		.global	distance_M1
ARM GAS  C:\Users\umasu\AppData\Local\Temp\ccXX9Z4p.s 			page 11


 392              		.global	timeInterval_ms
 393              		.global	wheelCircumference_mm
 394              		.global	CPR
 395              		.global	encoderCounts_M2
 396              		.global	encoderCounts_M1
 397              		.comm	bufferj,64,4
 398              		.comm	bufferi,64,4
 399              		.global	ready_to_send
 400              		.global	counter
 401              		.data
 402              		.align	2
 403              		.set	.LANCHOR0,. + 0
 404              		.type	counter, %object
 405              		.size	counter, 1
 406              	counter:
 407 0000 01       		.byte	1
 408 0001 000000   		.space	3
 409              		.type	CPR, %object
 410              		.size	CPR, 4
 411              	CPR:
 412 0004 39000000 		.word	57
 413              		.type	wheelCircumference_mm, %object
 414              		.size	wheelCircumference_mm, 4
 415              	wheelCircumference_mm:
 416 0008 CF814A43 		.word	1128956367
 417              		.type	target_diatance, %object
 418              		.size	target_diatance, 4
 419              	target_diatance:
 420 000c 0000FA43 		.word	1140457472
 421              		.type	timeInterval_ms, %object
 422              		.size	timeInterval_ms, 4
 423              	timeInterval_ms:
 424 0010 B4C82E41 		.word	1093585076
 425              		.bss
 426              		.align	2
 427              		.set	.LANCHOR1,. + 0
 428              		.type	encoderCounts_M1, %object
 429              		.size	encoderCounts_M1, 4
 430              	encoderCounts_M1:
 431 0000 00000000 		.space	4
 432              		.type	encoderCounts_M2, %object
 433              		.size	encoderCounts_M2, 4
 434              	encoderCounts_M2:
 435 0004 00000000 		.space	4
 436              		.type	speed_M1, %object
 437              		.size	speed_M1, 4
 438              	speed_M1:
 439 0008 00000000 		.space	4
 440              		.type	speed_M2, %object
 441              		.size	speed_M2, 4
 442              	speed_M2:
 443 000c 00000000 		.space	4
 444              		.type	current_distance_M1, %object
 445              		.size	current_distance_M1, 4
 446              	current_distance_M1:
 447 0010 00000000 		.space	4
 448              		.type	current_distance_M2, %object
ARM GAS  C:\Users\umasu\AppData\Local\Temp\ccXX9Z4p.s 			page 12


 449              		.size	current_distance_M2, 4
 450              	current_distance_M2:
 451 0014 00000000 		.space	4
 452              		.type	distance_M1, %object
 453              		.size	distance_M1, 4
 454              	distance_M1:
 455 0018 00000000 		.space	4
 456              		.type	distance_M2, %object
 457              		.size	distance_M2, 4
 458              	distance_M2:
 459 001c 00000000 		.space	4
 460              		.type	ready_to_send, %object
 461              		.size	ready_to_send, 1
 462              	ready_to_send:
 463 0020 00       		.space	1
 464 0021 000000   		.space	3
 465              		.type	counterstop, %object
 466              		.size	counterstop, 4
 467              	counterstop:
 468 0024 00000000 		.space	4
 469              		.type	encoderCounts_M2_sum, %object
 470              		.size	encoderCounts_M2_sum, 4
 471              	encoderCounts_M2_sum:
 472 0028 00000000 		.space	4
 473              		.type	encoderCounts_M1_sum, %object
 474              		.size	encoderCounts_M1_sum, 4
 475              	encoderCounts_M1_sum:
 476 002c 00000000 		.space	4
 477              		.text
 478              	.Letext0:
 479              		.file 2 "c:\\program files (x86)\\cypress\\psoc creator\\4.2\\psoc creator\\import\\gnu\\arm\\5.4.
 480              		.file 3 "c:\\program files (x86)\\cypress\\psoc creator\\4.2\\psoc creator\\import\\gnu\\arm\\5.4.
 481              		.file 4 "Generated_Source\\PSoC5/cytypes.h"
 482              		.file 5 "Generated_Source\\PSoC5/core_cm3.h"
 483              		.file 6 "Generated_Source\\PSoC5/PWM_1.h"
 484              		.file 7 "Generated_Source\\PSoC5/PWM_2.h"
 485              		.file 8 "Generated_Source\\PSoC5/LED_1.h"
 486              		.file 9 "Generated_Source\\PSoC5/QuadDec_M2.h"
 487              		.file 10 "Generated_Source\\PSoC5/QuadDec_M1.h"
 488              		.file 11 "Generated_Source\\PSoC5/Timer_1.h"
 489              		.file 12 "Generated_Source\\PSoC5/Clock_PWM.h"
 490              		.file 13 "Generated_Source\\PSoC5/USBUART_1.h"
 491              		.file 14 "Generated_Source\\PSoC5/timer_1_isr.h"
 492              		.file 15 "Generated_Source\\PSoC5/USBUART_1_cdc.h"
 493              		.file 16 "c:\\program files (x86)\\cypress\\psoc creator\\4.2\\psoc creator\\import\\gnu\\arm\\5.4
 494              		.section	.debug_info,"",%progbits
 495              	.Ldebug_info0:
 496 0000 39050000 		.4byte	0x539
 497 0004 0400     		.2byte	0x4
 498 0006 00000000 		.4byte	.Ldebug_abbrev0
 499 000a 04       		.byte	0x4
 500 000b 01       		.uleb128 0x1
 501 000c F0030000 		.4byte	.LASF62
 502 0010 0C       		.byte	0xc
 503 0011 BA020000 		.4byte	.LASF63
 504 0015 F9020000 		.4byte	.LASF64
 505 0019 00000000 		.4byte	.Ldebug_ranges0+0
ARM GAS  C:\Users\umasu\AppData\Local\Temp\ccXX9Z4p.s 			page 13


 506 001d 00000000 		.4byte	0
 507 0021 00000000 		.4byte	.Ldebug_line0
 508 0025 02       		.uleb128 0x2
 509 0026 01       		.byte	0x1
 510 0027 06       		.byte	0x6
 511 0028 9E010000 		.4byte	.LASF0
 512 002c 02       		.uleb128 0x2
 513 002d 01       		.byte	0x1
 514 002e 08       		.byte	0x8
 515 002f 7D010000 		.4byte	.LASF1
 516 0033 02       		.uleb128 0x2
 517 0034 02       		.byte	0x2
 518 0035 05       		.byte	0x5
 519 0036 27000000 		.4byte	.LASF2
 520 003a 02       		.uleb128 0x2
 521 003b 02       		.byte	0x2
 522 003c 07       		.byte	0x7
 523 003d DA010000 		.4byte	.LASF3
 524 0041 03       		.uleb128 0x3
 525 0042 6A030000 		.4byte	.LASF12
 526 0046 02       		.byte	0x2
 527 0047 3F       		.byte	0x3f
 528 0048 4C000000 		.4byte	0x4c
 529 004c 02       		.uleb128 0x2
 530 004d 04       		.byte	0x4
 531 004e 05       		.byte	0x5
 532 004f 0F010000 		.4byte	.LASF4
 533 0053 02       		.uleb128 0x2
 534 0054 04       		.byte	0x4
 535 0055 07       		.byte	0x7
 536 0056 C9020000 		.4byte	.LASF5
 537 005a 02       		.uleb128 0x2
 538 005b 08       		.byte	0x8
 539 005c 05       		.byte	0x5
 540 005d D9000000 		.4byte	.LASF6
 541 0061 02       		.uleb128 0x2
 542 0062 08       		.byte	0x8
 543 0063 07       		.byte	0x7
 544 0064 AA010000 		.4byte	.LASF7
 545 0068 04       		.uleb128 0x4
 546 0069 04       		.byte	0x4
 547 006a 05       		.byte	0x5
 548 006b 696E7400 		.ascii	"int\000"
 549 006f 02       		.uleb128 0x2
 550 0070 04       		.byte	0x4
 551 0071 07       		.byte	0x7
 552 0072 C1010000 		.4byte	.LASF8
 553 0076 02       		.uleb128 0x2
 554 0077 08       		.byte	0x8
 555 0078 04       		.byte	0x4
 556 0079 71010000 		.4byte	.LASF9
 557 007d 02       		.uleb128 0x2
 558 007e 04       		.byte	0x4
 559 007f 07       		.byte	0x7
 560 0080 47000000 		.4byte	.LASF10
 561 0084 05       		.uleb128 0x5
 562 0085 04       		.byte	0x4
ARM GAS  C:\Users\umasu\AppData\Local\Temp\ccXX9Z4p.s 			page 14


 563 0086 8A000000 		.4byte	0x8a
 564 008a 02       		.uleb128 0x2
 565 008b 01       		.byte	0x1
 566 008c 08       		.byte	0x8
 567 008d 2B020000 		.4byte	.LASF11
 568 0091 03       		.uleb128 0x3
 569 0092 37020000 		.4byte	.LASF13
 570 0096 03       		.byte	0x3
 571 0097 2C       		.byte	0x2c
 572 0098 41000000 		.4byte	0x41
 573 009c 02       		.uleb128 0x2
 574 009d 08       		.byte	0x8
 575 009e 04       		.byte	0x4
 576 009f E1020000 		.4byte	.LASF14
 577 00a3 02       		.uleb128 0x2
 578 00a4 04       		.byte	0x4
 579 00a5 04       		.byte	0x4
 580 00a6 B6000000 		.4byte	.LASF15
 581 00aa 06       		.uleb128 0x6
 582 00ab 95000000 		.4byte	.LASF16
 583 00af 04       		.byte	0x4
 584 00b0 E701     		.2byte	0x1e7
 585 00b2 2C000000 		.4byte	0x2c
 586 00b6 06       		.uleb128 0x6
 587 00b7 DB020000 		.4byte	.LASF17
 588 00bb 04       		.byte	0x4
 589 00bc EC01     		.2byte	0x1ec
 590 00be 4C000000 		.4byte	0x4c
 591 00c2 07       		.uleb128 0x7
 592 00c3 93010000 		.4byte	.LASF65
 593 00c7 01       		.byte	0x1
 594 00c8 2A       		.byte	0x2a
 595 00c9 00000000 		.4byte	.LFB64
 596 00cd 10000000 		.4byte	.LFE64-.LFB64
 597 00d1 01       		.uleb128 0x1
 598 00d2 9C       		.byte	0x9c
 599 00d3 FC000000 		.4byte	0xfc
 600 00d7 08       		.uleb128 0x8
 601 00d8 08000000 		.4byte	.LVL0
 602 00dc 48040000 		.4byte	0x448
 603 00e0 EB000000 		.4byte	0xeb
 604 00e4 09       		.uleb128 0x9
 605 00e5 01       		.uleb128 0x1
 606 00e6 50       		.byte	0x50
 607 00e7 02       		.uleb128 0x2
 608 00e8 08       		.byte	0x8
 609 00e9 32       		.byte	0x32
 610 00ea 00       		.byte	0
 611 00eb 0A       		.uleb128 0xa
 612 00ec 0E000000 		.4byte	.LVL1
 613 00f0 53040000 		.4byte	0x453
 614 00f4 09       		.uleb128 0x9
 615 00f5 01       		.uleb128 0x1
 616 00f6 50       		.byte	0x50
 617 00f7 02       		.uleb128 0x2
 618 00f8 08       		.byte	0x8
 619 00f9 32       		.byte	0x32
ARM GAS  C:\Users\umasu\AppData\Local\Temp\ccXX9Z4p.s 			page 15


 620 00fa 00       		.byte	0
 621 00fb 00       		.byte	0
 622 00fc 0B       		.uleb128 0xb
 623 00fd 4D020000 		.4byte	.LASF18
 624 0101 01       		.byte	0x1
 625 0102 2F       		.byte	0x2f
 626 0103 00000000 		.4byte	.LFB65
 627 0107 F4000000 		.4byte	.LFE65-.LFB65
 628 010b 01       		.uleb128 0x1
 629 010c 9C       		.byte	0x9c
 630 010d 79010000 		.4byte	0x179
 631 0111 08       		.uleb128 0x8
 632 0112 14000000 		.4byte	.LVL2
 633 0116 5E040000 		.4byte	0x45e
 634 011a 24010000 		.4byte	0x124
 635 011e 09       		.uleb128 0x9
 636 011f 01       		.uleb128 0x1
 637 0120 50       		.byte	0x50
 638 0121 01       		.uleb128 0x1
 639 0122 31       		.byte	0x31
 640 0123 00       		.byte	0
 641 0124 0C       		.uleb128 0xc
 642 0125 28000000 		.4byte	.LVL3
 643 0129 69040000 		.4byte	0x469
 644 012d 08       		.uleb128 0x8
 645 012e BA000000 		.4byte	.LVL18
 646 0132 74040000 		.4byte	0x474
 647 0136 40010000 		.4byte	0x140
 648 013a 09       		.uleb128 0x9
 649 013b 01       		.uleb128 0x1
 650 013c 50       		.byte	0x50
 651 013d 01       		.uleb128 0x1
 652 013e 30       		.byte	0x30
 653 013f 00       		.byte	0
 654 0140 08       		.uleb128 0x8
 655 0141 C0000000 		.4byte	.LVL19
 656 0145 7F040000 		.4byte	0x47f
 657 0149 53010000 		.4byte	0x153
 658 014d 09       		.uleb128 0x9
 659 014e 01       		.uleb128 0x1
 660 014f 50       		.byte	0x50
 661 0150 01       		.uleb128 0x1
 662 0151 30       		.byte	0x30
 663 0152 00       		.byte	0
 664 0153 0C       		.uleb128 0xc
 665 0154 C4000000 		.4byte	.LVL20
 666 0158 8A040000 		.4byte	0x48a
 667 015c 08       		.uleb128 0x8
 668 015d D8000000 		.4byte	.LVL22
 669 0161 5E040000 		.4byte	0x45e
 670 0165 6F010000 		.4byte	0x16f
 671 0169 09       		.uleb128 0x9
 672 016a 01       		.uleb128 0x1
 673 016b 50       		.byte	0x50
 674 016c 01       		.uleb128 0x1
 675 016d 31       		.byte	0x31
 676 016e 00       		.byte	0
ARM GAS  C:\Users\umasu\AppData\Local\Temp\ccXX9Z4p.s 			page 16


 677 016f 0C       		.uleb128 0xc
 678 0170 DC000000 		.4byte	.LVL23
 679 0174 C2000000 		.4byte	0xc2
 680 0178 00       		.byte	0
 681 0179 0D       		.uleb128 0xd
 682 017a 50000000 		.4byte	.LASF66
 683 017e 01       		.byte	0x1
 684 017f 64       		.byte	0x64
 685 0180 68000000 		.4byte	0x68
 686 0184 00000000 		.4byte	.LFB66
 687 0188 6C000000 		.4byte	.LFE66-.LFB66
 688 018c 01       		.uleb128 0x1
 689 018d 9C       		.byte	0x9c
 690 018e 58020000 		.4byte	0x258
 691 0192 0C       		.uleb128 0xc
 692 0193 08000000 		.4byte	.LVL24
 693 0197 95040000 		.4byte	0x495
 694 019b 0C       		.uleb128 0xc
 695 019c 0C000000 		.4byte	.LVL25
 696 01a0 A0040000 		.4byte	0x4a0
 697 01a4 0C       		.uleb128 0xc
 698 01a5 10000000 		.4byte	.LVL26
 699 01a9 AB040000 		.4byte	0x4ab
 700 01ad 0C       		.uleb128 0xc
 701 01ae 14000000 		.4byte	.LVL27
 702 01b2 B6040000 		.4byte	0x4b6
 703 01b6 08       		.uleb128 0x8
 704 01b7 1A000000 		.4byte	.LVL28
 705 01bb C1040000 		.4byte	0x4c1
 706 01bf CA010000 		.4byte	0x1ca
 707 01c3 09       		.uleb128 0x9
 708 01c4 01       		.uleb128 0x1
 709 01c5 50       		.byte	0x50
 710 01c6 02       		.uleb128 0x2
 711 01c7 08       		.byte	0x8
 712 01c8 64       		.byte	0x64
 713 01c9 00       		.byte	0
 714 01ca 08       		.uleb128 0x8
 715 01cb 20000000 		.4byte	.LVL29
 716 01cf CC040000 		.4byte	0x4cc
 717 01d3 DE010000 		.4byte	0x1de
 718 01d7 09       		.uleb128 0x9
 719 01d8 01       		.uleb128 0x1
 720 01d9 50       		.byte	0x50
 721 01da 02       		.uleb128 0x2
 722 01db 08       		.byte	0x8
 723 01dc 64       		.byte	0x64
 724 01dd 00       		.byte	0
 725 01de 08       		.uleb128 0x8
 726 01df 26000000 		.4byte	.LVL30
 727 01e3 48040000 		.4byte	0x448
 728 01e7 F1010000 		.4byte	0x1f1
 729 01eb 09       		.uleb128 0x9
 730 01ec 01       		.uleb128 0x1
 731 01ed 50       		.byte	0x50
 732 01ee 01       		.uleb128 0x1
 733 01ef 44       		.byte	0x44
ARM GAS  C:\Users\umasu\AppData\Local\Temp\ccXX9Z4p.s 			page 17


 734 01f0 00       		.byte	0
 735 01f1 08       		.uleb128 0x8
 736 01f2 2C000000 		.4byte	.LVL31
 737 01f6 53040000 		.4byte	0x453
 738 01fa 04020000 		.4byte	0x204
 739 01fe 09       		.uleb128 0x9
 740 01ff 01       		.uleb128 0x1
 741 0200 50       		.byte	0x50
 742 0201 01       		.uleb128 0x1
 743 0202 44       		.byte	0x44
 744 0203 00       		.byte	0
 745 0204 08       		.uleb128 0x8
 746 0205 34000000 		.4byte	.LVL32
 747 0209 D7040000 		.4byte	0x4d7
 748 020d 1C020000 		.4byte	0x21c
 749 0211 09       		.uleb128 0x9
 750 0212 01       		.uleb128 0x1
 751 0213 50       		.byte	0x50
 752 0214 01       		.uleb128 0x1
 753 0215 30       		.byte	0x30
 754 0216 09       		.uleb128 0x9
 755 0217 01       		.uleb128 0x1
 756 0218 51       		.byte	0x51
 757 0219 01       		.uleb128 0x1
 758 021a 31       		.byte	0x31
 759 021b 00       		.byte	0
 760 021c 0C       		.uleb128 0xc
 761 021d 38000000 		.4byte	.LVL33
 762 0221 E3040000 		.4byte	0x4e3
 763 0225 0C       		.uleb128 0xc
 764 0226 40000000 		.4byte	.LVL34
 765 022a EF040000 		.4byte	0x4ef
 766 022e 0C       		.uleb128 0xc
 767 022f 44000000 		.4byte	.LVL35
 768 0233 FA040000 		.4byte	0x4fa
 769 0237 08       		.uleb128 0x8
 770 0238 4A000000 		.4byte	.LVL36
 771 023c 05050000 		.4byte	0x505
 772 0240 4E020000 		.4byte	0x24e
 773 0244 09       		.uleb128 0x9
 774 0245 01       		.uleb128 0x1
 775 0246 50       		.byte	0x50
 776 0247 05       		.uleb128 0x5
 777 0248 03       		.byte	0x3
 778 0249 00000000 		.4byte	isr_TC_handler
 779 024d 00       		.byte	0
 780 024e 0C       		.uleb128 0xc
 781 024f 5C000000 		.4byte	.LVL38
 782 0253 C2000000 		.4byte	0xc2
 783 0257 00       		.byte	0
 784 0258 0E       		.uleb128 0xe
 785 0259 E7000000 		.4byte	.LASF19
 786 025d 01       		.byte	0x1
 787 025e A1       		.byte	0xa1
 788 025f 00000000 		.4byte	.LFB67
 789 0263 28000000 		.4byte	.LFE67-.LFB67
 790 0267 01       		.uleb128 0x1
ARM GAS  C:\Users\umasu\AppData\Local\Temp\ccXX9Z4p.s 			page 18


 791 0268 9C       		.byte	0x9c
 792 0269 A8020000 		.4byte	0x2a8
 793 026d 0F       		.uleb128 0xf
 794 026e 7300     		.ascii	"s\000"
 795 0270 01       		.byte	0x1
 796 0271 A1       		.byte	0xa1
 797 0272 84000000 		.4byte	0x84
 798 0276 00000000 		.4byte	.LLST0
 799 027a 0C       		.uleb128 0xc
 800 027b 08000000 		.4byte	.LVL41
 801 027f 10050000 		.4byte	0x510
 802 0283 08       		.uleb128 0x8
 803 0284 1E000000 		.4byte	.LVL42
 804 0288 1B050000 		.4byte	0x51b
 805 028c 97020000 		.4byte	0x297
 806 0290 09       		.uleb128 0x9
 807 0291 01       		.uleb128 0x1
 808 0292 50       		.byte	0x50
 809 0293 02       		.uleb128 0x2
 810 0294 74       		.byte	0x74
 811 0295 00       		.sleb128 0
 812 0296 00       		.byte	0
 813 0297 0A       		.uleb128 0xa
 814 0298 26000000 		.4byte	.LVL43
 815 029c 26050000 		.4byte	0x526
 816 02a0 09       		.uleb128 0x9
 817 02a1 01       		.uleb128 0x1
 818 02a2 50       		.byte	0x50
 819 02a3 02       		.uleb128 0x2
 820 02a4 74       		.byte	0x74
 821 02a5 00       		.sleb128 0
 822 02a6 00       		.byte	0
 823 02a7 00       		.byte	0
 824 02a8 0E       		.uleb128 0xe
 825 02a9 10000000 		.4byte	.LASF20
 826 02ad 01       		.byte	0x1
 827 02ae AF       		.byte	0xaf
 828 02af 00000000 		.4byte	.LFB68
 829 02b3 14000000 		.4byte	.LFE68-.LFB68
 830 02b7 01       		.uleb128 0x1
 831 02b8 9C       		.byte	0x9c
 832 02b9 E4020000 		.4byte	0x2e4
 833 02bd 0F       		.uleb128 0xf
 834 02be 6300     		.ascii	"c\000"
 835 02c0 01       		.byte	0x1
 836 02c1 AF       		.byte	0xaf
 837 02c2 8A000000 		.4byte	0x8a
 838 02c6 1E000000 		.4byte	.LLST1
 839 02ca 0C       		.uleb128 0xc
 840 02cb 08000000 		.4byte	.LVL46
 841 02cf 10050000 		.4byte	0x510
 842 02d3 0A       		.uleb128 0xa
 843 02d4 12000000 		.4byte	.LVL47
 844 02d8 31050000 		.4byte	0x531
 845 02dc 09       		.uleb128 0x9
 846 02dd 01       		.uleb128 0x1
 847 02de 50       		.byte	0x50
ARM GAS  C:\Users\umasu\AppData\Local\Temp\ccXX9Z4p.s 			page 19


 848 02df 02       		.uleb128 0x2
 849 02e0 74       		.byte	0x74
 850 02e1 00       		.sleb128 0
 851 02e2 00       		.byte	0
 852 02e3 00       		.byte	0
 853 02e4 10       		.uleb128 0x10
 854 02e5 E3030000 		.4byte	.LASF21
 855 02e9 05       		.byte	0x5
 856 02ea 1207     		.2byte	0x712
 857 02ec F0020000 		.4byte	0x2f0
 858 02f0 11       		.uleb128 0x11
 859 02f1 91000000 		.4byte	0x91
 860 02f5 12       		.uleb128 0x12
 861 02f6 8B010000 		.4byte	.LASF22
 862 02fa 01       		.byte	0x1
 863 02fb 13       		.byte	0x13
 864 02fc AA000000 		.4byte	0xaa
 865 0300 05       		.uleb128 0x5
 866 0301 03       		.byte	0x3
 867 0302 00000000 		.4byte	counter
 868 0306 12       		.uleb128 0x12
 869 0307 3F020000 		.4byte	.LASF23
 870 030b 01       		.byte	0x1
 871 030c 14       		.byte	0x14
 872 030d AA000000 		.4byte	0xaa
 873 0311 05       		.uleb128 0x5
 874 0312 03       		.byte	0x3
 875 0313 00000000 		.4byte	ready_to_send
 876 0317 13       		.uleb128 0x13
 877 0318 8A000000 		.4byte	0x8a
 878 031c 27030000 		.4byte	0x327
 879 0320 14       		.uleb128 0x14
 880 0321 7D000000 		.4byte	0x7d
 881 0325 3F       		.byte	0x3f
 882 0326 00       		.byte	0
 883 0327 12       		.uleb128 0x12
 884 0328 C1020000 		.4byte	.LASF24
 885 032c 01       		.byte	0x1
 886 032d 15       		.byte	0x15
 887 032e 17030000 		.4byte	0x317
 888 0332 05       		.uleb128 0x5
 889 0333 03       		.byte	0x3
 890 0334 00000000 		.4byte	bufferi
 891 0338 12       		.uleb128 0x12
 892 0339 9B000000 		.4byte	.LASF25
 893 033d 01       		.byte	0x1
 894 033e 16       		.byte	0x16
 895 033f 17030000 		.4byte	0x317
 896 0343 05       		.uleb128 0x5
 897 0344 03       		.byte	0x3
 898 0345 00000000 		.4byte	bufferj
 899 0349 12       		.uleb128 0x12
 900 034a 2A010000 		.4byte	.LASF26
 901 034e 01       		.byte	0x1
 902 034f 1A       		.byte	0x1a
 903 0350 B6000000 		.4byte	0xb6
 904 0354 05       		.uleb128 0x5
ARM GAS  C:\Users\umasu\AppData\Local\Temp\ccXX9Z4p.s 			page 20


 905 0355 03       		.byte	0x3
 906 0356 00000000 		.4byte	encoderCounts_M1
 907 035a 12       		.uleb128 0x12
 908 035b 3B010000 		.4byte	.LASF27
 909 035f 01       		.byte	0x1
 910 0360 1B       		.byte	0x1b
 911 0361 B6000000 		.4byte	0xb6
 912 0365 05       		.uleb128 0x5
 913 0366 03       		.byte	0x3
 914 0367 00000000 		.4byte	encoderCounts_M2
 915 036b 15       		.uleb128 0x15
 916 036c 43505200 		.ascii	"CPR\000"
 917 0370 01       		.byte	0x1
 918 0371 1C       		.byte	0x1c
 919 0372 68000000 		.4byte	0x68
 920 0376 05       		.uleb128 0x5
 921 0377 03       		.byte	0x3
 922 0378 00000000 		.4byte	CPR
 923 037c 12       		.uleb128 0x12
 924 037d CD030000 		.4byte	.LASF28
 925 0381 01       		.byte	0x1
 926 0382 1D       		.byte	0x1d
 927 0383 A3000000 		.4byte	0xa3
 928 0387 05       		.uleb128 0x5
 929 0388 03       		.byte	0x3
 930 0389 00000000 		.4byte	wheelCircumference_mm
 931 038d 12       		.uleb128 0x12
 932 038e 82020000 		.4byte	.LASF29
 933 0392 01       		.byte	0x1
 934 0393 1E       		.byte	0x1e
 935 0394 A3000000 		.4byte	0xa3
 936 0398 05       		.uleb128 0x5
 937 0399 03       		.byte	0x3
 938 039a 00000000 		.4byte	timeInterval_ms
 939 039e 12       		.uleb128 0x12
 940 039f 5C020000 		.4byte	.LASF30
 941 03a3 01       		.byte	0x1
 942 03a4 1F       		.byte	0x1f
 943 03a5 A3000000 		.4byte	0xa3
 944 03a9 05       		.uleb128 0x5
 945 03aa 03       		.byte	0x3
 946 03ab 00000000 		.4byte	distance_M1
 947 03af 12       		.uleb128 0x12
 948 03b0 68020000 		.4byte	.LASF31
 949 03b4 01       		.byte	0x1
 950 03b5 20       		.byte	0x20
 951 03b6 A3000000 		.4byte	0xa3
 952 03ba 05       		.uleb128 0x5
 953 03bb 03       		.byte	0x3
 954 03bc 00000000 		.4byte	distance_M2
 955 03c0 12       		.uleb128 0x12
 956 03c1 03020000 		.4byte	.LASF32
 957 03c5 01       		.byte	0x1
 958 03c6 21       		.byte	0x21
 959 03c7 A3000000 		.4byte	0xa3
 960 03cb 05       		.uleb128 0x5
 961 03cc 03       		.byte	0x3
ARM GAS  C:\Users\umasu\AppData\Local\Temp\ccXX9Z4p.s 			page 21


 962 03cd 00000000 		.4byte	current_distance_M1
 963 03d1 12       		.uleb128 0x12
 964 03d2 17020000 		.4byte	.LASF33
 965 03d6 01       		.byte	0x1
 966 03d7 22       		.byte	0x22
 967 03d8 A3000000 		.4byte	0xa3
 968 03dc 05       		.uleb128 0x5
 969 03dd 03       		.byte	0x3
 970 03de 00000000 		.4byte	current_distance_M2
 971 03e2 12       		.uleb128 0x12
 972 03e3 00000000 		.4byte	.LASF34
 973 03e7 01       		.byte	0x1
 974 03e8 23       		.byte	0x23
 975 03e9 A3000000 		.4byte	0xa3
 976 03ed 05       		.uleb128 0x5
 977 03ee 03       		.byte	0x3
 978 03ef 00000000 		.4byte	target_diatance
 979 03f3 12       		.uleb128 0x12
 980 03f4 80030000 		.4byte	.LASF35
 981 03f8 01       		.byte	0x1
 982 03f9 24       		.byte	0x24
 983 03fa B6000000 		.4byte	0xb6
 984 03fe 05       		.uleb128 0x5
 985 03ff 03       		.byte	0x3
 986 0400 00000000 		.4byte	speed_M1
 987 0404 12       		.uleb128 0x12
 988 0405 89030000 		.4byte	.LASF36
 989 0409 01       		.byte	0x1
 990 040a 25       		.byte	0x25
 991 040b B6000000 		.4byte	0xb6
 992 040f 05       		.uleb128 0x5
 993 0410 03       		.byte	0x3
 994 0411 00000000 		.4byte	speed_M2
 995 0415 12       		.uleb128 0x12
 996 0416 A4030000 		.4byte	.LASF37
 997 041a 01       		.byte	0x1
 998 041b 26       		.byte	0x26
 999 041c A3000000 		.4byte	0xa3
 1000 0420 05       		.uleb128 0x5
 1001 0421 03       		.byte	0x3
 1002 0422 00000000 		.4byte	encoderCounts_M1_sum
 1003 0426 12       		.uleb128 0x12
 1004 0427 80000000 		.4byte	.LASF38
 1005 042b 01       		.byte	0x1
 1006 042c 27       		.byte	0x27
 1007 042d A3000000 		.4byte	0xa3
 1008 0431 05       		.uleb128 0x5
 1009 0432 03       		.byte	0x3
 1010 0433 00000000 		.4byte	encoderCounts_M2_sum
 1011 0437 12       		.uleb128 0x12
 1012 0438 74030000 		.4byte	.LASF39
 1013 043c 01       		.byte	0x1
 1014 043d 28       		.byte	0x28
 1015 043e 68000000 		.4byte	0x68
 1016 0442 05       		.uleb128 0x5
 1017 0443 03       		.byte	0x3
 1018 0444 00000000 		.4byte	counterstop
ARM GAS  C:\Users\umasu\AppData\Local\Temp\ccXX9Z4p.s 			page 22


 1019 0448 16       		.uleb128 0x16
 1020 0449 5E010000 		.4byte	.LASF40
 1021 044d 5E010000 		.4byte	.LASF40
 1022 0451 06       		.byte	0x6
 1023 0452 C3       		.byte	0xc3
 1024 0453 16       		.uleb128 0x16
 1025 0454 A3000000 		.4byte	.LASF41
 1026 0458 A3000000 		.4byte	.LASF41
 1027 045c 07       		.byte	0x7
 1028 045d C3       		.byte	0xc3
 1029 045e 16       		.uleb128 0x16
 1030 045f CD000000 		.4byte	.LASF42
 1031 0463 CD000000 		.4byte	.LASF42
 1032 0467 08       		.byte	0x8
 1033 0468 26       		.byte	0x26
 1034 0469 16       		.uleb128 0x16
 1035 046a 92020000 		.4byte	.LASF43
 1036 046e 92020000 		.4byte	.LASF43
 1037 0472 09       		.byte	0x9
 1038 0473 4E       		.byte	0x4e
 1039 0474 16       		.uleb128 0x16
 1040 0475 ED010000 		.4byte	.LASF44
 1041 0479 ED010000 		.4byte	.LASF44
 1042 047d 0A       		.byte	0xa
 1043 047e 4F       		.byte	0x4f
 1044 047f 16       		.uleb128 0x16
 1045 0480 31000000 		.4byte	.LASF45
 1046 0484 31000000 		.4byte	.LASF45
 1047 0488 09       		.byte	0x9
 1048 0489 4F       		.byte	0x4f
 1049 048a 16       		.uleb128 0x16
 1050 048b 65000000 		.4byte	.LASF46
 1051 048f 65000000 		.4byte	.LASF46
 1052 0493 0B       		.byte	0xb
 1053 0494 5E       		.byte	0x5e
 1054 0495 16       		.uleb128 0x16
 1055 0496 74020000 		.4byte	.LASF47
 1056 049a 74020000 		.4byte	.LASF47
 1057 049e 0B       		.byte	0xb
 1058 049f 5A       		.byte	0x5a
 1059 04a0 16       		.uleb128 0x16
 1060 04a1 55000000 		.4byte	.LASF48
 1061 04a5 55000000 		.4byte	.LASF48
 1062 04a9 0C       		.byte	0xc
 1063 04aa 27       		.byte	0x27
 1064 04ab 16       		.uleb128 0x16
 1065 04ac 1B000000 		.4byte	.LASF49
 1066 04b0 1B000000 		.4byte	.LASF49
 1067 04b4 06       		.byte	0x6
 1068 04b5 92       		.byte	0x92
 1069 04b6 16       		.uleb128 0x16
 1070 04b7 CE010000 		.4byte	.LASF50
 1071 04bb CE010000 		.4byte	.LASF50
 1072 04bf 07       		.byte	0x7
 1073 04c0 92       		.byte	0x92
 1074 04c1 16       		.uleb128 0x16
 1075 04c2 A8020000 		.4byte	.LASF51
ARM GAS  C:\Users\umasu\AppData\Local\Temp\ccXX9Z4p.s 			page 23


 1076 04c6 A8020000 		.4byte	.LASF51
 1077 04ca 06       		.byte	0x6
 1078 04cb BE       		.byte	0xbe
 1079 04cc 16       		.uleb128 0x16
 1080 04cd 92030000 		.4byte	.LASF52
 1081 04d1 92030000 		.4byte	.LASF52
 1082 04d5 07       		.byte	0x7
 1083 04d6 BE       		.byte	0xbe
 1084 04d7 17       		.uleb128 0x17
 1085 04d8 7E040000 		.4byte	.LASF53
 1086 04dc 7E040000 		.4byte	.LASF53
 1087 04e0 0D       		.byte	0xd
 1088 04e1 2A01     		.2byte	0x12a
 1089 04e3 17       		.uleb128 0x17
 1090 04e4 F4000000 		.4byte	.LASF54
 1091 04e8 F4000000 		.4byte	.LASF54
 1092 04ec 0D       		.byte	0xd
 1093 04ed 2D01     		.2byte	0x12d
 1094 04ef 16       		.uleb128 0x16
 1095 04f0 E8020000 		.4byte	.LASF55
 1096 04f4 E8020000 		.4byte	.LASF55
 1097 04f8 0A       		.byte	0xa
 1098 04f9 48       		.byte	0x48
 1099 04fa 16       		.uleb128 0x16
 1100 04fb BC000000 		.4byte	.LASF56
 1101 04ff BC000000 		.4byte	.LASF56
 1102 0503 09       		.byte	0x9
 1103 0504 48       		.byte	0x48
 1104 0505 16       		.uleb128 0x16
 1105 0506 B9030000 		.4byte	.LASF57
 1106 050a B9030000 		.4byte	.LASF57
 1107 050e 0E       		.byte	0xe
 1108 050f 18       		.byte	0x18
 1109 0510 16       		.uleb128 0x16
 1110 0511 8E040000 		.4byte	.LASF58
 1111 0515 8E040000 		.4byte	.LASF58
 1112 0519 0F       		.byte	0xf
 1113 051a 28       		.byte	0x28
 1114 051b 16       		.uleb128 0x16
 1115 051c 30020000 		.4byte	.LASF59
 1116 0520 30020000 		.4byte	.LASF59
 1117 0524 10       		.byte	0x10
 1118 0525 21       		.byte	0x21
 1119 0526 16       		.uleb128 0x16
 1120 0527 4C010000 		.4byte	.LASF60
 1121 052b 4C010000 		.4byte	.LASF60
 1122 052f 0F       		.byte	0xf
 1123 0530 23       		.byte	0x23
 1124 0531 16       		.uleb128 0x16
 1125 0532 18010000 		.4byte	.LASF61
 1126 0536 18010000 		.4byte	.LASF61
 1127 053a 0F       		.byte	0xf
 1128 053b 25       		.byte	0x25
 1129 053c 00       		.byte	0
 1130              		.section	.debug_abbrev,"",%progbits
 1131              	.Ldebug_abbrev0:
 1132 0000 01       		.uleb128 0x1
ARM GAS  C:\Users\umasu\AppData\Local\Temp\ccXX9Z4p.s 			page 24


 1133 0001 11       		.uleb128 0x11
 1134 0002 01       		.byte	0x1
 1135 0003 25       		.uleb128 0x25
 1136 0004 0E       		.uleb128 0xe
 1137 0005 13       		.uleb128 0x13
 1138 0006 0B       		.uleb128 0xb
 1139 0007 03       		.uleb128 0x3
 1140 0008 0E       		.uleb128 0xe
 1141 0009 1B       		.uleb128 0x1b
 1142 000a 0E       		.uleb128 0xe
 1143 000b 55       		.uleb128 0x55
 1144 000c 17       		.uleb128 0x17
 1145 000d 11       		.uleb128 0x11
 1146 000e 01       		.uleb128 0x1
 1147 000f 10       		.uleb128 0x10
 1148 0010 17       		.uleb128 0x17
 1149 0011 00       		.byte	0
 1150 0012 00       		.byte	0
 1151 0013 02       		.uleb128 0x2
 1152 0014 24       		.uleb128 0x24
 1153 0015 00       		.byte	0
 1154 0016 0B       		.uleb128 0xb
 1155 0017 0B       		.uleb128 0xb
 1156 0018 3E       		.uleb128 0x3e
 1157 0019 0B       		.uleb128 0xb
 1158 001a 03       		.uleb128 0x3
 1159 001b 0E       		.uleb128 0xe
 1160 001c 00       		.byte	0
 1161 001d 00       		.byte	0
 1162 001e 03       		.uleb128 0x3
 1163 001f 16       		.uleb128 0x16
 1164 0020 00       		.byte	0
 1165 0021 03       		.uleb128 0x3
 1166 0022 0E       		.uleb128 0xe
 1167 0023 3A       		.uleb128 0x3a
 1168 0024 0B       		.uleb128 0xb
 1169 0025 3B       		.uleb128 0x3b
 1170 0026 0B       		.uleb128 0xb
 1171 0027 49       		.uleb128 0x49
 1172 0028 13       		.uleb128 0x13
 1173 0029 00       		.byte	0
 1174 002a 00       		.byte	0
 1175 002b 04       		.uleb128 0x4
 1176 002c 24       		.uleb128 0x24
 1177 002d 00       		.byte	0
 1178 002e 0B       		.uleb128 0xb
 1179 002f 0B       		.uleb128 0xb
 1180 0030 3E       		.uleb128 0x3e
 1181 0031 0B       		.uleb128 0xb
 1182 0032 03       		.uleb128 0x3
 1183 0033 08       		.uleb128 0x8
 1184 0034 00       		.byte	0
 1185 0035 00       		.byte	0
 1186 0036 05       		.uleb128 0x5
 1187 0037 0F       		.uleb128 0xf
 1188 0038 00       		.byte	0
 1189 0039 0B       		.uleb128 0xb
ARM GAS  C:\Users\umasu\AppData\Local\Temp\ccXX9Z4p.s 			page 25


 1190 003a 0B       		.uleb128 0xb
 1191 003b 49       		.uleb128 0x49
 1192 003c 13       		.uleb128 0x13
 1193 003d 00       		.byte	0
 1194 003e 00       		.byte	0
 1195 003f 06       		.uleb128 0x6
 1196 0040 16       		.uleb128 0x16
 1197 0041 00       		.byte	0
 1198 0042 03       		.uleb128 0x3
 1199 0043 0E       		.uleb128 0xe
 1200 0044 3A       		.uleb128 0x3a
 1201 0045 0B       		.uleb128 0xb
 1202 0046 3B       		.uleb128 0x3b
 1203 0047 05       		.uleb128 0x5
 1204 0048 49       		.uleb128 0x49
 1205 0049 13       		.uleb128 0x13
 1206 004a 00       		.byte	0
 1207 004b 00       		.byte	0
 1208 004c 07       		.uleb128 0x7
 1209 004d 2E       		.uleb128 0x2e
 1210 004e 01       		.byte	0x1
 1211 004f 3F       		.uleb128 0x3f
 1212 0050 19       		.uleb128 0x19
 1213 0051 03       		.uleb128 0x3
 1214 0052 0E       		.uleb128 0xe
 1215 0053 3A       		.uleb128 0x3a
 1216 0054 0B       		.uleb128 0xb
 1217 0055 3B       		.uleb128 0x3b
 1218 0056 0B       		.uleb128 0xb
 1219 0057 11       		.uleb128 0x11
 1220 0058 01       		.uleb128 0x1
 1221 0059 12       		.uleb128 0x12
 1222 005a 06       		.uleb128 0x6
 1223 005b 40       		.uleb128 0x40
 1224 005c 18       		.uleb128 0x18
 1225 005d 9742     		.uleb128 0x2117
 1226 005f 19       		.uleb128 0x19
 1227 0060 01       		.uleb128 0x1
 1228 0061 13       		.uleb128 0x13
 1229 0062 00       		.byte	0
 1230 0063 00       		.byte	0
 1231 0064 08       		.uleb128 0x8
 1232 0065 898201   		.uleb128 0x4109
 1233 0068 01       		.byte	0x1
 1234 0069 11       		.uleb128 0x11
 1235 006a 01       		.uleb128 0x1
 1236 006b 31       		.uleb128 0x31
 1237 006c 13       		.uleb128 0x13
 1238 006d 01       		.uleb128 0x1
 1239 006e 13       		.uleb128 0x13
 1240 006f 00       		.byte	0
 1241 0070 00       		.byte	0
 1242 0071 09       		.uleb128 0x9
 1243 0072 8A8201   		.uleb128 0x410a
 1244 0075 00       		.byte	0
 1245 0076 02       		.uleb128 0x2
 1246 0077 18       		.uleb128 0x18
ARM GAS  C:\Users\umasu\AppData\Local\Temp\ccXX9Z4p.s 			page 26


 1247 0078 9142     		.uleb128 0x2111
 1248 007a 18       		.uleb128 0x18
 1249 007b 00       		.byte	0
 1250 007c 00       		.byte	0
 1251 007d 0A       		.uleb128 0xa
 1252 007e 898201   		.uleb128 0x4109
 1253 0081 01       		.byte	0x1
 1254 0082 11       		.uleb128 0x11
 1255 0083 01       		.uleb128 0x1
 1256 0084 31       		.uleb128 0x31
 1257 0085 13       		.uleb128 0x13
 1258 0086 00       		.byte	0
 1259 0087 00       		.byte	0
 1260 0088 0B       		.uleb128 0xb
 1261 0089 2E       		.uleb128 0x2e
 1262 008a 01       		.byte	0x1
 1263 008b 3F       		.uleb128 0x3f
 1264 008c 19       		.uleb128 0x19
 1265 008d 03       		.uleb128 0x3
 1266 008e 0E       		.uleb128 0xe
 1267 008f 3A       		.uleb128 0x3a
 1268 0090 0B       		.uleb128 0xb
 1269 0091 3B       		.uleb128 0x3b
 1270 0092 0B       		.uleb128 0xb
 1271 0093 27       		.uleb128 0x27
 1272 0094 19       		.uleb128 0x19
 1273 0095 11       		.uleb128 0x11
 1274 0096 01       		.uleb128 0x1
 1275 0097 12       		.uleb128 0x12
 1276 0098 06       		.uleb128 0x6
 1277 0099 40       		.uleb128 0x40
 1278 009a 18       		.uleb128 0x18
 1279 009b 9642     		.uleb128 0x2116
 1280 009d 19       		.uleb128 0x19
 1281 009e 01       		.uleb128 0x1
 1282 009f 13       		.uleb128 0x13
 1283 00a0 00       		.byte	0
 1284 00a1 00       		.byte	0
 1285 00a2 0C       		.uleb128 0xc
 1286 00a3 898201   		.uleb128 0x4109
 1287 00a6 00       		.byte	0
 1288 00a7 11       		.uleb128 0x11
 1289 00a8 01       		.uleb128 0x1
 1290 00a9 31       		.uleb128 0x31
 1291 00aa 13       		.uleb128 0x13
 1292 00ab 00       		.byte	0
 1293 00ac 00       		.byte	0
 1294 00ad 0D       		.uleb128 0xd
 1295 00ae 2E       		.uleb128 0x2e
 1296 00af 01       		.byte	0x1
 1297 00b0 3F       		.uleb128 0x3f
 1298 00b1 19       		.uleb128 0x19
 1299 00b2 03       		.uleb128 0x3
 1300 00b3 0E       		.uleb128 0xe
 1301 00b4 3A       		.uleb128 0x3a
 1302 00b5 0B       		.uleb128 0xb
 1303 00b6 3B       		.uleb128 0x3b
ARM GAS  C:\Users\umasu\AppData\Local\Temp\ccXX9Z4p.s 			page 27


 1304 00b7 0B       		.uleb128 0xb
 1305 00b8 27       		.uleb128 0x27
 1306 00b9 19       		.uleb128 0x19
 1307 00ba 49       		.uleb128 0x49
 1308 00bb 13       		.uleb128 0x13
 1309 00bc 8701     		.uleb128 0x87
 1310 00be 19       		.uleb128 0x19
 1311 00bf 11       		.uleb128 0x11
 1312 00c0 01       		.uleb128 0x1
 1313 00c1 12       		.uleb128 0x12
 1314 00c2 06       		.uleb128 0x6
 1315 00c3 40       		.uleb128 0x40
 1316 00c4 18       		.uleb128 0x18
 1317 00c5 9642     		.uleb128 0x2116
 1318 00c7 19       		.uleb128 0x19
 1319 00c8 01       		.uleb128 0x1
 1320 00c9 13       		.uleb128 0x13
 1321 00ca 00       		.byte	0
 1322 00cb 00       		.byte	0
 1323 00cc 0E       		.uleb128 0xe
 1324 00cd 2E       		.uleb128 0x2e
 1325 00ce 01       		.byte	0x1
 1326 00cf 3F       		.uleb128 0x3f
 1327 00d0 19       		.uleb128 0x19
 1328 00d1 03       		.uleb128 0x3
 1329 00d2 0E       		.uleb128 0xe
 1330 00d3 3A       		.uleb128 0x3a
 1331 00d4 0B       		.uleb128 0xb
 1332 00d5 3B       		.uleb128 0x3b
 1333 00d6 0B       		.uleb128 0xb
 1334 00d7 27       		.uleb128 0x27
 1335 00d8 19       		.uleb128 0x19
 1336 00d9 11       		.uleb128 0x11
 1337 00da 01       		.uleb128 0x1
 1338 00db 12       		.uleb128 0x12
 1339 00dc 06       		.uleb128 0x6
 1340 00dd 40       		.uleb128 0x40
 1341 00de 18       		.uleb128 0x18
 1342 00df 9742     		.uleb128 0x2117
 1343 00e1 19       		.uleb128 0x19
 1344 00e2 01       		.uleb128 0x1
 1345 00e3 13       		.uleb128 0x13
 1346 00e4 00       		.byte	0
 1347 00e5 00       		.byte	0
 1348 00e6 0F       		.uleb128 0xf
 1349 00e7 05       		.uleb128 0x5
 1350 00e8 00       		.byte	0
 1351 00e9 03       		.uleb128 0x3
 1352 00ea 08       		.uleb128 0x8
 1353 00eb 3A       		.uleb128 0x3a
 1354 00ec 0B       		.uleb128 0xb
 1355 00ed 3B       		.uleb128 0x3b
 1356 00ee 0B       		.uleb128 0xb
 1357 00ef 49       		.uleb128 0x49
 1358 00f0 13       		.uleb128 0x13
 1359 00f1 02       		.uleb128 0x2
 1360 00f2 17       		.uleb128 0x17
ARM GAS  C:\Users\umasu\AppData\Local\Temp\ccXX9Z4p.s 			page 28


 1361 00f3 00       		.byte	0
 1362 00f4 00       		.byte	0
 1363 00f5 10       		.uleb128 0x10
 1364 00f6 34       		.uleb128 0x34
 1365 00f7 00       		.byte	0
 1366 00f8 03       		.uleb128 0x3
 1367 00f9 0E       		.uleb128 0xe
 1368 00fa 3A       		.uleb128 0x3a
 1369 00fb 0B       		.uleb128 0xb
 1370 00fc 3B       		.uleb128 0x3b
 1371 00fd 05       		.uleb128 0x5
 1372 00fe 49       		.uleb128 0x49
 1373 00ff 13       		.uleb128 0x13
 1374 0100 3F       		.uleb128 0x3f
 1375 0101 19       		.uleb128 0x19
 1376 0102 3C       		.uleb128 0x3c
 1377 0103 19       		.uleb128 0x19
 1378 0104 00       		.byte	0
 1379 0105 00       		.byte	0
 1380 0106 11       		.uleb128 0x11
 1381 0107 35       		.uleb128 0x35
 1382 0108 00       		.byte	0
 1383 0109 49       		.uleb128 0x49
 1384 010a 13       		.uleb128 0x13
 1385 010b 00       		.byte	0
 1386 010c 00       		.byte	0
 1387 010d 12       		.uleb128 0x12
 1388 010e 34       		.uleb128 0x34
 1389 010f 00       		.byte	0
 1390 0110 03       		.uleb128 0x3
 1391 0111 0E       		.uleb128 0xe
 1392 0112 3A       		.uleb128 0x3a
 1393 0113 0B       		.uleb128 0xb
 1394 0114 3B       		.uleb128 0x3b
 1395 0115 0B       		.uleb128 0xb
 1396 0116 49       		.uleb128 0x49
 1397 0117 13       		.uleb128 0x13
 1398 0118 3F       		.uleb128 0x3f
 1399 0119 19       		.uleb128 0x19
 1400 011a 02       		.uleb128 0x2
 1401 011b 18       		.uleb128 0x18
 1402 011c 00       		.byte	0
 1403 011d 00       		.byte	0
 1404 011e 13       		.uleb128 0x13
 1405 011f 01       		.uleb128 0x1
 1406 0120 01       		.byte	0x1
 1407 0121 49       		.uleb128 0x49
 1408 0122 13       		.uleb128 0x13
 1409 0123 01       		.uleb128 0x1
 1410 0124 13       		.uleb128 0x13
 1411 0125 00       		.byte	0
 1412 0126 00       		.byte	0
 1413 0127 14       		.uleb128 0x14
 1414 0128 21       		.uleb128 0x21
 1415 0129 00       		.byte	0
 1416 012a 49       		.uleb128 0x49
 1417 012b 13       		.uleb128 0x13
ARM GAS  C:\Users\umasu\AppData\Local\Temp\ccXX9Z4p.s 			page 29


 1418 012c 2F       		.uleb128 0x2f
 1419 012d 0B       		.uleb128 0xb
 1420 012e 00       		.byte	0
 1421 012f 00       		.byte	0
 1422 0130 15       		.uleb128 0x15
 1423 0131 34       		.uleb128 0x34
 1424 0132 00       		.byte	0
 1425 0133 03       		.uleb128 0x3
 1426 0134 08       		.uleb128 0x8
 1427 0135 3A       		.uleb128 0x3a
 1428 0136 0B       		.uleb128 0xb
 1429 0137 3B       		.uleb128 0x3b
 1430 0138 0B       		.uleb128 0xb
 1431 0139 49       		.uleb128 0x49
 1432 013a 13       		.uleb128 0x13
 1433 013b 3F       		.uleb128 0x3f
 1434 013c 19       		.uleb128 0x19
 1435 013d 02       		.uleb128 0x2
 1436 013e 18       		.uleb128 0x18
 1437 013f 00       		.byte	0
 1438 0140 00       		.byte	0
 1439 0141 16       		.uleb128 0x16
 1440 0142 2E       		.uleb128 0x2e
 1441 0143 00       		.byte	0
 1442 0144 3F       		.uleb128 0x3f
 1443 0145 19       		.uleb128 0x19
 1444 0146 3C       		.uleb128 0x3c
 1445 0147 19       		.uleb128 0x19
 1446 0148 6E       		.uleb128 0x6e
 1447 0149 0E       		.uleb128 0xe
 1448 014a 03       		.uleb128 0x3
 1449 014b 0E       		.uleb128 0xe
 1450 014c 3A       		.uleb128 0x3a
 1451 014d 0B       		.uleb128 0xb
 1452 014e 3B       		.uleb128 0x3b
 1453 014f 0B       		.uleb128 0xb
 1454 0150 00       		.byte	0
 1455 0151 00       		.byte	0
 1456 0152 17       		.uleb128 0x17
 1457 0153 2E       		.uleb128 0x2e
 1458 0154 00       		.byte	0
 1459 0155 3F       		.uleb128 0x3f
 1460 0156 19       		.uleb128 0x19
 1461 0157 3C       		.uleb128 0x3c
 1462 0158 19       		.uleb128 0x19
 1463 0159 6E       		.uleb128 0x6e
 1464 015a 0E       		.uleb128 0xe
 1465 015b 03       		.uleb128 0x3
 1466 015c 0E       		.uleb128 0xe
 1467 015d 3A       		.uleb128 0x3a
 1468 015e 0B       		.uleb128 0xb
 1469 015f 3B       		.uleb128 0x3b
 1470 0160 05       		.uleb128 0x5
 1471 0161 00       		.byte	0
 1472 0162 00       		.byte	0
 1473 0163 00       		.byte	0
 1474              		.section	.debug_loc,"",%progbits
ARM GAS  C:\Users\umasu\AppData\Local\Temp\ccXX9Z4p.s 			page 30


 1475              	.Ldebug_loc0:
 1476              	.LLST0:
 1477 0000 00000000 		.4byte	.LVL39
 1478 0004 04000000 		.4byte	.LVL40
 1479 0008 0100     		.2byte	0x1
 1480 000a 50       		.byte	0x50
 1481 000b 04000000 		.4byte	.LVL40
 1482 000f 28000000 		.4byte	.LFE67
 1483 0013 0100     		.2byte	0x1
 1484 0015 54       		.byte	0x54
 1485 0016 00000000 		.4byte	0
 1486 001a 00000000 		.4byte	0
 1487              	.LLST1:
 1488 001e 00000000 		.4byte	.LVL44
 1489 0022 04000000 		.4byte	.LVL45
 1490 0026 0100     		.2byte	0x1
 1491 0028 50       		.byte	0x50
 1492 0029 04000000 		.4byte	.LVL45
 1493 002d 14000000 		.4byte	.LFE68
 1494 0031 0400     		.2byte	0x4
 1495 0033 F3       		.byte	0xf3
 1496 0034 01       		.uleb128 0x1
 1497 0035 50       		.byte	0x50
 1498 0036 9F       		.byte	0x9f
 1499 0037 00000000 		.4byte	0
 1500 003b 00000000 		.4byte	0
 1501              		.section	.debug_aranges,"",%progbits
 1502 0000 3C000000 		.4byte	0x3c
 1503 0004 0200     		.2byte	0x2
 1504 0006 00000000 		.4byte	.Ldebug_info0
 1505 000a 04       		.byte	0x4
 1506 000b 00       		.byte	0
 1507 000c 0000     		.2byte	0
 1508 000e 0000     		.2byte	0
 1509 0010 00000000 		.4byte	.LFB64
 1510 0014 10000000 		.4byte	.LFE64-.LFB64
 1511 0018 00000000 		.4byte	.LFB65
 1512 001c F4000000 		.4byte	.LFE65-.LFB65
 1513 0020 00000000 		.4byte	.LFB66
 1514 0024 6C000000 		.4byte	.LFE66-.LFB66
 1515 0028 00000000 		.4byte	.LFB67
 1516 002c 28000000 		.4byte	.LFE67-.LFB67
 1517 0030 00000000 		.4byte	.LFB68
 1518 0034 14000000 		.4byte	.LFE68-.LFB68
 1519 0038 00000000 		.4byte	0
 1520 003c 00000000 		.4byte	0
 1521              		.section	.debug_ranges,"",%progbits
 1522              	.Ldebug_ranges0:
 1523 0000 00000000 		.4byte	.LFB64
 1524 0004 10000000 		.4byte	.LFE64
 1525 0008 00000000 		.4byte	.LFB65
 1526 000c F4000000 		.4byte	.LFE65
 1527 0010 00000000 		.4byte	.LFB66
 1528 0014 6C000000 		.4byte	.LFE66
 1529 0018 00000000 		.4byte	.LFB67
 1530 001c 28000000 		.4byte	.LFE67
 1531 0020 00000000 		.4byte	.LFB68
ARM GAS  C:\Users\umasu\AppData\Local\Temp\ccXX9Z4p.s 			page 31


 1532 0024 14000000 		.4byte	.LFE68
 1533 0028 00000000 		.4byte	0
 1534 002c 00000000 		.4byte	0
 1535              		.section	.debug_line,"",%progbits
 1536              	.Ldebug_line0:
 1537 0000 DF020000 		.section	.debug_str,"MS",%progbits,1
 1537      02005002 
 1537      00000201 
 1537      FB0E0D00 
 1537      01010101 
 1538              	.LASF34:
 1539 0000 74617267 		.ascii	"target_diatance\000"
 1539      65745F64 
 1539      69617461 
 1539      6E636500 
 1540              	.LASF20:
 1541 0010 75736250 		.ascii	"usbPutChar\000"
 1541      75744368 
 1541      617200
 1542              	.LASF49:
 1543 001b 50574D5F 		.ascii	"PWM_1_Start\000"
 1543      315F5374 
 1543      61727400 
 1544              	.LASF2:
 1545 0027 73686F72 		.ascii	"short int\000"
 1545      7420696E 
 1545      7400
 1546              	.LASF45:
 1547 0031 51756164 		.ascii	"QuadDec_M2_SetCounter\000"
 1547      4465635F 
 1547      4D325F53 
 1547      6574436F 
 1547      756E7465 
 1548              	.LASF10:
 1549 0047 73697A65 		.ascii	"sizetype\000"
 1549      74797065 
 1549      00
 1550              	.LASF66:
 1551 0050 6D61696E 		.ascii	"main\000"
 1551      00
 1552              	.LASF48:
 1553 0055 436C6F63 		.ascii	"Clock_PWM_Start\000"
 1553      6B5F5057 
 1553      4D5F5374 
 1553      61727400 
 1554              	.LASF46:
 1555 0065 54696D65 		.ascii	"Timer_1_ReadStatusRegister\000"
 1555      725F315F 
 1555      52656164 
 1555      53746174 
 1555      75735265 
 1556              	.LASF38:
 1557 0080 656E636F 		.ascii	"encoderCounts_M2_sum\000"
 1557      64657243 
 1557      6F756E74 
 1557      735F4D32 
 1557      5F73756D 
ARM GAS  C:\Users\umasu\AppData\Local\Temp\ccXX9Z4p.s 			page 32


 1558              	.LASF16:
 1559 0095 75696E74 		.ascii	"uint8\000"
 1559      3800
 1560              	.LASF25:
 1561 009b 62756666 		.ascii	"bufferj\000"
 1561      65726A00 
 1562              	.LASF41:
 1563 00a3 50574D5F 		.ascii	"PWM_2_WriteCompare\000"
 1563      325F5772 
 1563      69746543 
 1563      6F6D7061 
 1563      726500
 1564              	.LASF15:
 1565 00b6 666C6F61 		.ascii	"float\000"
 1565      7400
 1566              	.LASF56:
 1567 00bc 51756164 		.ascii	"QuadDec_M2_Start\000"
 1567      4465635F 
 1567      4D325F53 
 1567      74617274 
 1567      00
 1568              	.LASF42:
 1569 00cd 4C45445F 		.ascii	"LED_1_Write\000"
 1569      315F5772 
 1569      69746500 
 1570              	.LASF6:
 1571 00d9 6C6F6E67 		.ascii	"long long int\000"
 1571      206C6F6E 
 1571      6720696E 
 1571      7400
 1572              	.LASF19:
 1573 00e7 75736250 		.ascii	"usbPutString\000"
 1573      75745374 
 1573      72696E67 
 1573      00
 1574              	.LASF54:
 1575 00f4 55534255 		.ascii	"USBUART_1_GetConfiguration\000"
 1575      4152545F 
 1575      315F4765 
 1575      74436F6E 
 1575      66696775 
 1576              	.LASF4:
 1577 010f 6C6F6E67 		.ascii	"long int\000"
 1577      20696E74 
 1577      00
 1578              	.LASF61:
 1579 0118 55534255 		.ascii	"USBUART_1_PutChar\000"
 1579      4152545F 
 1579      315F5075 
 1579      74436861 
 1579      7200
 1580              	.LASF26:
 1581 012a 656E636F 		.ascii	"encoderCounts_M1\000"
 1581      64657243 
 1581      6F756E74 
 1581      735F4D31 
 1581      00
ARM GAS  C:\Users\umasu\AppData\Local\Temp\ccXX9Z4p.s 			page 33


 1582              	.LASF27:
 1583 013b 656E636F 		.ascii	"encoderCounts_M2\000"
 1583      64657243 
 1583      6F756E74 
 1583      735F4D32 
 1583      00
 1584              	.LASF60:
 1585 014c 55534255 		.ascii	"USBUART_1_PutData\000"
 1585      4152545F 
 1585      315F5075 
 1585      74446174 
 1585      6100
 1586              	.LASF40:
 1587 015e 50574D5F 		.ascii	"PWM_1_WriteCompare\000"
 1587      315F5772 
 1587      69746543 
 1587      6F6D7061 
 1587      726500
 1588              	.LASF9:
 1589 0171 6C6F6E67 		.ascii	"long double\000"
 1589      20646F75 
 1589      626C6500 
 1590              	.LASF1:
 1591 017d 756E7369 		.ascii	"unsigned char\000"
 1591      676E6564 
 1591      20636861 
 1591      7200
 1592              	.LASF22:
 1593 018b 636F756E 		.ascii	"counter\000"
 1593      74657200 
 1594              	.LASF65:
 1595 0193 73746F70 		.ascii	"stopMotors\000"
 1595      4D6F746F 
 1595      727300
 1596              	.LASF0:
 1597 019e 7369676E 		.ascii	"signed char\000"
 1597      65642063 
 1597      68617200 
 1598              	.LASF7:
 1599 01aa 6C6F6E67 		.ascii	"long long unsigned int\000"
 1599      206C6F6E 
 1599      6720756E 
 1599      7369676E 
 1599      65642069 
 1600              	.LASF8:
 1601 01c1 756E7369 		.ascii	"unsigned int\000"
 1601      676E6564 
 1601      20696E74 
 1601      00
 1602              	.LASF50:
 1603 01ce 50574D5F 		.ascii	"PWM_2_Start\000"
 1603      325F5374 
 1603      61727400 
 1604              	.LASF3:
 1605 01da 73686F72 		.ascii	"short unsigned int\000"
 1605      7420756E 
 1605      7369676E 
ARM GAS  C:\Users\umasu\AppData\Local\Temp\ccXX9Z4p.s 			page 34


 1605      65642069 
 1605      6E7400
 1606              	.LASF44:
 1607 01ed 51756164 		.ascii	"QuadDec_M1_SetCounter\000"
 1607      4465635F 
 1607      4D315F53 
 1607      6574436F 
 1607      756E7465 
 1608              	.LASF32:
 1609 0203 63757272 		.ascii	"current_distance_M1\000"
 1609      656E745F 
 1609      64697374 
 1609      616E6365 
 1609      5F4D3100 
 1610              	.LASF33:
 1611 0217 63757272 		.ascii	"current_distance_M2\000"
 1611      656E745F 
 1611      64697374 
 1611      616E6365 
 1611      5F4D3200 
 1612              	.LASF11:
 1613 022b 63686172 		.ascii	"char\000"
 1613      00
 1614              	.LASF59:
 1615 0230 7374726C 		.ascii	"strlen\000"
 1615      656E00
 1616              	.LASF13:
 1617 0237 696E7433 		.ascii	"int32_t\000"
 1617      325F7400 
 1618              	.LASF23:
 1619 023f 72656164 		.ascii	"ready_to_send\000"
 1619      795F746F 
 1619      5F73656E 
 1619      6400
 1620              	.LASF18:
 1621 024d 6973725F 		.ascii	"isr_TC_handler\000"
 1621      54435F68 
 1621      616E646C 
 1621      657200
 1622              	.LASF30:
 1623 025c 64697374 		.ascii	"distance_M1\000"
 1623      616E6365 
 1623      5F4D3100 
 1624              	.LASF31:
 1625 0268 64697374 		.ascii	"distance_M2\000"
 1625      616E6365 
 1625      5F4D3200 
 1626              	.LASF47:
 1627 0274 54696D65 		.ascii	"Timer_1_Start\000"
 1627      725F315F 
 1627      53746172 
 1627      7400
 1628              	.LASF29:
 1629 0282 74696D65 		.ascii	"timeInterval_ms\000"
 1629      496E7465 
 1629      7276616C 
 1629      5F6D7300 
ARM GAS  C:\Users\umasu\AppData\Local\Temp\ccXX9Z4p.s 			page 35


 1630              	.LASF43:
 1631 0292 51756164 		.ascii	"QuadDec_M2_GetCounter\000"
 1631      4465635F 
 1631      4D325F47 
 1631      6574436F 
 1631      756E7465 
 1632              	.LASF51:
 1633 02a8 50574D5F 		.ascii	"PWM_1_WritePeriod\000"
 1633      315F5772 
 1633      69746550 
 1633      6572696F 
 1633      6400
 1634              	.LASF63:
 1635 02ba 6D61696E 		.ascii	"main.c\000"
 1635      2E6300
 1636              	.LASF24:
 1637 02c1 62756666 		.ascii	"bufferi\000"
 1637      65726900 
 1638              	.LASF5:
 1639 02c9 6C6F6E67 		.ascii	"long unsigned int\000"
 1639      20756E73 
 1639      69676E65 
 1639      6420696E 
 1639      7400
 1640              	.LASF17:
 1641 02db 696E7433 		.ascii	"int32\000"
 1641      3200
 1642              	.LASF14:
 1643 02e1 646F7562 		.ascii	"double\000"
 1643      6C6500
 1644              	.LASF55:
 1645 02e8 51756164 		.ascii	"QuadDec_M1_Start\000"
 1645      4465635F 
 1645      4D315F53 
 1645      74617274 
 1645      00
 1646              	.LASF64:
 1647 02f9 443A5C53 		.ascii	"D:\\Semester 2\\COMPSYS 301 - Design - Hardware Sof"
 1647      656D6573 
 1647      74657220 
 1647      325C434F 
 1647      4D505359 
 1648 032a 74776172 		.ascii	"tware Systems\\GITHUB\\COMPSYS301\\Uma\\Hardware_ta"
 1648      65205379 
 1648      7374656D 
 1648      735C4749 
 1648      54485542 
 1649 0359 736B5C68 		.ascii	"sk\\hwTask2.cydsn\000"
 1649      77546173 
 1649      6B322E63 
 1649      7964736E 
 1649      00
 1650              	.LASF12:
 1651 036a 5F5F696E 		.ascii	"__int32_t\000"
 1651      7433325F 
 1651      7400
 1652              	.LASF39:
ARM GAS  C:\Users\umasu\AppData\Local\Temp\ccXX9Z4p.s 			page 36


 1653 0374 636F756E 		.ascii	"counterstop\000"
 1653      74657273 
 1653      746F7000 
 1654              	.LASF35:
 1655 0380 73706565 		.ascii	"speed_M1\000"
 1655      645F4D31 
 1655      00
 1656              	.LASF36:
 1657 0389 73706565 		.ascii	"speed_M2\000"
 1657      645F4D32 
 1657      00
 1658              	.LASF52:
 1659 0392 50574D5F 		.ascii	"PWM_2_WritePeriod\000"
 1659      325F5772 
 1659      69746550 
 1659      6572696F 
 1659      6400
 1660              	.LASF37:
 1661 03a4 656E636F 		.ascii	"encoderCounts_M1_sum\000"
 1661      64657243 
 1661      6F756E74 
 1661      735F4D31 
 1661      5F73756D 
 1662              	.LASF57:
 1663 03b9 74696D65 		.ascii	"timer_1_isr_StartEx\000"
 1663      725F315F 
 1663      6973725F 
 1663      53746172 
 1663      74457800 
 1664              	.LASF28:
 1665 03cd 77686565 		.ascii	"wheelCircumference_mm\000"
 1665      6C436972 
 1665      63756D66 
 1665      6572656E 
 1665      63655F6D 
 1666              	.LASF21:
 1667 03e3 49544D5F 		.ascii	"ITM_RxBuffer\000"
 1667      52784275 
 1667      66666572 
 1667      00
 1668              	.LASF62:
 1669 03f0 474E5520 		.ascii	"GNU C11 5.4.1 20160609 (release) [ARM/embedded-5-br"
 1669      43313120 
 1669      352E342E 
 1669      31203230 
 1669      31363036 
 1670 0423 616E6368 		.ascii	"anch revision 237715] -mcpu=cortex-m3 -mthumb -g -O"
 1670      20726576 
 1670      6973696F 
 1670      6E203233 
 1670      37373135 
 1671 0456 67202D66 		.ascii	"g -ffunction-sections -ffat-lto-objects\000"
 1671      66756E63 
 1671      74696F6E 
 1671      2D736563 
 1671      74696F6E 
 1672              	.LASF53:
ARM GAS  C:\Users\umasu\AppData\Local\Temp\ccXX9Z4p.s 			page 37


 1673 047e 55534255 		.ascii	"USBUART_1_Start\000"
 1673      4152545F 
 1673      315F5374 
 1673      61727400 
 1674              	.LASF58:
 1675 048e 55534255 		.ascii	"USBUART_1_CDCIsReady\000"
 1675      4152545F 
 1675      315F4344 
 1675      43497352 
 1675      65616479 
 1676              		.ident	"GCC: (GNU Tools for ARM Embedded Processors) 5.4.1 20160609 (release) [ARM/embedded-5-bran
