ARM GAS  C:\Users\dulan\AppData\Local\Temp\cch9Lnyg.s 			page 1


   1              		.syntax unified
   2              		.cpu cortex-m3
   3              		.fpu softvfp
   4              		.eabi_attribute 20, 1
   5              		.eabi_attribute 21, 1
   6              		.eabi_attribute 23, 3
   7              		.eabi_attribute 24, 1
   8              		.eabi_attribute 25, 1
   9              		.eabi_attribute 26, 1
  10              		.eabi_attribute 30, 1
  11              		.eabi_attribute 34, 1
  12              		.eabi_attribute 18, 4
  13              		.thumb
  14              		.syntax unified
  15              		.file	"Filter_1_Coefficients.c"
  16              		.text
  17              	.Ltext0:
  18              		.cfi_sections	.debug_frame
  19              	.Letext0:
  20              		.section	.debug_line,"",%progbits
  21              	.Ldebug_line0:
  22              		.section	.debug_str,"MS",%progbits,1
  23              	.LASF0:
  24 0000 433A5C55 		.ascii	"C:\\Users\\dulan\\OneDrive\\Desktop\\ENGGEN\\2023_s"
  24      73657273 
  24      5C64756C 
  24      616E5C4F 
  24      6E654472 
  25 002d 656D325C 		.ascii	"em2\\301\\COMPSYS301\\Dulanya\\CS301_15.cydsn - swi"
  25      3330315C 
  25      434F4D50 
  25      53595333 
  25      30315C44 
  26 005c 74636863 		.ascii	"tchcase try\\Additional_HD.cydsn\000"
  26      61736520 
  26      7472795C 
  26      41646469 
  26      74696F6E 
  27              	.LASF1:
  28 007c 474E5520 		.ascii	"GNU C11 5.4.1 20160609 (release) [ARM/embedded-5-br"
  28      43313120 
  28      352E342E 
  28      31203230 
  28      31363036 
  29 00af 616E6368 		.ascii	"anch revision 237715] -mcpu=cortex-m3 -mthumb -g -O"
  29      20726576 
  29      6973696F 
  29      6E203233 
  29      37373135 
  30 00e2 67202D66 		.ascii	"g -ffunction-sections -ffat-lto-objects\000"
  30      66756E63 
  30      74696F6E 
  30      2D736563 
  30      74696F6E 
  31              	.LASF2:
  32 010a 47656E65 		.ascii	"Generated_Source\\PSoC5\\Filter_1_Coefficients.c\000"
  32      72617465 
ARM GAS  C:\Users\dulan\AppData\Local\Temp\cch9Lnyg.s 			page 2


  32      645F536F 
  32      75726365 
  32      5C50536F 
  33              		.ident	"GCC: (GNU Tools for ARM Embedded Processors) 5.4.1 20160609 (release) [ARM/embedded-5-bran
