ARM GAS  C:\Users\dulan\AppData\Local\Temp\ccEgM5Ez.s 			page 1


   1              		.syntax unified
   2              		.cpu cortex-m3
   3              		.fpu softvfp
   4              		.eabi_attribute 20, 1
   5              		.eabi_attribute 21, 1
   6              		.eabi_attribute 23, 3
   7              		.eabi_attribute 24, 1
   8              		.eabi_attribute 25, 1
   9              		.eabi_attribute 26, 1
  10              		.eabi_attribute 30, 1
  11              		.eabi_attribute 34, 1
  12              		.eabi_attribute 18, 4
  13              		.thumb
  14              		.syntax unified
  15              		.file	"main.c"
  16              		.text
  17              	.Ltext0:
  18              		.cfi_sections	.debug_frame
  19              		.section	.text.isr_3_interrupt,"ax",%progbits
  20              		.align	2
  21              		.global	isr_3_interrupt
  22              		.thumb
  23              		.thumb_func
  24              		.type	isr_3_interrupt, %function
  25              	isr_3_interrupt:
  26              	.LFB64:
  27              		.file 1 "main.c"
   1:main.c        **** /* ========================================
   2:main.c        ****  *
   3:main.c        ****  * Copyright YOUR COMPANY, THE YEAR
   4:main.c        ****  * All Rights Reserved
   5:main.c        ****  * UNPUBLISHED, LICENSED SOFTWARE.
   6:main.c        ****  *
   7:main.c        ****  * CONFIDENTIAL AND PROPRIETARY INFORMATION
   8:main.c        ****  * WHICH IS THE PROPERTY OF your company.
   9:main.c        ****  *
  10:main.c        ****  * ========================================
  11:main.c        **** */
  12:main.c        **** /* ========================================
  13:main.c        ****  * Fully working code: 
  14:main.c        ****  * PWM      : 
  15:main.c        ****  * Encoder  : 
  16:main.c        ****  * ADC      :
  17:main.c        ****  * USB      : port displays speed and position.
  18:main.c        ****  * CMD: "PW xx"
  19:main.c        ****  * Copyright Univ of Auckland, 2016
  20:main.c        ****  * All Rights Reserved
  21:main.c        ****  * UNPUBLISHED, LICENSED SOFTWARE.
  22:main.c        ****  *
  23:main.c        ****  * CONFIDENTIAL AND PROPRIETARY INFORMATION
  24:main.c        ****  * WHICH IS THE PROPERTY OF Univ of Auckland.
  25:main.c        ****  *
  26:main.c        ****  * ========================================
  27:main.c        **** */
  28:main.c        **** #include <stdio.h>
  29:main.c        **** #include <string.h>
  30:main.c        **** #include <stdlib.h>
ARM GAS  C:\Users\dulan\AppData\Local\Temp\ccEgM5Ez.s 			page 2


  31:main.c        **** #include <project.h>
  32:main.c        **** 
  33:main.c        **** 
  34:main.c        **** #include "project.h"
  35:main.c        **** 
  36:main.c        **** CY_ISR(isr_3_interrupt) {
  28              		.loc 1 36 0
  29              		.cfi_startproc
  30              		@ args = 0, pretend = 0, frame = 0
  31              		@ frame_needed = 0, uses_anonymous_args = 0
  32 0000 08B5     		push	{r3, lr}
  33              		.cfi_def_cfa_offset 8
  34              		.cfi_offset 3, -8
  35              		.cfi_offset 14, -4
  37:main.c        **** //    if(Comp_1_GetCompare()==1){
  38:main.c        **** //        LED_Write(1);
  39:main.c        **** //    }
  40:main.c        **** //    else{
  41:main.c        **** //        LED_Write(0);
  42:main.c        **** //    }
  43:main.c        ****     Comp_1_Init();
  36              		.loc 1 43 0
  37 0002 FFF7FEFF 		bl	Comp_1_Init
  38              	.LVL0:
  39 0006 08BD     		pop	{r3, pc}
  40              		.cfi_endproc
  41              	.LFE64:
  42              		.size	isr_3_interrupt, .-isr_3_interrupt
  43              		.section	.text.main,"ax",%progbits
  44              		.align	2
  45              		.global	main
  46              		.thumb
  47              		.thumb_func
  48              		.type	main, %function
  49              	main:
  50              	.LFB65:
  44:main.c        **** 
  45:main.c        **** }
  46:main.c        **** 
  47:main.c        **** int main(void)
  48:main.c        **** {
  51              		.loc 1 48 0
  52              		.cfi_startproc
  53              		@ Volatile: function does not return.
  54              		@ args = 0, pretend = 0, frame = 0
  55              		@ frame_needed = 0, uses_anonymous_args = 0
  56 0000 08B5     		push	{r3, lr}
  57              		.cfi_def_cfa_offset 8
  58              		.cfi_offset 3, -8
  59              		.cfi_offset 14, -4
  49:main.c        ****     CyGlobalIntEnable; /* Enable global interrupts. */
  60              		.loc 1 49 0
  61              		.syntax unified
  62              	@ 49 "main.c" 1
  63 0002 62B6     		CPSIE   i
  64              	@ 0 "" 2
  50:main.c        **** 
ARM GAS  C:\Users\dulan\AppData\Local\Temp\ccEgM5Ez.s 			page 3


  51:main.c        ****     /* Place your initialization/startup code here (e.g. MyInst_Start()) */
  52:main.c        ****     Timer_2_Start();
  65              		.loc 1 52 0
  66              		.thumb
  67              		.syntax unified
  68 0004 FFF7FEFF 		bl	Timer_2_Start
  69              	.LVL1:
  53:main.c        ****     Timer_2_SetInterruptMode(0x02);
  70              		.loc 1 53 0
  71 0008 0220     		movs	r0, #2
  72 000a FFF7FEFF 		bl	Timer_2_SetInterruptMode
  73              	.LVL2:
  54:main.c        ****     isr_3_Start();
  74              		.loc 1 54 0
  75 000e FFF7FEFF 		bl	isr_3_Start
  76              	.LVL3:
  55:main.c        ****     Comp_1_Start();
  77              		.loc 1 55 0
  78 0012 FFF7FEFF 		bl	Comp_1_Start
  79              	.LVL4:
  80              	.L4:
  81 0016 FEE7     		b	.L4
  82              		.cfi_endproc
  83              	.LFE65:
  84              		.size	main, .-main
  85              		.text
  86              	.Letext0:
  87              		.file 2 "c:\\program files (x86)\\cypress\\psoc creator\\4.4\\psoc creator\\import\\gnu\\arm\\5.4.
  88              		.file 3 "c:\\program files (x86)\\cypress\\psoc creator\\4.4\\psoc creator\\import\\gnu\\arm\\5.4.
  89              		.file 4 "Generated_Source\\PSoC5/Comp_1.h"
  90              		.file 5 "Generated_Source\\PSoC5/Timer_2.h"
  91              		.file 6 "Generated_Source\\PSoC5/isr_3.h"
  92              		.file 7 "Generated_Source\\PSoC5/core_cm3.h"
  93              		.section	.debug_info,"",%progbits
  94              	.Ldebug_info0:
  95 0000 50010000 		.4byte	0x150
  96 0004 0400     		.2byte	0x4
  97 0006 00000000 		.4byte	.Ldebug_abbrev0
  98 000a 04       		.byte	0x4
  99 000b 01       		.uleb128 0x1
 100 000c 4A000000 		.4byte	.LASF21
 101 0010 0C       		.byte	0xc
 102 0011 2E000000 		.4byte	.LASF22
 103 0015 34010000 		.4byte	.LASF23
 104 0019 00000000 		.4byte	.Ldebug_ranges0+0
 105 001d 00000000 		.4byte	0
 106 0021 00000000 		.4byte	.Ldebug_line0
 107 0025 02       		.uleb128 0x2
 108 0026 01       		.byte	0x1
 109 0027 06       		.byte	0x6
 110 0028 E8010000 		.4byte	.LASF0
 111 002c 02       		.uleb128 0x2
 112 002d 01       		.byte	0x1
 113 002e 08       		.byte	0x8
 114 002f 08010000 		.4byte	.LASF1
 115 0033 02       		.uleb128 0x2
 116 0034 02       		.byte	0x2
ARM GAS  C:\Users\dulan\AppData\Local\Temp\ccEgM5Ez.s 			page 4


 117 0035 05       		.byte	0x5
 118 0036 10020000 		.4byte	.LASF2
 119 003a 02       		.uleb128 0x2
 120 003b 02       		.byte	0x2
 121 003c 07       		.byte	0x7
 122 003d 0E000000 		.4byte	.LASF3
 123 0041 03       		.uleb128 0x3
 124 0042 00020000 		.4byte	.LASF12
 125 0046 02       		.byte	0x2
 126 0047 3F       		.byte	0x3f
 127 0048 4C000000 		.4byte	0x4c
 128 004c 02       		.uleb128 0x2
 129 004d 04       		.byte	0x4
 130 004e 05       		.byte	0x5
 131 004f A2010000 		.4byte	.LASF4
 132 0053 02       		.uleb128 0x2
 133 0054 04       		.byte	0x4
 134 0055 07       		.byte	0x7
 135 0056 D8000000 		.4byte	.LASF5
 136 005a 02       		.uleb128 0x2
 137 005b 08       		.byte	0x8
 138 005c 05       		.byte	0x5
 139 005d 00000000 		.4byte	.LASF6
 140 0061 02       		.uleb128 0x2
 141 0062 08       		.byte	0x8
 142 0063 07       		.byte	0x7
 143 0064 EA000000 		.4byte	.LASF7
 144 0068 04       		.uleb128 0x4
 145 0069 04       		.byte	0x4
 146 006a 05       		.byte	0x5
 147 006b 696E7400 		.ascii	"int\000"
 148 006f 02       		.uleb128 0x2
 149 0070 04       		.byte	0x4
 150 0071 07       		.byte	0x7
 151 0072 21000000 		.4byte	.LASF8
 152 0076 02       		.uleb128 0x2
 153 0077 08       		.byte	0x8
 154 0078 04       		.byte	0x4
 155 0079 F4010000 		.4byte	.LASF9
 156 007d 02       		.uleb128 0x2
 157 007e 04       		.byte	0x4
 158 007f 07       		.byte	0x7
 159 0080 D2010000 		.4byte	.LASF10
 160 0084 02       		.uleb128 0x2
 161 0085 01       		.byte	0x1
 162 0086 08       		.byte	0x8
 163 0087 2F010000 		.4byte	.LASF11
 164 008b 03       		.uleb128 0x3
 165 008c 1A020000 		.4byte	.LASF13
 166 0090 03       		.byte	0x3
 167 0091 2C       		.byte	0x2c
 168 0092 41000000 		.4byte	0x41
 169 0096 02       		.uleb128 0x2
 170 0097 04       		.byte	0x4
 171 0098 04       		.byte	0x4
 172 0099 0A020000 		.4byte	.LASF14
 173 009d 02       		.uleb128 0x2
ARM GAS  C:\Users\dulan\AppData\Local\Temp\ccEgM5Ez.s 			page 5


 174 009e 08       		.byte	0x8
 175 009f 04       		.byte	0x4
 176 00a0 01010000 		.4byte	.LASF15
 177 00a4 05       		.uleb128 0x5
 178 00a5 3A000000 		.4byte	.LASF24
 179 00a9 01       		.byte	0x1
 180 00aa 24       		.byte	0x24
 181 00ab 00000000 		.4byte	.LFB64
 182 00af 08000000 		.4byte	.LFE64-.LFB64
 183 00b3 01       		.uleb128 0x1
 184 00b4 9C       		.byte	0x9c
 185 00b5 C3000000 		.4byte	0xc3
 186 00b9 06       		.uleb128 0x6
 187 00ba 06000000 		.4byte	.LVL0
 188 00be 1C010000 		.4byte	0x11c
 189 00c2 00       		.byte	0
 190 00c3 07       		.uleb128 0x7
 191 00c4 35000000 		.4byte	.LASF25
 192 00c8 01       		.byte	0x1
 193 00c9 2F       		.byte	0x2f
 194 00ca 68000000 		.4byte	0x68
 195 00ce 00000000 		.4byte	.LFB65
 196 00d2 18000000 		.4byte	.LFE65-.LFB65
 197 00d6 01       		.uleb128 0x1
 198 00d7 9C       		.byte	0x9c
 199 00d8 0B010000 		.4byte	0x10b
 200 00dc 06       		.uleb128 0x6
 201 00dd 08000000 		.4byte	.LVL1
 202 00e1 27010000 		.4byte	0x127
 203 00e5 08       		.uleb128 0x8
 204 00e6 0E000000 		.4byte	.LVL2
 205 00ea 32010000 		.4byte	0x132
 206 00ee F8000000 		.4byte	0xf8
 207 00f2 09       		.uleb128 0x9
 208 00f3 01       		.uleb128 0x1
 209 00f4 50       		.byte	0x50
 210 00f5 01       		.uleb128 0x1
 211 00f6 32       		.byte	0x32
 212 00f7 00       		.byte	0
 213 00f8 06       		.uleb128 0x6
 214 00f9 12000000 		.4byte	.LVL3
 215 00fd 3D010000 		.4byte	0x13d
 216 0101 06       		.uleb128 0x6
 217 0102 16000000 		.4byte	.LVL4
 218 0106 48010000 		.4byte	0x148
 219 010a 00       		.byte	0
 220 010b 0A       		.uleb128 0xa
 221 010c DB010000 		.4byte	.LASF26
 222 0110 07       		.byte	0x7
 223 0111 1207     		.2byte	0x712
 224 0113 17010000 		.4byte	0x117
 225 0117 0B       		.uleb128 0xb
 226 0118 8B000000 		.4byte	0x8b
 227 011c 0C       		.uleb128 0xc
 228 011d 22020000 		.4byte	.LASF16
 229 0121 22020000 		.4byte	.LASF16
 230 0125 04       		.byte	0x4
ARM GAS  C:\Users\dulan\AppData\Local\Temp\ccEgM5Ez.s 			page 6


 231 0126 45       		.byte	0x45
 232 0127 0C       		.uleb128 0xc
 233 0128 B8010000 		.4byte	.LASF17
 234 012c B8010000 		.4byte	.LASF17
 235 0130 05       		.byte	0x5
 236 0131 5A       		.byte	0x5a
 237 0132 0C       		.uleb128 0xc
 238 0133 16010000 		.4byte	.LASF18
 239 0137 16010000 		.4byte	.LASF18
 240 013b 05       		.byte	0x5
 241 013c 5D       		.byte	0x5d
 242 013d 0C       		.uleb128 0xc
 243 013e C6010000 		.4byte	.LASF19
 244 0142 C6010000 		.4byte	.LASF19
 245 0146 06       		.byte	0x6
 246 0147 17       		.byte	0x17
 247 0148 0C       		.uleb128 0xc
 248 0149 AB010000 		.4byte	.LASF20
 249 014d AB010000 		.4byte	.LASF20
 250 0151 04       		.byte	0x4
 251 0152 3F       		.byte	0x3f
 252 0153 00       		.byte	0
 253              		.section	.debug_abbrev,"",%progbits
 254              	.Ldebug_abbrev0:
 255 0000 01       		.uleb128 0x1
 256 0001 11       		.uleb128 0x11
 257 0002 01       		.byte	0x1
 258 0003 25       		.uleb128 0x25
 259 0004 0E       		.uleb128 0xe
 260 0005 13       		.uleb128 0x13
 261 0006 0B       		.uleb128 0xb
 262 0007 03       		.uleb128 0x3
 263 0008 0E       		.uleb128 0xe
 264 0009 1B       		.uleb128 0x1b
 265 000a 0E       		.uleb128 0xe
 266 000b 55       		.uleb128 0x55
 267 000c 17       		.uleb128 0x17
 268 000d 11       		.uleb128 0x11
 269 000e 01       		.uleb128 0x1
 270 000f 10       		.uleb128 0x10
 271 0010 17       		.uleb128 0x17
 272 0011 00       		.byte	0
 273 0012 00       		.byte	0
 274 0013 02       		.uleb128 0x2
 275 0014 24       		.uleb128 0x24
 276 0015 00       		.byte	0
 277 0016 0B       		.uleb128 0xb
 278 0017 0B       		.uleb128 0xb
 279 0018 3E       		.uleb128 0x3e
 280 0019 0B       		.uleb128 0xb
 281 001a 03       		.uleb128 0x3
 282 001b 0E       		.uleb128 0xe
 283 001c 00       		.byte	0
 284 001d 00       		.byte	0
 285 001e 03       		.uleb128 0x3
 286 001f 16       		.uleb128 0x16
 287 0020 00       		.byte	0
ARM GAS  C:\Users\dulan\AppData\Local\Temp\ccEgM5Ez.s 			page 7


 288 0021 03       		.uleb128 0x3
 289 0022 0E       		.uleb128 0xe
 290 0023 3A       		.uleb128 0x3a
 291 0024 0B       		.uleb128 0xb
 292 0025 3B       		.uleb128 0x3b
 293 0026 0B       		.uleb128 0xb
 294 0027 49       		.uleb128 0x49
 295 0028 13       		.uleb128 0x13
 296 0029 00       		.byte	0
 297 002a 00       		.byte	0
 298 002b 04       		.uleb128 0x4
 299 002c 24       		.uleb128 0x24
 300 002d 00       		.byte	0
 301 002e 0B       		.uleb128 0xb
 302 002f 0B       		.uleb128 0xb
 303 0030 3E       		.uleb128 0x3e
 304 0031 0B       		.uleb128 0xb
 305 0032 03       		.uleb128 0x3
 306 0033 08       		.uleb128 0x8
 307 0034 00       		.byte	0
 308 0035 00       		.byte	0
 309 0036 05       		.uleb128 0x5
 310 0037 2E       		.uleb128 0x2e
 311 0038 01       		.byte	0x1
 312 0039 3F       		.uleb128 0x3f
 313 003a 19       		.uleb128 0x19
 314 003b 03       		.uleb128 0x3
 315 003c 0E       		.uleb128 0xe
 316 003d 3A       		.uleb128 0x3a
 317 003e 0B       		.uleb128 0xb
 318 003f 3B       		.uleb128 0x3b
 319 0040 0B       		.uleb128 0xb
 320 0041 27       		.uleb128 0x27
 321 0042 19       		.uleb128 0x19
 322 0043 11       		.uleb128 0x11
 323 0044 01       		.uleb128 0x1
 324 0045 12       		.uleb128 0x12
 325 0046 06       		.uleb128 0x6
 326 0047 40       		.uleb128 0x40
 327 0048 18       		.uleb128 0x18
 328 0049 9742     		.uleb128 0x2117
 329 004b 19       		.uleb128 0x19
 330 004c 01       		.uleb128 0x1
 331 004d 13       		.uleb128 0x13
 332 004e 00       		.byte	0
 333 004f 00       		.byte	0
 334 0050 06       		.uleb128 0x6
 335 0051 898201   		.uleb128 0x4109
 336 0054 00       		.byte	0
 337 0055 11       		.uleb128 0x11
 338 0056 01       		.uleb128 0x1
 339 0057 31       		.uleb128 0x31
 340 0058 13       		.uleb128 0x13
 341 0059 00       		.byte	0
 342 005a 00       		.byte	0
 343 005b 07       		.uleb128 0x7
 344 005c 2E       		.uleb128 0x2e
ARM GAS  C:\Users\dulan\AppData\Local\Temp\ccEgM5Ez.s 			page 8


 345 005d 01       		.byte	0x1
 346 005e 3F       		.uleb128 0x3f
 347 005f 19       		.uleb128 0x19
 348 0060 03       		.uleb128 0x3
 349 0061 0E       		.uleb128 0xe
 350 0062 3A       		.uleb128 0x3a
 351 0063 0B       		.uleb128 0xb
 352 0064 3B       		.uleb128 0x3b
 353 0065 0B       		.uleb128 0xb
 354 0066 27       		.uleb128 0x27
 355 0067 19       		.uleb128 0x19
 356 0068 49       		.uleb128 0x49
 357 0069 13       		.uleb128 0x13
 358 006a 8701     		.uleb128 0x87
 359 006c 19       		.uleb128 0x19
 360 006d 11       		.uleb128 0x11
 361 006e 01       		.uleb128 0x1
 362 006f 12       		.uleb128 0x12
 363 0070 06       		.uleb128 0x6
 364 0071 40       		.uleb128 0x40
 365 0072 18       		.uleb128 0x18
 366 0073 9742     		.uleb128 0x2117
 367 0075 19       		.uleb128 0x19
 368 0076 01       		.uleb128 0x1
 369 0077 13       		.uleb128 0x13
 370 0078 00       		.byte	0
 371 0079 00       		.byte	0
 372 007a 08       		.uleb128 0x8
 373 007b 898201   		.uleb128 0x4109
 374 007e 01       		.byte	0x1
 375 007f 11       		.uleb128 0x11
 376 0080 01       		.uleb128 0x1
 377 0081 31       		.uleb128 0x31
 378 0082 13       		.uleb128 0x13
 379 0083 01       		.uleb128 0x1
 380 0084 13       		.uleb128 0x13
 381 0085 00       		.byte	0
 382 0086 00       		.byte	0
 383 0087 09       		.uleb128 0x9
 384 0088 8A8201   		.uleb128 0x410a
 385 008b 00       		.byte	0
 386 008c 02       		.uleb128 0x2
 387 008d 18       		.uleb128 0x18
 388 008e 9142     		.uleb128 0x2111
 389 0090 18       		.uleb128 0x18
 390 0091 00       		.byte	0
 391 0092 00       		.byte	0
 392 0093 0A       		.uleb128 0xa
 393 0094 34       		.uleb128 0x34
 394 0095 00       		.byte	0
 395 0096 03       		.uleb128 0x3
 396 0097 0E       		.uleb128 0xe
 397 0098 3A       		.uleb128 0x3a
 398 0099 0B       		.uleb128 0xb
 399 009a 3B       		.uleb128 0x3b
 400 009b 05       		.uleb128 0x5
 401 009c 49       		.uleb128 0x49
ARM GAS  C:\Users\dulan\AppData\Local\Temp\ccEgM5Ez.s 			page 9


 402 009d 13       		.uleb128 0x13
 403 009e 3F       		.uleb128 0x3f
 404 009f 19       		.uleb128 0x19
 405 00a0 3C       		.uleb128 0x3c
 406 00a1 19       		.uleb128 0x19
 407 00a2 00       		.byte	0
 408 00a3 00       		.byte	0
 409 00a4 0B       		.uleb128 0xb
 410 00a5 35       		.uleb128 0x35
 411 00a6 00       		.byte	0
 412 00a7 49       		.uleb128 0x49
 413 00a8 13       		.uleb128 0x13
 414 00a9 00       		.byte	0
 415 00aa 00       		.byte	0
 416 00ab 0C       		.uleb128 0xc
 417 00ac 2E       		.uleb128 0x2e
 418 00ad 00       		.byte	0
 419 00ae 3F       		.uleb128 0x3f
 420 00af 19       		.uleb128 0x19
 421 00b0 3C       		.uleb128 0x3c
 422 00b1 19       		.uleb128 0x19
 423 00b2 6E       		.uleb128 0x6e
 424 00b3 0E       		.uleb128 0xe
 425 00b4 03       		.uleb128 0x3
 426 00b5 0E       		.uleb128 0xe
 427 00b6 3A       		.uleb128 0x3a
 428 00b7 0B       		.uleb128 0xb
 429 00b8 3B       		.uleb128 0x3b
 430 00b9 0B       		.uleb128 0xb
 431 00ba 00       		.byte	0
 432 00bb 00       		.byte	0
 433 00bc 00       		.byte	0
 434              		.section	.debug_aranges,"",%progbits
 435 0000 24000000 		.4byte	0x24
 436 0004 0200     		.2byte	0x2
 437 0006 00000000 		.4byte	.Ldebug_info0
 438 000a 04       		.byte	0x4
 439 000b 00       		.byte	0
 440 000c 0000     		.2byte	0
 441 000e 0000     		.2byte	0
 442 0010 00000000 		.4byte	.LFB64
 443 0014 08000000 		.4byte	.LFE64-.LFB64
 444 0018 00000000 		.4byte	.LFB65
 445 001c 18000000 		.4byte	.LFE65-.LFB65
 446 0020 00000000 		.4byte	0
 447 0024 00000000 		.4byte	0
 448              		.section	.debug_ranges,"",%progbits
 449              	.Ldebug_ranges0:
 450 0000 00000000 		.4byte	.LFB64
 451 0004 08000000 		.4byte	.LFE64
 452 0008 00000000 		.4byte	.LFB65
 453 000c 18000000 		.4byte	.LFE65
 454 0010 00000000 		.4byte	0
 455 0014 00000000 		.4byte	0
 456              		.section	.debug_line,"",%progbits
 457              	.Ldebug_line0:
 458 0000 8D010000 		.section	.debug_str,"MS",%progbits,1
ARM GAS  C:\Users\dulan\AppData\Local\Temp\ccEgM5Ez.s 			page 10


 458      02006301 
 458      00000201 
 458      FB0E0D00 
 458      01010101 
 459              	.LASF6:
 460 0000 6C6F6E67 		.ascii	"long long int\000"
 460      206C6F6E 
 460      6720696E 
 460      7400
 461              	.LASF3:
 462 000e 73686F72 		.ascii	"short unsigned int\000"
 462      7420756E 
 462      7369676E 
 462      65642069 
 462      6E7400
 463              	.LASF8:
 464 0021 756E7369 		.ascii	"unsigned int\000"
 464      676E6564 
 464      20696E74 
 464      00
 465              	.LASF22:
 466 002e 6D61696E 		.ascii	"main.c\000"
 466      2E6300
 467              	.LASF25:
 468 0035 6D61696E 		.ascii	"main\000"
 468      00
 469              	.LASF24:
 470 003a 6973725F 		.ascii	"isr_3_interrupt\000"
 470      335F696E 
 470      74657272 
 470      75707400 
 471              	.LASF21:
 472 004a 474E5520 		.ascii	"GNU C11 5.4.1 20160609 (release) [ARM/embedded-5-br"
 472      43313120 
 472      352E342E 
 472      31203230 
 472      31363036 
 473 007d 616E6368 		.ascii	"anch revision 237715] -mcpu=cortex-m3 -mthumb -g -O"
 473      20726576 
 473      6973696F 
 473      6E203233 
 473      37373135 
 474 00b0 67202D66 		.ascii	"g -ffunction-sections -ffat-lto-objects\000"
 474      66756E63 
 474      74696F6E 
 474      2D736563 
 474      74696F6E 
 475              	.LASF5:
 476 00d8 6C6F6E67 		.ascii	"long unsigned int\000"
 476      20756E73 
 476      69676E65 
 476      6420696E 
 476      7400
 477              	.LASF7:
 478 00ea 6C6F6E67 		.ascii	"long long unsigned int\000"
 478      206C6F6E 
 478      6720756E 
ARM GAS  C:\Users\dulan\AppData\Local\Temp\ccEgM5Ez.s 			page 11


 478      7369676E 
 478      65642069 
 479              	.LASF15:
 480 0101 646F7562 		.ascii	"double\000"
 480      6C6500
 481              	.LASF1:
 482 0108 756E7369 		.ascii	"unsigned char\000"
 482      676E6564 
 482      20636861 
 482      7200
 483              	.LASF18:
 484 0116 54696D65 		.ascii	"Timer_2_SetInterruptMode\000"
 484      725F325F 
 484      53657449 
 484      6E746572 
 484      72757074 
 485              	.LASF11:
 486 012f 63686172 		.ascii	"char\000"
 486      00
 487              	.LASF23:
 488 0134 433A5C55 		.ascii	"C:\\Users\\dulan\\OneDrive\\Desktop\\ENGGEN\\2023_s"
 488      73657273 
 488      5C64756C 
 488      616E5C4F 
 488      6E654472 
 489 0161 656D325C 		.ascii	"em2\\301\\COMPSYS301\\Dulanya\\CS301_Class.cydsn\\A"
 489      3330315C 
 489      434F4D50 
 489      53595333 
 489      30315C44 
 490 018f 64646974 		.ascii	"dditional_HD.cydsn\000"
 490      696F6E61 
 490      6C5F4844 
 490      2E637964 
 490      736E00
 491              	.LASF4:
 492 01a2 6C6F6E67 		.ascii	"long int\000"
 492      20696E74 
 492      00
 493              	.LASF20:
 494 01ab 436F6D70 		.ascii	"Comp_1_Start\000"
 494      5F315F53 
 494      74617274 
 494      00
 495              	.LASF17:
 496 01b8 54696D65 		.ascii	"Timer_2_Start\000"
 496      725F325F 
 496      53746172 
 496      7400
 497              	.LASF19:
 498 01c6 6973725F 		.ascii	"isr_3_Start\000"
 498      335F5374 
 498      61727400 
 499              	.LASF10:
 500 01d2 73697A65 		.ascii	"sizetype\000"
 500      74797065 
 500      00
ARM GAS  C:\Users\dulan\AppData\Local\Temp\ccEgM5Ez.s 			page 12


 501              	.LASF26:
 502 01db 49544D5F 		.ascii	"ITM_RxBuffer\000"
 502      52784275 
 502      66666572 
 502      00
 503              	.LASF0:
 504 01e8 7369676E 		.ascii	"signed char\000"
 504      65642063 
 504      68617200 
 505              	.LASF9:
 506 01f4 6C6F6E67 		.ascii	"long double\000"
 506      20646F75 
 506      626C6500 
 507              	.LASF12:
 508 0200 5F5F696E 		.ascii	"__int32_t\000"
 508      7433325F 
 508      7400
 509              	.LASF14:
 510 020a 666C6F61 		.ascii	"float\000"
 510      7400
 511              	.LASF2:
 512 0210 73686F72 		.ascii	"short int\000"
 512      7420696E 
 512      7400
 513              	.LASF13:
 514 021a 696E7433 		.ascii	"int32_t\000"
 514      325F7400 
 515              	.LASF16:
 516 0222 436F6D70 		.ascii	"Comp_1_Init\000"
 516      5F315F49 
 516      6E697400 
 517              		.ident	"GCC: (GNU Tools for ARM Embedded Processors) 5.4.1 20160609 (release) [ARM/embedded-5-bran
