--------------- Build Started: 09/28/2023 20:48:47 Project: Additional_HD, Configuration: ARM GCC 5.4-2016-q2-update Debug ---------------
cydsfit.exe -.appdatapath "C:\Users\umasu\AppData\Local\Cypress Semiconductor\PSoC Creator\4.2" -.fdsnotice -.fdswarpdepfile=warp_dependencies.txt -.fdselabdepfile=elab_dependencies.txt -.fdsbldfile=generated_files.txt -.fdsreffile=referenced_files.txt -p "E:\COMPSYS301\Uma\Dulanya's copies\CS301_15.cydsn - isr\Additional_HD.cydsn\Additional_HD.cyprj" -d CY8C5888LTI-LP097 -s "E:\COMPSYS301\Uma\Dulanya's copies\CS301_15.cydsn - isr\Additional_HD.cydsn\Generated_Source\PSoC5" -- -yv2 -q10 -ygs -o2 -v3 -.fftcfgtype=LE
Elaborating Design...
HDL Generation...
Synthesis...
Tech Mapping...
Analog Placement...
Log: apr.M0058: The analog placement iterative improvement is 91% done. (App=cydsfit)
Analog Routing...
Analog Code Generation...
Digital Placement...
Digital Routing...
Bitstream Generation...
Bitstream Verification...
Static timing analysis...
API Generation...
Dependency Generation...
Cleanup...
arm-none-eabi-gcc.exe -mcpu=cortex-m3 -mthumb -I. -IGenerated_Source\PSoC5 -Wa,-alh=.\CortexM3\ARM_GCC_541\Debug/main.lst -g -D DEBUG -D CY_CORE_ID=0 -Wall -ffunction-sections -ffat-lto-objects -Og -c main.c -o .\CortexM3\ARM_GCC_541\Debug\main.o
arm-none-eabi-ar.exe -rs .\CortexM3\ARM_GCC_541\Debug\Additional_HD.a .\CortexM3\ARM_GCC_541\Debug\cy_em_eeprom.o .\CortexM3\ARM_GCC_541\Debug\CyDmac.o .\CortexM3\ARM_GCC_541\Debug\CyFlash.o .\CortexM3\ARM_GCC_541\Debug\CyLib.o .\CortexM3\ARM_GCC_541\Debug\cyPm.o .\CortexM3\ARM_GCC_541\Debug\CySpc.o .\CortexM3\ARM_GCC_541\Debug\cyutils.o .\CortexM3\ARM_GCC_541\Debug\isr_1.o .\CortexM3\ARM_GCC_541\Debug\Timer_1.o .\CortexM3\ARM_GCC_541\Debug\Timer_1_PM.o .\CortexM3\ARM_GCC_541\Debug\isr_2.o .\CortexM3\ARM_GCC_541\Debug\Comp_1.o .\CortexM3\ARM_GCC_541\Debug\Comp_1_PM.o .\CortexM3\ARM_GCC_541\Debug\isr_3.o .\CortexM3\ARM_GCC_541\Debug\timer_clock_1.o .\CortexM3\ARM_GCC_541\Debug\Comp_2.o .\CortexM3\ARM_GCC_541\Debug\Comp_2_PM.o .\CortexM3\ARM_GCC_541\Debug\LED_1.o .\CortexM3\ARM_GCC_541\Debug\Comp_3.o .\CortexM3\ARM_GCC_541\Debug\Comp_3_PM.o .\CortexM3\ARM_GCC_541\Debug\LED_3.o .\CortexM3\ARM_GCC_541\Debug\Comp_0.o .\CortexM3\ARM_GCC_541\Debug\Comp_0_PM.o .\CortexM3\ARM_GCC_541\Debug\LED_2.o .\CortexM3\ARM_GCC_541\Debug\Sout_M1.o .\CortexM3\ARM_GCC_541\Debug\Sin_M2.o .\CortexM3\ARM_GCC_541\Debug\Sin_M1.o .\CortexM3\ARM_GCC_541\Debug\Sin_L.o .\CortexM3\ARM_GCC_541\Debug\Sin_R.o .\CortexM3\ARM_GCC_541\Debug\comp_clk.o .\CortexM3\ARM_GCC_541\Debug\Clock_PWM.o .\CortexM3\ARM_GCC_541\Debug\IN1_A.o .\CortexM3\ARM_GCC_541\Debug\PWM_1.o .\CortexM3\ARM_GCC_541\Debug\PWM_1_PM.o .\CortexM3\ARM_GCC_541\Debug\IN1_B.o .\CortexM3\ARM_GCC_541\Debug\PWM_2.o .\CortexM3\ARM_GCC_541\Debug\PWM_2_PM.o .\CortexM3\ARM_GCC_541\Debug\QuadDec_M1.o .\CortexM3\ARM_GCC_541\Debug\QuadDec_M1_INT.o .\CortexM3\ARM_GCC_541\Debug\QuadDec_M1_PM.o .\CortexM3\ARM_GCC_541\Debug\ENCD_A_1.o .\CortexM3\ARM_GCC_541\Debug\ENCD_A_2.o .\CortexM3\ARM_GCC_541\Debug\Clock_QENC.o .\CortexM3\ARM_GCC_541\Debug\QuadDec_M2.o .\CortexM3\ARM_GCC_541\Debug\QuadDec_M2_INT.o .\CortexM3\ARM_GCC_541\Debug\QuadDec_M2_PM.o .\CortexM3\ARM_GCC_541\Debug\ENCD_B_1.o .\CortexM3\ARM_GCC_541\Debug\ENCD_B_2.o .\CortexM3\ARM_GCC_541\Debug\IN2_A.o .\CortexM3\ARM_GCC_541\Debug\IN2_B.o .\CortexM3\ARM_GCC_541\Debug\QuadDec_M1_isr.o .\CortexM3\ARM_GCC_541\Debug\QuadDec_M1_Cnt16.o .\CortexM3\ARM_GCC_541\Debug\QuadDec_M1_Cnt16_PM.o .\CortexM3\ARM_GCC_541\Debug\QuadDec_M2_isr.o .\CortexM3\ARM_GCC_541\Debug\QuadDec_M2_Cnt16.o .\CortexM3\ARM_GCC_541\Debug\QuadDec_M2_Cnt16_PM.o .\CortexM3\ARM_GCC_541\Debug\D1_B.o .\CortexM3\ARM_GCC_541\Debug\CONTROL_DISABLE_1.o .\CortexM3\ARM_GCC_541\Debug\CONTROL_DISABLE_1_PM.o .\CortexM3\ARM_GCC_541\Debug\D2_A.o .\CortexM3\ARM_GCC_541\Debug\D1_A.o .\CortexM3\ARM_GCC_541\Debug\D2_B.o .\CortexM3\ARM_GCC_541\Debug\CONTROL_DISABLE_2.o .\CortexM3\ARM_GCC_541\Debug\CONTROL_DISABLE_2_PM.o .\CortexM3\ARM_GCC_541\Debug\EN_A.o .\CortexM3\ARM_GCC_541\Debug\EN_B.o .\CortexM3\ARM_GCC_541\Debug\CONTROL_ENABLE_0.o .\CortexM3\ARM_GCC_541\Debug\CONTROL_ENABLE_0_PM.o .\CortexM3\ARM_GCC_541\Debug\CyBootAsmGnu.o
arm-none-eabi-ar.exe: creating .\CortexM3\ARM_GCC_541\Debug\Additional_HD.a
arm-none-eabi-gcc.exe -Wl,--start-group -o "E:\COMPSYS301\Uma\Dulanya's copies\CS301_15.cydsn - isr\Additional_HD.cydsn\CortexM3\ARM_GCC_541\Debug\Additional_HD.elf" .\CortexM3\ARM_GCC_541\Debug\main.o .\CortexM3\ARM_GCC_541\Debug\astar.o .\CortexM3\ARM_GCC_541\Debug\cyfitter_cfg.o .\CortexM3\ARM_GCC_541\Debug\cymetadata.o .\CortexM3\ARM_GCC_541\Debug\Cm3Start.o .\CortexM3\ARM_GCC_541\Debug\Additional_HD.a "C:\Program Files (x86)\Cypress\PSoC Creator\4.2\PSoC Creator\psoc\content\cycomponentlibrary\CyComponentLibrary.cylib\CortexM3\ARM_GCC_541\Debug\CyComponentLibrary.a" -mcpu=cortex-m3 -mthumb -L Generated_Source\PSoC5 -Wl,-Map,.\CortexM3\ARM_GCC_541\Debug/Additional_HD.map -T Generated_Source\PSoC5\cm3gcc.ld -specs=nano.specs -Wl,--gc-sections -g -ffunction-sections -Og -ffat-lto-objects -Wl,--end-group
cyelftool.exe -C "E:\COMPSYS301\Uma\Dulanya's copies\CS301_15.cydsn - isr\Additional_HD.cydsn\CortexM3\ARM_GCC_541\Debug\Additional_HD.elf" --flash_row_size 256 --flash_size 262144 --flash_offset 0x00000000
No ELF section .cychecksum found, creating one
Application checksum calculated and stored in ELF section .cychecksum
Checksum calculated and stored in ELF section .cymeta
cyelftool.exe -S "E:\COMPSYS301\Uma\Dulanya's copies\CS301_15.cydsn - isr\Additional_HD.cydsn\CortexM3\ARM_GCC_541\Debug\Additional_HD.elf"
Flash used: 6318 of 262144 bytes (2.4%).
SRAM used: 2657 of 65536 bytes (4.1%). Stack: 2048 bytes. Heap: 128 bytes.
--------------- Build Succeeded: 09/28/2023 20:49:06 ---------------
