ARM GAS  C:\Users\CALEBW~1\AppData\Local\Temp\ccYyfbNi.s 			page 1


   1              		.syntax unified
   2              		.cpu cortex-m3
   3              		.fpu softvfp
   4              		.eabi_attribute 20, 1
   5              		.eabi_attribute 21, 1
   6              		.eabi_attribute 23, 3
   7              		.eabi_attribute 24, 1
   8              		.eabi_attribute 25, 1
   9              		.eabi_attribute 26, 1
  10              		.eabi_attribute 30, 1
  11              		.eabi_attribute 34, 1
  12              		.eabi_attribute 18, 4
  13              		.thumb
  14              		.syntax unified
  15              		.file	"cymetadata.c"
  16              		.text
  17              	.Ltext0:
  18              		.cfi_sections	.debug_frame
  19              		.global	cy_metadata
  20              		.global	cy_meta_flashprotect
  21              		.global	cy_meta_wonvl
  22              		.global	cy_meta_custnvl
  23              		.global	cy_meta_configecc
  24              		.section	.cyconfigecc,"a",%progbits
  25              		.align	2
  26              		.type	cy_meta_configecc, %object
  27              		.size	cy_meta_configecc, 2048
  28              	cy_meta_configecc:
  29 0000 01       		.byte	1
  30 0001 45       		.byte	69
  31 0002 00       		.byte	0
  32 0003 40       		.byte	64
  33 0004 06       		.byte	6
  34 0005 4F       		.byte	79
  35 0006 00       		.byte	0
  36 0007 40       		.byte	64
  37 0008 08       		.byte	8
  38 0009 52       		.byte	82
  39 000a 00       		.byte	0
  40 000b 40       		.byte	64
  41 000c 03       		.byte	3
  42 000d 64       		.byte	100
  43 000e 00       		.byte	0
  44 000f 40       		.byte	64
  45 0010 01       		.byte	1
  46 0011 65       		.byte	101
  47 0012 00       		.byte	0
  48 0013 40       		.byte	64
  49 0014 04       		.byte	4
  50 0015 00       		.byte	0
  51 0016 01       		.byte	1
  52 0017 40       		.byte	64
  53 0018 01       		.byte	1
  54 0019 01       		.byte	1
  55 001a 01       		.byte	1
  56 001b 40       		.byte	64
  57 001c 3A       		.byte	58
ARM GAS  C:\Users\CALEBW~1\AppData\Local\Temp\ccYyfbNi.s 			page 2


  58 001d 02       		.byte	2
  59 001e 01       		.byte	1
  60 001f 40       		.byte	64
  61 0020 30       		.byte	48
  62 0021 03       		.byte	3
  63 0022 01       		.byte	1
  64 0023 40       		.byte	64
  65 0024 07       		.byte	7
  66 0025 05       		.byte	5
  67 0026 01       		.byte	1
  68 0027 40       		.byte	64
  69 0028 3C       		.byte	60
  70 0029 08       		.byte	8
  71 002a 01       		.byte	1
  72 002b 40       		.byte	64
  73 002c 40       		.byte	64
  74 002d 09       		.byte	9
  75 002e 01       		.byte	1
  76 002f 40       		.byte	64
  77 0030 3B       		.byte	59
  78 0031 0A       		.byte	10
  79 0032 01       		.byte	1
  80 0033 40       		.byte	64
  81 0034 45       		.byte	69
  82 0035 0B       		.byte	11
  83 0036 01       		.byte	1
  84 0037 40       		.byte	64
  85 0038 68       		.byte	104
  86 0039 0C       		.byte	12
  87 003a 01       		.byte	1
  88 003b 40       		.byte	64
  89 003c 43       		.byte	67
  90 003d 0D       		.byte	13
  91 003e 01       		.byte	1
  92 003f 40       		.byte	64
  93 0040 51       		.byte	81
  94 0041 0E       		.byte	14
  95 0042 01       		.byte	1
  96 0043 40       		.byte	64
  97 0044 2B       		.byte	43
  98 0045 0F       		.byte	15
  99 0046 01       		.byte	1
 100 0047 40       		.byte	64
 101 0048 02       		.byte	2
 102 0049 15       		.byte	21
 103 004a 01       		.byte	1
 104 004b 40       		.byte	64
 105 004c 03       		.byte	3
 106 004d 17       		.byte	23
 107 004e 01       		.byte	1
 108 004f 40       		.byte	64
 109 0050 10       		.byte	16
 110 0051 19       		.byte	25
 111 0052 01       		.byte	1
 112 0053 40       		.byte	64
 113 0054 50       		.byte	80
 114 0055 1A       		.byte	26
ARM GAS  C:\Users\CALEBW~1\AppData\Local\Temp\ccYyfbNi.s 			page 3


 115 0056 01       		.byte	1
 116 0057 40       		.byte	64
 117 0058 3B       		.byte	59
 118 0059 1B       		.byte	27
 119 005a 01       		.byte	1
 120 005b 40       		.byte	64
 121 005c 04       		.byte	4
 122 005d 40       		.byte	64
 123 005e 01       		.byte	1
 124 005f 40       		.byte	64
 125 0060 08       		.byte	8
 126 0061 41       		.byte	65
 127 0062 01       		.byte	1
 128 0063 40       		.byte	64
 129 0064 0B       		.byte	11
 130 0065 42       		.byte	66
 131 0066 01       		.byte	1
 132 0067 40       		.byte	64
 133 0068 09       		.byte	9
 134 0069 43       		.byte	67
 135 006a 01       		.byte	1
 136 006b 40       		.byte	64
 137 006c 05       		.byte	5
 138 006d 45       		.byte	69
 139 006e 01       		.byte	1
 140 006f 40       		.byte	64
 141 0070 08       		.byte	8
 142 0071 46       		.byte	70
 143 0072 01       		.byte	1
 144 0073 40       		.byte	64
 145 0074 0A       		.byte	10
 146 0075 47       		.byte	71
 147 0076 01       		.byte	1
 148 0077 40       		.byte	64
 149 0078 07       		.byte	7
 150 0079 48       		.byte	72
 151 007a 01       		.byte	1
 152 007b 40       		.byte	64
 153 007c 09       		.byte	9
 154 007d 49       		.byte	73
 155 007e 01       		.byte	1
 156 007f 40       		.byte	64
 157 0080 09       		.byte	9
 158 0081 4C       		.byte	76
 159 0082 01       		.byte	1
 160 0083 40       		.byte	64
 161 0084 06       		.byte	6
 162 0085 50       		.byte	80
 163 0086 01       		.byte	1
 164 0087 40       		.byte	64
 165 0088 01       		.byte	1
 166 0089 51       		.byte	81
 167 008a 01       		.byte	1
 168 008b 40       		.byte	64
 169 008c 7E       		.byte	126
 170 008d 02       		.byte	2
 171 008e 01       		.byte	1
ARM GAS  C:\Users\CALEBW~1\AppData\Local\Temp\ccYyfbNi.s 			page 4


 172 008f 10       		.byte	16
 173 0090 0A       		.byte	10
 174 0091 4B       		.byte	75
 175 0092 0D       		.byte	13
 176 0093 10       		.byte	16
 177 0094 16       		.byte	22
 178 0095 1B       		.byte	27
 179 0096 19       		.byte	25
 180 0097 80       		.byte	-128
 181 0098 22       		.byte	34
 182 0099 4B       		.byte	75
 183 009a 04       		.byte	4
 184 009b 03       		.byte	3
 185 009c 08       		.byte	8
 186 009d 80       		.byte	-128
 187 009e 11       		.byte	17
 188 009f 01       		.byte	1
 189 00a0 14       		.byte	20
 190 00a1 06       		.byte	6
 191 00a2 18       		.byte	24
 192 00a3 10       		.byte	16
 193 00a4 19       		.byte	25
 194 00a5 10       		.byte	16
 195 00a6 78       		.byte	120
 196 00a7 10       		.byte	16
 197 00a8 7C       		.byte	124
 198 00a9 40       		.byte	64
 199 00aa 88       		.byte	-120
 200 00ab 6F       		.byte	111
 201 00ac 89       		.byte	-119
 202 00ad 0F       		.byte	15
 203 00ae 8A       		.byte	-118
 204 00af 6F       		.byte	111
 205 00b0 8B       		.byte	-117
 206 00b1 0F       		.byte	15
 207 00b2 38       		.byte	56
 208 00b3 20       		.byte	32
 209 00b4 3E       		.byte	62
 210 00b5 10       		.byte	16
 211 00b6 58       		.byte	88
 212 00b7 04       		.byte	4
 213 00b8 5F       		.byte	95
 214 00b9 01       		.byte	1
 215 00ba 1B       		.byte	27
 216 00bb 10       		.byte	16
 217 00bc 01       		.byte	1
 218 00bd 02       		.byte	2
 219 00be 02       		.byte	2
 220 00bf 01       		.byte	1
 221 00c0 03       		.byte	3
 222 00c1 04       		.byte	4
 223 00c2 04       		.byte	4
 224 00c3 04       		.byte	4
 225 00c4 06       		.byte	6
 226 00c5 08       		.byte	8
 227 00c6 0A       		.byte	10
 228 00c7 10       		.byte	16
ARM GAS  C:\Users\CALEBW~1\AppData\Local\Temp\ccYyfbNi.s 			page 5


 229 00c8 0E       		.byte	14
 230 00c9 02       		.byte	2
 231 00ca 0F       		.byte	15
 232 00cb 01       		.byte	1
 233 00cc 11       		.byte	17
 234 00cd 02       		.byte	2
 235 00ce 13       		.byte	19
 236 00cf 04       		.byte	4
 237 00d0 14       		.byte	20
 238 00d1 04       		.byte	4
 239 00d2 16       		.byte	22
 240 00d3 08       		.byte	8
 241 00d4 18       		.byte	24
 242 00d5 08       		.byte	8
 243 00d6 19       		.byte	25
 244 00d7 04       		.byte	4
 245 00d8 1A       		.byte	26
 246 00d9 04       		.byte	4
 247 00da 1B       		.byte	27
 248 00db 02       		.byte	2
 249 00dc 1C       		.byte	28
 250 00dd 04       		.byte	4
 251 00de 1E       		.byte	30
 252 00df 08       		.byte	8
 253 00e0 2B       		.byte	43
 254 00e1 08       		.byte	8
 255 00e2 2D       		.byte	45
 256 00e3 02       		.byte	2
 257 00e4 2F       		.byte	47
 258 00e5 14       		.byte	20
 259 00e6 30       		.byte	48
 260 00e7 10       		.byte	16
 261 00e8 31       		.byte	49
 262 00e9 08       		.byte	8
 263 00ea 32       		.byte	50
 264 00eb 01       		.byte	1
 265 00ec 33       		.byte	51
 266 00ed 01       		.byte	1
 267 00ee 34       		.byte	52
 268 00ef 0C       		.byte	12
 269 00f0 35       		.byte	53
 270 00f1 06       		.byte	6
 271 00f2 36       		.byte	54
 272 00f3 02       		.byte	2
 273 00f4 37       		.byte	55
 274 00f5 10       		.byte	16
 275 00f6 3A       		.byte	58
 276 00f7 20       		.byte	32
 277 00f8 3B       		.byte	59
 278 00f9 20       		.byte	32
 279 00fa 58       		.byte	88
 280 00fb 04       		.byte	4
 281 00fc 59       		.byte	89
 282 00fd 04       		.byte	4
 283 00fe 5F       		.byte	95
 284 00ff 01       		.byte	1
 285 0100 82       		.byte	-126
ARM GAS  C:\Users\CALEBW~1\AppData\Local\Temp\ccYyfbNi.s 			page 6


 286 0101 01       		.byte	1
 287 0102 84       		.byte	-124
 288 0103 01       		.byte	1
 289 0104 85       		.byte	-123
 290 0105 0E       		.byte	14
 291 0106 87       		.byte	-121
 292 0107 F0       		.byte	-16
 293 0108 89       		.byte	-119
 294 0109 A3       		.byte	-93
 295 010a 8B       		.byte	-117
 296 010b 5C       		.byte	92
 297 010c 8E       		.byte	-114
 298 010d 02       		.byte	2
 299 010e 91       		.byte	-111
 300 010f 7F       		.byte	127
 301 0110 94       		.byte	-108
 302 0111 01       		.byte	1
 303 0112 99       		.byte	-103
 304 0113 C5       		.byte	-59
 305 0114 9B       		.byte	-101
 306 0115 3A       		.byte	58
 307 0116 9D       		.byte	-99
 308 0117 96       		.byte	-106
 309 0118 9F       		.byte	-97
 310 0119 68       		.byte	104
 311 011a A4       		.byte	-92
 312 011b 01       		.byte	1
 313 011c A7       		.byte	-89
 314 011d 01       		.byte	1
 315 011e A9       		.byte	-87
 316 011f FE       		.byte	-2
 317 0120 AB       		.byte	-85
 318 0121 01       		.byte	1
 319 0122 AC       		.byte	-84
 320 0123 01       		.byte	1
 321 0124 B1       		.byte	-79
 322 0125 FF       		.byte	-1
 323 0126 B2       		.byte	-78
 324 0127 03       		.byte	3
 325 0128 BF       		.byte	-65
 326 0129 01       		.byte	1
 327 012a D8       		.byte	-40
 328 012b 04       		.byte	4
 329 012c D9       		.byte	-39
 330 012d 04       		.byte	4
 331 012e DF       		.byte	-33
 332 012f 01       		.byte	1
 333 0130 00       		.byte	0
 334 0131 82       		.byte	-126
 335 0132 03       		.byte	3
 336 0133 20       		.byte	32
 337 0134 05       		.byte	5
 338 0135 10       		.byte	16
 339 0136 07       		.byte	7
 340 0137 52       		.byte	82
 341 0138 0B       		.byte	11
 342 0139 20       		.byte	32
ARM GAS  C:\Users\CALEBW~1\AppData\Local\Temp\ccYyfbNi.s 			page 7


 343 013a 0E       		.byte	14
 344 013b 1A       		.byte	26
 345 013c 10       		.byte	16
 346 013d 22       		.byte	34
 347 013e 19       		.byte	25
 348 013f 08       		.byte	8
 349 0140 1C       		.byte	28
 350 0141 08       		.byte	8
 351 0142 1E       		.byte	30
 352 0143 19       		.byte	25
 353 0144 1F       		.byte	31
 354 0145 02       		.byte	2
 355 0146 20       		.byte	32
 356 0147 80       		.byte	-128
 357 0148 24       		.byte	36
 358 0149 40       		.byte	64
 359 014a 26       		.byte	38
 360 014b 11       		.byte	17
 361 014c 27       		.byte	39
 362 014d 12       		.byte	18
 363 014e 28       		.byte	40
 364 014f 08       		.byte	8
 365 0150 29       		.byte	41
 366 0151 08       		.byte	8
 367 0152 2E       		.byte	46
 368 0153 10       		.byte	16
 369 0154 2F       		.byte	47
 370 0155 02       		.byte	2
 371 0156 30       		.byte	48
 372 0157 20       		.byte	32
 373 0158 31       		.byte	49
 374 0159 42       		.byte	66
 375 015a 36       		.byte	54
 376 015b 10       		.byte	16
 377 015c 37       		.byte	55
 378 015d 02       		.byte	2
 379 015e 39       		.byte	57
 380 015f 08       		.byte	8
 381 0160 3B       		.byte	59
 382 0161 20       		.byte	32
 383 0162 3C       		.byte	60
 384 0163 40       		.byte	64
 385 0164 3E       		.byte	62
 386 0165 01       		.byte	1
 387 0166 83       		.byte	-125
 388 0167 10       		.byte	16
 389 0168 84       		.byte	-124
 390 0169 04       		.byte	4
 391 016a 86       		.byte	-122
 392 016b 10       		.byte	16
 393 016c 91       		.byte	-111
 394 016d 08       		.byte	8
 395 016e 93       		.byte	-109
 396 016f 20       		.byte	32
 397 0170 99       		.byte	-103
 398 0171 40       		.byte	64
 399 0172 A0       		.byte	-96
ARM GAS  C:\Users\CALEBW~1\AppData\Local\Temp\ccYyfbNi.s 			page 8


 400 0173 03       		.byte	3
 401 0174 A1       		.byte	-95
 402 0175 02       		.byte	2
 403 0176 A3       		.byte	-93
 404 0177 10       		.byte	16
 405 0178 AC       		.byte	-84
 406 0179 03       		.byte	3
 407 017a AD       		.byte	-83
 408 017b 46       		.byte	70
 409 017c AF       		.byte	-81
 410 017d 10       		.byte	16
 411 017e C0       		.byte	-64
 412 017f FD       		.byte	-3
 413 0180 C2       		.byte	-62
 414 0181 E4       		.byte	-28
 415 0182 C4       		.byte	-60
 416 0183 05       		.byte	5
 417 0184 CA       		.byte	-54
 418 0185 36       		.byte	54
 419 0186 CC       		.byte	-52
 420 0187 AD       		.byte	-83
 421 0188 CE       		.byte	-50
 422 0189 96       		.byte	-106
 423 018a E4       		.byte	-28
 424 018b 0A       		.byte	10
 425 018c EA       		.byte	-22
 426 018d 0A       		.byte	10
 427 018e EE       		.byte	-18
 428 018f 0A       		.byte	10
 429 0190 A9       		.byte	-87
 430 0191 10       		.byte	16
 431 0192 AB       		.byte	-85
 432 0193 40       		.byte	64
 433 0194 AC       		.byte	-84
 434 0195 28       		.byte	40
 435 0196 AF       		.byte	-81
 436 0197 20       		.byte	32
 437 0198 B5       		.byte	-75
 438 0199 08       		.byte	8
 439 019a EA       		.byte	-22
 440 019b 02       		.byte	2
 441 019c EE       		.byte	-18
 442 019d 08       		.byte	8
 443 019e 01       		.byte	1
 444 019f 02       		.byte	2
 445 01a0 04       		.byte	4
 446 01a1 02       		.byte	2
 447 01a2 15       		.byte	21
 448 01a3 02       		.byte	2
 449 01a4 19       		.byte	25
 450 01a5 01       		.byte	1
 451 01a6 1C       		.byte	28
 452 01a7 01       		.byte	1
 453 01a8 1E       		.byte	30
 454 01a9 04       		.byte	4
 455 01aa 21       		.byte	33
 456 01ab 02       		.byte	2
ARM GAS  C:\Users\CALEBW~1\AppData\Local\Temp\ccYyfbNi.s 			page 9


 457 01ac 22       		.byte	34
 458 01ad 02       		.byte	2
 459 01ae 23       		.byte	35
 460 01af 01       		.byte	1
 461 01b0 2C       		.byte	44
 462 01b1 01       		.byte	1
 463 01b2 32       		.byte	50
 464 01b3 01       		.byte	1
 465 01b4 33       		.byte	51
 466 01b5 02       		.byte	2
 467 01b6 34       		.byte	52
 468 01b7 04       		.byte	4
 469 01b8 36       		.byte	54
 470 01b9 02       		.byte	2
 471 01ba 37       		.byte	55
 472 01bb 01       		.byte	1
 473 01bc 38       		.byte	56
 474 01bd 08       		.byte	8
 475 01be 39       		.byte	57
 476 01bf 08       		.byte	8
 477 01c0 3E       		.byte	62
 478 01c1 40       		.byte	64
 479 01c2 3F       		.byte	63
 480 01c3 44       		.byte	68
 481 01c4 54       		.byte	84
 482 01c5 0F       		.byte	15
 483 01c6 58       		.byte	88
 484 01c7 04       		.byte	4
 485 01c8 59       		.byte	89
 486 01c9 04       		.byte	4
 487 01ca 5B       		.byte	91
 488 01cb 04       		.byte	4
 489 01cc 5F       		.byte	95
 490 01cd 05       		.byte	5
 491 01ce 80       		.byte	-128
 492 01cf 20       		.byte	32
 493 01d0 85       		.byte	-123
 494 01d1 30       		.byte	48
 495 01d2 87       		.byte	-121
 496 01d3 C9       		.byte	-55
 497 01d4 89       		.byte	-119
 498 01d5 94       		.byte	-108
 499 01d6 8A       		.byte	-118
 500 01d7 0E       		.byte	14
 501 01d8 8B       		.byte	-117
 502 01d9 60       		.byte	96
 503 01da 8E       		.byte	-114
 504 01db 08       		.byte	8
 505 01dc 90       		.byte	-112
 506 01dd 02       		.byte	2
 507 01de 91       		.byte	-111
 508 01df 9E       		.byte	-98
 509 01e0 92       		.byte	-110
 510 01e1 04       		.byte	4
 511 01e2 93       		.byte	-109
 512 01e3 60       		.byte	96
 513 01e4 94       		.byte	-108
ARM GAS  C:\Users\CALEBW~1\AppData\Local\Temp\ccYyfbNi.s 			page 10


 514 01e5 0E       		.byte	14
 515 01e6 9E       		.byte	-98
 516 01e7 01       		.byte	1
 517 01e8 A1       		.byte	-95
 518 01e9 FD       		.byte	-3
 519 01ea A2       		.byte	-94
 520 01eb 10       		.byte	16
 521 01ec A3       		.byte	-93
 522 01ed 02       		.byte	2
 523 01ee A4       		.byte	-92
 524 01ef 08       		.byte	8
 525 01f0 A5       		.byte	-91
 526 01f1 73       		.byte	115
 527 01f2 A8       		.byte	-88
 528 01f3 02       		.byte	2
 529 01f4 AA       		.byte	-86
 530 01f5 04       		.byte	4
 531 01f6 AB       		.byte	-85
 532 01f7 0F       		.byte	15
 533 01f8 AC       		.byte	-84
 534 01f9 0E       		.byte	14
 535 01fa AD       		.byte	-83
 536 01fb CF       		.byte	-49
 537 01fc AF       		.byte	-81
 538 01fd 30       		.byte	48
 539 01fe B2       		.byte	-78
 540 01ff 1E       		.byte	30
 541 0200 B4       		.byte	-76
 542 0201 20       		.byte	32
 543 0202 B6       		.byte	-74
 544 0203 01       		.byte	1
 545 0204 B7       		.byte	-73
 546 0205 FF       		.byte	-1
 547 0206 BE       		.byte	-66
 548 0207 10       		.byte	16
 549 0208 BF       		.byte	-65
 550 0209 40       		.byte	64
 551 020a D2       		.byte	-46
 552 020b 80       		.byte	-128
 553 020c D4       		.byte	-44
 554 020d 0F       		.byte	15
 555 020e D8       		.byte	-40
 556 020f 04       		.byte	4
 557 0210 D9       		.byte	-39
 558 0211 04       		.byte	4
 559 0212 DB       		.byte	-37
 560 0213 04       		.byte	4
 561 0214 DF       		.byte	-33
 562 0215 01       		.byte	1
 563 0216 01       		.byte	1
 564 0217 80       		.byte	-128
 565 0218 02       		.byte	2
 566 0219 40       		.byte	64
 567 021a 03       		.byte	3
 568 021b 08       		.byte	8
 569 021c 05       		.byte	5
 570 021d 04       		.byte	4
ARM GAS  C:\Users\CALEBW~1\AppData\Local\Temp\ccYyfbNi.s 			page 11


 571 021e 08       		.byte	8
 572 021f 45       		.byte	69
 573 0220 0F       		.byte	15
 574 0221 02       		.byte	2
 575 0222 11       		.byte	17
 576 0223 14       		.byte	20
 577 0224 12       		.byte	18
 578 0225 81       		.byte	-127
 579 0226 15       		.byte	21
 580 0227 01       		.byte	1
 581 0228 16       		.byte	22
 582 0229 02       		.byte	2
 583 022a 19       		.byte	25
 584 022b 20       		.byte	32
 585 022c 1A       		.byte	26
 586 022d 02       		.byte	2
 587 022e 1B       		.byte	27
 588 022f 08       		.byte	8
 589 0230 1D       		.byte	29
 590 0231 20       		.byte	32
 591 0232 1E       		.byte	30
 592 0233 10       		.byte	16
 593 0234 1F       		.byte	31
 594 0235 40       		.byte	64
 595 0236 22       		.byte	34
 596 0237 80       		.byte	-128
 597 0238 26       		.byte	38
 598 0239 04       		.byte	4
 599 023a 27       		.byte	39
 600 023b 12       		.byte	18
 601 023c 29       		.byte	41
 602 023d 8A       		.byte	-118
 603 023e 2A       		.byte	42
 604 023f 01       		.byte	1
 605 0240 2B       		.byte	43
 606 0241 08       		.byte	8
 607 0242 2E       		.byte	46
 608 0243 02       		.byte	2
 609 0244 2F       		.byte	47
 610 0245 80       		.byte	-128
 611 0246 30       		.byte	48
 612 0247 01       		.byte	1
 613 0248 32       		.byte	50
 614 0249 02       		.byte	2
 615 024a 34       		.byte	52
 616 024b 04       		.byte	4
 617 024c 35       		.byte	53
 618 024d 08       		.byte	8
 619 024e 36       		.byte	54
 620 024f 28       		.byte	40
 621 0250 39       		.byte	57
 622 0251 14       		.byte	20
 623 0252 3F       		.byte	63
 624 0253 02       		.byte	2
 625 0254 44       		.byte	68
 626 0255 40       		.byte	64
 627 0256 45       		.byte	69
ARM GAS  C:\Users\CALEBW~1\AppData\Local\Temp\ccYyfbNi.s 			page 12


 628 0257 01       		.byte	1
 629 0258 4B       		.byte	75
 630 0259 C0       		.byte	-64
 631 025a 58       		.byte	88
 632 025b 02       		.byte	2
 633 025c 59       		.byte	89
 634 025d 10       		.byte	16
 635 025e 5A       		.byte	90
 636 025f 80       		.byte	-128
 637 0260 5B       		.byte	91
 638 0261 08       		.byte	8
 639 0262 5E       		.byte	94
 640 0263 24       		.byte	36
 641 0264 5F       		.byte	95
 642 0265 42       		.byte	66
 643 0266 66       		.byte	102
 644 0267 28       		.byte	40
 645 0268 71       		.byte	113
 646 0269 02       		.byte	2
 647 026a 7E       		.byte	126
 648 026b 08       		.byte	8
 649 026c 89       		.byte	-119
 650 026d 20       		.byte	32
 651 026e 8A       		.byte	-118
 652 026f 10       		.byte	16
 653 0270 8B       		.byte	-117
 654 0271 80       		.byte	-128
 655 0272 91       		.byte	-111
 656 0273 14       		.byte	20
 657 0274 92       		.byte	-110
 658 0275 80       		.byte	-128
 659 0276 98       		.byte	-104
 660 0277 02       		.byte	2
 661 0278 99       		.byte	-103
 662 0279 92       		.byte	-110
 663 027a 9B       		.byte	-101
 664 027b 08       		.byte	8
 665 027c 9D       		.byte	-99
 666 027d 08       		.byte	8
 667 027e A1       		.byte	-95
 668 027f 01       		.byte	1
 669 0280 A2       		.byte	-94
 670 0281 02       		.byte	2
 671 0282 B0       		.byte	-80
 672 0283 04       		.byte	4
 673 0284 C0       		.byte	-64
 674 0285 2B       		.byte	43
 675 0286 C2       		.byte	-62
 676 0287 8D       		.byte	-115
 677 0288 C4       		.byte	-60
 678 0289 9F       		.byte	-97
 679 028a CA       		.byte	-54
 680 028b 8F       		.byte	-113
 681 028c CC       		.byte	-52
 682 028d 61       		.byte	97
 683 028e CE       		.byte	-50
 684 028f 86       		.byte	-122
ARM GAS  C:\Users\CALEBW~1\AppData\Local\Temp\ccYyfbNi.s 			page 13


 685 0290 D6       		.byte	-42
 686 0291 FF       		.byte	-1
 687 0292 D8       		.byte	-40
 688 0293 60       		.byte	96
 689 0294 DE       		.byte	-34
 690 0295 20       		.byte	32
 691 0296 02       		.byte	2
 692 0297 08       		.byte	8
 693 0298 03       		.byte	3
 694 0299 02       		.byte	2
 695 029a 07       		.byte	7
 696 029b 08       		.byte	8
 697 029c 09       		.byte	9
 698 029d 08       		.byte	8
 699 029e 0D       		.byte	13
 700 029f 08       		.byte	8
 701 02a0 11       		.byte	17
 702 02a1 08       		.byte	8
 703 02a2 14       		.byte	20
 704 02a3 0C       		.byte	12
 705 02a4 17       		.byte	23
 706 02a5 04       		.byte	4
 707 02a6 18       		.byte	24
 708 02a7 01       		.byte	1
 709 02a8 19       		.byte	25
 710 02a9 04       		.byte	4
 711 02aa 1E       		.byte	30
 712 02ab 04       		.byte	4
 713 02ac 1F       		.byte	31
 714 02ad 01       		.byte	1
 715 02ae 20       		.byte	32
 716 02af 01       		.byte	1
 717 02b0 22       		.byte	34
 718 02b1 02       		.byte	2
 719 02b2 23       		.byte	35
 720 02b3 04       		.byte	4
 721 02b4 27       		.byte	39
 722 02b5 10       		.byte	16
 723 02b6 28       		.byte	40
 724 02b7 08       		.byte	8
 725 02b8 29       		.byte	41
 726 02b9 01       		.byte	1
 727 02ba 2D       		.byte	45
 728 02bb 08       		.byte	8
 729 02bc 30       		.byte	48
 730 02bd 04       		.byte	4
 731 02be 31       		.byte	49
 732 02bf 18       		.byte	24
 733 02c0 32       		.byte	50
 734 02c1 02       		.byte	2
 735 02c2 33       		.byte	51
 736 02c3 01       		.byte	1
 737 02c4 34       		.byte	52
 738 02c5 08       		.byte	8
 739 02c6 35       		.byte	53
 740 02c7 02       		.byte	2
 741 02c8 36       		.byte	54
ARM GAS  C:\Users\CALEBW~1\AppData\Local\Temp\ccYyfbNi.s 			page 14


 742 02c9 01       		.byte	1
 743 02ca 37       		.byte	55
 744 02cb 04       		.byte	4
 745 02cc 38       		.byte	56
 746 02cd 80       		.byte	-128
 747 02ce 3E       		.byte	62
 748 02cf 11       		.byte	17
 749 02d0 3F       		.byte	63
 750 02d1 44       		.byte	68
 751 02d2 54       		.byte	84
 752 02d3 0F       		.byte	15
 753 02d4 58       		.byte	88
 754 02d5 04       		.byte	4
 755 02d6 59       		.byte	89
 756 02d7 04       		.byte	4
 757 02d8 5B       		.byte	91
 758 02d9 04       		.byte	4
 759 02da 5F       		.byte	95
 760 02db 05       		.byte	5
 761 02dc 84       		.byte	-124
 762 02dd FD       		.byte	-3
 763 02de 86       		.byte	-122
 764 02df 02       		.byte	2
 765 02e0 87       		.byte	-121
 766 02e1 03       		.byte	3
 767 02e2 88       		.byte	-120
 768 02e3 CF       		.byte	-49
 769 02e4 8A       		.byte	-118
 770 02e5 30       		.byte	48
 771 02e6 8C       		.byte	-116
 772 02e7 30       		.byte	48
 773 02e8 8E       		.byte	-114
 774 02e9 C9       		.byte	-55
 775 02ea 96       		.byte	-106
 776 02eb 0F       		.byte	15
 777 02ec 98       		.byte	-104
 778 02ed 94       		.byte	-108
 779 02ee 9A       		.byte	-102
 780 02ef 60       		.byte	96
 781 02f0 9D       		.byte	-99
 782 02f1 01       		.byte	1
 783 02f2 A4       		.byte	-92
 784 02f3 73       		.byte	115
 785 02f4 A8       		.byte	-88
 786 02f5 9E       		.byte	-98
 787 02f6 AA       		.byte	-86
 788 02f7 60       		.byte	96
 789 02f8 B1       		.byte	-79
 790 02f9 02       		.byte	2
 791 02fa B4       		.byte	-76
 792 02fb FF       		.byte	-1
 793 02fc B7       		.byte	-73
 794 02fd 01       		.byte	1
 795 02fe BE       		.byte	-66
 796 02ff 10       		.byte	16
 797 0300 BF       		.byte	-65
 798 0301 40       		.byte	64
ARM GAS  C:\Users\CALEBW~1\AppData\Local\Temp\ccYyfbNi.s 			page 15


 799 0302 D2       		.byte	-46
 800 0303 80       		.byte	-128
 801 0304 D8       		.byte	-40
 802 0305 04       		.byte	4
 803 0306 D9       		.byte	-39
 804 0307 04       		.byte	4
 805 0308 DB       		.byte	-37
 806 0309 04       		.byte	4
 807 030a DF       		.byte	-33
 808 030b 01       		.byte	1
 809 030c 03       		.byte	3
 810 030d 80       		.byte	-128
 811 030e 04       		.byte	4
 812 030f 10       		.byte	16
 813 0310 05       		.byte	5
 814 0311 04       		.byte	4
 815 0312 07       		.byte	7
 816 0313 01       		.byte	1
 817 0314 08       		.byte	8
 818 0315 10       		.byte	16
 819 0316 09       		.byte	9
 820 0317 03       		.byte	3
 821 0318 0A       		.byte	10
 822 0319 20       		.byte	32
 823 031a 0B       		.byte	11
 824 031b 06       		.byte	6
 825 031c 0C       		.byte	12
 826 031d 04       		.byte	4
 827 031e 0D       		.byte	13
 828 031f 20       		.byte	32
 829 0320 0E       		.byte	14
 830 0321 20       		.byte	32
 831 0322 10       		.byte	16
 832 0323 84       		.byte	-124
 833 0324 15       		.byte	21
 834 0325 08       		.byte	8
 835 0326 17       		.byte	23
 836 0327 28       		.byte	40
 837 0328 19       		.byte	25
 838 0329 10       		.byte	16
 839 032a 1A       		.byte	26
 840 032b 40       		.byte	64
 841 032c 1B       		.byte	27
 842 032d C4       		.byte	-60
 843 032e 1F       		.byte	31
 844 032f 10       		.byte	16
 845 0330 21       		.byte	33
 846 0331 02       		.byte	2
 847 0332 22       		.byte	34
 848 0333 54       		.byte	84
 849 0334 27       		.byte	39
 850 0335 42       		.byte	66
 851 0336 29       		.byte	41
 852 0337 80       		.byte	-128
 853 0338 2B       		.byte	43
 854 0339 54       		.byte	84
 855 033a 30       		.byte	48
ARM GAS  C:\Users\CALEBW~1\AppData\Local\Temp\ccYyfbNi.s 			page 16


 856 033b 84       		.byte	-124
 857 033c 32       		.byte	50
 858 033d 12       		.byte	18
 859 033e 37       		.byte	55
 860 033f 40       		.byte	64
 861 0340 39       		.byte	57
 862 0341 14       		.byte	20
 863 0342 3A       		.byte	58
 864 0343 40       		.byte	64
 865 0344 3B       		.byte	59
 866 0345 02       		.byte	2
 867 0346 3F       		.byte	63
 868 0347 04       		.byte	4
 869 0348 58       		.byte	88
 870 0349 10       		.byte	16
 871 034a 5A       		.byte	90
 872 034b 48       		.byte	72
 873 034c 5B       		.byte	91
 874 034d 02       		.byte	2
 875 034e 62       		.byte	98
 876 034f 28       		.byte	40
 877 0350 68       		.byte	104
 878 0351 05       		.byte	5
 879 0352 76       		.byte	118
 880 0353 80       		.byte	-128
 881 0354 79       		.byte	121
 882 0355 08       		.byte	8
 883 0356 84       		.byte	-124
 884 0357 01       		.byte	1
 885 0358 8C       		.byte	-116
 886 0359 02       		.byte	2
 887 035a 8D       		.byte	-115
 888 035b 04       		.byte	4
 889 035c 90       		.byte	-112
 890 035d 10       		.byte	16
 891 035e 91       		.byte	-111
 892 035f 1C       		.byte	28
 893 0360 93       		.byte	-109
 894 0361 06       		.byte	6
 895 0362 97       		.byte	-105
 896 0363 20       		.byte	32
 897 0364 99       		.byte	-103
 898 0365 86       		.byte	-122
 899 0366 9A       		.byte	-102
 900 0367 40       		.byte	64
 901 0368 9B       		.byte	-101
 902 0369 21       		.byte	33
 903 036a 9D       		.byte	-99
 904 036b 08       		.byte	8
 905 036c 9E       		.byte	-98
 906 036d 80       		.byte	-128
 907 036e A0       		.byte	-96
 908 036f 80       		.byte	-128
 909 0370 A1       		.byte	-95
 910 0371 20       		.byte	32
 911 0372 A2       		.byte	-94
 912 0373 3A       		.byte	58
ARM GAS  C:\Users\CALEBW~1\AppData\Local\Temp\ccYyfbNi.s 			page 17


 913 0374 A3       		.byte	-93
 914 0375 10       		.byte	16
 915 0376 A5       		.byte	-91
 916 0377 02       		.byte	2
 917 0378 AF       		.byte	-81
 918 0379 24       		.byte	36
 919 037a B0       		.byte	-80
 920 037b 14       		.byte	20
 921 037c B4       		.byte	-76
 922 037d 40       		.byte	64
 923 037e B7       		.byte	-73
 924 037f 20       		.byte	32
 925 0380 C0       		.byte	-64
 926 0381 E8       		.byte	-24
 927 0382 C2       		.byte	-62
 928 0383 67       		.byte	103
 929 0384 C4       		.byte	-60
 930 0385 6A       		.byte	106
 931 0386 CA       		.byte	-54
 932 0387 0F       		.byte	15
 933 0388 CC       		.byte	-52
 934 0389 1F       		.byte	31
 935 038a CE       		.byte	-50
 936 038b 4F       		.byte	79
 937 038c D6       		.byte	-42
 938 038d 0F       		.byte	15
 939 038e D8       		.byte	-40
 940 038f 06       		.byte	6
 941 0390 DE       		.byte	-34
 942 0391 02       		.byte	2
 943 0392 E4       		.byte	-28
 944 0393 08       		.byte	8
 945 0394 E8       		.byte	-24
 946 0395 40       		.byte	64
 947 0396 01       		.byte	1
 948 0397 20       		.byte	32
 949 0398 05       		.byte	5
 950 0399 08       		.byte	8
 951 039a 07       		.byte	7
 952 039b 01       		.byte	1
 953 039c 08       		.byte	8
 954 039d 18       		.byte	24
 955 039e 09       		.byte	9
 956 039f 07       		.byte	7
 957 03a0 0A       		.byte	10
 958 03a1 06       		.byte	6
 959 03a2 0E       		.byte	14
 960 03a3 01       		.byte	1
 961 03a4 0F       		.byte	15
 962 03a5 10       		.byte	16
 963 03a6 13       		.byte	19
 964 03a7 0F       		.byte	15
 965 03a8 14       		.byte	20
 966 03a9 1E       		.byte	30
 967 03aa 15       		.byte	21
 968 03ab 0B       		.byte	11
 969 03ac 17       		.byte	23
ARM GAS  C:\Users\CALEBW~1\AppData\Local\Temp\ccYyfbNi.s 			page 18


 970 03ad 04       		.byte	4
 971 03ae 18       		.byte	24
 972 03af 06       		.byte	6
 973 03b0 19       		.byte	25
 974 03b1 0C       		.byte	12
 975 03b2 1A       		.byte	26
 976 03b3 18       		.byte	24
 977 03b4 1B       		.byte	27
 978 03b5 02       		.byte	2
 979 03b6 20       		.byte	32
 980 03b7 0A       		.byte	10
 981 03b8 22       		.byte	34
 982 03b9 14       		.byte	20
 983 03ba 24       		.byte	36
 984 03bb 0E       		.byte	14
 985 03bc 27       		.byte	39
 986 03bd 20       		.byte	32
 987 03be 28       		.byte	40
 988 03bf 14       		.byte	20
 989 03c0 29       		.byte	41
 990 03c1 0C       		.byte	12
 991 03c2 2A       		.byte	42
 992 03c3 0A       		.byte	10
 993 03c4 2B       		.byte	43
 994 03c5 01       		.byte	1
 995 03c6 2F       		.byte	47
 996 03c7 20       		.byte	32
 997 03c8 31       		.byte	49
 998 03c9 10       		.byte	16
 999 03ca 32       		.byte	50
 1000 03cb 1E       		.byte	30
 1001 03cc 33       		.byte	51
 1002 03cd 0F       		.byte	15
 1003 03ce 35       		.byte	53
 1004 03cf 20       		.byte	32
 1005 03d0 36       		.byte	54
 1006 03d1 01       		.byte	1
 1007 03d2 3F       		.byte	63
 1008 03d3 10       		.byte	16
 1009 03d4 40       		.byte	64
 1010 03d5 26       		.byte	38
 1011 03d6 41       		.byte	65
 1012 03d7 03       		.byte	3
 1013 03d8 49       		.byte	73
 1014 03d9 FF       		.byte	-1
 1015 03da 4A       		.byte	74
 1016 03db FF       		.byte	-1
 1017 03dc 4B       		.byte	75
 1018 03dd FF       		.byte	-1
 1019 03de 4D       		.byte	77
 1020 03df A0       		.byte	-96
 1021 03e0 4F       		.byte	79
 1022 03e1 01       		.byte	1
 1023 03e2 50       		.byte	80
 1024 03e3 18       		.byte	24
 1025 03e4 58       		.byte	88
 1026 03e5 04       		.byte	4
ARM GAS  C:\Users\CALEBW~1\AppData\Local\Temp\ccYyfbNi.s 			page 19


 1027 03e6 59       		.byte	89
 1028 03e7 04       		.byte	4
 1029 03e8 5A       		.byte	90
 1030 03e9 04       		.byte	4
 1031 03ea 5F       		.byte	95
 1032 03eb 01       		.byte	1
 1033 03ec 60       		.byte	96
 1034 03ed 40       		.byte	64
 1035 03ee 62       		.byte	98
 1036 03ef 80       		.byte	-128
 1037 03f0 64       		.byte	100
 1038 03f1 40       		.byte	64
 1039 03f2 65       		.byte	101
 1040 03f3 40       		.byte	64
 1041 03f4 66       		.byte	102
 1042 03f5 80       		.byte	-128
 1043 03f6 68       		.byte	104
 1044 03f7 40       		.byte	64
 1045 03f8 6A       		.byte	106
 1046 03f9 80       		.byte	-128
 1047 03fa 6C       		.byte	108
 1048 03fb 40       		.byte	64
 1049 03fc 6D       		.byte	109
 1050 03fd 20       		.byte	32
 1051 03fe 6E       		.byte	110
 1052 03ff 80       		.byte	-128
 1053 0400 80       		.byte	-128
 1054 0401 FE       		.byte	-2
 1055 0402 82       		.byte	-126
 1056 0403 01       		.byte	1
 1057 0404 84       		.byte	-124
 1058 0405 7F       		.byte	127
 1059 0406 85       		.byte	-123
 1060 0407 02       		.byte	2
 1061 0408 8C       		.byte	-116
 1062 0409 A3       		.byte	-93
 1063 040a 8D       		.byte	-115
 1064 040b 02       		.byte	2
 1065 040c 8E       		.byte	-114
 1066 040d 5C       		.byte	92
 1067 040e 92       		.byte	-110
 1068 040f 01       		.byte	1
 1069 0410 95       		.byte	-107
 1070 0411 02       		.byte	2
 1071 0412 9B       		.byte	-101
 1072 0413 04       		.byte	4
 1073 0414 A4       		.byte	-92
 1074 0415 96       		.byte	-106
 1075 0416 A6       		.byte	-90
 1076 0417 68       		.byte	104
 1077 0418 A8       		.byte	-88
 1078 0419 0E       		.byte	14
 1079 041a AA       		.byte	-86
 1080 041b F0       		.byte	-16
 1081 041c AB       		.byte	-85
 1082 041d 01       		.byte	1
 1083 041e AC       		.byte	-84
ARM GAS  C:\Users\CALEBW~1\AppData\Local\Temp\ccYyfbNi.s 			page 20


 1084 041f C5       		.byte	-59
 1085 0420 AE       		.byte	-82
 1086 0421 3A       		.byte	58
 1087 0422 B1       		.byte	-79
 1088 0423 04       		.byte	4
 1089 0424 B3       		.byte	-77
 1090 0425 02       		.byte	2
 1091 0426 B4       		.byte	-76
 1092 0427 FF       		.byte	-1
 1093 0428 B7       		.byte	-73
 1094 0429 01       		.byte	1
 1095 042a B9       		.byte	-71
 1096 042b 08       		.byte	8
 1097 042c BE       		.byte	-66
 1098 042d 10       		.byte	16
 1099 042e BF       		.byte	-65
 1100 042f 04       		.byte	4
 1101 0430 C0       		.byte	-64
 1102 0431 36       		.byte	54
 1103 0432 C1       		.byte	-63
 1104 0433 02       		.byte	2
 1105 0434 C5       		.byte	-59
 1106 0435 42       		.byte	66
 1107 0436 C6       		.byte	-58
 1108 0437 C3       		.byte	-61
 1109 0438 C7       		.byte	-57
 1110 0439 0E       		.byte	14
 1111 043a C8       		.byte	-56
 1112 043b 1F       		.byte	31
 1113 043c C9       		.byte	-55
 1114 043d FF       		.byte	-1
 1115 043e CA       		.byte	-54
 1116 043f FF       		.byte	-1
 1117 0440 CB       		.byte	-53
 1118 0441 FF       		.byte	-1
 1119 0442 CD       		.byte	-51
 1120 0443 AF       		.byte	-81
 1121 0444 CE       		.byte	-50
 1122 0445 07       		.byte	7
 1123 0446 CF       		.byte	-49
 1124 0447 01       		.byte	1
 1125 0448 D0       		.byte	-48
 1126 0449 18       		.byte	24
 1127 044a D8       		.byte	-40
 1128 044b 04       		.byte	4
 1129 044c D9       		.byte	-39
 1130 044d 04       		.byte	4
 1131 044e DA       		.byte	-38
 1132 044f 04       		.byte	4
 1133 0450 DF       		.byte	-33
 1134 0451 01       		.byte	1
 1135 0452 E0       		.byte	-32
 1136 0453 40       		.byte	64
 1137 0454 E2       		.byte	-30
 1138 0455 80       		.byte	-128
 1139 0456 E4       		.byte	-28
 1140 0457 40       		.byte	64
ARM GAS  C:\Users\CALEBW~1\AppData\Local\Temp\ccYyfbNi.s 			page 21


 1141 0458 E5       		.byte	-27
 1142 0459 40       		.byte	64
 1143 045a E6       		.byte	-26
 1144 045b 80       		.byte	-128
 1145 045c E8       		.byte	-24
 1146 045d 40       		.byte	64
 1147 045e EA       		.byte	-22
 1148 045f 80       		.byte	-128
 1149 0460 EC       		.byte	-20
 1150 0461 40       		.byte	64
 1151 0462 ED       		.byte	-19
 1152 0463 20       		.byte	32
 1153 0464 EE       		.byte	-18
 1154 0465 80       		.byte	-128
 1155 0466 01       		.byte	1
 1156 0467 8A       		.byte	-118
 1157 0468 02       		.byte	2
 1158 0469 40       		.byte	64
 1159 046a 04       		.byte	4
 1160 046b 50       		.byte	80
 1161 046c 09       		.byte	9
 1162 046d 02       		.byte	2
 1163 046e 0D       		.byte	13
 1164 046f 20       		.byte	32
 1165 0470 0E       		.byte	14
 1166 0471 10       		.byte	16
 1167 0472 0F       		.byte	15
 1168 0473 08       		.byte	8
 1169 0474 11       		.byte	17
 1170 0475 14       		.byte	20
 1171 0476 12       		.byte	18
 1172 0477 02       		.byte	2
 1173 0478 15       		.byte	21
 1174 0479 08       		.byte	8
 1175 047a 16       		.byte	22
 1176 047b 20       		.byte	32
 1177 047c 17       		.byte	23
 1178 047d 21       		.byte	33
 1179 047e 1B       		.byte	27
 1180 047f 10       		.byte	16
 1181 0480 1D       		.byte	29
 1182 0481 04       		.byte	4
 1183 0482 1E       		.byte	30
 1184 0483 11       		.byte	17
 1185 0484 1F       		.byte	31
 1186 0485 04       		.byte	4
 1187 0486 20       		.byte	32
 1188 0487 02       		.byte	2
 1189 0488 23       		.byte	35
 1190 0489 50       		.byte	80
 1191 048a 25       		.byte	37
 1192 048b 10       		.byte	16
 1193 048c 27       		.byte	39
 1194 048d 74       		.byte	116
 1195 048e 28       		.byte	40
 1196 048f 04       		.byte	4
 1197 0490 2E       		.byte	46
ARM GAS  C:\Users\CALEBW~1\AppData\Local\Temp\ccYyfbNi.s 			page 22


 1198 0491 80       		.byte	-128
 1199 0492 2F       		.byte	47
 1200 0493 28       		.byte	40
 1201 0494 30       		.byte	48
 1202 0495 10       		.byte	16
 1203 0496 31       		.byte	49
 1204 0497 08       		.byte	8
 1205 0498 35       		.byte	53
 1206 0499 04       		.byte	4
 1207 049a 37       		.byte	55
 1208 049b 21       		.byte	33
 1209 049c 38       		.byte	56
 1210 049d 80       		.byte	-128
 1211 049e 3B       		.byte	59
 1212 049f 04       		.byte	4
 1213 04a0 3E       		.byte	62
 1214 04a1 21       		.byte	33
 1215 04a2 3F       		.byte	63
 1216 04a3 48       		.byte	72
 1217 04a4 40       		.byte	64
 1218 04a5 04       		.byte	4
 1219 04a6 43       		.byte	67
 1220 04a7 04       		.byte	4
 1221 04a8 45       		.byte	69
 1222 04a9 10       		.byte	16
 1223 04aa 47       		.byte	71
 1224 04ab 08       		.byte	8
 1225 04ac 4B       		.byte	75
 1226 04ad 16       		.byte	22
 1227 04ae 4F       		.byte	79
 1228 04af 10       		.byte	16
 1229 04b0 50       		.byte	80
 1230 04b1 C0       		.byte	-64
 1231 04b2 52       		.byte	82
 1232 04b3 28       		.byte	40
 1233 04b4 85       		.byte	-123
 1234 04b5 94       		.byte	-108
 1235 04b6 90       		.byte	-112
 1236 04b7 14       		.byte	20
 1237 04b8 91       		.byte	-111
 1238 04b9 08       		.byte	8
 1239 04ba 95       		.byte	-107
 1240 04bb 14       		.byte	20
 1241 04bc 96       		.byte	-106
 1242 04bd 10       		.byte	16
 1243 04be 97       		.byte	-105
 1244 04bf 68       		.byte	104
 1245 04c0 99       		.byte	-103
 1246 04c1 82       		.byte	-126
 1247 04c2 9B       		.byte	-101
 1248 04c3 09       		.byte	9
 1249 04c4 9D       		.byte	-99
 1250 04c5 08       		.byte	8
 1251 04c6 9F       		.byte	-97
 1252 04c7 50       		.byte	80
 1253 04c8 A1       		.byte	-95
 1254 04c9 28       		.byte	40
ARM GAS  C:\Users\CALEBW~1\AppData\Local\Temp\ccYyfbNi.s 			page 23


 1255 04ca A2       		.byte	-94
 1256 04cb 12       		.byte	18
 1257 04cc A3       		.byte	-93
 1258 04cd 08       		.byte	8
 1259 04ce A4       		.byte	-92
 1260 04cf 01       		.byte	1
 1261 04d0 A5       		.byte	-91
 1262 04d1 80       		.byte	-128
 1263 04d2 AD       		.byte	-83
 1264 04d3 28       		.byte	40
 1265 04d4 AE       		.byte	-82
 1266 04d5 80       		.byte	-128
 1267 04d6 AF       		.byte	-81
 1268 04d7 08       		.byte	8
 1269 04d8 B1       		.byte	-79
 1270 04d9 04       		.byte	4
 1271 04da B3       		.byte	-77
 1272 04db 40       		.byte	64
 1273 04dc C0       		.byte	-64
 1274 04dd CD       		.byte	-51
 1275 04de C2       		.byte	-62
 1276 04df 68       		.byte	104
 1277 04e0 C4       		.byte	-60
 1278 04e1 77       		.byte	119
 1279 04e2 CA       		.byte	-54
 1280 04e3 74       		.byte	116
 1281 04e4 CC       		.byte	-52
 1282 04e5 E6       		.byte	-26
 1283 04e6 CE       		.byte	-50
 1284 04e7 FA       		.byte	-6
 1285 04e8 D0       		.byte	-48
 1286 04e9 66       		.byte	102
 1287 04ea D2       		.byte	-46
 1288 04eb 24       		.byte	36
 1289 04ec 00       		.byte	0
 1290 04ed FB       		.byte	-5
 1291 04ee 01       		.byte	1
 1292 04ef 60       		.byte	96
 1293 04f0 02       		.byte	2
 1294 04f1 04       		.byte	4
 1295 04f2 03       		.byte	3
 1296 04f3 08       		.byte	8
 1297 04f4 04       		.byte	4
 1298 04f5 77       		.byte	119
 1299 04f6 05       		.byte	5
 1300 04f7 05       		.byte	5
 1301 04f8 09       		.byte	9
 1302 04f9 40       		.byte	64
 1303 04fa 0B       		.byte	11
 1304 04fb 08       		.byte	8
 1305 04fc 0C       		.byte	12
 1306 04fd CC       		.byte	-52
 1307 04fe 0E       		.byte	14
 1308 04ff 32       		.byte	50
 1309 0500 11       		.byte	17
 1310 0501 60       		.byte	96
 1311 0502 13       		.byte	19
ARM GAS  C:\Users\CALEBW~1\AppData\Local\Temp\ccYyfbNi.s 			page 24


 1312 0503 10       		.byte	16
 1313 0504 15       		.byte	21
 1314 0505 03       		.byte	3
 1315 0506 19       		.byte	25
 1316 0507 06       		.byte	6
 1317 0508 1F       		.byte	31
 1318 0509 78       		.byte	120
 1319 050a 21       		.byte	33
 1320 050b 58       		.byte	88
 1321 050c 23       		.byte	35
 1322 050d 20       		.byte	32
 1323 050e 24       		.byte	36
 1324 050f 58       		.byte	88
 1325 0510 25       		.byte	37
 1326 0511 38       		.byte	56
 1327 0512 26       		.byte	38
 1328 0513 A1       		.byte	-95
 1329 0514 28       		.byte	40
 1330 0515 30       		.byte	48
 1331 0516 29       		.byte	41
 1332 0517 06       		.byte	6
 1333 0518 2A       		.byte	42
 1334 0519 CF       		.byte	-49
 1335 051a 2C       		.byte	44
 1336 051b AC       		.byte	-84
 1337 051c 2E       		.byte	46
 1338 051d 51       		.byte	81
 1339 051e 30       		.byte	48
 1340 051f F0       		.byte	-16
 1341 0520 31       		.byte	49
 1342 0521 78       		.byte	120
 1343 0522 33       		.byte	51
 1344 0523 07       		.byte	7
 1345 0524 36       		.byte	54
 1346 0525 0F       		.byte	15
 1347 0526 39       		.byte	57
 1348 0527 08       		.byte	8
 1349 0528 58       		.byte	88
 1350 0529 04       		.byte	4
 1351 052a 59       		.byte	89
 1352 052b 04       		.byte	4
 1353 052c 5F       		.byte	95
 1354 052d 01       		.byte	1
 1355 052e 82       		.byte	-126
 1356 052f 80       		.byte	-128
 1357 0530 83       		.byte	-125
 1358 0531 40       		.byte	64
 1359 0532 84       		.byte	-124
 1360 0533 20       		.byte	32
 1361 0534 85       		.byte	-123
 1362 0535 01       		.byte	1
 1363 0536 86       		.byte	-122
 1364 0537 50       		.byte	80
 1365 0538 87       		.byte	-121
 1366 0539 02       		.byte	2
 1367 053a 88       		.byte	-120
 1368 053b 0C       		.byte	12
ARM GAS  C:\Users\CALEBW~1\AppData\Local\Temp\ccYyfbNi.s 			page 25


 1369 053c 8A       		.byte	-118
 1370 053d 02       		.byte	2
 1371 053e 8B       		.byte	-117
 1372 053f 04       		.byte	4
 1373 0540 8D       		.byte	-115
 1374 0541 10       		.byte	16
 1375 0542 8F       		.byte	-113
 1376 0543 20       		.byte	32
 1377 0544 90       		.byte	-112
 1378 0545 20       		.byte	32
 1379 0546 91       		.byte	-111
 1380 0547 10       		.byte	16
 1381 0548 92       		.byte	-110
 1382 0549 40       		.byte	64
 1383 054a 93       		.byte	-109
 1384 054b 20       		.byte	32
 1385 054c 94       		.byte	-108
 1386 054d 0B       		.byte	11
 1387 054e 96       		.byte	-106
 1388 054f 04       		.byte	4
 1389 0550 97       		.byte	-105
 1390 0551 07       		.byte	7
 1391 0552 98       		.byte	-104
 1392 0553 40       		.byte	64
 1393 0554 99       		.byte	-103
 1394 0555 01       		.byte	1
 1395 0556 9A       		.byte	-102
 1396 0557 2F       		.byte	47
 1397 0558 9B       		.byte	-101
 1398 0559 02       		.byte	2
 1399 055a 9C       		.byte	-100
 1400 055b 20       		.byte	32
 1401 055c 9D       		.byte	-99
 1402 055d 10       		.byte	16
 1403 055e 9E       		.byte	-98
 1404 055f 40       		.byte	64
 1405 0560 9F       		.byte	-97
 1406 0561 20       		.byte	32
 1407 0562 A0       		.byte	-96
 1408 0563 08       		.byte	8
 1409 0564 A1       		.byte	-95
 1410 0565 07       		.byte	7
 1411 0566 A2       		.byte	-94
 1412 0567 01       		.byte	1
 1413 0568 A4       		.byte	-92
 1414 0569 07       		.byte	7
 1415 056a A7       		.byte	-89
 1416 056b 08       		.byte	8
 1417 056c A8       		.byte	-88
 1418 056d 0C       		.byte	12
 1419 056e A9       		.byte	-87
 1420 056f 07       		.byte	7
 1421 0570 AA       		.byte	-86
 1422 0571 01       		.byte	1
 1423 0572 AD       		.byte	-83
 1424 0573 24       		.byte	36
 1425 0574 AF       		.byte	-81
ARM GAS  C:\Users\CALEBW~1\AppData\Local\Temp\ccYyfbNi.s 			page 26


 1426 0575 10       		.byte	16
 1427 0576 B0       		.byte	-80
 1428 0577 10       		.byte	16
 1429 0578 B2       		.byte	-78
 1430 0579 0F       		.byte	15
 1431 057a B3       		.byte	-77
 1432 057b 40       		.byte	64
 1433 057c B4       		.byte	-76
 1434 057d 60       		.byte	96
 1435 057e B5       		.byte	-75
 1436 057f 0F       		.byte	15
 1437 0580 B6       		.byte	-74
 1438 0581 80       		.byte	-128
 1439 0582 B7       		.byte	-73
 1440 0583 30       		.byte	48
 1441 0584 BA       		.byte	-70
 1442 0585 20       		.byte	32
 1443 0586 BB       		.byte	-69
 1444 0587 80       		.byte	-128
 1445 0588 D8       		.byte	-40
 1446 0589 04       		.byte	4
 1447 058a D9       		.byte	-39
 1448 058b 04       		.byte	4
 1449 058c DF       		.byte	-33
 1450 058d 01       		.byte	1
 1451 058e 01       		.byte	1
 1452 058f 8A       		.byte	-118
 1453 0590 04       		.byte	4
 1454 0591 10       		.byte	16
 1455 0592 07       		.byte	7
 1456 0593 60       		.byte	96
 1457 0594 0D       		.byte	13
 1458 0595 20       		.byte	32
 1459 0596 0E       		.byte	14
 1460 0597 50       		.byte	80
 1461 0598 0F       		.byte	15
 1462 0599 02       		.byte	2
 1463 059a 11       		.byte	17
 1464 059b 14       		.byte	20
 1465 059c 12       		.byte	18
 1466 059d 02       		.byte	2
 1467 059e 15       		.byte	21
 1468 059f 08       		.byte	8
 1469 05a0 17       		.byte	23
 1470 05a1 11       		.byte	17
 1471 05a2 18       		.byte	24
 1472 05a3 02       		.byte	2
 1473 05a4 19       		.byte	25
 1474 05a5 82       		.byte	-126
 1475 05a6 1C       		.byte	28
 1476 05a7 10       		.byte	16
 1477 05a8 1D       		.byte	29
 1478 05a9 20       		.byte	32
 1479 05aa 1E       		.byte	30
 1480 05ab 46       		.byte	70
 1481 05ac 1F       		.byte	31
 1482 05ad 08       		.byte	8
ARM GAS  C:\Users\CALEBW~1\AppData\Local\Temp\ccYyfbNi.s 			page 27


 1483 05ae 21       		.byte	33
 1484 05af 0C       		.byte	12
 1485 05b0 22       		.byte	34
 1486 05b1 02       		.byte	2
 1487 05b2 24       		.byte	36
 1488 05b3 04       		.byte	4
 1489 05b4 26       		.byte	38
 1490 05b5 90       		.byte	-112
 1491 05b6 27       		.byte	39
 1492 05b7 29       		.byte	41
 1493 05b8 29       		.byte	41
 1494 05b9 0A       		.byte	10
 1495 05ba 2B       		.byte	43
 1496 05bb 08       		.byte	8
 1497 05bc 2E       		.byte	46
 1498 05bd 10       		.byte	16
 1499 05be 2F       		.byte	47
 1500 05bf 52       		.byte	82
 1501 05c0 31       		.byte	49
 1502 05c1 88       		.byte	-120
 1503 05c2 32       		.byte	50
 1504 05c3 02       		.byte	2
 1505 05c4 33       		.byte	51
 1506 05c5 10       		.byte	16
 1507 05c6 36       		.byte	54
 1508 05c7 01       		.byte	1
 1509 05c8 37       		.byte	55
 1510 05c9 58       		.byte	88
 1511 05ca 38       		.byte	56
 1512 05cb 02       		.byte	2
 1513 05cc 39       		.byte	57
 1514 05cd 10       		.byte	16
 1515 05ce 3B       		.byte	59
 1516 05cf 08       		.byte	8
 1517 05d0 3C       		.byte	60
 1518 05d1 12       		.byte	18
 1519 05d2 3E       		.byte	62
 1520 05d3 04       		.byte	4
 1521 05d4 3F       		.byte	63
 1522 05d5 42       		.byte	66
 1523 05d6 43       		.byte	67
 1524 05d7 03       		.byte	3
 1525 05d8 C0       		.byte	-64
 1526 05d9 7D       		.byte	125
 1527 05da C2       		.byte	-62
 1528 05db F0       		.byte	-16
 1529 05dc C4       		.byte	-60
 1530 05dd 77       		.byte	119
 1531 05de CA       		.byte	-54
 1532 05df F7       		.byte	-9
 1533 05e0 CC       		.byte	-52
 1534 05e1 FF       		.byte	-1
 1535 05e2 CE       		.byte	-50
 1536 05e3 F7       		.byte	-9
 1537 05e4 E4       		.byte	-28
 1538 05e5 08       		.byte	8
 1539 05e6 E6       		.byte	-26
ARM GAS  C:\Users\CALEBW~1\AppData\Local\Temp\ccYyfbNi.s 			page 28


 1540 05e7 02       		.byte	2
 1541 05e8 EA       		.byte	-22
 1542 05e9 02       		.byte	2
 1543 05ea EC       		.byte	-20
 1544 05eb 80       		.byte	-128
 1545 05ec EE       		.byte	-18
 1546 05ed 03       		.byte	3
 1547 05ee 92       		.byte	-110
 1548 05ef 12       		.byte	18
 1549 05f0 95       		.byte	-107
 1550 05f1 01       		.byte	1
 1551 05f2 96       		.byte	-106
 1552 05f3 04       		.byte	4
 1553 05f4 99       		.byte	-103
 1554 05f5 82       		.byte	-126
 1555 05f6 9B       		.byte	-101
 1556 05f7 10       		.byte	16
 1557 05f8 9D       		.byte	-99
 1558 05f9 0C       		.byte	12
 1559 05fa 9E       		.byte	-98
 1560 05fb 28       		.byte	40
 1561 05fc A1       		.byte	-95
 1562 05fd 23       		.byte	35
 1563 05fe A2       		.byte	-94
 1564 05ff 06       		.byte	6
 1565 0600 A3       		.byte	-93
 1566 0601 08       		.byte	8
 1567 0602 A6       		.byte	-90
 1568 0603 20       		.byte	32
 1569 0604 A7       		.byte	-89
 1570 0605 81       		.byte	-127
 1571 0606 B2       		.byte	-78
 1572 0607 40       		.byte	64
 1573 0608 EA       		.byte	-22
 1574 0609 02       		.byte	2
 1575 060a EC       		.byte	-20
 1576 060b 80       		.byte	-128
 1577 060c EE       		.byte	-18
 1578 060d 03       		.byte	3
 1579 060e 00       		.byte	0
 1580 060f 0A       		.byte	10
 1581 0610 04       		.byte	4
 1582 0611 06       		.byte	6
 1583 0612 0C       		.byte	12
 1584 0613 0C       		.byte	12
 1585 0614 12       		.byte	18
 1586 0615 01       		.byte	1
 1587 0616 1C       		.byte	28
 1588 0617 01       		.byte	1
 1589 0618 22       		.byte	34
 1590 0619 01       		.byte	1
 1591 061a 2C       		.byte	44
 1592 061b 0C       		.byte	12
 1593 061c 32       		.byte	50
 1594 061d 0E       		.byte	14
 1595 061e 34       		.byte	52
 1596 061f 01       		.byte	1
ARM GAS  C:\Users\CALEBW~1\AppData\Local\Temp\ccYyfbNi.s 			page 29


 1597 0620 38       		.byte	56
 1598 0621 08       		.byte	8
 1599 0622 3E       		.byte	62
 1600 0623 10       		.byte	16
 1601 0624 40       		.byte	64
 1602 0625 26       		.byte	38
 1603 0626 41       		.byte	65
 1604 0627 03       		.byte	3
 1605 0628 49       		.byte	73
 1606 0629 FF       		.byte	-1
 1607 062a 4A       		.byte	74
 1608 062b FF       		.byte	-1
 1609 062c 4B       		.byte	75
 1610 062d FF       		.byte	-1
 1611 062e 4D       		.byte	77
 1612 062f A0       		.byte	-96
 1613 0630 4F       		.byte	79
 1614 0631 01       		.byte	1
 1615 0632 50       		.byte	80
 1616 0633 18       		.byte	24
 1617 0634 58       		.byte	88
 1618 0635 04       		.byte	4
 1619 0636 5A       		.byte	90
 1620 0637 04       		.byte	4
 1621 0638 5F       		.byte	95
 1622 0639 01       		.byte	1
 1623 063a 60       		.byte	96
 1624 063b 40       		.byte	64
 1625 063c 62       		.byte	98
 1626 063d 80       		.byte	-128
 1627 063e 64       		.byte	100
 1628 063f 40       		.byte	64
 1629 0640 65       		.byte	101
 1630 0641 40       		.byte	64
 1631 0642 66       		.byte	102
 1632 0643 80       		.byte	-128
 1633 0644 68       		.byte	104
 1634 0645 40       		.byte	64
 1635 0646 6A       		.byte	106
 1636 0647 80       		.byte	-128
 1637 0648 6C       		.byte	108
 1638 0649 40       		.byte	64
 1639 064a 6D       		.byte	109
 1640 064b 20       		.byte	32
 1641 064c 6E       		.byte	110
 1642 064d 80       		.byte	-128
 1643 064e 84       		.byte	-124
 1644 064f 01       		.byte	1
 1645 0650 8B       		.byte	-117
 1646 0651 02       		.byte	2
 1647 0652 8F       		.byte	-113
 1648 0653 01       		.byte	1
 1649 0654 95       		.byte	-107
 1650 0655 02       		.byte	2
 1651 0656 96       		.byte	-106
 1652 0657 01       		.byte	1
 1653 0658 98       		.byte	-104
ARM GAS  C:\Users\CALEBW~1\AppData\Local\Temp\ccYyfbNi.s 			page 30


 1654 0659 02       		.byte	2
 1655 065a 99       		.byte	-103
 1656 065b 02       		.byte	2
 1657 065c A1       		.byte	-95
 1658 065d 04       		.byte	4
 1659 065e A2       		.byte	-94
 1660 065f 04       		.byte	4
 1661 0660 A6       		.byte	-90
 1662 0661 01       		.byte	1
 1663 0662 AE       		.byte	-82
 1664 0663 02       		.byte	2
 1665 0664 B0       		.byte	-80
 1666 0665 01       		.byte	1
 1667 0666 B2       		.byte	-78
 1668 0667 04       		.byte	4
 1669 0668 B3       		.byte	-77
 1670 0669 02       		.byte	2
 1671 066a B4       		.byte	-76
 1672 066b 02       		.byte	2
 1673 066c B5       		.byte	-75
 1674 066d 01       		.byte	1
 1675 066e B7       		.byte	-73
 1676 066f 04       		.byte	4
 1677 0670 BE       		.byte	-66
 1678 0671 11       		.byte	17
 1679 0672 BF       		.byte	-65
 1680 0673 44       		.byte	68
 1681 0674 C0       		.byte	-64
 1682 0675 62       		.byte	98
 1683 0676 C1       		.byte	-63
 1684 0677 03       		.byte	3
 1685 0678 C5       		.byte	-59
 1686 0679 40       		.byte	64
 1687 067a C6       		.byte	-58
 1688 067b C2       		.byte	-62
 1689 067c C7       		.byte	-57
 1690 067d 3E       		.byte	62
 1691 067e C8       		.byte	-56
 1692 067f 3E       		.byte	62
 1693 0680 C9       		.byte	-55
 1694 0681 FF       		.byte	-1
 1695 0682 CA       		.byte	-54
 1696 0683 FF       		.byte	-1
 1697 0684 CB       		.byte	-53
 1698 0685 FF       		.byte	-1
 1699 0686 CD       		.byte	-51
 1700 0687 AF       		.byte	-81
 1701 0688 CE       		.byte	-50
 1702 0689 07       		.byte	7
 1703 068a CF       		.byte	-49
 1704 068b 01       		.byte	1
 1705 068c D0       		.byte	-48
 1706 068d 18       		.byte	24
 1707 068e D4       		.byte	-44
 1708 068f 0F       		.byte	15
 1709 0690 D8       		.byte	-40
 1710 0691 04       		.byte	4
ARM GAS  C:\Users\CALEBW~1\AppData\Local\Temp\ccYyfbNi.s 			page 31


 1711 0692 D9       		.byte	-39
 1712 0693 04       		.byte	4
 1713 0694 DA       		.byte	-38
 1714 0695 04       		.byte	4
 1715 0696 DB       		.byte	-37
 1716 0697 04       		.byte	4
 1717 0698 DF       		.byte	-33
 1718 0699 01       		.byte	1
 1719 069a E0       		.byte	-32
 1720 069b 40       		.byte	64
 1721 069c E2       		.byte	-30
 1722 069d 80       		.byte	-128
 1723 069e E4       		.byte	-28
 1724 069f 40       		.byte	64
 1725 06a0 E5       		.byte	-27
 1726 06a1 40       		.byte	64
 1727 06a2 E6       		.byte	-26
 1728 06a3 80       		.byte	-128
 1729 06a4 E8       		.byte	-24
 1730 06a5 40       		.byte	64
 1731 06a6 EA       		.byte	-22
 1732 06a7 80       		.byte	-128
 1733 06a8 EC       		.byte	-20
 1734 06a9 40       		.byte	64
 1735 06aa ED       		.byte	-19
 1736 06ab 20       		.byte	32
 1737 06ac EE       		.byte	-18
 1738 06ad 80       		.byte	-128
 1739 06ae 01       		.byte	1
 1740 06af 8A       		.byte	-118
 1741 06b0 05       		.byte	5
 1742 06b1 04       		.byte	4
 1743 06b2 09       		.byte	9
 1744 06b3 02       		.byte	2
 1745 06b4 0A       		.byte	10
 1746 06b5 02       		.byte	2
 1747 06b6 0D       		.byte	13
 1748 06b7 20       		.byte	32
 1749 06b8 0E       		.byte	14
 1750 06b9 10       		.byte	16
 1751 06ba 11       		.byte	17
 1752 06bb 02       		.byte	2
 1753 06bc 12       		.byte	18
 1754 06bd 02       		.byte	2
 1755 06be 15       		.byte	21
 1756 06bf 01       		.byte	1
 1757 06c0 16       		.byte	22
 1758 06c1 02       		.byte	2
 1759 06c2 17       		.byte	23
 1760 06c3 04       		.byte	4
 1761 06c4 18       		.byte	24
 1762 06c5 04       		.byte	4
 1763 06c6 19       		.byte	25
 1764 06c7 08       		.byte	8
 1765 06c8 1A       		.byte	26
 1766 06c9 08       		.byte	8
 1767 06ca 1C       		.byte	28
ARM GAS  C:\Users\CALEBW~1\AppData\Local\Temp\ccYyfbNi.s 			page 32


 1768 06cb 40       		.byte	64
 1769 06cc 1D       		.byte	29
 1770 06cd 04       		.byte	4
 1771 06ce 1E       		.byte	30
 1772 06cf 04       		.byte	4
 1773 06d0 25       		.byte	37
 1774 06d1 80       		.byte	-128
 1775 06d2 26       		.byte	38
 1776 06d3 20       		.byte	32
 1777 06d4 27       		.byte	39
 1778 06d5 20       		.byte	32
 1779 06d6 2C       		.byte	44
 1780 06d7 40       		.byte	64
 1781 06d8 34       		.byte	52
 1782 06d9 20       		.byte	32
 1783 06da 35       		.byte	53
 1784 06db 04       		.byte	4
 1785 06dc 3E       		.byte	62
 1786 06dd 10       		.byte	16
 1787 06de 3F       		.byte	63
 1788 06df 80       		.byte	-128
 1789 06e0 40       		.byte	64
 1790 06e1 24       		.byte	36
 1791 06e2 43       		.byte	67
 1792 06e3 0C       		.byte	12
 1793 06e4 47       		.byte	71
 1794 06e5 14       		.byte	20
 1795 06e6 4A       		.byte	74
 1796 06e7 04       		.byte	4
 1797 06e8 4D       		.byte	77
 1798 06e9 01       		.byte	1
 1799 06ea 4E       		.byte	78
 1800 06eb 04       		.byte	4
 1801 06ec 56       		.byte	86
 1802 06ed 2A       		.byte	42
 1803 06ee 57       		.byte	87
 1804 06ef C1       		.byte	-63
 1805 06f0 5C       		.byte	92
 1806 06f1 40       		.byte	64
 1807 06f2 5D       		.byte	93
 1808 06f3 0A       		.byte	10
 1809 06f4 5F       		.byte	95
 1810 06f5 20       		.byte	32
 1811 06f6 84       		.byte	-124
 1812 06f7 40       		.byte	64
 1813 06f8 85       		.byte	-123
 1814 06f9 80       		.byte	-128
 1815 06fa 92       		.byte	-110
 1816 06fb 12       		.byte	18
 1817 06fc 95       		.byte	-107
 1818 06fd 01       		.byte	1
 1819 06fe 96       		.byte	-106
 1820 06ff 04       		.byte	4
 1821 0700 99       		.byte	-103
 1822 0701 82       		.byte	-126
 1823 0702 9B       		.byte	-101
 1824 0703 10       		.byte	16
ARM GAS  C:\Users\CALEBW~1\AppData\Local\Temp\ccYyfbNi.s 			page 33


 1825 0704 9D       		.byte	-99
 1826 0705 0C       		.byte	12
 1827 0706 9E       		.byte	-98
 1828 0707 28       		.byte	40
 1829 0708 A1       		.byte	-95
 1830 0709 23       		.byte	35
 1831 070a A2       		.byte	-94
 1832 070b 06       		.byte	6
 1833 070c A3       		.byte	-93
 1834 070d 08       		.byte	8
 1835 070e A6       		.byte	-90
 1836 070f 20       		.byte	32
 1837 0710 A7       		.byte	-89
 1838 0711 81       		.byte	-127
 1839 0712 C0       		.byte	-64
 1840 0713 2D       		.byte	45
 1841 0714 C2       		.byte	-62
 1842 0715 69       		.byte	105
 1843 0716 C4       		.byte	-60
 1844 0717 B9       		.byte	-71
 1845 0718 CA       		.byte	-54
 1846 0719 80       		.byte	-128
 1847 071a CC       		.byte	-52
 1848 071b 60       		.byte	96
 1849 071c CE       		.byte	-50
 1850 071d 30       		.byte	48
 1851 071e D0       		.byte	-48
 1852 071f 66       		.byte	102
 1853 0720 D2       		.byte	-46
 1854 0721 24       		.byte	36
 1855 0722 D6       		.byte	-42
 1856 0723 F0       		.byte	-16
 1857 0724 32       		.byte	50
 1858 0725 40       		.byte	64
 1859 0726 33       		.byte	51
 1860 0727 01       		.byte	1
 1861 0728 36       		.byte	54
 1862 0729 40       		.byte	64
 1863 072a CC       		.byte	-52
 1864 072b 70       		.byte	112
 1865 072c 01       		.byte	1
 1866 072d 08       		.byte	8
 1867 072e 04       		.byte	4
 1868 072f 08       		.byte	8
 1869 0730 81       		.byte	-127
 1870 0731 04       		.byte	4
 1871 0732 96       		.byte	-106
 1872 0733 80       		.byte	-128
 1873 0734 9F       		.byte	-97
 1874 0735 01       		.byte	1
 1875 0736 A6       		.byte	-90
 1876 0737 40       		.byte	64
 1877 0738 C0       		.byte	-64
 1878 0739 30       		.byte	48
 1879 073a E6       		.byte	-26
 1880 073b 80       		.byte	-128
 1881 073c 59       		.byte	89
ARM GAS  C:\Users\CALEBW~1\AppData\Local\Temp\ccYyfbNi.s 			page 34


 1882 073d 04       		.byte	4
 1883 073e 61       		.byte	97
 1884 073f 04       		.byte	4
 1885 0740 96       		.byte	-106
 1886 0741 80       		.byte	-128
 1887 0742 99       		.byte	-103
 1888 0743 04       		.byte	4
 1889 0744 9F       		.byte	-97
 1890 0745 01       		.byte	1
 1891 0746 A6       		.byte	-90
 1892 0747 40       		.byte	64
 1893 0748 A8       		.byte	-88
 1894 0749 04       		.byte	4
 1895 074a A9       		.byte	-87
 1896 074b 08       		.byte	8
 1897 074c D6       		.byte	-42
 1898 074d 40       		.byte	64
 1899 074e D8       		.byte	-40
 1900 074f 40       		.byte	64
 1901 0750 EC       		.byte	-20
 1902 0751 A0       		.byte	-96
 1903 0752 1B       		.byte	27
 1904 0753 01       		.byte	1
 1905 0754 1F       		.byte	31
 1906 0755 02       		.byte	2
 1907 0756 65       		.byte	101
 1908 0757 04       		.byte	4
 1909 0758 96       		.byte	-106
 1910 0759 80       		.byte	-128
 1911 075a 99       		.byte	-103
 1912 075b 04       		.byte	4
 1913 075c 9F       		.byte	-97
 1914 075d 01       		.byte	1
 1915 075e A6       		.byte	-90
 1916 075f 40       		.byte	64
 1917 0760 C6       		.byte	-58
 1918 0761 30       		.byte	48
 1919 0762 D8       		.byte	-40
 1920 0763 80       		.byte	-128
 1921 0764 01       		.byte	1
 1922 0765 20       		.byte	32
 1923 0766 06       		.byte	6
 1924 0767 20       		.byte	32
 1925 0768 58       		.byte	88
 1926 0769 10       		.byte	16
 1927 076a C0       		.byte	-64
 1928 076b 06       		.byte	6
 1929 076c D4       		.byte	-44
 1930 076d 01       		.byte	1
 1931 076e 57       		.byte	87
 1932 076f 08       		.byte	8
 1933 0770 87       		.byte	-121
 1934 0771 01       		.byte	1
 1935 0772 9C       		.byte	-100
 1936 0773 10       		.byte	16
 1937 0774 B1       		.byte	-79
 1938 0775 20       		.byte	32
ARM GAS  C:\Users\CALEBW~1\AppData\Local\Temp\ccYyfbNi.s 			page 35


 1939 0776 B2       		.byte	-78
 1940 0777 20       		.byte	32
 1941 0778 D4       		.byte	-44
 1942 0779 02       		.byte	2
 1943 077a EA       		.byte	-22
 1944 077b 04       		.byte	4
 1945 077c EE       		.byte	-18
 1946 077d 01       		.byte	1
 1947 077e 08       		.byte	8
 1948 077f 02       		.byte	2
 1949 0780 0B       		.byte	11
 1950 0781 04       		.byte	4
 1951 0782 0F       		.byte	15
 1952 0783 40       		.byte	64
 1953 0784 88       		.byte	-120
 1954 0785 10       		.byte	16
 1955 0786 9C       		.byte	-100
 1956 0787 10       		.byte	16
 1957 0788 A3       		.byte	-93
 1958 0789 01       		.byte	1
 1959 078a B3       		.byte	-77
 1960 078b 08       		.byte	8
 1961 078c C2       		.byte	-62
 1962 078d 0E       		.byte	14
 1963 078e E0       		.byte	-32
 1964 078f 04       		.byte	4
 1965 0790 E8       		.byte	-24
 1966 0791 04       		.byte	4
 1967 0792 A3       		.byte	-93
 1968 0793 01       		.byte	1
 1969 0794 AA       		.byte	-86
 1970 0795 40       		.byte	64
 1971 0796 AE       		.byte	-82
 1972 0797 40       		.byte	64
 1973 0798 AF       		.byte	-81
 1974 0799 01       		.byte	1
 1975 079a B3       		.byte	-77
 1976 079b 02       		.byte	2
 1977 079c EA       		.byte	-22
 1978 079d 40       		.byte	64
 1979 079e EE       		.byte	-18
 1980 079f C0       		.byte	-64
 1981 07a0 63       		.byte	99
 1982 07a1 02       		.byte	2
 1983 07a2 64       		.byte	100
 1984 07a3 10       		.byte	16
 1985 07a4 84       		.byte	-124
 1986 07a5 10       		.byte	16
 1987 07a6 87       		.byte	-121
 1988 07a7 01       		.byte	1
 1989 07a8 A3       		.byte	-93
 1990 07a9 01       		.byte	1
 1991 07aa D6       		.byte	-42
 1992 07ab 40       		.byte	64
 1993 07ac D8       		.byte	-40
 1994 07ad 80       		.byte	-128
 1995 07ae E4       		.byte	-28
ARM GAS  C:\Users\CALEBW~1\AppData\Local\Temp\ccYyfbNi.s 			page 36


 1996 07af 10       		.byte	16
 1997 07b0 E6       		.byte	-26
 1998 07b1 40       		.byte	64
 1999 07b2 5E       		.byte	94
 2000 07b3 01       		.byte	1
 2001 07b4 63       		.byte	99
 2002 07b5 02       		.byte	2
 2003 07b6 92       		.byte	-110
 2004 07b7 01       		.byte	1
 2005 07b8 A3       		.byte	-93
 2006 07b9 01       		.byte	1
 2007 07ba A8       		.byte	-88
 2008 07bb 02       		.byte	2
 2009 07bc AF       		.byte	-81
 2010 07bd 44       		.byte	68
 2011 07be B2       		.byte	-78
 2012 07bf 01       		.byte	1
 2013 07c0 D6       		.byte	-42
 2014 07c1 03       		.byte	3
 2015 07c2 EC       		.byte	-20
 2016 07c3 01       		.byte	1
 2017 07c4 00       		.byte	0
 2018 07c5 01       		.byte	1
 2019 07c6 08       		.byte	8
 2020 07c7 01       		.byte	1
 2021 07c8 0C       		.byte	12
 2022 07c9 01       		.byte	1
 2023 07ca 0E       		.byte	14
 2024 07cb 01       		.byte	1
 2025 07cc 10       		.byte	16
 2026 07cd 01       		.byte	1
 2027 07ce 1C       		.byte	28
 2028 07cf 01       		.byte	1
 2029 07d0 00       		.byte	0
 2030 07d1 2A       		.byte	42
 2031 07d2 00       		.byte	0
 2032 07d3 00       		.byte	0
 2033 07d4 03       		.byte	3
 2034 07d5 00       		.byte	0
 2035 07d6 00       		.byte	0
 2036 07d7 00       		.byte	0
 2037 07d8 00       		.byte	0
 2038 07d9 00       		.byte	0
 2039 07da 00       		.byte	0
 2040 07db 00       		.byte	0
 2041 07dc 40       		.byte	64
 2042 07dd 00       		.byte	0
 2043 07de 00       		.byte	0
 2044 07df 10       		.byte	16
 2045 07e0 10       		.byte	16
 2046 07e1 00       		.byte	0
 2047 07e2 10       		.byte	16
 2048 07e3 00       		.byte	0
 2049 07e4 C0       		.byte	-64
 2050 07e5 00       		.byte	0
 2051 07e6 00       		.byte	0
 2052 07e7 00       		.byte	0
ARM GAS  C:\Users\CALEBW~1\AppData\Local\Temp\ccYyfbNi.s 			page 37


 2053 07e8 00       		.byte	0
 2054 07e9 CB       		.byte	-53
 2055 07ea CB       		.byte	-53
 2056 07eb 00       		.byte	0
 2057 07ec C0       		.byte	-64
 2058 07ed 00       		.byte	0
 2059 07ee 00       		.byte	0
 2060 07ef 00       		.byte	0
 2061 07f0 06       		.byte	6
 2062 07f1 01       		.byte	1
 2063 07f2 01       		.byte	1
 2064 07f3 00       		.byte	0
 2065 07f4 01       		.byte	1
 2066 07f5 00       		.byte	0
 2067 07f6 00       		.byte	0
 2068 07f7 00       		.byte	0
 2069 07f8 00       		.byte	0
 2070 07f9 30       		.byte	48
 2071 07fa 30       		.byte	48
 2072 07fb 00       		.byte	0
 2073 07fc 30       		.byte	48
 2074 07fd 00       		.byte	0
 2075 07fe 00       		.byte	0
 2076 07ff 00       		.byte	0
 2077              		.section	.cywolatch,"a",%progbits
 2078              		.align	2
 2079              		.type	cy_meta_wonvl, %object
 2080              		.size	cy_meta_wonvl, 4
 2081              	cy_meta_wonvl:
 2082 0000 BC       		.byte	-68
 2083 0001 90       		.byte	-112
 2084 0002 AC       		.byte	-84
 2085 0003 AF       		.byte	-81
 2086              		.section	.cycustnvl,"a",%progbits
 2087              		.align	2
 2088              		.type	cy_meta_custnvl, %object
 2089              		.size	cy_meta_custnvl, 4
 2090              	cy_meta_custnvl:
 2091 0000 00       		.byte	0
 2092 0001 00       		.byte	0
 2093 0002 40       		.byte	64
 2094 0003 05       		.byte	5
 2095              		.section	.cymeta,"a",%progbits
 2096              		.align	2
 2097              		.type	cy_metadata, %object
 2098              		.size	cy_metadata, 12
 2099              	cy_metadata:
 2100 0000 00       		.byte	0
 2101 0001 01       		.byte	1
 2102 0002 2E       		.byte	46
 2103 0003 16       		.byte	22
 2104 0004 10       		.byte	16
 2105 0005 69       		.byte	105
 2106 0006 00       		.byte	0
 2107 0007 01       		.byte	1
 2108 0008 00       		.byte	0
 2109 0009 00       		.byte	0
ARM GAS  C:\Users\CALEBW~1\AppData\Local\Temp\ccYyfbNi.s 			page 38


 2110 000a 00       		.byte	0
 2111 000b 00       		.byte	0
 2112              		.section	.cyflashprotect,"a",%progbits
 2113              		.align	2
 2114              		.type	cy_meta_flashprotect, %object
 2115              		.size	cy_meta_flashprotect, 256
 2116              	cy_meta_flashprotect:
 2117 0000 00000000 		.space	256
 2117      00000000 
 2117      00000000 
 2117      00000000 
 2117      00000000 
 2118              		.text
 2119              	.Letext0:
 2120              		.file 1 "c:\\program files (x86)\\cypress\\psoc creator\\4.4\\psoc creator\\import\\gnu\\arm\\5.4.
 2121              		.file 2 "c:\\program files (x86)\\cypress\\psoc creator\\4.4\\psoc creator\\import\\gnu\\arm\\5.4.
 2122              		.file 3 "Generated_Source\\PSoC5\\cymetadata.c"
 2123              		.section	.debug_info,"",%progbits
 2124              	.Ldebug_info0:
 2125 0000 35010000 		.4byte	0x135
 2126 0004 0400     		.2byte	0x4
 2127 0006 00000000 		.4byte	.Ldebug_abbrev0
 2128 000a 04       		.byte	0x4
 2129 000b 01       		.uleb128 0x1
 2130 000c 24000000 		.4byte	.LASF17
 2131 0010 0C       		.byte	0xc
 2132 0011 CB010000 		.4byte	.LASF18
 2133 0015 B2000000 		.4byte	.LASF19
 2134 0019 00000000 		.4byte	.Ldebug_line0
 2135 001d 02       		.uleb128 0x2
 2136 001e 01       		.byte	0x1
 2137 001f 06       		.byte	0x6
 2138 0020 BF010000 		.4byte	.LASF0
 2139 0024 03       		.uleb128 0x3
 2140 0025 00000000 		.4byte	.LASF9
 2141 0029 01       		.byte	0x1
 2142 002a 1D       		.byte	0x1d
 2143 002b 2F000000 		.4byte	0x2f
 2144 002f 02       		.uleb128 0x2
 2145 0030 01       		.byte	0x1
 2146 0031 08       		.byte	0x8
 2147 0032 16000000 		.4byte	.LASF1
 2148 0036 02       		.uleb128 0x2
 2149 0037 02       		.byte	0x2
 2150 0038 05       		.byte	0x5
 2151 0039 AC010000 		.4byte	.LASF2
 2152 003d 02       		.uleb128 0x2
 2153 003e 02       		.byte	0x2
 2154 003f 07       		.byte	0x7
 2155 0040 11010000 		.4byte	.LASF3
 2156 0044 02       		.uleb128 0x2
 2157 0045 04       		.byte	0x4
 2158 0046 05       		.byte	0x5
 2159 0047 B6010000 		.4byte	.LASF4
 2160 004b 02       		.uleb128 0x2
 2161 004c 04       		.byte	0x4
 2162 004d 07       		.byte	0x7
ARM GAS  C:\Users\CALEBW~1\AppData\Local\Temp\ccYyfbNi.s 			page 39


 2163 004e FF000000 		.4byte	.LASF5
 2164 0052 02       		.uleb128 0x2
 2165 0053 08       		.byte	0x8
 2166 0054 05       		.byte	0x5
 2167 0055 9E010000 		.4byte	.LASF6
 2168 0059 02       		.uleb128 0x2
 2169 005a 08       		.byte	0x8
 2170 005b 07       		.byte	0x7
 2171 005c 53010000 		.4byte	.LASF7
 2172 0060 04       		.uleb128 0x4
 2173 0061 04       		.byte	0x4
 2174 0062 05       		.byte	0x5
 2175 0063 696E7400 		.ascii	"int\000"
 2176 0067 02       		.uleb128 0x2
 2177 0068 04       		.byte	0x4
 2178 0069 07       		.byte	0x7
 2179 006a 46010000 		.4byte	.LASF8
 2180 006e 03       		.uleb128 0x3
 2181 006f 6A010000 		.4byte	.LASF10
 2182 0073 02       		.byte	0x2
 2183 0074 18       		.byte	0x18
 2184 0075 24000000 		.4byte	0x24
 2185 0079 05       		.uleb128 0x5
 2186 007a 91000000 		.4byte	0x91
 2187 007e 8A000000 		.4byte	0x8a
 2188 0082 06       		.uleb128 0x6
 2189 0083 8A000000 		.4byte	0x8a
 2190 0087 FF07     		.2byte	0x7ff
 2191 0089 00       		.byte	0
 2192 008a 02       		.uleb128 0x2
 2193 008b 04       		.byte	0x4
 2194 008c 07       		.byte	0x7
 2195 008d 95010000 		.4byte	.LASF11
 2196 0091 07       		.uleb128 0x7
 2197 0092 6E000000 		.4byte	0x6e
 2198 0096 08       		.uleb128 0x8
 2199 0097 34010000 		.4byte	.LASF12
 2200 009b 03       		.byte	0x3
 2201 009c 1F       		.byte	0x1f
 2202 009d A7000000 		.4byte	0xa7
 2203 00a1 05       		.uleb128 0x5
 2204 00a2 03       		.byte	0x3
 2205 00a3 00000000 		.4byte	cy_meta_configecc
 2206 00a7 07       		.uleb128 0x7
 2207 00a8 79000000 		.4byte	0x79
 2208 00ac 05       		.uleb128 0x5
 2209 00ad 91000000 		.4byte	0x91
 2210 00b1 BC000000 		.4byte	0xbc
 2211 00b5 09       		.uleb128 0x9
 2212 00b6 8A000000 		.4byte	0x8a
 2213 00ba 03       		.byte	0x3
 2214 00bb 00       		.byte	0
 2215 00bc 0A       		.uleb128 0xa
 2216 00bd 24010000 		.4byte	.LASF13
 2217 00c1 03       		.byte	0x3
 2218 00c2 2C01     		.2byte	0x12c
 2219 00c4 CE000000 		.4byte	0xce
ARM GAS  C:\Users\CALEBW~1\AppData\Local\Temp\ccYyfbNi.s 			page 40


 2220 00c8 05       		.uleb128 0x5
 2221 00c9 03       		.byte	0x3
 2222 00ca 00000000 		.4byte	cy_meta_custnvl
 2223 00ce 07       		.uleb128 0x7
 2224 00cf AC000000 		.4byte	0xac
 2225 00d3 0A       		.uleb128 0xa
 2226 00d4 87010000 		.4byte	.LASF14
 2227 00d8 03       		.byte	0x3
 2228 00d9 3A01     		.2byte	0x13a
 2229 00db E5000000 		.4byte	0xe5
 2230 00df 05       		.uleb128 0x5
 2231 00e0 03       		.byte	0x3
 2232 00e1 00000000 		.4byte	cy_meta_wonvl
 2233 00e5 07       		.uleb128 0x7
 2234 00e6 AC000000 		.4byte	0xac
 2235 00ea 05       		.uleb128 0x5
 2236 00eb 91000000 		.4byte	0x91
 2237 00ef FA000000 		.4byte	0xfa
 2238 00f3 09       		.uleb128 0x9
 2239 00f4 8A000000 		.4byte	0x8a
 2240 00f8 FF       		.byte	0xff
 2241 00f9 00       		.byte	0
 2242 00fa 0A       		.uleb128 0xa
 2243 00fb 72010000 		.4byte	.LASF15
 2244 00ff 03       		.byte	0x3
 2245 0100 4801     		.2byte	0x148
 2246 0102 0C010000 		.4byte	0x10c
 2247 0106 05       		.uleb128 0x5
 2248 0107 03       		.byte	0x3
 2249 0108 00000000 		.4byte	cy_meta_flashprotect
 2250 010c 07       		.uleb128 0x7
 2251 010d EA000000 		.4byte	0xea
 2252 0111 05       		.uleb128 0x5
 2253 0112 91000000 		.4byte	0x91
 2254 0116 21010000 		.4byte	0x121
 2255 011a 09       		.uleb128 0x9
 2256 011b 8A000000 		.4byte	0x8a
 2257 011f 0B       		.byte	0xb
 2258 0120 00       		.byte	0
 2259 0121 0A       		.uleb128 0xa
 2260 0122 0A000000 		.4byte	.LASF16
 2261 0126 03       		.byte	0x3
 2262 0127 7501     		.2byte	0x175
 2263 0129 33010000 		.4byte	0x133
 2264 012d 05       		.uleb128 0x5
 2265 012e 03       		.byte	0x3
 2266 012f 00000000 		.4byte	cy_metadata
 2267 0133 07       		.uleb128 0x7
 2268 0134 11010000 		.4byte	0x111
 2269 0138 00       		.byte	0
 2270              		.section	.debug_abbrev,"",%progbits
 2271              	.Ldebug_abbrev0:
 2272 0000 01       		.uleb128 0x1
 2273 0001 11       		.uleb128 0x11
 2274 0002 01       		.byte	0x1
 2275 0003 25       		.uleb128 0x25
 2276 0004 0E       		.uleb128 0xe
ARM GAS  C:\Users\CALEBW~1\AppData\Local\Temp\ccYyfbNi.s 			page 41


 2277 0005 13       		.uleb128 0x13
 2278 0006 0B       		.uleb128 0xb
 2279 0007 03       		.uleb128 0x3
 2280 0008 0E       		.uleb128 0xe
 2281 0009 1B       		.uleb128 0x1b
 2282 000a 0E       		.uleb128 0xe
 2283 000b 10       		.uleb128 0x10
 2284 000c 17       		.uleb128 0x17
 2285 000d 00       		.byte	0
 2286 000e 00       		.byte	0
 2287 000f 02       		.uleb128 0x2
 2288 0010 24       		.uleb128 0x24
 2289 0011 00       		.byte	0
 2290 0012 0B       		.uleb128 0xb
 2291 0013 0B       		.uleb128 0xb
 2292 0014 3E       		.uleb128 0x3e
 2293 0015 0B       		.uleb128 0xb
 2294 0016 03       		.uleb128 0x3
 2295 0017 0E       		.uleb128 0xe
 2296 0018 00       		.byte	0
 2297 0019 00       		.byte	0
 2298 001a 03       		.uleb128 0x3
 2299 001b 16       		.uleb128 0x16
 2300 001c 00       		.byte	0
 2301 001d 03       		.uleb128 0x3
 2302 001e 0E       		.uleb128 0xe
 2303 001f 3A       		.uleb128 0x3a
 2304 0020 0B       		.uleb128 0xb
 2305 0021 3B       		.uleb128 0x3b
 2306 0022 0B       		.uleb128 0xb
 2307 0023 49       		.uleb128 0x49
 2308 0024 13       		.uleb128 0x13
 2309 0025 00       		.byte	0
 2310 0026 00       		.byte	0
 2311 0027 04       		.uleb128 0x4
 2312 0028 24       		.uleb128 0x24
 2313 0029 00       		.byte	0
 2314 002a 0B       		.uleb128 0xb
 2315 002b 0B       		.uleb128 0xb
 2316 002c 3E       		.uleb128 0x3e
 2317 002d 0B       		.uleb128 0xb
 2318 002e 03       		.uleb128 0x3
 2319 002f 08       		.uleb128 0x8
 2320 0030 00       		.byte	0
 2321 0031 00       		.byte	0
 2322 0032 05       		.uleb128 0x5
 2323 0033 01       		.uleb128 0x1
 2324 0034 01       		.byte	0x1
 2325 0035 49       		.uleb128 0x49
 2326 0036 13       		.uleb128 0x13
 2327 0037 01       		.uleb128 0x1
 2328 0038 13       		.uleb128 0x13
 2329 0039 00       		.byte	0
 2330 003a 00       		.byte	0
 2331 003b 06       		.uleb128 0x6
 2332 003c 21       		.uleb128 0x21
 2333 003d 00       		.byte	0
ARM GAS  C:\Users\CALEBW~1\AppData\Local\Temp\ccYyfbNi.s 			page 42


 2334 003e 49       		.uleb128 0x49
 2335 003f 13       		.uleb128 0x13
 2336 0040 2F       		.uleb128 0x2f
 2337 0041 05       		.uleb128 0x5
 2338 0042 00       		.byte	0
 2339 0043 00       		.byte	0
 2340 0044 07       		.uleb128 0x7
 2341 0045 26       		.uleb128 0x26
 2342 0046 00       		.byte	0
 2343 0047 49       		.uleb128 0x49
 2344 0048 13       		.uleb128 0x13
 2345 0049 00       		.byte	0
 2346 004a 00       		.byte	0
 2347 004b 08       		.uleb128 0x8
 2348 004c 34       		.uleb128 0x34
 2349 004d 00       		.byte	0
 2350 004e 03       		.uleb128 0x3
 2351 004f 0E       		.uleb128 0xe
 2352 0050 3A       		.uleb128 0x3a
 2353 0051 0B       		.uleb128 0xb
 2354 0052 3B       		.uleb128 0x3b
 2355 0053 0B       		.uleb128 0xb
 2356 0054 49       		.uleb128 0x49
 2357 0055 13       		.uleb128 0x13
 2358 0056 3F       		.uleb128 0x3f
 2359 0057 19       		.uleb128 0x19
 2360 0058 02       		.uleb128 0x2
 2361 0059 18       		.uleb128 0x18
 2362 005a 00       		.byte	0
 2363 005b 00       		.byte	0
 2364 005c 09       		.uleb128 0x9
 2365 005d 21       		.uleb128 0x21
 2366 005e 00       		.byte	0
 2367 005f 49       		.uleb128 0x49
 2368 0060 13       		.uleb128 0x13
 2369 0061 2F       		.uleb128 0x2f
 2370 0062 0B       		.uleb128 0xb
 2371 0063 00       		.byte	0
 2372 0064 00       		.byte	0
 2373 0065 0A       		.uleb128 0xa
 2374 0066 34       		.uleb128 0x34
 2375 0067 00       		.byte	0
 2376 0068 03       		.uleb128 0x3
 2377 0069 0E       		.uleb128 0xe
 2378 006a 3A       		.uleb128 0x3a
 2379 006b 0B       		.uleb128 0xb
 2380 006c 3B       		.uleb128 0x3b
 2381 006d 05       		.uleb128 0x5
 2382 006e 49       		.uleb128 0x49
 2383 006f 13       		.uleb128 0x13
 2384 0070 3F       		.uleb128 0x3f
 2385 0071 19       		.uleb128 0x19
 2386 0072 02       		.uleb128 0x2
 2387 0073 18       		.uleb128 0x18
 2388 0074 00       		.byte	0
 2389 0075 00       		.byte	0
 2390 0076 00       		.byte	0
ARM GAS  C:\Users\CALEBW~1\AppData\Local\Temp\ccYyfbNi.s 			page 43


 2391              		.section	.debug_aranges,"",%progbits
 2392 0000 14000000 		.4byte	0x14
 2393 0004 0200     		.2byte	0x2
 2394 0006 00000000 		.4byte	.Ldebug_info0
 2395 000a 04       		.byte	0x4
 2396 000b 00       		.byte	0
 2397 000c 0000     		.2byte	0
 2398 000e 0000     		.2byte	0
 2399 0010 00000000 		.4byte	0
 2400 0014 00000000 		.4byte	0
 2401              		.section	.debug_line,"",%progbits
 2402              	.Ldebug_line0:
 2403 0000 3D010000 		.section	.debug_str,"MS",%progbits,1
 2403      02003701 
 2403      00000201 
 2403      FB0E0D00 
 2403      01010101 
 2404              	.LASF9:
 2405 0000 5F5F7569 		.ascii	"__uint8_t\000"
 2405      6E74385F 
 2405      7400
 2406              	.LASF16:
 2407 000a 63795F6D 		.ascii	"cy_metadata\000"
 2407      65746164 
 2407      61746100 
 2408              	.LASF1:
 2409 0016 756E7369 		.ascii	"unsigned char\000"
 2409      676E6564 
 2409      20636861 
 2409      7200
 2410              	.LASF17:
 2411 0024 474E5520 		.ascii	"GNU C11 5.4.1 20160609 (release) [ARM/embedded-5-br"
 2411      43313120 
 2411      352E342E 
 2411      31203230 
 2411      31363036 
 2412 0057 616E6368 		.ascii	"anch revision 237715] -mcpu=cortex-m3 -mthumb -g -O"
 2412      20726576 
 2412      6973696F 
 2412      6E203233 
 2412      37373135 
 2413 008a 67202D66 		.ascii	"g -ffunction-sections -ffat-lto-objects\000"
 2413      66756E63 
 2413      74696F6E 
 2413      2D736563 
 2413      74696F6E 
 2414              	.LASF19:
 2415 00b2 433A5C55 		.ascii	"C:\\Users\\Caleb Wong\\Documents\\COMPSYS 301\\HWta"
 2415      73657273 
 2415      5C43616C 
 2415      65622057 
 2415      6F6E675C 
 2416 00e0 736B5C48 		.ascii	"sk\\Hardware_task\\hwTask2.cydsn\000"
 2416      61726477 
 2416      6172655F 
 2416      7461736B 
 2416      5C687754 
ARM GAS  C:\Users\CALEBW~1\AppData\Local\Temp\ccYyfbNi.s 			page 44


 2417              	.LASF5:
 2418 00ff 6C6F6E67 		.ascii	"long unsigned int\000"
 2418      20756E73 
 2418      69676E65 
 2418      6420696E 
 2418      7400
 2419              	.LASF3:
 2420 0111 73686F72 		.ascii	"short unsigned int\000"
 2420      7420756E 
 2420      7369676E 
 2420      65642069 
 2420      6E7400
 2421              	.LASF13:
 2422 0124 63795F6D 		.ascii	"cy_meta_custnvl\000"
 2422      6574615F 
 2422      63757374 
 2422      6E766C00 
 2423              	.LASF12:
 2424 0134 63795F6D 		.ascii	"cy_meta_configecc\000"
 2424      6574615F 
 2424      636F6E66 
 2424      69676563 
 2424      6300
 2425              	.LASF8:
 2426 0146 756E7369 		.ascii	"unsigned int\000"
 2426      676E6564 
 2426      20696E74 
 2426      00
 2427              	.LASF7:
 2428 0153 6C6F6E67 		.ascii	"long long unsigned int\000"
 2428      206C6F6E 
 2428      6720756E 
 2428      7369676E 
 2428      65642069 
 2429              	.LASF10:
 2430 016a 75696E74 		.ascii	"uint8_t\000"
 2430      385F7400 
 2431              	.LASF15:
 2432 0172 63795F6D 		.ascii	"cy_meta_flashprotect\000"
 2432      6574615F 
 2432      666C6173 
 2432      6870726F 
 2432      74656374 
 2433              	.LASF14:
 2434 0187 63795F6D 		.ascii	"cy_meta_wonvl\000"
 2434      6574615F 
 2434      776F6E76 
 2434      6C00
 2435              	.LASF11:
 2436 0195 73697A65 		.ascii	"sizetype\000"
 2436      74797065 
 2436      00
 2437              	.LASF6:
 2438 019e 6C6F6E67 		.ascii	"long long int\000"
 2438      206C6F6E 
 2438      6720696E 
 2438      7400
ARM GAS  C:\Users\CALEBW~1\AppData\Local\Temp\ccYyfbNi.s 			page 45


 2439              	.LASF2:
 2440 01ac 73686F72 		.ascii	"short int\000"
 2440      7420696E 
 2440      7400
 2441              	.LASF4:
 2442 01b6 6C6F6E67 		.ascii	"long int\000"
 2442      20696E74 
 2442      00
 2443              	.LASF0:
 2444 01bf 7369676E 		.ascii	"signed char\000"
 2444      65642063 
 2444      68617200 
 2445              	.LASF18:
 2446 01cb 47656E65 		.ascii	"Generated_Source\\PSoC5\\cymetadata.c\000"
 2446      72617465 
 2446      645F536F 
 2446      75726365 
 2446      5C50536F 
 2447              		.ident	"GCC: (GNU Tools for ARM Embedded Processors) 5.4.1 20160609 (release) [ARM/embedded-5-bran
