ARM GAS  C:\Users\dulan\AppData\Local\Temp\cciig9yt.s 			page 1


   1              		.syntax unified
   2              		.cpu cortex-m3
   3              		.fpu softvfp
   4              		.eabi_attribute 20, 1
   5              		.eabi_attribute 21, 1
   6              		.eabi_attribute 23, 3
   7              		.eabi_attribute 24, 1
   8              		.eabi_attribute 25, 1
   9              		.eabi_attribute 26, 1
  10              		.eabi_attribute 30, 1
  11              		.eabi_attribute 34, 1
  12              		.eabi_attribute 18, 4
  13              		.thumb
  14              		.syntax unified
  15              		.file	"cymetadata.c"
  16              		.text
  17              	.Ltext0:
  18              		.cfi_sections	.debug_frame
  19              		.global	cy_metadata
  20              		.global	cy_meta_flashprotect
  21              		.global	cy_meta_wonvl
  22              		.global	cy_meta_custnvl
  23              		.global	cy_meta_configecc
  24              		.section	.cyconfigecc,"a",%progbits
  25              		.align	2
  26              		.type	cy_meta_configecc, %object
  27              		.size	cy_meta_configecc, 2120
  28              	cy_meta_configecc:
  29 0000 06       		.byte	6
  30 0001 4F       		.byte	79
  31 0002 00       		.byte	0
  32 0003 40       		.byte	64
  33 0004 08       		.byte	8
  34 0005 52       		.byte	82
  35 0006 00       		.byte	0
  36 0007 40       		.byte	64
  37 0008 04       		.byte	4
  38 0009 64       		.byte	100
  39 000a 00       		.byte	0
  40 000b 40       		.byte	64
  41 000c 02       		.byte	2
  42 000d 65       		.byte	101
  43 000e 00       		.byte	0
  44 000f 40       		.byte	64
  45 0010 39       		.byte	57
  46 0011 00       		.byte	0
  47 0012 01       		.byte	1
  48 0013 40       		.byte	64
  49 0014 26       		.byte	38
  50 0015 01       		.byte	1
  51 0016 01       		.byte	1
  52 0017 40       		.byte	64
  53 0018 52       		.byte	82
  54 0019 02       		.byte	2
  55 001a 01       		.byte	1
  56 001b 40       		.byte	64
  57 001c 41       		.byte	65
ARM GAS  C:\Users\dulan\AppData\Local\Temp\cciig9yt.s 			page 2


  58 001d 03       		.byte	3
  59 001e 01       		.byte	1
  60 001f 40       		.byte	64
  61 0020 48       		.byte	72
  62 0021 04       		.byte	4
  63 0022 01       		.byte	1
  64 0023 40       		.byte	64
  65 0024 45       		.byte	69
  66 0025 05       		.byte	5
  67 0026 01       		.byte	1
  68 0027 40       		.byte	64
  69 0028 43       		.byte	67
  70 0029 06       		.byte	6
  71 002a 01       		.byte	1
  72 002b 40       		.byte	64
  73 002c 49       		.byte	73
  74 002d 07       		.byte	7
  75 002e 01       		.byte	1
  76 002f 40       		.byte	64
  77 0030 01       		.byte	1
  78 0031 0B       		.byte	11
  79 0032 01       		.byte	1
  80 0033 40       		.byte	64
  81 0034 02       		.byte	2
  82 0035 0D       		.byte	13
  83 0036 01       		.byte	1
  84 0037 40       		.byte	64
  85 0038 02       		.byte	2
  86 0039 0F       		.byte	15
  87 003a 01       		.byte	1
  88 003b 40       		.byte	64
  89 003c 63       		.byte	99
  90 003d 14       		.byte	20
  91 003e 01       		.byte	1
  92 003f 40       		.byte	64
  93 0040 43       		.byte	67
  94 0041 15       		.byte	21
  95 0042 01       		.byte	1
  96 0043 40       		.byte	64
  97 0044 47       		.byte	71
  98 0045 16       		.byte	22
  99 0046 01       		.byte	1
 100 0047 40       		.byte	64
 101 0048 3C       		.byte	60
 102 0049 17       		.byte	23
 103 004a 01       		.byte	1
 104 004b 40       		.byte	64
 105 004c 01       		.byte	1
 106 004d 19       		.byte	25
 107 004e 01       		.byte	1
 108 004f 40       		.byte	64
 109 0050 03       		.byte	3
 110 0051 40       		.byte	64
 111 0052 01       		.byte	1
 112 0053 40       		.byte	64
 113 0054 13       		.byte	19
 114 0055 41       		.byte	65
ARM GAS  C:\Users\dulan\AppData\Local\Temp\cciig9yt.s 			page 3


 115 0056 01       		.byte	1
 116 0057 40       		.byte	64
 117 0058 0C       		.byte	12
 118 0059 42       		.byte	66
 119 005a 01       		.byte	1
 120 005b 40       		.byte	64
 121 005c 13       		.byte	19
 122 005d 43       		.byte	67
 123 005e 01       		.byte	1
 124 005f 40       		.byte	64
 125 0060 08       		.byte	8
 126 0061 44       		.byte	68
 127 0062 01       		.byte	1
 128 0063 40       		.byte	64
 129 0064 05       		.byte	5
 130 0065 45       		.byte	69
 131 0066 01       		.byte	1
 132 0067 40       		.byte	64
 133 0068 07       		.byte	7
 134 0069 46       		.byte	70
 135 006a 01       		.byte	1
 136 006b 40       		.byte	64
 137 006c 02       		.byte	2
 138 006d 47       		.byte	71
 139 006e 01       		.byte	1
 140 006f 40       		.byte	64
 141 0070 10       		.byte	16
 142 0071 48       		.byte	72
 143 0072 01       		.byte	1
 144 0073 40       		.byte	64
 145 0074 08       		.byte	8
 146 0075 49       		.byte	73
 147 0076 01       		.byte	1
 148 0077 40       		.byte	64
 149 0078 09       		.byte	9
 150 0079 4C       		.byte	76
 151 007a 01       		.byte	1
 152 007b 40       		.byte	64
 153 007c 03       		.byte	3
 154 007d 4D       		.byte	77
 155 007e 01       		.byte	1
 156 007f 40       		.byte	64
 157 0080 07       		.byte	7
 158 0081 50       		.byte	80
 159 0082 01       		.byte	1
 160 0083 40       		.byte	64
 161 0084 01       		.byte	1
 162 0085 51       		.byte	81
 163 0086 01       		.byte	1
 164 0087 40       		.byte	64
 165 0088 01       		.byte	1
 166 0089 20       		.byte	32
 167 008a 0A       		.byte	10
 168 008b 1B       		.byte	27
 169 008c 0D       		.byte	13
 170 008d 20       		.byte	32
 171 008e 16       		.byte	22
ARM GAS  C:\Users\dulan\AppData\Local\Temp\cciig9yt.s 			page 4


 172 008f 1B       		.byte	27
 173 0090 19       		.byte	25
 174 0091 10       		.byte	16
 175 0092 22       		.byte	34
 176 0093 1B       		.byte	27
 177 0094 00       		.byte	0
 178 0095 01       		.byte	1
 179 0096 01       		.byte	1
 180 0097 01       		.byte	1
 181 0098 08       		.byte	8
 182 0099 C0       		.byte	-64
 183 009a 09       		.byte	9
 184 009b 80       		.byte	-128
 185 009c 60       		.byte	96
 186 009d 05       		.byte	5
 187 009e 61       		.byte	97
 188 009f 03       		.byte	3
 189 00a0 78       		.byte	120
 190 00a1 15       		.byte	21
 191 00a2 79       		.byte	121
 192 00a3 09       		.byte	9
 193 00a4 70       		.byte	112
 194 00a5 03       		.byte	3
 195 00a6 71       		.byte	113
 196 00a7 03       		.byte	3
 197 00a8 84       		.byte	-124
 198 00a9 6F       		.byte	111
 199 00aa 87       		.byte	-121
 200 00ab 0F       		.byte	15
 201 00ac 85       		.byte	-123
 202 00ad 6F       		.byte	111
 203 00ae 86       		.byte	-122
 204 00af 0F       		.byte	15
 205 00b0 00       		.byte	0
 206 00b1 04       		.byte	4
 207 00b2 02       		.byte	2
 208 00b3 08       		.byte	8
 209 00b4 03       		.byte	3
 210 00b5 02       		.byte	2
 211 00b6 04       		.byte	4
 212 00b7 08       		.byte	8
 213 00b8 06       		.byte	6
 214 00b9 04       		.byte	4
 215 00ba 07       		.byte	7
 216 00bb 08       		.byte	8
 217 00bc 08       		.byte	8
 218 00bd 10       		.byte	16
 219 00be 0A       		.byte	10
 220 00bf 20       		.byte	32
 221 00c0 10       		.byte	16
 222 00c1 02       		.byte	2
 223 00c2 14       		.byte	20
 224 00c3 04       		.byte	4
 225 00c4 16       		.byte	22
 226 00c5 08       		.byte	8
 227 00c6 17       		.byte	23
 228 00c7 04       		.byte	4
ARM GAS  C:\Users\dulan\AppData\Local\Temp\cciig9yt.s 			page 5


 229 00c8 1C       		.byte	28
 230 00c9 20       		.byte	32
 231 00ca 1E       		.byte	30
 232 00cb 10       		.byte	16
 233 00cc 24       		.byte	36
 234 00cd 10       		.byte	16
 235 00ce 26       		.byte	38
 236 00cf 20       		.byte	32
 237 00d0 27       		.byte	39
 238 00d1 01       		.byte	1
 239 00d2 28       		.byte	40
 240 00d3 04       		.byte	4
 241 00d4 2A       		.byte	42
 242 00d5 08       		.byte	8
 243 00d6 2C       		.byte	44
 244 00d7 10       		.byte	16
 245 00d8 2E       		.byte	46
 246 00d9 21       		.byte	33
 247 00da 30       		.byte	48
 248 00db 02       		.byte	2
 249 00dc 31       		.byte	49
 250 00dd 02       		.byte	2
 251 00de 32       		.byte	50
 252 00df 01       		.byte	1
 253 00e0 33       		.byte	51
 254 00e1 04       		.byte	4
 255 00e2 34       		.byte	52
 256 00e3 0C       		.byte	12
 257 00e4 35       		.byte	53
 258 00e5 01       		.byte	1
 259 00e6 36       		.byte	54
 260 00e7 30       		.byte	48
 261 00e8 37       		.byte	55
 262 00e9 08       		.byte	8
 263 00ea 3A       		.byte	58
 264 00eb A0       		.byte	-96
 265 00ec 3E       		.byte	62
 266 00ed 01       		.byte	1
 267 00ee 56       		.byte	86
 268 00ef 08       		.byte	8
 269 00f0 58       		.byte	88
 270 00f1 04       		.byte	4
 271 00f2 59       		.byte	89
 272 00f3 04       		.byte	4
 273 00f4 5B       		.byte	91
 274 00f5 04       		.byte	4
 275 00f6 5D       		.byte	93
 276 00f7 90       		.byte	-112
 277 00f8 5F       		.byte	95
 278 00f9 01       		.byte	1
 279 00fa 81       		.byte	-127
 280 00fb 04       		.byte	4
 281 00fc 95       		.byte	-107
 282 00fd 02       		.byte	2
 283 00fe 97       		.byte	-105
 284 00ff 01       		.byte	1
 285 0100 99       		.byte	-103
ARM GAS  C:\Users\dulan\AppData\Local\Temp\cciig9yt.s 			page 6


 286 0101 01       		.byte	1
 287 0102 9B       		.byte	-101
 288 0103 02       		.byte	2
 289 0104 A6       		.byte	-90
 290 0105 01       		.byte	1
 291 0106 A9       		.byte	-87
 292 0107 01       		.byte	1
 293 0108 AB       		.byte	-85
 294 0109 02       		.byte	2
 295 010a AD       		.byte	-83
 296 010b 01       		.byte	1
 297 010c AF       		.byte	-81
 298 010d 0A       		.byte	10
 299 010e B0       		.byte	-80
 300 010f 01       		.byte	1
 301 0110 B3       		.byte	-77
 302 0111 08       		.byte	8
 303 0112 B5       		.byte	-75
 304 0113 03       		.byte	3
 305 0114 B7       		.byte	-73
 306 0115 04       		.byte	4
 307 0116 BB       		.byte	-69
 308 0117 20       		.byte	32
 309 0118 BF       		.byte	-65
 310 0119 40       		.byte	64
 311 011a D8       		.byte	-40
 312 011b 04       		.byte	4
 313 011c D9       		.byte	-39
 314 011d 04       		.byte	4
 315 011e DB       		.byte	-37
 316 011f 04       		.byte	4
 317 0120 DF       		.byte	-33
 318 0121 01       		.byte	1
 319 0122 00       		.byte	0
 320 0123 14       		.byte	20
 321 0124 02       		.byte	2
 322 0125 80       		.byte	-128
 323 0126 09       		.byte	9
 324 0127 08       		.byte	8
 325 0128 0A       		.byte	10
 326 0129 82       		.byte	-126
 327 012a 10       		.byte	16
 328 012b 04       		.byte	4
 329 012c 12       		.byte	18
 330 012d 22       		.byte	34
 331 012e 16       		.byte	22
 332 012f 20       		.byte	32
 333 0130 18       		.byte	24
 334 0131 1C       		.byte	28
 335 0132 19       		.byte	25
 336 0133 46       		.byte	70
 337 0134 1A       		.byte	26
 338 0135 02       		.byte	2
 339 0136 1F       		.byte	31
 340 0137 01       		.byte	1
 341 0138 21       		.byte	33
 342 0139 0C       		.byte	12
ARM GAS  C:\Users\dulan\AppData\Local\Temp\cciig9yt.s 			page 7


 343 013a 22       		.byte	34
 344 013b A2       		.byte	-94
 345 013c 26       		.byte	38
 346 013d 40       		.byte	64
 347 013e 27       		.byte	39
 348 013f 28       		.byte	40
 349 0140 29       		.byte	41
 350 0141 04       		.byte	4
 351 0142 2E       		.byte	46
 352 0143 20       		.byte	32
 353 0144 2F       		.byte	47
 354 0145 09       		.byte	9
 355 0146 30       		.byte	48
 356 0147 04       		.byte	4
 357 0148 32       		.byte	50
 358 0149 04       		.byte	4
 359 014a 37       		.byte	55
 360 014b 28       		.byte	40
 361 014c 39       		.byte	57
 362 014d 08       		.byte	8
 363 014e 3B       		.byte	59
 364 014f 01       		.byte	1
 365 0150 3E       		.byte	62
 366 0151 02       		.byte	2
 367 0152 58       		.byte	88
 368 0153 80       		.byte	-128
 369 0154 63       		.byte	99
 370 0155 01       		.byte	1
 371 0156 68       		.byte	104
 372 0157 06       		.byte	6
 373 0158 6C       		.byte	108
 374 0159 01       		.byte	1
 375 015a 6E       		.byte	110
 376 015b 10       		.byte	16
 377 015c 88       		.byte	-120
 378 015d 06       		.byte	6
 379 015e C0       		.byte	-64
 380 015f 0E       		.byte	14
 381 0160 C2       		.byte	-62
 382 0161 0D       		.byte	13
 383 0162 C4       		.byte	-60
 384 0163 27       		.byte	39
 385 0164 CA       		.byte	-54
 386 0165 32       		.byte	50
 387 0166 CC       		.byte	-52
 388 0167 62       		.byte	98
 389 0168 CE       		.byte	-50
 390 0169 83       		.byte	-125
 391 016a D6       		.byte	-42
 392 016b 08       		.byte	8
 393 016c D8       		.byte	-40
 394 016d 08       		.byte	8
 395 016e 03       		.byte	3
 396 016f 20       		.byte	32
 397 0170 05       		.byte	5
 398 0171 18       		.byte	24
 399 0172 09       		.byte	9
ARM GAS  C:\Users\dulan\AppData\Local\Temp\cciig9yt.s 			page 8


 400 0173 18       		.byte	24
 401 0174 11       		.byte	17
 402 0175 02       		.byte	2
 403 0176 13       		.byte	19
 404 0177 01       		.byte	1
 405 0178 15       		.byte	21
 406 0179 0C       		.byte	12
 407 017a 16       		.byte	22
 408 017b 02       		.byte	2
 409 017c 19       		.byte	25
 410 017d 01       		.byte	1
 411 017e 1A       		.byte	26
 412 017f 01       		.byte	1
 413 0180 1B       		.byte	27
 414 0181 02       		.byte	2
 415 0182 25       		.byte	37
 416 0183 01       		.byte	1
 417 0184 26       		.byte	38
 418 0185 04       		.byte	4
 419 0186 27       		.byte	39
 420 0187 02       		.byte	2
 421 0188 29       		.byte	41
 422 0189 14       		.byte	20
 423 018a 2D       		.byte	45
 424 018b 01       		.byte	1
 425 018c 2F       		.byte	47
 426 018d 02       		.byte	2
 427 018e 30       		.byte	48
 428 018f 01       		.byte	1
 429 0190 32       		.byte	50
 430 0191 04       		.byte	4
 431 0192 33       		.byte	51
 432 0193 1C       		.byte	28
 433 0194 34       		.byte	52
 434 0195 02       		.byte	2
 435 0196 35       		.byte	53
 436 0197 20       		.byte	32
 437 0198 37       		.byte	55
 438 0199 03       		.byte	3
 439 019a 39       		.byte	57
 440 019b 08       		.byte	8
 441 019c 3B       		.byte	59
 442 019d 80       		.byte	-128
 443 019e 56       		.byte	86
 444 019f 08       		.byte	8
 445 01a0 58       		.byte	88
 446 01a1 04       		.byte	4
 447 01a2 59       		.byte	89
 448 01a3 04       		.byte	4
 449 01a4 5B       		.byte	91
 450 01a5 04       		.byte	4
 451 01a6 5D       		.byte	93
 452 01a7 90       		.byte	-112
 453 01a8 5F       		.byte	95
 454 01a9 01       		.byte	1
 455 01aa 85       		.byte	-123
 456 01ab 0B       		.byte	11
ARM GAS  C:\Users\dulan\AppData\Local\Temp\cciig9yt.s 			page 9


 457 01ac 86       		.byte	-122
 458 01ad 0F       		.byte	15
 459 01ae 87       		.byte	-121
 460 01af 04       		.byte	4
 461 01b0 88       		.byte	-120
 462 01b1 CF       		.byte	-49
 463 01b2 89       		.byte	-119
 464 01b3 0C       		.byte	12
 465 01b4 8A       		.byte	-118
 466 01b5 30       		.byte	48
 467 01b6 8B       		.byte	-117
 468 01b7 01       		.byte	1
 469 01b8 94       		.byte	-108
 470 01b9 FD       		.byte	-3
 471 01ba 95       		.byte	-107
 472 01bb 07       		.byte	7
 473 01bc 96       		.byte	-106
 474 01bd 02       		.byte	2
 475 01be 98       		.byte	-104
 476 01bf 9E       		.byte	-98
 477 01c0 99       		.byte	-103
 478 01c1 0C       		.byte	12
 479 01c2 9A       		.byte	-102
 480 01c3 60       		.byte	96
 481 01c4 9B       		.byte	-101
 482 01c5 02       		.byte	2
 483 01c6 9F       		.byte	-97
 484 01c7 0F       		.byte	15
 485 01c8 A0       		.byte	-96
 486 01c9 30       		.byte	48
 487 01ca A2       		.byte	-94
 488 01cb C9       		.byte	-55
 489 01cc A4       		.byte	-92
 490 01cd 94       		.byte	-108
 491 01ce A5       		.byte	-91
 492 01cf 08       		.byte	8
 493 01d0 A6       		.byte	-90
 494 01d1 60       		.byte	96
 495 01d2 A7       		.byte	-89
 496 01d3 01       		.byte	1
 497 01d4 A8       		.byte	-88
 498 01d5 73       		.byte	115
 499 01d6 AF       		.byte	-81
 500 01d7 10       		.byte	16
 501 01d8 B3       		.byte	-77
 502 01d9 10       		.byte	16
 503 01da B5       		.byte	-75
 504 01db 0F       		.byte	15
 505 01dc B6       		.byte	-74
 506 01dd FF       		.byte	-1
 507 01de BE       		.byte	-66
 508 01df 40       		.byte	64
 509 01e0 C0       		.byte	-64
 510 01e1 42       		.byte	66
 511 01e2 C1       		.byte	-63
 512 01e3 06       		.byte	6
 513 01e4 C9       		.byte	-55
ARM GAS  C:\Users\dulan\AppData\Local\Temp\cciig9yt.s 			page 10


 514 01e5 FF       		.byte	-1
 515 01e6 CA       		.byte	-54
 516 01e7 FF       		.byte	-1
 517 01e8 CB       		.byte	-53
 518 01e9 FF       		.byte	-1
 519 01ea CD       		.byte	-51
 520 01eb A0       		.byte	-96
 521 01ec CF       		.byte	-49
 522 01ed 01       		.byte	1
 523 01ee D0       		.byte	-48
 524 01ef 18       		.byte	24
 525 01f0 D6       		.byte	-42
 526 01f1 08       		.byte	8
 527 01f2 D8       		.byte	-40
 528 01f3 04       		.byte	4
 529 01f4 D9       		.byte	-39
 530 01f5 04       		.byte	4
 531 01f6 DA       		.byte	-38
 532 01f7 04       		.byte	4
 533 01f8 DB       		.byte	-37
 534 01f9 04       		.byte	4
 535 01fa DD       		.byte	-35
 536 01fb 90       		.byte	-112
 537 01fc DF       		.byte	-33
 538 01fd 01       		.byte	1
 539 01fe E0       		.byte	-32
 540 01ff 40       		.byte	64
 541 0200 E2       		.byte	-30
 542 0201 80       		.byte	-128
 543 0202 E4       		.byte	-28
 544 0203 40       		.byte	64
 545 0204 E5       		.byte	-27
 546 0205 40       		.byte	64
 547 0206 E6       		.byte	-26
 548 0207 80       		.byte	-128
 549 0208 E8       		.byte	-24
 550 0209 40       		.byte	64
 551 020a EA       		.byte	-22
 552 020b 80       		.byte	-128
 553 020c EC       		.byte	-20
 554 020d 40       		.byte	64
 555 020e ED       		.byte	-19
 556 020f 20       		.byte	32
 557 0210 EE       		.byte	-18
 558 0211 80       		.byte	-128
 559 0212 00       		.byte	0
 560 0213 28       		.byte	40
 561 0214 01       		.byte	1
 562 0215 08       		.byte	8
 563 0216 09       		.byte	9
 564 0217 20       		.byte	32
 565 0218 0A       		.byte	10
 566 0219 10       		.byte	16
 567 021a 0B       		.byte	11
 568 021b 20       		.byte	32
 569 021c 0E       		.byte	14
 570 021d 24       		.byte	36
ARM GAS  C:\Users\dulan\AppData\Local\Temp\cciig9yt.s 			page 11


 571 021e 10       		.byte	16
 572 021f 10       		.byte	16
 573 0220 12       		.byte	18
 574 0221 88       		.byte	-120
 575 0222 13       		.byte	19
 576 0223 08       		.byte	8
 577 0224 16       		.byte	22
 578 0225 20       		.byte	32
 579 0226 1A       		.byte	26
 580 0227 02       		.byte	2
 581 0228 1E       		.byte	30
 582 0229 04       		.byte	4
 583 022a 1F       		.byte	31
 584 022b 0A       		.byte	10
 585 022c 21       		.byte	33
 586 022d 30       		.byte	48
 587 022e 22       		.byte	34
 588 022f 04       		.byte	4
 589 0230 23       		.byte	35
 590 0231 04       		.byte	4
 591 0232 25       		.byte	37
 592 0233 04       		.byte	4
 593 0234 26       		.byte	38
 594 0235 9C       		.byte	-100
 595 0236 27       		.byte	39
 596 0237 02       		.byte	2
 597 0238 28       		.byte	40
 598 0239 12       		.byte	18
 599 023a 2E       		.byte	46
 600 023b 14       		.byte	20
 601 023c 2F       		.byte	47
 602 023d 02       		.byte	2
 603 023e 31       		.byte	49
 604 023f 20       		.byte	32
 605 0240 32       		.byte	50
 606 0241 88       		.byte	-120
 607 0242 36       		.byte	54
 608 0243 18       		.byte	24
 609 0244 37       		.byte	55
 610 0245 02       		.byte	2
 611 0246 38       		.byte	56
 612 0247 04       		.byte	4
 613 0248 3B       		.byte	59
 614 0249 10       		.byte	16
 615 024a 3F       		.byte	63
 616 024b 15       		.byte	21
 617 024c 42       		.byte	66
 618 024d 40       		.byte	64
 619 024e 43       		.byte	67
 620 024f 20       		.byte	32
 621 0250 48       		.byte	72
 622 0251 04       		.byte	4
 623 0252 59       		.byte	89
 624 0253 80       		.byte	-128
 625 0254 5C       		.byte	92
 626 0255 20       		.byte	32
 627 0256 5D       		.byte	93
ARM GAS  C:\Users\dulan\AppData\Local\Temp\cciig9yt.s 			page 12


 628 0257 40       		.byte	64
 629 0258 60       		.byte	96
 630 0259 02       		.byte	2
 631 025a 66       		.byte	102
 632 025b 20       		.byte	32
 633 025c 67       		.byte	103
 634 025d 01       		.byte	1
 635 025e 81       		.byte	-127
 636 025f 40       		.byte	64
 637 0260 83       		.byte	-125
 638 0261 40       		.byte	64
 639 0262 85       		.byte	-123
 640 0263 80       		.byte	-128
 641 0264 8D       		.byte	-115
 642 0265 02       		.byte	2
 643 0266 90       		.byte	-112
 644 0267 08       		.byte	8
 645 0268 96       		.byte	-106
 646 0269 88       		.byte	-120
 647 026a 99       		.byte	-103
 648 026b 42       		.byte	66
 649 026c 9B       		.byte	-101
 650 026d 08       		.byte	8
 651 026e 9C       		.byte	-100
 652 026f 80       		.byte	-128
 653 0270 9E       		.byte	-98
 654 0271 02       		.byte	2
 655 0272 A7       		.byte	-89
 656 0273 08       		.byte	8
 657 0274 A8       		.byte	-88
 658 0275 01       		.byte	1
 659 0276 AE       		.byte	-82
 660 0277 40       		.byte	64
 661 0278 B6       		.byte	-74
 662 0279 10       		.byte	16
 663 027a C0       		.byte	-64
 664 027b 06       		.byte	6
 665 027c C2       		.byte	-62
 666 027d 66       		.byte	102
 667 027e C4       		.byte	-60
 668 027f 2E       		.byte	46
 669 0280 CA       		.byte	-54
 670 0281 7A       		.byte	122
 671 0282 CC       		.byte	-52
 672 0283 EE       		.byte	-18
 673 0284 CE       		.byte	-50
 674 0285 E6       		.byte	-26
 675 0286 D0       		.byte	-48
 676 0287 05       		.byte	5
 677 0288 D2       		.byte	-46
 678 0289 04       		.byte	4
 679 028a D6       		.byte	-42
 680 028b 38       		.byte	56
 681 028c D8       		.byte	-40
 682 028d 38       		.byte	56
 683 028e E2       		.byte	-30
 684 028f 48       		.byte	72
ARM GAS  C:\Users\dulan\AppData\Local\Temp\cciig9yt.s 			page 13


 685 0290 EA       		.byte	-22
 686 0291 01       		.byte	1
 687 0292 EE       		.byte	-18
 688 0293 10       		.byte	16
 689 0294 00       		.byte	0
 690 0295 02       		.byte	2
 691 0296 07       		.byte	7
 692 0297 03       		.byte	3
 693 0298 0C       		.byte	12
 694 0299 01       		.byte	1
 695 029a 12       		.byte	18
 696 029b 09       		.byte	9
 697 029c 18       		.byte	24
 698 029d 04       		.byte	4
 699 029e 19       		.byte	25
 700 029f 02       		.byte	2
 701 02a0 1F       		.byte	31
 702 02a1 04       		.byte	4
 703 02a2 20       		.byte	32
 704 02a3 02       		.byte	2
 705 02a4 22       		.byte	34
 706 02a5 04       		.byte	4
 707 02a6 24       		.byte	36
 708 02a7 02       		.byte	2
 709 02a8 2E       		.byte	46
 710 02a9 01       		.byte	1
 711 02aa 30       		.byte	48
 712 02ab 01       		.byte	1
 713 02ac 31       		.byte	49
 714 02ad 02       		.byte	2
 715 02ae 32       		.byte	50
 716 02af 04       		.byte	4
 717 02b0 33       		.byte	51
 718 02b1 04       		.byte	4
 719 02b2 34       		.byte	52
 720 02b3 02       		.byte	2
 721 02b4 35       		.byte	53
 722 02b5 01       		.byte	1
 723 02b6 36       		.byte	54
 724 02b7 08       		.byte	8
 725 02b8 38       		.byte	56
 726 02b9 20       		.byte	32
 727 02ba 3E       		.byte	62
 728 02bb 15       		.byte	21
 729 02bc 3F       		.byte	63
 730 02bd 01       		.byte	1
 731 02be 40       		.byte	64
 732 02bf 42       		.byte	66
 733 02c0 41       		.byte	65
 734 02c1 03       		.byte	3
 735 02c2 45       		.byte	69
 736 02c3 24       		.byte	36
 737 02c4 46       		.byte	70
 738 02c5 C3       		.byte	-61
 739 02c6 47       		.byte	71
 740 02c7 0E       		.byte	14
 741 02c8 48       		.byte	72
ARM GAS  C:\Users\dulan\AppData\Local\Temp\cciig9yt.s 			page 14


 742 02c9 1F       		.byte	31
 743 02ca 49       		.byte	73
 744 02cb FF       		.byte	-1
 745 02cc 4A       		.byte	74
 746 02cd FF       		.byte	-1
 747 02ce 4B       		.byte	75
 748 02cf FF       		.byte	-1
 749 02d0 4D       		.byte	77
 750 02d1 AF       		.byte	-81
 751 02d2 4E       		.byte	78
 752 02d3 07       		.byte	7
 753 02d4 4F       		.byte	79
 754 02d5 01       		.byte	1
 755 02d6 50       		.byte	80
 756 02d7 18       		.byte	24
 757 02d8 52       		.byte	82
 758 02d9 80       		.byte	-128
 759 02da 54       		.byte	84
 760 02db 0F       		.byte	15
 761 02dc 58       		.byte	88
 762 02dd 04       		.byte	4
 763 02de 59       		.byte	89
 764 02df 04       		.byte	4
 765 02e0 5A       		.byte	90
 766 02e1 04       		.byte	4
 767 02e2 5B       		.byte	91
 768 02e3 04       		.byte	4
 769 02e4 5F       		.byte	95
 770 02e5 05       		.byte	5
 771 02e6 60       		.byte	96
 772 02e7 40       		.byte	64
 773 02e8 62       		.byte	98
 774 02e9 80       		.byte	-128
 775 02ea 64       		.byte	100
 776 02eb 40       		.byte	64
 777 02ec 65       		.byte	101
 778 02ed 40       		.byte	64
 779 02ee 66       		.byte	102
 780 02ef 80       		.byte	-128
 781 02f0 68       		.byte	104
 782 02f1 40       		.byte	64
 783 02f2 6A       		.byte	106
 784 02f3 80       		.byte	-128
 785 02f4 6C       		.byte	108
 786 02f5 40       		.byte	64
 787 02f6 6D       		.byte	109
 788 02f7 20       		.byte	32
 789 02f8 6E       		.byte	110
 790 02f9 80       		.byte	-128
 791 02fa 84       		.byte	-124
 792 02fb 0F       		.byte	15
 793 02fc 88       		.byte	-120
 794 02fd 03       		.byte	3
 795 02fe 8A       		.byte	-118
 796 02ff 0C       		.byte	12
 797 0300 93       		.byte	-109
 798 0301 01       		.byte	1
ARM GAS  C:\Users\dulan\AppData\Local\Temp\cciig9yt.s 			page 15


 799 0302 94       		.byte	-108
 800 0303 0C       		.byte	12
 801 0304 96       		.byte	-106
 802 0305 03       		.byte	3
 803 0306 98       		.byte	-104
 804 0307 07       		.byte	7
 805 0308 9E       		.byte	-98
 806 0309 10       		.byte	16
 807 030a A0       		.byte	-96
 808 030b 05       		.byte	5
 809 030c A2       		.byte	-94
 810 030d 0A       		.byte	10
 811 030e A8       		.byte	-88
 812 030f 0A       		.byte	10
 813 0310 AA       		.byte	-86
 814 0311 05       		.byte	5
 815 0312 AD       		.byte	-83
 816 0313 01       		.byte	1
 817 0314 B0       		.byte	-80
 818 0315 10       		.byte	16
 819 0316 B4       		.byte	-76
 820 0317 0F       		.byte	15
 821 0318 B7       		.byte	-73
 822 0319 01       		.byte	1
 823 031a BF       		.byte	-65
 824 031b 40       		.byte	64
 825 031c D8       		.byte	-40
 826 031d 04       		.byte	4
 827 031e D9       		.byte	-39
 828 031f 04       		.byte	4
 829 0320 DB       		.byte	-37
 830 0321 04       		.byte	4
 831 0322 DF       		.byte	-33
 832 0323 01       		.byte	1
 833 0324 01       		.byte	1
 834 0325 82       		.byte	-126
 835 0326 04       		.byte	4
 836 0327 04       		.byte	4
 837 0328 07       		.byte	7
 838 0329 08       		.byte	8
 839 032a 09       		.byte	9
 840 032b 01       		.byte	1
 841 032c 0A       		.byte	10
 842 032d 08       		.byte	8
 843 032e 0E       		.byte	14
 844 032f 0A       		.byte	10
 845 0330 0F       		.byte	15
 846 0331 10       		.byte	16
 847 0332 10       		.byte	16
 848 0333 80       		.byte	-128
 849 0334 11       		.byte	17
 850 0335 08       		.byte	8
 851 0336 13       		.byte	19
 852 0337 40       		.byte	64
 853 0338 15       		.byte	21
 854 0339 20       		.byte	32
 855 033a 17       		.byte	23
ARM GAS  C:\Users\dulan\AppData\Local\Temp\cciig9yt.s 			page 16


 856 033b 02       		.byte	2
 857 033c 19       		.byte	25
 858 033d 84       		.byte	-124
 859 033e 1A       		.byte	26
 860 033f 40       		.byte	64
 861 0340 1B       		.byte	27
 862 0341 20       		.byte	32
 863 0342 1C       		.byte	28
 864 0343 04       		.byte	4
 865 0344 1F       		.byte	31
 866 0345 11       		.byte	17
 867 0346 22       		.byte	34
 868 0347 14       		.byte	20
 869 0348 23       		.byte	35
 870 0349 80       		.byte	-128
 871 034a 27       		.byte	39
 872 034b 01       		.byte	1
 873 034c 2F       		.byte	47
 874 034d 01       		.byte	1
 875 034e 30       		.byte	48
 876 034f 80       		.byte	-128
 877 0350 32       		.byte	50
 878 0351 10       		.byte	16
 879 0352 35       		.byte	53
 880 0353 02       		.byte	2
 881 0354 36       		.byte	54
 882 0355 01       		.byte	1
 883 0356 3B       		.byte	59
 884 0357 04       		.byte	4
 885 0358 42       		.byte	66
 886 0359 40       		.byte	64
 887 035a 43       		.byte	67
 888 035b 28       		.byte	40
 889 035c 49       		.byte	73
 890 035d 03       		.byte	3
 891 035e 4B       		.byte	75
 892 035f 04       		.byte	4
 893 0360 50       		.byte	80
 894 0361 80       		.byte	-128
 895 0362 51       		.byte	81
 896 0363 08       		.byte	8
 897 0364 52       		.byte	82
 898 0365 10       		.byte	16
 899 0366 59       		.byte	89
 900 0367 04       		.byte	4
 901 0368 5B       		.byte	91
 902 0369 91       		.byte	-111
 903 036a 61       		.byte	97
 904 036b 08       		.byte	8
 905 036c 62       		.byte	98
 906 036d 10       		.byte	16
 907 036e 6D       		.byte	109
 908 036f 50       		.byte	80
 909 0370 73       		.byte	115
 910 0371 40       		.byte	64
 911 0372 7A       		.byte	122
 912 0373 04       		.byte	4
ARM GAS  C:\Users\dulan\AppData\Local\Temp\cciig9yt.s 			page 17


 913 0374 85       		.byte	-123
 914 0375 10       		.byte	16
 915 0376 8D       		.byte	-115
 916 0377 40       		.byte	64
 917 0378 90       		.byte	-112
 918 0379 08       		.byte	8
 919 037a 91       		.byte	-111
 920 037b 20       		.byte	32
 921 037c 92       		.byte	-110
 922 037d 02       		.byte	2
 923 037e 94       		.byte	-108
 924 037f 04       		.byte	4
 925 0380 96       		.byte	-106
 926 0381 C0       		.byte	-64
 927 0382 97       		.byte	-105
 928 0383 30       		.byte	48
 929 0384 99       		.byte	-103
 930 0385 40       		.byte	64
 931 0386 9B       		.byte	-101
 932 0387 0A       		.byte	10
 933 0388 9C       		.byte	-100
 934 0389 20       		.byte	32
 935 038a 9D       		.byte	-99
 936 038b 08       		.byte	8
 937 038c 9E       		.byte	-98
 938 038d 02       		.byte	2
 939 038e A1       		.byte	-95
 940 038f 04       		.byte	4
 941 0390 A2       		.byte	-94
 942 0391 04       		.byte	4
 943 0392 A4       		.byte	-92
 944 0393 10       		.byte	16
 945 0394 A7       		.byte	-89
 946 0395 60       		.byte	96
 947 0396 B0       		.byte	-80
 948 0397 80       		.byte	-128
 949 0398 C0       		.byte	-64
 950 0399 69       		.byte	105
 951 039a C2       		.byte	-62
 952 039b EA       		.byte	-22
 953 039c C4       		.byte	-60
 954 039d 5D       		.byte	93
 955 039e CA       		.byte	-54
 956 039f 10       		.byte	16
 957 03a0 CC       		.byte	-52
 958 03a1 8C       		.byte	-116
 959 03a2 CE       		.byte	-50
 960 03a3 02       		.byte	2
 961 03a4 D0       		.byte	-48
 962 03a5 07       		.byte	7
 963 03a6 D6       		.byte	-42
 964 03a7 0F       		.byte	15
 965 03a8 D8       		.byte	-40
 966 03a9 06       		.byte	6
 967 03aa DE       		.byte	-34
 968 03ab 04       		.byte	4
 969 03ac E2       		.byte	-30
ARM GAS  C:\Users\dulan\AppData\Local\Temp\cciig9yt.s 			page 18


 970 03ad 40       		.byte	64
 971 03ae 04       		.byte	4
 972 03af FE       		.byte	-2
 973 03b0 05       		.byte	5
 974 03b1 01       		.byte	1
 975 03b2 06       		.byte	6
 976 03b3 01       		.byte	1
 977 03b4 08       		.byte	8
 978 03b5 0E       		.byte	14
 979 03b6 09       		.byte	9
 980 03b7 01       		.byte	1
 981 03b8 0A       		.byte	10
 982 03b9 F0       		.byte	-16
 983 03ba 0C       		.byte	12
 984 03bb 96       		.byte	-106
 985 03bc 0E       		.byte	14
 986 03bd 68       		.byte	104
 987 03be 13       		.byte	19
 988 03bf 01       		.byte	1
 989 03c0 14       		.byte	20
 990 03c1 A3       		.byte	-93
 991 03c2 15       		.byte	21
 992 03c3 01       		.byte	1
 993 03c4 16       		.byte	22
 994 03c5 5C       		.byte	92
 995 03c6 18       		.byte	24
 996 03c7 7F       		.byte	127
 997 03c8 1E       		.byte	30
 998 03c9 01       		.byte	1
 999 03ca 23       		.byte	35
 1000 03cb 02       		.byte	2
 1001 03cc 25       		.byte	37
 1002 03cd 01       		.byte	1
 1003 03ce 28       		.byte	40
 1004 03cf C5       		.byte	-59
 1005 03d0 2A       		.byte	42
 1006 03d1 3A       		.byte	58
 1007 03d2 31       		.byte	49
 1008 03d3 03       		.byte	3
 1009 03d4 36       		.byte	54
 1010 03d5 FF       		.byte	-1
 1011 03d6 39       		.byte	57
 1012 03d7 20       		.byte	32
 1013 03d8 3E       		.byte	62
 1014 03d9 40       		.byte	64
 1015 03da 3F       		.byte	63
 1016 03db 10       		.byte	16
 1017 03dc 58       		.byte	88
 1018 03dd 04       		.byte	4
 1019 03de 59       		.byte	89
 1020 03df 04       		.byte	4
 1021 03e0 5F       		.byte	95
 1022 03e1 01       		.byte	1
 1023 03e2 81       		.byte	-127
 1024 03e3 0E       		.byte	14
 1025 03e4 82       		.byte	-126
 1026 03e5 08       		.byte	8
ARM GAS  C:\Users\dulan\AppData\Local\Temp\cciig9yt.s 			page 19


 1027 03e6 84       		.byte	-124
 1028 03e7 01       		.byte	1
 1029 03e8 85       		.byte	-123
 1030 03e9 18       		.byte	24
 1031 03ea 87       		.byte	-121
 1032 03eb 02       		.byte	2
 1033 03ec 8A       		.byte	-118
 1034 03ed 0F       		.byte	15
 1035 03ee 8B       		.byte	-117
 1036 03ef 1E       		.byte	30
 1037 03f0 8E       		.byte	-114
 1038 03f1 01       		.byte	1
 1039 03f2 93       		.byte	-109
 1040 03f3 20       		.byte	32
 1041 03f4 94       		.byte	-108
 1042 03f5 0E       		.byte	14
 1043 03f6 95       		.byte	-107
 1044 03f7 18       		.byte	24
 1045 03f8 97       		.byte	-105
 1046 03f9 04       		.byte	4
 1047 03fa 98       		.byte	-104
 1048 03fb 0E       		.byte	14
 1049 03fc 99       		.byte	-103
 1050 03fd 20       		.byte	32
 1051 03fe 9D       		.byte	-99
 1052 03ff 01       		.byte	1
 1053 0400 9E       		.byte	-98
 1054 0401 10       		.byte	16
 1055 0402 A0       		.byte	-96
 1056 0403 08       		.byte	8
 1057 0404 A1       		.byte	-95
 1058 0405 01       		.byte	1
 1059 0406 A4       		.byte	-92
 1060 0407 02       		.byte	2
 1061 0408 A5       		.byte	-91
 1062 0409 20       		.byte	32
 1063 040a A6       		.byte	-90
 1064 040b 04       		.byte	4
 1065 040c A8       		.byte	-88
 1066 040d 02       		.byte	2
 1067 040e A9       		.byte	-87
 1068 040f 16       		.byte	22
 1069 0410 AA       		.byte	-86
 1070 0411 04       		.byte	4
 1071 0412 AB       		.byte	-85
 1072 0413 08       		.byte	8
 1073 0414 AD       		.byte	-83
 1074 0415 10       		.byte	16
 1075 0416 AF       		.byte	-81
 1076 0417 02       		.byte	2
 1077 0418 B0       		.byte	-80
 1078 0419 01       		.byte	1
 1079 041a B1       		.byte	-79
 1080 041b 01       		.byte	1
 1081 041c B2       		.byte	-78
 1082 041d 1E       		.byte	30
 1083 041e B3       		.byte	-77
ARM GAS  C:\Users\dulan\AppData\Local\Temp\cciig9yt.s 			page 20


 1084 041f 1E       		.byte	30
 1085 0420 B7       		.byte	-73
 1086 0421 20       		.byte	32
 1087 0422 B9       		.byte	-71
 1088 0423 02       		.byte	2
 1089 0424 BE       		.byte	-66
 1090 0425 01       		.byte	1
 1091 0426 BF       		.byte	-65
 1092 0427 40       		.byte	64
 1093 0428 D4       		.byte	-44
 1094 0429 0F       		.byte	15
 1095 042a D6       		.byte	-42
 1096 042b 04       		.byte	4
 1097 042c D8       		.byte	-40
 1098 042d 04       		.byte	4
 1099 042e D9       		.byte	-39
 1100 042f 04       		.byte	4
 1101 0430 DB       		.byte	-37
 1102 0431 04       		.byte	4
 1103 0432 DF       		.byte	-33
 1104 0433 01       		.byte	1
 1105 0434 01       		.byte	1
 1106 0435 01       		.byte	1
 1107 0436 02       		.byte	2
 1108 0437 22       		.byte	34
 1109 0438 03       		.byte	3
 1110 0439 08       		.byte	8
 1111 043a 04       		.byte	4
 1112 043b 24       		.byte	36
 1113 043c 06       		.byte	6
 1114 043d 10       		.byte	16
 1115 043e 07       		.byte	7
 1116 043f 0A       		.byte	10
 1117 0440 08       		.byte	8
 1118 0441 10       		.byte	16
 1119 0442 0A       		.byte	10
 1120 0443 02       		.byte	2
 1121 0444 0B       		.byte	11
 1122 0445 20       		.byte	32
 1123 0446 0C       		.byte	12
 1124 0447 10       		.byte	16
 1125 0448 0E       		.byte	14
 1126 0449 0E       		.byte	14
 1127 044a 0F       		.byte	15
 1128 044b 10       		.byte	16
 1129 044c 11       		.byte	17
 1130 044d 10       		.byte	16
 1131 044e 13       		.byte	19
 1132 044f 0A       		.byte	10
 1133 0450 15       		.byte	21
 1134 0451 30       		.byte	48
 1135 0452 16       		.byte	22
 1136 0453 08       		.byte	8
 1137 0454 19       		.byte	25
 1138 0455 08       		.byte	8
 1139 0456 1A       		.byte	26
 1140 0457 40       		.byte	64
ARM GAS  C:\Users\dulan\AppData\Local\Temp\cciig9yt.s 			page 21


 1141 0458 1B       		.byte	27
 1142 0459 08       		.byte	8
 1143 045a 1F       		.byte	31
 1144 045b 80       		.byte	-128
 1145 045c 20       		.byte	32
 1146 045d 20       		.byte	32
 1147 045e 21       		.byte	33
 1148 045f 08       		.byte	8
 1149 0460 22       		.byte	34
 1150 0461 82       		.byte	-126
 1151 0462 23       		.byte	35
 1152 0463 10       		.byte	16
 1153 0464 25       		.byte	37
 1154 0465 01       		.byte	1
 1155 0466 26       		.byte	38
 1156 0467 11       		.byte	17
 1157 0468 28       		.byte	40
 1158 0469 02       		.byte	2
 1159 046a 29       		.byte	41
 1160 046b 0A       		.byte	10
 1161 046c 2A       		.byte	42
 1162 046d 10       		.byte	16
 1163 046e 2E       		.byte	46
 1164 046f 08       		.byte	8
 1165 0470 2F       		.byte	47
 1166 0471 80       		.byte	-128
 1167 0472 30       		.byte	48
 1168 0473 80       		.byte	-128
 1169 0474 31       		.byte	49
 1170 0475 08       		.byte	8
 1171 0476 32       		.byte	50
 1172 0477 32       		.byte	50
 1173 0478 34       		.byte	52
 1174 0479 02       		.byte	2
 1175 047a 37       		.byte	55
 1176 047b 0A       		.byte	10
 1177 047c 38       		.byte	56
 1178 047d 20       		.byte	32
 1179 047e 3A       		.byte	58
 1180 047f 08       		.byte	8
 1181 0480 3B       		.byte	59
 1182 0481 02       		.byte	2
 1183 0482 3C       		.byte	60
 1184 0483 04       		.byte	4
 1185 0484 3F       		.byte	63
 1186 0485 10       		.byte	16
 1187 0486 59       		.byte	89
 1188 0487 11       		.byte	17
 1189 0488 5A       		.byte	90
 1190 0489 44       		.byte	68
 1191 048a 63       		.byte	99
 1192 048b 80       		.byte	-128
 1193 048c 86       		.byte	-122
 1194 048d 10       		.byte	16
 1195 048e 8E       		.byte	-114
 1196 048f 04       		.byte	4
 1197 0490 8F       		.byte	-113
ARM GAS  C:\Users\dulan\AppData\Local\Temp\cciig9yt.s 			page 22


 1198 0491 01       		.byte	1
 1199 0492 90       		.byte	-112
 1200 0493 0C       		.byte	12
 1201 0494 91       		.byte	-111
 1202 0495 20       		.byte	32
 1203 0496 92       		.byte	-110
 1204 0497 22       		.byte	34
 1205 0498 93       		.byte	-109
 1206 0499 20       		.byte	32
 1207 049a 96       		.byte	-106
 1208 049b 80       		.byte	-128
 1209 049c 97       		.byte	-105
 1210 049d 10       		.byte	16
 1211 049e 99       		.byte	-103
 1212 049f 42       		.byte	66
 1213 04a0 9B       		.byte	-101
 1214 04a1 0A       		.byte	10
 1215 04a2 9D       		.byte	-99
 1216 04a3 08       		.byte	8
 1217 04a4 9E       		.byte	-98
 1218 04a5 02       		.byte	2
 1219 04a6 A0       		.byte	-96
 1220 04a7 80       		.byte	-128
 1221 04a8 A2       		.byte	-94
 1222 04a9 04       		.byte	4
 1223 04aa A4       		.byte	-92
 1224 04ab 10       		.byte	16
 1225 04ac A5       		.byte	-91
 1226 04ad 01       		.byte	1
 1227 04ae A7       		.byte	-89
 1228 04af 48       		.byte	72
 1229 04b0 A8       		.byte	-88
 1230 04b1 20       		.byte	32
 1231 04b2 B5       		.byte	-75
 1232 04b3 01       		.byte	1
 1233 04b4 B7       		.byte	-73
 1234 04b5 10       		.byte	16
 1235 04b6 C0       		.byte	-64
 1236 04b7 EF       		.byte	-17
 1237 04b8 C2       		.byte	-62
 1238 04b9 E7       		.byte	-25
 1239 04ba C4       		.byte	-60
 1240 04bb 4E       		.byte	78
 1241 04bc CA       		.byte	-54
 1242 04bd CF       		.byte	-49
 1243 04be CC       		.byte	-52
 1244 04bf CF       		.byte	-49
 1245 04c0 CE       		.byte	-50
 1246 04c1 67       		.byte	103
 1247 04c2 D6       		.byte	-42
 1248 04c3 0F       		.byte	15
 1249 04c4 D8       		.byte	-40
 1250 04c5 01       		.byte	1
 1251 04c6 EA       		.byte	-22
 1252 04c7 20       		.byte	32
 1253 04c8 E2       		.byte	-30
 1254 04c9 08       		.byte	8
ARM GAS  C:\Users\dulan\AppData\Local\Temp\cciig9yt.s 			page 23


 1255 04ca EA       		.byte	-22
 1256 04cb 01       		.byte	1
 1257 04cc E0       		.byte	-32
 1258 04cd 20       		.byte	32
 1259 04ce E4       		.byte	-28
 1260 04cf 80       		.byte	-128
 1261 04d0 00       		.byte	0
 1262 04d1 66       		.byte	102
 1263 04d2 02       		.byte	2
 1264 04d3 08       		.byte	8
 1265 04d4 04       		.byte	4
 1266 04d5 3B       		.byte	59
 1267 04d6 05       		.byte	5
 1268 04d7 94       		.byte	-108
 1269 04d8 07       		.byte	7
 1270 04d9 60       		.byte	96
 1271 04da 09       		.byte	9
 1272 04db FD       		.byte	-3
 1273 04dc 0B       		.byte	11
 1274 04dd 02       		.byte	2
 1275 04de 12       		.byte	18
 1276 04df 78       		.byte	120
 1277 04e0 14       		.byte	20
 1278 04e1 66       		.byte	102
 1279 04e2 15       		.byte	21
 1280 04e3 9E       		.byte	-98
 1281 04e4 16       		.byte	22
 1282 04e5 10       		.byte	16
 1283 04e6 17       		.byte	23
 1284 04e7 60       		.byte	96
 1285 04e8 19       		.byte	25
 1286 04e9 73       		.byte	115
 1287 04ea 1D       		.byte	29
 1288 04eb CF       		.byte	-49
 1289 04ec 1F       		.byte	31
 1290 04ed 30       		.byte	48
 1291 04ee 23       		.byte	35
 1292 04ef 0F       		.byte	15
 1293 04f0 24       		.byte	36
 1294 04f1 40       		.byte	64
 1295 04f2 26       		.byte	38
 1296 04f3 08       		.byte	8
 1297 04f4 28       		.byte	40
 1298 04f5 5D       		.byte	93
 1299 04f6 2A       		.byte	42
 1300 04f7 20       		.byte	32
 1301 04f8 2D       		.byte	45
 1302 04f9 30       		.byte	48
 1303 04fa 2F       		.byte	47
 1304 04fb C9       		.byte	-55
 1305 04fc 32       		.byte	50
 1306 04fd 78       		.byte	120
 1307 04fe 34       		.byte	52
 1308 04ff 07       		.byte	7
 1309 0500 35       		.byte	53
 1310 0501 FF       		.byte	-1
 1311 0502 38       		.byte	56
ARM GAS  C:\Users\dulan\AppData\Local\Temp\cciig9yt.s 			page 24


 1312 0503 20       		.byte	32
 1313 0504 3F       		.byte	63
 1314 0505 10       		.byte	16
 1315 0506 40       		.byte	64
 1316 0507 62       		.byte	98
 1317 0508 41       		.byte	65
 1318 0509 01       		.byte	1
 1319 050a 49       		.byte	73
 1320 050b FF       		.byte	-1
 1321 050c 4A       		.byte	74
 1322 050d FF       		.byte	-1
 1323 050e 4B       		.byte	75
 1324 050f FF       		.byte	-1
 1325 0510 4D       		.byte	77
 1326 0511 A0       		.byte	-96
 1327 0512 4F       		.byte	79
 1328 0513 01       		.byte	1
 1329 0514 50       		.byte	80
 1330 0515 18       		.byte	24
 1331 0516 58       		.byte	88
 1332 0517 04       		.byte	4
 1333 0518 59       		.byte	89
 1334 0519 04       		.byte	4
 1335 051a 5A       		.byte	90
 1336 051b 04       		.byte	4
 1337 051c 5F       		.byte	95
 1338 051d 01       		.byte	1
 1339 051e 60       		.byte	96
 1340 051f 40       		.byte	64
 1341 0520 62       		.byte	98
 1342 0521 80       		.byte	-128
 1343 0522 64       		.byte	100
 1344 0523 40       		.byte	64
 1345 0524 65       		.byte	101
 1346 0525 40       		.byte	64
 1347 0526 66       		.byte	102
 1348 0527 80       		.byte	-128
 1349 0528 68       		.byte	104
 1350 0529 40       		.byte	64
 1351 052a 6A       		.byte	106
 1352 052b 80       		.byte	-128
 1353 052c 6C       		.byte	108
 1354 052d 40       		.byte	64
 1355 052e 6D       		.byte	109
 1356 052f 20       		.byte	32
 1357 0530 6E       		.byte	110
 1358 0531 80       		.byte	-128
 1359 0532 80       		.byte	-128
 1360 0533 07       		.byte	7
 1361 0534 81       		.byte	-127
 1362 0535 06       		.byte	6
 1363 0536 89       		.byte	-119
 1364 0537 06       		.byte	6
 1365 0538 8B       		.byte	-117
 1366 0539 09       		.byte	9
 1367 053a 8E       		.byte	-114
 1368 053b 09       		.byte	9
ARM GAS  C:\Users\dulan\AppData\Local\Temp\cciig9yt.s 			page 25


 1369 053c 91       		.byte	-111
 1370 053d 08       		.byte	8
 1371 053e 9C       		.byte	-100
 1372 053f 04       		.byte	4
 1373 0540 9E       		.byte	-98
 1374 0541 02       		.byte	2
 1375 0542 A5       		.byte	-91
 1376 0543 04       		.byte	4
 1377 0544 A6       		.byte	-90
 1378 0545 06       		.byte	6
 1379 0546 B0       		.byte	-80
 1380 0547 08       		.byte	8
 1381 0548 B1       		.byte	-79
 1382 0549 01       		.byte	1
 1383 054a B2       		.byte	-78
 1384 054b 04       		.byte	4
 1385 054c B3       		.byte	-77
 1386 054d 04       		.byte	4
 1387 054e B4       		.byte	-76
 1388 054f 02       		.byte	2
 1389 0550 B5       		.byte	-75
 1390 0551 02       		.byte	2
 1391 0552 B6       		.byte	-74
 1392 0553 01       		.byte	1
 1393 0554 B7       		.byte	-73
 1394 0555 08       		.byte	8
 1395 0556 B9       		.byte	-71
 1396 0557 28       		.byte	40
 1397 0558 BE       		.byte	-66
 1398 0559 54       		.byte	84
 1399 055a BF       		.byte	-65
 1400 055b 44       		.byte	68
 1401 055c C0       		.byte	-64
 1402 055d 62       		.byte	98
 1403 055e C1       		.byte	-63
 1404 055f 04       		.byte	4
 1405 0560 C5       		.byte	-59
 1406 0561 3C       		.byte	60
 1407 0562 C6       		.byte	-58
 1408 0563 20       		.byte	32
 1409 0564 C7       		.byte	-57
 1410 0565 4E       		.byte	78
 1411 0566 C8       		.byte	-56
 1412 0567 3B       		.byte	59
 1413 0568 C9       		.byte	-55
 1414 0569 FF       		.byte	-1
 1415 056a CA       		.byte	-54
 1416 056b FF       		.byte	-1
 1417 056c CB       		.byte	-53
 1418 056d FF       		.byte	-1
 1419 056e CD       		.byte	-51
 1420 056f AF       		.byte	-81
 1421 0570 CE       		.byte	-50
 1422 0571 07       		.byte	7
 1423 0572 CF       		.byte	-49
 1424 0573 01       		.byte	1
 1425 0574 D0       		.byte	-48
ARM GAS  C:\Users\dulan\AppData\Local\Temp\cciig9yt.s 			page 26


 1426 0575 18       		.byte	24
 1427 0576 D4       		.byte	-44
 1428 0577 0F       		.byte	15
 1429 0578 D8       		.byte	-40
 1430 0579 04       		.byte	4
 1431 057a D9       		.byte	-39
 1432 057b 04       		.byte	4
 1433 057c DA       		.byte	-38
 1434 057d 04       		.byte	4
 1435 057e DB       		.byte	-37
 1436 057f 04       		.byte	4
 1437 0580 DF       		.byte	-33
 1438 0581 05       		.byte	5
 1439 0582 E0       		.byte	-32
 1440 0583 40       		.byte	64
 1441 0584 E2       		.byte	-30
 1442 0585 80       		.byte	-128
 1443 0586 E4       		.byte	-28
 1444 0587 40       		.byte	64
 1445 0588 E5       		.byte	-27
 1446 0589 40       		.byte	64
 1447 058a E6       		.byte	-26
 1448 058b 80       		.byte	-128
 1449 058c E8       		.byte	-24
 1450 058d 40       		.byte	64
 1451 058e EA       		.byte	-22
 1452 058f 80       		.byte	-128
 1453 0590 EC       		.byte	-20
 1454 0591 40       		.byte	64
 1455 0592 ED       		.byte	-19
 1456 0593 20       		.byte	32
 1457 0594 EE       		.byte	-18
 1458 0595 80       		.byte	-128
 1459 0596 03       		.byte	3
 1460 0597 60       		.byte	96
 1461 0598 05       		.byte	5
 1462 0599 01       		.byte	1
 1463 059a 06       		.byte	6
 1464 059b 02       		.byte	2
 1465 059c 08       		.byte	8
 1466 059d 01       		.byte	1
 1467 059e 0A       		.byte	10
 1468 059f 10       		.byte	16
 1469 05a0 0E       		.byte	14
 1470 05a1 01       		.byte	1
 1471 05a2 11       		.byte	17
 1472 05a3 14       		.byte	20
 1473 05a4 17       		.byte	23
 1474 05a5 08       		.byte	8
 1475 05a6 19       		.byte	25
 1476 05a7 04       		.byte	4
 1477 05a8 1A       		.byte	26
 1478 05a9 10       		.byte	16
 1479 05aa 1B       		.byte	27
 1480 05ab 20       		.byte	32
 1481 05ac 1C       		.byte	28
 1482 05ad 08       		.byte	8
ARM GAS  C:\Users\dulan\AppData\Local\Temp\cciig9yt.s 			page 27


 1483 05ae 1D       		.byte	29
 1484 05af 01       		.byte	1
 1485 05b0 1E       		.byte	30
 1486 05b1 20       		.byte	32
 1487 05b2 1F       		.byte	31
 1488 05b3 40       		.byte	64
 1489 05b4 21       		.byte	33
 1490 05b5 10       		.byte	16
 1491 05b6 26       		.byte	38
 1492 05b7 02       		.byte	2
 1493 05b8 27       		.byte	39
 1494 05b9 1A       		.byte	26
 1495 05ba 28       		.byte	40
 1496 05bb 81       		.byte	-127
 1497 05bc 29       		.byte	41
 1498 05bd 40       		.byte	64
 1499 05be 2B       		.byte	43
 1500 05bf 80       		.byte	-128
 1501 05c0 2F       		.byte	47
 1502 05c1 20       		.byte	32
 1503 05c2 31       		.byte	49
 1504 05c3 04       		.byte	4
 1505 05c4 33       		.byte	51
 1506 05c5 60       		.byte	96
 1507 05c6 36       		.byte	54
 1508 05c7 02       		.byte	2
 1509 05c8 38       		.byte	56
 1510 05c9 28       		.byte	40
 1511 05ca 39       		.byte	57
 1512 05cb 14       		.byte	20
 1513 05cc 3E       		.byte	62
 1514 05cd 20       		.byte	32
 1515 05ce 3F       		.byte	63
 1516 05cf 12       		.byte	18
 1517 05d0 42       		.byte	66
 1518 05d1 01       		.byte	1
 1519 05d2 43       		.byte	67
 1520 05d3 90       		.byte	-112
 1521 05d4 44       		.byte	68
 1522 05d5 80       		.byte	-128
 1523 05d6 47       		.byte	71
 1524 05d7 10       		.byte	16
 1525 05d8 49       		.byte	73
 1526 05d9 10       		.byte	16
 1527 05da 4B       		.byte	75
 1528 05db C0       		.byte	-64
 1529 05dc 4D       		.byte	77
 1530 05dd 01       		.byte	1
 1531 05de 4E       		.byte	78
 1532 05df 04       		.byte	4
 1533 05e0 4F       		.byte	79
 1534 05e1 06       		.byte	6
 1535 05e2 56       		.byte	86
 1536 05e3 2A       		.byte	42
 1537 05e4 5E       		.byte	94
 1538 05e5 08       		.byte	8
 1539 05e6 5F       		.byte	95
ARM GAS  C:\Users\dulan\AppData\Local\Temp\cciig9yt.s 			page 28


 1540 05e7 52       		.byte	82
 1541 05e8 66       		.byte	102
 1542 05e9 08       		.byte	8
 1543 05ea 67       		.byte	103
 1544 05eb 04       		.byte	4
 1545 05ec 7F       		.byte	127
 1546 05ed 20       		.byte	32
 1547 05ee 90       		.byte	-112
 1548 05ef 28       		.byte	40
 1549 05f0 92       		.byte	-110
 1550 05f1 08       		.byte	8
 1551 05f2 95       		.byte	-107
 1552 05f3 21       		.byte	33
 1553 05f4 99       		.byte	-103
 1554 05f5 50       		.byte	80
 1555 05f6 9B       		.byte	-101
 1556 05f7 40       		.byte	64
 1557 05f8 9D       		.byte	-99
 1558 05f9 04       		.byte	4
 1559 05fa A2       		.byte	-94
 1560 05fb 04       		.byte	4
 1561 05fc A3       		.byte	-93
 1562 05fd 80       		.byte	-128
 1563 05fe A4       		.byte	-92
 1564 05ff 04       		.byte	4
 1565 0600 A6       		.byte	-90
 1566 0601 10       		.byte	16
 1567 0602 A7       		.byte	-89
 1568 0603 20       		.byte	32
 1569 0604 AC       		.byte	-84
 1570 0605 84       		.byte	-124
 1571 0606 C0       		.byte	-64
 1572 0607 9C       		.byte	-100
 1573 0608 C2       		.byte	-62
 1574 0609 8C       		.byte	-116
 1575 060a C4       		.byte	-60
 1576 060b 26       		.byte	38
 1577 060c CA       		.byte	-54
 1578 060d 49       		.byte	73
 1579 060e CC       		.byte	-52
 1580 060f 8E       		.byte	-114
 1581 0610 CE       		.byte	-50
 1582 0611 A6       		.byte	-90
 1583 0612 D0       		.byte	-48
 1584 0613 AC       		.byte	-84
 1585 0614 D2       		.byte	-46
 1586 0615 24       		.byte	36
 1587 0616 D6       		.byte	-42
 1588 0617 F0       		.byte	-16
 1589 0618 D8       		.byte	-40
 1590 0619 60       		.byte	96
 1591 061a DE       		.byte	-34
 1592 061b 40       		.byte	64
 1593 061c 07       		.byte	7
 1594 061d 0F       		.byte	15
 1595 061e 08       		.byte	8
 1596 061f 0E       		.byte	14
ARM GAS  C:\Users\dulan\AppData\Local\Temp\cciig9yt.s 			page 29


 1597 0620 0C       		.byte	12
 1598 0621 08       		.byte	8
 1599 0622 10       		.byte	16
 1600 0623 20       		.byte	32
 1601 0624 14       		.byte	20
 1602 0625 02       		.byte	2
 1603 0626 15       		.byte	21
 1604 0627 0C       		.byte	12
 1605 0628 16       		.byte	22
 1606 0629 04       		.byte	4
 1607 062a 17       		.byte	23
 1608 062b 01       		.byte	1
 1609 062c 1A       		.byte	26
 1610 062d 10       		.byte	16
 1611 062e 1D       		.byte	29
 1612 062f 0C       		.byte	12
 1613 0630 1E       		.byte	30
 1614 0631 0E       		.byte	14
 1615 0632 1F       		.byte	31
 1616 0633 02       		.byte	2
 1617 0634 22       		.byte	34
 1618 0635 21       		.byte	33
 1619 0636 24       		.byte	36
 1620 0637 02       		.byte	2
 1621 0638 25       		.byte	37
 1622 0639 07       		.byte	7
 1623 063a 26       		.byte	38
 1624 063b 04       		.byte	4
 1625 063c 28       		.byte	40
 1626 063d 0E       		.byte	14
 1627 063e 29       		.byte	41
 1628 063f 0B       		.byte	11
 1629 0640 2B       		.byte	43
 1630 0641 04       		.byte	4
 1631 0642 2D       		.byte	45
 1632 0643 08       		.byte	8
 1633 0644 2E       		.byte	46
 1634 0645 08       		.byte	8
 1635 0646 2F       		.byte	47
 1636 0647 01       		.byte	1
 1637 0648 30       		.byte	48
 1638 0649 01       		.byte	1
 1639 064a 31       		.byte	49
 1640 064b 0F       		.byte	15
 1641 064c 34       		.byte	52
 1642 064d 20       		.byte	32
 1643 064e 36       		.byte	54
 1644 064f 1E       		.byte	30
 1645 0650 3E       		.byte	62
 1646 0651 10       		.byte	16
 1647 0652 54       		.byte	84
 1648 0653 0F       		.byte	15
 1649 0654 56       		.byte	86
 1650 0655 04       		.byte	4
 1651 0656 58       		.byte	88
 1652 0657 04       		.byte	4
 1653 0658 59       		.byte	89
ARM GAS  C:\Users\dulan\AppData\Local\Temp\cciig9yt.s 			page 30


 1654 0659 04       		.byte	4
 1655 065a 5B       		.byte	91
 1656 065b 04       		.byte	4
 1657 065c 5F       		.byte	95
 1658 065d 01       		.byte	1
 1659 065e 84       		.byte	-124
 1660 065f 1C       		.byte	28
 1661 0660 85       		.byte	-123
 1662 0661 0E       		.byte	14
 1663 0662 87       		.byte	-121
 1664 0663 F0       		.byte	-16
 1665 0664 89       		.byte	-119
 1666 0665 FE       		.byte	-2
 1667 0666 8B       		.byte	-117
 1668 0667 01       		.byte	1
 1669 0668 8C       		.byte	-116
 1670 0669 14       		.byte	20
 1671 066a 8E       		.byte	-114
 1672 066b 29       		.byte	41
 1673 066c 92       		.byte	-110
 1674 066d C0       		.byte	-64
 1675 066e 94       		.byte	-108
 1676 066f 3D       		.byte	61
 1677 0670 95       		.byte	-107
 1678 0671 C5       		.byte	-59
 1679 0672 97       		.byte	-105
 1680 0673 3A       		.byte	58
 1681 0674 99       		.byte	-103
 1682 0675 7F       		.byte	127
 1683 0676 9A       		.byte	-102
 1684 0677 02       		.byte	2
 1685 0678 9C       		.byte	-100
 1686 0679 40       		.byte	64
 1687 067a 9D       		.byte	-99
 1688 067b A3       		.byte	-93
 1689 067c 9F       		.byte	-97
 1690 067d 5C       		.byte	92
 1691 067e A0       		.byte	-96
 1692 067f 31       		.byte	49
 1693 0680 A2       		.byte	-94
 1694 0681 0C       		.byte	12
 1695 0682 A3       		.byte	-93
 1696 0683 01       		.byte	1
 1697 0684 A4       		.byte	-92
 1698 0685 0D       		.byte	13
 1699 0686 A6       		.byte	-90
 1700 0687 30       		.byte	48
 1701 0688 A8       		.byte	-88
 1702 0689 29       		.byte	41
 1703 068a AA       		.byte	-86
 1704 068b 14       		.byte	20
 1705 068c AD       		.byte	-83
 1706 068d 96       		.byte	-106
 1707 068e AE       		.byte	-82
 1708 068f 40       		.byte	64
 1709 0690 AF       		.byte	-81
 1710 0691 68       		.byte	104
ARM GAS  C:\Users\dulan\AppData\Local\Temp\cciig9yt.s 			page 31


 1711 0692 B0       		.byte	-80
 1712 0693 03       		.byte	3
 1713 0694 B2       		.byte	-78
 1714 0695 3C       		.byte	60
 1715 0696 B4       		.byte	-76
 1716 0697 40       		.byte	64
 1717 0698 B5       		.byte	-75
 1718 0699 FF       		.byte	-1
 1719 069a B6       		.byte	-74
 1720 069b 80       		.byte	-128
 1721 069c BE       		.byte	-66
 1722 069d 10       		.byte	16
 1723 069e BF       		.byte	-65
 1724 069f 10       		.byte	16
 1725 06a0 D2       		.byte	-46
 1726 06a1 80       		.byte	-128
 1727 06a2 D8       		.byte	-40
 1728 06a3 04       		.byte	4
 1729 06a4 D9       		.byte	-39
 1730 06a5 04       		.byte	4
 1731 06a6 DB       		.byte	-37
 1732 06a7 04       		.byte	4
 1733 06a8 DF       		.byte	-33
 1734 06a9 01       		.byte	1
 1735 06aa 03       		.byte	3
 1736 06ab 22       		.byte	34
 1737 06ac 04       		.byte	4
 1738 06ad 20       		.byte	32
 1739 06ae 05       		.byte	5
 1740 06af 40       		.byte	64
 1741 06b0 09       		.byte	9
 1742 06b1 20       		.byte	32
 1743 06b2 0A       		.byte	10
 1744 06b3 52       		.byte	82
 1745 06b4 0C       		.byte	12
 1746 06b5 04       		.byte	4
 1747 06b6 0D       		.byte	13
 1748 06b7 12       		.byte	18
 1749 06b8 0E       		.byte	14
 1750 06b9 01       		.byte	1
 1751 06ba 10       		.byte	16
 1752 06bb 06       		.byte	6
 1753 06bc 11       		.byte	17
 1754 06bd 06       		.byte	6
 1755 06be 15       		.byte	21
 1756 06bf 05       		.byte	5
 1757 06c0 17       		.byte	23
 1758 06c1 50       		.byte	80
 1759 06c2 18       		.byte	24
 1760 06c3 20       		.byte	32
 1761 06c4 19       		.byte	25
 1762 06c5 11       		.byte	17
 1763 06c6 1A       		.byte	26
 1764 06c7 5A       		.byte	90
 1765 06c8 1B       		.byte	27
 1766 06c9 08       		.byte	8
 1767 06ca 1D       		.byte	29
ARM GAS  C:\Users\dulan\AppData\Local\Temp\cciig9yt.s 			page 32


 1768 06cb 02       		.byte	2
 1769 06cc 1E       		.byte	30
 1770 06cd 09       		.byte	9
 1771 06ce 1F       		.byte	31
 1772 06cf 80       		.byte	-128
 1773 06d0 21       		.byte	33
 1774 06d1 20       		.byte	32
 1775 06d2 25       		.byte	37
 1776 06d3 01       		.byte	1
 1777 06d4 27       		.byte	39
 1778 06d5 40       		.byte	64
 1779 06d6 29       		.byte	41
 1780 06d7 41       		.byte	65
 1781 06d8 2B       		.byte	43
 1782 06d9 02       		.byte	2
 1783 06da 2E       		.byte	46
 1784 06db 04       		.byte	4
 1785 06dc 2F       		.byte	47
 1786 06dd 2A       		.byte	42
 1787 06de 30       		.byte	48
 1788 06df 04       		.byte	4
 1789 06e0 31       		.byte	49
 1790 06e1 04       		.byte	4
 1791 06e2 33       		.byte	51
 1792 06e3 70       		.byte	112
 1793 06e4 35       		.byte	53
 1794 06e5 04       		.byte	4
 1795 06e6 37       		.byte	55
 1796 06e7 40       		.byte	64
 1797 06e8 38       		.byte	56
 1798 06e9 28       		.byte	40
 1799 06ea 39       		.byte	57
 1800 06eb 04       		.byte	4
 1801 06ec 3D       		.byte	61
 1802 06ed 04       		.byte	4
 1803 06ee 5C       		.byte	92
 1804 06ef 80       		.byte	-128
 1805 06f0 5E       		.byte	94
 1806 06f1 26       		.byte	38
 1807 06f2 66       		.byte	102
 1808 06f3 02       		.byte	2
 1809 06f4 70       		.byte	112
 1810 06f5 02       		.byte	2
 1811 06f6 82       		.byte	-126
 1812 06f7 01       		.byte	1
 1813 06f8 83       		.byte	-125
 1814 06f9 08       		.byte	8
 1815 06fa 8A       		.byte	-118
 1816 06fb 02       		.byte	2
 1817 06fc 90       		.byte	-112
 1818 06fd 08       		.byte	8
 1819 06fe 99       		.byte	-103
 1820 06ff 40       		.byte	64
 1821 0700 A8       		.byte	-88
 1822 0701 04       		.byte	4
 1823 0702 A9       		.byte	-87
 1824 0703 11       		.byte	17
ARM GAS  C:\Users\dulan\AppData\Local\Temp\cciig9yt.s 			page 33


 1825 0704 AA       		.byte	-86
 1826 0705 80       		.byte	-128
 1827 0706 AD       		.byte	-83
 1828 0707 01       		.byte	1
 1829 0708 AF       		.byte	-81
 1830 0709 10       		.byte	16
 1831 070a B2       		.byte	-78
 1832 070b 02       		.byte	2
 1833 070c B6       		.byte	-74
 1834 070d 40       		.byte	64
 1835 070e C0       		.byte	-64
 1836 070f C5       		.byte	-59
 1837 0710 C2       		.byte	-62
 1838 0711 FF       		.byte	-1
 1839 0712 C4       		.byte	-60
 1840 0713 FF       		.byte	-1
 1841 0714 CA       		.byte	-54
 1842 0715 79       		.byte	121
 1843 0716 CC       		.byte	-52
 1844 0717 5E       		.byte	94
 1845 0718 CE       		.byte	-50
 1846 0719 46       		.byte	70
 1847 071a D6       		.byte	-42
 1848 071b F0       		.byte	-16
 1849 071c D8       		.byte	-40
 1850 071d 80       		.byte	-128
 1851 071e E2       		.byte	-30
 1852 071f 80       		.byte	-128
 1853 0720 E8       		.byte	-24
 1854 0721 90       		.byte	-112
 1855 0722 E8       		.byte	-24
 1856 0723 80       		.byte	-128
 1857 0724 30       		.byte	48
 1858 0725 40       		.byte	64
 1859 0726 37       		.byte	55
 1860 0727 10       		.byte	16
 1861 0728 CC       		.byte	-52
 1862 0729 30       		.byte	48
 1863 072a 5F       		.byte	95
 1864 072b 80       		.byte	-128
 1865 072c 82       		.byte	-126
 1866 072d 04       		.byte	4
 1867 072e 83       		.byte	-125
 1868 072f 10       		.byte	16
 1869 0730 8C       		.byte	-116
 1870 0731 20       		.byte	32
 1871 0732 99       		.byte	-103
 1872 0733 02       		.byte	2
 1873 0734 9B       		.byte	-101
 1874 0735 80       		.byte	-128
 1875 0736 9C       		.byte	-100
 1876 0737 40       		.byte	64
 1877 0738 9F       		.byte	-97
 1878 0739 10       		.byte	16
 1879 073a A0       		.byte	-96
 1880 073b 08       		.byte	8
 1881 073c A3       		.byte	-93
ARM GAS  C:\Users\dulan\AppData\Local\Temp\cciig9yt.s 			page 34


 1882 073d 08       		.byte	8
 1883 073e A9       		.byte	-87
 1884 073f 02       		.byte	2
 1885 0740 AB       		.byte	-85
 1886 0741 80       		.byte	-128
 1887 0742 AF       		.byte	-81
 1888 0743 08       		.byte	8
 1889 0744 B4       		.byte	-76
 1890 0745 08       		.byte	8
 1891 0746 D6       		.byte	-42
 1892 0747 20       		.byte	32
 1893 0748 E2       		.byte	-30
 1894 0749 20       		.byte	32
 1895 074a E4       		.byte	-28
 1896 074b 20       		.byte	32
 1897 074c EA       		.byte	-22
 1898 074d 80       		.byte	-128
 1899 074e EE       		.byte	-18
 1900 074f 60       		.byte	96
 1901 0750 52       		.byte	82
 1902 0751 80       		.byte	-128
 1903 0752 57       		.byte	87
 1904 0753 08       		.byte	8
 1905 0754 84       		.byte	-124
 1906 0755 01       		.byte	1
 1907 0756 8E       		.byte	-114
 1908 0757 80       		.byte	-128
 1909 0758 98       		.byte	-104
 1910 0759 20       		.byte	32
 1911 075a 99       		.byte	-103
 1912 075b 02       		.byte	2
 1913 075c 9C       		.byte	-100
 1914 075d 40       		.byte	64
 1915 075e A0       		.byte	-96
 1916 075f 08       		.byte	8
 1917 0760 A3       		.byte	-93
 1918 0761 08       		.byte	8
 1919 0762 A6       		.byte	-90
 1920 0763 04       		.byte	4
 1921 0764 D4       		.byte	-44
 1922 0765 60       		.byte	96
 1923 0766 E6       		.byte	-26
 1924 0767 10       		.byte	16
 1925 0768 1B       		.byte	27
 1926 0769 01       		.byte	1
 1927 076a 1F       		.byte	31
 1928 076b 08       		.byte	8
 1929 076c 60       		.byte	96
 1930 076d 08       		.byte	8
 1931 076e 64       		.byte	100
 1932 076f 08       		.byte	8
 1933 0770 69       		.byte	105
 1934 0771 10       		.byte	16
 1935 0772 84       		.byte	-124
 1936 0773 08       		.byte	8
 1937 0774 85       		.byte	-123
 1938 0775 10       		.byte	16
ARM GAS  C:\Users\dulan\AppData\Local\Temp\cciig9yt.s 			page 35


 1939 0776 97       		.byte	-105
 1940 0777 02       		.byte	2
 1941 0778 98       		.byte	-104
 1942 0779 20       		.byte	32
 1943 077a 99       		.byte	-103
 1944 077b 02       		.byte	2
 1945 077c 9C       		.byte	-100
 1946 077d 40       		.byte	64
 1947 077e A0       		.byte	-96
 1948 077f 09       		.byte	9
 1949 0780 A6       		.byte	-90
 1950 0781 04       		.byte	4
 1951 0782 AB       		.byte	-85
 1952 0783 01       		.byte	1
 1953 0784 C6       		.byte	-58
 1954 0785 30       		.byte	48
 1955 0786 D8       		.byte	-40
 1956 0787 C0       		.byte	-64
 1957 0788 DA       		.byte	-38
 1958 0789 40       		.byte	64
 1959 078a E6       		.byte	-26
 1960 078b 10       		.byte	16
 1961 078c EC       		.byte	-20
 1962 078d 20       		.byte	32
 1963 078e 15       		.byte	21
 1964 078f 08       		.byte	8
 1965 0790 2A       		.byte	42
 1966 0791 80       		.byte	-128
 1967 0792 88       		.byte	-120
 1968 0793 04       		.byte	4
 1969 0794 8B       		.byte	-117
 1970 0795 08       		.byte	8
 1971 0796 C4       		.byte	-60
 1972 0797 04       		.byte	4
 1973 0798 CA       		.byte	-54
 1974 0799 08       		.byte	8
 1975 079a E0       		.byte	-32
 1976 079b 04       		.byte	4
 1977 079c E4       		.byte	-28
 1978 079d 01       		.byte	1
 1979 079e 85       		.byte	-123
 1980 079f 04       		.byte	4
 1981 07a0 91       		.byte	-111
 1982 07a1 08       		.byte	8
 1983 07a2 9B       		.byte	-101
 1984 07a3 08       		.byte	8
 1985 07a4 A0       		.byte	-96
 1986 07a5 04       		.byte	4
 1987 07a6 AA       		.byte	-86
 1988 07a7 80       		.byte	-128
 1989 07a8 54       		.byte	84
 1990 07a9 04       		.byte	4
 1991 07aa 9B       		.byte	-101
 1992 07ab 08       		.byte	8
 1993 07ac 9F       		.byte	-97
 1994 07ad 02       		.byte	2
 1995 07ae A0       		.byte	-96
ARM GAS  C:\Users\dulan\AppData\Local\Temp\cciig9yt.s 			page 36


 1996 07af 04       		.byte	4
 1997 07b0 B3       		.byte	-77
 1998 07b1 02       		.byte	2
 1999 07b2 D4       		.byte	-44
 2000 07b3 02       		.byte	2
 2001 07b4 EA       		.byte	-22
 2002 07b5 04       		.byte	4
 2003 07b6 9B       		.byte	-101
 2004 07b7 08       		.byte	8
 2005 07b8 9F       		.byte	-97
 2006 07b9 02       		.byte	2
 2007 07ba 50       		.byte	80
 2008 07bb 08       		.byte	8
 2009 07bc 54       		.byte	84
 2010 07bd 01       		.byte	1
 2011 07be 57       		.byte	87
 2012 07bf 08       		.byte	8
 2013 07c0 58       		.byte	88
 2014 07c1 20       		.byte	32
 2015 07c2 88       		.byte	-120
 2016 07c3 40       		.byte	64
 2017 07c4 97       		.byte	-105
 2018 07c5 02       		.byte	2
 2019 07c6 98       		.byte	-104
 2020 07c7 20       		.byte	32
 2021 07c8 99       		.byte	-103
 2022 07c9 02       		.byte	2
 2023 07ca 9C       		.byte	-100
 2024 07cb 40       		.byte	64
 2025 07cc A0       		.byte	-96
 2026 07cd 09       		.byte	9
 2027 07ce A3       		.byte	-93
 2028 07cf 08       		.byte	8
 2029 07d0 A6       		.byte	-90
 2030 07d1 04       		.byte	4
 2031 07d2 B3       		.byte	-77
 2032 07d3 01       		.byte	1
 2033 07d4 B7       		.byte	-73
 2034 07d5 08       		.byte	8
 2035 07d6 D4       		.byte	-44
 2036 07d7 E0       		.byte	-32
 2037 07d8 D6       		.byte	-42
 2038 07d9 20       		.byte	32
 2039 07da 0B       		.byte	11
 2040 07db 02       		.byte	2
 2041 07dc 0E       		.byte	14
 2042 07dd 08       		.byte	8
 2043 07de 75       		.byte	117
 2044 07df 02       		.byte	2
 2045 07e0 97       		.byte	-105
 2046 07e1 02       		.byte	2
 2047 07e2 99       		.byte	-103
 2048 07e3 02       		.byte	2
 2049 07e4 A6       		.byte	-90
 2050 07e5 04       		.byte	4
 2051 07e6 C2       		.byte	-62
 2052 07e7 C0       		.byte	-64
ARM GAS  C:\Users\dulan\AppData\Local\Temp\cciig9yt.s 			page 37


 2053 07e8 DE       		.byte	-34
 2054 07e9 20       		.byte	32
 2055 07ea 5F       		.byte	95
 2056 07eb 08       		.byte	8
 2057 07ec 67       		.byte	103
 2058 07ed 08       		.byte	8
 2059 07ee 93       		.byte	-109
 2060 07ef 08       		.byte	8
 2061 07f0 9B       		.byte	-101
 2062 07f1 08       		.byte	8
 2063 07f2 9F       		.byte	-97
 2064 07f3 02       		.byte	2
 2065 07f4 B3       		.byte	-77
 2066 07f5 04       		.byte	4
 2067 07f6 D6       		.byte	-42
 2068 07f7 01       		.byte	1
 2069 07f8 D8       		.byte	-40
 2070 07f9 01       		.byte	1
 2071 07fa E8       		.byte	-24
 2072 07fb 01       		.byte	1
 2073 07fc 13       		.byte	19
 2074 07fd 02       		.byte	2
 2075 07fe 9F       		.byte	-97
 2076 07ff 02       		.byte	2
 2077 0800 C4       		.byte	-60
 2078 0801 08       		.byte	8
 2079 0802 00       		.byte	0
 2080 0803 01       		.byte	1
 2081 0804 01       		.byte	1
 2082 0805 01       		.byte	1
 2083 0806 08       		.byte	8
 2084 0807 01       		.byte	1
 2085 0808 09       		.byte	9
 2086 0809 01       		.byte	1
 2087 080a 0A       		.byte	10
 2088 080b 01       		.byte	1
 2089 080c 10       		.byte	16
 2090 080d 01       		.byte	1
 2091 080e 1A       		.byte	26
 2092 080f 01       		.byte	1
 2093 0810 00       		.byte	0
 2094 0811 0F       		.byte	15
 2095 0812 00       		.byte	0
 2096 0813 00       		.byte	0
 2097 0814 00       		.byte	0
 2098 0815 01       		.byte	1
 2099 0816 01       		.byte	1
 2100 0817 00       		.byte	0
 2101 0818 01       		.byte	1
 2102 0819 00       		.byte	0
 2103 081a 00       		.byte	0
 2104 081b 00       		.byte	0
 2105 081c 60       		.byte	96
 2106 081d 07       		.byte	7
 2107 081e 07       		.byte	7
 2108 081f 00       		.byte	0
 2109 0820 07       		.byte	7
ARM GAS  C:\Users\dulan\AppData\Local\Temp\cciig9yt.s 			page 38


 2110 0821 00       		.byte	0
 2111 0822 00       		.byte	0
 2112 0823 00       		.byte	0
 2113 0824 00       		.byte	0
 2114 0825 1F       		.byte	31
 2115 0826 1F       		.byte	31
 2116 0827 00       		.byte	0
 2117 0828 1F       		.byte	31
 2118 0829 00       		.byte	0
 2119 082a 00       		.byte	0
 2120 082b 00       		.byte	0
 2121 082c 00       		.byte	0
 2122 082d CB       		.byte	-53
 2123 082e CB       		.byte	-53
 2124 082f 00       		.byte	0
 2125 0830 C0       		.byte	-64
 2126 0831 00       		.byte	0
 2127 0832 00       		.byte	0
 2128 0833 00       		.byte	0
 2129 0834 00       		.byte	0
 2130 0835 07       		.byte	7
 2131 0836 07       		.byte	7
 2132 0837 00       		.byte	0
 2133 0838 00       		.byte	0
 2134 0839 00       		.byte	0
 2135 083a 00       		.byte	0
 2136 083b 00       		.byte	0
 2137 083c C0       		.byte	-64
 2138 083d 00       		.byte	0
 2139 083e 00       		.byte	0
 2140 083f 00       		.byte	0
 2141 0840 00       		.byte	0
 2142 0841 00       		.byte	0
 2143 0842 0F       		.byte	15
 2144 0843 00       		.byte	0
 2145 0844 2F       		.byte	47
 2146 0845 00       		.byte	0
 2147 0846 1C       		.byte	28
 2148 0847 01       		.byte	1
 2149              		.section	.cywolatch,"a",%progbits
 2150              		.align	2
 2151              		.type	cy_meta_wonvl, %object
 2152              		.size	cy_meta_wonvl, 4
 2153              	cy_meta_wonvl:
 2154 0000 BC       		.byte	-68
 2155 0001 90       		.byte	-112
 2156 0002 AC       		.byte	-84
 2157 0003 AF       		.byte	-81
 2158              		.section	.cycustnvl,"a",%progbits
 2159              		.align	2
 2160              		.type	cy_meta_custnvl, %object
 2161              		.size	cy_meta_custnvl, 4
 2162              	cy_meta_custnvl:
 2163 0000 00       		.byte	0
 2164 0001 00       		.byte	0
 2165 0002 40       		.byte	64
 2166 0003 05       		.byte	5
ARM GAS  C:\Users\dulan\AppData\Local\Temp\cciig9yt.s 			page 39


 2167              		.section	.cymeta,"a",%progbits
 2168              		.align	2
 2169              		.type	cy_metadata, %object
 2170              		.size	cy_metadata, 12
 2171              	cy_metadata:
 2172 0000 00       		.byte	0
 2173 0001 01       		.byte	1
 2174 0002 2E       		.byte	46
 2175 0003 16       		.byte	22
 2176 0004 10       		.byte	16
 2177 0005 69       		.byte	105
 2178 0006 00       		.byte	0
 2179 0007 01       		.byte	1
 2180 0008 00       		.byte	0
 2181 0009 00       		.byte	0
 2182 000a 00       		.byte	0
 2183 000b 00       		.byte	0
 2184              		.section	.cyflashprotect,"a",%progbits
 2185              		.align	2
 2186              		.type	cy_meta_flashprotect, %object
 2187              		.size	cy_meta_flashprotect, 256
 2188              	cy_meta_flashprotect:
 2189 0000 00000000 		.space	256
 2189      00000000 
 2189      00000000 
 2189      00000000 
 2189      00000000 
 2190              		.text
 2191              	.Letext0:
 2192              		.file 1 "c:\\program files (x86)\\cypress\\psoc creator\\4.4\\psoc creator\\import\\gnu\\arm\\5.4.
 2193              		.file 2 "c:\\program files (x86)\\cypress\\psoc creator\\4.4\\psoc creator\\import\\gnu\\arm\\5.4.
 2194              		.file 3 "Generated_Source\\PSoC5\\cymetadata.c"
 2195              		.section	.debug_info,"",%progbits
 2196              	.Ldebug_info0:
 2197 0000 35010000 		.4byte	0x135
 2198 0004 0400     		.2byte	0x4
 2199 0006 00000000 		.4byte	.Ldebug_abbrev0
 2200 000a 04       		.byte	0x4
 2201 000b 01       		.uleb128 0x1
 2202 000c 8F000000 		.4byte	.LASF17
 2203 0010 0C       		.byte	0xc
 2204 0011 E9010000 		.4byte	.LASF18
 2205 0015 0A000000 		.4byte	.LASF19
 2206 0019 00000000 		.4byte	.Ldebug_line0
 2207 001d 02       		.uleb128 0x2
 2208 001e 01       		.byte	0x1
 2209 001f 06       		.byte	0x6
 2210 0020 DD010000 		.4byte	.LASF0
 2211 0024 03       		.uleb128 0x3
 2212 0025 00000000 		.4byte	.LASF9
 2213 0029 01       		.byte	0x1
 2214 002a 1D       		.byte	0x1d
 2215 002b 2F000000 		.4byte	0x2f
 2216 002f 02       		.uleb128 0x2
 2217 0030 01       		.byte	0x1
 2218 0031 08       		.byte	0x8
 2219 0032 81000000 		.4byte	.LASF1
ARM GAS  C:\Users\dulan\AppData\Local\Temp\cciig9yt.s 			page 40


 2220 0036 02       		.uleb128 0x2
 2221 0037 02       		.byte	0x2
 2222 0038 05       		.byte	0x5
 2223 0039 CA010000 		.4byte	.LASF2
 2224 003d 02       		.uleb128 0x2
 2225 003e 02       		.byte	0x2
 2226 003f 07       		.byte	0x7
 2227 0040 2F010000 		.4byte	.LASF3
 2228 0044 02       		.uleb128 0x2
 2229 0045 04       		.byte	0x4
 2230 0046 05       		.byte	0x5
 2231 0047 D4010000 		.4byte	.LASF4
 2232 004b 02       		.uleb128 0x2
 2233 004c 04       		.byte	0x4
 2234 004d 07       		.byte	0x7
 2235 004e 1D010000 		.4byte	.LASF5
 2236 0052 02       		.uleb128 0x2
 2237 0053 08       		.byte	0x8
 2238 0054 05       		.byte	0x5
 2239 0055 BC010000 		.4byte	.LASF6
 2240 0059 02       		.uleb128 0x2
 2241 005a 08       		.byte	0x8
 2242 005b 07       		.byte	0x7
 2243 005c 71010000 		.4byte	.LASF7
 2244 0060 04       		.uleb128 0x4
 2245 0061 04       		.byte	0x4
 2246 0062 05       		.byte	0x5
 2247 0063 696E7400 		.ascii	"int\000"
 2248 0067 02       		.uleb128 0x2
 2249 0068 04       		.byte	0x4
 2250 0069 07       		.byte	0x7
 2251 006a 64010000 		.4byte	.LASF8
 2252 006e 03       		.uleb128 0x3
 2253 006f 88010000 		.4byte	.LASF10
 2254 0073 02       		.byte	0x2
 2255 0074 18       		.byte	0x18
 2256 0075 24000000 		.4byte	0x24
 2257 0079 05       		.uleb128 0x5
 2258 007a 91000000 		.4byte	0x91
 2259 007e 8A000000 		.4byte	0x8a
 2260 0082 06       		.uleb128 0x6
 2261 0083 8A000000 		.4byte	0x8a
 2262 0087 4708     		.2byte	0x847
 2263 0089 00       		.byte	0
 2264 008a 02       		.uleb128 0x2
 2265 008b 04       		.byte	0x4
 2266 008c 07       		.byte	0x7
 2267 008d B3010000 		.4byte	.LASF11
 2268 0091 07       		.uleb128 0x7
 2269 0092 6E000000 		.4byte	0x6e
 2270 0096 08       		.uleb128 0x8
 2271 0097 52010000 		.4byte	.LASF12
 2272 009b 03       		.byte	0x3
 2273 009c 1F       		.byte	0x1f
 2274 009d A7000000 		.4byte	0xa7
 2275 00a1 05       		.uleb128 0x5
 2276 00a2 03       		.byte	0x3
ARM GAS  C:\Users\dulan\AppData\Local\Temp\cciig9yt.s 			page 41


 2277 00a3 00000000 		.4byte	cy_meta_configecc
 2278 00a7 07       		.uleb128 0x7
 2279 00a8 79000000 		.4byte	0x79
 2280 00ac 05       		.uleb128 0x5
 2281 00ad 91000000 		.4byte	0x91
 2282 00b1 BC000000 		.4byte	0xbc
 2283 00b5 09       		.uleb128 0x9
 2284 00b6 8A000000 		.4byte	0x8a
 2285 00ba 03       		.byte	0x3
 2286 00bb 00       		.byte	0
 2287 00bc 0A       		.uleb128 0xa
 2288 00bd 42010000 		.4byte	.LASF13
 2289 00c1 03       		.byte	0x3
 2290 00c2 3501     		.2byte	0x135
 2291 00c4 CE000000 		.4byte	0xce
 2292 00c8 05       		.uleb128 0x5
 2293 00c9 03       		.byte	0x3
 2294 00ca 00000000 		.4byte	cy_meta_custnvl
 2295 00ce 07       		.uleb128 0x7
 2296 00cf AC000000 		.4byte	0xac
 2297 00d3 0A       		.uleb128 0xa
 2298 00d4 A5010000 		.4byte	.LASF14
 2299 00d8 03       		.byte	0x3
 2300 00d9 4301     		.2byte	0x143
 2301 00db E5000000 		.4byte	0xe5
 2302 00df 05       		.uleb128 0x5
 2303 00e0 03       		.byte	0x3
 2304 00e1 00000000 		.4byte	cy_meta_wonvl
 2305 00e5 07       		.uleb128 0x7
 2306 00e6 AC000000 		.4byte	0xac
 2307 00ea 05       		.uleb128 0x5
 2308 00eb 91000000 		.4byte	0x91
 2309 00ef FA000000 		.4byte	0xfa
 2310 00f3 09       		.uleb128 0x9
 2311 00f4 8A000000 		.4byte	0x8a
 2312 00f8 FF       		.byte	0xff
 2313 00f9 00       		.byte	0
 2314 00fa 0A       		.uleb128 0xa
 2315 00fb 90010000 		.4byte	.LASF15
 2316 00ff 03       		.byte	0x3
 2317 0100 5101     		.2byte	0x151
 2318 0102 0C010000 		.4byte	0x10c
 2319 0106 05       		.uleb128 0x5
 2320 0107 03       		.byte	0x3
 2321 0108 00000000 		.4byte	cy_meta_flashprotect
 2322 010c 07       		.uleb128 0x7
 2323 010d EA000000 		.4byte	0xea
 2324 0111 05       		.uleb128 0x5
 2325 0112 91000000 		.4byte	0x91
 2326 0116 21010000 		.4byte	0x121
 2327 011a 09       		.uleb128 0x9
 2328 011b 8A000000 		.4byte	0x8a
 2329 011f 0B       		.byte	0xb
 2330 0120 00       		.byte	0
 2331 0121 0A       		.uleb128 0xa
 2332 0122 75000000 		.4byte	.LASF16
 2333 0126 03       		.byte	0x3
ARM GAS  C:\Users\dulan\AppData\Local\Temp\cciig9yt.s 			page 42


 2334 0127 7E01     		.2byte	0x17e
 2335 0129 33010000 		.4byte	0x133
 2336 012d 05       		.uleb128 0x5
 2337 012e 03       		.byte	0x3
 2338 012f 00000000 		.4byte	cy_metadata
 2339 0133 07       		.uleb128 0x7
 2340 0134 11010000 		.4byte	0x111
 2341 0138 00       		.byte	0
 2342              		.section	.debug_abbrev,"",%progbits
 2343              	.Ldebug_abbrev0:
 2344 0000 01       		.uleb128 0x1
 2345 0001 11       		.uleb128 0x11
 2346 0002 01       		.byte	0x1
 2347 0003 25       		.uleb128 0x25
 2348 0004 0E       		.uleb128 0xe
 2349 0005 13       		.uleb128 0x13
 2350 0006 0B       		.uleb128 0xb
 2351 0007 03       		.uleb128 0x3
 2352 0008 0E       		.uleb128 0xe
 2353 0009 1B       		.uleb128 0x1b
 2354 000a 0E       		.uleb128 0xe
 2355 000b 10       		.uleb128 0x10
 2356 000c 17       		.uleb128 0x17
 2357 000d 00       		.byte	0
 2358 000e 00       		.byte	0
 2359 000f 02       		.uleb128 0x2
 2360 0010 24       		.uleb128 0x24
 2361 0011 00       		.byte	0
 2362 0012 0B       		.uleb128 0xb
 2363 0013 0B       		.uleb128 0xb
 2364 0014 3E       		.uleb128 0x3e
 2365 0015 0B       		.uleb128 0xb
 2366 0016 03       		.uleb128 0x3
 2367 0017 0E       		.uleb128 0xe
 2368 0018 00       		.byte	0
 2369 0019 00       		.byte	0
 2370 001a 03       		.uleb128 0x3
 2371 001b 16       		.uleb128 0x16
 2372 001c 00       		.byte	0
 2373 001d 03       		.uleb128 0x3
 2374 001e 0E       		.uleb128 0xe
 2375 001f 3A       		.uleb128 0x3a
 2376 0020 0B       		.uleb128 0xb
 2377 0021 3B       		.uleb128 0x3b
 2378 0022 0B       		.uleb128 0xb
 2379 0023 49       		.uleb128 0x49
 2380 0024 13       		.uleb128 0x13
 2381 0025 00       		.byte	0
 2382 0026 00       		.byte	0
 2383 0027 04       		.uleb128 0x4
 2384 0028 24       		.uleb128 0x24
 2385 0029 00       		.byte	0
 2386 002a 0B       		.uleb128 0xb
 2387 002b 0B       		.uleb128 0xb
 2388 002c 3E       		.uleb128 0x3e
 2389 002d 0B       		.uleb128 0xb
 2390 002e 03       		.uleb128 0x3
ARM GAS  C:\Users\dulan\AppData\Local\Temp\cciig9yt.s 			page 43


 2391 002f 08       		.uleb128 0x8
 2392 0030 00       		.byte	0
 2393 0031 00       		.byte	0
 2394 0032 05       		.uleb128 0x5
 2395 0033 01       		.uleb128 0x1
 2396 0034 01       		.byte	0x1
 2397 0035 49       		.uleb128 0x49
 2398 0036 13       		.uleb128 0x13
 2399 0037 01       		.uleb128 0x1
 2400 0038 13       		.uleb128 0x13
 2401 0039 00       		.byte	0
 2402 003a 00       		.byte	0
 2403 003b 06       		.uleb128 0x6
 2404 003c 21       		.uleb128 0x21
 2405 003d 00       		.byte	0
 2406 003e 49       		.uleb128 0x49
 2407 003f 13       		.uleb128 0x13
 2408 0040 2F       		.uleb128 0x2f
 2409 0041 05       		.uleb128 0x5
 2410 0042 00       		.byte	0
 2411 0043 00       		.byte	0
 2412 0044 07       		.uleb128 0x7
 2413 0045 26       		.uleb128 0x26
 2414 0046 00       		.byte	0
 2415 0047 49       		.uleb128 0x49
 2416 0048 13       		.uleb128 0x13
 2417 0049 00       		.byte	0
 2418 004a 00       		.byte	0
 2419 004b 08       		.uleb128 0x8
 2420 004c 34       		.uleb128 0x34
 2421 004d 00       		.byte	0
 2422 004e 03       		.uleb128 0x3
 2423 004f 0E       		.uleb128 0xe
 2424 0050 3A       		.uleb128 0x3a
 2425 0051 0B       		.uleb128 0xb
 2426 0052 3B       		.uleb128 0x3b
 2427 0053 0B       		.uleb128 0xb
 2428 0054 49       		.uleb128 0x49
 2429 0055 13       		.uleb128 0x13
 2430 0056 3F       		.uleb128 0x3f
 2431 0057 19       		.uleb128 0x19
 2432 0058 02       		.uleb128 0x2
 2433 0059 18       		.uleb128 0x18
 2434 005a 00       		.byte	0
 2435 005b 00       		.byte	0
 2436 005c 09       		.uleb128 0x9
 2437 005d 21       		.uleb128 0x21
 2438 005e 00       		.byte	0
 2439 005f 49       		.uleb128 0x49
 2440 0060 13       		.uleb128 0x13
 2441 0061 2F       		.uleb128 0x2f
 2442 0062 0B       		.uleb128 0xb
 2443 0063 00       		.byte	0
 2444 0064 00       		.byte	0
 2445 0065 0A       		.uleb128 0xa
 2446 0066 34       		.uleb128 0x34
 2447 0067 00       		.byte	0
ARM GAS  C:\Users\dulan\AppData\Local\Temp\cciig9yt.s 			page 44


 2448 0068 03       		.uleb128 0x3
 2449 0069 0E       		.uleb128 0xe
 2450 006a 3A       		.uleb128 0x3a
 2451 006b 0B       		.uleb128 0xb
 2452 006c 3B       		.uleb128 0x3b
 2453 006d 05       		.uleb128 0x5
 2454 006e 49       		.uleb128 0x49
 2455 006f 13       		.uleb128 0x13
 2456 0070 3F       		.uleb128 0x3f
 2457 0071 19       		.uleb128 0x19
 2458 0072 02       		.uleb128 0x2
 2459 0073 18       		.uleb128 0x18
 2460 0074 00       		.byte	0
 2461 0075 00       		.byte	0
 2462 0076 00       		.byte	0
 2463              		.section	.debug_aranges,"",%progbits
 2464 0000 14000000 		.4byte	0x14
 2465 0004 0200     		.2byte	0x2
 2466 0006 00000000 		.4byte	.Ldebug_info0
 2467 000a 04       		.byte	0x4
 2468 000b 00       		.byte	0
 2469 000c 0000     		.2byte	0
 2470 000e 0000     		.2byte	0
 2471 0010 00000000 		.4byte	0
 2472 0014 00000000 		.4byte	0
 2473              		.section	.debug_line,"",%progbits
 2474              	.Ldebug_line0:
 2475 0000 3D010000 		.section	.debug_str,"MS",%progbits,1
 2475      02003701 
 2475      00000201 
 2475      FB0E0D00 
 2475      01010101 
 2476              	.LASF9:
 2477 0000 5F5F7569 		.ascii	"__uint8_t\000"
 2477      6E74385F 
 2477      7400
 2478              	.LASF19:
 2479 000a 433A5C55 		.ascii	"C:\\Users\\dulan\\OneDrive\\Desktop\\ENGGEN\\2023_s"
 2479      73657273 
 2479      5C64756C 
 2479      616E5C4F 
 2479      6E654472 
 2480 0037 656D325C 		.ascii	"em2\\301\\COMPSYS301\\Dulanya\\CS301_15.cydsn\\Addi"
 2480      3330315C 
 2480      434F4D50 
 2480      53595333 
 2480      30315C44 
 2481 0065 74696F6E 		.ascii	"tional_HD.cydsn\000"
 2481      616C5F48 
 2481      442E6379 
 2481      64736E00 
 2482              	.LASF16:
 2483 0075 63795F6D 		.ascii	"cy_metadata\000"
 2483      65746164 
 2483      61746100 
 2484              	.LASF1:
 2485 0081 756E7369 		.ascii	"unsigned char\000"
ARM GAS  C:\Users\dulan\AppData\Local\Temp\cciig9yt.s 			page 45


 2485      676E6564 
 2485      20636861 
 2485      7200
 2486              	.LASF17:
 2487 008f 474E5520 		.ascii	"GNU C11 5.4.1 20160609 (release) [ARM/embedded-5-br"
 2487      43313120 
 2487      352E342E 
 2487      31203230 
 2487      31363036 
 2488 00c2 616E6368 		.ascii	"anch revision 237715] -mcpu=cortex-m3 -mthumb -g -O"
 2488      20726576 
 2488      6973696F 
 2488      6E203233 
 2488      37373135 
 2489 00f5 67202D66 		.ascii	"g -ffunction-sections -ffat-lto-objects\000"
 2489      66756E63 
 2489      74696F6E 
 2489      2D736563 
 2489      74696F6E 
 2490              	.LASF5:
 2491 011d 6C6F6E67 		.ascii	"long unsigned int\000"
 2491      20756E73 
 2491      69676E65 
 2491      6420696E 
 2491      7400
 2492              	.LASF3:
 2493 012f 73686F72 		.ascii	"short unsigned int\000"
 2493      7420756E 
 2493      7369676E 
 2493      65642069 
 2493      6E7400
 2494              	.LASF13:
 2495 0142 63795F6D 		.ascii	"cy_meta_custnvl\000"
 2495      6574615F 
 2495      63757374 
 2495      6E766C00 
 2496              	.LASF12:
 2497 0152 63795F6D 		.ascii	"cy_meta_configecc\000"
 2497      6574615F 
 2497      636F6E66 
 2497      69676563 
 2497      6300
 2498              	.LASF8:
 2499 0164 756E7369 		.ascii	"unsigned int\000"
 2499      676E6564 
 2499      20696E74 
 2499      00
 2500              	.LASF7:
 2501 0171 6C6F6E67 		.ascii	"long long unsigned int\000"
 2501      206C6F6E 
 2501      6720756E 
 2501      7369676E 
 2501      65642069 
 2502              	.LASF10:
 2503 0188 75696E74 		.ascii	"uint8_t\000"
 2503      385F7400 
 2504              	.LASF15:
ARM GAS  C:\Users\dulan\AppData\Local\Temp\cciig9yt.s 			page 46


 2505 0190 63795F6D 		.ascii	"cy_meta_flashprotect\000"
 2505      6574615F 
 2505      666C6173 
 2505      6870726F 
 2505      74656374 
 2506              	.LASF14:
 2507 01a5 63795F6D 		.ascii	"cy_meta_wonvl\000"
 2507      6574615F 
 2507      776F6E76 
 2507      6C00
 2508              	.LASF11:
 2509 01b3 73697A65 		.ascii	"sizetype\000"
 2509      74797065 
 2509      00
 2510              	.LASF6:
 2511 01bc 6C6F6E67 		.ascii	"long long int\000"
 2511      206C6F6E 
 2511      6720696E 
 2511      7400
 2512              	.LASF2:
 2513 01ca 73686F72 		.ascii	"short int\000"
 2513      7420696E 
 2513      7400
 2514              	.LASF4:
 2515 01d4 6C6F6E67 		.ascii	"long int\000"
 2515      20696E74 
 2515      00
 2516              	.LASF0:
 2517 01dd 7369676E 		.ascii	"signed char\000"
 2517      65642063 
 2517      68617200 
 2518              	.LASF18:
 2519 01e9 47656E65 		.ascii	"Generated_Source\\PSoC5\\cymetadata.c\000"
 2519      72617465 
 2519      645F536F 
 2519      75726365 
 2519      5C50536F 
 2520              		.ident	"GCC: (GNU Tools for ARM Embedded Processors) 5.4.1 20160609 (release) [ARM/embedded-5-bran
