ARM GAS  C:\Users\ukul426\AppData\Local\Temp\ccCc4Aiu.s 			page 1


   1              		.syntax unified
   2              		.cpu cortex-m3
   3              		.fpu softvfp
   4              		.eabi_attribute 20, 1
   5              		.eabi_attribute 21, 1
   6              		.eabi_attribute 23, 3
   7              		.eabi_attribute 24, 1
   8              		.eabi_attribute 25, 1
   9              		.eabi_attribute 26, 1
  10              		.eabi_attribute 30, 1
  11              		.eabi_attribute 34, 1
  12              		.eabi_attribute 18, 4
  13              		.thumb
  14              		.syntax unified
  15              		.file	"cymetadata.c"
  16              		.text
  17              	.Ltext0:
  18              		.cfi_sections	.debug_frame
  19              		.global	cy_metadata
  20              		.global	cy_meta_flashprotect
  21              		.global	cy_meta_wonvl
  22              		.global	cy_meta_custnvl
  23              		.global	cy_meta_configecc
  24              		.section	.cyconfigecc,"a",%progbits
  25              		.align	2
  26              		.type	cy_meta_configecc, %object
  27              		.size	cy_meta_configecc, 2096
  28              	cy_meta_configecc:
  29 0000 06       		.byte	6
  30 0001 4F       		.byte	79
  31 0002 00       		.byte	0
  32 0003 40       		.byte	64
  33 0004 08       		.byte	8
  34 0005 52       		.byte	82
  35 0006 00       		.byte	0
  36 0007 40       		.byte	64
  37 0008 03       		.byte	3
  38 0009 64       		.byte	100
  39 000a 00       		.byte	0
  40 000b 40       		.byte	64
  41 000c 03       		.byte	3
  42 000d 65       		.byte	101
  43 000e 00       		.byte	0
  44 000f 40       		.byte	64
  45 0010 41       		.byte	65
  46 0011 00       		.byte	0
  47 0012 01       		.byte	1
  48 0013 40       		.byte	64
  49 0014 32       		.byte	50
  50 0015 01       		.byte	1
  51 0016 01       		.byte	1
  52 0017 40       		.byte	64
  53 0018 42       		.byte	66
  54 0019 02       		.byte	2
  55 001a 01       		.byte	1
  56 001b 40       		.byte	64
  57 001c 3F       		.byte	63
ARM GAS  C:\Users\ukul426\AppData\Local\Temp\ccCc4Aiu.s 			page 2


  58 001d 03       		.byte	3
  59 001e 01       		.byte	1
  60 001f 40       		.byte	64
  61 0020 55       		.byte	85
  62 0021 04       		.byte	4
  63 0022 01       		.byte	1
  64 0023 40       		.byte	64
  65 0024 49       		.byte	73
  66 0025 05       		.byte	5
  67 0026 01       		.byte	1
  68 0027 40       		.byte	64
  69 0028 56       		.byte	86
  70 0029 06       		.byte	6
  71 002a 01       		.byte	1
  72 002b 40       		.byte	64
  73 002c 41       		.byte	65
  74 002d 07       		.byte	7
  75 002e 01       		.byte	1
  76 002f 40       		.byte	64
  77 0030 02       		.byte	2
  78 0031 09       		.byte	9
  79 0032 01       		.byte	1
  80 0033 40       		.byte	64
  81 0034 02       		.byte	2
  82 0035 0D       		.byte	13
  83 0036 01       		.byte	1
  84 0037 40       		.byte	64
  85 0038 01       		.byte	1
  86 0039 0F       		.byte	15
  87 003a 01       		.byte	1
  88 003b 40       		.byte	64
  89 003c 38       		.byte	56
  90 003d 14       		.byte	20
  91 003e 01       		.byte	1
  92 003f 40       		.byte	64
  93 0040 38       		.byte	56
  94 0041 15       		.byte	21
  95 0042 01       		.byte	1
  96 0043 40       		.byte	64
  97 0044 14       		.byte	20
  98 0045 16       		.byte	22
  99 0046 01       		.byte	1
 100 0047 40       		.byte	64
 101 0048 41       		.byte	65
 102 0049 17       		.byte	23
 103 004a 01       		.byte	1
 104 004b 40       		.byte	64
 105 004c 07       		.byte	7
 106 004d 40       		.byte	64
 107 004e 01       		.byte	1
 108 004f 40       		.byte	64
 109 0050 0F       		.byte	15
 110 0051 41       		.byte	65
 111 0052 01       		.byte	1
 112 0053 40       		.byte	64
 113 0054 10       		.byte	16
 114 0055 42       		.byte	66
ARM GAS  C:\Users\ukul426\AppData\Local\Temp\ccCc4Aiu.s 			page 3


 115 0056 01       		.byte	1
 116 0057 40       		.byte	64
 117 0058 0B       		.byte	11
 118 0059 43       		.byte	67
 119 005a 01       		.byte	1
 120 005b 40       		.byte	64
 121 005c 05       		.byte	5
 122 005d 44       		.byte	68
 123 005e 01       		.byte	1
 124 005f 40       		.byte	64
 125 0060 06       		.byte	6
 126 0061 45       		.byte	69
 127 0062 01       		.byte	1
 128 0063 40       		.byte	64
 129 0064 02       		.byte	2
 130 0065 46       		.byte	70
 131 0066 01       		.byte	1
 132 0067 40       		.byte	64
 133 0068 05       		.byte	5
 134 0069 47       		.byte	71
 135 006a 01       		.byte	1
 136 006b 40       		.byte	64
 137 006c 0D       		.byte	13
 138 006d 48       		.byte	72
 139 006e 01       		.byte	1
 140 006f 40       		.byte	64
 141 0070 0D       		.byte	13
 142 0071 49       		.byte	73
 143 0072 01       		.byte	1
 144 0073 40       		.byte	64
 145 0074 0A       		.byte	10
 146 0075 4C       		.byte	76
 147 0076 01       		.byte	1
 148 0077 40       		.byte	64
 149 0078 03       		.byte	3
 150 0079 4D       		.byte	77
 151 007a 01       		.byte	1
 152 007b 40       		.byte	64
 153 007c 0A       		.byte	10
 154 007d 50       		.byte	80
 155 007e 01       		.byte	1
 156 007f 40       		.byte	64
 157 0080 01       		.byte	1
 158 0081 51       		.byte	81
 159 0082 01       		.byte	1
 160 0083 40       		.byte	64
 161 0084 01       		.byte	1
 162 0085 20       		.byte	32
 163 0086 0A       		.byte	10
 164 0087 4B       		.byte	75
 165 0088 0D       		.byte	13
 166 0089 20       		.byte	32
 167 008a 16       		.byte	22
 168 008b 4B       		.byte	75
 169 008c 19       		.byte	25
 170 008d 10       		.byte	16
 171 008e 22       		.byte	34
ARM GAS  C:\Users\ukul426\AppData\Local\Temp\ccCc4Aiu.s 			page 4


 172 008f 4B       		.byte	75
 173 0090 00       		.byte	0
 174 0091 01       		.byte	1
 175 0092 01       		.byte	1
 176 0093 01       		.byte	1
 177 0094 08       		.byte	8
 178 0095 40       		.byte	64
 179 0096 09       		.byte	9
 180 0097 40       		.byte	64
 181 0098 60       		.byte	96
 182 0099 02       		.byte	2
 183 009a 61       		.byte	97
 184 009b 03       		.byte	3
 185 009c 78       		.byte	120
 186 009d 19       		.byte	25
 187 009e 79       		.byte	121
 188 009f 15       		.byte	21
 189 00a0 76       		.byte	118
 190 00a1 03       		.byte	3
 191 00a2 82       		.byte	-126
 192 00a3 0F       		.byte	15
 193 00a4 85       		.byte	-123
 194 00a5 6F       		.byte	111
 195 00a6 74       		.byte	116
 196 00a7 03       		.byte	3
 197 00a8 84       		.byte	-124
 198 00a9 0F       		.byte	15
 199 00aa 87       		.byte	-121
 200 00ab 6F       		.byte	111
 201 00ac 00       		.byte	0
 202 00ad 08       		.byte	8
 203 00ae 01       		.byte	1
 204 00af 02       		.byte	2
 205 00b0 03       		.byte	3
 206 00b1 01       		.byte	1
 207 00b2 06       		.byte	6
 208 00b3 08       		.byte	8
 209 00b4 08       		.byte	8
 210 00b5 0E       		.byte	14
 211 00b6 10       		.byte	16
 212 00b7 02       		.byte	2
 213 00b8 12       		.byte	18
 214 00b9 04       		.byte	4
 215 00ba 15       		.byte	21
 216 00bb 01       		.byte	1
 217 00bc 16       		.byte	22
 218 00bd 10       		.byte	16
 219 00be 17       		.byte	23
 220 00bf 06       		.byte	6
 221 00c0 19       		.byte	25
 222 00c1 01       		.byte	1
 223 00c2 1A       		.byte	26
 224 00c3 0E       		.byte	14
 225 00c4 1B       		.byte	27
 226 00c5 02       		.byte	2
 227 00c6 1E       		.byte	30
 228 00c7 01       		.byte	1
ARM GAS  C:\Users\ukul426\AppData\Local\Temp\ccCc4Aiu.s 			page 5


 229 00c8 21       		.byte	33
 230 00c9 01       		.byte	1
 231 00ca 23       		.byte	35
 232 00cb 0A       		.byte	10
 233 00cc 28       		.byte	40
 234 00cd 0E       		.byte	14
 235 00ce 2C       		.byte	44
 236 00cf 02       		.byte	2
 237 00d0 2E       		.byte	46
 238 00d1 04       		.byte	4
 239 00d2 30       		.byte	48
 240 00d3 01       		.byte	1
 241 00d4 31       		.byte	49
 242 00d5 03       		.byte	3
 243 00d6 33       		.byte	51
 244 00d7 08       		.byte	8
 245 00d8 34       		.byte	52
 246 00d9 1E       		.byte	30
 247 00da 35       		.byte	53
 248 00db 04       		.byte	4
 249 00dc 3B       		.byte	59
 250 00dd 02       		.byte	2
 251 00de 56       		.byte	86
 252 00df 08       		.byte	8
 253 00e0 58       		.byte	88
 254 00e1 04       		.byte	4
 255 00e2 59       		.byte	89
 256 00e3 04       		.byte	4
 257 00e4 5B       		.byte	91
 258 00e5 04       		.byte	4
 259 00e6 5D       		.byte	93
 260 00e7 90       		.byte	-112
 261 00e8 5F       		.byte	95
 262 00e9 01       		.byte	1
 263 00ea 83       		.byte	-125
 264 00eb 08       		.byte	8
 265 00ec 84       		.byte	-124
 266 00ed 0C       		.byte	12
 267 00ee 86       		.byte	-122
 268 00ef 01       		.byte	1
 269 00f0 88       		.byte	-120
 270 00f1 0B       		.byte	11
 271 00f2 8A       		.byte	-118
 272 00f3 04       		.byte	4
 273 00f4 8D       		.byte	-115
 274 00f5 02       		.byte	2
 275 00f6 8F       		.byte	-113
 276 00f7 01       		.byte	1
 277 00f8 91       		.byte	-111
 278 00f9 01       		.byte	1
 279 00fa 93       		.byte	-109
 280 00fb 02       		.byte	2
 281 00fc 94       		.byte	-108
 282 00fd 07       		.byte	7
 283 00fe 95       		.byte	-107
 284 00ff 01       		.byte	1
 285 0100 97       		.byte	-105
ARM GAS  C:\Users\ukul426\AppData\Local\Temp\ccCc4Aiu.s 			page 6


 286 0101 06       		.byte	6
 287 0102 98       		.byte	-104
 288 0103 10       		.byte	16
 289 0104 99       		.byte	-103
 290 0105 01       		.byte	1
 291 0106 9B       		.byte	-101
 292 0107 12       		.byte	18
 293 0108 9C       		.byte	-100
 294 0109 0C       		.byte	12
 295 010a 9E       		.byte	-98
 296 010b 02       		.byte	2
 297 010c A2       		.byte	-94
 298 010d 0F       		.byte	15
 299 010e AC       		.byte	-84
 300 010f 08       		.byte	8
 301 0110 AE       		.byte	-82
 302 0111 01       		.byte	1
 303 0112 B0       		.byte	-80
 304 0113 10       		.byte	16
 305 0114 B1       		.byte	-79
 306 0115 04       		.byte	4
 307 0116 B3       		.byte	-77
 308 0117 08       		.byte	8
 309 0118 B5       		.byte	-75
 310 0119 10       		.byte	16
 311 011a B6       		.byte	-74
 312 011b 0F       		.byte	15
 313 011c B7       		.byte	-73
 314 011d 03       		.byte	3
 315 011e BB       		.byte	-69
 316 011f 80       		.byte	-128
 317 0120 BE       		.byte	-66
 318 0121 01       		.byte	1
 319 0122 D6       		.byte	-42
 320 0123 08       		.byte	8
 321 0124 D8       		.byte	-40
 322 0125 04       		.byte	4
 323 0126 D9       		.byte	-39
 324 0127 04       		.byte	4
 325 0128 DB       		.byte	-37
 326 0129 04       		.byte	4
 327 012a DD       		.byte	-35
 328 012b 90       		.byte	-112
 329 012c DF       		.byte	-33
 330 012d 01       		.byte	1
 331 012e 00       		.byte	0
 332 012f 26       		.byte	38
 333 0130 02       		.byte	2
 334 0131 40       		.byte	64
 335 0132 03       		.byte	3
 336 0133 04       		.byte	4
 337 0134 04       		.byte	4
 338 0135 04       		.byte	4
 339 0136 07       		.byte	7
 340 0137 04       		.byte	4
 341 0138 09       		.byte	9
 342 0139 80       		.byte	-128
ARM GAS  C:\Users\ukul426\AppData\Local\Temp\ccCc4Aiu.s 			page 7


 343 013a 0A       		.byte	10
 344 013b 18       		.byte	24
 345 013c 0B       		.byte	11
 346 013d 80       		.byte	-128
 347 013e 0C       		.byte	12
 348 013f 20       		.byte	32
 349 0140 0E       		.byte	14
 350 0141 02       		.byte	2
 351 0142 0F       		.byte	15
 352 0143 10       		.byte	16
 353 0144 11       		.byte	17
 354 0145 80       		.byte	-128
 355 0146 12       		.byte	18
 356 0147 01       		.byte	1
 357 0148 13       		.byte	19
 358 0149 30       		.byte	48
 359 014a 16       		.byte	22
 360 014b 41       		.byte	65
 361 014c 19       		.byte	25
 362 014d 01       		.byte	1
 363 014e 1A       		.byte	26
 364 014f 08       		.byte	8
 365 0150 1B       		.byte	27
 366 0151 10       		.byte	16
 367 0152 1C       		.byte	28
 368 0153 80       		.byte	-128
 369 0154 1E       		.byte	30
 370 0155 02       		.byte	2
 371 0156 1F       		.byte	31
 372 0157 40       		.byte	64
 373 0158 21       		.byte	33
 374 0159 29       		.byte	41
 375 015a 25       		.byte	37
 376 015b 40       		.byte	64
 377 015c 26       		.byte	38
 378 015d 02       		.byte	2
 379 015e 27       		.byte	39
 380 015f 18       		.byte	24
 381 0160 29       		.byte	41
 382 0161 01       		.byte	1
 383 0162 31       		.byte	49
 384 0163 28       		.byte	40
 385 0164 36       		.byte	54
 386 0165 02       		.byte	2
 387 0166 37       		.byte	55
 388 0167 18       		.byte	24
 389 0168 39       		.byte	57
 390 0169 02       		.byte	2
 391 016a 3D       		.byte	61
 392 016b 80       		.byte	-128
 393 016c 3F       		.byte	63
 394 016d 01       		.byte	1
 395 016e 58       		.byte	88
 396 016f 40       		.byte	64
 397 0170 5C       		.byte	92
 398 0171 80       		.byte	-128
 399 0172 61       		.byte	97
ARM GAS  C:\Users\ukul426\AppData\Local\Temp\ccCc4Aiu.s 			page 8


 400 0173 80       		.byte	-128
 401 0174 67       		.byte	103
 402 0175 01       		.byte	1
 403 0176 6F       		.byte	111
 404 0177 0A       		.byte	10
 405 0178 83       		.byte	-125
 406 0179 02       		.byte	2
 407 017a 84       		.byte	-124
 408 017b 40       		.byte	64
 409 017c 88       		.byte	-120
 410 017d 80       		.byte	-128
 411 017e C0       		.byte	-64
 412 017f 6E       		.byte	110
 413 0180 C2       		.byte	-62
 414 0181 EF       		.byte	-17
 415 0182 C4       		.byte	-60
 416 0183 93       		.byte	-109
 417 0184 CA       		.byte	-54
 418 0185 01       		.byte	1
 419 0186 CC       		.byte	-52
 420 0187 E6       		.byte	-26
 421 0188 CE       		.byte	-50
 422 0189 91       		.byte	-111
 423 018a D6       		.byte	-42
 424 018b 18       		.byte	24
 425 018c D8       		.byte	-40
 426 018d 18       		.byte	24
 427 018e E0       		.byte	-32
 428 018f 20       		.byte	32
 429 0190 E6       		.byte	-26
 430 0191 08       		.byte	8
 431 0192 02       		.byte	2
 432 0193 04       		.byte	4
 433 0194 03       		.byte	3
 434 0195 01       		.byte	1
 435 0196 04       		.byte	4
 436 0197 60       		.byte	96
 437 0198 06       		.byte	6
 438 0199 10       		.byte	16
 439 019a 08       		.byte	8
 440 019b 03       		.byte	3
 441 019c 0E       		.byte	14
 442 019d 03       		.byte	3
 443 019e 12       		.byte	18
 444 019f 78       		.byte	120
 445 01a0 14       		.byte	20
 446 01a1 02       		.byte	2
 447 01a2 16       		.byte	22
 448 01a3 01       		.byte	1
 449 01a4 18       		.byte	24
 450 01a5 04       		.byte	4
 451 01a6 1E       		.byte	30
 452 01a7 04       		.byte	4
 453 01a8 20       		.byte	32
 454 01a9 40       		.byte	64
 455 01aa 22       		.byte	34
 456 01ab 08       		.byte	8
ARM GAS  C:\Users\ukul426\AppData\Local\Temp\ccCc4Aiu.s 			page 9


 457 01ac 24       		.byte	36
 458 01ad 58       		.byte	88
 459 01ae 26       		.byte	38
 460 01af 20       		.byte	32
 461 01b0 28       		.byte	40
 462 01b1 38       		.byte	56
 463 01b2 2C       		.byte	44
 464 01b3 60       		.byte	96
 465 01b4 2E       		.byte	46
 466 01b5 08       		.byte	8
 467 01b6 30       		.byte	48
 468 01b7 01       		.byte	1
 469 01b8 32       		.byte	50
 470 01b9 02       		.byte	2
 471 01ba 33       		.byte	51
 472 01bb 01       		.byte	1
 473 01bc 34       		.byte	52
 474 01bd 78       		.byte	120
 475 01be 36       		.byte	54
 476 01bf 04       		.byte	4
 477 01c0 3E       		.byte	62
 478 01c1 45       		.byte	69
 479 01c2 52       		.byte	82
 480 01c3 80       		.byte	-128
 481 01c4 54       		.byte	84
 482 01c5 0F       		.byte	15
 483 01c6 56       		.byte	86
 484 01c7 04       		.byte	4
 485 01c8 58       		.byte	88
 486 01c9 04       		.byte	4
 487 01ca 59       		.byte	89
 488 01cb 04       		.byte	4
 489 01cc 5B       		.byte	91
 490 01cd 04       		.byte	4
 491 01ce 5F       		.byte	95
 492 01cf 01       		.byte	1
 493 01d0 80       		.byte	-128
 494 01d1 96       		.byte	-106
 495 01d2 81       		.byte	-127
 496 01d3 20       		.byte	32
 497 01d4 82       		.byte	-126
 498 01d5 68       		.byte	104
 499 01d6 83       		.byte	-125
 500 01d7 04       		.byte	4
 501 01d8 84       		.byte	-124
 502 01d9 A3       		.byte	-93
 503 01da 85       		.byte	-123
 504 01db 01       		.byte	1
 505 01dc 86       		.byte	-122
 506 01dd 5C       		.byte	92
 507 01de 88       		.byte	-120
 508 01df FE       		.byte	-2
 509 01e0 89       		.byte	-119
 510 01e1 1C       		.byte	28
 511 01e2 8A       		.byte	-118
 512 01e3 01       		.byte	1
 513 01e4 8D       		.byte	-115
ARM GAS  C:\Users\ukul426\AppData\Local\Temp\ccCc4Aiu.s 			page 10


 514 01e5 01       		.byte	1
 515 01e6 90       		.byte	-112
 516 01e7 C5       		.byte	-59
 517 01e8 92       		.byte	-110
 518 01e9 3A       		.byte	58
 519 01ea 93       		.byte	-109
 520 01eb 3C       		.byte	60
 521 01ec 95       		.byte	-107
 522 01ed 01       		.byte	1
 523 01ee 99       		.byte	-103
 524 01ef 30       		.byte	48
 525 01f0 9B       		.byte	-101
 526 01f1 08       		.byte	8
 527 01f2 9D       		.byte	-99
 528 01f3 30       		.byte	48
 529 01f4 9F       		.byte	-97
 530 01f5 04       		.byte	4
 531 01f6 A2       		.byte	-94
 532 01f7 01       		.byte	1
 533 01f8 A3       		.byte	-93
 534 01f9 01       		.byte	1
 535 01fa A7       		.byte	-89
 536 01fb 02       		.byte	2
 537 01fc A8       		.byte	-88
 538 01fd 7F       		.byte	127
 539 01fe A9       		.byte	-87
 540 01ff 2C       		.byte	44
 541 0200 AB       		.byte	-85
 542 0201 10       		.byte	16
 543 0202 AC       		.byte	-84
 544 0203 0E       		.byte	14
 545 0204 AD       		.byte	-83
 546 0205 01       		.byte	1
 547 0206 AE       		.byte	-82
 548 0207 F0       		.byte	-16
 549 0208 B2       		.byte	-78
 550 0209 FF       		.byte	-1
 551 020a B5       		.byte	-75
 552 020b 3C       		.byte	60
 553 020c B7       		.byte	-73
 554 020d 03       		.byte	3
 555 020e BE       		.byte	-66
 556 020f 04       		.byte	4
 557 0210 D8       		.byte	-40
 558 0211 04       		.byte	4
 559 0212 D9       		.byte	-39
 560 0213 04       		.byte	4
 561 0214 DF       		.byte	-33
 562 0215 01       		.byte	1
 563 0216 00       		.byte	0
 564 0217 26       		.byte	38
 565 0218 02       		.byte	2
 566 0219 40       		.byte	64
 567 021a 03       		.byte	3
 568 021b 84       		.byte	-124
 569 021c 04       		.byte	4
 570 021d 04       		.byte	4
ARM GAS  C:\Users\ukul426\AppData\Local\Temp\ccCc4Aiu.s 			page 11


 571 021e 05       		.byte	5
 572 021f 10       		.byte	16
 573 0220 07       		.byte	7
 574 0221 42       		.byte	66
 575 0222 08       		.byte	8
 576 0223 01       		.byte	1
 577 0224 0B       		.byte	11
 578 0225 80       		.byte	-128
 579 0226 0C       		.byte	12
 580 0227 02       		.byte	2
 581 0228 0E       		.byte	14
 582 0229 08       		.byte	8
 583 022a 0F       		.byte	15
 584 022b 21       		.byte	33
 585 022c 10       		.byte	16
 586 022d 02       		.byte	2
 587 022e 11       		.byte	17
 588 022f C0       		.byte	-64
 589 0230 13       		.byte	19
 590 0231 21       		.byte	33
 591 0232 14       		.byte	20
 592 0233 09       		.byte	9
 593 0234 16       		.byte	22
 594 0235 40       		.byte	64
 595 0236 17       		.byte	23
 596 0237 24       		.byte	36
 597 0238 19       		.byte	25
 598 0239 04       		.byte	4
 599 023a 1C       		.byte	28
 600 023b 44       		.byte	68
 601 023c 1D       		.byte	29
 602 023d 80       		.byte	-128
 603 023e 1E       		.byte	30
 604 023f 20       		.byte	32
 605 0240 22       		.byte	34
 606 0241 10       		.byte	16
 607 0242 23       		.byte	35
 608 0243 01       		.byte	1
 609 0244 26       		.byte	38
 610 0245 04       		.byte	4
 611 0246 28       		.byte	40
 612 0247 01       		.byte	1
 613 0248 29       		.byte	41
 614 0249 24       		.byte	36
 615 024a 2B       		.byte	43
 616 024b 80       		.byte	-128
 617 024c 30       		.byte	48
 618 024d 40       		.byte	64
 619 024e 32       		.byte	50
 620 024f 10       		.byte	16
 621 0250 33       		.byte	51
 622 0251 09       		.byte	9
 623 0252 38       		.byte	56
 624 0253 14       		.byte	20
 625 0254 39       		.byte	57
 626 0255 42       		.byte	66
 627 0256 3F       		.byte	63
ARM GAS  C:\Users\ukul426\AppData\Local\Temp\ccCc4Aiu.s 			page 12


 628 0257 01       		.byte	1
 629 0258 5C       		.byte	92
 630 0259 48       		.byte	72
 631 025a 5E       		.byte	94
 632 025b 22       		.byte	34
 633 025c 65       		.byte	101
 634 025d 02       		.byte	2
 635 025e 77       		.byte	119
 636 025f 40       		.byte	64
 637 0260 89       		.byte	-119
 638 0261 02       		.byte	2
 639 0262 91       		.byte	-111
 640 0263 02       		.byte	2
 641 0264 92       		.byte	-110
 642 0265 08       		.byte	8
 643 0266 93       		.byte	-109
 644 0267 C0       		.byte	-64
 645 0268 94       		.byte	-108
 646 0269 04       		.byte	4
 647 026a 96       		.byte	-106
 648 026b 10       		.byte	16
 649 026c 9F       		.byte	-97
 650 026d 20       		.byte	32
 651 026e A1       		.byte	-95
 652 026f 40       		.byte	64
 653 0270 A3       		.byte	-93
 654 0271 10       		.byte	16
 655 0272 A4       		.byte	-92
 656 0273 11       		.byte	17
 657 0274 AC       		.byte	-84
 658 0275 40       		.byte	64
 659 0276 B3       		.byte	-77
 660 0277 40       		.byte	64
 661 0278 B4       		.byte	-76
 662 0279 20       		.byte	32
 663 027a B7       		.byte	-73
 664 027b 08       		.byte	8
 665 027c C0       		.byte	-64
 666 027d FE       		.byte	-2
 667 027e C2       		.byte	-62
 668 027f F8       		.byte	-8
 669 0280 C4       		.byte	-60
 670 0281 FB       		.byte	-5
 671 0282 CA       		.byte	-54
 672 0283 0F       		.byte	15
 673 0284 CC       		.byte	-52
 674 0285 0F       		.byte	15
 675 0286 CE       		.byte	-50
 676 0287 8F       		.byte	-113
 677 0288 D6       		.byte	-42
 678 0289 F0       		.byte	-16
 679 028a D8       		.byte	-40
 680 028b 80       		.byte	-128
 681 028c E2       		.byte	-30
 682 028d 80       		.byte	-128
 683 028e E8       		.byte	-24
 684 028f 02       		.byte	2
ARM GAS  C:\Users\ukul426\AppData\Local\Temp\ccCc4Aiu.s 			page 13


 685 0290 EA       		.byte	-22
 686 0291 11       		.byte	17
 687 0292 EC       		.byte	-20
 688 0293 10       		.byte	16
 689 0294 00       		.byte	0
 690 0295 30       		.byte	48
 691 0296 01       		.byte	1
 692 0297 50       		.byte	80
 693 0298 02       		.byte	2
 694 0299 C9       		.byte	-55
 695 029a 03       		.byte	3
 696 029b AF       		.byte	-81
 697 029c 04       		.byte	4
 698 029d CF       		.byte	-49
 699 029e 06       		.byte	6
 700 029f 30       		.byte	48
 701 02a0 08       		.byte	8
 702 02a1 FD       		.byte	-3
 703 02a2 09       		.byte	9
 704 02a3 77       		.byte	119
 705 02a4 0A       		.byte	10
 706 02a5 02       		.byte	2
 707 02a6 10       		.byte	16
 708 02a7 9E       		.byte	-98
 709 02a8 11       		.byte	17
 710 02a9 38       		.byte	56
 711 02aa 12       		.byte	18
 712 02ab 60       		.byte	96
 713 02ac 13       		.byte	19
 714 02ad C1       		.byte	-63
 715 02ae 19       		.byte	25
 716 02af CC       		.byte	-52
 717 02b0 1A       		.byte	26
 718 02b1 0F       		.byte	15
 719 02b2 1B       		.byte	27
 720 02b3 31       		.byte	49
 721 02b4 21       		.byte	33
 722 02b5 AC       		.byte	-84
 723 02b6 23       		.byte	35
 724 02b7 52       		.byte	82
 725 02b8 28       		.byte	40
 726 02b9 73       		.byte	115
 727 02ba 29       		.byte	41
 728 02bb FB       		.byte	-5
 729 02bc 2B       		.byte	43
 730 02bd 04       		.byte	4
 731 02be 2C       		.byte	44
 732 02bf 94       		.byte	-108
 733 02c0 2E       		.byte	46
 734 02c1 60       		.byte	96
 735 02c2 31       		.byte	49
 736 02c3 0F       		.byte	15
 737 02c4 32       		.byte	50
 738 02c5 FF       		.byte	-1
 739 02c6 33       		.byte	51
 740 02c7 F0       		.byte	-16
 741 02c8 38       		.byte	56
ARM GAS  C:\Users\ukul426\AppData\Local\Temp\ccCc4Aiu.s 			page 14


 742 02c9 20       		.byte	32
 743 02ca 3E       		.byte	62
 744 02cb 14       		.byte	20
 745 02cc 58       		.byte	88
 746 02cd 04       		.byte	4
 747 02ce 59       		.byte	89
 748 02cf 04       		.byte	4
 749 02d0 5F       		.byte	95
 750 02d1 01       		.byte	1
 751 02d2 80       		.byte	-128
 752 02d3 10       		.byte	16
 753 02d4 81       		.byte	-127
 754 02d5 10       		.byte	16
 755 02d6 84       		.byte	-124
 756 02d7 07       		.byte	7
 757 02d8 85       		.byte	-123
 758 02d9 06       		.byte	6
 759 02da 88       		.byte	-120
 760 02db 20       		.byte	32
 761 02dc 8E       		.byte	-114
 762 02dd 20       		.byte	32
 763 02de 94       		.byte	-108
 764 02df 0F       		.byte	15
 765 02e0 98       		.byte	-104
 766 02e1 03       		.byte	3
 767 02e2 99       		.byte	-103
 768 02e3 03       		.byte	3
 769 02e4 9A       		.byte	-102
 770 02e5 0C       		.byte	12
 771 02e6 9E       		.byte	-98
 772 02e7 50       		.byte	80
 773 02e8 A0       		.byte	-96
 774 02e9 05       		.byte	5
 775 02ea A1       		.byte	-95
 776 02eb 06       		.byte	6
 777 02ec A2       		.byte	-94
 778 02ed 0A       		.byte	10
 779 02ee A4       		.byte	-92
 780 02ef 0C       		.byte	12
 781 02f0 A6       		.byte	-90
 782 02f1 03       		.byte	3
 783 02f2 A9       		.byte	-87
 784 02f3 05       		.byte	5
 785 02f4 AC       		.byte	-84
 786 02f5 0A       		.byte	10
 787 02f6 AD       		.byte	-83
 788 02f7 10       		.byte	16
 789 02f8 AE       		.byte	-82
 790 02f9 05       		.byte	5
 791 02fa AF       		.byte	-81
 792 02fb 08       		.byte	8
 793 02fc B0       		.byte	-80
 794 02fd 40       		.byte	64
 795 02fe B2       		.byte	-78
 796 02ff 0F       		.byte	15
 797 0300 B3       		.byte	-77
 798 0301 07       		.byte	7
ARM GAS  C:\Users\ukul426\AppData\Local\Temp\ccCc4Aiu.s 			page 15


 799 0302 B4       		.byte	-76
 800 0303 20       		.byte	32
 801 0304 B5       		.byte	-75
 802 0305 08       		.byte	8
 803 0306 B6       		.byte	-74
 804 0307 10       		.byte	16
 805 0308 B7       		.byte	-73
 806 0309 10       		.byte	16
 807 030a B9       		.byte	-71
 808 030b 88       		.byte	-120
 809 030c BE       		.byte	-66
 810 030d 50       		.byte	80
 811 030e C0       		.byte	-64
 812 030f 13       		.byte	19
 813 0310 C1       		.byte	-63
 814 0311 06       		.byte	6
 815 0312 C9       		.byte	-55
 816 0313 FF       		.byte	-1
 817 0314 CA       		.byte	-54
 818 0315 FF       		.byte	-1
 819 0316 CB       		.byte	-53
 820 0317 FF       		.byte	-1
 821 0318 CD       		.byte	-51
 822 0319 A0       		.byte	-96
 823 031a CF       		.byte	-49
 824 031b 01       		.byte	1
 825 031c D0       		.byte	-48
 826 031d 18       		.byte	24
 827 031e D4       		.byte	-44
 828 031f 0F       		.byte	15
 829 0320 D8       		.byte	-40
 830 0321 04       		.byte	4
 831 0322 D9       		.byte	-39
 832 0323 04       		.byte	4
 833 0324 DA       		.byte	-38
 834 0325 04       		.byte	4
 835 0326 DB       		.byte	-37
 836 0327 04       		.byte	4
 837 0328 DF       		.byte	-33
 838 0329 05       		.byte	5
 839 032a E0       		.byte	-32
 840 032b 40       		.byte	64
 841 032c E2       		.byte	-30
 842 032d 80       		.byte	-128
 843 032e E4       		.byte	-28
 844 032f 40       		.byte	64
 845 0330 E5       		.byte	-27
 846 0331 40       		.byte	64
 847 0332 E6       		.byte	-26
 848 0333 80       		.byte	-128
 849 0334 E8       		.byte	-24
 850 0335 40       		.byte	64
 851 0336 EA       		.byte	-22
 852 0337 80       		.byte	-128
 853 0338 EC       		.byte	-20
 854 0339 40       		.byte	64
 855 033a ED       		.byte	-19
ARM GAS  C:\Users\ukul426\AppData\Local\Temp\ccCc4Aiu.s 			page 16


 856 033b 20       		.byte	32
 857 033c EE       		.byte	-18
 858 033d 80       		.byte	-128
 859 033e 00       		.byte	0
 860 033f 26       		.byte	38
 861 0340 02       		.byte	2
 862 0341 50       		.byte	80
 863 0342 05       		.byte	5
 864 0343 81       		.byte	-127
 865 0344 06       		.byte	6
 866 0345 02       		.byte	2
 867 0346 07       		.byte	7
 868 0347 28       		.byte	40
 869 0348 08       		.byte	8
 870 0349 42       		.byte	66
 871 034a 0A       		.byte	10
 872 034b 0A       		.byte	10
 873 034c 0B       		.byte	11
 874 034d 80       		.byte	-128
 875 034e 0C       		.byte	12
 876 034f 20       		.byte	32
 877 0350 0E       		.byte	14
 878 0351 20       		.byte	32
 879 0352 0F       		.byte	15
 880 0353 02       		.byte	2
 881 0354 11       		.byte	17
 882 0355 80       		.byte	-128
 883 0356 13       		.byte	19
 884 0357 20       		.byte	32
 885 0358 14       		.byte	20
 886 0359 02       		.byte	2
 887 035a 16       		.byte	22
 888 035b 50       		.byte	80
 889 035c 18       		.byte	24
 890 035d 08       		.byte	8
 891 035e 1A       		.byte	26
 892 035f 10       		.byte	16
 893 0360 1C       		.byte	28
 894 0361 20       		.byte	32
 895 0362 1D       		.byte	29
 896 0363 01       		.byte	1
 897 0364 1E       		.byte	30
 898 0365 2A       		.byte	42
 899 0366 1F       		.byte	31
 900 0367 08       		.byte	8
 901 0368 22       		.byte	34
 902 0369 01       		.byte	1
 903 036a 23       		.byte	35
 904 036b 10       		.byte	16
 905 036c 26       		.byte	38
 906 036d 08       		.byte	8
 907 036e 27       		.byte	39
 908 036f 2A       		.byte	42
 909 0370 28       		.byte	40
 910 0371 40       		.byte	64
 911 0372 29       		.byte	41
 912 0373 20       		.byte	32
ARM GAS  C:\Users\ukul426\AppData\Local\Temp\ccCc4Aiu.s 			page 17


 913 0374 2D       		.byte	45
 914 0375 80       		.byte	-128
 915 0376 2F       		.byte	47
 916 0377 48       		.byte	72
 917 0378 32       		.byte	50
 918 0379 10       		.byte	16
 919 037a 33       		.byte	51
 920 037b 01       		.byte	1
 921 037c 37       		.byte	55
 922 037d 20       		.byte	32
 923 037e 38       		.byte	56
 924 037f 10       		.byte	16
 925 0380 39       		.byte	57
 926 0381 02       		.byte	2
 927 0382 3C       		.byte	60
 928 0383 04       		.byte	4
 929 0384 3F       		.byte	63
 930 0385 02       		.byte	2
 931 0386 45       		.byte	69
 932 0387 88       		.byte	-120
 933 0388 49       		.byte	73
 934 0389 20       		.byte	32
 935 038a 4B       		.byte	75
 936 038b 10       		.byte	16
 937 038c 4E       		.byte	78
 938 038d 04       		.byte	4
 939 038e 5D       		.byte	93
 940 038f 10       		.byte	16
 941 0390 5E       		.byte	94
 942 0391 4A       		.byte	74
 943 0392 66       		.byte	102
 944 0393 08       		.byte	8
 945 0394 67       		.byte	103
 946 0395 04       		.byte	4
 947 0396 7E       		.byte	126
 948 0397 08       		.byte	8
 949 0398 84       		.byte	-124
 950 0399 20       		.byte	32
 951 039a 85       		.byte	-123
 952 039b 50       		.byte	80
 953 039c 87       		.byte	-121
 954 039d 01       		.byte	1
 955 039e 90       		.byte	-112
 956 039f 04       		.byte	4
 957 03a0 91       		.byte	-111
 958 03a1 02       		.byte	2
 959 03a2 92       		.byte	-110
 960 03a3 28       		.byte	40
 961 03a4 93       		.byte	-109
 962 03a5 C0       		.byte	-64
 963 03a6 94       		.byte	-108
 964 03a7 10       		.byte	16
 965 03a8 96       		.byte	-106
 966 03a9 10       		.byte	16
 967 03aa 9C       		.byte	-100
 968 03ab 40       		.byte	64
 969 03ac 9D       		.byte	-99
ARM GAS  C:\Users\ukul426\AppData\Local\Temp\ccCc4Aiu.s 			page 18


 970 03ad 30       		.byte	48
 971 03ae 9F       		.byte	-97
 972 03af 23       		.byte	35
 973 03b0 A1       		.byte	-95
 974 03b1 C0       		.byte	-64
 975 03b2 A4       		.byte	-92
 976 03b3 11       		.byte	17
 977 03b4 A7       		.byte	-89
 978 03b5 08       		.byte	8
 979 03b6 AA       		.byte	-86
 980 03b7 01       		.byte	1
 981 03b8 AB       		.byte	-85
 982 03b9 08       		.byte	8
 983 03ba C0       		.byte	-64
 984 03bb FE       		.byte	-2
 985 03bc C2       		.byte	-62
 986 03bd EA       		.byte	-22
 987 03be C4       		.byte	-60
 988 03bf B3       		.byte	-77
 989 03c0 CA       		.byte	-54
 990 03c1 B5       		.byte	-75
 991 03c2 CC       		.byte	-52
 992 03c3 25       		.byte	37
 993 03c4 CE       		.byte	-50
 994 03c5 C5       		.byte	-59
 995 03c6 D0       		.byte	-48
 996 03c7 50       		.byte	80
 997 03c8 D2       		.byte	-46
 998 03c9 20       		.byte	32
 999 03ca D6       		.byte	-42
 1000 03cb F0       		.byte	-16
 1001 03cc D8       		.byte	-40
 1002 03cd 60       		.byte	96
 1003 03ce DE       		.byte	-34
 1004 03cf 20       		.byte	32
 1005 03d0 03       		.byte	3
 1006 03d1 08       		.byte	8
 1007 03d2 04       		.byte	4
 1008 03d3 01       		.byte	1
 1009 03d4 08       		.byte	8
 1010 03d5 02       		.byte	2
 1011 03d6 0C       		.byte	12
 1012 03d7 01       		.byte	1
 1013 03d8 11       		.byte	17
 1014 03d9 02       		.byte	2
 1015 03da 13       		.byte	19
 1016 03db 01       		.byte	1
 1017 03dc 15       		.byte	21
 1018 03dd 01       		.byte	1
 1019 03de 16       		.byte	22
 1020 03df 08       		.byte	8
 1021 03e0 17       		.byte	23
 1022 03e1 02       		.byte	2
 1023 03e2 19       		.byte	25
 1024 03e3 01       		.byte	1
 1025 03e4 1B       		.byte	27
 1026 03e5 02       		.byte	2
ARM GAS  C:\Users\ukul426\AppData\Local\Temp\ccCc4Aiu.s 			page 19


 1027 03e6 1C       		.byte	28
 1028 03e7 01       		.byte	1
 1029 03e8 21       		.byte	33
 1030 03e9 01       		.byte	1
 1031 03ea 23       		.byte	35
 1032 03eb 06       		.byte	6
 1033 03ec 26       		.byte	38
 1034 03ed 06       		.byte	6
 1035 03ee 30       		.byte	48
 1036 03ef 02       		.byte	2
 1037 03f0 32       		.byte	50
 1038 03f1 01       		.byte	1
 1039 03f2 33       		.byte	51
 1040 03f3 04       		.byte	4
 1041 03f4 34       		.byte	52
 1042 03f5 04       		.byte	4
 1043 03f6 35       		.byte	53
 1044 03f7 08       		.byte	8
 1045 03f8 36       		.byte	54
 1046 03f9 08       		.byte	8
 1047 03fa 37       		.byte	55
 1048 03fb 03       		.byte	3
 1049 03fc 38       		.byte	56
 1050 03fd 08       		.byte	8
 1051 03fe 3B       		.byte	59
 1052 03ff 80       		.byte	-128
 1053 0400 3E       		.byte	62
 1054 0401 05       		.byte	5
 1055 0402 40       		.byte	64
 1056 0403 13       		.byte	19
 1057 0404 41       		.byte	65
 1058 0405 06       		.byte	6
 1059 0406 45       		.byte	69
 1060 0407 2C       		.byte	44
 1061 0408 46       		.byte	70
 1062 0409 40       		.byte	64
 1063 040a 47       		.byte	71
 1064 040b 3E       		.byte	62
 1065 040c 48       		.byte	72
 1066 040d 3B       		.byte	59
 1067 040e 49       		.byte	73
 1068 040f FF       		.byte	-1
 1069 0410 4A       		.byte	74
 1070 0411 FF       		.byte	-1
 1071 0412 4B       		.byte	75
 1072 0413 FF       		.byte	-1
 1073 0414 4D       		.byte	77
 1074 0415 AF       		.byte	-81
 1075 0416 4E       		.byte	78
 1076 0417 07       		.byte	7
 1077 0418 4F       		.byte	79
 1078 0419 01       		.byte	1
 1079 041a 50       		.byte	80
 1080 041b 18       		.byte	24
 1081 041c 56       		.byte	86
 1082 041d 08       		.byte	8
 1083 041e 58       		.byte	88
ARM GAS  C:\Users\ukul426\AppData\Local\Temp\ccCc4Aiu.s 			page 20


 1084 041f 04       		.byte	4
 1085 0420 59       		.byte	89
 1086 0421 04       		.byte	4
 1087 0422 5A       		.byte	90
 1088 0423 04       		.byte	4
 1089 0424 5B       		.byte	91
 1090 0425 04       		.byte	4
 1091 0426 5D       		.byte	93
 1092 0427 90       		.byte	-112
 1093 0428 5F       		.byte	95
 1094 0429 01       		.byte	1
 1095 042a 60       		.byte	96
 1096 042b 40       		.byte	64
 1097 042c 62       		.byte	98
 1098 042d 80       		.byte	-128
 1099 042e 64       		.byte	100
 1100 042f 40       		.byte	64
 1101 0430 65       		.byte	101
 1102 0431 40       		.byte	64
 1103 0432 66       		.byte	102
 1104 0433 80       		.byte	-128
 1105 0434 68       		.byte	104
 1106 0435 40       		.byte	64
 1107 0436 6A       		.byte	106
 1108 0437 80       		.byte	-128
 1109 0438 6C       		.byte	108
 1110 0439 40       		.byte	64
 1111 043a 6D       		.byte	109
 1112 043b 20       		.byte	32
 1113 043c 6E       		.byte	110
 1114 043d 80       		.byte	-128
 1115 043e 81       		.byte	-127
 1116 043f 30       		.byte	48
 1117 0440 83       		.byte	-125
 1118 0441 C9       		.byte	-55
 1119 0442 84       		.byte	-124
 1120 0443 7F       		.byte	127
 1121 0444 89       		.byte	-119
 1122 0445 FD       		.byte	-3
 1123 0446 8B       		.byte	-117
 1124 0447 02       		.byte	2
 1125 0448 8C       		.byte	-116
 1126 0449 0E       		.byte	14
 1127 044a 8E       		.byte	-114
 1128 044b F0       		.byte	-16
 1129 044c 8F       		.byte	-113
 1130 044d 0F       		.byte	15
 1131 044e 91       		.byte	-111
 1132 044f 9E       		.byte	-98
 1133 0450 93       		.byte	-109
 1134 0451 60       		.byte	96
 1135 0452 94       		.byte	-108
 1136 0453 A3       		.byte	-93
 1137 0454 96       		.byte	-106
 1138 0455 5C       		.byte	92
 1139 0456 99       		.byte	-103
 1140 0457 CF       		.byte	-49
ARM GAS  C:\Users\ukul426\AppData\Local\Temp\ccCc4Aiu.s 			page 21


 1141 0458 9B       		.byte	-101
 1142 0459 30       		.byte	48
 1143 045a 9C       		.byte	-100
 1144 045b C5       		.byte	-59
 1145 045c 9D       		.byte	-99
 1146 045d 94       		.byte	-108
 1147 045e 9E       		.byte	-98
 1148 045f 3A       		.byte	58
 1149 0460 9F       		.byte	-97
 1150 0461 60       		.byte	96
 1151 0462 A5       		.byte	-91
 1152 0463 73       		.byte	115
 1153 0464 A6       		.byte	-90
 1154 0465 01       		.byte	1
 1155 0466 A8       		.byte	-88
 1156 0467 FE       		.byte	-2
 1157 0468 AA       		.byte	-86
 1158 0469 01       		.byte	1
 1159 046a AC       		.byte	-84
 1160 046b 96       		.byte	-106
 1161 046c AE       		.byte	-82
 1162 046d 68       		.byte	104
 1163 046e B0       		.byte	-80
 1164 046f FF       		.byte	-1
 1165 0470 B3       		.byte	-77
 1166 0471 FF       		.byte	-1
 1167 0472 BE       		.byte	-66
 1168 0473 01       		.byte	1
 1169 0474 BF       		.byte	-65
 1170 0475 04       		.byte	4
 1171 0476 D8       		.byte	-40
 1172 0477 04       		.byte	4
 1173 0478 D9       		.byte	-39
 1174 0479 04       		.byte	4
 1175 047a DF       		.byte	-33
 1176 047b 01       		.byte	1
 1177 047c 01       		.byte	1
 1178 047d 08       		.byte	8
 1179 047e 03       		.byte	3
 1180 047f 01       		.byte	1
 1181 0480 05       		.byte	5
 1182 0481 10       		.byte	16
 1183 0482 06       		.byte	6
 1184 0483 02       		.byte	2
 1185 0484 07       		.byte	7
 1186 0485 20       		.byte	32
 1187 0486 0A       		.byte	10
 1188 0487 22       		.byte	34
 1189 0488 0E       		.byte	14
 1190 0489 20       		.byte	32
 1191 048a 0F       		.byte	15
 1192 048b 02       		.byte	2
 1193 048c 12       		.byte	18
 1194 048d 01       		.byte	1
 1195 048e 13       		.byte	19
 1196 048f 18       		.byte	24
 1197 0490 16       		.byte	22
ARM GAS  C:\Users\ukul426\AppData\Local\Temp\ccCc4Aiu.s 			page 22


 1198 0491 20       		.byte	32
 1199 0492 19       		.byte	25
 1200 0493 01       		.byte	1
 1201 0494 1D       		.byte	29
 1202 0495 18       		.byte	24
 1203 0496 1E       		.byte	30
 1204 0497 40       		.byte	64
 1205 0498 1F       		.byte	31
 1206 0499 40       		.byte	64
 1207 049a 22       		.byte	34
 1208 049b 08       		.byte	8
 1209 049c 26       		.byte	38
 1210 049d 94       		.byte	-108
 1211 049e 27       		.byte	39
 1212 049f 01       		.byte	1
 1213 04a0 29       		.byte	41
 1214 04a1 08       		.byte	8
 1215 04a2 2F       		.byte	47
 1216 04a3 40       		.byte	64
 1217 04a4 30       		.byte	48
 1218 04a5 01       		.byte	1
 1219 04a6 32       		.byte	50
 1220 04a7 91       		.byte	-111
 1221 04a8 36       		.byte	54
 1222 04a9 14       		.byte	20
 1223 04aa 37       		.byte	55
 1224 04ab 01       		.byte	1
 1225 04ac 38       		.byte	56
 1226 04ad 40       		.byte	64
 1227 04ae 39       		.byte	57
 1228 04af 02       		.byte	2
 1229 04b0 3A       		.byte	58
 1230 04b1 01       		.byte	1
 1231 04b2 3B       		.byte	59
 1232 04b3 10       		.byte	16
 1233 04b4 3F       		.byte	63
 1234 04b5 01       		.byte	1
 1235 04b6 45       		.byte	69
 1236 04b7 88       		.byte	-120
 1237 04b8 4E       		.byte	78
 1238 04b9 04       		.byte	4
 1239 04ba 4F       		.byte	79
 1240 04bb 06       		.byte	6
 1241 04bc 56       		.byte	86
 1242 04bd 2A       		.byte	42
 1243 04be 5F       		.byte	95
 1244 04bf 40       		.byte	64
 1245 04c0 67       		.byte	103
 1246 04c1 01       		.byte	1
 1247 04c2 6C       		.byte	108
 1248 04c3 01       		.byte	1
 1249 04c4 6D       		.byte	109
 1250 04c5 10       		.byte	16
 1251 04c6 80       		.byte	-128
 1252 04c7 01       		.byte	1
 1253 04c8 89       		.byte	-119
 1254 04c9 10       		.byte	16
ARM GAS  C:\Users\ukul426\AppData\Local\Temp\ccCc4Aiu.s 			page 23


 1255 04ca 91       		.byte	-111
 1256 04cb 02       		.byte	2
 1257 04cc 92       		.byte	-110
 1258 04cd 2A       		.byte	42
 1259 04ce 93       		.byte	-109
 1260 04cf 50       		.byte	80
 1261 04d0 94       		.byte	-108
 1262 04d1 10       		.byte	16
 1263 04d2 96       		.byte	-106
 1264 04d3 40       		.byte	64
 1265 04d4 97       		.byte	-105
 1266 04d5 04       		.byte	4
 1267 04d6 9B       		.byte	-101
 1268 04d7 20       		.byte	32
 1269 04d8 9D       		.byte	-99
 1270 04d9 10       		.byte	16
 1271 04da 9E       		.byte	-98
 1272 04db 0A       		.byte	10
 1273 04dc 9F       		.byte	-97
 1274 04dd 01       		.byte	1
 1275 04de A1       		.byte	-95
 1276 04df 80       		.byte	-128
 1277 04e0 A4       		.byte	-92
 1278 04e1 01       		.byte	1
 1279 04e2 A5       		.byte	-91
 1280 04e3 08       		.byte	8
 1281 04e4 A7       		.byte	-89
 1282 04e5 01       		.byte	1
 1283 04e6 A8       		.byte	-88
 1284 04e7 04       		.byte	4
 1285 04e8 C0       		.byte	-64
 1286 04e9 E5       		.byte	-27
 1287 04ea C2       		.byte	-62
 1288 04eb A5       		.byte	-91
 1289 04ec C4       		.byte	-60
 1290 04ed 27       		.byte	39
 1291 04ee CA       		.byte	-54
 1292 04ef 82       		.byte	-126
 1293 04f0 CC       		.byte	-52
 1294 04f1 ED       		.byte	-19
 1295 04f2 CE       		.byte	-50
 1296 04f3 8D       		.byte	-115
 1297 04f4 D0       		.byte	-48
 1298 04f5 50       		.byte	80
 1299 04f6 D2       		.byte	-46
 1300 04f7 20       		.byte	32
 1301 04f8 D6       		.byte	-42
 1302 04f9 10       		.byte	16
 1303 04fa D8       		.byte	-40
 1304 04fb 10       		.byte	16
 1305 04fc E4       		.byte	-28
 1306 04fd 04       		.byte	4
 1307 04fe E0       		.byte	-32
 1308 04ff 80       		.byte	-128
 1309 0500 E4       		.byte	-28
 1310 0501 04       		.byte	4
 1311 0502 E8       		.byte	-24
ARM GAS  C:\Users\ukul426\AppData\Local\Temp\ccCc4Aiu.s 			page 24


 1312 0503 02       		.byte	2
 1313 0504 EA       		.byte	-22
 1314 0505 21       		.byte	33
 1315 0506 E6       		.byte	-26
 1316 0507 08       		.byte	8
 1317 0508 01       		.byte	1
 1318 0509 02       		.byte	2
 1319 050a 02       		.byte	2
 1320 050b 01       		.byte	1
 1321 050c 03       		.byte	3
 1322 050d 04       		.byte	4
 1323 050e 05       		.byte	5
 1324 050f 01       		.byte	1
 1325 0510 07       		.byte	7
 1326 0511 08       		.byte	8
 1327 0512 0D       		.byte	13
 1328 0513 10       		.byte	16
 1329 0514 0E       		.byte	14
 1330 0515 04       		.byte	4
 1331 0516 10       		.byte	16
 1332 0517 04       		.byte	4
 1333 0518 13       		.byte	19
 1334 0519 10       		.byte	16
 1335 051a 1D       		.byte	29
 1336 051b 10       		.byte	16
 1337 051c 1E       		.byte	30
 1338 051d 08       		.byte	8
 1339 051e 21       		.byte	33
 1340 051f 01       		.byte	1
 1341 0520 22       		.byte	34
 1342 0521 02       		.byte	2
 1343 0522 25       		.byte	37
 1344 0523 04       		.byte	4
 1345 0524 27       		.byte	39
 1346 0525 02       		.byte	2
 1347 0526 28       		.byte	40
 1348 0527 02       		.byte	2
 1349 0528 29       		.byte	41
 1350 0529 02       		.byte	2
 1351 052a 2B       		.byte	43
 1352 052b 04       		.byte	4
 1353 052c 2D       		.byte	45
 1354 052d 02       		.byte	2
 1355 052e 2E       		.byte	46
 1356 052f 04       		.byte	4
 1357 0530 2F       		.byte	47
 1358 0531 04       		.byte	4
 1359 0532 30       		.byte	48
 1360 0533 04       		.byte	4
 1361 0534 31       		.byte	49
 1362 0535 01       		.byte	1
 1363 0536 32       		.byte	50
 1364 0537 01       		.byte	1
 1365 0538 33       		.byte	51
 1366 0539 08       		.byte	8
 1367 053a 34       		.byte	52
 1368 053b 02       		.byte	2
ARM GAS  C:\Users\ukul426\AppData\Local\Temp\ccCc4Aiu.s 			page 25


 1369 053c 35       		.byte	53
 1370 053d 10       		.byte	16
 1371 053e 36       		.byte	54
 1372 053f 08       		.byte	8
 1373 0540 37       		.byte	55
 1374 0541 06       		.byte	6
 1375 0542 39       		.byte	57
 1376 0543 02       		.byte	2
 1377 0544 3B       		.byte	59
 1378 0545 80       		.byte	-128
 1379 0546 3E       		.byte	62
 1380 0547 11       		.byte	17
 1381 0548 3F       		.byte	63
 1382 0549 10       		.byte	16
 1383 054a 54       		.byte	84
 1384 054b 0F       		.byte	15
 1385 054c 56       		.byte	86
 1386 054d 04       		.byte	4
 1387 054e 58       		.byte	88
 1388 054f 04       		.byte	4
 1389 0550 59       		.byte	89
 1390 0551 04       		.byte	4
 1391 0552 5B       		.byte	91
 1392 0553 04       		.byte	4
 1393 0554 5F       		.byte	95
 1394 0555 01       		.byte	1
 1395 0556 8E       		.byte	-114
 1396 0557 04       		.byte	4
 1397 0558 96       		.byte	-106
 1398 0559 01       		.byte	1
 1399 055a 9B       		.byte	-101
 1400 055b 01       		.byte	1
 1401 055c A4       		.byte	-92
 1402 055d 02       		.byte	2
 1403 055e A9       		.byte	-87
 1404 055f 01       		.byte	1
 1405 0560 B0       		.byte	-80
 1406 0561 04       		.byte	4
 1407 0562 B2       		.byte	-78
 1408 0563 01       		.byte	1
 1409 0564 B4       		.byte	-76
 1410 0565 02       		.byte	2
 1411 0566 B7       		.byte	-73
 1412 0567 01       		.byte	1
 1413 0568 BE       		.byte	-66
 1414 0569 10       		.byte	16
 1415 056a BF       		.byte	-65
 1416 056b 40       		.byte	64
 1417 056c D6       		.byte	-42
 1418 056d 08       		.byte	8
 1419 056e D8       		.byte	-40
 1420 056f 04       		.byte	4
 1421 0570 D9       		.byte	-39
 1422 0571 04       		.byte	4
 1423 0572 DB       		.byte	-37
 1424 0573 04       		.byte	4
 1425 0574 DD       		.byte	-35
ARM GAS  C:\Users\ukul426\AppData\Local\Temp\ccCc4Aiu.s 			page 26


 1426 0575 90       		.byte	-112
 1427 0576 DF       		.byte	-33
 1428 0577 01       		.byte	1
 1429 0578 00       		.byte	0
 1430 0579 41       		.byte	65
 1431 057a 05       		.byte	5
 1432 057b 80       		.byte	-128
 1433 057c 0A       		.byte	10
 1434 057d 80       		.byte	-128
 1435 057e 0B       		.byte	11
 1436 057f 02       		.byte	2
 1437 0580 0E       		.byte	14
 1438 0581 20       		.byte	32
 1439 0582 10       		.byte	16
 1440 0583 80       		.byte	-128
 1441 0584 12       		.byte	18
 1442 0585 08       		.byte	8
 1443 0586 13       		.byte	19
 1444 0587 40       		.byte	64
 1445 0588 16       		.byte	22
 1446 0589 20       		.byte	32
 1447 058a 18       		.byte	24
 1448 058b 03       		.byte	3
 1449 058c 1A       		.byte	26
 1450 058d 44       		.byte	68
 1451 058e 1B       		.byte	27
 1452 058f 04       		.byte	4
 1453 0590 1F       		.byte	31
 1454 0591 2B       		.byte	43
 1455 0592 20       		.byte	32
 1456 0593 02       		.byte	2
 1457 0594 21       		.byte	33
 1458 0595 02       		.byte	2
 1459 0596 22       		.byte	34
 1460 0597 18       		.byte	24
 1461 0598 23       		.byte	35
 1462 0599 40       		.byte	64
 1463 059a 27       		.byte	39
 1464 059b 02       		.byte	2
 1465 059c 28       		.byte	40
 1466 059d 20       		.byte	32
 1467 059e 2A       		.byte	42
 1468 059f 01       		.byte	1
 1469 05a0 2B       		.byte	43
 1470 05a1 06       		.byte	6
 1471 05a2 2F       		.byte	47
 1472 05a3 08       		.byte	8
 1473 05a4 31       		.byte	49
 1474 05a5 02       		.byte	2
 1475 05a6 32       		.byte	50
 1476 05a7 40       		.byte	64
 1477 05a8 36       		.byte	54
 1478 05a9 10       		.byte	16
 1479 05aa 38       		.byte	56
 1480 05ab 46       		.byte	70
 1481 05ac 59       		.byte	89
 1482 05ad 0A       		.byte	10
ARM GAS  C:\Users\ukul426\AppData\Local\Temp\ccCc4Aiu.s 			page 27


 1483 05ae 5A       		.byte	90
 1484 05af 60       		.byte	96
 1485 05b0 5F       		.byte	95
 1486 05b1 80       		.byte	-128
 1487 05b2 63       		.byte	99
 1488 05b3 80       		.byte	-128
 1489 05b4 65       		.byte	101
 1490 05b5 80       		.byte	-128
 1491 05b6 68       		.byte	104
 1492 05b7 0A       		.byte	10
 1493 05b8 80       		.byte	-128
 1494 05b9 02       		.byte	2
 1495 05ba 84       		.byte	-124
 1496 05bb 29       		.byte	41
 1497 05bc 8C       		.byte	-116
 1498 05bd 84       		.byte	-124
 1499 05be 8F       		.byte	-113
 1500 05bf 80       		.byte	-128
 1501 05c0 90       		.byte	-112
 1502 05c1 40       		.byte	64
 1503 05c2 92       		.byte	-110
 1504 05c3 80       		.byte	-128
 1505 05c4 96       		.byte	-106
 1506 05c5 04       		.byte	4
 1507 05c6 99       		.byte	-103
 1508 05c7 0A       		.byte	10
 1509 05c8 9A       		.byte	-102
 1510 05c9 21       		.byte	33
 1511 05ca 9F       		.byte	-97
 1512 05cb 02       		.byte	2
 1513 05cc A0       		.byte	-96
 1514 05cd 80       		.byte	-128
 1515 05ce A2       		.byte	-94
 1516 05cf 10       		.byte	16
 1517 05d0 A4       		.byte	-92
 1518 05d1 01       		.byte	1
 1519 05d2 A7       		.byte	-89
 1520 05d3 60       		.byte	96
 1521 05d4 AA       		.byte	-86
 1522 05d5 20       		.byte	32
 1523 05d6 C0       		.byte	-64
 1524 05d7 89       		.byte	-119
 1525 05d8 C2       		.byte	-62
 1526 05d9 29       		.byte	41
 1527 05da C4       		.byte	-60
 1528 05db 2B       		.byte	43
 1529 05dc CA       		.byte	-54
 1530 05dd 2F       		.byte	47
 1531 05de CC       		.byte	-52
 1532 05df 29       		.byte	41
 1533 05e0 CE       		.byte	-50
 1534 05e1 0B       		.byte	11
 1535 05e2 D6       		.byte	-42
 1536 05e3 1F       		.byte	31
 1537 05e4 D8       		.byte	-40
 1538 05e5 11       		.byte	17
 1539 05e6 E4       		.byte	-28
ARM GAS  C:\Users\ukul426\AppData\Local\Temp\ccCc4Aiu.s 			page 28


 1540 05e7 10       		.byte	16
 1541 05e8 40       		.byte	64
 1542 05e9 46       		.byte	70
 1543 05ea 41       		.byte	65
 1544 05eb 01       		.byte	1
 1545 05ec 49       		.byte	73
 1546 05ed FF       		.byte	-1
 1547 05ee 4A       		.byte	74
 1548 05ef FF       		.byte	-1
 1549 05f0 4B       		.byte	75
 1550 05f1 FF       		.byte	-1
 1551 05f2 4D       		.byte	77
 1552 05f3 A0       		.byte	-96
 1553 05f4 4F       		.byte	79
 1554 05f5 01       		.byte	1
 1555 05f6 50       		.byte	80
 1556 05f7 18       		.byte	24
 1557 05f8 5A       		.byte	90
 1558 05f9 04       		.byte	4
 1559 05fa 5F       		.byte	95
 1560 05fb 01       		.byte	1
 1561 05fc 60       		.byte	96
 1562 05fd 40       		.byte	64
 1563 05fe 62       		.byte	98
 1564 05ff 80       		.byte	-128
 1565 0600 64       		.byte	100
 1566 0601 40       		.byte	64
 1567 0602 65       		.byte	101
 1568 0603 40       		.byte	64
 1569 0604 66       		.byte	102
 1570 0605 80       		.byte	-128
 1571 0606 68       		.byte	104
 1572 0607 40       		.byte	64
 1573 0608 6A       		.byte	106
 1574 0609 80       		.byte	-128
 1575 060a 6C       		.byte	108
 1576 060b 40       		.byte	64
 1577 060c 6D       		.byte	109
 1578 060d 20       		.byte	32
 1579 060e 6E       		.byte	110
 1580 060f 80       		.byte	-128
 1581 0610 00       		.byte	0
 1582 0611 10       		.byte	16
 1583 0612 02       		.byte	2
 1584 0613 61       		.byte	97
 1585 0614 09       		.byte	9
 1586 0615 88       		.byte	-120
 1587 0616 0A       		.byte	10
 1588 0617 80       		.byte	-128
 1589 0618 10       		.byte	16
 1590 0619 80       		.byte	-128
 1591 061a 13       		.byte	19
 1592 061b 54       		.byte	84
 1593 061c 18       		.byte	24
 1594 061d 14       		.byte	20
 1595 061e 19       		.byte	25
 1596 061f 48       		.byte	72
ARM GAS  C:\Users\ukul426\AppData\Local\Temp\ccCc4Aiu.s 			page 29


 1597 0620 1A       		.byte	26
 1598 0621 48       		.byte	72
 1599 0622 1B       		.byte	27
 1600 0623 04       		.byte	4
 1601 0624 20       		.byte	32
 1602 0625 40       		.byte	64
 1603 0626 21       		.byte	33
 1604 0627 08       		.byte	8
 1605 0628 22       		.byte	34
 1606 0629 42       		.byte	66
 1607 062a 23       		.byte	35
 1608 062b 8C       		.byte	-116
 1609 062c 28       		.byte	40
 1610 062d 01       		.byte	1
 1611 062e 29       		.byte	41
 1612 062f 09       		.byte	9
 1613 0630 2A       		.byte	42
 1614 0631 40       		.byte	64
 1615 0632 32       		.byte	50
 1616 0633 BA       		.byte	-70
 1617 0634 38       		.byte	56
 1618 0635 80       		.byte	-128
 1619 0636 39       		.byte	57
 1620 0637 12       		.byte	18
 1621 0638 3B       		.byte	59
 1622 0639 14       		.byte	20
 1623 063a 40       		.byte	64
 1624 063b 04       		.byte	4
 1625 063c 42       		.byte	66
 1626 063d C0       		.byte	-64
 1627 063e 46       		.byte	70
 1628 063f 80       		.byte	-128
 1629 0640 47       		.byte	71
 1630 0641 80       		.byte	-128
 1631 0642 48       		.byte	72
 1632 0643 80       		.byte	-128
 1633 0644 4A       		.byte	74
 1634 0645 12       		.byte	18
 1635 0646 4E       		.byte	78
 1636 0647 04       		.byte	4
 1637 0648 50       		.byte	80
 1638 0649 40       		.byte	64
 1639 064a 51       		.byte	81
 1640 064b 80       		.byte	-128
 1641 064c 52       		.byte	82
 1642 064d 15       		.byte	21
 1643 064e 58       		.byte	88
 1644 064f 20       		.byte	32
 1645 0650 59       		.byte	89
 1646 0651 40       		.byte	64
 1647 0652 5A       		.byte	90
 1648 0653 04       		.byte	4
 1649 0654 5B       		.byte	91
 1650 0655 02       		.byte	2
 1651 0656 5C       		.byte	92
 1652 0657 20       		.byte	32
 1653 0658 5E       		.byte	94
ARM GAS  C:\Users\ukul426\AppData\Local\Temp\ccCc4Aiu.s 			page 30


 1654 0659 20       		.byte	32
 1655 065a 62       		.byte	98
 1656 065b 14       		.byte	20
 1657 065c 73       		.byte	115
 1658 065d 40       		.byte	64
 1659 065e 7B       		.byte	123
 1660 065f 04       		.byte	4
 1661 0660 83       		.byte	-125
 1662 0661 20       		.byte	32
 1663 0662 85       		.byte	-123
 1664 0663 12       		.byte	18
 1665 0664 8F       		.byte	-113
 1666 0665 40       		.byte	64
 1667 0666 91       		.byte	-111
 1668 0667 02       		.byte	2
 1669 0668 92       		.byte	-110
 1670 0669 20       		.byte	32
 1671 066a 93       		.byte	-109
 1672 066b 10       		.byte	16
 1673 066c 94       		.byte	-108
 1674 066d 50       		.byte	80
 1675 066e 98       		.byte	-104
 1676 066f 01       		.byte	1
 1677 0670 99       		.byte	-103
 1678 0671 01       		.byte	1
 1679 0672 9D       		.byte	-99
 1680 0673 08       		.byte	8
 1681 0674 9F       		.byte	-97
 1682 0675 08       		.byte	8
 1683 0676 A2       		.byte	-94
 1684 0677 88       		.byte	-120
 1685 0678 A4       		.byte	-92
 1686 0679 01       		.byte	1
 1687 067a C0       		.byte	-64
 1688 067b 0F       		.byte	15
 1689 067c C2       		.byte	-62
 1690 067d 0D       		.byte	13
 1691 067e C4       		.byte	-60
 1692 067f 0F       		.byte	15
 1693 0680 CA       		.byte	-54
 1694 0681 0B       		.byte	11
 1695 0682 CC       		.byte	-52
 1696 0683 0F       		.byte	15
 1697 0684 CE       		.byte	-50
 1698 0685 0F       		.byte	15
 1699 0686 D0       		.byte	-48
 1700 0687 95       		.byte	-107
 1701 0688 D2       		.byte	-46
 1702 0689 28       		.byte	40
 1703 068a D6       		.byte	-42
 1704 068b 0F       		.byte	15
 1705 068c D8       		.byte	-40
 1706 068d 06       		.byte	6
 1707 068e DE       		.byte	-34
 1708 068f 04       		.byte	4
 1709 0690 E6       		.byte	-26
 1710 0691 40       		.byte	64
ARM GAS  C:\Users\ukul426\AppData\Local\Temp\ccCc4Aiu.s 			page 31


 1711 0692 31       		.byte	49
 1712 0693 20       		.byte	32
 1713 0694 32       		.byte	50
 1714 0695 06       		.byte	6
 1715 0696 36       		.byte	54
 1716 0697 12       		.byte	18
 1717 0698 83       		.byte	-125
 1718 0699 40       		.byte	64
 1719 069a 88       		.byte	-120
 1720 069b 10       		.byte	16
 1721 069c CC       		.byte	-52
 1722 069d F0       		.byte	-16
 1723 069e E2       		.byte	-30
 1724 069f 20       		.byte	32
 1725 06a0 5F       		.byte	95
 1726 06a1 80       		.byte	-128
 1727 06a2 8A       		.byte	-118
 1728 06a3 10       		.byte	16
 1729 06a4 94       		.byte	-108
 1730 06a5 80       		.byte	-128
 1731 06a6 96       		.byte	-106
 1732 06a7 08       		.byte	8
 1733 06a8 9B       		.byte	-101
 1734 06a9 80       		.byte	-128
 1735 06aa 9C       		.byte	-100
 1736 06ab 10       		.byte	16
 1737 06ac A1       		.byte	-95
 1738 06ad 01       		.byte	1
 1739 06ae A3       		.byte	-93
 1740 06af 40       		.byte	64
 1741 06b0 A5       		.byte	-91
 1742 06b1 20       		.byte	32
 1743 06b2 A6       		.byte	-90
 1744 06b3 10       		.byte	16
 1745 06b4 AB       		.byte	-85
 1746 06b5 80       		.byte	-128
 1747 06b6 B4       		.byte	-76
 1748 06b7 40       		.byte	64
 1749 06b8 B5       		.byte	-75
 1750 06b9 01       		.byte	1
 1751 06ba D6       		.byte	-42
 1752 06bb 20       		.byte	32
 1753 06bc EA       		.byte	-22
 1754 06bd 80       		.byte	-128
 1755 06be 1A       		.byte	26
 1756 06bf 08       		.byte	8
 1757 06c0 50       		.byte	80
 1758 06c1 40       		.byte	64
 1759 06c2 57       		.byte	87
 1760 06c3 40       		.byte	64
 1761 06c4 59       		.byte	89
 1762 06c5 04       		.byte	4
 1763 06c6 5C       		.byte	92
 1764 06c7 02       		.byte	2
 1765 06c8 62       		.byte	98
 1766 06c9 20       		.byte	32
 1767 06ca 94       		.byte	-108
ARM GAS  C:\Users\ukul426\AppData\Local\Temp\ccCc4Aiu.s 			page 32


 1768 06cb 80       		.byte	-128
 1769 06cc 96       		.byte	-106
 1770 06cd 08       		.byte	8
 1771 06ce 9C       		.byte	-100
 1772 06cf 10       		.byte	16
 1773 06d0 A1       		.byte	-95
 1774 06d1 01       		.byte	1
 1775 06d2 A3       		.byte	-93
 1776 06d3 40       		.byte	64
 1777 06d4 A5       		.byte	-91
 1778 06d5 20       		.byte	32
 1779 06d6 C6       		.byte	-58
 1780 06d7 40       		.byte	64
 1781 06d8 D4       		.byte	-44
 1782 06d9 60       		.byte	96
 1783 06da D6       		.byte	-42
 1784 06db C0       		.byte	-64
 1785 06dc D8       		.byte	-40
 1786 06dd 40       		.byte	64
 1787 06de 18       		.byte	24
 1788 06df 80       		.byte	-128
 1789 06e0 1E       		.byte	30
 1790 06e1 40       		.byte	64
 1791 06e2 94       		.byte	-108
 1792 06e3 80       		.byte	-128
 1793 06e4 9C       		.byte	-100
 1794 06e5 10       		.byte	16
 1795 06e6 A1       		.byte	-95
 1796 06e7 01       		.byte	1
 1797 06e8 A5       		.byte	-91
 1798 06e9 20       		.byte	32
 1799 06ea A8       		.byte	-88
 1800 06eb 02       		.byte	2
 1801 06ec A9       		.byte	-87
 1802 06ed 04       		.byte	4
 1803 06ee AA       		.byte	-86
 1804 06ef 20       		.byte	32
 1805 06f0 C6       		.byte	-58
 1806 06f1 30       		.byte	48
 1807 06f2 EE       		.byte	-18
 1808 06f3 80       		.byte	-128
 1809 06f4 14       		.byte	20
 1810 06f5 10       		.byte	16
 1811 06f6 2A       		.byte	42
 1812 06f7 80       		.byte	-128
 1813 06f8 86       		.byte	-122
 1814 06f9 80       		.byte	-128
 1815 06fa C4       		.byte	-60
 1816 06fb 04       		.byte	4
 1817 06fc CA       		.byte	-54
 1818 06fd 08       		.byte	8
 1819 06fe 9B       		.byte	-101
 1820 06ff 01       		.byte	1
 1821 0700 A6       		.byte	-90
 1822 0701 80       		.byte	-128
 1823 0702 AA       		.byte	-86
 1824 0703 80       		.byte	-128
ARM GAS  C:\Users\ukul426\AppData\Local\Temp\ccCc4Aiu.s 			page 33


 1825 0704 AF       		.byte	-81
 1826 0705 01       		.byte	1
 1827 0706 B0       		.byte	-80
 1828 0707 10       		.byte	16
 1829 0708 EA       		.byte	-22
 1830 0709 04       		.byte	4
 1831 070a 9B       		.byte	-101
 1832 070b 01       		.byte	1
 1833 070c A6       		.byte	-90
 1834 070d 80       		.byte	-128
 1835 070e 82       		.byte	-126
 1836 070f 02       		.byte	2
 1837 0710 89       		.byte	-119
 1838 0711 02       		.byte	2
 1839 0712 9B       		.byte	-101
 1840 0713 01       		.byte	1
 1841 0714 A6       		.byte	-90
 1842 0715 80       		.byte	-128
 1843 0716 E0       		.byte	-32
 1844 0717 01       		.byte	1
 1845 0718 51       		.byte	81
 1846 0719 08       		.byte	8
 1847 071a 55       		.byte	85
 1848 071b 01       		.byte	1
 1849 071c 57       		.byte	87
 1850 071d 04       		.byte	4
 1851 071e 5A       		.byte	90
 1852 071f 40       		.byte	64
 1853 0720 83       		.byte	-125
 1854 0721 04       		.byte	4
 1855 0722 8D       		.byte	-115
 1856 0723 20       		.byte	32
 1857 0724 92       		.byte	-110
 1858 0725 40       		.byte	64
 1859 0726 9C       		.byte	-100
 1860 0727 10       		.byte	16
 1861 0728 A1       		.byte	-95
 1862 0729 01       		.byte	1
 1863 072a A5       		.byte	-91
 1864 072b 20       		.byte	32
 1865 072c D4       		.byte	-44
 1866 072d E0       		.byte	-32
 1867 072e D6       		.byte	-42
 1868 072f 20       		.byte	32
 1869 0730 E6       		.byte	-26
 1870 0731 20       		.byte	32
 1871 0732 08       		.byte	8
 1872 0733 10       		.byte	16
 1873 0734 0F       		.byte	15
 1874 0735 01       		.byte	1
 1875 0736 7B       		.byte	123
 1876 0737 02       		.byte	2
 1877 0738 83       		.byte	-125
 1878 0739 02       		.byte	2
 1879 073a 85       		.byte	-123
 1880 073b 08       		.byte	8
 1881 073c 8F       		.byte	-113
ARM GAS  C:\Users\ukul426\AppData\Local\Temp\ccCc4Aiu.s 			page 34


 1882 073d 01       		.byte	1
 1883 073e 9C       		.byte	-100
 1884 073f 10       		.byte	16
 1885 0740 A5       		.byte	-91
 1886 0741 08       		.byte	8
 1887 0742 AA       		.byte	-86
 1888 0743 40       		.byte	64
 1889 0744 C2       		.byte	-62
 1890 0745 C0       		.byte	-64
 1891 0746 DC       		.byte	-36
 1892 0747 80       		.byte	-128
 1893 0748 E2       		.byte	-30
 1894 0749 60       		.byte	96
 1895 074a E8       		.byte	-24
 1896 074b 20       		.byte	32
 1897 074c 5B       		.byte	91
 1898 074d 01       		.byte	1
 1899 074e 66       		.byte	102
 1900 074f 02       		.byte	2
 1901 0750 75       		.byte	117
 1902 0751 02       		.byte	2
 1903 0752 99       		.byte	-103
 1904 0753 02       		.byte	2
 1905 0754 9A       		.byte	-102
 1906 0755 02       		.byte	2
 1907 0756 9B       		.byte	-101
 1908 0757 01       		.byte	1
 1909 0758 A6       		.byte	-90
 1910 0759 80       		.byte	-128
 1911 075a D6       		.byte	-42
 1912 075b 02       		.byte	2
 1913 075c D8       		.byte	-40
 1914 075d 01       		.byte	1
 1915 075e DE       		.byte	-34
 1916 075f 04       		.byte	4
 1917 0760 12       		.byte	18
 1918 0761 80       		.byte	-128
 1919 0762 A6       		.byte	-90
 1920 0763 80       		.byte	-128
 1921 0764 C4       		.byte	-60
 1922 0765 08       		.byte	8
 1923 0766 00       		.byte	0
 1924 0767 01       		.byte	1
 1925 0768 01       		.byte	1
 1926 0769 01       		.byte	1
 1927 076a 08       		.byte	8
 1928 076b 01       		.byte	1
 1929 076c 09       		.byte	9
 1930 076d 01       		.byte	1
 1931 076e 0A       		.byte	10
 1932 076f 01       		.byte	1
 1933 0770 0B       		.byte	11
 1934 0771 01       		.byte	1
 1935 0772 10       		.byte	16
 1936 0773 01       		.byte	1
 1937 0774 11       		.byte	17
 1938 0775 01       		.byte	1
ARM GAS  C:\Users\ukul426\AppData\Local\Temp\ccCc4Aiu.s 			page 35


 1939 0776 1A       		.byte	26
 1940 0777 01       		.byte	1
 1941 0778 1B       		.byte	27
 1942 0779 01       		.byte	1
 1943 077a 00       		.byte	0
 1944 077b AF       		.byte	-81
 1945 077c 0C       		.byte	12
 1946 077d 40       		.byte	64
 1947 077e 00       		.byte	0
 1948 077f 01       		.byte	1
 1949 0780 0C       		.byte	12
 1950 0781 00       		.byte	0
 1951 0782 00       		.byte	0
 1952 0783 08       		.byte	8
 1953 0784 26       		.byte	38
 1954 0785 71       		.byte	113
 1955 0786 00       		.byte	0
 1956 0787 00       		.byte	0
 1957 0788 20       		.byte	32
 1958 0789 00       		.byte	0
 1959 078a 00       		.byte	0
 1960 078b 04       		.byte	4
 1961 078c 01       		.byte	1
 1962 078d 00       		.byte	0
 1963 078e 00       		.byte	0
 1964 078f 70       		.byte	112
 1965 0790 10       		.byte	16
 1966 0791 00       		.byte	0
 1967 0792 00       		.byte	0
 1968 0793 80       		.byte	-128
 1969 0794 00       		.byte	0
 1970 0795 01       		.byte	1
 1971 0796 00       		.byte	0
 1972 0797 40       		.byte	64
 1973 0798 00       		.byte	0
 1974 0799 11       		.byte	17
 1975 079a 01       		.byte	1
 1976 079b 20       		.byte	32
 1977 079c 20       		.byte	32
 1978 079d 00       		.byte	0
 1979 079e 00       		.byte	0
 1980 079f 02       		.byte	2
 1981 07a0 00       		.byte	0
 1982 07a1 70       		.byte	112
 1983 07a2 10       		.byte	16
 1984 07a3 00       		.byte	0
 1985 07a4 0A       		.byte	10
 1986 07a5 00       		.byte	0
 1987 07a6 00       		.byte	0
 1988 07a7 00       		.byte	0
 1989 07a8 00       		.byte	0
 1990 07a9 11       		.byte	17
 1991 07aa 10       		.byte	16
 1992 07ab 20       		.byte	32
 1993 07ac 10       		.byte	16
 1994 07ad F0       		.byte	-16
 1995 07ae 0E       		.byte	14
ARM GAS  C:\Users\ukul426\AppData\Local\Temp\ccCc4Aiu.s 			page 36


 1996 07af 08       		.byte	8
 1997 07b0 20       		.byte	32
 1998 07b1 03       		.byte	3
 1999 07b2 01       		.byte	1
 2000 07b3 04       		.byte	4
 2001 07b4 28       		.byte	40
 2002 07b5 00       		.byte	0
 2003 07b6 00       		.byte	0
 2004 07b7 00       		.byte	0
 2005 07b8 00       		.byte	0
 2006 07b9 00       		.byte	0
 2007 07ba 51       		.byte	81
 2008 07bb 00       		.byte	0
 2009 07bc 42       		.byte	66
 2010 07bd 05       		.byte	5
 2011 07be 00       		.byte	0
 2012 07bf 00       		.byte	0
 2013 07c0 00       		.byte	0
 2014 07c1 32       		.byte	50
 2015 07c2 C4       		.byte	-60
 2016 07c3 2E       		.byte	46
 2017 07c4 3F       		.byte	63
 2018 07c5 FF       		.byte	-1
 2019 07c6 FF       		.byte	-1
 2020 07c7 FF       		.byte	-1
 2021 07c8 00       		.byte	0
 2022 07c9 AF       		.byte	-81
 2023 07ca 07       		.byte	7
 2024 07cb 01       		.byte	1
 2025 07cc 18       		.byte	24
 2026 07cd 00       		.byte	0
 2027 07ce 80       		.byte	-128
 2028 07cf 00       		.byte	0
 2029 07d0 0F       		.byte	15
 2030 07d1 00       		.byte	0
 2031 07d2 00       		.byte	0
 2032 07d3 00       		.byte	0
 2033 07d4 04       		.byte	4
 2034 07d5 04       		.byte	4
 2035 07d6 04       		.byte	4
 2036 07d7 04       		.byte	4
 2037 07d8 00       		.byte	0
 2038 07d9 00       		.byte	0
 2039 07da 00       		.byte	0
 2040 07db 05       		.byte	5
 2041 07dc 40       		.byte	64
 2042 07dd 00       		.byte	0
 2043 07de 80       		.byte	-128
 2044 07df 00       		.byte	0
 2045 07e0 40       		.byte	64
 2046 07e1 40       		.byte	64
 2047 07e2 80       		.byte	-128
 2048 07e3 00       		.byte	0
 2049 07e4 40       		.byte	64
 2050 07e5 00       		.byte	0
 2051 07e6 80       		.byte	-128
 2052 07e7 00       		.byte	0
ARM GAS  C:\Users\ukul426\AppData\Local\Temp\ccCc4Aiu.s 			page 37


 2053 07e8 40       		.byte	64
 2054 07e9 20       		.byte	32
 2055 07ea 80       		.byte	-128
 2056 07eb 00       		.byte	0
 2057 07ec 00       		.byte	0
 2058 07ed 00       		.byte	0
 2059 07ee 00       		.byte	0
 2060 07ef 00       		.byte	0
 2061 07f0 00       		.byte	0
 2062 07f1 00       		.byte	0
 2063 07f2 00       		.byte	0
 2064 07f3 00       		.byte	0
 2065 07f4 00       		.byte	0
 2066 07f5 00       		.byte	0
 2067 07f6 00       		.byte	0
 2068 07f7 00       		.byte	0
 2069 07f8 00       		.byte	0
 2070 07f9 00       		.byte	0
 2071 07fa 00       		.byte	0
 2072 07fb 00       		.byte	0
 2073 07fc 00       		.byte	0
 2074 07fd 01       		.byte	1
 2075 07fe 01       		.byte	1
 2076 07ff 00       		.byte	0
 2077 0800 01       		.byte	1
 2078 0801 00       		.byte	0
 2079 0802 00       		.byte	0
 2080 0803 00       		.byte	0
 2081 0804 60       		.byte	96
 2082 0805 07       		.byte	7
 2083 0806 07       		.byte	7
 2084 0807 00       		.byte	0
 2085 0808 07       		.byte	7
 2086 0809 00       		.byte	0
 2087 080a 00       		.byte	0
 2088 080b 00       		.byte	0
 2089 080c 00       		.byte	0
 2090 080d 1F       		.byte	31
 2091 080e 1F       		.byte	31
 2092 080f 00       		.byte	0
 2093 0810 1F       		.byte	31
 2094 0811 00       		.byte	0
 2095 0812 00       		.byte	0
 2096 0813 00       		.byte	0
 2097 0814 00       		.byte	0
 2098 0815 CB       		.byte	-53
 2099 0816 CB       		.byte	-53
 2100 0817 00       		.byte	0
 2101 0818 C0       		.byte	-64
 2102 0819 00       		.byte	0
 2103 081a 00       		.byte	0
 2104 081b 00       		.byte	0
 2105 081c 00       		.byte	0
 2106 081d 07       		.byte	7
 2107 081e 07       		.byte	7
 2108 081f 00       		.byte	0
 2109 0820 00       		.byte	0
ARM GAS  C:\Users\ukul426\AppData\Local\Temp\ccCc4Aiu.s 			page 38


 2110 0821 00       		.byte	0
 2111 0822 00       		.byte	0
 2112 0823 00       		.byte	0
 2113 0824 C0       		.byte	-64
 2114 0825 00       		.byte	0
 2115 0826 00       		.byte	0
 2116 0827 00       		.byte	0
 2117 0828 00       		.byte	0
 2118 0829 00       		.byte	0
 2119 082a 0F       		.byte	15
 2120 082b 00       		.byte	0
 2121 082c 2F       		.byte	47
 2122 082d 00       		.byte	0
 2123 082e 1C       		.byte	28
 2124 082f 01       		.byte	1
 2125              		.section	.cywolatch,"a",%progbits
 2126              		.align	2
 2127              		.type	cy_meta_wonvl, %object
 2128              		.size	cy_meta_wonvl, 4
 2129              	cy_meta_wonvl:
 2130 0000 BC       		.byte	-68
 2131 0001 90       		.byte	-112
 2132 0002 AC       		.byte	-84
 2133 0003 AF       		.byte	-81
 2134              		.section	.cycustnvl,"a",%progbits
 2135              		.align	2
 2136              		.type	cy_meta_custnvl, %object
 2137              		.size	cy_meta_custnvl, 4
 2138              	cy_meta_custnvl:
 2139 0000 00       		.byte	0
 2140 0001 00       		.byte	0
 2141 0002 40       		.byte	64
 2142 0003 05       		.byte	5
 2143              		.section	.cymeta,"a",%progbits
 2144              		.align	2
 2145              		.type	cy_metadata, %object
 2146              		.size	cy_metadata, 12
 2147              	cy_metadata:
 2148 0000 00       		.byte	0
 2149 0001 01       		.byte	1
 2150 0002 2E       		.byte	46
 2151 0003 16       		.byte	22
 2152 0004 10       		.byte	16
 2153 0005 69       		.byte	105
 2154 0006 00       		.byte	0
 2155 0007 01       		.byte	1
 2156 0008 00       		.byte	0
 2157 0009 00       		.byte	0
 2158 000a 00       		.byte	0
 2159 000b 00       		.byte	0
 2160              		.section	.cyflashprotect,"a",%progbits
 2161              		.align	2
 2162              		.type	cy_meta_flashprotect, %object
 2163              		.size	cy_meta_flashprotect, 256
 2164              	cy_meta_flashprotect:
 2165 0000 00000000 		.space	256
 2165      00000000 
ARM GAS  C:\Users\ukul426\AppData\Local\Temp\ccCc4Aiu.s 			page 39


 2165      00000000 
 2165      00000000 
 2165      00000000 
 2166              		.text
 2167              	.Letext0:
 2168              		.file 1 "c:\\program files (x86)\\cypress\\psoc creator\\4.2\\psoc creator\\import\\gnu\\arm\\5.4.
 2169              		.file 2 "c:\\program files (x86)\\cypress\\psoc creator\\4.2\\psoc creator\\import\\gnu\\arm\\5.4.
 2170              		.file 3 "Generated_Source\\PSoC5\\cymetadata.c"
 2171              		.section	.debug_info,"",%progbits
 2172              	.Ldebug_info0:
 2173 0000 35010000 		.4byte	0x135
 2174 0004 0400     		.2byte	0x4
 2175 0006 00000000 		.4byte	.Ldebug_abbrev0
 2176 000a 04       		.byte	0x4
 2177 000b 01       		.uleb128 0x1
 2178 000c 24000000 		.4byte	.LASF17
 2179 0010 0C       		.byte	0xc
 2180 0011 CE010000 		.4byte	.LASF18
 2181 0015 06010000 		.4byte	.LASF19
 2182 0019 00000000 		.4byte	.Ldebug_line0
 2183 001d 02       		.uleb128 0x2
 2184 001e 01       		.byte	0x1
 2185 001f 06       		.byte	0x6
 2186 0020 C2010000 		.4byte	.LASF0
 2187 0024 03       		.uleb128 0x3
 2188 0025 00000000 		.4byte	.LASF9
 2189 0029 01       		.byte	0x1
 2190 002a 1D       		.byte	0x1d
 2191 002b 2F000000 		.4byte	0x2f
 2192 002f 02       		.uleb128 0x2
 2193 0030 01       		.byte	0x1
 2194 0031 08       		.byte	0x8
 2195 0032 16000000 		.4byte	.LASF1
 2196 0036 02       		.uleb128 0x2
 2197 0037 02       		.byte	0x2
 2198 0038 05       		.byte	0x5
 2199 0039 AF010000 		.4byte	.LASF2
 2200 003d 02       		.uleb128 0x2
 2201 003e 02       		.byte	0x2
 2202 003f 07       		.byte	0x7
 2203 0040 C4000000 		.4byte	.LASF3
 2204 0044 02       		.uleb128 0x2
 2205 0045 04       		.byte	0x4
 2206 0046 05       		.byte	0x5
 2207 0047 B9010000 		.4byte	.LASF4
 2208 004b 02       		.uleb128 0x2
 2209 004c 04       		.byte	0x4
 2210 004d 07       		.byte	0x7
 2211 004e B2000000 		.4byte	.LASF5
 2212 0052 02       		.uleb128 0x2
 2213 0053 08       		.byte	0x8
 2214 0054 05       		.byte	0x5
 2215 0055 A1010000 		.4byte	.LASF6
 2216 0059 02       		.uleb128 0x2
 2217 005a 08       		.byte	0x8
 2218 005b 07       		.byte	0x7
 2219 005c 56010000 		.4byte	.LASF7
ARM GAS  C:\Users\ukul426\AppData\Local\Temp\ccCc4Aiu.s 			page 40


 2220 0060 04       		.uleb128 0x4
 2221 0061 04       		.byte	0x4
 2222 0062 05       		.byte	0x5
 2223 0063 696E7400 		.ascii	"int\000"
 2224 0067 02       		.uleb128 0x2
 2225 0068 04       		.byte	0x4
 2226 0069 07       		.byte	0x7
 2227 006a F9000000 		.4byte	.LASF8
 2228 006e 03       		.uleb128 0x3
 2229 006f 6D010000 		.4byte	.LASF10
 2230 0073 02       		.byte	0x2
 2231 0074 18       		.byte	0x18
 2232 0075 24000000 		.4byte	0x24
 2233 0079 05       		.uleb128 0x5
 2234 007a 91000000 		.4byte	0x91
 2235 007e 8A000000 		.4byte	0x8a
 2236 0082 06       		.uleb128 0x6
 2237 0083 8A000000 		.4byte	0x8a
 2238 0087 2F08     		.2byte	0x82f
 2239 0089 00       		.byte	0
 2240 008a 02       		.uleb128 0x2
 2241 008b 04       		.byte	0x4
 2242 008c 07       		.byte	0x7
 2243 008d 98010000 		.4byte	.LASF11
 2244 0091 07       		.uleb128 0x7
 2245 0092 6E000000 		.4byte	0x6e
 2246 0096 08       		.uleb128 0x8
 2247 0097 E7000000 		.4byte	.LASF12
 2248 009b 03       		.byte	0x3
 2249 009c 1F       		.byte	0x1f
 2250 009d A7000000 		.4byte	0xa7
 2251 00a1 05       		.uleb128 0x5
 2252 00a2 03       		.byte	0x3
 2253 00a3 00000000 		.4byte	cy_meta_configecc
 2254 00a7 07       		.uleb128 0x7
 2255 00a8 79000000 		.4byte	0x79
 2256 00ac 05       		.uleb128 0x5
 2257 00ad 91000000 		.4byte	0x91
 2258 00b1 BC000000 		.4byte	0xbc
 2259 00b5 09       		.uleb128 0x9
 2260 00b6 8A000000 		.4byte	0x8a
 2261 00ba 03       		.byte	0x3
 2262 00bb 00       		.byte	0
 2263 00bc 0A       		.uleb128 0xa
 2264 00bd D7000000 		.4byte	.LASF13
 2265 00c1 03       		.byte	0x3
 2266 00c2 3201     		.2byte	0x132
 2267 00c4 CE000000 		.4byte	0xce
 2268 00c8 05       		.uleb128 0x5
 2269 00c9 03       		.byte	0x3
 2270 00ca 00000000 		.4byte	cy_meta_custnvl
 2271 00ce 07       		.uleb128 0x7
 2272 00cf AC000000 		.4byte	0xac
 2273 00d3 0A       		.uleb128 0xa
 2274 00d4 8A010000 		.4byte	.LASF14
 2275 00d8 03       		.byte	0x3
 2276 00d9 4001     		.2byte	0x140
ARM GAS  C:\Users\ukul426\AppData\Local\Temp\ccCc4Aiu.s 			page 41


 2277 00db E5000000 		.4byte	0xe5
 2278 00df 05       		.uleb128 0x5
 2279 00e0 03       		.byte	0x3
 2280 00e1 00000000 		.4byte	cy_meta_wonvl
 2281 00e5 07       		.uleb128 0x7
 2282 00e6 AC000000 		.4byte	0xac
 2283 00ea 05       		.uleb128 0x5
 2284 00eb 91000000 		.4byte	0x91
 2285 00ef FA000000 		.4byte	0xfa
 2286 00f3 09       		.uleb128 0x9
 2287 00f4 8A000000 		.4byte	0x8a
 2288 00f8 FF       		.byte	0xff
 2289 00f9 00       		.byte	0
 2290 00fa 0A       		.uleb128 0xa
 2291 00fb 75010000 		.4byte	.LASF15
 2292 00ff 03       		.byte	0x3
 2293 0100 4E01     		.2byte	0x14e
 2294 0102 0C010000 		.4byte	0x10c
 2295 0106 05       		.uleb128 0x5
 2296 0107 03       		.byte	0x3
 2297 0108 00000000 		.4byte	cy_meta_flashprotect
 2298 010c 07       		.uleb128 0x7
 2299 010d EA000000 		.4byte	0xea
 2300 0111 05       		.uleb128 0x5
 2301 0112 91000000 		.4byte	0x91
 2302 0116 21010000 		.4byte	0x121
 2303 011a 09       		.uleb128 0x9
 2304 011b 8A000000 		.4byte	0x8a
 2305 011f 0B       		.byte	0xb
 2306 0120 00       		.byte	0
 2307 0121 0A       		.uleb128 0xa
 2308 0122 0A000000 		.4byte	.LASF16
 2309 0126 03       		.byte	0x3
 2310 0127 7B01     		.2byte	0x17b
 2311 0129 33010000 		.4byte	0x133
 2312 012d 05       		.uleb128 0x5
 2313 012e 03       		.byte	0x3
 2314 012f 00000000 		.4byte	cy_metadata
 2315 0133 07       		.uleb128 0x7
 2316 0134 11010000 		.4byte	0x111
 2317 0138 00       		.byte	0
 2318              		.section	.debug_abbrev,"",%progbits
 2319              	.Ldebug_abbrev0:
 2320 0000 01       		.uleb128 0x1
 2321 0001 11       		.uleb128 0x11
 2322 0002 01       		.byte	0x1
 2323 0003 25       		.uleb128 0x25
 2324 0004 0E       		.uleb128 0xe
 2325 0005 13       		.uleb128 0x13
 2326 0006 0B       		.uleb128 0xb
 2327 0007 03       		.uleb128 0x3
 2328 0008 0E       		.uleb128 0xe
 2329 0009 1B       		.uleb128 0x1b
 2330 000a 0E       		.uleb128 0xe
 2331 000b 10       		.uleb128 0x10
 2332 000c 17       		.uleb128 0x17
 2333 000d 00       		.byte	0
ARM GAS  C:\Users\ukul426\AppData\Local\Temp\ccCc4Aiu.s 			page 42


 2334 000e 00       		.byte	0
 2335 000f 02       		.uleb128 0x2
 2336 0010 24       		.uleb128 0x24
 2337 0011 00       		.byte	0
 2338 0012 0B       		.uleb128 0xb
 2339 0013 0B       		.uleb128 0xb
 2340 0014 3E       		.uleb128 0x3e
 2341 0015 0B       		.uleb128 0xb
 2342 0016 03       		.uleb128 0x3
 2343 0017 0E       		.uleb128 0xe
 2344 0018 00       		.byte	0
 2345 0019 00       		.byte	0
 2346 001a 03       		.uleb128 0x3
 2347 001b 16       		.uleb128 0x16
 2348 001c 00       		.byte	0
 2349 001d 03       		.uleb128 0x3
 2350 001e 0E       		.uleb128 0xe
 2351 001f 3A       		.uleb128 0x3a
 2352 0020 0B       		.uleb128 0xb
 2353 0021 3B       		.uleb128 0x3b
 2354 0022 0B       		.uleb128 0xb
 2355 0023 49       		.uleb128 0x49
 2356 0024 13       		.uleb128 0x13
 2357 0025 00       		.byte	0
 2358 0026 00       		.byte	0
 2359 0027 04       		.uleb128 0x4
 2360 0028 24       		.uleb128 0x24
 2361 0029 00       		.byte	0
 2362 002a 0B       		.uleb128 0xb
 2363 002b 0B       		.uleb128 0xb
 2364 002c 3E       		.uleb128 0x3e
 2365 002d 0B       		.uleb128 0xb
 2366 002e 03       		.uleb128 0x3
 2367 002f 08       		.uleb128 0x8
 2368 0030 00       		.byte	0
 2369 0031 00       		.byte	0
 2370 0032 05       		.uleb128 0x5
 2371 0033 01       		.uleb128 0x1
 2372 0034 01       		.byte	0x1
 2373 0035 49       		.uleb128 0x49
 2374 0036 13       		.uleb128 0x13
 2375 0037 01       		.uleb128 0x1
 2376 0038 13       		.uleb128 0x13
 2377 0039 00       		.byte	0
 2378 003a 00       		.byte	0
 2379 003b 06       		.uleb128 0x6
 2380 003c 21       		.uleb128 0x21
 2381 003d 00       		.byte	0
 2382 003e 49       		.uleb128 0x49
 2383 003f 13       		.uleb128 0x13
 2384 0040 2F       		.uleb128 0x2f
 2385 0041 05       		.uleb128 0x5
 2386 0042 00       		.byte	0
 2387 0043 00       		.byte	0
 2388 0044 07       		.uleb128 0x7
 2389 0045 26       		.uleb128 0x26
 2390 0046 00       		.byte	0
ARM GAS  C:\Users\ukul426\AppData\Local\Temp\ccCc4Aiu.s 			page 43


 2391 0047 49       		.uleb128 0x49
 2392 0048 13       		.uleb128 0x13
 2393 0049 00       		.byte	0
 2394 004a 00       		.byte	0
 2395 004b 08       		.uleb128 0x8
 2396 004c 34       		.uleb128 0x34
 2397 004d 00       		.byte	0
 2398 004e 03       		.uleb128 0x3
 2399 004f 0E       		.uleb128 0xe
 2400 0050 3A       		.uleb128 0x3a
 2401 0051 0B       		.uleb128 0xb
 2402 0052 3B       		.uleb128 0x3b
 2403 0053 0B       		.uleb128 0xb
 2404 0054 49       		.uleb128 0x49
 2405 0055 13       		.uleb128 0x13
 2406 0056 3F       		.uleb128 0x3f
 2407 0057 19       		.uleb128 0x19
 2408 0058 02       		.uleb128 0x2
 2409 0059 18       		.uleb128 0x18
 2410 005a 00       		.byte	0
 2411 005b 00       		.byte	0
 2412 005c 09       		.uleb128 0x9
 2413 005d 21       		.uleb128 0x21
 2414 005e 00       		.byte	0
 2415 005f 49       		.uleb128 0x49
 2416 0060 13       		.uleb128 0x13
 2417 0061 2F       		.uleb128 0x2f
 2418 0062 0B       		.uleb128 0xb
 2419 0063 00       		.byte	0
 2420 0064 00       		.byte	0
 2421 0065 0A       		.uleb128 0xa
 2422 0066 34       		.uleb128 0x34
 2423 0067 00       		.byte	0
 2424 0068 03       		.uleb128 0x3
 2425 0069 0E       		.uleb128 0xe
 2426 006a 3A       		.uleb128 0x3a
 2427 006b 0B       		.uleb128 0xb
 2428 006c 3B       		.uleb128 0x3b
 2429 006d 05       		.uleb128 0x5
 2430 006e 49       		.uleb128 0x49
 2431 006f 13       		.uleb128 0x13
 2432 0070 3F       		.uleb128 0x3f
 2433 0071 19       		.uleb128 0x19
 2434 0072 02       		.uleb128 0x2
 2435 0073 18       		.uleb128 0x18
 2436 0074 00       		.byte	0
 2437 0075 00       		.byte	0
 2438 0076 00       		.byte	0
 2439              		.section	.debug_aranges,"",%progbits
 2440 0000 14000000 		.4byte	0x14
 2441 0004 0200     		.2byte	0x2
 2442 0006 00000000 		.4byte	.Ldebug_info0
 2443 000a 04       		.byte	0x4
 2444 000b 00       		.byte	0
 2445 000c 0000     		.2byte	0
 2446 000e 0000     		.2byte	0
 2447 0010 00000000 		.4byte	0
ARM GAS  C:\Users\ukul426\AppData\Local\Temp\ccCc4Aiu.s 			page 44


 2448 0014 00000000 		.4byte	0
 2449              		.section	.debug_line,"",%progbits
 2450              	.Ldebug_line0:
 2451 0000 3D010000 		.section	.debug_str,"MS",%progbits,1
 2451      02003701 
 2451      00000201 
 2451      FB0E0D00 
 2451      01010101 
 2452              	.LASF9:
 2453 0000 5F5F7569 		.ascii	"__uint8_t\000"
 2453      6E74385F 
 2453      7400
 2454              	.LASF16:
 2455 000a 63795F6D 		.ascii	"cy_metadata\000"
 2455      65746164 
 2455      61746100 
 2456              	.LASF1:
 2457 0016 756E7369 		.ascii	"unsigned char\000"
 2457      676E6564 
 2457      20636861 
 2457      7200
 2458              	.LASF17:
 2459 0024 474E5520 		.ascii	"GNU C11 5.4.1 20160609 (release) [ARM/embedded-5-br"
 2459      43313120 
 2459      352E342E 
 2459      31203230 
 2459      31363036 
 2460 0057 616E6368 		.ascii	"anch revision 237715] -mcpu=cortex-m3 -mthumb -g -O"
 2460      20726576 
 2460      6973696F 
 2460      6E203233 
 2460      37373135 
 2461 008a 67202D66 		.ascii	"g -ffunction-sections -ffat-lto-objects\000"
 2461      66756E63 
 2461      74696F6E 
 2461      2D736563 
 2461      74696F6E 
 2462              	.LASF5:
 2463 00b2 6C6F6E67 		.ascii	"long unsigned int\000"
 2463      20756E73 
 2463      69676E65 
 2463      6420696E 
 2463      7400
 2464              	.LASF3:
 2465 00c4 73686F72 		.ascii	"short unsigned int\000"
 2465      7420756E 
 2465      7369676E 
 2465      65642069 
 2465      6E7400
 2466              	.LASF13:
 2467 00d7 63795F6D 		.ascii	"cy_meta_custnvl\000"
 2467      6574615F 
 2467      63757374 
 2467      6E766C00 
 2468              	.LASF12:
 2469 00e7 63795F6D 		.ascii	"cy_meta_configecc\000"
 2469      6574615F 
ARM GAS  C:\Users\ukul426\AppData\Local\Temp\ccCc4Aiu.s 			page 45


 2469      636F6E66 
 2469      69676563 
 2469      6300
 2470              	.LASF8:
 2471 00f9 756E7369 		.ascii	"unsigned int\000"
 2471      676E6564 
 2471      20696E74 
 2471      00
 2472              	.LASF19:
 2473 0106 483A5C44 		.ascii	"H:\\Documents\\COMPSYS301\\Uma\\CS301_15.cydsn - sw"
 2473      6F63756D 
 2473      656E7473 
 2473      5C434F4D 
 2473      50535953 
 2474 0135 69746368 		.ascii	"itchcase try\\Additional_HD.cydsn\000"
 2474      63617365 
 2474      20747279 
 2474      5C416464 
 2474      6974696F 
 2475              	.LASF7:
 2476 0156 6C6F6E67 		.ascii	"long long unsigned int\000"
 2476      206C6F6E 
 2476      6720756E 
 2476      7369676E 
 2476      65642069 
 2477              	.LASF10:
 2478 016d 75696E74 		.ascii	"uint8_t\000"
 2478      385F7400 
 2479              	.LASF15:
 2480 0175 63795F6D 		.ascii	"cy_meta_flashprotect\000"
 2480      6574615F 
 2480      666C6173 
 2480      6870726F 
 2480      74656374 
 2481              	.LASF14:
 2482 018a 63795F6D 		.ascii	"cy_meta_wonvl\000"
 2482      6574615F 
 2482      776F6E76 
 2482      6C00
 2483              	.LASF11:
 2484 0198 73697A65 		.ascii	"sizetype\000"
 2484      74797065 
 2484      00
 2485              	.LASF6:
 2486 01a1 6C6F6E67 		.ascii	"long long int\000"
 2486      206C6F6E 
 2486      6720696E 
 2486      7400
 2487              	.LASF2:
 2488 01af 73686F72 		.ascii	"short int\000"
 2488      7420696E 
 2488      7400
 2489              	.LASF4:
 2490 01b9 6C6F6E67 		.ascii	"long int\000"
 2490      20696E74 
 2490      00
 2491              	.LASF0:
ARM GAS  C:\Users\ukul426\AppData\Local\Temp\ccCc4Aiu.s 			page 46


 2492 01c2 7369676E 		.ascii	"signed char\000"
 2492      65642063 
 2492      68617200 
 2493              	.LASF18:
 2494 01ce 47656E65 		.ascii	"Generated_Source\\PSoC5\\cymetadata.c\000"
 2494      72617465 
 2494      645F536F 
 2494      75726365 
 2494      5C50536F 
 2495              		.ident	"GCC: (GNU Tools for ARM Embedded Processors) 5.4.1 20160609 (release) [ARM/embedded-5-bran
