ARM GAS  C:\Users\umasu\AppData\Local\Temp\cceNWc0V.s 			page 1


   1              		.syntax unified
   2              		.cpu cortex-m3
   3              		.fpu softvfp
   4              		.eabi_attribute 20, 1
   5              		.eabi_attribute 21, 1
   6              		.eabi_attribute 23, 3
   7              		.eabi_attribute 24, 1
   8              		.eabi_attribute 25, 1
   9              		.eabi_attribute 26, 1
  10              		.eabi_attribute 30, 1
  11              		.eabi_attribute 34, 1
  12              		.eabi_attribute 18, 4
  13              		.thumb
  14              		.syntax unified
  15              		.file	"main.c"
  16              		.text
  17              	.Ltext0:
  18              		.cfi_sections	.debug_frame
  19              		.global	__aeabi_i2f
  20              		.global	__aeabi_fmul
  21              		.global	__aeabi_f2iz
  22              		.section	.text.isr_2_handler,"ax",%progbits
  23              		.align	2
  24              		.global	isr_2_handler
  25              		.thumb
  26              		.thumb_func
  27              		.type	isr_2_handler, %function
  28              	isr_2_handler:
  29              	.LFB64:
  30              		.file 1 "main.c"
   1:main.c        **** #include <stdio.h>
   2:main.c        **** #include <string.h>
   3:main.c        **** #include <stdlib.h>
   4:main.c        **** #include <project.h>
   5:main.c        **** #include <stdbool.h>
   6:main.c        **** #include <math.h>
   7:main.c        **** #include "project.h"
   8:main.c        **** #define TURN_90_ANGLE_EN_COUNT 57 // 90 degrees
   9:main.c        **** #define TURN_180_ANGLE_EN_COUNT 114 // 180 degrees
  10:main.c        **** 
  11:main.c        **** // Define states for the state machine
  12:main.c        **** typedef enum {
  13:main.c        ****     GO_STRAIGHT,
  14:main.c        ****     TURN_LEFT,
  15:main.c        ****     TURN_RIGHT,
  16:main.c        ****     REVERSE,
  17:main.c        ****     STOP
  18:main.c        **** } RobotState;
  19:main.c        **** //distance calculation paras
  20:main.c        **** int32 encoderCounts_M1 = 0;  
  21:main.c        **** int32 encoderCounts_M2 = 0;  
  22:main.c        **** int32 CPR = 228;  // Adjusted for 4x resolution(228/4)
  23:main.c        **** float wheelCircumference_cm = (M_PI*64.46)/10;// wheel circumference wheelDiameter_mm = 64.46)
  24:main.c        **** double timeInterval_s = 10.924;  // Effective time interval( (timer period )2.731*4)
  25:main.c        **** int32  distance_M1 = 0;
  26:main.c        **** int32  distance_M2 = 0;
  27:main.c        **** int32 target_diatance = 15;//cm
ARM GAS  C:\Users\umasu\AppData\Local\Temp\cceNWc0V.s 			page 2


  28:main.c        **** 
  29:main.c        **** 
  30:main.c        **** int32 encoder_value_sum_M1 = 0;
  31:main.c        **** int32 encoder_value_sum_M2 = 0;
  32:main.c        **** 
  33:main.c        **** uint32 count = 0;
  34:main.c        **** uint8 C0_sum;
  35:main.c        **** uint8 C1_sum;
  36:main.c        **** uint8 C2_sum;
  37:main.c        **** uint8 C3_sum;
  38:main.c        **** uint8 PWM_R=0;
  39:main.c        **** uint8 PWM_L=0;
  40:main.c        **** int32 current_encoder;
  41:main.c        **** 
  42:main.c        **** 
  43:main.c        **** bool is_turning;
  44:main.c        **** uint8 counter = 1;
  45:main.c        **** bool is_turning = false; // Initialize is_turning to false
  46:main.c        **** bool continue_turn = false; // Added a flag to continue the turn
  47:main.c        **** 
  48:main.c        **** RobotState current_state = GO_STRAIGHT;// intialse state
  49:main.c        **** 
  50:main.c        **** CY_ISR(isr_2_handler) {
  31              		.loc 1 50 0
  32              		.cfi_startproc
  33              		@ args = 0, pretend = 0, frame = 0
  34              		@ frame_needed = 0, uses_anonymous_args = 0
  35 0000 F8B5     		push	{r3, r4, r5, r6, r7, lr}
  36              		.cfi_def_cfa_offset 24
  37              		.cfi_offset 3, -24
  38              		.cfi_offset 4, -20
  39              		.cfi_offset 5, -16
  40              		.cfi_offset 6, -12
  41              		.cfi_offset 7, -8
  42              		.cfi_offset 14, -4
  51:main.c        ****     if (counter < 10){
  43              		.loc 1 51 0
  44 0002 1C4B     		ldr	r3, .L5
  45 0004 1B78     		ldrb	r3, [r3]	@ zero_extendqisi2
  46 0006 092B     		cmp	r3, #9
  47 0008 03D8     		bhi	.L2
  52:main.c        ****         counter++;
  48              		.loc 1 52 0
  49 000a 0133     		adds	r3, r3, #1
  50 000c 194A     		ldr	r2, .L5
  51 000e 1370     		strb	r3, [r2]
  52 0010 2CE0     		b	.L3
  53              	.L2:
  53:main.c        ****     }else{
  54:main.c        ****         counter = 1;
  54              		.loc 1 54 0
  55 0012 184E     		ldr	r6, .L5
  56 0014 0123     		movs	r3, #1
  57 0016 3370     		strb	r3, [r6]
  55:main.c        ****         // Encoder counts (negative due to counterclockwise rotation)
  56:main.c        ****         encoderCounts_M1 = abs(QuadDec_M1_GetCounter());//QuadDec_M1_GetCounter();
  58              		.loc 1 56 0
ARM GAS  C:\Users\umasu\AppData\Local\Temp\cceNWc0V.s 			page 3


  59 0018 FFF7FEFF 		bl	QuadDec_M1_GetCounter
  60              	.LVL0:
  61 001c 0028     		cmp	r0, #0
  62 001e B8BF     		it	lt
  63 0020 4042     		rsblt	r0, r0, #0
  64 0022 154C     		ldr	r4, .L5+4
  65 0024 2060     		str	r0, [r4]
  57:main.c        ****         encoderCounts_M2 = abs(QuadDec_M2_GetCounter());
  66              		.loc 1 57 0
  67 0026 FFF7FEFF 		bl	QuadDec_M2_GetCounter
  68              	.LVL1:
  69 002a 0028     		cmp	r0, #0
  70 002c B8BF     		it	lt
  71 002e 4042     		rsblt	r0, r0, #0
  72 0030 6060     		str	r0, [r4, #4]
  58:main.c        ****         
  59:main.c        ****         // sum of encodercounts
  60:main.c        ****         encoder_value_sum_M1 += encoderCounts_M1;
  73              		.loc 1 60 0
  74 0032 A268     		ldr	r2, [r4, #8]
  75 0034 2368     		ldr	r3, [r4]
  76 0036 1A44     		add	r2, r2, r3
  77 0038 A260     		str	r2, [r4, #8]
  61:main.c        ****         encoder_value_sum_M2 += encoderCounts_M2;
  78              		.loc 1 61 0
  79 003a E368     		ldr	r3, [r4, #12]
  80 003c C518     		adds	r5, r0, r3
  81 003e E560     		str	r5, [r4, #12]
  62:main.c        ****         
  63:main.c        ****         // distance calculations 
  64:main.c        ****         distance_M1 = (encoder_value_sum_M1/CPR) * wheelCircumference_cm;
  82              		.loc 1 64 0
  83 0040 7768     		ldr	r7, [r6, #4]
  84 0042 B668     		ldr	r6, [r6, #8]	@ float
  85 0044 92FBF7F0 		sdiv	r0, r2, r7
  86 0048 FFF7FEFF 		bl	__aeabi_i2f
  87              	.LVL2:
  88 004c 3146     		mov	r1, r6
  89 004e FFF7FEFF 		bl	__aeabi_fmul
  90              	.LVL3:
  91 0052 FFF7FEFF 		bl	__aeabi_f2iz
  92              	.LVL4:
  93 0056 2061     		str	r0, [r4, #16]
  65:main.c        ****         distance_M2 = (encoder_value_sum_M2/CPR) * wheelCircumference_cm;
  94              		.loc 1 65 0
  95 0058 95FBF7F0 		sdiv	r0, r5, r7
  96 005c FFF7FEFF 		bl	__aeabi_i2f
  97              	.LVL5:
  98 0060 3146     		mov	r1, r6
  99 0062 FFF7FEFF 		bl	__aeabi_fmul
 100              	.LVL6:
 101 0066 FFF7FEFF 		bl	__aeabi_f2iz
 102              	.LVL7:
 103 006a 6061     		str	r0, [r4, #20]
 104              	.L3:
  66:main.c        ****         
  67:main.c        **** 
ARM GAS  C:\Users\umasu\AppData\Local\Temp\cceNWc0V.s 			page 4


  68:main.c        ****         //reset the encoder counters 
  69:main.c        **** //        QuadDec_M1_SetCounter(0);
  70:main.c        **** //        QuadDec_M2_SetCounter(0);     
  71:main.c        ****     }
  72:main.c        ****         
  73:main.c        ****         Timer_1_ReadStatusRegister();
 105              		.loc 1 73 0
 106 006c FFF7FEFF 		bl	Timer_1_ReadStatusRegister
 107              	.LVL8:
 108 0070 F8BD     		pop	{r3, r4, r5, r6, r7, pc}
 109              	.L6:
 110 0072 00BF     		.align	2
 111              	.L5:
 112 0074 00000000 		.word	.LANCHOR0
 113 0078 00000000 		.word	.LANCHOR1
 114              		.cfi_endproc
 115              	.LFE64:
 116              		.size	isr_2_handler, .-isr_2_handler
 117              		.section	.text.isr_1_handler,"ax",%progbits
 118              		.align	2
 119              		.global	isr_1_handler
 120              		.thumb
 121              		.thumb_func
 122              		.type	isr_1_handler, %function
 123              	isr_1_handler:
 124              	.LFB65:
  74:main.c        **** }
  75:main.c        **** CY_ISR(isr_1_handler) {
 125              		.loc 1 75 0
 126              		.cfi_startproc
 127              		@ args = 0, pretend = 0, frame = 0
 128              		@ frame_needed = 0, uses_anonymous_args = 0
 129 0000 08B5     		push	{r3, lr}
 130              		.cfi_def_cfa_offset 8
 131              		.cfi_offset 3, -8
 132              		.cfi_offset 14, -4
  76:main.c        ****     //every 1ms   
  77:main.c        ****     //sum up comp values every 1ms
  78:main.c        ****     C0_sum+=Comp_0_GetCompare();
 133              		.loc 1 78 0
 134 0002 FFF7FEFF 		bl	Comp_0_GetCompare
 135              	.LVL9:
 136 0006 164A     		ldr	r2, .L10
 137 0008 1378     		ldrb	r3, [r2]	@ zero_extendqisi2
 138 000a 1844     		add	r0, r0, r3
 139 000c 1070     		strb	r0, [r2]
  79:main.c        ****     C1_sum+=Comp_1_GetCompare();
 140              		.loc 1 79 0
 141 000e FFF7FEFF 		bl	Comp_1_GetCompare
 142              	.LVL10:
 143 0012 144A     		ldr	r2, .L10+4
 144 0014 1378     		ldrb	r3, [r2]	@ zero_extendqisi2
 145 0016 1844     		add	r0, r0, r3
 146 0018 1070     		strb	r0, [r2]
  80:main.c        ****     C2_sum+=Comp_2_GetCompare();
 147              		.loc 1 80 0
 148 001a FFF7FEFF 		bl	Comp_2_GetCompare
ARM GAS  C:\Users\umasu\AppData\Local\Temp\cceNWc0V.s 			page 5


 149              	.LVL11:
 150 001e 124A     		ldr	r2, .L10+8
 151 0020 1378     		ldrb	r3, [r2]	@ zero_extendqisi2
 152 0022 1844     		add	r0, r0, r3
 153 0024 1070     		strb	r0, [r2]
  81:main.c        ****     C3_sum+=Comp_3_GetCompare();  
 154              		.loc 1 81 0
 155 0026 FFF7FEFF 		bl	Comp_3_GetCompare
 156              	.LVL12:
 157 002a 104A     		ldr	r2, .L10+12
 158 002c 1378     		ldrb	r3, [r2]	@ zero_extendqisi2
 159 002e 1844     		add	r0, r0, r3
 160 0030 1070     		strb	r0, [r2]
  82:main.c        ****     
  83:main.c        ****     if(count==8){
 161              		.loc 1 83 0
 162 0032 0F4B     		ldr	r3, .L10+16
 163 0034 9B69     		ldr	r3, [r3, #24]
 164 0036 082B     		cmp	r3, #8
 165 0038 0AD1     		bne	.L8
  84:main.c        ****         //reset to check again every 8ms
  85:main.c        ****         C0_sum=0;
 166              		.loc 1 85 0
 167 003a 0023     		movs	r3, #0
 168 003c 084A     		ldr	r2, .L10
 169 003e 1370     		strb	r3, [r2]
  86:main.c        ****         C1_sum=0;
 170              		.loc 1 86 0
 171 0040 084A     		ldr	r2, .L10+4
 172 0042 1370     		strb	r3, [r2]
  87:main.c        ****         C2_sum=0;
 173              		.loc 1 87 0
 174 0044 084A     		ldr	r2, .L10+8
 175 0046 1370     		strb	r3, [r2]
  88:main.c        ****         C3_sum=0;
 176              		.loc 1 88 0
 177 0048 084A     		ldr	r2, .L10+12
 178 004a 1370     		strb	r3, [r2]
  89:main.c        ****         count=0;
 179              		.loc 1 89 0
 180 004c 084A     		ldr	r2, .L10+16
 181 004e 9361     		str	r3, [r2, #24]
 182              	.L8:
  90:main.c        ****     }
  91:main.c        ****     count++;
 183              		.loc 1 91 0
 184 0050 074A     		ldr	r2, .L10+16
 185 0052 9369     		ldr	r3, [r2, #24]
 186 0054 0133     		adds	r3, r3, #1
 187 0056 9361     		str	r3, [r2, #24]
  92:main.c        ****     Timer_1_ReadStatusRegister();
 188              		.loc 1 92 0
 189 0058 FFF7FEFF 		bl	Timer_1_ReadStatusRegister
 190              	.LVL13:
 191 005c 08BD     		pop	{r3, pc}
 192              	.L11:
 193 005e 00BF     		.align	2
ARM GAS  C:\Users\umasu\AppData\Local\Temp\cceNWc0V.s 			page 6


 194              	.L10:
 195 0060 00000000 		.word	C0_sum
 196 0064 00000000 		.word	C1_sum
 197 0068 00000000 		.word	C2_sum
 198 006c 00000000 		.word	C3_sum
 199 0070 00000000 		.word	.LANCHOR1
 200              		.cfi_endproc
 201              	.LFE65:
 202              		.size	isr_1_handler, .-isr_1_handler
 203              		.section	.text.distance,"ax",%progbits
 204              		.align	2
 205              		.global	distance
 206              		.thumb
 207              		.thumb_func
 208              		.type	distance, %function
 209              	distance:
 210              	.LFB66:
  93:main.c        **** }
  94:main.c        **** 
  95:main.c        **** int distance(){
 211              		.loc 1 95 0
 212              		.cfi_startproc
 213              		@ args = 0, pretend = 0, frame = 0
 214              		@ frame_needed = 0, uses_anonymous_args = 0
 215 0000 10B5     		push	{r4, lr}
 216              		.cfi_def_cfa_offset 8
 217              		.cfi_offset 4, -8
 218              		.cfi_offset 14, -4
  96:main.c        ****     return distance_M2 = (abs(QuadDec_M2_GetCounter())/CPR) * wheelCircumference_cm;
 219              		.loc 1 96 0
 220 0002 FFF7FEFF 		bl	QuadDec_M2_GetCounter
 221              	.LVL14:
 222 0006 0028     		cmp	r0, #0
 223 0008 B8BF     		it	lt
 224 000a 4042     		rsblt	r0, r0, #0
 225 000c 064C     		ldr	r4, .L14
 226 000e 6368     		ldr	r3, [r4, #4]
 227 0010 90FBF3F0 		sdiv	r0, r0, r3
 228 0014 FFF7FEFF 		bl	__aeabi_i2f
 229              	.LVL15:
 230 0018 A168     		ldr	r1, [r4, #8]	@ float
 231 001a FFF7FEFF 		bl	__aeabi_fmul
 232              	.LVL16:
 233 001e FFF7FEFF 		bl	__aeabi_f2iz
 234              	.LVL17:
 235 0022 024B     		ldr	r3, .L14+4
 236 0024 5861     		str	r0, [r3, #20]
  97:main.c        **** }
 237              		.loc 1 97 0
 238 0026 10BD     		pop	{r4, pc}
 239              	.L15:
 240              		.align	2
 241              	.L14:
 242 0028 00000000 		.word	.LANCHOR0
 243 002c 00000000 		.word	.LANCHOR1
 244              		.cfi_endproc
 245              	.LFE66:
ARM GAS  C:\Users\umasu\AppData\Local\Temp\cceNWc0V.s 			page 7


 246              		.size	distance, .-distance
 247              		.section	.text.goStraight,"ax",%progbits
 248              		.align	2
 249              		.global	goStraight
 250              		.thumb
 251              		.thumb_func
 252              		.type	goStraight, %function
 253              	goStraight:
 254              	.LFB67:
  98:main.c        **** 
  99:main.c        **** void goStraight(){
 255              		.loc 1 99 0
 256              		.cfi_startproc
 257              		@ args = 0, pretend = 0, frame = 0
 258              		@ frame_needed = 0, uses_anonymous_args = 0
 259 0000 08B5     		push	{r3, lr}
 260              		.cfi_def_cfa_offset 8
 261              		.cfi_offset 3, -8
 262              		.cfi_offset 14, -4
 100:main.c        ****     if(C0_sum>0 && C1_sum==0){//s_ML out of line
 263              		.loc 1 100 0
 264 0002 114B     		ldr	r3, .L21
 265 0004 1B78     		ldrb	r3, [r3]	@ zero_extendqisi2
 266 0006 5BB1     		cbz	r3, .L17
 267              		.loc 1 100 0 is_stmt 0 discriminator 1
 268 0008 104A     		ldr	r2, .L21+4
 269 000a 1278     		ldrb	r2, [r2]	@ zero_extendqisi2
 270 000c 42B9     		cbnz	r2, .L17
 101:main.c        ****         PWM_L = PWM_2_ReadCompare();
 271              		.loc 1 101 0 is_stmt 1
 272 000e FFF7FEFF 		bl	PWM_2_ReadCompare
 273              	.LVL18:
 274 0012 0F4B     		ldr	r3, .L21+8
 275 0014 1877     		strb	r0, [r3, #28]
 102:main.c        ****         PWM_2_WriteCompare(PWM_L+1); 
 276              		.loc 1 102 0
 277 0016 0130     		adds	r0, r0, #1
 278 0018 C0B2     		uxtb	r0, r0
 279 001a FFF7FEFF 		bl	PWM_2_WriteCompare
 280              	.LVL19:
 281 001e 08BD     		pop	{r3, pc}
 282              	.L17:
 103:main.c        ****     }else if(C0_sum==0 && C1_sum>0){//s_MR out of line
 283              		.loc 1 103 0
 284 0020 5BB9     		cbnz	r3, .L19
 285              		.loc 1 103 0 is_stmt 0 discriminator 1
 286 0022 0A4B     		ldr	r3, .L21+4
 287 0024 1B78     		ldrb	r3, [r3]	@ zero_extendqisi2
 288 0026 43B1     		cbz	r3, .L19
 104:main.c        ****         PWM_R = PWM_1_ReadCompare();
 289              		.loc 1 104 0 is_stmt 1
 290 0028 FFF7FEFF 		bl	PWM_1_ReadCompare
 291              	.LVL20:
 292 002c 084B     		ldr	r3, .L21+8
 293 002e 5877     		strb	r0, [r3, #29]
 105:main.c        ****         PWM_1_WriteCompare(PWM_R+1);
 294              		.loc 1 105 0
ARM GAS  C:\Users\umasu\AppData\Local\Temp\cceNWc0V.s 			page 8


 295 0030 0130     		adds	r0, r0, #1
 296 0032 C0B2     		uxtb	r0, r0
 297 0034 FFF7FEFF 		bl	PWM_1_WriteCompare
 298              	.LVL21:
 299 0038 08BD     		pop	{r3, pc}
 300              	.L19:
 106:main.c        ****     }else{
 107:main.c        ****         PWM_1_WriteCompare(70);
 301              		.loc 1 107 0
 302 003a 4620     		movs	r0, #70
 303 003c FFF7FEFF 		bl	PWM_1_WriteCompare
 304              	.LVL22:
 108:main.c        ****         PWM_2_WriteCompare(70); 
 305              		.loc 1 108 0
 306 0040 4620     		movs	r0, #70
 307 0042 FFF7FEFF 		bl	PWM_2_WriteCompare
 308              	.LVL23:
 309 0046 08BD     		pop	{r3, pc}
 310              	.L22:
 311              		.align	2
 312              	.L21:
 313 0048 00000000 		.word	C0_sum
 314 004c 00000000 		.word	C1_sum
 315 0050 00000000 		.word	.LANCHOR1
 316              		.cfi_endproc
 317              	.LFE67:
 318              		.size	goStraight, .-goStraight
 319              		.section	.text.turnLeft,"ax",%progbits
 320              		.align	2
 321              		.global	turnLeft
 322              		.thumb
 323              		.thumb_func
 324              		.type	turnLeft, %function
 325              	turnLeft:
 326              	.LFB68:
 109:main.c        ****     }
 110:main.c        **** }
 111:main.c        **** void turnLeft(){
 327              		.loc 1 111 0
 328              		.cfi_startproc
 329              		@ args = 0, pretend = 0, frame = 0
 330              		@ frame_needed = 0, uses_anonymous_args = 0
 331 0000 08B5     		push	{r3, lr}
 332              		.cfi_def_cfa_offset 8
 333              		.cfi_offset 3, -8
 334              		.cfi_offset 14, -4
 112:main.c        ****     
 113:main.c        ****     PWM_1_WriteCompare(70);
 335              		.loc 1 113 0
 336 0002 4620     		movs	r0, #70
 337 0004 FFF7FEFF 		bl	PWM_1_WriteCompare
 338              	.LVL24:
 114:main.c        ****     PWM_2_WriteCompare(30); 
 339              		.loc 1 114 0
 340 0008 1E20     		movs	r0, #30
 341 000a FFF7FEFF 		bl	PWM_2_WriteCompare
 342              	.LVL25:
ARM GAS  C:\Users\umasu\AppData\Local\Temp\cceNWc0V.s 			page 9


 343 000e 08BD     		pop	{r3, pc}
 344              		.cfi_endproc
 345              	.LFE68:
 346              		.size	turnLeft, .-turnLeft
 347              		.section	.text.turnRight,"ax",%progbits
 348              		.align	2
 349              		.global	turnRight
 350              		.thumb
 351              		.thumb_func
 352              		.type	turnRight, %function
 353              	turnRight:
 354              	.LFB69:
 115:main.c        **** }
 116:main.c        **** void turnRight(){
 355              		.loc 1 116 0
 356              		.cfi_startproc
 357              		@ args = 0, pretend = 0, frame = 0
 358              		@ frame_needed = 0, uses_anonymous_args = 0
 359 0000 08B5     		push	{r3, lr}
 360              		.cfi_def_cfa_offset 8
 361              		.cfi_offset 3, -8
 362              		.cfi_offset 14, -4
 117:main.c        ****     PWM_1_WriteCompare(30);
 363              		.loc 1 117 0
 364 0002 1E20     		movs	r0, #30
 365 0004 FFF7FEFF 		bl	PWM_1_WriteCompare
 366              	.LVL26:
 118:main.c        ****     PWM_2_WriteCompare(70); 
 367              		.loc 1 118 0
 368 0008 4620     		movs	r0, #70
 369 000a FFF7FEFF 		bl	PWM_2_WriteCompare
 370              	.LVL27:
 371 000e 08BD     		pop	{r3, pc}
 372              		.cfi_endproc
 373              	.LFE69:
 374              		.size	turnRight, .-turnRight
 375              		.section	.text.reverse,"ax",%progbits
 376              		.align	2
 377              		.global	reverse
 378              		.thumb
 379              		.thumb_func
 380              		.type	reverse, %function
 381              	reverse:
 382              	.LFB70:
 119:main.c        **** }
 120:main.c        **** void reverse(){
 383              		.loc 1 120 0
 384              		.cfi_startproc
 385              		@ args = 0, pretend = 0, frame = 0
 386              		@ frame_needed = 0, uses_anonymous_args = 0
 387 0000 08B5     		push	{r3, lr}
 388              		.cfi_def_cfa_offset 8
 389              		.cfi_offset 3, -8
 390              		.cfi_offset 14, -4
 121:main.c        ****     PWM_1_WriteCompare(1);
 391              		.loc 1 121 0
 392 0002 0120     		movs	r0, #1
ARM GAS  C:\Users\umasu\AppData\Local\Temp\cceNWc0V.s 			page 10


 393 0004 FFF7FEFF 		bl	PWM_1_WriteCompare
 394              	.LVL28:
 122:main.c        ****     PWM_2_WriteCompare(1);
 395              		.loc 1 122 0
 396 0008 0120     		movs	r0, #1
 397 000a FFF7FEFF 		bl	PWM_2_WriteCompare
 398              	.LVL29:
 399 000e 08BD     		pop	{r3, pc}
 400              		.cfi_endproc
 401              	.LFE70:
 402              		.size	reverse, .-reverse
 403              		.section	.text.stop,"ax",%progbits
 404              		.align	2
 405              		.global	stop
 406              		.thumb
 407              		.thumb_func
 408              		.type	stop, %function
 409              	stop:
 410              	.LFB71:
 123:main.c        **** }
 124:main.c        **** void stop(){
 411              		.loc 1 124 0
 412              		.cfi_startproc
 413              		@ args = 0, pretend = 0, frame = 0
 414              		@ frame_needed = 0, uses_anonymous_args = 0
 415 0000 08B5     		push	{r3, lr}
 416              		.cfi_def_cfa_offset 8
 417              		.cfi_offset 3, -8
 418              		.cfi_offset 14, -4
 125:main.c        ****     PWM_1_WriteCompare(50);
 419              		.loc 1 125 0
 420 0002 3220     		movs	r0, #50
 421 0004 FFF7FEFF 		bl	PWM_1_WriteCompare
 422              	.LVL30:
 126:main.c        ****     PWM_2_WriteCompare(50);
 423              		.loc 1 126 0
 424 0008 3220     		movs	r0, #50
 425 000a FFF7FEFF 		bl	PWM_2_WriteCompare
 426              	.LVL31:
 427 000e 08BD     		pop	{r3, pc}
 428              		.cfi_endproc
 429              	.LFE71:
 430              		.size	stop, .-stop
 431              		.section	.text.main,"ax",%progbits
 432              		.align	2
 433              		.global	main
 434              		.thumb
 435              		.thumb_func
 436              		.type	main, %function
 437              	main:
 438              	.LFB72:
 127:main.c        **** }
 128:main.c        **** 
 129:main.c        **** 
 130:main.c        **** int main(void)
 131:main.c        **** {
 439              		.loc 1 131 0
ARM GAS  C:\Users\umasu\AppData\Local\Temp\cceNWc0V.s 			page 11


 440              		.cfi_startproc
 441              		@ Volatile: function does not return.
 442              		@ args = 0, pretend = 0, frame = 0
 443              		@ frame_needed = 0, uses_anonymous_args = 0
 444 0000 08B5     		push	{r3, lr}
 445              		.cfi_def_cfa_offset 8
 446              		.cfi_offset 3, -8
 447              		.cfi_offset 14, -4
 132:main.c        ****     CyGlobalIntEnable; /* Enable global interrupts. */
 448              		.loc 1 132 0
 449              		.syntax unified
 450              	@ 132 "main.c" 1
 451 0002 62B6     		CPSIE   i
 452              	@ 0 "" 2
 133:main.c        ****     Timer_1_Start();
 453              		.loc 1 133 0
 454              		.thumb
 455              		.syntax unified
 456 0004 FFF7FEFF 		bl	Timer_1_Start
 457              	.LVL32:
 134:main.c        ****     isr_1_StartEx(isr_1_handler);
 458              		.loc 1 134 0
 459 0008 1A48     		ldr	r0, .L36
 460 000a FFF7FEFF 		bl	isr_1_StartEx
 461              	.LVL33:
 135:main.c        ****     isr_2_StartEx(isr_2_handler);
 462              		.loc 1 135 0
 463 000e 1A48     		ldr	r0, .L36+4
 464 0010 FFF7FEFF 		bl	isr_2_StartEx
 465              	.LVL34:
 136:main.c        ****     Comp_0_Start();
 466              		.loc 1 136 0
 467 0014 FFF7FEFF 		bl	Comp_0_Start
 468              	.LVL35:
 137:main.c        ****     Comp_1_Start();
 469              		.loc 1 137 0
 470 0018 FFF7FEFF 		bl	Comp_1_Start
 471              	.LVL36:
 138:main.c        ****     Comp_2_Start();
 472              		.loc 1 138 0
 473 001c FFF7FEFF 		bl	Comp_2_Start
 474              	.LVL37:
 139:main.c        ****     Comp_3_Start();
 475              		.loc 1 139 0
 476 0020 FFF7FEFF 		bl	Comp_3_Start
 477              	.LVL38:
 140:main.c        ****     Clock_PWM_Start(); 
 478              		.loc 1 140 0
 479 0024 FFF7FEFF 		bl	Clock_PWM_Start
 480              	.LVL39:
 141:main.c        ****     PWM_1_Start();
 481              		.loc 1 141 0
 482 0028 FFF7FEFF 		bl	PWM_1_Start
 483              	.LVL40:
 142:main.c        ****     PWM_2_Start();
 484              		.loc 1 142 0
 485 002c FFF7FEFF 		bl	PWM_2_Start
ARM GAS  C:\Users\umasu\AppData\Local\Temp\cceNWc0V.s 			page 12


 486              	.LVL41:
 143:main.c        ****     PWM_1_WritePeriod(100);
 487              		.loc 1 143 0
 488 0030 6420     		movs	r0, #100
 489 0032 FFF7FEFF 		bl	PWM_1_WritePeriod
 490              	.LVL42:
 144:main.c        ****     PWM_2_WritePeriod(100);
 491              		.loc 1 144 0
 492 0036 6420     		movs	r0, #100
 493 0038 FFF7FEFF 		bl	PWM_2_WritePeriod
 494              	.LVL43:
 145:main.c        ****     QuadDec_M1_Start();
 495              		.loc 1 145 0
 496 003c FFF7FEFF 		bl	QuadDec_M1_Start
 497              	.LVL44:
 146:main.c        ****     QuadDec_M2_Start();
 498              		.loc 1 146 0
 499 0040 FFF7FEFF 		bl	QuadDec_M2_Start
 500              	.LVL45:
 501              	.L32:
 147:main.c        ****     
 148:main.c        ****     
 149:main.c        ****     for(;;)
 150:main.c        ****     {      
 151:main.c        ****         
 152:main.c        ****         if(abs(QuadDec_M2_GetCounter()) < 80){
 502              		.loc 1 152 0
 503 0044 FFF7FEFF 		bl	QuadDec_M2_GetCounter
 504              	.LVL46:
 505 0048 0028     		cmp	r0, #0
 506 004a B8BF     		it	lt
 507 004c 4042     		rsblt	r0, r0, #0
 508 004e 4F28     		cmp	r0, #79
 509 0050 02DC     		bgt	.L33
 153:main.c        ****             goStraight();
 510              		.loc 1 153 0
 511 0052 FFF7FEFF 		bl	goStraight
 512              	.LVL47:
 513 0056 F5E7     		b	.L32
 514              	.L33:
 154:main.c        ****             
 155:main.c        ****             
 156:main.c        ****         }else
 157:main.c        ****         if(abs(QuadDec_M2_GetCounter()) < 100){
 515              		.loc 1 157 0
 516 0058 FFF7FEFF 		bl	QuadDec_M2_GetCounter
 517              	.LVL48:
 518 005c 0028     		cmp	r0, #0
 519 005e B8BF     		it	lt
 520 0060 4042     		rsblt	r0, r0, #0
 521 0062 6328     		cmp	r0, #99
 522 0064 EEDC     		bgt	.L32
 158:main.c        ****                 QuadDec_M2_SetCounter(0);
 523              		.loc 1 158 0
 524 0066 0020     		movs	r0, #0
 525 0068 FFF7FEFF 		bl	QuadDec_M2_SetCounter
 526              	.LVL49:
ARM GAS  C:\Users\umasu\AppData\Local\Temp\cceNWc0V.s 			page 13


 159:main.c        ****                 turnLeft();
 527              		.loc 1 159 0
 528 006c FFF7FEFF 		bl	turnLeft
 529              	.LVL50:
 530 0070 E8E7     		b	.L32
 531              	.L37:
 532 0072 00BF     		.align	2
 533              	.L36:
 534 0074 00000000 		.word	isr_1_handler
 535 0078 00000000 		.word	isr_2_handler
 536              		.cfi_endproc
 537              	.LFE72:
 538              		.size	main, .-main
 539              		.global	current_state
 540              		.global	continue_turn
 541              		.global	counter
 542              		.global	is_turning
 543              		.comm	current_encoder,4,4
 544              		.global	PWM_L
 545              		.global	PWM_R
 546              		.comm	C3_sum,1,1
 547              		.comm	C2_sum,1,1
 548              		.comm	C1_sum,1,1
 549              		.comm	C0_sum,1,1
 550              		.global	count
 551              		.global	encoder_value_sum_M2
 552              		.global	encoder_value_sum_M1
 553              		.global	target_diatance
 554              		.global	distance_M2
 555              		.global	distance_M1
 556              		.global	timeInterval_s
 557              		.global	wheelCircumference_cm
 558              		.global	CPR
 559              		.global	encoderCounts_M2
 560              		.global	encoderCounts_M1
 561              		.data
 562              		.align	3
 563              		.set	.LANCHOR0,. + 0
 564              		.type	counter, %object
 565              		.size	counter, 1
 566              	counter:
 567 0000 01       		.byte	1
 568 0001 000000   		.space	3
 569              		.type	CPR, %object
 570              		.size	CPR, 4
 571              	CPR:
 572 0004 E4000000 		.word	228
 573              		.type	wheelCircumference_cm, %object
 574              		.size	wheelCircumference_cm, 4
 575              	wheelCircumference_cm:
 576 0008 7201A241 		.word	1101136242
 577              		.type	target_diatance, %object
 578              		.size	target_diatance, 4
 579              	target_diatance:
 580 000c 0F000000 		.word	15
 581              		.type	timeInterval_s, %object
 582              		.size	timeInterval_s, 8
ARM GAS  C:\Users\umasu\AppData\Local\Temp\cceNWc0V.s 			page 14


 583              	timeInterval_s:
 584 0010 0C022B87 		.word	-2027224564
 585 0014 16D92540 		.word	1076222230
 586              		.bss
 587              		.align	2
 588              		.set	.LANCHOR1,. + 0
 589              		.type	encoderCounts_M1, %object
 590              		.size	encoderCounts_M1, 4
 591              	encoderCounts_M1:
 592 0000 00000000 		.space	4
 593              		.type	encoderCounts_M2, %object
 594              		.size	encoderCounts_M2, 4
 595              	encoderCounts_M2:
 596 0004 00000000 		.space	4
 597              		.type	encoder_value_sum_M1, %object
 598              		.size	encoder_value_sum_M1, 4
 599              	encoder_value_sum_M1:
 600 0008 00000000 		.space	4
 601              		.type	encoder_value_sum_M2, %object
 602              		.size	encoder_value_sum_M2, 4
 603              	encoder_value_sum_M2:
 604 000c 00000000 		.space	4
 605              		.type	distance_M1, %object
 606              		.size	distance_M1, 4
 607              	distance_M1:
 608 0010 00000000 		.space	4
 609              		.type	distance_M2, %object
 610              		.size	distance_M2, 4
 611              	distance_M2:
 612 0014 00000000 		.space	4
 613              		.type	count, %object
 614              		.size	count, 4
 615              	count:
 616 0018 00000000 		.space	4
 617              		.type	PWM_L, %object
 618              		.size	PWM_L, 1
 619              	PWM_L:
 620 001c 00       		.space	1
 621              		.type	PWM_R, %object
 622              		.size	PWM_R, 1
 623              	PWM_R:
 624 001d 00       		.space	1
 625              		.type	current_state, %object
 626              		.size	current_state, 1
 627              	current_state:
 628 001e 00       		.space	1
 629              		.type	continue_turn, %object
 630              		.size	continue_turn, 1
 631              	continue_turn:
 632 001f 00       		.space	1
 633              		.type	is_turning, %object
 634              		.size	is_turning, 1
 635              	is_turning:
 636 0020 00       		.space	1
 637              		.text
 638              	.Letext0:
 639              		.file 2 "c:\\program files (x86)\\cypress\\psoc creator\\4.2\\psoc creator\\import\\gnu\\arm\\5.4.
ARM GAS  C:\Users\umasu\AppData\Local\Temp\cceNWc0V.s 			page 15


 640              		.file 3 "c:\\program files (x86)\\cypress\\psoc creator\\4.2\\psoc creator\\import\\gnu\\arm\\5.4.
 641              		.file 4 "Generated_Source\\PSoC5/cytypes.h"
 642              		.file 5 "Generated_Source\\PSoC5/core_cm3.h"
 643              		.file 6 "Generated_Source\\PSoC5/QuadDec_M1.h"
 644              		.file 7 "Generated_Source\\PSoC5/QuadDec_M2.h"
 645              		.file 8 "Generated_Source\\PSoC5/Timer_1.h"
 646              		.file 9 "Generated_Source\\PSoC5/Comp_0.h"
 647              		.file 10 "Generated_Source\\PSoC5/Comp_1.h"
 648              		.file 11 "Generated_Source\\PSoC5/Comp_2.h"
 649              		.file 12 "Generated_Source\\PSoC5/Comp_3.h"
 650              		.file 13 "Generated_Source\\PSoC5/PWM_2.h"
 651              		.file 14 "Generated_Source\\PSoC5/PWM_1.h"
 652              		.file 15 "Generated_Source\\PSoC5/isr_1.h"
 653              		.file 16 "Generated_Source\\PSoC5/isr_2.h"
 654              		.file 17 "Generated_Source\\PSoC5/Clock_PWM.h"
 655              		.section	.debug_info,"",%progbits
 656              	.Ldebug_info0:
 657 0000 81060000 		.4byte	0x681
 658 0004 0400     		.2byte	0x4
 659 0006 00000000 		.4byte	.Ldebug_abbrev0
 660 000a 04       		.byte	0x4
 661 000b 01       		.uleb128 0x1
 662 000c 56040000 		.4byte	.LASF82
 663 0010 0C       		.byte	0xc
 664 0011 8A030000 		.4byte	.LASF83
 665 0015 1F020000 		.4byte	.LASF84
 666 0019 00000000 		.4byte	.Ldebug_ranges0+0
 667 001d 00000000 		.4byte	0
 668 0021 00000000 		.4byte	.Ldebug_line0
 669 0025 02       		.uleb128 0x2
 670 0026 01       		.byte	0x1
 671 0027 06       		.byte	0x6
 672 0028 6E020000 		.4byte	.LASF0
 673 002c 02       		.uleb128 0x2
 674 002d 01       		.byte	0x1
 675 002e 08       		.byte	0x8
 676 002f 09020000 		.4byte	.LASF1
 677 0033 02       		.uleb128 0x2
 678 0034 02       		.byte	0x2
 679 0035 05       		.byte	0x5
 680 0036 60000000 		.4byte	.LASF2
 681 003a 02       		.uleb128 0x2
 682 003b 02       		.byte	0x2
 683 003c 07       		.byte	0x7
 684 003d C0020000 		.4byte	.LASF3
 685 0041 03       		.uleb128 0x3
 686 0042 D4030000 		.4byte	.LASF12
 687 0046 02       		.byte	0x2
 688 0047 3F       		.byte	0x3f
 689 0048 4C000000 		.4byte	0x4c
 690 004c 02       		.uleb128 0x2
 691 004d 04       		.byte	0x4
 692 004e 05       		.byte	0x5
 693 004f 81010000 		.4byte	.LASF4
 694 0053 02       		.uleb128 0x2
 695 0054 04       		.byte	0x4
 696 0055 07       		.byte	0x7
ARM GAS  C:\Users\umasu\AppData\Local\Temp\cceNWc0V.s 			page 16


 697 0056 91030000 		.4byte	.LASF5
 698 005a 02       		.uleb128 0x2
 699 005b 08       		.byte	0x8
 700 005c 05       		.byte	0x5
 701 005d 3F010000 		.4byte	.LASF6
 702 0061 02       		.uleb128 0x2
 703 0062 08       		.byte	0x8
 704 0063 07       		.byte	0x7
 705 0064 4D010000 		.4byte	.LASF7
 706 0068 04       		.uleb128 0x4
 707 0069 04       		.byte	0x4
 708 006a 05       		.byte	0x5
 709 006b 696E7400 		.ascii	"int\000"
 710 006f 02       		.uleb128 0x2
 711 0070 04       		.byte	0x4
 712 0071 07       		.byte	0x7
 713 0072 81020000 		.4byte	.LASF8
 714 0076 02       		.uleb128 0x2
 715 0077 08       		.byte	0x8
 716 0078 04       		.byte	0x4
 717 0079 F5010000 		.4byte	.LASF9
 718 007d 02       		.uleb128 0x2
 719 007e 04       		.byte	0x4
 720 007f 07       		.byte	0x7
 721 0080 6A000000 		.4byte	.LASF10
 722 0084 02       		.uleb128 0x2
 723 0085 01       		.byte	0x1
 724 0086 08       		.byte	0x8
 725 0087 7C010000 		.4byte	.LASF11
 726 008b 03       		.uleb128 0x3
 727 008c 24030000 		.4byte	.LASF13
 728 0090 03       		.byte	0x3
 729 0091 2C       		.byte	0x2c
 730 0092 41000000 		.4byte	0x41
 731 0096 05       		.uleb128 0x5
 732 0097 EE000000 		.4byte	.LASF14
 733 009b 04       		.byte	0x4
 734 009c E701     		.2byte	0x1e7
 735 009e 2C000000 		.4byte	0x2c
 736 00a2 05       		.uleb128 0x5
 737 00a3 83030000 		.4byte	.LASF15
 738 00a7 04       		.byte	0x4
 739 00a8 E901     		.2byte	0x1e9
 740 00aa 53000000 		.4byte	0x53
 741 00ae 05       		.uleb128 0x5
 742 00af A3030000 		.4byte	.LASF16
 743 00b3 04       		.byte	0x4
 744 00b4 EC01     		.2byte	0x1ec
 745 00b6 4C000000 		.4byte	0x4c
 746 00ba 02       		.uleb128 0x2
 747 00bb 04       		.byte	0x4
 748 00bc 04       		.byte	0x4
 749 00bd 28010000 		.4byte	.LASF17
 750 00c1 02       		.uleb128 0x2
 751 00c2 08       		.byte	0x8
 752 00c3 04       		.byte	0x4
 753 00c4 A9030000 		.4byte	.LASF18
ARM GAS  C:\Users\umasu\AppData\Local\Temp\cceNWc0V.s 			page 17


 754 00c8 06       		.uleb128 0x6
 755 00c9 01       		.byte	0x1
 756 00ca 2C000000 		.4byte	0x2c
 757 00ce 01       		.byte	0x1
 758 00cf 0C       		.byte	0xc
 759 00d0 F3000000 		.4byte	0xf3
 760 00d4 07       		.uleb128 0x7
 761 00d5 10000000 		.4byte	.LASF19
 762 00d9 00       		.byte	0
 763 00da 07       		.uleb128 0x7
 764 00db 72010000 		.4byte	.LASF20
 765 00df 01       		.byte	0x1
 766 00e0 07       		.uleb128 0x7
 767 00e1 39040000 		.4byte	.LASF21
 768 00e5 02       		.byte	0x2
 769 00e6 07       		.uleb128 0x7
 770 00e7 01020000 		.4byte	.LASF22
 771 00eb 03       		.byte	0x3
 772 00ec 07       		.uleb128 0x7
 773 00ed FD030000 		.4byte	.LASF23
 774 00f1 04       		.byte	0x4
 775 00f2 00       		.byte	0
 776 00f3 03       		.uleb128 0x3
 777 00f4 A1000000 		.4byte	.LASF24
 778 00f8 01       		.byte	0x1
 779 00f9 12       		.byte	0x12
 780 00fa C8000000 		.4byte	0xc8
 781 00fe 08       		.uleb128 0x8
 782 00ff 64010000 		.4byte	.LASF25
 783 0103 01       		.byte	0x1
 784 0104 32       		.byte	0x32
 785 0105 00000000 		.4byte	.LFB64
 786 0109 7C000000 		.4byte	.LFE64-.LFB64
 787 010d 01       		.uleb128 0x1
 788 010e 9C       		.byte	0x9c
 789 010f 2F010000 		.4byte	0x12f
 790 0113 09       		.uleb128 0x9
 791 0114 1C000000 		.4byte	.LVL0
 792 0118 66050000 		.4byte	0x566
 793 011c 09       		.uleb128 0x9
 794 011d 2A000000 		.4byte	.LVL1
 795 0121 71050000 		.4byte	0x571
 796 0125 09       		.uleb128 0x9
 797 0126 70000000 		.4byte	.LVL8
 798 012a 7C050000 		.4byte	0x57c
 799 012e 00       		.byte	0
 800 012f 0A       		.uleb128 0xa
 801 0130 9B020000 		.4byte	.LASF26
 802 0134 01       		.byte	0x1
 803 0135 4B       		.byte	0x4b
 804 0136 00000000 		.4byte	.LFB65
 805 013a 74000000 		.4byte	.LFE65-.LFB65
 806 013e 01       		.uleb128 0x1
 807 013f 9C       		.byte	0x9c
 808 0140 72010000 		.4byte	0x172
 809 0144 09       		.uleb128 0x9
 810 0145 06000000 		.4byte	.LVL9
ARM GAS  C:\Users\umasu\AppData\Local\Temp\cceNWc0V.s 			page 18


 811 0149 87050000 		.4byte	0x587
 812 014d 09       		.uleb128 0x9
 813 014e 12000000 		.4byte	.LVL10
 814 0152 92050000 		.4byte	0x592
 815 0156 09       		.uleb128 0x9
 816 0157 1E000000 		.4byte	.LVL11
 817 015b 9D050000 		.4byte	0x59d
 818 015f 09       		.uleb128 0x9
 819 0160 2A000000 		.4byte	.LVL12
 820 0164 A8050000 		.4byte	0x5a8
 821 0168 09       		.uleb128 0x9
 822 0169 5C000000 		.4byte	.LVL13
 823 016d 7C050000 		.4byte	0x57c
 824 0171 00       		.byte	0
 825 0172 0B       		.uleb128 0xb
 826 0173 05030000 		.4byte	.LASF27
 827 0177 01       		.byte	0x1
 828 0178 5F       		.byte	0x5f
 829 0179 68000000 		.4byte	0x68
 830 017d 00000000 		.4byte	.LFB66
 831 0181 30000000 		.4byte	.LFE66-.LFB66
 832 0185 01       		.uleb128 0x1
 833 0186 9C       		.byte	0x9c
 834 0187 95010000 		.4byte	0x195
 835 018b 09       		.uleb128 0x9
 836 018c 06000000 		.4byte	.LVL14
 837 0190 71050000 		.4byte	0x571
 838 0194 00       		.byte	0
 839 0195 0C       		.uleb128 0xc
 840 0196 F4000000 		.4byte	.LASF28
 841 019a 01       		.byte	0x1
 842 019b 63       		.byte	0x63
 843 019c 00000000 		.4byte	.LFB67
 844 01a0 54000000 		.4byte	.LFE67-.LFB67
 845 01a4 01       		.uleb128 0x1
 846 01a5 9C       		.byte	0x9c
 847 01a6 F3010000 		.4byte	0x1f3
 848 01aa 09       		.uleb128 0x9
 849 01ab 12000000 		.4byte	.LVL18
 850 01af B3050000 		.4byte	0x5b3
 851 01b3 09       		.uleb128 0x9
 852 01b4 1E000000 		.4byte	.LVL19
 853 01b8 BE050000 		.4byte	0x5be
 854 01bc 09       		.uleb128 0x9
 855 01bd 2C000000 		.4byte	.LVL20
 856 01c1 C9050000 		.4byte	0x5c9
 857 01c5 09       		.uleb128 0x9
 858 01c6 38000000 		.4byte	.LVL21
 859 01ca D4050000 		.4byte	0x5d4
 860 01ce 0D       		.uleb128 0xd
 861 01cf 40000000 		.4byte	.LVL22
 862 01d3 D4050000 		.4byte	0x5d4
 863 01d7 E2010000 		.4byte	0x1e2
 864 01db 0E       		.uleb128 0xe
 865 01dc 01       		.uleb128 0x1
 866 01dd 50       		.byte	0x50
 867 01de 02       		.uleb128 0x2
ARM GAS  C:\Users\umasu\AppData\Local\Temp\cceNWc0V.s 			page 19


 868 01df 08       		.byte	0x8
 869 01e0 46       		.byte	0x46
 870 01e1 00       		.byte	0
 871 01e2 0F       		.uleb128 0xf
 872 01e3 46000000 		.4byte	.LVL23
 873 01e7 BE050000 		.4byte	0x5be
 874 01eb 0E       		.uleb128 0xe
 875 01ec 01       		.uleb128 0x1
 876 01ed 50       		.byte	0x50
 877 01ee 02       		.uleb128 0x2
 878 01ef 08       		.byte	0x8
 879 01f0 46       		.byte	0x46
 880 01f1 00       		.byte	0
 881 01f2 00       		.byte	0
 882 01f3 0C       		.uleb128 0xc
 883 01f4 65020000 		.4byte	.LASF29
 884 01f8 01       		.byte	0x1
 885 01f9 6F       		.byte	0x6f
 886 01fa 00000000 		.4byte	.LFB68
 887 01fe 10000000 		.4byte	.LFE68-.LFB68
 888 0202 01       		.uleb128 0x1
 889 0203 9C       		.byte	0x9c
 890 0204 2C020000 		.4byte	0x22c
 891 0208 0D       		.uleb128 0xd
 892 0209 08000000 		.4byte	.LVL24
 893 020d D4050000 		.4byte	0x5d4
 894 0211 1C020000 		.4byte	0x21c
 895 0215 0E       		.uleb128 0xe
 896 0216 01       		.uleb128 0x1
 897 0217 50       		.byte	0x50
 898 0218 02       		.uleb128 0x2
 899 0219 08       		.byte	0x8
 900 021a 46       		.byte	0x46
 901 021b 00       		.byte	0
 902 021c 0F       		.uleb128 0xf
 903 021d 0E000000 		.4byte	.LVL25
 904 0221 BE050000 		.4byte	0x5be
 905 0225 0E       		.uleb128 0xe
 906 0226 01       		.uleb128 0x1
 907 0227 50       		.byte	0x50
 908 0228 01       		.uleb128 0x1
 909 0229 4E       		.byte	0x4e
 910 022a 00       		.byte	0
 911 022b 00       		.byte	0
 912 022c 0C       		.uleb128 0xc
 913 022d F6040000 		.4byte	.LASF30
 914 0231 01       		.byte	0x1
 915 0232 74       		.byte	0x74
 916 0233 00000000 		.4byte	.LFB69
 917 0237 10000000 		.4byte	.LFE69-.LFB69
 918 023b 01       		.uleb128 0x1
 919 023c 9C       		.byte	0x9c
 920 023d 65020000 		.4byte	0x265
 921 0241 0D       		.uleb128 0xd
 922 0242 08000000 		.4byte	.LVL26
 923 0246 D4050000 		.4byte	0x5d4
 924 024a 54020000 		.4byte	0x254
ARM GAS  C:\Users\umasu\AppData\Local\Temp\cceNWc0V.s 			page 20


 925 024e 0E       		.uleb128 0xe
 926 024f 01       		.uleb128 0x1
 927 0250 50       		.byte	0x50
 928 0251 01       		.uleb128 0x1
 929 0252 4E       		.byte	0x4e
 930 0253 00       		.byte	0
 931 0254 0F       		.uleb128 0xf
 932 0255 0E000000 		.4byte	.LVL27
 933 0259 BE050000 		.4byte	0x5be
 934 025d 0E       		.uleb128 0xe
 935 025e 01       		.uleb128 0x1
 936 025f 50       		.byte	0x50
 937 0260 02       		.uleb128 0x2
 938 0261 08       		.byte	0x8
 939 0262 46       		.byte	0x46
 940 0263 00       		.byte	0
 941 0264 00       		.byte	0
 942 0265 0C       		.uleb128 0xc
 943 0266 FD020000 		.4byte	.LASF31
 944 026a 01       		.byte	0x1
 945 026b 78       		.byte	0x78
 946 026c 00000000 		.4byte	.LFB70
 947 0270 10000000 		.4byte	.LFE70-.LFB70
 948 0274 01       		.uleb128 0x1
 949 0275 9C       		.byte	0x9c
 950 0276 9D020000 		.4byte	0x29d
 951 027a 0D       		.uleb128 0xd
 952 027b 08000000 		.4byte	.LVL28
 953 027f D4050000 		.4byte	0x5d4
 954 0283 8D020000 		.4byte	0x28d
 955 0287 0E       		.uleb128 0xe
 956 0288 01       		.uleb128 0x1
 957 0289 50       		.byte	0x50
 958 028a 01       		.uleb128 0x1
 959 028b 31       		.byte	0x31
 960 028c 00       		.byte	0
 961 028d 0F       		.uleb128 0xf
 962 028e 0E000000 		.4byte	.LVL29
 963 0292 BE050000 		.4byte	0x5be
 964 0296 0E       		.uleb128 0xe
 965 0297 01       		.uleb128 0x1
 966 0298 50       		.byte	0x50
 967 0299 01       		.uleb128 0x1
 968 029a 31       		.byte	0x31
 969 029b 00       		.byte	0
 970 029c 00       		.byte	0
 971 029d 0C       		.uleb128 0xc
 972 029e F8020000 		.4byte	.LASF32
 973 02a2 01       		.byte	0x1
 974 02a3 7C       		.byte	0x7c
 975 02a4 00000000 		.4byte	.LFB71
 976 02a8 10000000 		.4byte	.LFE71-.LFB71
 977 02ac 01       		.uleb128 0x1
 978 02ad 9C       		.byte	0x9c
 979 02ae D7020000 		.4byte	0x2d7
 980 02b2 0D       		.uleb128 0xd
 981 02b3 08000000 		.4byte	.LVL30
ARM GAS  C:\Users\umasu\AppData\Local\Temp\cceNWc0V.s 			page 21


 982 02b7 D4050000 		.4byte	0x5d4
 983 02bb C6020000 		.4byte	0x2c6
 984 02bf 0E       		.uleb128 0xe
 985 02c0 01       		.uleb128 0x1
 986 02c1 50       		.byte	0x50
 987 02c2 02       		.uleb128 0x2
 988 02c3 08       		.byte	0x8
 989 02c4 32       		.byte	0x32
 990 02c5 00       		.byte	0
 991 02c6 0F       		.uleb128 0xf
 992 02c7 0E000000 		.4byte	.LVL31
 993 02cb BE050000 		.4byte	0x5be
 994 02cf 0E       		.uleb128 0xe
 995 02d0 01       		.uleb128 0x1
 996 02d1 50       		.byte	0x50
 997 02d2 02       		.uleb128 0x2
 998 02d3 08       		.byte	0x8
 999 02d4 32       		.byte	0x32
 1000 02d5 00       		.byte	0
 1001 02d6 00       		.byte	0
 1002 02d7 10       		.uleb128 0x10
 1003 02d8 73000000 		.4byte	.LASF85
 1004 02dc 01       		.byte	0x1
 1005 02dd 82       		.byte	0x82
 1006 02de 68000000 		.4byte	0x68
 1007 02e2 00000000 		.4byte	.LFB72
 1008 02e6 7C000000 		.4byte	.LFE72-.LFB72
 1009 02ea 01       		.uleb128 0x1
 1010 02eb 9C       		.byte	0x9c
 1011 02ec D8030000 		.4byte	0x3d8
 1012 02f0 09       		.uleb128 0x9
 1013 02f1 08000000 		.4byte	.LVL32
 1014 02f5 DF050000 		.4byte	0x5df
 1015 02f9 0D       		.uleb128 0xd
 1016 02fa 0E000000 		.4byte	.LVL33
 1017 02fe EA050000 		.4byte	0x5ea
 1018 0302 10030000 		.4byte	0x310
 1019 0306 0E       		.uleb128 0xe
 1020 0307 01       		.uleb128 0x1
 1021 0308 50       		.byte	0x50
 1022 0309 05       		.uleb128 0x5
 1023 030a 03       		.byte	0x3
 1024 030b 00000000 		.4byte	isr_1_handler
 1025 030f 00       		.byte	0
 1026 0310 0D       		.uleb128 0xd
 1027 0311 14000000 		.4byte	.LVL34
 1028 0315 F5050000 		.4byte	0x5f5
 1029 0319 27030000 		.4byte	0x327
 1030 031d 0E       		.uleb128 0xe
 1031 031e 01       		.uleb128 0x1
 1032 031f 50       		.byte	0x50
 1033 0320 05       		.uleb128 0x5
 1034 0321 03       		.byte	0x3
 1035 0322 00000000 		.4byte	isr_2_handler
 1036 0326 00       		.byte	0
 1037 0327 09       		.uleb128 0x9
 1038 0328 18000000 		.4byte	.LVL35
ARM GAS  C:\Users\umasu\AppData\Local\Temp\cceNWc0V.s 			page 22


 1039 032c 00060000 		.4byte	0x600
 1040 0330 09       		.uleb128 0x9
 1041 0331 1C000000 		.4byte	.LVL36
 1042 0335 0B060000 		.4byte	0x60b
 1043 0339 09       		.uleb128 0x9
 1044 033a 20000000 		.4byte	.LVL37
 1045 033e 16060000 		.4byte	0x616
 1046 0342 09       		.uleb128 0x9
 1047 0343 24000000 		.4byte	.LVL38
 1048 0347 21060000 		.4byte	0x621
 1049 034b 09       		.uleb128 0x9
 1050 034c 28000000 		.4byte	.LVL39
 1051 0350 2C060000 		.4byte	0x62c
 1052 0354 09       		.uleb128 0x9
 1053 0355 2C000000 		.4byte	.LVL40
 1054 0359 37060000 		.4byte	0x637
 1055 035d 09       		.uleb128 0x9
 1056 035e 30000000 		.4byte	.LVL41
 1057 0362 42060000 		.4byte	0x642
 1058 0366 0D       		.uleb128 0xd
 1059 0367 36000000 		.4byte	.LVL42
 1060 036b 4D060000 		.4byte	0x64d
 1061 036f 7A030000 		.4byte	0x37a
 1062 0373 0E       		.uleb128 0xe
 1063 0374 01       		.uleb128 0x1
 1064 0375 50       		.byte	0x50
 1065 0376 02       		.uleb128 0x2
 1066 0377 08       		.byte	0x8
 1067 0378 64       		.byte	0x64
 1068 0379 00       		.byte	0
 1069 037a 0D       		.uleb128 0xd
 1070 037b 3C000000 		.4byte	.LVL43
 1071 037f 58060000 		.4byte	0x658
 1072 0383 8E030000 		.4byte	0x38e
 1073 0387 0E       		.uleb128 0xe
 1074 0388 01       		.uleb128 0x1
 1075 0389 50       		.byte	0x50
 1076 038a 02       		.uleb128 0x2
 1077 038b 08       		.byte	0x8
 1078 038c 64       		.byte	0x64
 1079 038d 00       		.byte	0
 1080 038e 09       		.uleb128 0x9
 1081 038f 40000000 		.4byte	.LVL44
 1082 0393 63060000 		.4byte	0x663
 1083 0397 09       		.uleb128 0x9
 1084 0398 44000000 		.4byte	.LVL45
 1085 039c 6E060000 		.4byte	0x66e
 1086 03a0 09       		.uleb128 0x9
 1087 03a1 48000000 		.4byte	.LVL46
 1088 03a5 71050000 		.4byte	0x571
 1089 03a9 09       		.uleb128 0x9
 1090 03aa 56000000 		.4byte	.LVL47
 1091 03ae 95010000 		.4byte	0x195
 1092 03b2 09       		.uleb128 0x9
 1093 03b3 5C000000 		.4byte	.LVL48
 1094 03b7 71050000 		.4byte	0x571
 1095 03bb 0D       		.uleb128 0xd
ARM GAS  C:\Users\umasu\AppData\Local\Temp\cceNWc0V.s 			page 23


 1096 03bc 6C000000 		.4byte	.LVL49
 1097 03c0 79060000 		.4byte	0x679
 1098 03c4 CE030000 		.4byte	0x3ce
 1099 03c8 0E       		.uleb128 0xe
 1100 03c9 01       		.uleb128 0x1
 1101 03ca 50       		.byte	0x50
 1102 03cb 01       		.uleb128 0x1
 1103 03cc 30       		.byte	0x30
 1104 03cd 00       		.byte	0
 1105 03ce 09       		.uleb128 0x9
 1106 03cf 70000000 		.4byte	.LVL50
 1107 03d3 F3010000 		.4byte	0x1f3
 1108 03d7 00       		.byte	0
 1109 03d8 11       		.uleb128 0x11
 1110 03d9 C1030000 		.4byte	.LASF33
 1111 03dd 05       		.byte	0x5
 1112 03de 1207     		.2byte	0x712
 1113 03e0 E4030000 		.4byte	0x3e4
 1114 03e4 12       		.uleb128 0x12
 1115 03e5 8B000000 		.4byte	0x8b
 1116 03e9 13       		.uleb128 0x13
 1117 03ea 97010000 		.4byte	.LASF34
 1118 03ee 01       		.byte	0x1
 1119 03ef 14       		.byte	0x14
 1120 03f0 AE000000 		.4byte	0xae
 1121 03f4 05       		.uleb128 0x5
 1122 03f5 03       		.byte	0x3
 1123 03f6 00000000 		.4byte	encoderCounts_M1
 1124 03fa 13       		.uleb128 0x13
 1125 03fb C7000000 		.4byte	.LASF35
 1126 03ff 01       		.byte	0x1
 1127 0400 15       		.byte	0x15
 1128 0401 AE000000 		.4byte	0xae
 1129 0405 05       		.uleb128 0x5
 1130 0406 03       		.byte	0x3
 1131 0407 00000000 		.4byte	encoderCounts_M2
 1132 040b 14       		.uleb128 0x14
 1133 040c 43505200 		.ascii	"CPR\000"
 1134 0410 01       		.byte	0x1
 1135 0411 16       		.byte	0x16
 1136 0412 AE000000 		.4byte	0xae
 1137 0416 05       		.uleb128 0x5
 1138 0417 03       		.byte	0x3
 1139 0418 00000000 		.4byte	CPR
 1140 041c 13       		.uleb128 0x13
 1141 041d D8000000 		.4byte	.LASF36
 1142 0421 01       		.byte	0x1
 1143 0422 17       		.byte	0x17
 1144 0423 BA000000 		.4byte	0xba
 1145 0427 05       		.uleb128 0x5
 1146 0428 03       		.byte	0x3
 1147 0429 00000000 		.4byte	wheelCircumference_cm
 1148 042d 13       		.uleb128 0x13
 1149 042e 2C030000 		.4byte	.LASF37
 1150 0432 01       		.byte	0x1
 1151 0433 18       		.byte	0x18
 1152 0434 C1000000 		.4byte	0xc1
ARM GAS  C:\Users\umasu\AppData\Local\Temp\cceNWc0V.s 			page 24


 1153 0438 05       		.uleb128 0x5
 1154 0439 03       		.byte	0x3
 1155 043a 00000000 		.4byte	timeInterval_s
 1156 043e 13       		.uleb128 0x13
 1157 043f E9010000 		.4byte	.LASF38
 1158 0443 01       		.byte	0x1
 1159 0444 19       		.byte	0x19
 1160 0445 AE000000 		.4byte	0xae
 1161 0449 05       		.uleb128 0x5
 1162 044a 03       		.byte	0x3
 1163 044b 00000000 		.4byte	distance_M1
 1164 044f 13       		.uleb128 0x13
 1165 0450 41030000 		.4byte	.LASF39
 1166 0454 01       		.byte	0x1
 1167 0455 1A       		.byte	0x1a
 1168 0456 AE000000 		.4byte	0xae
 1169 045a 05       		.uleb128 0x5
 1170 045b 03       		.byte	0x3
 1171 045c 00000000 		.4byte	distance_M2
 1172 0460 13       		.uleb128 0x13
 1173 0461 00000000 		.4byte	.LASF40
 1174 0465 01       		.byte	0x1
 1175 0466 1B       		.byte	0x1b
 1176 0467 AE000000 		.4byte	0xae
 1177 046b 05       		.uleb128 0x5
 1178 046c 03       		.byte	0x3
 1179 046d 00000000 		.4byte	target_diatance
 1180 0471 13       		.uleb128 0x13
 1181 0472 1C000000 		.4byte	.LASF41
 1182 0476 01       		.byte	0x1
 1183 0477 1E       		.byte	0x1e
 1184 0478 AE000000 		.4byte	0xae
 1185 047c 05       		.uleb128 0x5
 1186 047d 03       		.byte	0x3
 1187 047e 00000000 		.4byte	encoder_value_sum_M1
 1188 0482 13       		.uleb128 0x13
 1189 0483 31000000 		.4byte	.LASF42
 1190 0487 01       		.byte	0x1
 1191 0488 1F       		.byte	0x1f
 1192 0489 AE000000 		.4byte	0xae
 1193 048d 05       		.uleb128 0x5
 1194 048e 03       		.byte	0x3
 1195 048f 00000000 		.4byte	encoder_value_sum_M2
 1196 0493 13       		.uleb128 0x13
 1197 0494 CE030000 		.4byte	.LASF43
 1198 0498 01       		.byte	0x1
 1199 0499 21       		.byte	0x21
 1200 049a A2000000 		.4byte	0xa2
 1201 049e 05       		.uleb128 0x5
 1202 049f 03       		.byte	0x3
 1203 04a0 00000000 		.4byte	count
 1204 04a4 13       		.uleb128 0x13
 1205 04a5 78000000 		.4byte	.LASF44
 1206 04a9 01       		.byte	0x1
 1207 04aa 22       		.byte	0x22
 1208 04ab 96000000 		.4byte	0x96
 1209 04af 05       		.uleb128 0x5
ARM GAS  C:\Users\umasu\AppData\Local\Temp\cceNWc0V.s 			page 25


 1210 04b0 03       		.byte	0x3
 1211 04b1 00000000 		.4byte	C0_sum
 1212 04b5 13       		.uleb128 0x13
 1213 04b6 7A020000 		.4byte	.LASF45
 1214 04ba 01       		.byte	0x1
 1215 04bb 23       		.byte	0x23
 1216 04bc 96000000 		.4byte	0x96
 1217 04c0 05       		.uleb128 0x5
 1218 04c1 03       		.byte	0x3
 1219 04c2 00000000 		.4byte	C1_sum
 1220 04c6 13       		.uleb128 0x13
 1221 04c7 02040000 		.4byte	.LASF46
 1222 04cb 01       		.byte	0x1
 1223 04cc 24       		.byte	0x24
 1224 04cd 96000000 		.4byte	0x96
 1225 04d1 05       		.uleb128 0x5
 1226 04d2 03       		.byte	0x3
 1227 04d3 00000000 		.4byte	C2_sum
 1228 04d7 13       		.uleb128 0x13
 1229 04d8 8A010000 		.4byte	.LASF47
 1230 04dc 01       		.byte	0x1
 1231 04dd 25       		.byte	0x25
 1232 04de 96000000 		.4byte	0x96
 1233 04e2 05       		.uleb128 0x5
 1234 04e3 03       		.byte	0x3
 1235 04e4 00000000 		.4byte	C3_sum
 1236 04e8 13       		.uleb128 0x13
 1237 04e9 B6010000 		.4byte	.LASF48
 1238 04ed 01       		.byte	0x1
 1239 04ee 26       		.byte	0x26
 1240 04ef 96000000 		.4byte	0x96
 1241 04f3 05       		.uleb128 0x5
 1242 04f4 03       		.byte	0x3
 1243 04f5 00000000 		.4byte	PWM_R
 1244 04f9 13       		.uleb128 0x13
 1245 04fa 91010000 		.4byte	.LASF49
 1246 04fe 01       		.byte	0x1
 1247 04ff 27       		.byte	0x27
 1248 0500 96000000 		.4byte	0x96
 1249 0504 05       		.uleb128 0x5
 1250 0505 03       		.byte	0x3
 1251 0506 00000000 		.4byte	PWM_L
 1252 050a 13       		.uleb128 0x13
 1253 050b 29040000 		.4byte	.LASF50
 1254 050f 01       		.byte	0x1
 1255 0510 28       		.byte	0x28
 1256 0511 AE000000 		.4byte	0xae
 1257 0515 05       		.uleb128 0x5
 1258 0516 03       		.byte	0x3
 1259 0517 00000000 		.4byte	current_encoder
 1260 051b 13       		.uleb128 0x13
 1261 051c A9020000 		.4byte	.LASF51
 1262 0520 01       		.byte	0x1
 1263 0521 2D       		.byte	0x2d
 1264 0522 2C050000 		.4byte	0x52c
 1265 0526 05       		.uleb128 0x5
 1266 0527 03       		.byte	0x3
ARM GAS  C:\Users\umasu\AppData\Local\Temp\cceNWc0V.s 			page 26


 1267 0528 00000000 		.4byte	is_turning
 1268 052c 02       		.uleb128 0x2
 1269 052d 01       		.byte	0x1
 1270 052e 02       		.byte	0x2
 1271 052f 3B030000 		.4byte	.LASF52
 1272 0533 13       		.uleb128 0x13
 1273 0534 17020000 		.4byte	.LASF53
 1274 0538 01       		.byte	0x1
 1275 0539 2C       		.byte	0x2c
 1276 053a 96000000 		.4byte	0x96
 1277 053e 05       		.uleb128 0x5
 1278 053f 03       		.byte	0x3
 1279 0540 00000000 		.4byte	counter
 1280 0544 13       		.uleb128 0x13
 1281 0545 09040000 		.4byte	.LASF54
 1282 0549 01       		.byte	0x1
 1283 054a 2E       		.byte	0x2e
 1284 054b 2C050000 		.4byte	0x52c
 1285 054f 05       		.uleb128 0x5
 1286 0550 03       		.byte	0x3
 1287 0551 00000000 		.4byte	continue_turn
 1288 0555 13       		.uleb128 0x13
 1289 0556 52000000 		.4byte	.LASF55
 1290 055a 01       		.byte	0x1
 1291 055b 30       		.byte	0x30
 1292 055c F3000000 		.4byte	0xf3
 1293 0560 05       		.uleb128 0x5
 1294 0561 03       		.byte	0x3
 1295 0562 00000000 		.4byte	current_state
 1296 0566 15       		.uleb128 0x15
 1297 0567 FF000000 		.4byte	.LASF56
 1298 056b FF000000 		.4byte	.LASF56
 1299 056f 06       		.byte	0x6
 1300 0570 4E       		.byte	0x4e
 1301 0571 15       		.uleb128 0x15
 1302 0572 5B030000 		.4byte	.LASF57
 1303 0576 5B030000 		.4byte	.LASF57
 1304 057a 07       		.byte	0x7
 1305 057b 4E       		.byte	0x4e
 1306 057c 15       		.uleb128 0x15
 1307 057d AC000000 		.4byte	.LASF58
 1308 0581 AC000000 		.4byte	.LASF58
 1309 0585 08       		.byte	0x8
 1310 0586 5E       		.byte	0x5e
 1311 0587 15       		.uleb128 0x15
 1312 0588 EB030000 		.4byte	.LASF59
 1313 058c EB030000 		.4byte	.LASF59
 1314 0590 09       		.byte	0x9
 1315 0591 42       		.byte	0x42
 1316 0592 15       		.uleb128 0x15
 1317 0593 17040000 		.4byte	.LASF60
 1318 0597 17040000 		.4byte	.LASF60
 1319 059b 0A       		.byte	0xa
 1320 059c 42       		.byte	0x42
 1321 059d 15       		.uleb128 0x15
 1322 059e 44040000 		.4byte	.LASF61
 1323 05a2 44040000 		.4byte	.LASF61
ARM GAS  C:\Users\umasu\AppData\Local\Temp\cceNWc0V.s 			page 27


 1324 05a6 0B       		.byte	0xb
 1325 05a7 42       		.byte	0x42
 1326 05a8 15       		.uleb128 0x15
 1327 05a9 E4040000 		.4byte	.LASF62
 1328 05ad E4040000 		.4byte	.LASF62
 1329 05b1 0C       		.byte	0xc
 1330 05b2 42       		.byte	0x42
 1331 05b3 15       		.uleb128 0x15
 1332 05b4 8F000000 		.4byte	.LASF63
 1333 05b8 8F000000 		.4byte	.LASF63
 1334 05bc 0D       		.byte	0xd
 1335 05bd C5       		.byte	0xc5
 1336 05be 15       		.uleb128 0x15
 1337 05bf 15010000 		.4byte	.LASF64
 1338 05c3 15010000 		.4byte	.LASF64
 1339 05c7 0D       		.byte	0xd
 1340 05c8 C3       		.byte	0xc3
 1341 05c9 15       		.uleb128 0x15
 1342 05ca D3020000 		.4byte	.LASF65
 1343 05ce D3020000 		.4byte	.LASF65
 1344 05d2 0E       		.byte	0xe
 1345 05d3 C5       		.byte	0xc5
 1346 05d4 15       		.uleb128 0x15
 1347 05d5 E5020000 		.4byte	.LASF66
 1348 05d9 E5020000 		.4byte	.LASF66
 1349 05dd 0E       		.byte	0xe
 1350 05de C3       		.byte	0xc3
 1351 05df 15       		.uleb128 0x15
 1352 05e0 4D030000 		.4byte	.LASF67
 1353 05e4 4D030000 		.4byte	.LASF67
 1354 05e8 08       		.byte	0x8
 1355 05e9 5A       		.byte	0x5a
 1356 05ea 15       		.uleb128 0x15
 1357 05eb A8010000 		.4byte	.LASF68
 1358 05ef A8010000 		.4byte	.LASF68
 1359 05f3 0F       		.byte	0xf
 1360 05f4 18       		.byte	0x18
 1361 05f5 15       		.uleb128 0x15
 1362 05f6 DB010000 		.4byte	.LASF69
 1363 05fa DB010000 		.4byte	.LASF69
 1364 05fe 10       		.byte	0x10
 1365 05ff 18       		.byte	0x18
 1366 0600 15       		.uleb128 0x15
 1367 0601 8E020000 		.4byte	.LASF70
 1368 0605 8E020000 		.4byte	.LASF70
 1369 0609 09       		.byte	0x9
 1370 060a 3F       		.byte	0x3f
 1371 060b 15       		.uleb128 0x15
 1372 060c 00050000 		.4byte	.LASF71
 1373 0610 00050000 		.4byte	.LASF71
 1374 0614 0A       		.byte	0xa
 1375 0615 3F       		.byte	0x3f
 1376 0616 15       		.uleb128 0x15
 1377 0617 BC010000 		.4byte	.LASF72
 1378 061b BC010000 		.4byte	.LASF72
 1379 061f 0B       		.byte	0xb
 1380 0620 3F       		.byte	0x3f
ARM GAS  C:\Users\umasu\AppData\Local\Temp\cceNWc0V.s 			page 28


 1381 0621 15       		.uleb128 0x15
 1382 0622 DE030000 		.4byte	.LASF73
 1383 0626 DE030000 		.4byte	.LASF73
 1384 062a 0C       		.byte	0xc
 1385 062b 3F       		.byte	0x3f
 1386 062c 15       		.uleb128 0x15
 1387 062d 7F000000 		.4byte	.LASF74
 1388 0631 7F000000 		.4byte	.LASF74
 1389 0635 11       		.byte	0x11
 1390 0636 27       		.byte	0x27
 1391 0637 15       		.uleb128 0x15
 1392 0638 46000000 		.4byte	.LASF75
 1393 063c 46000000 		.4byte	.LASF75
 1394 0640 0E       		.byte	0xe
 1395 0641 92       		.byte	0x92
 1396 0642 15       		.uleb128 0x15
 1397 0643 B4020000 		.4byte	.LASF76
 1398 0647 B4020000 		.4byte	.LASF76
 1399 064b 0D       		.byte	0xd
 1400 064c 92       		.byte	0x92
 1401 064d 15       		.uleb128 0x15
 1402 064e 71030000 		.4byte	.LASF77
 1403 0652 71030000 		.4byte	.LASF77
 1404 0656 0E       		.byte	0xe
 1405 0657 BE       		.byte	0xbe
 1406 0658 15       		.uleb128 0x15
 1407 0659 C9010000 		.4byte	.LASF78
 1408 065d C9010000 		.4byte	.LASF78
 1409 0661 0D       		.byte	0xd
 1410 0662 BE       		.byte	0xbe
 1411 0663 15       		.uleb128 0x15
 1412 0664 B0030000 		.4byte	.LASF79
 1413 0668 B0030000 		.4byte	.LASF79
 1414 066c 06       		.byte	0x6
 1415 066d 48       		.byte	0x48
 1416 066e 15       		.uleb128 0x15
 1417 066f 2E010000 		.4byte	.LASF80
 1418 0673 2E010000 		.4byte	.LASF80
 1419 0677 07       		.byte	0x7
 1420 0678 48       		.byte	0x48
 1421 0679 15       		.uleb128 0x15
 1422 067a 0E030000 		.4byte	.LASF81
 1423 067e 0E030000 		.4byte	.LASF81
 1424 0682 07       		.byte	0x7
 1425 0683 4F       		.byte	0x4f
 1426 0684 00       		.byte	0
 1427              		.section	.debug_abbrev,"",%progbits
 1428              	.Ldebug_abbrev0:
 1429 0000 01       		.uleb128 0x1
 1430 0001 11       		.uleb128 0x11
 1431 0002 01       		.byte	0x1
 1432 0003 25       		.uleb128 0x25
 1433 0004 0E       		.uleb128 0xe
 1434 0005 13       		.uleb128 0x13
 1435 0006 0B       		.uleb128 0xb
 1436 0007 03       		.uleb128 0x3
 1437 0008 0E       		.uleb128 0xe
ARM GAS  C:\Users\umasu\AppData\Local\Temp\cceNWc0V.s 			page 29


 1438 0009 1B       		.uleb128 0x1b
 1439 000a 0E       		.uleb128 0xe
 1440 000b 55       		.uleb128 0x55
 1441 000c 17       		.uleb128 0x17
 1442 000d 11       		.uleb128 0x11
 1443 000e 01       		.uleb128 0x1
 1444 000f 10       		.uleb128 0x10
 1445 0010 17       		.uleb128 0x17
 1446 0011 00       		.byte	0
 1447 0012 00       		.byte	0
 1448 0013 02       		.uleb128 0x2
 1449 0014 24       		.uleb128 0x24
 1450 0015 00       		.byte	0
 1451 0016 0B       		.uleb128 0xb
 1452 0017 0B       		.uleb128 0xb
 1453 0018 3E       		.uleb128 0x3e
 1454 0019 0B       		.uleb128 0xb
 1455 001a 03       		.uleb128 0x3
 1456 001b 0E       		.uleb128 0xe
 1457 001c 00       		.byte	0
 1458 001d 00       		.byte	0
 1459 001e 03       		.uleb128 0x3
 1460 001f 16       		.uleb128 0x16
 1461 0020 00       		.byte	0
 1462 0021 03       		.uleb128 0x3
 1463 0022 0E       		.uleb128 0xe
 1464 0023 3A       		.uleb128 0x3a
 1465 0024 0B       		.uleb128 0xb
 1466 0025 3B       		.uleb128 0x3b
 1467 0026 0B       		.uleb128 0xb
 1468 0027 49       		.uleb128 0x49
 1469 0028 13       		.uleb128 0x13
 1470 0029 00       		.byte	0
 1471 002a 00       		.byte	0
 1472 002b 04       		.uleb128 0x4
 1473 002c 24       		.uleb128 0x24
 1474 002d 00       		.byte	0
 1475 002e 0B       		.uleb128 0xb
 1476 002f 0B       		.uleb128 0xb
 1477 0030 3E       		.uleb128 0x3e
 1478 0031 0B       		.uleb128 0xb
 1479 0032 03       		.uleb128 0x3
 1480 0033 08       		.uleb128 0x8
 1481 0034 00       		.byte	0
 1482 0035 00       		.byte	0
 1483 0036 05       		.uleb128 0x5
 1484 0037 16       		.uleb128 0x16
 1485 0038 00       		.byte	0
 1486 0039 03       		.uleb128 0x3
 1487 003a 0E       		.uleb128 0xe
 1488 003b 3A       		.uleb128 0x3a
 1489 003c 0B       		.uleb128 0xb
 1490 003d 3B       		.uleb128 0x3b
 1491 003e 05       		.uleb128 0x5
 1492 003f 49       		.uleb128 0x49
 1493 0040 13       		.uleb128 0x13
 1494 0041 00       		.byte	0
ARM GAS  C:\Users\umasu\AppData\Local\Temp\cceNWc0V.s 			page 30


 1495 0042 00       		.byte	0
 1496 0043 06       		.uleb128 0x6
 1497 0044 04       		.uleb128 0x4
 1498 0045 01       		.byte	0x1
 1499 0046 0B       		.uleb128 0xb
 1500 0047 0B       		.uleb128 0xb
 1501 0048 49       		.uleb128 0x49
 1502 0049 13       		.uleb128 0x13
 1503 004a 3A       		.uleb128 0x3a
 1504 004b 0B       		.uleb128 0xb
 1505 004c 3B       		.uleb128 0x3b
 1506 004d 0B       		.uleb128 0xb
 1507 004e 01       		.uleb128 0x1
 1508 004f 13       		.uleb128 0x13
 1509 0050 00       		.byte	0
 1510 0051 00       		.byte	0
 1511 0052 07       		.uleb128 0x7
 1512 0053 28       		.uleb128 0x28
 1513 0054 00       		.byte	0
 1514 0055 03       		.uleb128 0x3
 1515 0056 0E       		.uleb128 0xe
 1516 0057 1C       		.uleb128 0x1c
 1517 0058 0B       		.uleb128 0xb
 1518 0059 00       		.byte	0
 1519 005a 00       		.byte	0
 1520 005b 08       		.uleb128 0x8
 1521 005c 2E       		.uleb128 0x2e
 1522 005d 01       		.byte	0x1
 1523 005e 3F       		.uleb128 0x3f
 1524 005f 19       		.uleb128 0x19
 1525 0060 03       		.uleb128 0x3
 1526 0061 0E       		.uleb128 0xe
 1527 0062 3A       		.uleb128 0x3a
 1528 0063 0B       		.uleb128 0xb
 1529 0064 3B       		.uleb128 0x3b
 1530 0065 0B       		.uleb128 0xb
 1531 0066 27       		.uleb128 0x27
 1532 0067 19       		.uleb128 0x19
 1533 0068 11       		.uleb128 0x11
 1534 0069 01       		.uleb128 0x1
 1535 006a 12       		.uleb128 0x12
 1536 006b 06       		.uleb128 0x6
 1537 006c 40       		.uleb128 0x40
 1538 006d 18       		.uleb128 0x18
 1539 006e 9642     		.uleb128 0x2116
 1540 0070 19       		.uleb128 0x19
 1541 0071 01       		.uleb128 0x1
 1542 0072 13       		.uleb128 0x13
 1543 0073 00       		.byte	0
 1544 0074 00       		.byte	0
 1545 0075 09       		.uleb128 0x9
 1546 0076 898201   		.uleb128 0x4109
 1547 0079 00       		.byte	0
 1548 007a 11       		.uleb128 0x11
 1549 007b 01       		.uleb128 0x1
 1550 007c 31       		.uleb128 0x31
 1551 007d 13       		.uleb128 0x13
ARM GAS  C:\Users\umasu\AppData\Local\Temp\cceNWc0V.s 			page 31


 1552 007e 00       		.byte	0
 1553 007f 00       		.byte	0
 1554 0080 0A       		.uleb128 0xa
 1555 0081 2E       		.uleb128 0x2e
 1556 0082 01       		.byte	0x1
 1557 0083 3F       		.uleb128 0x3f
 1558 0084 19       		.uleb128 0x19
 1559 0085 03       		.uleb128 0x3
 1560 0086 0E       		.uleb128 0xe
 1561 0087 3A       		.uleb128 0x3a
 1562 0088 0B       		.uleb128 0xb
 1563 0089 3B       		.uleb128 0x3b
 1564 008a 0B       		.uleb128 0xb
 1565 008b 27       		.uleb128 0x27
 1566 008c 19       		.uleb128 0x19
 1567 008d 11       		.uleb128 0x11
 1568 008e 01       		.uleb128 0x1
 1569 008f 12       		.uleb128 0x12
 1570 0090 06       		.uleb128 0x6
 1571 0091 40       		.uleb128 0x40
 1572 0092 18       		.uleb128 0x18
 1573 0093 9742     		.uleb128 0x2117
 1574 0095 19       		.uleb128 0x19
 1575 0096 01       		.uleb128 0x1
 1576 0097 13       		.uleb128 0x13
 1577 0098 00       		.byte	0
 1578 0099 00       		.byte	0
 1579 009a 0B       		.uleb128 0xb
 1580 009b 2E       		.uleb128 0x2e
 1581 009c 01       		.byte	0x1
 1582 009d 3F       		.uleb128 0x3f
 1583 009e 19       		.uleb128 0x19
 1584 009f 03       		.uleb128 0x3
 1585 00a0 0E       		.uleb128 0xe
 1586 00a1 3A       		.uleb128 0x3a
 1587 00a2 0B       		.uleb128 0xb
 1588 00a3 3B       		.uleb128 0x3b
 1589 00a4 0B       		.uleb128 0xb
 1590 00a5 49       		.uleb128 0x49
 1591 00a6 13       		.uleb128 0x13
 1592 00a7 11       		.uleb128 0x11
 1593 00a8 01       		.uleb128 0x1
 1594 00a9 12       		.uleb128 0x12
 1595 00aa 06       		.uleb128 0x6
 1596 00ab 40       		.uleb128 0x40
 1597 00ac 18       		.uleb128 0x18
 1598 00ad 9642     		.uleb128 0x2116
 1599 00af 19       		.uleb128 0x19
 1600 00b0 01       		.uleb128 0x1
 1601 00b1 13       		.uleb128 0x13
 1602 00b2 00       		.byte	0
 1603 00b3 00       		.byte	0
 1604 00b4 0C       		.uleb128 0xc
 1605 00b5 2E       		.uleb128 0x2e
 1606 00b6 01       		.byte	0x1
 1607 00b7 3F       		.uleb128 0x3f
 1608 00b8 19       		.uleb128 0x19
ARM GAS  C:\Users\umasu\AppData\Local\Temp\cceNWc0V.s 			page 32


 1609 00b9 03       		.uleb128 0x3
 1610 00ba 0E       		.uleb128 0xe
 1611 00bb 3A       		.uleb128 0x3a
 1612 00bc 0B       		.uleb128 0xb
 1613 00bd 3B       		.uleb128 0x3b
 1614 00be 0B       		.uleb128 0xb
 1615 00bf 11       		.uleb128 0x11
 1616 00c0 01       		.uleb128 0x1
 1617 00c1 12       		.uleb128 0x12
 1618 00c2 06       		.uleb128 0x6
 1619 00c3 40       		.uleb128 0x40
 1620 00c4 18       		.uleb128 0x18
 1621 00c5 9742     		.uleb128 0x2117
 1622 00c7 19       		.uleb128 0x19
 1623 00c8 01       		.uleb128 0x1
 1624 00c9 13       		.uleb128 0x13
 1625 00ca 00       		.byte	0
 1626 00cb 00       		.byte	0
 1627 00cc 0D       		.uleb128 0xd
 1628 00cd 898201   		.uleb128 0x4109
 1629 00d0 01       		.byte	0x1
 1630 00d1 11       		.uleb128 0x11
 1631 00d2 01       		.uleb128 0x1
 1632 00d3 31       		.uleb128 0x31
 1633 00d4 13       		.uleb128 0x13
 1634 00d5 01       		.uleb128 0x1
 1635 00d6 13       		.uleb128 0x13
 1636 00d7 00       		.byte	0
 1637 00d8 00       		.byte	0
 1638 00d9 0E       		.uleb128 0xe
 1639 00da 8A8201   		.uleb128 0x410a
 1640 00dd 00       		.byte	0
 1641 00de 02       		.uleb128 0x2
 1642 00df 18       		.uleb128 0x18
 1643 00e0 9142     		.uleb128 0x2111
 1644 00e2 18       		.uleb128 0x18
 1645 00e3 00       		.byte	0
 1646 00e4 00       		.byte	0
 1647 00e5 0F       		.uleb128 0xf
 1648 00e6 898201   		.uleb128 0x4109
 1649 00e9 01       		.byte	0x1
 1650 00ea 11       		.uleb128 0x11
 1651 00eb 01       		.uleb128 0x1
 1652 00ec 31       		.uleb128 0x31
 1653 00ed 13       		.uleb128 0x13
 1654 00ee 00       		.byte	0
 1655 00ef 00       		.byte	0
 1656 00f0 10       		.uleb128 0x10
 1657 00f1 2E       		.uleb128 0x2e
 1658 00f2 01       		.byte	0x1
 1659 00f3 3F       		.uleb128 0x3f
 1660 00f4 19       		.uleb128 0x19
 1661 00f5 03       		.uleb128 0x3
 1662 00f6 0E       		.uleb128 0xe
 1663 00f7 3A       		.uleb128 0x3a
 1664 00f8 0B       		.uleb128 0xb
 1665 00f9 3B       		.uleb128 0x3b
ARM GAS  C:\Users\umasu\AppData\Local\Temp\cceNWc0V.s 			page 33


 1666 00fa 0B       		.uleb128 0xb
 1667 00fb 27       		.uleb128 0x27
 1668 00fc 19       		.uleb128 0x19
 1669 00fd 49       		.uleb128 0x49
 1670 00fe 13       		.uleb128 0x13
 1671 00ff 8701     		.uleb128 0x87
 1672 0101 19       		.uleb128 0x19
 1673 0102 11       		.uleb128 0x11
 1674 0103 01       		.uleb128 0x1
 1675 0104 12       		.uleb128 0x12
 1676 0105 06       		.uleb128 0x6
 1677 0106 40       		.uleb128 0x40
 1678 0107 18       		.uleb128 0x18
 1679 0108 9742     		.uleb128 0x2117
 1680 010a 19       		.uleb128 0x19
 1681 010b 01       		.uleb128 0x1
 1682 010c 13       		.uleb128 0x13
 1683 010d 00       		.byte	0
 1684 010e 00       		.byte	0
 1685 010f 11       		.uleb128 0x11
 1686 0110 34       		.uleb128 0x34
 1687 0111 00       		.byte	0
 1688 0112 03       		.uleb128 0x3
 1689 0113 0E       		.uleb128 0xe
 1690 0114 3A       		.uleb128 0x3a
 1691 0115 0B       		.uleb128 0xb
 1692 0116 3B       		.uleb128 0x3b
 1693 0117 05       		.uleb128 0x5
 1694 0118 49       		.uleb128 0x49
 1695 0119 13       		.uleb128 0x13
 1696 011a 3F       		.uleb128 0x3f
 1697 011b 19       		.uleb128 0x19
 1698 011c 3C       		.uleb128 0x3c
 1699 011d 19       		.uleb128 0x19
 1700 011e 00       		.byte	0
 1701 011f 00       		.byte	0
 1702 0120 12       		.uleb128 0x12
 1703 0121 35       		.uleb128 0x35
 1704 0122 00       		.byte	0
 1705 0123 49       		.uleb128 0x49
 1706 0124 13       		.uleb128 0x13
 1707 0125 00       		.byte	0
 1708 0126 00       		.byte	0
 1709 0127 13       		.uleb128 0x13
 1710 0128 34       		.uleb128 0x34
 1711 0129 00       		.byte	0
 1712 012a 03       		.uleb128 0x3
 1713 012b 0E       		.uleb128 0xe
 1714 012c 3A       		.uleb128 0x3a
 1715 012d 0B       		.uleb128 0xb
 1716 012e 3B       		.uleb128 0x3b
 1717 012f 0B       		.uleb128 0xb
 1718 0130 49       		.uleb128 0x49
 1719 0131 13       		.uleb128 0x13
 1720 0132 3F       		.uleb128 0x3f
 1721 0133 19       		.uleb128 0x19
 1722 0134 02       		.uleb128 0x2
ARM GAS  C:\Users\umasu\AppData\Local\Temp\cceNWc0V.s 			page 34


 1723 0135 18       		.uleb128 0x18
 1724 0136 00       		.byte	0
 1725 0137 00       		.byte	0
 1726 0138 14       		.uleb128 0x14
 1727 0139 34       		.uleb128 0x34
 1728 013a 00       		.byte	0
 1729 013b 03       		.uleb128 0x3
 1730 013c 08       		.uleb128 0x8
 1731 013d 3A       		.uleb128 0x3a
 1732 013e 0B       		.uleb128 0xb
 1733 013f 3B       		.uleb128 0x3b
 1734 0140 0B       		.uleb128 0xb
 1735 0141 49       		.uleb128 0x49
 1736 0142 13       		.uleb128 0x13
 1737 0143 3F       		.uleb128 0x3f
 1738 0144 19       		.uleb128 0x19
 1739 0145 02       		.uleb128 0x2
 1740 0146 18       		.uleb128 0x18
 1741 0147 00       		.byte	0
 1742 0148 00       		.byte	0
 1743 0149 15       		.uleb128 0x15
 1744 014a 2E       		.uleb128 0x2e
 1745 014b 00       		.byte	0
 1746 014c 3F       		.uleb128 0x3f
 1747 014d 19       		.uleb128 0x19
 1748 014e 3C       		.uleb128 0x3c
 1749 014f 19       		.uleb128 0x19
 1750 0150 6E       		.uleb128 0x6e
 1751 0151 0E       		.uleb128 0xe
 1752 0152 03       		.uleb128 0x3
 1753 0153 0E       		.uleb128 0xe
 1754 0154 3A       		.uleb128 0x3a
 1755 0155 0B       		.uleb128 0xb
 1756 0156 3B       		.uleb128 0x3b
 1757 0157 0B       		.uleb128 0xb
 1758 0158 00       		.byte	0
 1759 0159 00       		.byte	0
 1760 015a 00       		.byte	0
 1761              		.section	.debug_aranges,"",%progbits
 1762 0000 5C000000 		.4byte	0x5c
 1763 0004 0200     		.2byte	0x2
 1764 0006 00000000 		.4byte	.Ldebug_info0
 1765 000a 04       		.byte	0x4
 1766 000b 00       		.byte	0
 1767 000c 0000     		.2byte	0
 1768 000e 0000     		.2byte	0
 1769 0010 00000000 		.4byte	.LFB64
 1770 0014 7C000000 		.4byte	.LFE64-.LFB64
 1771 0018 00000000 		.4byte	.LFB65
 1772 001c 74000000 		.4byte	.LFE65-.LFB65
 1773 0020 00000000 		.4byte	.LFB66
 1774 0024 30000000 		.4byte	.LFE66-.LFB66
 1775 0028 00000000 		.4byte	.LFB67
 1776 002c 54000000 		.4byte	.LFE67-.LFB67
 1777 0030 00000000 		.4byte	.LFB68
 1778 0034 10000000 		.4byte	.LFE68-.LFB68
 1779 0038 00000000 		.4byte	.LFB69
ARM GAS  C:\Users\umasu\AppData\Local\Temp\cceNWc0V.s 			page 35


 1780 003c 10000000 		.4byte	.LFE69-.LFB69
 1781 0040 00000000 		.4byte	.LFB70
 1782 0044 10000000 		.4byte	.LFE70-.LFB70
 1783 0048 00000000 		.4byte	.LFB71
 1784 004c 10000000 		.4byte	.LFE71-.LFB71
 1785 0050 00000000 		.4byte	.LFB72
 1786 0054 7C000000 		.4byte	.LFE72-.LFB72
 1787 0058 00000000 		.4byte	0
 1788 005c 00000000 		.4byte	0
 1789              		.section	.debug_ranges,"",%progbits
 1790              	.Ldebug_ranges0:
 1791 0000 00000000 		.4byte	.LFB64
 1792 0004 7C000000 		.4byte	.LFE64
 1793 0008 00000000 		.4byte	.LFB65
 1794 000c 74000000 		.4byte	.LFE65
 1795 0010 00000000 		.4byte	.LFB66
 1796 0014 30000000 		.4byte	.LFE66
 1797 0018 00000000 		.4byte	.LFB67
 1798 001c 54000000 		.4byte	.LFE67
 1799 0020 00000000 		.4byte	.LFB68
 1800 0024 10000000 		.4byte	.LFE68
 1801 0028 00000000 		.4byte	.LFB69
 1802 002c 10000000 		.4byte	.LFE69
 1803 0030 00000000 		.4byte	.LFB70
 1804 0034 10000000 		.4byte	.LFE70
 1805 0038 00000000 		.4byte	.LFB71
 1806 003c 10000000 		.4byte	.LFE71
 1807 0040 00000000 		.4byte	.LFB72
 1808 0044 7C000000 		.4byte	.LFE72
 1809 0048 00000000 		.4byte	0
 1810 004c 00000000 		.4byte	0
 1811              		.section	.debug_line,"",%progbits
 1812              	.Ldebug_line0:
 1813 0000 C4020000 		.section	.debug_str,"MS",%progbits,1
 1813      0200E401 
 1813      00000201 
 1813      FB0E0D00 
 1813      01010101 
 1814              	.LASF40:
 1815 0000 74617267 		.ascii	"target_diatance\000"
 1815      65745F64 
 1815      69617461 
 1815      6E636500 
 1816              	.LASF19:
 1817 0010 474F5F53 		.ascii	"GO_STRAIGHT\000"
 1817      54524149 
 1817      47485400 
 1818              	.LASF41:
 1819 001c 656E636F 		.ascii	"encoder_value_sum_M1\000"
 1819      6465725F 
 1819      76616C75 
 1819      655F7375 
 1819      6D5F4D31 
 1820              	.LASF42:
 1821 0031 656E636F 		.ascii	"encoder_value_sum_M2\000"
 1821      6465725F 
 1821      76616C75 
ARM GAS  C:\Users\umasu\AppData\Local\Temp\cceNWc0V.s 			page 36


 1821      655F7375 
 1821      6D5F4D32 
 1822              	.LASF75:
 1823 0046 50574D5F 		.ascii	"PWM_1_Start\000"
 1823      315F5374 
 1823      61727400 
 1824              	.LASF55:
 1825 0052 63757272 		.ascii	"current_state\000"
 1825      656E745F 
 1825      73746174 
 1825      6500
 1826              	.LASF2:
 1827 0060 73686F72 		.ascii	"short int\000"
 1827      7420696E 
 1827      7400
 1828              	.LASF10:
 1829 006a 73697A65 		.ascii	"sizetype\000"
 1829      74797065 
 1829      00
 1830              	.LASF85:
 1831 0073 6D61696E 		.ascii	"main\000"
 1831      00
 1832              	.LASF44:
 1833 0078 43305F73 		.ascii	"C0_sum\000"
 1833      756D00
 1834              	.LASF74:
 1835 007f 436C6F63 		.ascii	"Clock_PWM_Start\000"
 1835      6B5F5057 
 1835      4D5F5374 
 1835      61727400 
 1836              	.LASF63:
 1837 008f 50574D5F 		.ascii	"PWM_2_ReadCompare\000"
 1837      325F5265 
 1837      6164436F 
 1837      6D706172 
 1837      6500
 1838              	.LASF24:
 1839 00a1 526F626F 		.ascii	"RobotState\000"
 1839      74537461 
 1839      746500
 1840              	.LASF58:
 1841 00ac 54696D65 		.ascii	"Timer_1_ReadStatusRegister\000"
 1841      725F315F 
 1841      52656164 
 1841      53746174 
 1841      75735265 
 1842              	.LASF35:
 1843 00c7 656E636F 		.ascii	"encoderCounts_M2\000"
 1843      64657243 
 1843      6F756E74 
 1843      735F4D32 
 1843      00
 1844              	.LASF36:
 1845 00d8 77686565 		.ascii	"wheelCircumference_cm\000"
 1845      6C436972 
 1845      63756D66 
 1845      6572656E 
ARM GAS  C:\Users\umasu\AppData\Local\Temp\cceNWc0V.s 			page 37


 1845      63655F63 
 1846              	.LASF14:
 1847 00ee 75696E74 		.ascii	"uint8\000"
 1847      3800
 1848              	.LASF28:
 1849 00f4 676F5374 		.ascii	"goStraight\000"
 1849      72616967 
 1849      687400
 1850              	.LASF56:
 1851 00ff 51756164 		.ascii	"QuadDec_M1_GetCounter\000"
 1851      4465635F 
 1851      4D315F47 
 1851      6574436F 
 1851      756E7465 
 1852              	.LASF64:
 1853 0115 50574D5F 		.ascii	"PWM_2_WriteCompare\000"
 1853      325F5772 
 1853      69746543 
 1853      6F6D7061 
 1853      726500
 1854              	.LASF17:
 1855 0128 666C6F61 		.ascii	"float\000"
 1855      7400
 1856              	.LASF80:
 1857 012e 51756164 		.ascii	"QuadDec_M2_Start\000"
 1857      4465635F 
 1857      4D325F53 
 1857      74617274 
 1857      00
 1858              	.LASF6:
 1859 013f 6C6F6E67 		.ascii	"long long int\000"
 1859      206C6F6E 
 1859      6720696E 
 1859      7400
 1860              	.LASF7:
 1861 014d 6C6F6E67 		.ascii	"long long unsigned int\000"
 1861      206C6F6E 
 1861      6720756E 
 1861      7369676E 
 1861      65642069 
 1862              	.LASF25:
 1863 0164 6973725F 		.ascii	"isr_2_handler\000"
 1863      325F6861 
 1863      6E646C65 
 1863      7200
 1864              	.LASF20:
 1865 0172 5455524E 		.ascii	"TURN_LEFT\000"
 1865      5F4C4546 
 1865      5400
 1866              	.LASF11:
 1867 017c 63686172 		.ascii	"char\000"
 1867      00
 1868              	.LASF4:
 1869 0181 6C6F6E67 		.ascii	"long int\000"
 1869      20696E74 
 1869      00
 1870              	.LASF47:
ARM GAS  C:\Users\umasu\AppData\Local\Temp\cceNWc0V.s 			page 38


 1871 018a 43335F73 		.ascii	"C3_sum\000"
 1871      756D00
 1872              	.LASF49:
 1873 0191 50574D5F 		.ascii	"PWM_L\000"
 1873      4C00
 1874              	.LASF34:
 1875 0197 656E636F 		.ascii	"encoderCounts_M1\000"
 1875      64657243 
 1875      6F756E74 
 1875      735F4D31 
 1875      00
 1876              	.LASF68:
 1877 01a8 6973725F 		.ascii	"isr_1_StartEx\000"
 1877      315F5374 
 1877      61727445 
 1877      7800
 1878              	.LASF48:
 1879 01b6 50574D5F 		.ascii	"PWM_R\000"
 1879      5200
 1880              	.LASF72:
 1881 01bc 436F6D70 		.ascii	"Comp_2_Start\000"
 1881      5F325F53 
 1881      74617274 
 1881      00
 1882              	.LASF78:
 1883 01c9 50574D5F 		.ascii	"PWM_2_WritePeriod\000"
 1883      325F5772 
 1883      69746550 
 1883      6572696F 
 1883      6400
 1884              	.LASF69:
 1885 01db 6973725F 		.ascii	"isr_2_StartEx\000"
 1885      325F5374 
 1885      61727445 
 1885      7800
 1886              	.LASF38:
 1887 01e9 64697374 		.ascii	"distance_M1\000"
 1887      616E6365 
 1887      5F4D3100 
 1888              	.LASF9:
 1889 01f5 6C6F6E67 		.ascii	"long double\000"
 1889      20646F75 
 1889      626C6500 
 1890              	.LASF22:
 1891 0201 52455645 		.ascii	"REVERSE\000"
 1891      52534500 
 1892              	.LASF1:
 1893 0209 756E7369 		.ascii	"unsigned char\000"
 1893      676E6564 
 1893      20636861 
 1893      7200
 1894              	.LASF53:
 1895 0217 636F756E 		.ascii	"counter\000"
 1895      74657200 
 1896              	.LASF84:
 1897 021f 453A5C43 		.ascii	"E:\\COMPSYS301\\Uma\\CS301_15.cydsn - switchcase tr"
 1897      4F4D5053 
ARM GAS  C:\Users\umasu\AppData\Local\Temp\cceNWc0V.s 			page 39


 1897      59533330 
 1897      315C556D 
 1897      615C4353 
 1898 024f 795C4164 		.ascii	"y\\Additional_HD.cydsn\000"
 1898      64697469 
 1898      6F6E616C 
 1898      5F48442E 
 1898      63796473 
 1899              	.LASF29:
 1900 0265 7475726E 		.ascii	"turnLeft\000"
 1900      4C656674 
 1900      00
 1901              	.LASF0:
 1902 026e 7369676E 		.ascii	"signed char\000"
 1902      65642063 
 1902      68617200 
 1903              	.LASF45:
 1904 027a 43315F73 		.ascii	"C1_sum\000"
 1904      756D00
 1905              	.LASF8:
 1906 0281 756E7369 		.ascii	"unsigned int\000"
 1906      676E6564 
 1906      20696E74 
 1906      00
 1907              	.LASF70:
 1908 028e 436F6D70 		.ascii	"Comp_0_Start\000"
 1908      5F305F53 
 1908      74617274 
 1908      00
 1909              	.LASF26:
 1910 029b 6973725F 		.ascii	"isr_1_handler\000"
 1910      315F6861 
 1910      6E646C65 
 1910      7200
 1911              	.LASF51:
 1912 02a9 69735F74 		.ascii	"is_turning\000"
 1912      75726E69 
 1912      6E6700
 1913              	.LASF76:
 1914 02b4 50574D5F 		.ascii	"PWM_2_Start\000"
 1914      325F5374 
 1914      61727400 
 1915              	.LASF3:
 1916 02c0 73686F72 		.ascii	"short unsigned int\000"
 1916      7420756E 
 1916      7369676E 
 1916      65642069 
 1916      6E7400
 1917              	.LASF65:
 1918 02d3 50574D5F 		.ascii	"PWM_1_ReadCompare\000"
 1918      315F5265 
 1918      6164436F 
 1918      6D706172 
 1918      6500
 1919              	.LASF66:
 1920 02e5 50574D5F 		.ascii	"PWM_1_WriteCompare\000"
 1920      315F5772 
ARM GAS  C:\Users\umasu\AppData\Local\Temp\cceNWc0V.s 			page 40


 1920      69746543 
 1920      6F6D7061 
 1920      726500
 1921              	.LASF32:
 1922 02f8 73746F70 		.ascii	"stop\000"
 1922      00
 1923              	.LASF31:
 1924 02fd 72657665 		.ascii	"reverse\000"
 1924      72736500 
 1925              	.LASF27:
 1926 0305 64697374 		.ascii	"distance\000"
 1926      616E6365 
 1926      00
 1927              	.LASF81:
 1928 030e 51756164 		.ascii	"QuadDec_M2_SetCounter\000"
 1928      4465635F 
 1928      4D325F53 
 1928      6574436F 
 1928      756E7465 
 1929              	.LASF13:
 1930 0324 696E7433 		.ascii	"int32_t\000"
 1930      325F7400 
 1931              	.LASF37:
 1932 032c 74696D65 		.ascii	"timeInterval_s\000"
 1932      496E7465 
 1932      7276616C 
 1932      5F7300
 1933              	.LASF52:
 1934 033b 5F426F6F 		.ascii	"_Bool\000"
 1934      6C00
 1935              	.LASF39:
 1936 0341 64697374 		.ascii	"distance_M2\000"
 1936      616E6365 
 1936      5F4D3200 
 1937              	.LASF67:
 1938 034d 54696D65 		.ascii	"Timer_1_Start\000"
 1938      725F315F 
 1938      53746172 
 1938      7400
 1939              	.LASF57:
 1940 035b 51756164 		.ascii	"QuadDec_M2_GetCounter\000"
 1940      4465635F 
 1940      4D325F47 
 1940      6574436F 
 1940      756E7465 
 1941              	.LASF77:
 1942 0371 50574D5F 		.ascii	"PWM_1_WritePeriod\000"
 1942      315F5772 
 1942      69746550 
 1942      6572696F 
 1942      6400
 1943              	.LASF15:
 1944 0383 75696E74 		.ascii	"uint32\000"
 1944      333200
 1945              	.LASF83:
 1946 038a 6D61696E 		.ascii	"main.c\000"
 1946      2E6300
ARM GAS  C:\Users\umasu\AppData\Local\Temp\cceNWc0V.s 			page 41


 1947              	.LASF5:
 1948 0391 6C6F6E67 		.ascii	"long unsigned int\000"
 1948      20756E73 
 1948      69676E65 
 1948      6420696E 
 1948      7400
 1949              	.LASF16:
 1950 03a3 696E7433 		.ascii	"int32\000"
 1950      3200
 1951              	.LASF18:
 1952 03a9 646F7562 		.ascii	"double\000"
 1952      6C6500
 1953              	.LASF79:
 1954 03b0 51756164 		.ascii	"QuadDec_M1_Start\000"
 1954      4465635F 
 1954      4D315F53 
 1954      74617274 
 1954      00
 1955              	.LASF33:
 1956 03c1 49544D5F 		.ascii	"ITM_RxBuffer\000"
 1956      52784275 
 1956      66666572 
 1956      00
 1957              	.LASF43:
 1958 03ce 636F756E 		.ascii	"count\000"
 1958      7400
 1959              	.LASF12:
 1960 03d4 5F5F696E 		.ascii	"__int32_t\000"
 1960      7433325F 
 1960      7400
 1961              	.LASF73:
 1962 03de 436F6D70 		.ascii	"Comp_3_Start\000"
 1962      5F335F53 
 1962      74617274 
 1962      00
 1963              	.LASF59:
 1964 03eb 436F6D70 		.ascii	"Comp_0_GetCompare\000"
 1964      5F305F47 
 1964      6574436F 
 1964      6D706172 
 1964      6500
 1965              	.LASF23:
 1966 03fd 53544F50 		.ascii	"STOP\000"
 1966      00
 1967              	.LASF46:
 1968 0402 43325F73 		.ascii	"C2_sum\000"
 1968      756D00
 1969              	.LASF54:
 1970 0409 636F6E74 		.ascii	"continue_turn\000"
 1970      696E7565 
 1970      5F747572 
 1970      6E00
 1971              	.LASF60:
 1972 0417 436F6D70 		.ascii	"Comp_1_GetCompare\000"
 1972      5F315F47 
 1972      6574436F 
 1972      6D706172 
ARM GAS  C:\Users\umasu\AppData\Local\Temp\cceNWc0V.s 			page 42


 1972      6500
 1973              	.LASF50:
 1974 0429 63757272 		.ascii	"current_encoder\000"
 1974      656E745F 
 1974      656E636F 
 1974      64657200 
 1975              	.LASF21:
 1976 0439 5455524E 		.ascii	"TURN_RIGHT\000"
 1976      5F524947 
 1976      485400
 1977              	.LASF61:
 1978 0444 436F6D70 		.ascii	"Comp_2_GetCompare\000"
 1978      5F325F47 
 1978      6574436F 
 1978      6D706172 
 1978      6500
 1979              	.LASF82:
 1980 0456 474E5520 		.ascii	"GNU C11 5.4.1 20160609 (release) [ARM/embedded-5-br"
 1980      43313120 
 1980      352E342E 
 1980      31203230 
 1980      31363036 
 1981 0489 616E6368 		.ascii	"anch revision 237715] -mcpu=cortex-m3 -mthumb -g -O"
 1981      20726576 
 1981      6973696F 
 1981      6E203233 
 1981      37373135 
 1982 04bc 67202D66 		.ascii	"g -ffunction-sections -ffat-lto-objects\000"
 1982      66756E63 
 1982      74696F6E 
 1982      2D736563 
 1982      74696F6E 
 1983              	.LASF62:
 1984 04e4 436F6D70 		.ascii	"Comp_3_GetCompare\000"
 1984      5F335F47 
 1984      6574436F 
 1984      6D706172 
 1984      6500
 1985              	.LASF30:
 1986 04f6 7475726E 		.ascii	"turnRight\000"
 1986      52696768 
 1986      7400
 1987              	.LASF71:
 1988 0500 436F6D70 		.ascii	"Comp_1_Start\000"
 1988      5F315F53 
 1988      74617274 
 1988      00
 1989              		.ident	"GCC: (GNU Tools for ARM Embedded Processors) 5.4.1 20160609 (release) [ARM/embedded-5-bran
