ARM GAS  C:\Users\dulan\AppData\Local\Temp\ccvycrfd.s 			page 1


   1              		.syntax unified
   2              		.cpu cortex-m3
   3              		.fpu softvfp
   4              		.eabi_attribute 20, 1
   5              		.eabi_attribute 21, 1
   6              		.eabi_attribute 23, 3
   7              		.eabi_attribute 24, 1
   8              		.eabi_attribute 25, 1
   9              		.eabi_attribute 26, 1
  10              		.eabi_attribute 30, 1
  11              		.eabi_attribute 34, 1
  12              		.eabi_attribute 18, 4
  13              		.thumb
  14              		.syntax unified
  15              		.file	"cymetadata.c"
  16              		.text
  17              	.Ltext0:
  18              		.cfi_sections	.debug_frame
  19              		.global	cy_metadata
  20              		.global	cy_meta_flashprotect
  21              		.global	cy_meta_wonvl
  22              		.global	cy_meta_custnvl
  23              		.global	cy_meta_configecc
  24              		.section	.cyconfigecc,"a",%progbits
  25              		.align	2
  26              		.type	cy_meta_configecc, %object
  27              		.size	cy_meta_configecc, 2160
  28              	cy_meta_configecc:
  29 0000 07       		.byte	7
  30 0001 4F       		.byte	79
  31 0002 00       		.byte	0
  32 0003 40       		.byte	64
  33 0004 06       		.byte	6
  34 0005 52       		.byte	82
  35 0006 00       		.byte	0
  36 0007 40       		.byte	64
  37 0008 03       		.byte	3
  38 0009 64       		.byte	100
  39 000a 00       		.byte	0
  40 000b 40       		.byte	64
  41 000c 03       		.byte	3
  42 000d 65       		.byte	101
  43 000e 00       		.byte	0
  44 000f 40       		.byte	64
  45 0010 33       		.byte	51
  46 0011 00       		.byte	0
  47 0012 01       		.byte	1
  48 0013 40       		.byte	64
  49 0014 2D       		.byte	45
  50 0015 01       		.byte	1
  51 0016 01       		.byte	1
  52 0017 40       		.byte	64
  53 0018 4A       		.byte	74
  54 0019 02       		.byte	2
  55 001a 01       		.byte	1
  56 001b 40       		.byte	64
  57 001c 32       		.byte	50
ARM GAS  C:\Users\dulan\AppData\Local\Temp\ccvycrfd.s 			page 2


  58 001d 03       		.byte	3
  59 001e 01       		.byte	1
  60 001f 40       		.byte	64
  61 0020 52       		.byte	82
  62 0021 04       		.byte	4
  63 0022 01       		.byte	1
  64 0023 40       		.byte	64
  65 0024 46       		.byte	70
  66 0025 05       		.byte	5
  67 0026 01       		.byte	1
  68 0027 40       		.byte	64
  69 0028 46       		.byte	70
  70 0029 06       		.byte	6
  71 002a 01       		.byte	1
  72 002b 40       		.byte	64
  73 002c 41       		.byte	65
  74 002d 07       		.byte	7
  75 002e 01       		.byte	1
  76 002f 40       		.byte	64
  77 0030 02       		.byte	2
  78 0031 09       		.byte	9
  79 0032 01       		.byte	1
  80 0033 40       		.byte	64
  81 0034 04       		.byte	4
  82 0035 0A       		.byte	10
  83 0036 01       		.byte	1
  84 0037 40       		.byte	64
  85 0038 03       		.byte	3
  86 0039 0B       		.byte	11
  87 003a 01       		.byte	1
  88 003b 40       		.byte	64
  89 003c 01       		.byte	1
  90 003d 0D       		.byte	13
  91 003e 01       		.byte	1
  92 003f 40       		.byte	64
  93 0040 01       		.byte	1
  94 0041 0F       		.byte	15
  95 0042 01       		.byte	1
  96 0043 40       		.byte	64
  97 0044 63       		.byte	99
  98 0045 14       		.byte	20
  99 0046 01       		.byte	1
 100 0047 40       		.byte	64
 101 0048 46       		.byte	70
 102 0049 15       		.byte	21
 103 004a 01       		.byte	1
 104 004b 40       		.byte	64
 105 004c 49       		.byte	73
 106 004d 16       		.byte	22
 107 004e 01       		.byte	1
 108 004f 40       		.byte	64
 109 0050 45       		.byte	69
 110 0051 17       		.byte	23
 111 0052 01       		.byte	1
 112 0053 40       		.byte	64
 113 0054 01       		.byte	1
 114 0055 19       		.byte	25
ARM GAS  C:\Users\dulan\AppData\Local\Temp\ccvycrfd.s 			page 3


 115 0056 01       		.byte	1
 116 0057 40       		.byte	64
 117 0058 07       		.byte	7
 118 0059 40       		.byte	64
 119 005a 01       		.byte	1
 120 005b 40       		.byte	64
 121 005c 0C       		.byte	12
 122 005d 41       		.byte	65
 123 005e 01       		.byte	1
 124 005f 40       		.byte	64
 125 0060 11       		.byte	17
 126 0061 42       		.byte	66
 127 0062 01       		.byte	1
 128 0063 40       		.byte	64
 129 0064 12       		.byte	18
 130 0065 43       		.byte	67
 131 0066 01       		.byte	1
 132 0067 40       		.byte	64
 133 0068 08       		.byte	8
 134 0069 44       		.byte	68
 135 006a 01       		.byte	1
 136 006b 40       		.byte	64
 137 006c 08       		.byte	8
 138 006d 45       		.byte	69
 139 006e 01       		.byte	1
 140 006f 40       		.byte	64
 141 0070 0B       		.byte	11
 142 0071 46       		.byte	70
 143 0072 01       		.byte	1
 144 0073 40       		.byte	64
 145 0074 04       		.byte	4
 146 0075 47       		.byte	71
 147 0076 01       		.byte	1
 148 0077 40       		.byte	64
 149 0078 0D       		.byte	13
 150 0079 48       		.byte	72
 151 007a 01       		.byte	1
 152 007b 40       		.byte	64
 153 007c 0E       		.byte	14
 154 007d 49       		.byte	73
 155 007e 01       		.byte	1
 156 007f 40       		.byte	64
 157 0080 0B       		.byte	11
 158 0081 4C       		.byte	76
 159 0082 01       		.byte	1
 160 0083 40       		.byte	64
 161 0084 03       		.byte	3
 162 0085 4D       		.byte	77
 163 0086 01       		.byte	1
 164 0087 40       		.byte	64
 165 0088 07       		.byte	7
 166 0089 50       		.byte	80
 167 008a 01       		.byte	1
 168 008b 40       		.byte	64
 169 008c 01       		.byte	1
 170 008d 51       		.byte	81
 171 008e 01       		.byte	1
ARM GAS  C:\Users\dulan\AppData\Local\Temp\ccvycrfd.s 			page 4


 172 008f 40       		.byte	64
 173 0090 01       		.byte	1
 174 0091 30       		.byte	48
 175 0092 0A       		.byte	10
 176 0093 4B       		.byte	75
 177 0094 0D       		.byte	13
 178 0095 30       		.byte	48
 179 0096 16       		.byte	22
 180 0097 4B       		.byte	75
 181 0098 19       		.byte	25
 182 0099 20       		.byte	32
 183 009a 22       		.byte	34
 184 009b 4B       		.byte	75
 185 009c 2E       		.byte	46
 186 009d 4B       		.byte	75
 187 009e 08       		.byte	8
 188 009f C0       		.byte	-64
 189 00a0 09       		.byte	9
 190 00a1 80       		.byte	-128
 191 00a2 60       		.byte	96
 192 00a3 15       		.byte	21
 193 00a4 61       		.byte	97
 194 00a5 09       		.byte	9
 195 00a6 78       		.byte	120
 196 00a7 63       		.byte	99
 197 00a8 79       		.byte	121
 198 00a9 45       		.byte	69
 199 00aa 71       		.byte	113
 200 00ab 03       		.byte	3
 201 00ac 84       		.byte	-124
 202 00ad 6F       		.byte	111
 203 00ae 87       		.byte	-121
 204 00af 0F       		.byte	15
 205 00b0 75       		.byte	117
 206 00b1 03       		.byte	3
 207 00b2 85       		.byte	-123
 208 00b3 6F       		.byte	111
 209 00b4 87       		.byte	-121
 210 00b5 0F       		.byte	15
 211 00b6 03       		.byte	3
 212 00b7 04       		.byte	4
 213 00b8 09       		.byte	9
 214 00b9 02       		.byte	2
 215 00ba 0B       		.byte	11
 216 00bb 01       		.byte	1
 217 00bc 16       		.byte	22
 218 00bd 02       		.byte	2
 219 00be 1D       		.byte	29
 220 00bf 01       		.byte	1
 221 00c0 1E       		.byte	30
 222 00c1 01       		.byte	1
 223 00c2 1F       		.byte	31
 224 00c3 02       		.byte	2
 225 00c4 25       		.byte	37
 226 00c5 01       		.byte	1
 227 00c6 27       		.byte	39
 228 00c7 02       		.byte	2
ARM GAS  C:\Users\dulan\AppData\Local\Temp\ccvycrfd.s 			page 5


 229 00c8 29       		.byte	41
 230 00c9 01       		.byte	1
 231 00ca 2B       		.byte	43
 232 00cb 02       		.byte	2
 233 00cc 32       		.byte	50
 234 00cd 01       		.byte	1
 235 00ce 33       		.byte	51
 236 00cf 03       		.byte	3
 237 00d0 34       		.byte	52
 238 00d1 02       		.byte	2
 239 00d2 37       		.byte	55
 240 00d3 04       		.byte	4
 241 00d4 3B       		.byte	59
 242 00d5 08       		.byte	8
 243 00d6 56       		.byte	86
 244 00d7 08       		.byte	8
 245 00d8 58       		.byte	88
 246 00d9 04       		.byte	4
 247 00da 59       		.byte	89
 248 00db 04       		.byte	4
 249 00dc 5B       		.byte	91
 250 00dd 04       		.byte	4
 251 00de 5C       		.byte	92
 252 00df 11       		.byte	17
 253 00e0 5D       		.byte	93
 254 00e1 90       		.byte	-112
 255 00e2 5F       		.byte	95
 256 00e3 01       		.byte	1
 257 00e4 81       		.byte	-127
 258 00e5 02       		.byte	2
 259 00e6 87       		.byte	-121
 260 00e7 04       		.byte	4
 261 00e8 8C       		.byte	-116
 262 00e9 01       		.byte	1
 263 00ea 8E       		.byte	-114
 264 00eb 02       		.byte	2
 265 00ec 94       		.byte	-108
 266 00ed 01       		.byte	1
 267 00ee 96       		.byte	-106
 268 00ef 0A       		.byte	10
 269 00f0 98       		.byte	-104
 270 00f1 01       		.byte	1
 271 00f2 9A       		.byte	-102
 272 00f3 06       		.byte	6
 273 00f4 9C       		.byte	-100
 274 00f5 02       		.byte	2
 275 00f6 9E       		.byte	-98
 276 00f7 01       		.byte	1
 277 00f8 A2       		.byte	-94
 278 00f9 10       		.byte	16
 279 00fa AD       		.byte	-83
 280 00fb 01       		.byte	1
 281 00fc B0       		.byte	-80
 282 00fd 04       		.byte	4
 283 00fe B1       		.byte	-79
 284 00ff 02       		.byte	2
 285 0100 B2       		.byte	-78
ARM GAS  C:\Users\dulan\AppData\Local\Temp\ccvycrfd.s 			page 6


 286 0101 10       		.byte	16
 287 0102 B3       		.byte	-77
 288 0103 01       		.byte	1
 289 0104 B4       		.byte	-76
 290 0105 08       		.byte	8
 291 0106 B5       		.byte	-75
 292 0107 04       		.byte	4
 293 0108 B6       		.byte	-74
 294 0109 03       		.byte	3
 295 010a BA       		.byte	-70
 296 010b 80       		.byte	-128
 297 010c BF       		.byte	-65
 298 010d 05       		.byte	5
 299 010e D6       		.byte	-42
 300 010f 08       		.byte	8
 301 0110 D8       		.byte	-40
 302 0111 04       		.byte	4
 303 0112 D9       		.byte	-39
 304 0113 04       		.byte	4
 305 0114 DB       		.byte	-37
 306 0115 04       		.byte	4
 307 0116 DC       		.byte	-36
 308 0117 11       		.byte	17
 309 0118 DD       		.byte	-35
 310 0119 90       		.byte	-112
 311 011a DF       		.byte	-33
 312 011b 01       		.byte	1
 313 011c 04       		.byte	4
 314 011d 40       		.byte	64
 315 011e 0A       		.byte	10
 316 011f 10       		.byte	16
 317 0120 0B       		.byte	11
 318 0121 01       		.byte	1
 319 0122 0E       		.byte	14
 320 0123 2A       		.byte	42
 321 0124 16       		.byte	22
 322 0125 80       		.byte	-128
 323 0126 19       		.byte	25
 324 0127 14       		.byte	20
 325 0128 1A       		.byte	26
 326 0129 10       		.byte	16
 327 012a 1C       		.byte	28
 328 012b 40       		.byte	64
 329 012c 1E       		.byte	30
 330 012d 2A       		.byte	42
 331 012e 1F       		.byte	31
 332 012f 40       		.byte	64
 333 0130 22       		.byte	34
 334 0131 40       		.byte	64
 335 0132 23       		.byte	35
 336 0133 11       		.byte	17
 337 0134 24       		.byte	36
 338 0135 80       		.byte	-128
 339 0136 26       		.byte	38
 340 0137 08       		.byte	8
 341 0138 27       		.byte	39
 342 0139 08       		.byte	8
ARM GAS  C:\Users\dulan\AppData\Local\Temp\ccvycrfd.s 			page 7


 343 013a 29       		.byte	41
 344 013b 14       		.byte	20
 345 013c 2C       		.byte	44
 346 013d 02       		.byte	2
 347 013e 32       		.byte	50
 348 013f 40       		.byte	64
 349 0140 38       		.byte	56
 350 0141 01       		.byte	1
 351 0142 3B       		.byte	59
 352 0143 10       		.byte	16
 353 0144 3E       		.byte	62
 354 0145 02       		.byte	2
 355 0146 3F       		.byte	63
 356 0147 04       		.byte	4
 357 0148 59       		.byte	89
 358 0149 40       		.byte	64
 359 014a 5C       		.byte	92
 360 014b 80       		.byte	-128
 361 014c 5D       		.byte	93
 362 014d 20       		.byte	32
 363 014e 60       		.byte	96
 364 014f 01       		.byte	1
 365 0150 66       		.byte	102
 366 0151 80       		.byte	-128
 367 0152 67       		.byte	103
 368 0153 04       		.byte	4
 369 0154 68       		.byte	104
 370 0155 04       		.byte	4
 371 0156 6A       		.byte	106
 372 0157 40       		.byte	64
 373 0158 6C       		.byte	108
 374 0159 04       		.byte	4
 375 015a 6D       		.byte	109
 376 015b 40       		.byte	64
 377 015c 82       		.byte	-126
 378 015d 40       		.byte	64
 379 015e 86       		.byte	-122
 380 015f 08       		.byte	8
 381 0160 88       		.byte	-120
 382 0161 80       		.byte	-128
 383 0162 8C       		.byte	-116
 384 0163 04       		.byte	4
 385 0164 C0       		.byte	-64
 386 0165 80       		.byte	-128
 387 0166 C2       		.byte	-62
 388 0167 E5       		.byte	-27
 389 0168 C4       		.byte	-60
 390 0169 10       		.byte	16
 391 016a CA       		.byte	-54
 392 016b 16       		.byte	22
 393 016c CC       		.byte	-52
 394 016d 08       		.byte	8
 395 016e CE       		.byte	-50
 396 016f C5       		.byte	-59
 397 0170 D6       		.byte	-42
 398 0171 38       		.byte	56
 399 0172 D8       		.byte	-40
ARM GAS  C:\Users\dulan\AppData\Local\Temp\ccvycrfd.s 			page 8


 400 0173 38       		.byte	56
 401 0174 E0       		.byte	-32
 402 0175 20       		.byte	32
 403 0176 0D       		.byte	13
 404 0177 04       		.byte	4
 405 0178 0F       		.byte	15
 406 0179 02       		.byte	2
 407 017a 15       		.byte	21
 408 017b 02       		.byte	2
 409 017c 17       		.byte	23
 410 017d 04       		.byte	4
 411 017e 19       		.byte	25
 412 017f 02       		.byte	2
 413 0180 1B       		.byte	27
 414 0181 04       		.byte	4
 415 0182 21       		.byte	33
 416 0183 02       		.byte	2
 417 0184 23       		.byte	35
 418 0185 05       		.byte	5
 419 0186 26       		.byte	38
 420 0187 01       		.byte	1
 421 0188 33       		.byte	51
 422 0189 01       		.byte	1
 423 018a 36       		.byte	54
 424 018b 01       		.byte	1
 425 018c 37       		.byte	55
 426 018d 06       		.byte	6
 427 018e 3B       		.byte	59
 428 018f 80       		.byte	-128
 429 0190 58       		.byte	88
 430 0191 04       		.byte	4
 431 0192 59       		.byte	89
 432 0193 04       		.byte	4
 433 0194 5C       		.byte	92
 434 0195 11       		.byte	17
 435 0196 5F       		.byte	95
 436 0197 01       		.byte	1
 437 0198 81       		.byte	-127
 438 0199 04       		.byte	4
 439 019a 84       		.byte	-124
 440 019b 06       		.byte	6
 441 019c 85       		.byte	-123
 442 019d 04       		.byte	4
 443 019e 8A       		.byte	-118
 444 019f 08       		.byte	8
 445 01a0 8C       		.byte	-116
 446 01a1 08       		.byte	8
 447 01a2 8F       		.byte	-113
 448 01a3 10       		.byte	16
 449 01a4 91       		.byte	-111
 450 01a5 01       		.byte	1
 451 01a6 93       		.byte	-109
 452 01a7 0A       		.byte	10
 453 01a8 96       		.byte	-106
 454 01a9 08       		.byte	8
 455 01aa 99       		.byte	-103
 456 01ab 01       		.byte	1
ARM GAS  C:\Users\dulan\AppData\Local\Temp\ccvycrfd.s 			page 9


 457 01ac 9B       		.byte	-101
 458 01ad 02       		.byte	2
 459 01ae 9D       		.byte	-99
 460 01af 02       		.byte	2
 461 01b0 9F       		.byte	-97
 462 01b1 01       		.byte	1
 463 01b2 A0       		.byte	-96
 464 01b3 06       		.byte	6
 465 01b4 A6       		.byte	-90
 466 01b5 01       		.byte	1
 467 01b6 A8       		.byte	-88
 468 01b7 02       		.byte	2
 469 01b8 AB       		.byte	-85
 470 01b9 04       		.byte	4
 471 01ba AD       		.byte	-83
 472 01bb 01       		.byte	1
 473 01bc AF       		.byte	-81
 474 01bd 02       		.byte	2
 475 01be B0       		.byte	-80
 476 01bf 01       		.byte	1
 477 01c0 B1       		.byte	-79
 478 01c1 10       		.byte	16
 479 01c2 B2       		.byte	-78
 480 01c3 04       		.byte	4
 481 01c4 B3       		.byte	-77
 482 01c5 04       		.byte	4
 483 01c6 B4       		.byte	-76
 484 01c7 02       		.byte	2
 485 01c8 B5       		.byte	-75
 486 01c9 08       		.byte	8
 487 01ca B6       		.byte	-74
 488 01cb 08       		.byte	8
 489 01cc B7       		.byte	-73
 490 01cd 03       		.byte	3
 491 01ce B8       		.byte	-72
 492 01cf 28       		.byte	40
 493 01d0 BB       		.byte	-69
 494 01d1 80       		.byte	-128
 495 01d2 BE       		.byte	-66
 496 01d3 50       		.byte	80
 497 01d4 BF       		.byte	-65
 498 01d5 04       		.byte	4
 499 01d6 C0       		.byte	-64
 500 01d7 62       		.byte	98
 501 01d8 C1       		.byte	-63
 502 01d9 03       		.byte	3
 503 01da C9       		.byte	-55
 504 01db FF       		.byte	-1
 505 01dc CA       		.byte	-54
 506 01dd FF       		.byte	-1
 507 01de CB       		.byte	-53
 508 01df FF       		.byte	-1
 509 01e0 CD       		.byte	-51
 510 01e1 A0       		.byte	-96
 511 01e2 CF       		.byte	-49
 512 01e3 01       		.byte	1
 513 01e4 D0       		.byte	-48
ARM GAS  C:\Users\dulan\AppData\Local\Temp\ccvycrfd.s 			page 10


 514 01e5 18       		.byte	24
 515 01e6 D6       		.byte	-42
 516 01e7 08       		.byte	8
 517 01e8 D8       		.byte	-40
 518 01e9 04       		.byte	4
 519 01ea D9       		.byte	-39
 520 01eb 04       		.byte	4
 521 01ec DA       		.byte	-38
 522 01ed 04       		.byte	4
 523 01ee DB       		.byte	-37
 524 01ef 04       		.byte	4
 525 01f0 DC       		.byte	-36
 526 01f1 11       		.byte	17
 527 01f2 DD       		.byte	-35
 528 01f3 91       		.byte	-111
 529 01f4 DF       		.byte	-33
 530 01f5 01       		.byte	1
 531 01f6 E0       		.byte	-32
 532 01f7 40       		.byte	64
 533 01f8 E2       		.byte	-30
 534 01f9 80       		.byte	-128
 535 01fa E4       		.byte	-28
 536 01fb 40       		.byte	64
 537 01fc E5       		.byte	-27
 538 01fd 40       		.byte	64
 539 01fe E6       		.byte	-26
 540 01ff 80       		.byte	-128
 541 0200 E8       		.byte	-24
 542 0201 40       		.byte	64
 543 0202 EA       		.byte	-22
 544 0203 80       		.byte	-128
 545 0204 EC       		.byte	-20
 546 0205 40       		.byte	64
 547 0206 ED       		.byte	-19
 548 0207 20       		.byte	32
 549 0208 EE       		.byte	-18
 550 0209 80       		.byte	-128
 551 020a 01       		.byte	1
 552 020b 08       		.byte	8
 553 020c 02       		.byte	2
 554 020d 02       		.byte	2
 555 020e 03       		.byte	3
 556 020f 08       		.byte	8
 557 0210 0A       		.byte	10
 558 0211 10       		.byte	16
 559 0212 10       		.byte	16
 560 0213 80       		.byte	-128
 561 0214 12       		.byte	18
 562 0215 28       		.byte	40
 563 0216 17       		.byte	23
 564 0217 08       		.byte	8
 565 0218 18       		.byte	24
 566 0219 04       		.byte	4
 567 021a 19       		.byte	25
 568 021b 80       		.byte	-128
 569 021c 1B       		.byte	27
 570 021d 0D       		.byte	13
ARM GAS  C:\Users\dulan\AppData\Local\Temp\ccvycrfd.s 			page 11


 571 021e 1F       		.byte	31
 572 021f 80       		.byte	-128
 573 0220 20       		.byte	32
 574 0221 02       		.byte	2
 575 0222 22       		.byte	34
 576 0223 71       		.byte	113
 577 0224 23       		.byte	35
 578 0225 20       		.byte	32
 579 0226 25       		.byte	37
 580 0227 40       		.byte	64
 581 0228 27       		.byte	39
 582 0229 10       		.byte	16
 583 022a 2B       		.byte	43
 584 022b 05       		.byte	5
 585 022c 2F       		.byte	47
 586 022d 80       		.byte	-128
 587 022e 32       		.byte	50
 588 022f 51       		.byte	81
 589 0230 37       		.byte	55
 590 0231 18       		.byte	24
 591 0232 39       		.byte	57
 592 0233 0A       		.byte	10
 593 0234 3A       		.byte	58
 594 0235 40       		.byte	64
 595 0236 3D       		.byte	61
 596 0237 80       		.byte	-128
 597 0238 40       		.byte	64
 598 0239 04       		.byte	4
 599 023a 41       		.byte	65
 600 023b 04       		.byte	4
 601 023c 42       		.byte	66
 602 023d 10       		.byte	16
 603 023e 49       		.byte	73
 604 023f 20       		.byte	32
 605 0240 58       		.byte	88
 606 0241 80       		.byte	-128
 607 0242 62       		.byte	98
 608 0243 40       		.byte	64
 609 0244 80       		.byte	-128
 610 0245 02       		.byte	2
 611 0246 90       		.byte	-112
 612 0247 80       		.byte	-128
 613 0248 91       		.byte	-111
 614 0249 40       		.byte	64
 615 024a 93       		.byte	-109
 616 024b 90       		.byte	-112
 617 024c 9B       		.byte	-101
 618 024d 08       		.byte	8
 619 024e 9E       		.byte	-98
 620 024f 02       		.byte	2
 621 0250 A4       		.byte	-92
 622 0251 02       		.byte	2
 623 0252 A9       		.byte	-87
 624 0253 20       		.byte	32
 625 0254 AC       		.byte	-84
 626 0255 04       		.byte	4
 627 0256 AD       		.byte	-83
ARM GAS  C:\Users\dulan\AppData\Local\Temp\ccvycrfd.s 			page 12


 628 0257 40       		.byte	64
 629 0258 C0       		.byte	-64
 630 0259 07       		.byte	7
 631 025a C2       		.byte	-62
 632 025b 04       		.byte	4
 633 025c C4       		.byte	-60
 634 025d 2E       		.byte	46
 635 025e CA       		.byte	-54
 636 025f 8C       		.byte	-116
 637 0260 CC       		.byte	-52
 638 0261 6D       		.byte	109
 639 0262 CE       		.byte	-50
 640 0263 1B       		.byte	27
 641 0264 D0       		.byte	-48
 642 0265 06       		.byte	6
 643 0266 D2       		.byte	-46
 644 0267 04       		.byte	4
 645 0268 D6       		.byte	-42
 646 0269 08       		.byte	8
 647 026a D8       		.byte	-40
 648 026b 08       		.byte	8
 649 026c EE       		.byte	-18
 650 026d 01       		.byte	1
 651 026e 04       		.byte	4
 652 026f 14       		.byte	20
 653 0270 06       		.byte	6
 654 0271 0A       		.byte	10
 655 0272 08       		.byte	8
 656 0273 20       		.byte	32
 657 0274 0E       		.byte	14
 658 0275 01       		.byte	1
 659 0276 10       		.byte	16
 660 0277 06       		.byte	6
 661 0278 12       		.byte	18
 662 0279 18       		.byte	24
 663 027a 13       		.byte	19
 664 027b 02       		.byte	2
 665 027c 14       		.byte	20
 666 027d 0A       		.byte	10
 667 027e 16       		.byte	22
 668 027f 14       		.byte	20
 669 0280 18       		.byte	24
 670 0281 18       		.byte	24
 671 0282 1A       		.byte	26
 672 0283 06       		.byte	6
 673 0284 1F       		.byte	31
 674 0285 01       		.byte	1
 675 0286 22       		.byte	34
 676 0287 20       		.byte	32
 677 0288 24       		.byte	36
 678 0289 1E       		.byte	30
 679 028a 28       		.byte	40
 680 028b 0E       		.byte	14
 681 028c 2C       		.byte	44
 682 028d 01       		.byte	1
 683 028e 30       		.byte	48
 684 028f 01       		.byte	1
ARM GAS  C:\Users\dulan\AppData\Local\Temp\ccvycrfd.s 			page 13


 685 0290 31       		.byte	49
 686 0291 02       		.byte	2
 687 0292 32       		.byte	50
 688 0293 20       		.byte	32
 689 0294 33       		.byte	51
 690 0295 01       		.byte	1
 691 0296 34       		.byte	52
 692 0297 1E       		.byte	30
 693 0298 3E       		.byte	62
 694 0299 05       		.byte	5
 695 029a 40       		.byte	64
 696 029b 62       		.byte	98
 697 029c 41       		.byte	65
 698 029d 03       		.byte	3
 699 029e 45       		.byte	69
 700 029f 42       		.byte	66
 701 02a0 46       		.byte	70
 702 02a1 C3       		.byte	-61
 703 02a2 47       		.byte	71
 704 02a3 0E       		.byte	14
 705 02a4 48       		.byte	72
 706 02a5 1F       		.byte	31
 707 02a6 49       		.byte	73
 708 02a7 FF       		.byte	-1
 709 02a8 4A       		.byte	74
 710 02a9 FF       		.byte	-1
 711 02aa 4B       		.byte	75
 712 02ab FF       		.byte	-1
 713 02ac 4D       		.byte	77
 714 02ad AF       		.byte	-81
 715 02ae 4E       		.byte	78
 716 02af 07       		.byte	7
 717 02b0 4F       		.byte	79
 718 02b1 01       		.byte	1
 719 02b2 50       		.byte	80
 720 02b3 18       		.byte	24
 721 02b4 54       		.byte	84
 722 02b5 0F       		.byte	15
 723 02b6 58       		.byte	88
 724 02b7 04       		.byte	4
 725 02b8 59       		.byte	89
 726 02b9 04       		.byte	4
 727 02ba 5A       		.byte	90
 728 02bb 04       		.byte	4
 729 02bc 5B       		.byte	91
 730 02bd 04       		.byte	4
 731 02be 5C       		.byte	92
 732 02bf 11       		.byte	17
 733 02c0 5D       		.byte	93
 734 02c1 11       		.byte	17
 735 02c2 5F       		.byte	95
 736 02c3 05       		.byte	5
 737 02c4 60       		.byte	96
 738 02c5 40       		.byte	64
 739 02c6 62       		.byte	98
 740 02c7 80       		.byte	-128
 741 02c8 64       		.byte	100
ARM GAS  C:\Users\dulan\AppData\Local\Temp\ccvycrfd.s 			page 14


 742 02c9 40       		.byte	64
 743 02ca 65       		.byte	101
 744 02cb 40       		.byte	64
 745 02cc 66       		.byte	102
 746 02cd 80       		.byte	-128
 747 02ce 68       		.byte	104
 748 02cf 40       		.byte	64
 749 02d0 6A       		.byte	106
 750 02d1 80       		.byte	-128
 751 02d2 6C       		.byte	108
 752 02d3 40       		.byte	64
 753 02d4 6D       		.byte	109
 754 02d5 20       		.byte	32
 755 02d6 6E       		.byte	110
 756 02d7 80       		.byte	-128
 757 02d8 84       		.byte	-124
 758 02d9 07       		.byte	7
 759 02da 85       		.byte	-123
 760 02db 9E       		.byte	-98
 761 02dc 87       		.byte	-121
 762 02dd 60       		.byte	96
 763 02de 89       		.byte	-119
 764 02df 30       		.byte	48
 765 02e0 8A       		.byte	-118
 766 02e1 07       		.byte	7
 767 02e2 8B       		.byte	-117
 768 02e3 C9       		.byte	-55
 769 02e4 94       		.byte	-108
 770 02e5 04       		.byte	4
 771 02e6 95       		.byte	-107
 772 02e7 73       		.byte	115
 773 02e8 98       		.byte	-104
 774 02e9 07       		.byte	7
 775 02ea 9B       		.byte	-101
 776 02eb 0F       		.byte	15
 777 02ec 9C       		.byte	-100
 778 02ed 01       		.byte	1
 779 02ee 9E       		.byte	-98
 780 02ef 02       		.byte	2
 781 02f0 A1       		.byte	-95
 782 02f1 94       		.byte	-108
 783 02f2 A3       		.byte	-93
 784 02f3 60       		.byte	96
 785 02f4 A4       		.byte	-92
 786 02f5 01       		.byte	1
 787 02f6 A5       		.byte	-91
 788 02f7 FD       		.byte	-3
 789 02f8 A6       		.byte	-90
 790 02f9 02       		.byte	2
 791 02fa A7       		.byte	-89
 792 02fb 02       		.byte	2
 793 02fc A9       		.byte	-87
 794 02fd CF       		.byte	-49
 795 02fe AA       		.byte	-86
 796 02ff 04       		.byte	4
 797 0300 AB       		.byte	-85
 798 0301 30       		.byte	48
ARM GAS  C:\Users\dulan\AppData\Local\Temp\ccvycrfd.s 			page 15


 799 0302 AE       		.byte	-82
 800 0303 08       		.byte	8
 801 0304 B1       		.byte	-79
 802 0305 FF       		.byte	-1
 803 0306 B2       		.byte	-78
 804 0307 0F       		.byte	15
 805 0308 BF       		.byte	-65
 806 0309 01       		.byte	1
 807 030a D8       		.byte	-40
 808 030b 04       		.byte	4
 809 030c D9       		.byte	-39
 810 030d 04       		.byte	4
 811 030e DC       		.byte	-36
 812 030f 01       		.byte	1
 813 0310 DF       		.byte	-33
 814 0311 01       		.byte	1
 815 0312 00       		.byte	0
 816 0313 A8       		.byte	-88
 817 0314 04       		.byte	4
 818 0315 08       		.byte	8
 819 0316 07       		.byte	7
 820 0317 04       		.byte	4
 821 0318 0B       		.byte	11
 822 0319 98       		.byte	-104
 823 031a 0E       		.byte	14
 824 031b 09       		.byte	9
 825 031c 0F       		.byte	15
 826 031d 10       		.byte	16
 827 031e 10       		.byte	16
 828 031f A0       		.byte	-96
 829 0320 12       		.byte	18
 830 0321 0A       		.byte	10
 831 0322 15       		.byte	21
 832 0323 14       		.byte	20
 833 0324 17       		.byte	23
 834 0325 40       		.byte	64
 835 0326 18       		.byte	24
 836 0327 08       		.byte	8
 837 0328 19       		.byte	25
 838 0329 04       		.byte	4
 839 032a 1A       		.byte	26
 840 032b 44       		.byte	68
 841 032c 1E       		.byte	30
 842 032d 30       		.byte	48
 843 032e 20       		.byte	32
 844 032f 20       		.byte	32
 845 0330 21       		.byte	33
 846 0331 01       		.byte	1
 847 0332 22       		.byte	34
 848 0333 02       		.byte	2
 849 0334 27       		.byte	39
 850 0335 40       		.byte	64
 851 0336 2C       		.byte	44
 852 0337 20       		.byte	32
 853 0338 2D       		.byte	45
 854 0339 10       		.byte	16
 855 033a 2E       		.byte	46
ARM GAS  C:\Users\dulan\AppData\Local\Temp\ccvycrfd.s 			page 16


 856 033b 05       		.byte	5
 857 033c 2F       		.byte	47
 858 033d 4C       		.byte	76
 859 033e 30       		.byte	48
 860 033f 80       		.byte	-128
 861 0340 31       		.byte	49
 862 0341 01       		.byte	1
 863 0342 36       		.byte	54
 864 0343 1C       		.byte	28
 865 0344 3C       		.byte	60
 866 0345 08       		.byte	8
 867 0346 3D       		.byte	61
 868 0347 04       		.byte	4
 869 0348 3F       		.byte	63
 870 0349 10       		.byte	16
 871 034a 40       		.byte	64
 872 034b 04       		.byte	4
 873 034c 42       		.byte	66
 874 034d 10       		.byte	16
 875 034e 43       		.byte	67
 876 034f 04       		.byte	4
 877 0350 48       		.byte	72
 878 0351 40       		.byte	64
 879 0352 49       		.byte	73
 880 0353 29       		.byte	41
 881 0354 50       		.byte	80
 882 0355 80       		.byte	-128
 883 0356 51       		.byte	81
 884 0357 08       		.byte	8
 885 0358 52       		.byte	82
 886 0359 10       		.byte	16
 887 035a 58       		.byte	88
 888 035b 10       		.byte	16
 889 035c 59       		.byte	89
 890 035d 06       		.byte	6
 891 035e 5A       		.byte	90
 892 035f 40       		.byte	64
 893 0360 61       		.byte	97
 894 0361 08       		.byte	8
 895 0362 62       		.byte	98
 896 0363 10       		.byte	16
 897 0364 64       		.byte	100
 898 0365 10       		.byte	16
 899 0366 65       		.byte	101
 900 0367 08       		.byte	8
 901 0368 7A       		.byte	122
 902 0369 08       		.byte	8
 903 036a 90       		.byte	-112
 904 036b 84       		.byte	-124
 905 036c 91       		.byte	-111
 906 036d 40       		.byte	64
 907 036e 93       		.byte	-109
 908 036f 90       		.byte	-112
 909 0370 95       		.byte	-107
 910 0371 02       		.byte	2
 911 0372 96       		.byte	-106
 912 0373 10       		.byte	16
ARM GAS  C:\Users\dulan\AppData\Local\Temp\ccvycrfd.s 			page 17


 913 0374 99       		.byte	-103
 914 0375 80       		.byte	-128
 915 0376 9B       		.byte	-101
 916 0377 20       		.byte	32
 917 0378 9D       		.byte	-99
 918 0379 28       		.byte	40
 919 037a 9E       		.byte	-98
 920 037b 02       		.byte	2
 921 037c A0       		.byte	-96
 922 037d 01       		.byte	1
 923 037e A1       		.byte	-95
 924 037f 40       		.byte	64
 925 0380 A4       		.byte	-92
 926 0381 80       		.byte	-128
 927 0382 A6       		.byte	-90
 928 0383 0A       		.byte	10
 929 0384 B4       		.byte	-76
 930 0385 80       		.byte	-128
 931 0386 C0       		.byte	-64
 932 0387 67       		.byte	103
 933 0388 C2       		.byte	-62
 934 0389 EE       		.byte	-18
 935 038a C4       		.byte	-60
 936 038b EF       		.byte	-17
 937 038c CA       		.byte	-54
 938 038d E0       		.byte	-32
 939 038e CC       		.byte	-52
 940 038f 69       		.byte	105
 941 0390 CE       		.byte	-50
 942 0391 60       		.byte	96
 943 0392 D0       		.byte	-48
 944 0393 06       		.byte	6
 945 0394 D2       		.byte	-46
 946 0395 04       		.byte	4
 947 0396 D6       		.byte	-42
 948 0397 0F       		.byte	15
 949 0398 D8       		.byte	-40
 950 0399 06       		.byte	6
 951 039a DE       		.byte	-34
 952 039b 04       		.byte	4
 953 039c E6       		.byte	-26
 954 039d 01       		.byte	1
 955 039e 01       		.byte	1
 956 039f 08       		.byte	8
 957 03a0 02       		.byte	2
 958 03a1 0F       		.byte	15
 959 03a2 03       		.byte	3
 960 03a3 10       		.byte	16
 961 03a4 04       		.byte	4
 962 03a5 0B       		.byte	11
 963 03a6 05       		.byte	5
 964 03a7 3B       		.byte	59
 965 03a8 06       		.byte	6
 966 03a9 04       		.byte	4
 967 03aa 08       		.byte	8
 968 03ab 0C       		.byte	12
 969 03ac 0A       		.byte	10
ARM GAS  C:\Users\dulan\AppData\Local\Temp\ccvycrfd.s 			page 18


 970 03ad 01       		.byte	1
 971 03ae 0D       		.byte	13
 972 03af 20       		.byte	32
 973 03b0 14       		.byte	20
 974 03b1 08       		.byte	8
 975 03b2 15       		.byte	21
 976 03b3 06       		.byte	6
 977 03b4 16       		.byte	22
 978 03b5 01       		.byte	1
 979 03b6 17       		.byte	23
 980 03b7 20       		.byte	32
 981 03b8 18       		.byte	24
 982 03b9 0C       		.byte	12
 983 03ba 1A       		.byte	26
 984 03bb 02       		.byte	2
 985 03bc 1B       		.byte	27
 986 03bd 40       		.byte	64
 987 03be 1F       		.byte	31
 988 03bf 38       		.byte	56
 989 03c0 21       		.byte	33
 990 03c1 0E       		.byte	14
 991 03c2 23       		.byte	35
 992 03c3 10       		.byte	16
 993 03c4 25       		.byte	37
 994 03c5 3D       		.byte	61
 995 03c6 26       		.byte	38
 996 03c7 10       		.byte	16
 997 03c8 28       		.byte	40
 998 03c9 07       		.byte	7
 999 03ca 30       		.byte	48
 1000 03cb 10       		.byte	16
 1001 03cc 31       		.byte	49
 1002 03cd 78       		.byte	120
 1003 03ce 32       		.byte	50
 1004 03cf 0F       		.byte	15
 1005 03d0 33       		.byte	51
 1006 03d1 07       		.byte	7
 1007 03d2 39       		.byte	57
 1008 03d3 08       		.byte	8
 1009 03d4 58       		.byte	88
 1010 03d5 04       		.byte	4
 1011 03d6 59       		.byte	89
 1012 03d7 04       		.byte	4
 1013 03d8 5C       		.byte	92
 1014 03d9 11       		.byte	17
 1015 03da 5F       		.byte	95
 1016 03db 01       		.byte	1
 1017 03dc 82       		.byte	-126
 1018 03dd 18       		.byte	24
 1019 03de 85       		.byte	-123
 1020 03df FE       		.byte	-2
 1021 03e0 86       		.byte	-122
 1022 03e1 04       		.byte	4
 1023 03e2 87       		.byte	-121
 1024 03e3 01       		.byte	1
 1025 03e4 88       		.byte	-120
 1026 03e5 01       		.byte	1
ARM GAS  C:\Users\dulan\AppData\Local\Temp\ccvycrfd.s 			page 19


 1027 03e6 89       		.byte	-119
 1028 03e7 96       		.byte	-106
 1029 03e8 8B       		.byte	-117
 1030 03e9 68       		.byte	104
 1031 03ea 8D       		.byte	-115
 1032 03eb 0E       		.byte	14
 1033 03ec 8F       		.byte	-113
 1034 03ed F0       		.byte	-16
 1035 03ee 90       		.byte	-112
 1036 03ef 01       		.byte	1
 1037 03f0 94       		.byte	-108
 1038 03f1 08       		.byte	8
 1039 03f2 95       		.byte	-107
 1040 03f3 7F       		.byte	127
 1041 03f4 98       		.byte	-104
 1042 03f5 01       		.byte	1
 1043 03f6 99       		.byte	-103
 1044 03f7 C5       		.byte	-59
 1045 03f8 9B       		.byte	-101
 1046 03f9 3A       		.byte	58
 1047 03fa 9C       		.byte	-100
 1048 03fb 04       		.byte	4
 1049 03fc A2       		.byte	-94
 1050 03fd 02       		.byte	2
 1051 03fe A3       		.byte	-93
 1052 03ff 01       		.byte	1
 1053 0400 A4       		.byte	-92
 1054 0401 01       		.byte	1
 1055 0402 A9       		.byte	-87
 1056 0403 A3       		.byte	-93
 1057 0404 AA       		.byte	-86
 1058 0405 01       		.byte	1
 1059 0406 AB       		.byte	-85
 1060 0407 5C       		.byte	92
 1061 0408 AE       		.byte	-82
 1062 0409 08       		.byte	8
 1063 040a B0       		.byte	-80
 1064 040b 04       		.byte	4
 1065 040c B2       		.byte	-78
 1066 040d 10       		.byte	16
 1067 040e B4       		.byte	-76
 1068 040f 08       		.byte	8
 1069 0410 B6       		.byte	-74
 1070 0411 03       		.byte	3
 1071 0412 B7       		.byte	-73
 1072 0413 FF       		.byte	-1
 1073 0414 BE       		.byte	-66
 1074 0415 11       		.byte	17
 1075 0416 BF       		.byte	-65
 1076 0417 40       		.byte	64
 1077 0418 D2       		.byte	-46
 1078 0419 80       		.byte	-128
 1079 041a D4       		.byte	-44
 1080 041b 0F       		.byte	15
 1081 041c D6       		.byte	-42
 1082 041d 04       		.byte	4
 1083 041e D8       		.byte	-40
ARM GAS  C:\Users\dulan\AppData\Local\Temp\ccvycrfd.s 			page 20


 1084 041f 04       		.byte	4
 1085 0420 D9       		.byte	-39
 1086 0421 04       		.byte	4
 1087 0422 DB       		.byte	-37
 1088 0423 04       		.byte	4
 1089 0424 DC       		.byte	-36
 1090 0425 01       		.byte	1
 1091 0426 DD       		.byte	-35
 1092 0427 10       		.byte	16
 1093 0428 DF       		.byte	-33
 1094 0429 01       		.byte	1
 1095 042a 01       		.byte	1
 1096 042b 08       		.byte	8
 1097 042c 02       		.byte	2
 1098 042d 14       		.byte	20
 1099 042e 03       		.byte	3
 1100 042f 80       		.byte	-128
 1101 0430 04       		.byte	4
 1102 0431 08       		.byte	8
 1103 0432 05       		.byte	5
 1104 0433 10       		.byte	16
 1105 0434 06       		.byte	6
 1106 0435 80       		.byte	-128
 1107 0436 0A       		.byte	10
 1108 0437 10       		.byte	16
 1109 0438 0B       		.byte	11
 1110 0439 8E       		.byte	-114
 1111 043a 0F       		.byte	15
 1112 043b 14       		.byte	20
 1113 043c 10       		.byte	16
 1114 043d 10       		.byte	16
 1115 043e 12       		.byte	18
 1116 043f 80       		.byte	-128
 1117 0440 13       		.byte	19
 1118 0441 50       		.byte	80
 1119 0442 14       		.byte	20
 1120 0443 04       		.byte	4
 1121 0444 16       		.byte	22
 1122 0445 10       		.byte	16
 1123 0446 19       		.byte	25
 1124 0447 22       		.byte	34
 1125 0448 1A       		.byte	26
 1126 0449 10       		.byte	16
 1127 044a 1B       		.byte	27
 1128 044b 80       		.byte	-128
 1129 044c 1F       		.byte	31
 1130 044d 0D       		.byte	13
 1131 044e 22       		.byte	34
 1132 044f 80       		.byte	-128
 1133 0450 25       		.byte	37
 1134 0451 0C       		.byte	12
 1135 0452 27       		.byte	39
 1136 0453 40       		.byte	64
 1137 0454 2B       		.byte	43
 1138 0455 88       		.byte	-120
 1139 0456 2E       		.byte	46
 1140 0457 01       		.byte	1
ARM GAS  C:\Users\dulan\AppData\Local\Temp\ccvycrfd.s 			page 21


 1141 0458 2F       		.byte	47
 1142 0459 20       		.byte	32
 1143 045a 30       		.byte	48
 1144 045b 14       		.byte	20
 1145 045c 31       		.byte	49
 1146 045d 30       		.byte	48
 1147 045e 32       		.byte	50
 1148 045f 08       		.byte	8
 1149 0460 35       		.byte	53
 1150 0461 04       		.byte	4
 1151 0462 37       		.byte	55
 1152 0463 50       		.byte	80
 1153 0464 38       		.byte	56
 1154 0465 08       		.byte	8
 1155 0466 3A       		.byte	58
 1156 0467 84       		.byte	-124
 1157 0468 3B       		.byte	59
 1158 0469 90       		.byte	-112
 1159 046a 3C       		.byte	60
 1160 046b 02       		.byte	2
 1161 046c 3D       		.byte	61
 1162 046d 88       		.byte	-120
 1163 046e 58       		.byte	88
 1164 046f 04       		.byte	4
 1165 0470 59       		.byte	89
 1166 0471 80       		.byte	-128
 1167 0472 5B       		.byte	91
 1168 0473 22       		.byte	34
 1169 0474 63       		.byte	99
 1170 0475 80       		.byte	-128
 1171 0476 73       		.byte	115
 1172 0477 40       		.byte	64
 1173 0478 80       		.byte	-128
 1174 0479 04       		.byte	4
 1175 047a 83       		.byte	-125
 1176 047b 42       		.byte	66
 1177 047c 86       		.byte	-122
 1178 047d 02       		.byte	2
 1179 047e 90       		.byte	-112
 1180 047f 08       		.byte	8
 1181 0480 91       		.byte	-111
 1182 0481 40       		.byte	64
 1183 0482 93       		.byte	-109
 1184 0483 90       		.byte	-112
 1185 0484 99       		.byte	-103
 1186 0485 88       		.byte	-120
 1187 0486 9B       		.byte	-101
 1188 0487 20       		.byte	32
 1189 0488 9D       		.byte	-99
 1190 0489 22       		.byte	34
 1191 048a 9E       		.byte	-98
 1192 048b 02       		.byte	2
 1193 048c A0       		.byte	-96
 1194 048d 01       		.byte	1
 1195 048e A1       		.byte	-95
 1196 048f 40       		.byte	64
 1197 0490 A4       		.byte	-92
ARM GAS  C:\Users\dulan\AppData\Local\Temp\ccvycrfd.s 			page 22


 1198 0491 04       		.byte	4
 1199 0492 A6       		.byte	-90
 1200 0493 08       		.byte	8
 1201 0494 A7       		.byte	-89
 1202 0495 08       		.byte	8
 1203 0496 A8       		.byte	-88
 1204 0497 40       		.byte	64
 1205 0498 C0       		.byte	-64
 1206 0499 7E       		.byte	126
 1207 049a C2       		.byte	-62
 1208 049b 6F       		.byte	111
 1209 049c C4       		.byte	-60
 1210 049d 6F       		.byte	111
 1211 049e CA       		.byte	-54
 1212 049f C5       		.byte	-59
 1213 04a0 CC       		.byte	-52
 1214 04a1 76       		.byte	118
 1215 04a2 CE       		.byte	-50
 1216 04a3 DE       		.byte	-34
 1217 04a4 D6       		.byte	-42
 1218 04a5 0F       		.byte	15
 1219 04a6 D8       		.byte	-40
 1220 04a7 01       		.byte	1
 1221 04a8 E4       		.byte	-28
 1222 04a9 08       		.byte	8
 1223 04aa EE       		.byte	-18
 1224 04ab 01       		.byte	1
 1225 04ac A8       		.byte	-88
 1226 04ad 10       		.byte	16
 1227 04ae E4       		.byte	-28
 1228 04af 08       		.byte	8
 1229 04b0 B8       		.byte	-72
 1230 04b1 08       		.byte	8
 1231 04b2 BE       		.byte	-66
 1232 04b3 04       		.byte	4
 1233 04b4 D8       		.byte	-40
 1234 04b5 04       		.byte	4
 1235 04b6 DF       		.byte	-33
 1236 04b7 01       		.byte	1
 1237 04b8 1C       		.byte	28
 1238 04b9 10       		.byte	16
 1239 04ba E6       		.byte	-26
 1240 04bb 01       		.byte	1
 1241 04bc EA       		.byte	-22
 1242 04bd 10       		.byte	16
 1243 04be EE       		.byte	-18
 1244 04bf 01       		.byte	1
 1245 04c0 E0       		.byte	-32
 1246 04c1 10       		.byte	16
 1247 04c2 01       		.byte	1
 1248 04c3 06       		.byte	6
 1249 04c4 03       		.byte	3
 1250 04c5 01       		.byte	1
 1251 04c6 04       		.byte	4
 1252 04c7 01       		.byte	1
 1253 04c8 0E       		.byte	14
 1254 04c9 02       		.byte	2
ARM GAS  C:\Users\dulan\AppData\Local\Temp\ccvycrfd.s 			page 23


 1255 04ca 15       		.byte	21
 1256 04cb 02       		.byte	2
 1257 04cc 18       		.byte	24
 1258 04cd 02       		.byte	2
 1259 04ce 1D       		.byte	29
 1260 04cf 06       		.byte	6
 1261 04d0 1E       		.byte	30
 1262 04d1 05       		.byte	5
 1263 04d2 30       		.byte	48
 1264 04d3 01       		.byte	1
 1265 04d4 31       		.byte	49
 1266 04d5 04       		.byte	4
 1267 04d6 32       		.byte	50
 1268 04d7 04       		.byte	4
 1269 04d8 33       		.byte	51
 1270 04d9 02       		.byte	2
 1271 04da 35       		.byte	53
 1272 04db 01       		.byte	1
 1273 04dc 36       		.byte	54
 1274 04dd 02       		.byte	2
 1275 04de 39       		.byte	57
 1276 04df 0A       		.byte	10
 1277 04e0 3E       		.byte	62
 1278 04e1 41       		.byte	65
 1279 04e2 3F       		.byte	63
 1280 04e3 04       		.byte	4
 1281 04e4 40       		.byte	64
 1282 04e5 43       		.byte	67
 1283 04e6 41       		.byte	65
 1284 04e7 01       		.byte	1
 1285 04e8 49       		.byte	73
 1286 04e9 FF       		.byte	-1
 1287 04ea 4A       		.byte	74
 1288 04eb FF       		.byte	-1
 1289 04ec 4B       		.byte	75
 1290 04ed FF       		.byte	-1
 1291 04ee 4D       		.byte	77
 1292 04ef A0       		.byte	-96
 1293 04f0 4F       		.byte	79
 1294 04f1 01       		.byte	1
 1295 04f2 50       		.byte	80
 1296 04f3 18       		.byte	24
 1297 04f4 58       		.byte	88
 1298 04f5 04       		.byte	4
 1299 04f6 59       		.byte	89
 1300 04f7 04       		.byte	4
 1301 04f8 5A       		.byte	90
 1302 04f9 04       		.byte	4
 1303 04fa 5C       		.byte	92
 1304 04fb 11       		.byte	17
 1305 04fc 5D       		.byte	93
 1306 04fd 01       		.byte	1
 1307 04fe 5F       		.byte	95
 1308 04ff 01       		.byte	1
 1309 0500 60       		.byte	96
 1310 0501 40       		.byte	64
 1311 0502 62       		.byte	98
ARM GAS  C:\Users\dulan\AppData\Local\Temp\ccvycrfd.s 			page 24


 1312 0503 80       		.byte	-128
 1313 0504 64       		.byte	100
 1314 0505 40       		.byte	64
 1315 0506 65       		.byte	101
 1316 0507 40       		.byte	64
 1317 0508 66       		.byte	102
 1318 0509 80       		.byte	-128
 1319 050a 68       		.byte	104
 1320 050b 40       		.byte	64
 1321 050c 6A       		.byte	106
 1322 050d 80       		.byte	-128
 1323 050e 6C       		.byte	108
 1324 050f 40       		.byte	64
 1325 0510 6D       		.byte	109
 1326 0511 20       		.byte	32
 1327 0512 6E       		.byte	110
 1328 0513 80       		.byte	-128
 1329 0514 81       		.byte	-127
 1330 0515 94       		.byte	-108
 1331 0516 83       		.byte	-125
 1332 0517 60       		.byte	96
 1333 0518 84       		.byte	-124
 1334 0519 CC       		.byte	-52
 1335 051a 86       		.byte	-122
 1336 051b 23       		.byte	35
 1337 051c 8C       		.byte	-116
 1338 051d 85       		.byte	-123
 1339 051e 8D       		.byte	-115
 1340 051f 30       		.byte	48
 1341 0520 8E       		.byte	-114
 1342 0521 1A       		.byte	26
 1343 0522 8F       		.byte	-113
 1344 0523 C9       		.byte	-55
 1345 0524 94       		.byte	-108
 1346 0525 77       		.byte	119
 1347 0526 95       		.byte	-107
 1348 0527 73       		.byte	115
 1349 0528 98       		.byte	-104
 1350 0529 BF       		.byte	-65
 1351 052a 9A       		.byte	-102
 1352 052b 40       		.byte	64
 1353 052c 9C       		.byte	-100
 1354 052d 03       		.byte	3
 1355 052e 9E       		.byte	-98
 1356 052f FC       		.byte	-4
 1357 0530 9F       		.byte	-97
 1358 0531 0F       		.byte	15
 1359 0532 A0       		.byte	-96
 1360 0533 CA       		.byte	-54
 1361 0534 A1       		.byte	-95
 1362 0535 9E       		.byte	-98
 1363 0536 A2       		.byte	-94
 1364 0537 15       		.byte	21
 1365 0538 A3       		.byte	-93
 1366 0539 60       		.byte	96
 1367 053a A5       		.byte	-91
 1368 053b FD       		.byte	-3
ARM GAS  C:\Users\dulan\AppData\Local\Temp\ccvycrfd.s 			page 25


 1369 053c A7       		.byte	-89
 1370 053d 02       		.byte	2
 1371 053e A9       		.byte	-87
 1372 053f CF       		.byte	-49
 1373 0540 AB       		.byte	-85
 1374 0541 30       		.byte	48
 1375 0542 B2       		.byte	-78
 1376 0543 F0       		.byte	-16
 1377 0544 B3       		.byte	-77
 1378 0545 FF       		.byte	-1
 1379 0546 B4       		.byte	-76
 1380 0547 0F       		.byte	15
 1381 0548 BF       		.byte	-65
 1382 0549 04       		.byte	4
 1383 054a C0       		.byte	-64
 1384 054b 42       		.byte	66
 1385 054c C1       		.byte	-63
 1386 054d 01       		.byte	1
 1387 054e C5       		.byte	-59
 1388 054f 4C       		.byte	76
 1389 0550 C6       		.byte	-58
 1390 0551 03       		.byte	3
 1391 0552 C7       		.byte	-57
 1392 0553 2E       		.byte	46
 1393 0554 C8       		.byte	-56
 1394 0555 37       		.byte	55
 1395 0556 C9       		.byte	-55
 1396 0557 FF       		.byte	-1
 1397 0558 CA       		.byte	-54
 1398 0559 FF       		.byte	-1
 1399 055a CB       		.byte	-53
 1400 055b FF       		.byte	-1
 1401 055c CD       		.byte	-51
 1402 055d AF       		.byte	-81
 1403 055e CE       		.byte	-50
 1404 055f 07       		.byte	7
 1405 0560 CF       		.byte	-49
 1406 0561 01       		.byte	1
 1407 0562 D0       		.byte	-48
 1408 0563 18       		.byte	24
 1409 0564 D4       		.byte	-44
 1410 0565 0F       		.byte	15
 1411 0566 D8       		.byte	-40
 1412 0567 04       		.byte	4
 1413 0568 D9       		.byte	-39
 1414 0569 04       		.byte	4
 1415 056a DA       		.byte	-38
 1416 056b 04       		.byte	4
 1417 056c DB       		.byte	-37
 1418 056d 04       		.byte	4
 1419 056e DC       		.byte	-36
 1420 056f 01       		.byte	1
 1421 0570 DD       		.byte	-35
 1422 0571 11       		.byte	17
 1423 0572 DF       		.byte	-33
 1424 0573 05       		.byte	5
 1425 0574 E0       		.byte	-32
ARM GAS  C:\Users\dulan\AppData\Local\Temp\ccvycrfd.s 			page 26


 1426 0575 40       		.byte	64
 1427 0576 E2       		.byte	-30
 1428 0577 80       		.byte	-128
 1429 0578 E4       		.byte	-28
 1430 0579 40       		.byte	64
 1431 057a E5       		.byte	-27
 1432 057b 40       		.byte	64
 1433 057c E6       		.byte	-26
 1434 057d 80       		.byte	-128
 1435 057e E8       		.byte	-24
 1436 057f 40       		.byte	64
 1437 0580 EA       		.byte	-22
 1438 0581 80       		.byte	-128
 1439 0582 EC       		.byte	-20
 1440 0583 40       		.byte	64
 1441 0584 ED       		.byte	-19
 1442 0585 20       		.byte	32
 1443 0586 EE       		.byte	-18
 1444 0587 80       		.byte	-128
 1445 0588 01       		.byte	1
 1446 0589 08       		.byte	8
 1447 058a 02       		.byte	2
 1448 058b 01       		.byte	1
 1449 058c 04       		.byte	4
 1450 058d 40       		.byte	64
 1451 058e 05       		.byte	5
 1452 058f 04       		.byte	4
 1453 0590 09       		.byte	9
 1454 0591 20       		.byte	32
 1455 0592 0B       		.byte	11
 1456 0593 01       		.byte	1
 1457 0594 0D       		.byte	13
 1458 0595 08       		.byte	8
 1459 0596 0E       		.byte	14
 1460 0597 04       		.byte	4
 1461 0598 0F       		.byte	15
 1462 0599 02       		.byte	2
 1463 059a 15       		.byte	21
 1464 059b 01       		.byte	1
 1465 059c 18       		.byte	24
 1466 059d 01       		.byte	1
 1467 059e 19       		.byte	25
 1468 059f 08       		.byte	8
 1469 05a0 1A       		.byte	26
 1470 05a1 40       		.byte	64
 1471 05a2 1D       		.byte	29
 1472 05a3 04       		.byte	4
 1473 05a4 1E       		.byte	30
 1474 05a5 04       		.byte	4
 1475 05a6 1F       		.byte	31
 1476 05a7 28       		.byte	40
 1477 05a8 21       		.byte	33
 1478 05a9 25       		.byte	37
 1479 05aa 23       		.byte	35
 1480 05ab 20       		.byte	32
 1481 05ac 27       		.byte	39
 1482 05ad 10       		.byte	16
ARM GAS  C:\Users\dulan\AppData\Local\Temp\ccvycrfd.s 			page 27


 1483 05ae 2D       		.byte	45
 1484 05af 01       		.byte	1
 1485 05b0 2E       		.byte	46
 1486 05b1 01       		.byte	1
 1487 05b2 2F       		.byte	47
 1488 05b3 28       		.byte	40
 1489 05b4 31       		.byte	49
 1490 05b5 88       		.byte	-120
 1491 05b6 33       		.byte	51
 1492 05b7 04       		.byte	4
 1493 05b8 37       		.byte	55
 1494 05b9 44       		.byte	68
 1495 05ba 3A       		.byte	58
 1496 05bb 01       		.byte	1
 1497 05bc 3C       		.byte	60
 1498 05bd 42       		.byte	66
 1499 05be 3D       		.byte	61
 1500 05bf 80       		.byte	-128
 1501 05c0 3F       		.byte	63
 1502 05c1 02       		.byte	2
 1503 05c2 41       		.byte	65
 1504 05c3 04       		.byte	4
 1505 05c4 42       		.byte	66
 1506 05c5 80       		.byte	-128
 1507 05c6 43       		.byte	67
 1508 05c7 42       		.byte	66
 1509 05c8 46       		.byte	70
 1510 05c9 80       		.byte	-128
 1511 05ca 47       		.byte	71
 1512 05cb 60       		.byte	96
 1513 05cc 4F       		.byte	79
 1514 05cd 05       		.byte	5
 1515 05ce 55       		.byte	85
 1516 05cf 81       		.byte	-127
 1517 05d0 56       		.byte	86
 1518 05d1 09       		.byte	9
 1519 05d2 5C       		.byte	92
 1520 05d3 05       		.byte	5
 1521 05d4 5D       		.byte	93
 1522 05d5 20       		.byte	32
 1523 05d6 5E       		.byte	94
 1524 05d7 40       		.byte	64
 1525 05d8 66       		.byte	102
 1526 05d9 08       		.byte	8
 1527 05da 67       		.byte	103
 1528 05db 04       		.byte	4
 1529 05dc 6E       		.byte	110
 1530 05dd 10       		.byte	16
 1531 05de 6F       		.byte	111
 1532 05df 01       		.byte	1
 1533 05e0 7D       		.byte	125
 1534 05e1 08       		.byte	8
 1535 05e2 81       		.byte	-127
 1536 05e3 21       		.byte	33
 1537 05e4 87       		.byte	-121
 1538 05e5 01       		.byte	1
 1539 05e6 8E       		.byte	-114
ARM GAS  C:\Users\dulan\AppData\Local\Temp\ccvycrfd.s 			page 28


 1540 05e7 10       		.byte	16
 1541 05e8 90       		.byte	-112
 1542 05e9 04       		.byte	4
 1543 05ea 92       		.byte	-110
 1544 05eb 01       		.byte	1
 1545 05ec 95       		.byte	-107
 1546 05ed 02       		.byte	2
 1547 05ee 9B       		.byte	-101
 1548 05ef 40       		.byte	64
 1549 05f0 9D       		.byte	-99
 1550 05f1 0C       		.byte	12
 1551 05f2 9F       		.byte	-97
 1552 05f3 10       		.byte	16
 1553 05f4 A0       		.byte	-96
 1554 05f5 01       		.byte	1
 1555 05f6 A1       		.byte	-95
 1556 05f7 4C       		.byte	76
 1557 05f8 A3       		.byte	-93
 1558 05f9 02       		.byte	2
 1559 05fa A5       		.byte	-91
 1560 05fb 80       		.byte	-128
 1561 05fc A7       		.byte	-89
 1562 05fd 20       		.byte	32
 1563 05fe C0       		.byte	-64
 1564 05ff A5       		.byte	-91
 1565 0600 C2       		.byte	-62
 1566 0601 E3       		.byte	-29
 1567 0602 C4       		.byte	-60
 1568 0603 10       		.byte	16
 1569 0604 CA       		.byte	-54
 1570 0605 E0       		.byte	-32
 1571 0606 CC       		.byte	-52
 1572 0607 5A       		.byte	90
 1573 0608 CE       		.byte	-50
 1574 0609 91       		.byte	-111
 1575 060a D0       		.byte	-48
 1576 060b BB       		.byte	-69
 1577 060c D6       		.byte	-42
 1578 060d F0       		.byte	-16
 1579 060e D8       		.byte	-40
 1580 060f 60       		.byte	96
 1581 0610 DE       		.byte	-34
 1582 0611 40       		.byte	64
 1583 0612 E6       		.byte	-26
 1584 0613 10       		.byte	16
 1585 0614 01       		.byte	1
 1586 0615 0E       		.byte	14
 1587 0616 02       		.byte	2
 1588 0617 1D       		.byte	29
 1589 0618 03       		.byte	3
 1590 0619 F0       		.byte	-16
 1591 061a 04       		.byte	4
 1592 061b 11       		.byte	17
 1593 061c 05       		.byte	5
 1594 061d 7F       		.byte	127
 1595 061e 06       		.byte	6
 1596 061f 04       		.byte	4
ARM GAS  C:\Users\dulan\AppData\Local\Temp\ccvycrfd.s 			page 29


 1597 0620 0C       		.byte	12
 1598 0621 11       		.byte	17
 1599 0622 0D       		.byte	13
 1600 0623 96       		.byte	-106
 1601 0624 0E       		.byte	14
 1602 0625 08       		.byte	8
 1603 0626 0F       		.byte	15
 1604 0627 68       		.byte	104
 1605 0628 10       		.byte	16
 1606 0629 20       		.byte	32
 1607 062a 14       		.byte	20
 1608 062b 1C       		.byte	28
 1609 062c 15       		.byte	21
 1610 062d A3       		.byte	-93
 1611 062e 17       		.byte	23
 1612 062f 5C       		.byte	92
 1613 0630 1E       		.byte	30
 1614 0631 60       		.byte	96
 1615 0632 20       		.byte	32
 1616 0633 01       		.byte	1
 1617 0634 21       		.byte	33
 1618 0635 C5       		.byte	-59
 1619 0636 22       		.byte	34
 1620 0637 04       		.byte	4
 1621 0638 23       		.byte	35
 1622 0639 3A       		.byte	58
 1623 063a 24       		.byte	36
 1624 063b 0D       		.byte	13
 1625 063c 25       		.byte	37
 1626 063d FE       		.byte	-2
 1627 063e 26       		.byte	38
 1628 063f 10       		.byte	16
 1629 0640 27       		.byte	39
 1630 0641 01       		.byte	1
 1631 0642 2A       		.byte	42
 1632 0643 02       		.byte	2
 1633 0644 2B       		.byte	43
 1634 0645 01       		.byte	1
 1635 0646 30       		.byte	48
 1636 0647 40       		.byte	64
 1637 0648 32       		.byte	50
 1638 0649 03       		.byte	3
 1639 064a 33       		.byte	51
 1640 064b FF       		.byte	-1
 1641 064c 34       		.byte	52
 1642 064d 20       		.byte	32
 1643 064e 36       		.byte	54
 1644 064f 1D       		.byte	29
 1645 0650 3E       		.byte	62
 1646 0651 10       		.byte	16
 1647 0652 3F       		.byte	63
 1648 0653 04       		.byte	4
 1649 0654 58       		.byte	88
 1650 0655 04       		.byte	4
 1651 0656 59       		.byte	89
 1652 0657 04       		.byte	4
 1653 0658 5C       		.byte	92
ARM GAS  C:\Users\dulan\AppData\Local\Temp\ccvycrfd.s 			page 30


 1654 0659 01       		.byte	1
 1655 065a 5F       		.byte	95
 1656 065b 01       		.byte	1
 1657 065c 83       		.byte	-125
 1658 065d 80       		.byte	-128
 1659 065e 84       		.byte	-124
 1660 065f 01       		.byte	1
 1661 0660 85       		.byte	-123
 1662 0661 5B       		.byte	91
 1663 0662 87       		.byte	-121
 1664 0663 04       		.byte	4
 1665 0664 8B       		.byte	-117
 1666 0665 0F       		.byte	15
 1667 0666 8D       		.byte	-115
 1668 0667 08       		.byte	8
 1669 0668 8E       		.byte	-114
 1670 0669 01       		.byte	1
 1671 066a 8F       		.byte	-113
 1672 066b 01       		.byte	1
 1673 066c 95       		.byte	-107
 1674 066d 37       		.byte	55
 1675 066e 99       		.byte	-103
 1676 066f 6C       		.byte	108
 1677 0670 9A       		.byte	-102
 1678 0671 06       		.byte	6
 1679 0672 9B       		.byte	-101
 1680 0673 02       		.byte	2
 1681 0674 9C       		.byte	-100
 1682 0675 02       		.byte	2
 1683 0676 9F       		.byte	-97
 1684 0677 80       		.byte	-128
 1685 0678 A0       		.byte	-96
 1686 0679 01       		.byte	1
 1687 067a A5       		.byte	-91
 1688 067b 80       		.byte	-128
 1689 067c A9       		.byte	-87
 1690 067d 6C       		.byte	108
 1691 067e AB       		.byte	-85
 1692 067f 01       		.byte	1
 1693 0680 AE       		.byte	-82
 1694 0681 02       		.byte	2
 1695 0682 B0       		.byte	-80
 1696 0683 02       		.byte	2
 1697 0684 B3       		.byte	-77
 1698 0685 70       		.byte	112
 1699 0686 B4       		.byte	-76
 1700 0687 01       		.byte	1
 1701 0688 B5       		.byte	-75
 1702 0689 0F       		.byte	15
 1703 068a B6       		.byte	-74
 1704 068b 04       		.byte	4
 1705 068c B7       		.byte	-73
 1706 068d 80       		.byte	-128
 1707 068e B9       		.byte	-71
 1708 068f 08       		.byte	8
 1709 0690 BE       		.byte	-66
 1710 0691 11       		.byte	17
ARM GAS  C:\Users\dulan\AppData\Local\Temp\ccvycrfd.s 			page 31


 1711 0692 BF       		.byte	-65
 1712 0693 40       		.byte	64
 1713 0694 D2       		.byte	-46
 1714 0695 80       		.byte	-128
 1715 0696 D4       		.byte	-44
 1716 0697 0F       		.byte	15
 1717 0698 D6       		.byte	-42
 1718 0699 04       		.byte	4
 1719 069a D8       		.byte	-40
 1720 069b 04       		.byte	4
 1721 069c D9       		.byte	-39
 1722 069d 04       		.byte	4
 1723 069e DB       		.byte	-37
 1724 069f 04       		.byte	4
 1725 06a0 DC       		.byte	-36
 1726 06a1 11       		.byte	17
 1727 06a2 DD       		.byte	-35
 1728 06a3 10       		.byte	16
 1729 06a4 DF       		.byte	-33
 1730 06a5 01       		.byte	1
 1731 06a6 01       		.byte	1
 1732 06a7 08       		.byte	8
 1733 06a8 02       		.byte	2
 1734 06a9 01       		.byte	1
 1735 06aa 05       		.byte	5
 1736 06ab 04       		.byte	4
 1737 06ac 06       		.byte	6
 1738 06ad 82       		.byte	-126
 1739 06ae 0A       		.byte	10
 1740 06af 02       		.byte	2
 1741 06b0 0B       		.byte	11
 1742 06b1 08       		.byte	8
 1743 06b2 0D       		.byte	13
 1744 06b3 8A       		.byte	-118
 1745 06b4 10       		.byte	16
 1746 06b5 42       		.byte	66
 1747 06b6 15       		.byte	21
 1748 06b7 05       		.byte	5
 1749 06b8 17       		.byte	23
 1750 06b9 20       		.byte	32
 1751 06ba 19       		.byte	25
 1752 06bb 10       		.byte	16
 1753 06bc 1A       		.byte	26
 1754 06bd 02       		.byte	2
 1755 06be 1B       		.byte	27
 1756 06bf 02       		.byte	2
 1757 06c0 1C       		.byte	28
 1758 06c1 04       		.byte	4
 1759 06c2 1D       		.byte	29
 1760 06c3 02       		.byte	2
 1761 06c4 1E       		.byte	30
 1762 06c5 01       		.byte	1
 1763 06c6 1F       		.byte	31
 1764 06c7 04       		.byte	4
 1765 06c8 20       		.byte	32
 1766 06c9 08       		.byte	8
 1767 06ca 21       		.byte	33
ARM GAS  C:\Users\dulan\AppData\Local\Temp\ccvycrfd.s 			page 32


 1768 06cb 20       		.byte	32
 1769 06cc 22       		.byte	34
 1770 06cd 48       		.byte	72
 1771 06ce 27       		.byte	39
 1772 06cf 20       		.byte	32
 1773 06d0 29       		.byte	41
 1774 06d1 08       		.byte	8
 1775 06d2 2B       		.byte	43
 1776 06d3 08       		.byte	8
 1777 06d4 2D       		.byte	45
 1778 06d5 04       		.byte	4
 1779 06d6 2E       		.byte	46
 1780 06d7 03       		.byte	3
 1781 06d8 2F       		.byte	47
 1782 06d9 24       		.byte	36
 1783 06da 30       		.byte	48
 1784 06db 40       		.byte	64
 1785 06dc 31       		.byte	49
 1786 06dd 20       		.byte	32
 1787 06de 32       		.byte	50
 1788 06df 08       		.byte	8
 1789 06e0 33       		.byte	51
 1790 06e1 40       		.byte	64
 1791 06e2 35       		.byte	53
 1792 06e3 04       		.byte	4
 1793 06e4 38       		.byte	56
 1794 06e5 08       		.byte	8
 1795 06e6 39       		.byte	57
 1796 06e7 02       		.byte	2
 1797 06e8 3A       		.byte	58
 1798 06e9 01       		.byte	1
 1799 06ea 3B       		.byte	59
 1800 06eb 90       		.byte	-112
 1801 06ec 3C       		.byte	60
 1802 06ed 02       		.byte	2
 1803 06ee 3D       		.byte	61
 1804 06ef 89       		.byte	-119
 1805 06f0 3E       		.byte	62
 1806 06f1 84       		.byte	-124
 1807 06f2 59       		.byte	89
 1808 06f3 12       		.byte	18
 1809 06f4 5A       		.byte	90
 1810 06f5 84       		.byte	-124
 1811 06f6 63       		.byte	99
 1812 06f7 80       		.byte	-128
 1813 06f8 70       		.byte	112
 1814 06f9 02       		.byte	2
 1815 06fa 85       		.byte	-123
 1816 06fb 02       		.byte	2
 1817 06fc 87       		.byte	-121
 1818 06fd 20       		.byte	32
 1819 06fe 8D       		.byte	-115
 1820 06ff 40       		.byte	64
 1821 0700 8F       		.byte	-113
 1822 0701 40       		.byte	64
 1823 0702 90       		.byte	-112
 1824 0703 08       		.byte	8
ARM GAS  C:\Users\dulan\AppData\Local\Temp\ccvycrfd.s 			page 33


 1825 0704 91       		.byte	-111
 1826 0705 40       		.byte	64
 1827 0706 93       		.byte	-109
 1828 0707 90       		.byte	-112
 1829 0708 96       		.byte	-106
 1830 0709 01       		.byte	1
 1831 070a 9B       		.byte	-101
 1832 070b 40       		.byte	64
 1833 070c 9D       		.byte	-99
 1834 070d 04       		.byte	4
 1835 070e 9F       		.byte	-97
 1836 070f 10       		.byte	16
 1837 0710 A0       		.byte	-96
 1838 0711 01       		.byte	1
 1839 0712 A1       		.byte	-95
 1840 0713 4C       		.byte	76
 1841 0714 A3       		.byte	-93
 1842 0715 08       		.byte	8
 1843 0716 A4       		.byte	-92
 1844 0717 04       		.byte	4
 1845 0718 A5       		.byte	-91
 1846 0719 20       		.byte	32
 1847 071a A6       		.byte	-90
 1848 071b 08       		.byte	8
 1849 071c A7       		.byte	-89
 1850 071d 20       		.byte	32
 1851 071e C0       		.byte	-64
 1852 071f B5       		.byte	-75
 1853 0720 C2       		.byte	-62
 1854 0721 B3       		.byte	-77
 1855 0722 C4       		.byte	-60
 1856 0723 79       		.byte	121
 1857 0724 CA       		.byte	-54
 1858 0725 E6       		.byte	-26
 1859 0726 CC       		.byte	-52
 1860 0727 4E       		.byte	78
 1861 0728 CE       		.byte	-50
 1862 0729 DF       		.byte	-33
 1863 072a D6       		.byte	-42
 1864 072b 0F       		.byte	15
 1865 072c D8       		.byte	-40
 1866 072d 01       		.byte	1
 1867 072e E6       		.byte	-26
 1868 072f 40       		.byte	64
 1869 0730 E0       		.byte	-32
 1870 0731 40       		.byte	64
 1871 0732 31       		.byte	49
 1872 0733 20       		.byte	32
 1873 0734 37       		.byte	55
 1874 0735 10       		.byte	16
 1875 0736 80       		.byte	-128
 1876 0737 02       		.byte	2
 1877 0738 87       		.byte	-121
 1878 0739 40       		.byte	64
 1879 073a 8A       		.byte	-118
 1880 073b 01       		.byte	1
 1881 073c CC       		.byte	-52
ARM GAS  C:\Users\dulan\AppData\Local\Temp\ccvycrfd.s 			page 34


 1882 073d 30       		.byte	48
 1883 073e E2       		.byte	-30
 1884 073f 30       		.byte	48
 1885 0740 82       		.byte	-126
 1886 0741 40       		.byte	64
 1887 0742 93       		.byte	-109
 1888 0743 C0       		.byte	-64
 1889 0744 96       		.byte	-106
 1890 0745 02       		.byte	2
 1891 0746 9C       		.byte	-100
 1892 0747 40       		.byte	64
 1893 0748 9F       		.byte	-97
 1894 0749 10       		.byte	16
 1895 074a A0       		.byte	-96
 1896 074b 02       		.byte	2
 1897 074c A5       		.byte	-91
 1898 074d 20       		.byte	32
 1899 074e AC       		.byte	-84
 1900 074f 40       		.byte	64
 1901 0750 AF       		.byte	-81
 1902 0751 40       		.byte	64
 1903 0752 E0       		.byte	-32
 1904 0753 20       		.byte	32
 1905 0754 EC       		.byte	-20
 1906 0755 10       		.byte	16
 1907 0756 EE       		.byte	-18
 1908 0757 40       		.byte	64
 1909 0758 50       		.byte	80
 1910 0759 04       		.byte	4
 1911 075a 55       		.byte	85
 1912 075b 08       		.byte	8
 1913 075c 59       		.byte	89
 1914 075d 04       		.byte	4
 1915 075e 5C       		.byte	92
 1916 075f 02       		.byte	2
 1917 0760 62       		.byte	98
 1918 0761 20       		.byte	32
 1919 0762 65       		.byte	101
 1920 0763 04       		.byte	4
 1921 0764 80       		.byte	-128
 1922 0765 04       		.byte	4
 1923 0766 93       		.byte	-109
 1924 0767 C0       		.byte	-64
 1925 0768 96       		.byte	-106
 1926 0769 42       		.byte	66
 1927 076a 9C       		.byte	-100
 1928 076b 40       		.byte	64
 1929 076c 9F       		.byte	-97
 1930 076d 10       		.byte	16
 1931 076e A0       		.byte	-96
 1932 076f 02       		.byte	2
 1933 0770 A5       		.byte	-91
 1934 0771 20       		.byte	32
 1935 0772 D4       		.byte	-44
 1936 0773 60       		.byte	96
 1937 0774 D6       		.byte	-42
 1938 0775 C0       		.byte	-64
ARM GAS  C:\Users\dulan\AppData\Local\Temp\ccvycrfd.s 			page 35


 1939 0776 D8       		.byte	-40
 1940 0777 C0       		.byte	-64
 1941 0778 E6       		.byte	-26
 1942 0779 80       		.byte	-128
 1943 077a 1B       		.byte	27
 1944 077b 01       		.byte	1
 1945 077c 1E       		.byte	30
 1946 077d 40       		.byte	64
 1947 077e 83       		.byte	-125
 1948 077f 10       		.byte	16
 1949 0780 87       		.byte	-121
 1950 0781 01       		.byte	1
 1951 0782 93       		.byte	-109
 1952 0783 C0       		.byte	-64
 1953 0784 96       		.byte	-106
 1954 0785 42       		.byte	66
 1955 0786 9C       		.byte	-100
 1956 0787 40       		.byte	64
 1957 0788 9F       		.byte	-97
 1958 0789 10       		.byte	16
 1959 078a A0       		.byte	-96
 1960 078b 02       		.byte	2
 1961 078c A5       		.byte	-91
 1962 078d 20       		.byte	32
 1963 078e A8       		.byte	-88
 1964 078f 02       		.byte	2
 1965 0790 A9       		.byte	-87
 1966 0791 0C       		.byte	12
 1967 0792 AA       		.byte	-86
 1968 0793 20       		.byte	32
 1969 0794 C6       		.byte	-58
 1970 0795 30       		.byte	48
 1971 0796 E2       		.byte	-30
 1972 0797 20       		.byte	32
 1973 0798 E4       		.byte	-28
 1974 0799 10       		.byte	16
 1975 079a EA       		.byte	-22
 1976 079b 80       		.byte	-128
 1977 079c EE       		.byte	-18
 1978 079d 80       		.byte	-128
 1979 079e 14       		.byte	20
 1980 079f 80       		.byte	-128
 1981 07a0 2A       		.byte	42
 1982 07a1 10       		.byte	16
 1983 07a2 76       		.byte	118
 1984 07a3 40       		.byte	64
 1985 07a4 8C       		.byte	-116
 1986 07a5 04       		.byte	4
 1987 07a6 C4       		.byte	-60
 1988 07a7 04       		.byte	4
 1989 07a8 CA       		.byte	-54
 1990 07a9 08       		.byte	8
 1991 07aa DE       		.byte	-34
 1992 07ab 04       		.byte	4
 1993 07ac E0       		.byte	-32
 1994 07ad 08       		.byte	8
 1995 07ae 12       		.byte	18
ARM GAS  C:\Users\dulan\AppData\Local\Temp\ccvycrfd.s 			page 36


 1996 07af 40       		.byte	64
 1997 07b0 90       		.byte	-112
 1998 07b1 08       		.byte	8
 1999 07b2 98       		.byte	-104
 2000 07b3 80       		.byte	-128
 2001 07b4 9A       		.byte	-102
 2002 07b5 10       		.byte	16
 2003 07b6 9E       		.byte	-98
 2004 07b7 40       		.byte	64
 2005 07b8 A5       		.byte	-91
 2006 07b9 01       		.byte	1
 2007 07ba A9       		.byte	-87
 2008 07bb 01       		.byte	1
 2009 07bc C4       		.byte	-60
 2010 07bd 08       		.byte	8
 2011 07be 03       		.byte	3
 2012 07bf 08       		.byte	8
 2013 07c0 50       		.byte	80
 2014 07c1 04       		.byte	4
 2015 07c2 56       		.byte	86
 2016 07c3 10       		.byte	16
 2017 07c4 83       		.byte	-125
 2018 07c5 08       		.byte	8
 2019 07c6 90       		.byte	-112
 2020 07c7 08       		.byte	8
 2021 07c8 9A       		.byte	-102
 2022 07c9 10       		.byte	16
 2023 07ca A5       		.byte	-91
 2024 07cb 01       		.byte	1
 2025 07cc B4       		.byte	-76
 2026 07cd 80       		.byte	-128
 2027 07ce C0       		.byte	-64
 2028 07cf 02       		.byte	2
 2029 07d0 D4       		.byte	-44
 2030 07d1 06       		.byte	6
 2031 07d2 EA       		.byte	-22
 2032 07d3 08       		.byte	8
 2033 07d4 00       		.byte	0
 2034 07d5 02       		.byte	2
 2035 07d6 87       		.byte	-121
 2036 07d7 04       		.byte	4
 2037 07d8 A5       		.byte	-91
 2038 07d9 01       		.byte	1
 2039 07da C0       		.byte	-64
 2040 07db 08       		.byte	8
 2041 07dc 53       		.byte	83
 2042 07dd 40       		.byte	64
 2043 07de 56       		.byte	86
 2044 07df 80       		.byte	-128
 2045 07e0 5A       		.byte	90
 2046 07e1 40       		.byte	64
 2047 07e2 5F       		.byte	95
 2048 07e3 40       		.byte	64
 2049 07e4 8D       		.byte	-115
 2050 07e5 20       		.byte	32
 2051 07e6 92       		.byte	-110
 2052 07e7 40       		.byte	64
ARM GAS  C:\Users\dulan\AppData\Local\Temp\ccvycrfd.s 			page 37


 2053 07e8 93       		.byte	-109
 2054 07e9 C0       		.byte	-64
 2055 07ea 96       		.byte	-106
 2056 07eb 02       		.byte	2
 2057 07ec 9C       		.byte	-100
 2058 07ed 40       		.byte	64
 2059 07ee A0       		.byte	-96
 2060 07ef 02       		.byte	2
 2061 07f0 A5       		.byte	-91
 2062 07f1 20       		.byte	32
 2063 07f2 D4       		.byte	-44
 2064 07f3 E0       		.byte	-32
 2065 07f4 D6       		.byte	-42
 2066 07f5 20       		.byte	32
 2067 07f6 0A       		.byte	10
 2068 07f7 02       		.byte	2
 2069 07f8 0C       		.byte	12
 2070 07f9 40       		.byte	64
 2071 07fa 70       		.byte	112
 2072 07fb 02       		.byte	2
 2073 07fc 77       		.byte	119
 2074 07fd 80       		.byte	-128
 2075 07fe 87       		.byte	-121
 2076 07ff 80       		.byte	-128
 2077 0800 8E       		.byte	-114
 2078 0801 80       		.byte	-128
 2079 0802 96       		.byte	-106
 2080 0803 02       		.byte	2
 2081 0804 9C       		.byte	-100
 2082 0805 40       		.byte	64
 2083 0806 9E       		.byte	-98
 2084 0807 80       		.byte	-128
 2085 0808 A0       		.byte	-96
 2086 0809 02       		.byte	2
 2087 080a C2       		.byte	-62
 2088 080b C0       		.byte	-64
 2089 080c DC       		.byte	-36
 2090 080d 80       		.byte	-128
 2091 080e DE       		.byte	-34
 2092 080f 20       		.byte	32
 2093 0810 E2       		.byte	-30
 2094 0811 40       		.byte	64
 2095 0812 5D       		.byte	93
 2096 0813 08       		.byte	8
 2097 0814 67       		.byte	103
 2098 0815 08       		.byte	8
 2099 0816 74       		.byte	116
 2100 0817 01       		.byte	1
 2101 0818 8D       		.byte	-115
 2102 0819 08       		.byte	8
 2103 081a 93       		.byte	-109
 2104 081b 08       		.byte	8
 2105 081c A0       		.byte	-96
 2106 081d 01       		.byte	1
 2107 081e A5       		.byte	-91
 2108 081f 01       		.byte	1
 2109 0820 D6       		.byte	-42
ARM GAS  C:\Users\dulan\AppData\Local\Temp\ccvycrfd.s 			page 38


 2110 0821 01       		.byte	1
 2111 0822 D8       		.byte	-40
 2112 0823 01       		.byte	1
 2113 0824 DE       		.byte	-34
 2114 0825 04       		.byte	4
 2115 0826 E0       		.byte	-32
 2116 0827 02       		.byte	2
 2117 0828 11       		.byte	17
 2118 0829 02       		.byte	2
 2119 082a A5       		.byte	-91
 2120 082b 01       		.byte	1
 2121 082c C4       		.byte	-60
 2122 082d 08       		.byte	8
 2123 082e 00       		.byte	0
 2124 082f 02       		.byte	2
 2125 0830 01       		.byte	1
 2126 0831 01       		.byte	1
 2127 0832 08       		.byte	8
 2128 0833 02       		.byte	2
 2129 0834 09       		.byte	9
 2130 0835 01       		.byte	1
 2131 0836 0A       		.byte	10
 2132 0837 02       		.byte	2
 2133 0838 10       		.byte	16
 2134 0839 02       		.byte	2
 2135 083a 1A       		.byte	26
 2136 083b 02       		.byte	2
 2137 083c 00       		.byte	0
 2138 083d 0F       		.byte	15
 2139 083e 00       		.byte	0
 2140 083f 00       		.byte	0
 2141 0840 60       		.byte	96
 2142 0841 1F       		.byte	31
 2143 0842 1F       		.byte	31
 2144 0843 00       		.byte	0
 2145 0844 1F       		.byte	31
 2146 0845 00       		.byte	0
 2147 0846 00       		.byte	0
 2148 0847 00       		.byte	0
 2149 0848 00       		.byte	0
 2150 0849 00       		.byte	0
 2151 084a 40       		.byte	64
 2152 084b 3F       		.byte	63
 2153 084c 3F       		.byte	63
 2154 084d 00       		.byte	0
 2155 084e 7F       		.byte	127
 2156 084f 00       		.byte	0
 2157 0850 00       		.byte	0
 2158 0851 00       		.byte	0
 2159 0852 00       		.byte	0
 2160 0853 00       		.byte	0
 2161 0854 00       		.byte	0
 2162 0855 CB       		.byte	-53
 2163 0856 CB       		.byte	-53
 2164 0857 00       		.byte	0
 2165 0858 C0       		.byte	-64
 2166 0859 00       		.byte	0
ARM GAS  C:\Users\dulan\AppData\Local\Temp\ccvycrfd.s 			page 39


 2167 085a 00       		.byte	0
 2168 085b 00       		.byte	0
 2169 085c 00       		.byte	0
 2170 085d 07       		.byte	7
 2171 085e 07       		.byte	7
 2172 085f 00       		.byte	0
 2173 0860 00       		.byte	0
 2174 0861 00       		.byte	0
 2175 0862 00       		.byte	0
 2176 0863 00       		.byte	0
 2177 0864 C0       		.byte	-64
 2178 0865 00       		.byte	0
 2179 0866 00       		.byte	0
 2180 0867 00       		.byte	0
 2181 0868 00       		.byte	0
 2182 0869 00       		.byte	0
 2183 086a 0F       		.byte	15
 2184 086b 00       		.byte	0
 2185 086c 2F       		.byte	47
 2186 086d 00       		.byte	0
 2187 086e 1C       		.byte	28
 2188 086f 01       		.byte	1
 2189              		.section	.cywolatch,"a",%progbits
 2190              		.align	2
 2191              		.type	cy_meta_wonvl, %object
 2192              		.size	cy_meta_wonvl, 4
 2193              	cy_meta_wonvl:
 2194 0000 BC       		.byte	-68
 2195 0001 90       		.byte	-112
 2196 0002 AC       		.byte	-84
 2197 0003 AF       		.byte	-81
 2198              		.section	.cycustnvl,"a",%progbits
 2199              		.align	2
 2200              		.type	cy_meta_custnvl, %object
 2201              		.size	cy_meta_custnvl, 4
 2202              	cy_meta_custnvl:
 2203 0000 00       		.byte	0
 2204 0001 00       		.byte	0
 2205 0002 40       		.byte	64
 2206 0003 05       		.byte	5
 2207              		.section	.cymeta,"a",%progbits
 2208              		.align	2
 2209              		.type	cy_metadata, %object
 2210              		.size	cy_metadata, 12
 2211              	cy_metadata:
 2212 0000 00       		.byte	0
 2213 0001 01       		.byte	1
 2214 0002 2E       		.byte	46
 2215 0003 16       		.byte	22
 2216 0004 10       		.byte	16
 2217 0005 69       		.byte	105
 2218 0006 00       		.byte	0
 2219 0007 01       		.byte	1
 2220 0008 00       		.byte	0
 2221 0009 00       		.byte	0
 2222 000a 00       		.byte	0
 2223 000b 00       		.byte	0
ARM GAS  C:\Users\dulan\AppData\Local\Temp\ccvycrfd.s 			page 40


 2224              		.section	.cyflashprotect,"a",%progbits
 2225              		.align	2
 2226              		.type	cy_meta_flashprotect, %object
 2227              		.size	cy_meta_flashprotect, 256
 2228              	cy_meta_flashprotect:
 2229 0000 00000000 		.space	256
 2229      00000000 
 2229      00000000 
 2229      00000000 
 2229      00000000 
 2230              		.text
 2231              	.Letext0:
 2232              		.file 1 "c:\\program files (x86)\\cypress\\psoc creator\\4.4\\psoc creator\\import\\gnu\\arm\\5.4.
 2233              		.file 2 "c:\\program files (x86)\\cypress\\psoc creator\\4.4\\psoc creator\\import\\gnu\\arm\\5.4.
 2234              		.file 3 "Generated_Source\\PSoC5\\cymetadata.c"
 2235              		.section	.debug_info,"",%progbits
 2236              	.Ldebug_info0:
 2237 0000 35010000 		.4byte	0x135
 2238 0004 0400     		.2byte	0x4
 2239 0006 00000000 		.4byte	.Ldebug_abbrev0
 2240 000a 04       		.byte	0x4
 2241 000b 01       		.uleb128 0x1
 2242 000c 8F000000 		.4byte	.LASF17
 2243 0010 0C       		.byte	0xc
 2244 0011 E9010000 		.4byte	.LASF18
 2245 0015 0A000000 		.4byte	.LASF19
 2246 0019 00000000 		.4byte	.Ldebug_line0
 2247 001d 02       		.uleb128 0x2
 2248 001e 01       		.byte	0x1
 2249 001f 06       		.byte	0x6
 2250 0020 DD010000 		.4byte	.LASF0
 2251 0024 03       		.uleb128 0x3
 2252 0025 00000000 		.4byte	.LASF9
 2253 0029 01       		.byte	0x1
 2254 002a 1D       		.byte	0x1d
 2255 002b 2F000000 		.4byte	0x2f
 2256 002f 02       		.uleb128 0x2
 2257 0030 01       		.byte	0x1
 2258 0031 08       		.byte	0x8
 2259 0032 81000000 		.4byte	.LASF1
 2260 0036 02       		.uleb128 0x2
 2261 0037 02       		.byte	0x2
 2262 0038 05       		.byte	0x5
 2263 0039 CA010000 		.4byte	.LASF2
 2264 003d 02       		.uleb128 0x2
 2265 003e 02       		.byte	0x2
 2266 003f 07       		.byte	0x7
 2267 0040 2F010000 		.4byte	.LASF3
 2268 0044 02       		.uleb128 0x2
 2269 0045 04       		.byte	0x4
 2270 0046 05       		.byte	0x5
 2271 0047 D4010000 		.4byte	.LASF4
 2272 004b 02       		.uleb128 0x2
 2273 004c 04       		.byte	0x4
 2274 004d 07       		.byte	0x7
 2275 004e 1D010000 		.4byte	.LASF5
 2276 0052 02       		.uleb128 0x2
ARM GAS  C:\Users\dulan\AppData\Local\Temp\ccvycrfd.s 			page 41


 2277 0053 08       		.byte	0x8
 2278 0054 05       		.byte	0x5
 2279 0055 BC010000 		.4byte	.LASF6
 2280 0059 02       		.uleb128 0x2
 2281 005a 08       		.byte	0x8
 2282 005b 07       		.byte	0x7
 2283 005c 71010000 		.4byte	.LASF7
 2284 0060 04       		.uleb128 0x4
 2285 0061 04       		.byte	0x4
 2286 0062 05       		.byte	0x5
 2287 0063 696E7400 		.ascii	"int\000"
 2288 0067 02       		.uleb128 0x2
 2289 0068 04       		.byte	0x4
 2290 0069 07       		.byte	0x7
 2291 006a 64010000 		.4byte	.LASF8
 2292 006e 03       		.uleb128 0x3
 2293 006f 88010000 		.4byte	.LASF10
 2294 0073 02       		.byte	0x2
 2295 0074 18       		.byte	0x18
 2296 0075 24000000 		.4byte	0x24
 2297 0079 05       		.uleb128 0x5
 2298 007a 91000000 		.4byte	0x91
 2299 007e 8A000000 		.4byte	0x8a
 2300 0082 06       		.uleb128 0x6
 2301 0083 8A000000 		.4byte	0x8a
 2302 0087 6F08     		.2byte	0x86f
 2303 0089 00       		.byte	0
 2304 008a 02       		.uleb128 0x2
 2305 008b 04       		.byte	0x4
 2306 008c 07       		.byte	0x7
 2307 008d B3010000 		.4byte	.LASF11
 2308 0091 07       		.uleb128 0x7
 2309 0092 6E000000 		.4byte	0x6e
 2310 0096 08       		.uleb128 0x8
 2311 0097 52010000 		.4byte	.LASF12
 2312 009b 03       		.byte	0x3
 2313 009c 1F       		.byte	0x1f
 2314 009d A7000000 		.4byte	0xa7
 2315 00a1 05       		.uleb128 0x5
 2316 00a2 03       		.byte	0x3
 2317 00a3 00000000 		.4byte	cy_meta_configecc
 2318 00a7 07       		.uleb128 0x7
 2319 00a8 79000000 		.4byte	0x79
 2320 00ac 05       		.uleb128 0x5
 2321 00ad 91000000 		.4byte	0x91
 2322 00b1 BC000000 		.4byte	0xbc
 2323 00b5 09       		.uleb128 0x9
 2324 00b6 8A000000 		.4byte	0x8a
 2325 00ba 03       		.byte	0x3
 2326 00bb 00       		.byte	0
 2327 00bc 0A       		.uleb128 0xa
 2328 00bd 42010000 		.4byte	.LASF13
 2329 00c1 03       		.byte	0x3
 2330 00c2 3A01     		.2byte	0x13a
 2331 00c4 CE000000 		.4byte	0xce
 2332 00c8 05       		.uleb128 0x5
 2333 00c9 03       		.byte	0x3
ARM GAS  C:\Users\dulan\AppData\Local\Temp\ccvycrfd.s 			page 42


 2334 00ca 00000000 		.4byte	cy_meta_custnvl
 2335 00ce 07       		.uleb128 0x7
 2336 00cf AC000000 		.4byte	0xac
 2337 00d3 0A       		.uleb128 0xa
 2338 00d4 A5010000 		.4byte	.LASF14
 2339 00d8 03       		.byte	0x3
 2340 00d9 4801     		.2byte	0x148
 2341 00db E5000000 		.4byte	0xe5
 2342 00df 05       		.uleb128 0x5
 2343 00e0 03       		.byte	0x3
 2344 00e1 00000000 		.4byte	cy_meta_wonvl
 2345 00e5 07       		.uleb128 0x7
 2346 00e6 AC000000 		.4byte	0xac
 2347 00ea 05       		.uleb128 0x5
 2348 00eb 91000000 		.4byte	0x91
 2349 00ef FA000000 		.4byte	0xfa
 2350 00f3 09       		.uleb128 0x9
 2351 00f4 8A000000 		.4byte	0x8a
 2352 00f8 FF       		.byte	0xff
 2353 00f9 00       		.byte	0
 2354 00fa 0A       		.uleb128 0xa
 2355 00fb 90010000 		.4byte	.LASF15
 2356 00ff 03       		.byte	0x3
 2357 0100 5601     		.2byte	0x156
 2358 0102 0C010000 		.4byte	0x10c
 2359 0106 05       		.uleb128 0x5
 2360 0107 03       		.byte	0x3
 2361 0108 00000000 		.4byte	cy_meta_flashprotect
 2362 010c 07       		.uleb128 0x7
 2363 010d EA000000 		.4byte	0xea
 2364 0111 05       		.uleb128 0x5
 2365 0112 91000000 		.4byte	0x91
 2366 0116 21010000 		.4byte	0x121
 2367 011a 09       		.uleb128 0x9
 2368 011b 8A000000 		.4byte	0x8a
 2369 011f 0B       		.byte	0xb
 2370 0120 00       		.byte	0
 2371 0121 0A       		.uleb128 0xa
 2372 0122 75000000 		.4byte	.LASF16
 2373 0126 03       		.byte	0x3
 2374 0127 8301     		.2byte	0x183
 2375 0129 33010000 		.4byte	0x133
 2376 012d 05       		.uleb128 0x5
 2377 012e 03       		.byte	0x3
 2378 012f 00000000 		.4byte	cy_metadata
 2379 0133 07       		.uleb128 0x7
 2380 0134 11010000 		.4byte	0x111
 2381 0138 00       		.byte	0
 2382              		.section	.debug_abbrev,"",%progbits
 2383              	.Ldebug_abbrev0:
 2384 0000 01       		.uleb128 0x1
 2385 0001 11       		.uleb128 0x11
 2386 0002 01       		.byte	0x1
 2387 0003 25       		.uleb128 0x25
 2388 0004 0E       		.uleb128 0xe
 2389 0005 13       		.uleb128 0x13
 2390 0006 0B       		.uleb128 0xb
ARM GAS  C:\Users\dulan\AppData\Local\Temp\ccvycrfd.s 			page 43


 2391 0007 03       		.uleb128 0x3
 2392 0008 0E       		.uleb128 0xe
 2393 0009 1B       		.uleb128 0x1b
 2394 000a 0E       		.uleb128 0xe
 2395 000b 10       		.uleb128 0x10
 2396 000c 17       		.uleb128 0x17
 2397 000d 00       		.byte	0
 2398 000e 00       		.byte	0
 2399 000f 02       		.uleb128 0x2
 2400 0010 24       		.uleb128 0x24
 2401 0011 00       		.byte	0
 2402 0012 0B       		.uleb128 0xb
 2403 0013 0B       		.uleb128 0xb
 2404 0014 3E       		.uleb128 0x3e
 2405 0015 0B       		.uleb128 0xb
 2406 0016 03       		.uleb128 0x3
 2407 0017 0E       		.uleb128 0xe
 2408 0018 00       		.byte	0
 2409 0019 00       		.byte	0
 2410 001a 03       		.uleb128 0x3
 2411 001b 16       		.uleb128 0x16
 2412 001c 00       		.byte	0
 2413 001d 03       		.uleb128 0x3
 2414 001e 0E       		.uleb128 0xe
 2415 001f 3A       		.uleb128 0x3a
 2416 0020 0B       		.uleb128 0xb
 2417 0021 3B       		.uleb128 0x3b
 2418 0022 0B       		.uleb128 0xb
 2419 0023 49       		.uleb128 0x49
 2420 0024 13       		.uleb128 0x13
 2421 0025 00       		.byte	0
 2422 0026 00       		.byte	0
 2423 0027 04       		.uleb128 0x4
 2424 0028 24       		.uleb128 0x24
 2425 0029 00       		.byte	0
 2426 002a 0B       		.uleb128 0xb
 2427 002b 0B       		.uleb128 0xb
 2428 002c 3E       		.uleb128 0x3e
 2429 002d 0B       		.uleb128 0xb
 2430 002e 03       		.uleb128 0x3
 2431 002f 08       		.uleb128 0x8
 2432 0030 00       		.byte	0
 2433 0031 00       		.byte	0
 2434 0032 05       		.uleb128 0x5
 2435 0033 01       		.uleb128 0x1
 2436 0034 01       		.byte	0x1
 2437 0035 49       		.uleb128 0x49
 2438 0036 13       		.uleb128 0x13
 2439 0037 01       		.uleb128 0x1
 2440 0038 13       		.uleb128 0x13
 2441 0039 00       		.byte	0
 2442 003a 00       		.byte	0
 2443 003b 06       		.uleb128 0x6
 2444 003c 21       		.uleb128 0x21
 2445 003d 00       		.byte	0
 2446 003e 49       		.uleb128 0x49
 2447 003f 13       		.uleb128 0x13
ARM GAS  C:\Users\dulan\AppData\Local\Temp\ccvycrfd.s 			page 44


 2448 0040 2F       		.uleb128 0x2f
 2449 0041 05       		.uleb128 0x5
 2450 0042 00       		.byte	0
 2451 0043 00       		.byte	0
 2452 0044 07       		.uleb128 0x7
 2453 0045 26       		.uleb128 0x26
 2454 0046 00       		.byte	0
 2455 0047 49       		.uleb128 0x49
 2456 0048 13       		.uleb128 0x13
 2457 0049 00       		.byte	0
 2458 004a 00       		.byte	0
 2459 004b 08       		.uleb128 0x8
 2460 004c 34       		.uleb128 0x34
 2461 004d 00       		.byte	0
 2462 004e 03       		.uleb128 0x3
 2463 004f 0E       		.uleb128 0xe
 2464 0050 3A       		.uleb128 0x3a
 2465 0051 0B       		.uleb128 0xb
 2466 0052 3B       		.uleb128 0x3b
 2467 0053 0B       		.uleb128 0xb
 2468 0054 49       		.uleb128 0x49
 2469 0055 13       		.uleb128 0x13
 2470 0056 3F       		.uleb128 0x3f
 2471 0057 19       		.uleb128 0x19
 2472 0058 02       		.uleb128 0x2
 2473 0059 18       		.uleb128 0x18
 2474 005a 00       		.byte	0
 2475 005b 00       		.byte	0
 2476 005c 09       		.uleb128 0x9
 2477 005d 21       		.uleb128 0x21
 2478 005e 00       		.byte	0
 2479 005f 49       		.uleb128 0x49
 2480 0060 13       		.uleb128 0x13
 2481 0061 2F       		.uleb128 0x2f
 2482 0062 0B       		.uleb128 0xb
 2483 0063 00       		.byte	0
 2484 0064 00       		.byte	0
 2485 0065 0A       		.uleb128 0xa
 2486 0066 34       		.uleb128 0x34
 2487 0067 00       		.byte	0
 2488 0068 03       		.uleb128 0x3
 2489 0069 0E       		.uleb128 0xe
 2490 006a 3A       		.uleb128 0x3a
 2491 006b 0B       		.uleb128 0xb
 2492 006c 3B       		.uleb128 0x3b
 2493 006d 05       		.uleb128 0x5
 2494 006e 49       		.uleb128 0x49
 2495 006f 13       		.uleb128 0x13
 2496 0070 3F       		.uleb128 0x3f
 2497 0071 19       		.uleb128 0x19
 2498 0072 02       		.uleb128 0x2
 2499 0073 18       		.uleb128 0x18
 2500 0074 00       		.byte	0
 2501 0075 00       		.byte	0
 2502 0076 00       		.byte	0
 2503              		.section	.debug_aranges,"",%progbits
 2504 0000 14000000 		.4byte	0x14
ARM GAS  C:\Users\dulan\AppData\Local\Temp\ccvycrfd.s 			page 45


 2505 0004 0200     		.2byte	0x2
 2506 0006 00000000 		.4byte	.Ldebug_info0
 2507 000a 04       		.byte	0x4
 2508 000b 00       		.byte	0
 2509 000c 0000     		.2byte	0
 2510 000e 0000     		.2byte	0
 2511 0010 00000000 		.4byte	0
 2512 0014 00000000 		.4byte	0
 2513              		.section	.debug_line,"",%progbits
 2514              	.Ldebug_line0:
 2515 0000 3D010000 		.section	.debug_str,"MS",%progbits,1
 2515      02003701 
 2515      00000201 
 2515      FB0E0D00 
 2515      01010101 
 2516              	.LASF9:
 2517 0000 5F5F7569 		.ascii	"__uint8_t\000"
 2517      6E74385F 
 2517      7400
 2518              	.LASF19:
 2519 000a 433A5C55 		.ascii	"C:\\Users\\dulan\\OneDrive\\Desktop\\ENGGEN\\2023_s"
 2519      73657273 
 2519      5C64756C 
 2519      616E5C4F 
 2519      6E654472 
 2520 0037 656D325C 		.ascii	"em2\\301\\COMPSYS301\\Dulanya\\CS301_15.cydsn\\Addi"
 2520      3330315C 
 2520      434F4D50 
 2520      53595333 
 2520      30315C44 
 2521 0065 74696F6E 		.ascii	"tional_HD.cydsn\000"
 2521      616C5F48 
 2521      442E6379 
 2521      64736E00 
 2522              	.LASF16:
 2523 0075 63795F6D 		.ascii	"cy_metadata\000"
 2523      65746164 
 2523      61746100 
 2524              	.LASF1:
 2525 0081 756E7369 		.ascii	"unsigned char\000"
 2525      676E6564 
 2525      20636861 
 2525      7200
 2526              	.LASF17:
 2527 008f 474E5520 		.ascii	"GNU C11 5.4.1 20160609 (release) [ARM/embedded-5-br"
 2527      43313120 
 2527      352E342E 
 2527      31203230 
 2527      31363036 
 2528 00c2 616E6368 		.ascii	"anch revision 237715] -mcpu=cortex-m3 -mthumb -g -O"
 2528      20726576 
 2528      6973696F 
 2528      6E203233 
 2528      37373135 
 2529 00f5 67202D66 		.ascii	"g -ffunction-sections -ffat-lto-objects\000"
 2529      66756E63 
 2529      74696F6E 
ARM GAS  C:\Users\dulan\AppData\Local\Temp\ccvycrfd.s 			page 46


 2529      2D736563 
 2529      74696F6E 
 2530              	.LASF5:
 2531 011d 6C6F6E67 		.ascii	"long unsigned int\000"
 2531      20756E73 
 2531      69676E65 
 2531      6420696E 
 2531      7400
 2532              	.LASF3:
 2533 012f 73686F72 		.ascii	"short unsigned int\000"
 2533      7420756E 
 2533      7369676E 
 2533      65642069 
 2533      6E7400
 2534              	.LASF13:
 2535 0142 63795F6D 		.ascii	"cy_meta_custnvl\000"
 2535      6574615F 
 2535      63757374 
 2535      6E766C00 
 2536              	.LASF12:
 2537 0152 63795F6D 		.ascii	"cy_meta_configecc\000"
 2537      6574615F 
 2537      636F6E66 
 2537      69676563 
 2537      6300
 2538              	.LASF8:
 2539 0164 756E7369 		.ascii	"unsigned int\000"
 2539      676E6564 
 2539      20696E74 
 2539      00
 2540              	.LASF7:
 2541 0171 6C6F6E67 		.ascii	"long long unsigned int\000"
 2541      206C6F6E 
 2541      6720756E 
 2541      7369676E 
 2541      65642069 
 2542              	.LASF10:
 2543 0188 75696E74 		.ascii	"uint8_t\000"
 2543      385F7400 
 2544              	.LASF15:
 2545 0190 63795F6D 		.ascii	"cy_meta_flashprotect\000"
 2545      6574615F 
 2545      666C6173 
 2545      6870726F 
 2545      74656374 
 2546              	.LASF14:
 2547 01a5 63795F6D 		.ascii	"cy_meta_wonvl\000"
 2547      6574615F 
 2547      776F6E76 
 2547      6C00
 2548              	.LASF11:
 2549 01b3 73697A65 		.ascii	"sizetype\000"
 2549      74797065 
 2549      00
 2550              	.LASF6:
 2551 01bc 6C6F6E67 		.ascii	"long long int\000"
 2551      206C6F6E 
ARM GAS  C:\Users\dulan\AppData\Local\Temp\ccvycrfd.s 			page 47


 2551      6720696E 
 2551      7400
 2552              	.LASF2:
 2553 01ca 73686F72 		.ascii	"short int\000"
 2553      7420696E 
 2553      7400
 2554              	.LASF4:
 2555 01d4 6C6F6E67 		.ascii	"long int\000"
 2555      20696E74 
 2555      00
 2556              	.LASF0:
 2557 01dd 7369676E 		.ascii	"signed char\000"
 2557      65642063 
 2557      68617200 
 2558              	.LASF18:
 2559 01e9 47656E65 		.ascii	"Generated_Source\\PSoC5\\cymetadata.c\000"
 2559      72617465 
 2559      645F536F 
 2559      75726365 
 2559      5C50536F 
 2560              		.ident	"GCC: (GNU Tools for ARM Embedded Processors) 5.4.1 20160609 (release) [ARM/embedded-5-bran
